Using CUDA...
Writing logs to logs/CNN_bn_epochs=50_dropout=0.5_bs=32_lr=0.001_momentum=0.9_mode=LMC_run_2
epoch: [0], step: [299/1581], batch loss: 3.24913, batch accuracy: 0.00, data load time: 0.00190, step time: 0.01463,
epoch: [0], step: [599/1581], batch loss: 7.03934, batch accuracy: 0.00, data load time: 0.00194, step time: 0.01412,
epoch: [0], step: [899/1581], batch loss: 11.90041, batch accuracy: 0.00, data load time: 0.13792, step time: 0.01066,
epoch: [0], step: [1199/1581], batch loss: 3.36868, batch accuracy: 9.38, data load time: 0.00297, step time: 0.01080,
epoch: [0], step: [1499/1581], batch loss: 1.31558, batch accuracy: 84.38, data load time: 0.00048, step time: 0.01169,
epoch: [1], step: [218/1581], batch loss: 6.78372, batch accuracy: 0.00, data load time: 0.00806, step time: 0.01448,
epoch: [1], step: [518/1581], batch loss: 12.91278, batch accuracy: 0.00, data load time: 0.00064, step time: 0.01057,
epoch: [1], step: [818/1581], batch loss: 2.57900, batch accuracy: 0.00, data load time: 0.00386, step time: 0.01043,
epoch: [1], step: [1118/1581], batch loss: 0.57742, batch accuracy: 100.00, data load time: 0.00790, step time: 0.01761,
epoch: [1], step: [1418/1581], batch loss: 9.52311, batch accuracy: 0.00, data load time: 0.00037, step time: 0.01109,
epoch: [2], step: [137/1581], batch loss: 0.48661, batch accuracy: 96.88, data load time: 0.00034, step time: 0.01130,
epoch: [2], step: [437/1581], batch loss: 6.26870, batch accuracy: 0.00, data load time: 0.00039, step time: 0.01181,
epoch: [2], step: [737/1581], batch loss: 9.49571, batch accuracy: 0.00, data load time: 0.27383, step time: 0.01058,
epoch: [2], step: [1037/1581], batch loss: 8.58238, batch accuracy: 0.00, data load time: 0.00742, step time: 0.01026,
epoch: [2], step: [1337/1581], batch loss: 5.50410, batch accuracy: 0.00, data load time: 0.00046, step time: 0.02113,
epoch: [3], step: [56/1581], batch loss: 6.18462, batch accuracy: 0.00, data load time: 0.00687, step time: 0.02174,
epoch: [3], step: [356/1581], batch loss: 0.04662, batch accuracy: 100.00, data load time: 0.00353, step time: 0.02288,
epoch: [3], step: [656/1581], batch loss: 7.50986, batch accuracy: 0.00, data load time: 0.00381, step time: 0.02290,
epoch: [3], step: [956/1581], batch loss: 1.13478, batch accuracy: 34.38, data load time: 0.00321, step time: 0.01499,
epoch: [3], step: [1256/1581], batch loss: 5.79326, batch accuracy: 0.00, data load time: 0.00029, step time: 0.01573,
epoch: [3], step: [1556/1581], batch loss: 0.92000, batch accuracy: 68.75, data load time: 0.00013, step time: 0.01174,
epoch: [4], step: [275/1581], batch loss: 2.74620, batch accuracy: 0.00, data load time: 0.00034, step time: 0.01412,
epoch: [4], step: [575/1581], batch loss: 1.68503, batch accuracy: 28.12, data load time: 0.00047, step time: 0.01340,
epoch: [4], step: [875/1581], batch loss: 3.87950, batch accuracy: 50.00, data load time: 0.01371, step time: 0.01054,
epoch: [4], step: [1175/1581], batch loss: 3.53741, batch accuracy: 15.62, data load time: 0.00470, step time: 0.01426,
epoch: [4], step: [1475/1581], batch loss: 4.45190, batch accuracy: 0.00, data load time: 0.00032, step time: 0.01044,
validation loss: 3.80359, accuracy: 19.80, class_accuracy: [0.0, 0.0, 25.072046109510087, 18.938053097345133, 26.625386996904023, 0.0, 0.9803921568627451, 99.03225806451613, 0.0, 0.0]
epoch: [5], step: [194/1581], batch loss: 4.90213, batch accuracy: 0.00, data load time: 0.00035, step time: 0.01048,
epoch: [5], step: [494/1581], batch loss: 0.15974, batch accuracy: 100.00, data load time: 0.00470, step time: 0.01488,
epoch: [5], step: [794/1581], batch loss: 4.52565, batch accuracy: 40.62, data load time: 0.00399, step time: 0.01156,
epoch: [5], step: [1094/1581], batch loss: 0.14893, batch accuracy: 100.00, data load time: 0.00037, step time: 0.01054,
epoch: [5], step: [1394/1581], batch loss: 1.84010, batch accuracy: 3.12, data load time: 0.01338, step time: 0.01042,
epoch: [6], step: [113/1581], batch loss: 0.13235, batch accuracy: 100.00, data load time: 0.00116, step time: 0.02610,
epoch: [6], step: [413/1581], batch loss: 0.13724, batch accuracy: 100.00, data load time: 0.00045, step time: 0.01030,
epoch: [6], step: [713/1581], batch loss: 0.00021, batch accuracy: 100.00, data load time: 0.00055, step time: 0.01454,
epoch: [6], step: [1013/1581], batch loss: 0.04273, batch accuracy: 100.00, data load time: 0.00048, step time: 0.01105,
epoch: [6], step: [1313/1581], batch loss: 3.42132, batch accuracy: 43.75, data load time: 0.00033, step time: 0.01025,
epoch: [7], step: [32/1581], batch loss: 4.63993, batch accuracy: 0.00, data load time: 0.00785, step time: 0.01418,
epoch: [7], step: [332/1581], batch loss: 1.07195, batch accuracy: 84.38, data load time: 0.00049, step time: 0.01013,
epoch: [7], step: [632/1581], batch loss: 1.01279, batch accuracy: 87.50, data load time: 0.00385, step time: 0.01092,
epoch: [7], step: [932/1581], batch loss: 2.37843, batch accuracy: 0.00, data load time: 0.00168, step time: 0.01342,
epoch: [7], step: [1232/1581], batch loss: 2.77229, batch accuracy: 0.00, data load time: 0.00823, step time: 0.01457,
epoch: [7], step: [1532/1581], batch loss: 1.27693, batch accuracy: 46.88, data load time: 0.00016, step time: 0.01398,
epoch: [8], step: [251/1581], batch loss: 3.88680, batch accuracy: 12.50, data load time: 0.00386, step time: 0.01044,
epoch: [8], step: [551/1581], batch loss: 3.75623, batch accuracy: 0.00, data load time: 0.00289, step time: 0.02261,
epoch: [8], step: [851/1581], batch loss: 1.63178, batch accuracy: 21.88, data load time: 0.00027, step time: 0.01552,
epoch: [8], step: [1151/1581], batch loss: 0.70245, batch accuracy: 65.62, data load time: 0.00029, step time: 0.01061,
epoch: [8], step: [1451/1581], batch loss: 1.52589, batch accuracy: 40.62, data load time: 0.00812, step time: 0.01478,
epoch: [9], step: [170/1581], batch loss: 3.34183, batch accuracy: 0.00, data load time: 0.00027, step time: 0.01084,
epoch: [9], step: [470/1581], batch loss: 0.00119, batch accuracy: 100.00, data load time: 0.00886, step time: 0.01402,
epoch: [9], step: [770/1581], batch loss: 1.27240, batch accuracy: 78.12, data load time: 0.08516, step time: 0.01078,
epoch: [9], step: [1070/1581], batch loss: 1.28355, batch accuracy: 68.75, data load time: 0.00221, step time: 0.01372,
epoch: [9], step: [1370/1581], batch loss: 0.04509, batch accuracy: 100.00, data load time: 0.00037, step time: 0.01029,
validation loss: 2.94313, accuracy: 32.47, class_accuracy: [0.0, 0.6097560975609756, 91.35446685878962, 40.35398230088496, 46.59442724458204, 0.0, 21.568627450980394, 86.45161290322581, 0.0, 4.285714285714286]
epoch: [10], step: [89/1581], batch loss: 6.22744, batch accuracy: 0.00, data load time: 0.00778, step time: 0.01497,
epoch: [10], step: [389/1581], batch loss: 4.26947, batch accuracy: 0.00, data load time: 0.00352, step time: 0.01251,
epoch: [10], step: [689/1581], batch loss: 2.12760, batch accuracy: 56.25, data load time: 0.00412, step time: 0.01197,
epoch: [10], step: [989/1581], batch loss: 0.06720, batch accuracy: 100.00, data load time: 0.00044, step time: 0.02146,
epoch: [10], step: [1289/1581], batch loss: 5.18883, batch accuracy: 0.00, data load time: 0.00599, step time: 0.02250,
epoch: [11], step: [8/1581], batch loss: 1.27543, batch accuracy: 37.50, data load time: 0.00424, step time: 0.01054,
epoch: [11], step: [308/1581], batch loss: 3.62056, batch accuracy: 0.00, data load time: 0.00058, step time: 0.01083,
epoch: [11], step: [608/1581], batch loss: 5.10341, batch accuracy: 0.00, data load time: 0.00860, step time: 0.01396,
epoch: [11], step: [908/1581], batch loss: 2.49099, batch accuracy: 0.00, data load time: 0.00854, step time: 0.01547,
epoch: [11], step: [1208/1581], batch loss: 1.98440, batch accuracy: 9.38, data load time: 0.00422, step time: 0.01371,
epoch: [11], step: [1508/1581], batch loss: 2.72333, batch accuracy: 34.38, data load time: 0.01052, step time: 0.01079,
epoch: [12], step: [227/1581], batch loss: 2.85747, batch accuracy: 0.00, data load time: 0.00061, step time: 0.01126,
epoch: [12], step: [527/1581], batch loss: 3.21386, batch accuracy: 28.12, data load time: 0.00034, step time: 0.01018,
epoch: [12], step: [827/1581], batch loss: 5.07398, batch accuracy: 0.00, data load time: 0.00520, step time: 0.01859,
epoch: [12], step: [1127/1581], batch loss: 3.99340, batch accuracy: 0.00, data load time: 0.00756, step time: 0.01904,
epoch: [12], step: [1427/1581], batch loss: 6.77015, batch accuracy: 0.00, data load time: 0.00482, step time: 0.01398,
epoch: [13], step: [146/1581], batch loss: 0.01701, batch accuracy: 100.00, data load time: 0.00064, step time: 0.01407,
epoch: [13], step: [446/1581], batch loss: 5.52371, batch accuracy: 0.00, data load time: 0.00204, step time: 0.01393,
epoch: [13], step: [746/1581], batch loss: 2.93404, batch accuracy: 18.75, data load time: 0.00032, step time: 0.01053,
epoch: [13], step: [1046/1581], batch loss: 0.09245, batch accuracy: 100.00, data load time: 0.07815, step time: 0.01114,
epoch: [13], step: [1346/1581], batch loss: 1.25124, batch accuracy: 37.50, data load time: 0.00182, step time: 0.02001,
epoch: [14], step: [65/1581], batch loss: 0.01657, batch accuracy: 100.00, data load time: 0.00030, step time: 0.01081,
epoch: [14], step: [365/1581], batch loss: 0.00022, batch accuracy: 100.00, data load time: 0.00038, step time: 0.01241,
epoch: [14], step: [665/1581], batch loss: 3.09441, batch accuracy: 0.00, data load time: 0.01210, step time: 0.01056,
epoch: [14], step: [965/1581], batch loss: 0.00280, batch accuracy: 100.00, data load time: 0.00916, step time: 0.02079,
epoch: [14], step: [1265/1581], batch loss: 3.27138, batch accuracy: 0.00, data load time: 0.00190, step time: 0.01405,
epoch: [14], step: [1565/1581], batch loss: 2.42022, batch accuracy: 15.62, data load time: 0.00014, step time: 0.01113,
validation loss: 2.49394, accuracy: 34.42, class_accuracy: [0.0, 4.2682926829268295, 90.20172910662824, 44.7787610619469, 48.142414860681114, 0.0, 23.529411764705884, 85.96774193548387, 0.0, 14.714285714285714]
epoch: [15], step: [284/1581], batch loss: 6.93531, batch accuracy: 0.00, data load time: 0.00046, step time: 0.01057,
epoch: [15], step: [584/1581], batch loss: 0.66271, batch accuracy: 93.75, data load time: 0.01036, step time: 0.01081,
epoch: [15], step: [884/1581], batch loss: 4.03840, batch accuracy: 0.00, data load time: 0.00390, step time: 0.01052,
epoch: [15], step: [1184/1581], batch loss: 2.71740, batch accuracy: 6.25, data load time: 0.00094, step time: 0.01032,
epoch: [15], step: [1484/1581], batch loss: 4.76337, batch accuracy: 0.00, data load time: 0.00023, step time: 0.01017,
epoch: [16], step: [203/1581], batch loss: 5.61180, batch accuracy: 0.00, data load time: 0.00853, step time: 0.01749,
epoch: [16], step: [503/1581], batch loss: 0.00306, batch accuracy: 100.00, data load time: 0.00044, step time: 0.01879,
epoch: [16], step: [803/1581], batch loss: 2.93069, batch accuracy: 25.00, data load time: 0.00828, step time: 0.01776,
epoch: [16], step: [1103/1581], batch loss: 4.25264, batch accuracy: 12.50, data load time: 0.00396, step time: 0.01047,
epoch: [16], step: [1403/1581], batch loss: 1.47561, batch accuracy: 50.00, data load time: 0.00378, step time: 0.01104,
epoch: [17], step: [122/1581], batch loss: 3.92555, batch accuracy: 0.00, data load time: 0.00031, step time: 0.01048,
epoch: [17], step: [422/1581], batch loss: 1.17984, batch accuracy: 40.62, data load time: 0.00817, step time: 0.02308,
epoch: [17], step: [722/1581], batch loss: 11.74889, batch accuracy: 0.00, data load time: 0.00407, step time: 0.01104,
epoch: [17], step: [1022/1581], batch loss: 6.54677, batch accuracy: 0.00, data load time: 0.00381, step time: 0.01098,
epoch: [17], step: [1322/1581], batch loss: 4.65826, batch accuracy: 0.00, data load time: 0.20808, step time: 0.01071,
epoch: [18], step: [41/1581], batch loss: 1.40391, batch accuracy: 28.12, data load time: 0.00346, step time: 0.01098,
epoch: [18], step: [341/1581], batch loss: 8.39897, batch accuracy: 0.00, data load time: 0.01140, step time: 0.01037,
epoch: [18], step: [641/1581], batch loss: 1.77453, batch accuracy: 3.12, data load time: 0.01151, step time: 0.01052,
epoch: [18], step: [941/1581], batch loss: 7.43687, batch accuracy: 0.00, data load time: 0.00157, step time: 0.01218,
epoch: [18], step: [1241/1581], batch loss: 3.42151, batch accuracy: 0.00, data load time: 0.02690, step time: 0.01904,
epoch: [18], step: [1541/1581], batch loss: 3.45181, batch accuracy: 0.00, data load time: 0.00017, step time: 0.01923,
epoch: [19], step: [260/1581], batch loss: 8.64033, batch accuracy: 0.00, data load time: 0.00034, step time: 0.01025,
epoch: [19], step: [560/1581], batch loss: 2.91333, batch accuracy: 0.00, data load time: 0.00030, step time: 0.02262,
epoch: [19], step: [860/1581], batch loss: 6.63113, batch accuracy: 0.00, data load time: 0.40915, step time: 0.01137,
epoch: [19], step: [1160/1581], batch loss: 0.81454, batch accuracy: 81.25, data load time: 0.56933, step time: 0.01062,
epoch: [19], step: [1460/1581], batch loss: 1.02605, batch accuracy: 78.12, data load time: 0.00274, step time: 0.01433,
validation loss: 2.30786, accuracy: 35.44, class_accuracy: [0.0, 19.51219512195122, 82.27665706051873, 48.14159292035398, 47.21362229102167, 0.0, 29.41176470588235, 85.80645161290323, 0.0, 24.285714285714285]
epoch: [20], step: [179/1581], batch loss: 10.53524, batch accuracy: 0.00, data load time: 0.00581, step time: 0.01966,
epoch: [20], step: [479/1581], batch loss: 2.12227, batch accuracy: 37.50, data load time: 0.01210, step time: 0.01094,
epoch: [20], step: [779/1581], batch loss: 7.49887, batch accuracy: 0.00, data load time: 0.00186, step time: 0.01405,
epoch: [20], step: [1079/1581], batch loss: 6.91421, batch accuracy: 0.00, data load time: 0.00785, step time: 0.01515,
epoch: [20], step: [1379/1581], batch loss: 7.09522, batch accuracy: 0.00, data load time: 0.00490, step time: 0.01689,
epoch: [21], step: [98/1581], batch loss: 2.38667, batch accuracy: 6.25, data load time: 0.00047, step time: 0.01027,
epoch: [21], step: [398/1581], batch loss: 2.81134, batch accuracy: 25.00, data load time: 0.00034, step time: 0.01455,
epoch: [21], step: [698/1581], batch loss: 1.63527, batch accuracy: 18.75, data load time: 0.00399, step time: 0.01519,
epoch: [21], step: [998/1581], batch loss: 6.07869, batch accuracy: 0.00, data load time: 0.00487, step time: 0.01447,
epoch: [21], step: [1298/1581], batch loss: 0.01670, batch accuracy: 100.00, data load time: 0.00893, step time: 0.01419,
epoch: [22], step: [17/1581], batch loss: 7.53896, batch accuracy: 3.12, data load time: 0.00196, step time: 0.01430,
epoch: [22], step: [317/1581], batch loss: 6.06292, batch accuracy: 0.00, data load time: 0.00670, step time: 0.01093,
epoch: [22], step: [617/1581], batch loss: 3.72255, batch accuracy: 0.00, data load time: 0.23865, step time: 0.01021,
epoch: [22], step: [917/1581], batch loss: 4.54739, batch accuracy: 6.25, data load time: 0.00032, step time: 0.02041,
epoch: [22], step: [1217/1581], batch loss: 1.72306, batch accuracy: 46.88, data load time: 0.33566, step time: 0.01077,
epoch: [22], step: [1517/1581], batch loss: 4.51006, batch accuracy: 3.12, data load time: 0.00067, step time: 0.01407,
epoch: [23], step: [236/1581], batch loss: 0.79883, batch accuracy: 68.75, data load time: 0.00033, step time: 0.01187,
epoch: [23], step: [536/1581], batch loss: 0.75140, batch accuracy: 59.38, data load time: 0.00165, step time: 0.02662,
epoch: [23], step: [836/1581], batch loss: 2.25614, batch accuracy: 31.25, data load time: 0.00030, step time: 0.01018,
epoch: [23], step: [1136/1581], batch loss: 0.13524, batch accuracy: 100.00, data load time: 0.00300, step time: 0.01279,
epoch: [23], step: [1436/1581], batch loss: 3.64783, batch accuracy: 0.00, data load time: 0.00928, step time: 0.01525,
epoch: [24], step: [155/1581], batch loss: 2.97920, batch accuracy: 3.12, data load time: 0.00031, step time: 0.01123,
epoch: [24], step: [455/1581], batch loss: 1.28715, batch accuracy: 18.75, data load time: 0.00475, step time: 0.01428,
epoch: [24], step: [755/1581], batch loss: 3.51691, batch accuracy: 0.00, data load time: 0.00772, step time: 0.01550,
epoch: [24], step: [1055/1581], batch loss: 0.00219, batch accuracy: 100.00, data load time: 0.00042, step time: 0.02165,
epoch: [24], step: [1355/1581], batch loss: 1.29067, batch accuracy: 59.38, data load time: 0.00506, step time: 0.01183,
validation loss: 2.19548, accuracy: 37.81, class_accuracy: [0.0, 48.170731707317074, 79.39481268011528, 49.557522123893804, 47.8328173374613, 0.0, 31.372549019607842, 86.12903225806451, 0.0, 36.42857142857143]
epoch: [25], step: [74/1581], batch loss: 0.00080, batch accuracy: 100.00, data load time: 0.00024, step time: 0.01125,
epoch: [25], step: [374/1581], batch loss: 0.00159, batch accuracy: 100.00, data load time: 0.00112, step time: 0.01034,
epoch: [25], step: [674/1581], batch loss: 0.80992, batch accuracy: 59.38, data load time: 0.00401, step time: 0.02167,
epoch: [25], step: [974/1581], batch loss: 2.01921, batch accuracy: 0.00, data load time: 0.00911, step time: 0.01894,
epoch: [25], step: [1274/1581], batch loss: 1.52144, batch accuracy: 28.12, data load time: 0.07422, step time: 0.01088,
epoch: [25], step: [1574/1581], batch loss: 0.40210, batch accuracy: 93.75, data load time: 0.00014, step time: 0.00947,
epoch: [26], step: [293/1581], batch loss: 1.39989, batch accuracy: 34.38, data load time: 0.00032, step time: 0.01029,
epoch: [26], step: [593/1581], batch loss: 3.08821, batch accuracy: 0.00, data load time: 0.00499, step time: 0.01351,
epoch: [26], step: [893/1581], batch loss: 5.06777, batch accuracy: 0.00, data load time: 0.01467, step time: 0.01298,
epoch: [26], step: [1193/1581], batch loss: 1.67901, batch accuracy: 21.88, data load time: 0.00048, step time: 0.01174,
epoch: [26], step: [1493/1581], batch loss: 1.31102, batch accuracy: 40.62, data load time: 0.00476, step time: 0.01443,
epoch: [27], step: [212/1581], batch loss: 1.23821, batch accuracy: 43.75, data load time: 0.00032, step time: 0.01068,
epoch: [27], step: [512/1581], batch loss: 0.00113, batch accuracy: 100.00, data load time: 0.01496, step time: 0.01066,
epoch: [27], step: [812/1581], batch loss: 5.37107, batch accuracy: 0.00, data load time: 0.00036, step time: 0.01096,
epoch: [27], step: [1112/1581], batch loss: 6.80832, batch accuracy: 0.00, data load time: 0.00750, step time: 0.01891,
epoch: [27], step: [1412/1581], batch loss: 0.72104, batch accuracy: 68.75, data load time: 0.02339, step time: 0.01100,
epoch: [28], step: [131/1581], batch loss: 0.52205, batch accuracy: 90.62, data load time: 0.00037, step time: 0.01044,
epoch: [28], step: [431/1581], batch loss: 5.82811, batch accuracy: 12.50, data load time: 0.00043, step time: 0.01017,
epoch: [28], step: [731/1581], batch loss: 1.11967, batch accuracy: 40.62, data load time: 0.00830, step time: 0.01068,
epoch: [28], step: [1031/1581], batch loss: 3.16715, batch accuracy: 0.00, data load time: 0.00320, step time: 0.01105,
epoch: [28], step: [1331/1581], batch loss: 2.97820, batch accuracy: 0.00, data load time: 0.00115, step time: 0.01033,
epoch: [29], step: [50/1581], batch loss: 1.96436, batch accuracy: 6.25, data load time: 0.00030, step time: 0.01439,
epoch: [29], step: [350/1581], batch loss: 3.90140, batch accuracy: 0.00, data load time: 0.00149, step time: 0.02442,
epoch: [29], step: [650/1581], batch loss: 0.26614, batch accuracy: 96.88, data load time: 0.00027, step time: 0.01449,
epoch: [29], step: [950/1581], batch loss: 3.63811, batch accuracy: 0.00, data load time: 0.00029, step time: 0.01512,
epoch: [29], step: [1250/1581], batch loss: 2.74348, batch accuracy: 31.25, data load time: 0.00621, step time: 0.01835,
epoch: [29], step: [1550/1581], batch loss: 2.54331, batch accuracy: 25.00, data load time: 0.00016, step time: 0.00976,
validation loss: 2.17936, accuracy: 38.46, class_accuracy: [0.0, 52.4390243902439, 80.40345821325649, 49.73451327433628, 48.142414860681114, 0.0, 33.333333333333336, 86.29032258064517, 0.0, 38.57142857142857]
epoch: [30], step: [269/1581], batch loss: 7.52935, batch accuracy: 0.00, data load time: 0.00036, step time: 0.01043,
epoch: [30], step: [569/1581], batch loss: 5.13288, batch accuracy: 0.00, data load time: 0.00883, step time: 0.01618,
epoch: [30], step: [869/1581], batch loss: 1.36275, batch accuracy: 40.62, data load time: 0.00037, step time: 0.01100,
epoch: [30], step: [1169/1581], batch loss: 1.69150, batch accuracy: 12.50, data load time: 0.00176, step time: 0.01410,
epoch: [30], step: [1469/1581], batch loss: 1.67904, batch accuracy: 65.62, data load time: 0.00955, step time: 0.01066,
epoch: [31], step: [188/1581], batch loss: 1.82214, batch accuracy: 40.62, data load time: 0.00139, step time: 0.01523,
epoch: [31], step: [488/1581], batch loss: 2.76750, batch accuracy: 0.00, data load time: 0.00029, step time: 0.02411,
epoch: [31], step: [788/1581], batch loss: 0.05434, batch accuracy: 100.00, data load time: 0.00405, step time: 0.01004,
epoch: [31], step: [1088/1581], batch loss: 0.27212, batch accuracy: 100.00, data load time: 0.00036, step time: 0.01039,
epoch: [31], step: [1388/1581], batch loss: 6.03051, batch accuracy: 0.00, data load time: 0.00033, step time: 0.01062,
epoch: [32], step: [107/1581], batch loss: 2.75225, batch accuracy: 0.00, data load time: 0.00580, step time: 0.01995,
epoch: [32], step: [407/1581], batch loss: 3.53581, batch accuracy: 9.38, data load time: 0.00037, step time: 0.01029,
epoch: [32], step: [707/1581], batch loss: 0.01119, batch accuracy: 100.00, data load time: 0.00040, step time: 0.01029,
epoch: [32], step: [1007/1581], batch loss: 2.42020, batch accuracy: 3.12, data load time: 0.00036, step time: 0.01044,
epoch: [32], step: [1307/1581], batch loss: 3.11847, batch accuracy: 3.12, data load time: 0.00026, step time: 0.02518,
epoch: [33], step: [26/1581], batch loss: 3.62478, batch accuracy: 0.00, data load time: 0.00032, step time: 0.01053,
epoch: [33], step: [326/1581], batch loss: 0.18303, batch accuracy: 100.00, data load time: 0.00416, step time: 0.00998,
epoch: [33], step: [626/1581], batch loss: 1.11979, batch accuracy: 34.38, data load time: 0.00034, step time: 0.02289,
epoch: [33], step: [926/1581], batch loss: 1.26901, batch accuracy: 46.88, data load time: 0.00031, step time: 0.01017,
epoch: [33], step: [1226/1581], batch loss: 0.89973, batch accuracy: 100.00, data load time: 0.00330, step time: 0.01043,
epoch: [33], step: [1526/1581], batch loss: 3.55296, batch accuracy: 0.00, data load time: 0.13020, step time: 0.01083,
epoch: [34], step: [245/1581], batch loss: 3.13576, batch accuracy: 9.38, data load time: 0.00035, step time: 0.01046,
epoch: [34], step: [545/1581], batch loss: 3.23753, batch accuracy: 34.38, data load time: 0.00089, step time: 0.01614,
epoch: [34], step: [845/1581], batch loss: 2.50746, batch accuracy: 18.75, data load time: 0.00307, step time: 0.02204,
epoch: [34], step: [1145/1581], batch loss: 1.93303, batch accuracy: 18.75, data load time: 0.00395, step time: 0.01037,
epoch: [34], step: [1445/1581], batch loss: 5.43228, batch accuracy: 0.00, data load time: 0.00319, step time: 0.01201,
validation loss: 2.15215, accuracy: 38.74, class_accuracy: [0.0, 60.97560975609756, 73.342939481268, 52.0353982300885, 48.60681114551084, 0.0, 31.372549019607842, 84.19354838709677, 0.0, 45.57142857142857]
epoch: [35], step: [164/1581], batch loss: 2.42009, batch accuracy: 21.88, data load time: 0.01062, step time: 0.01226,
epoch: [35], step: [464/1581], batch loss: 0.01864, batch accuracy: 100.00, data load time: 0.00042, step time: 0.02067,
epoch: [35], step: [764/1581], batch loss: 0.09250, batch accuracy: 100.00, data load time: 0.00028, step time: 0.01050,
epoch: [35], step: [1064/1581], batch loss: 6.31755, batch accuracy: 0.00, data load time: 0.00389, step time: 0.01589,
epoch: [35], step: [1364/1581], batch loss: 2.44742, batch accuracy: 18.75, data load time: 0.00570, step time: 0.02335,
epoch: [36], step: [83/1581], batch loss: 5.21949, batch accuracy: 0.00, data load time: 0.00037, step time: 0.01086,
epoch: [36], step: [383/1581], batch loss: 4.55287, batch accuracy: 0.00, data load time: 0.00055, step time: 0.02263,
epoch: [36], step: [683/1581], batch loss: 3.71238, batch accuracy: 0.00, data load time: 0.04929, step time: 0.01078,
epoch: [36], step: [983/1581], batch loss: 4.48066, batch accuracy: 0.00, data load time: 0.00032, step time: 0.01090,
epoch: [36], step: [1283/1581], batch loss: 4.38877, batch accuracy: 0.00, data load time: 0.00909, step time: 0.02174,
epoch: [37], step: [2/1581], batch loss: 1.19633, batch accuracy: 65.62, data load time: 0.00037, step time: 0.01068,
epoch: [37], step: [302/1581], batch loss: 1.68794, batch accuracy: 15.62, data load time: 0.00042, step time: 0.01972,
epoch: [37], step: [602/1581], batch loss: 5.41715, batch accuracy: 0.00, data load time: 0.00386, step time: 0.01507,
epoch: [37], step: [902/1581], batch loss: 5.19288, batch accuracy: 0.00, data load time: 0.00034, step time: 0.01282,
epoch: [37], step: [1202/1581], batch loss: 2.78389, batch accuracy: 34.38, data load time: 0.00022, step time: 0.01302,
epoch: [37], step: [1502/1581], batch loss: 0.91400, batch accuracy: 84.38, data load time: 0.01047, step time: 0.01085,
epoch: [38], step: [221/1581], batch loss: 5.18705, batch accuracy: 12.50, data load time: 0.00037, step time: 0.02697,
epoch: [38], step: [521/1581], batch loss: 7.05378, batch accuracy: 0.00, data load time: 0.01047, step time: 0.01080,
epoch: [38], step: [821/1581], batch loss: 1.03503, batch accuracy: 62.50, data load time: 0.00799, step time: 0.01878,
epoch: [38], step: [1121/1581], batch loss: 1.21058, batch accuracy: 43.75, data load time: 0.00425, step time: 0.01191,
epoch: [38], step: [1421/1581], batch loss: 5.51451, batch accuracy: 0.00, data load time: 0.00026, step time: 0.01415,
epoch: [39], step: [140/1581], batch loss: 0.18129, batch accuracy: 100.00, data load time: 0.00040, step time: 0.01500,
epoch: [39], step: [440/1581], batch loss: 0.76967, batch accuracy: 56.25, data load time: 0.00380, step time: 0.01145,
epoch: [39], step: [740/1581], batch loss: 4.41065, batch accuracy: 0.00, data load time: 0.00184, step time: 0.01433,
epoch: [39], step: [1040/1581], batch loss: 2.73843, batch accuracy: 0.00, data load time: 0.00034, step time: 0.01029,
epoch: [39], step: [1340/1581], batch loss: 0.93857, batch accuracy: 56.25, data load time: 0.00387, step time: 0.01373,
validation loss: 2.14659, accuracy: 38.41, class_accuracy: [0.0, 56.707317073170735, 67.72334293948127, 57.34513274336283, 46.90402476780186, 0.0, 33.333333333333336, 85.64516129032258, 0.0, 45.285714285714285]
epoch: [40], step: [59/1581], batch loss: 2.82906, batch accuracy: 0.00, data load time: 0.00396, step time: 0.01177,
epoch: [40], step: [359/1581], batch loss: 0.03193, batch accuracy: 100.00, data load time: 0.00443, step time: 0.01048,
epoch: [40], step: [659/1581], batch loss: 4.00626, batch accuracy: 0.00, data load time: 0.00372, step time: 0.01106,
epoch: [40], step: [959/1581], batch loss: 0.52838, batch accuracy: 96.88, data load time: 0.00423, step time: 0.01040,
epoch: [40], step: [1259/1581], batch loss: 0.34392, batch accuracy: 90.62, data load time: 0.01286, step time: 0.01071,
epoch: [40], step: [1559/1581], batch loss: 4.15073, batch accuracy: 0.00, data load time: 0.00017, step time: 0.00981,
epoch: [41], step: [278/1581], batch loss: 1.99851, batch accuracy: 15.62, data load time: 0.00038, step time: 0.01025,
epoch: [41], step: [578/1581], batch loss: 1.19239, batch accuracy: 65.62, data load time: 0.00212, step time: 0.03142,
epoch: [41], step: [878/1581], batch loss: 0.12783, batch accuracy: 100.00, data load time: 0.00033, step time: 0.01049,
epoch: [41], step: [1178/1581], batch loss: 1.60010, batch accuracy: 6.25, data load time: 0.00080, step time: 0.01584,
epoch: [41], step: [1478/1581], batch loss: 2.24886, batch accuracy: 0.00, data load time: 0.00027, step time: 0.02246,
epoch: [42], step: [197/1581], batch loss: 1.94129, batch accuracy: 34.38, data load time: 0.00036, step time: 0.01378,
epoch: [42], step: [497/1581], batch loss: 0.31519, batch accuracy: 90.62, data load time: 0.00653, step time: 0.01056,
epoch: [42], step: [797/1581], batch loss: 5.93503, batch accuracy: 0.00, data load time: 0.00036, step time: 0.01952,
epoch: [42], step: [1097/1581], batch loss: 0.69871, batch accuracy: 65.62, data load time: 0.01020, step time: 0.01061,
epoch: [42], step: [1397/1581], batch loss: 0.68151, batch accuracy: 62.50, data load time: 0.02698, step time: 0.01961,
epoch: [43], step: [116/1581], batch loss: 2.92345, batch accuracy: 18.75, data load time: 0.00669, step time: 0.01553,
epoch: [43], step: [416/1581], batch loss: 2.16874, batch accuracy: 12.50, data load time: 0.00033, step time: 0.05538,
epoch: [43], step: [716/1581], batch loss: 0.00126, batch accuracy: 100.00, data load time: 0.00869, step time: 0.01539,
epoch: [43], step: [1016/1581], batch loss: 4.52846, batch accuracy: 9.38, data load time: 0.00258, step time: 0.01026,
epoch: [43], step: [1316/1581], batch loss: 2.48757, batch accuracy: 12.50, data load time: 0.01173, step time: 0.01150,
epoch: [44], step: [35/1581], batch loss: 2.13230, batch accuracy: 18.75, data load time: 0.00033, step time: 0.01074,
epoch: [44], step: [335/1581], batch loss: 5.75572, batch accuracy: 0.00, data load time: 0.00417, step time: 0.01514,
epoch: [44], step: [635/1581], batch loss: 0.29639, batch accuracy: 96.88, data load time: 0.00514, step time: 0.01831,
epoch: [44], step: [935/1581], batch loss: 0.47823, batch accuracy: 96.88, data load time: 0.00037, step time: 0.01025,
epoch: [44], step: [1235/1581], batch loss: 0.84516, batch accuracy: 59.38, data load time: 0.00164, step time: 0.02063,
epoch: [44], step: [1535/1581], batch loss: 1.50681, batch accuracy: 21.88, data load time: 0.00018, step time: 0.01405,
validation loss: 2.11208, accuracy: 38.50, class_accuracy: [0.0, 57.926829268292686, 60.37463976945245, 59.469026548672566, 40.40247678018576, 0.0, 33.333333333333336, 87.58064516129032, 0.0, 55.57142857142857]
epoch: [45], step: [254/1581], batch loss: 3.43677, batch accuracy: 0.00, data load time: 0.00031, step time: 0.01990,
epoch: [45], step: [554/1581], batch loss: 3.30214, batch accuracy: 0.00, data load time: 0.00386, step time: 0.01415,
epoch: [45], step: [854/1581], batch loss: 1.10628, batch accuracy: 56.25, data load time: 0.01049, step time: 0.01098,
epoch: [45], step: [1154/1581], batch loss: 0.87924, batch accuracy: 50.00, data load time: 0.00048, step time: 0.01028,
epoch: [45], step: [1454/1581], batch loss: 1.14231, batch accuracy: 81.25, data load time: 0.00397, step time: 0.01110,
epoch: [46], step: [173/1581], batch loss: 0.97823, batch accuracy: 59.38, data load time: 0.00042, step time: 0.02313,
epoch: [46], step: [473/1581], batch loss: 7.22233, batch accuracy: 0.00, data load time: 0.01553, step time: 0.01114,
epoch: [46], step: [773/1581], batch loss: 0.07558, batch accuracy: 100.00, data load time: 0.00037, step time: 0.01049,
epoch: [46], step: [1073/1581], batch loss: 1.01317, batch accuracy: 81.25, data load time: 0.00032, step time: 0.01039,
epoch: [46], step: [1373/1581], batch loss: 0.17056, batch accuracy: 100.00, data load time: 0.00871, step time: 0.01633,
epoch: [47], step: [92/1581], batch loss: 2.07816, batch accuracy: 21.88, data load time: 0.00143, step time: 0.01564,
epoch: [47], step: [392/1581], batch loss: 2.00347, batch accuracy: 37.50, data load time: 0.00104, step time: 0.01779,
epoch: [47], step: [692/1581], batch loss: 4.21790, batch accuracy: 0.00, data load time: 0.00043, step time: 0.01630,
epoch: [47], step: [992/1581], batch loss: 1.29947, batch accuracy: 56.25, data load time: 0.00163, step time: 0.01401,
epoch: [47], step: [1292/1581], batch loss: 3.11117, batch accuracy: 0.00, data load time: 0.03466, step time: 0.01066,
epoch: [48], step: [11/1581], batch loss: 0.73723, batch accuracy: 96.88, data load time: 0.01115, step time: 0.01134,
epoch: [48], step: [311/1581], batch loss: 2.09395, batch accuracy: 15.62, data load time: 0.01738, step time: 0.01517,
epoch: [48], step: [611/1581], batch loss: 1.50600, batch accuracy: 21.88, data load time: 0.00793, step time: 0.01097,
epoch: [48], step: [911/1581], batch loss: 1.20751, batch accuracy: 56.25, data load time: 0.00063, step time: 0.01122,
epoch: [48], step: [1211/1581], batch loss: 3.14304, batch accuracy: 0.00, data load time: 0.00061, step time: 0.01077,
epoch: [48], step: [1511/1581], batch loss: 0.80586, batch accuracy: 62.50, data load time: 0.00395, step time: 0.01758,
epoch: [49], step: [230/1581], batch loss: 1.08062, batch accuracy: 68.75, data load time: 0.00841, step time: 0.01524,
epoch: [49], step: [530/1581], batch loss: 5.55817, batch accuracy: 0.00, data load time: 0.00828, step time: 0.01878,
epoch: [49], step: [830/1581], batch loss: 2.92698, batch accuracy: 0.00, data load time: 0.00034, step time: 0.01898,
epoch: [49], step: [1130/1581], batch loss: 2.51928, batch accuracy: 0.00, data load time: 0.08993, step time: 0.01078,
epoch: [49], step: [1430/1581], batch loss: 2.12404, batch accuracy: 0.00, data load time: 0.00182, step time: 0.01439,
validation loss: 2.09189, accuracy: 38.92, class_accuracy: [0.14285714285714285, 58.53658536585366, 55.763688760806915, 60.0, 38.54489164086687, 0.0, 36.27450980392157, 89.35483870967742, 0.0, 62.42857142857143]
Total time taken: 2837.9096755981445
