Using CUDA...
Writing logs to logs/CNN_bn_epochs=50_dropout=0.5_bs=32_lr=0.001_momentum=0.9_mode=LMC_run_1
epoch: [0], step: [299/1581], batch loss: 1.99403, batch accuracy: 34.38, data load time: 0.00027, step time: 0.01091,
epoch: [0], step: [599/1581], batch loss: 1.61675, batch accuracy: 40.62, data load time: 0.00023, step time: 0.01205,
epoch: [0], step: [899/1581], batch loss: 1.56533, batch accuracy: 43.75, data load time: 0.00026, step time: 0.01072,
epoch: [0], step: [1199/1581], batch loss: 1.37655, batch accuracy: 65.62, data load time: 0.00023, step time: 0.01056,
epoch: [0], step: [1499/1581], batch loss: 0.98421, batch accuracy: 62.50, data load time: 0.00022, step time: 0.01264,
epoch: [1], step: [218/1581], batch loss: 1.15253, batch accuracy: 56.25, data load time: 0.00892, step time: 0.01939,
epoch: [1], step: [518/1581], batch loss: 0.92650, batch accuracy: 71.88, data load time: 0.00028, step time: 0.01093,
epoch: [1], step: [818/1581], batch loss: 0.80686, batch accuracy: 75.00, data load time: 0.01289, step time: 0.01071,
epoch: [1], step: [1118/1581], batch loss: 1.35671, batch accuracy: 65.62, data load time: 0.00025, step time: 0.01096,
epoch: [1], step: [1418/1581], batch loss: 0.76984, batch accuracy: 84.38, data load time: 0.00024, step time: 0.01658,
epoch: [2], step: [137/1581], batch loss: 0.91272, batch accuracy: 78.12, data load time: 0.00027, step time: 0.01940,
epoch: [2], step: [437/1581], batch loss: 0.72704, batch accuracy: 68.75, data load time: 0.00023, step time: 0.01085,
epoch: [2], step: [737/1581], batch loss: 1.02380, batch accuracy: 68.75, data load time: 0.00025, step time: 0.01067,
epoch: [2], step: [1037/1581], batch loss: 0.71543, batch accuracy: 75.00, data load time: 0.00036, step time: 0.01058,
epoch: [2], step: [1337/1581], batch loss: 0.64362, batch accuracy: 75.00, data load time: 0.00345, step time: 0.01127,
epoch: [3], step: [56/1581], batch loss: 0.65683, batch accuracy: 75.00, data load time: 0.00029, step time: 0.01173,
epoch: [3], step: [356/1581], batch loss: 0.61637, batch accuracy: 78.12, data load time: 0.00023, step time: 0.01677,
epoch: [3], step: [656/1581], batch loss: 0.46936, batch accuracy: 81.25, data load time: 0.00478, step time: 0.01305,
epoch: [3], step: [956/1581], batch loss: 0.65499, batch accuracy: 78.12, data load time: 0.00031, step time: 0.01218,
epoch: [3], step: [1256/1581], batch loss: 0.39855, batch accuracy: 84.38, data load time: 0.00518, step time: 0.01234,
epoch: [3], step: [1556/1581], batch loss: 0.50344, batch accuracy: 81.25, data load time: 0.00011, step time: 0.01026,
epoch: [4], step: [275/1581], batch loss: 0.52218, batch accuracy: 87.50, data load time: 0.00024, step time: 0.01756,
epoch: [4], step: [575/1581], batch loss: 0.51079, batch accuracy: 84.38, data load time: 0.00049, step time: 0.01074,
epoch: [4], step: [875/1581], batch loss: 0.31739, batch accuracy: 87.50, data load time: 0.00466, step time: 0.01744,
epoch: [4], step: [1175/1581], batch loss: 0.85145, batch accuracy: 75.00, data load time: 0.00024, step time: 0.01066,
epoch: [4], step: [1475/1581], batch loss: 0.83465, batch accuracy: 71.88, data load time: 0.00025, step time: 0.01146,
validation loss: 1.09045, accuracy: 67.69, class_accuracy: [79.57142857142857, 77.4390243902439, 47.694524495677236, 61.23893805309734, 88.23529411764706, 53.40557275541796, 92.15686274509804, 96.29032258064517, 46.0573476702509, 61.142857142857146]
epoch: [5], step: [194/1581], batch loss: 0.53427, batch accuracy: 84.38, data load time: 0.00022, step time: 0.01812,
epoch: [5], step: [494/1581], batch loss: 0.61811, batch accuracy: 75.00, data load time: 0.00024, step time: 0.01083,
epoch: [5], step: [794/1581], batch loss: 0.41162, batch accuracy: 90.62, data load time: 0.00292, step time: 0.01369,
epoch: [5], step: [1094/1581], batch loss: 0.18701, batch accuracy: 93.75, data load time: 0.00025, step time: 0.01107,
epoch: [5], step: [1394/1581], batch loss: 1.05468, batch accuracy: 81.25, data load time: 0.00022, step time: 0.01116,
epoch: [6], step: [113/1581], batch loss: 0.41331, batch accuracy: 87.50, data load time: 0.00024, step time: 0.01664,
epoch: [6], step: [413/1581], batch loss: 0.30402, batch accuracy: 90.62, data load time: 0.00751, step time: 0.01446,
epoch: [6], step: [713/1581], batch loss: 0.39384, batch accuracy: 81.25, data load time: 0.00024, step time: 0.01221,
epoch: [6], step: [1013/1581], batch loss: 0.33948, batch accuracy: 87.50, data load time: 0.00024, step time: 0.01407,
epoch: [6], step: [1313/1581], batch loss: 0.29565, batch accuracy: 87.50, data load time: 0.00028, step time: 0.01094,
epoch: [7], step: [32/1581], batch loss: 0.52451, batch accuracy: 78.12, data load time: 0.00034, step time: 0.01107,
epoch: [7], step: [332/1581], batch loss: 0.19248, batch accuracy: 93.75, data load time: 0.00317, step time: 0.01382,
epoch: [7], step: [632/1581], batch loss: 0.39720, batch accuracy: 87.50, data load time: 0.00022, step time: 0.02951,
epoch: [7], step: [932/1581], batch loss: 0.52266, batch accuracy: 87.50, data load time: 0.00025, step time: 0.01124,
epoch: [7], step: [1232/1581], batch loss: 0.27769, batch accuracy: 87.50, data load time: 0.00359, step time: 0.01349,
epoch: [7], step: [1532/1581], batch loss: 0.18679, batch accuracy: 93.75, data load time: 0.00018, step time: 0.01899,
epoch: [8], step: [251/1581], batch loss: 0.22043, batch accuracy: 96.88, data load time: 0.00023, step time: 0.01869,
epoch: [8], step: [551/1581], batch loss: 0.67014, batch accuracy: 87.50, data load time: 0.00022, step time: 0.01899,
epoch: [8], step: [851/1581], batch loss: 0.31566, batch accuracy: 87.50, data load time: 0.00316, step time: 0.01134,
epoch: [8], step: [1151/1581], batch loss: 0.26928, batch accuracy: 90.62, data load time: 0.00022, step time: 0.01079,
epoch: [8], step: [1451/1581], batch loss: 0.29864, batch accuracy: 93.75, data load time: 0.00024, step time: 0.01084,
epoch: [9], step: [170/1581], batch loss: 0.24391, batch accuracy: 93.75, data load time: 0.00026, step time: 0.01166,
epoch: [9], step: [470/1581], batch loss: 0.16957, batch accuracy: 96.88, data load time: 0.00032, step time: 0.01092,
epoch: [9], step: [770/1581], batch loss: 0.12877, batch accuracy: 93.75, data load time: 0.00024, step time: 0.01710,
epoch: [9], step: [1070/1581], batch loss: 0.23011, batch accuracy: 96.88, data load time: 0.00024, step time: 0.01729,
epoch: [9], step: [1370/1581], batch loss: 0.28725, batch accuracy: 90.62, data load time: 0.00027, step time: 0.01154,
validation loss: 1.23047, accuracy: 69.10, class_accuracy: [55.57142857142857, 86.58536585365853, 58.789625360230545, 73.80530973451327, 76.3157894736842, 66.71826625386997, 98.03921568627452, 95.48387096774194, 56.630824372759854, 62.857142857142854]
epoch: [10], step: [89/1581], batch loss: 0.22323, batch accuracy: 90.62, data load time: 0.00361, step time: 0.01168,
epoch: [10], step: [389/1581], batch loss: 0.14214, batch accuracy: 93.75, data load time: 0.00022, step time: 0.01806,
epoch: [10], step: [689/1581], batch loss: 0.19444, batch accuracy: 87.50, data load time: 0.00024, step time: 0.01656,
epoch: [10], step: [989/1581], batch loss: 0.10118, batch accuracy: 93.75, data load time: 0.00022, step time: 0.01633,
epoch: [10], step: [1289/1581], batch loss: 0.13383, batch accuracy: 93.75, data load time: 0.00022, step time: 0.01090,
epoch: [11], step: [8/1581], batch loss: 0.27281, batch accuracy: 93.75, data load time: 0.00021, step time: 0.01340,
epoch: [11], step: [308/1581], batch loss: 0.16079, batch accuracy: 93.75, data load time: 0.00594, step time: 0.01202,
epoch: [11], step: [608/1581], batch loss: 0.17226, batch accuracy: 90.62, data load time: 0.00022, step time: 0.01192,
epoch: [11], step: [908/1581], batch loss: 0.14609, batch accuracy: 93.75, data load time: 0.00025, step time: 0.01189,
epoch: [11], step: [1208/1581], batch loss: 0.19828, batch accuracy: 87.50, data load time: 0.00372, step time: 0.01317,
epoch: [11], step: [1508/1581], batch loss: 0.07523, batch accuracy: 96.88, data load time: 0.00024, step time: 0.01137,
epoch: [12], step: [227/1581], batch loss: 0.22359, batch accuracy: 93.75, data load time: 0.00023, step time: 0.01849,
epoch: [12], step: [527/1581], batch loss: 0.20969, batch accuracy: 93.75, data load time: 0.00299, step time: 0.01642,
epoch: [12], step: [827/1581], batch loss: 0.12755, batch accuracy: 93.75, data load time: 0.00273, step time: 0.01379,
epoch: [12], step: [1127/1581], batch loss: 0.28886, batch accuracy: 90.62, data load time: 0.00600, step time: 0.01203,
epoch: [12], step: [1427/1581], batch loss: 0.35600, batch accuracy: 93.75, data load time: 0.00023, step time: 0.01105,
epoch: [13], step: [146/1581], batch loss: 0.18688, batch accuracy: 96.88, data load time: 0.00035, step time: 0.01096,
epoch: [13], step: [446/1581], batch loss: 0.25757, batch accuracy: 93.75, data load time: 0.00023, step time: 0.01080,
epoch: [13], step: [746/1581], batch loss: 0.24026, batch accuracy: 84.38, data load time: 0.00091, step time: 0.01053,
epoch: [13], step: [1046/1581], batch loss: 0.20445, batch accuracy: 93.75, data load time: 0.00023, step time: 0.01572,
epoch: [13], step: [1346/1581], batch loss: 0.06833, batch accuracy: 100.00, data load time: 0.00021, step time: 0.02210,
epoch: [14], step: [65/1581], batch loss: 0.14047, batch accuracy: 87.50, data load time: 0.00023, step time: 0.02079,
epoch: [14], step: [365/1581], batch loss: 0.19284, batch accuracy: 90.62, data load time: 0.00599, step time: 0.01081,
epoch: [14], step: [665/1581], batch loss: 0.23510, batch accuracy: 90.62, data load time: 0.00023, step time: 0.01628,
epoch: [14], step: [965/1581], batch loss: 0.12488, batch accuracy: 93.75, data load time: 0.00022, step time: 0.01643,
epoch: [14], step: [1265/1581], batch loss: 0.08805, batch accuracy: 96.88, data load time: 0.00022, step time: 0.01071,
epoch: [14], step: [1565/1581], batch loss: 0.17910, batch accuracy: 93.75, data load time: 0.00011, step time: 0.01025,
validation loss: 1.36013, accuracy: 72.12, class_accuracy: [64.85714285714286, 84.14634146341463, 66.13832853025937, 74.51327433628319, 89.93808049535603, 67.02786377708978, 100.0, 93.38709677419355, 54.121863799283155, 60.285714285714285]
epoch: [15], step: [284/1581], batch loss: 0.17134, batch accuracy: 93.75, data load time: 0.00023, step time: 0.01979,
epoch: [15], step: [584/1581], batch loss: 0.06894, batch accuracy: 96.88, data load time: 0.00373, step time: 0.01346,
epoch: [15], step: [884/1581], batch loss: 0.01598, batch accuracy: 100.00, data load time: 0.00025, step time: 0.01098,
epoch: [15], step: [1184/1581], batch loss: 0.07262, batch accuracy: 96.88, data load time: 0.00590, step time: 0.01201,
epoch: [15], step: [1484/1581], batch loss: 0.09939, batch accuracy: 96.88, data load time: 0.00023, step time: 0.01076,
epoch: [16], step: [203/1581], batch loss: 0.20932, batch accuracy: 96.88, data load time: 0.00022, step time: 0.01768,
epoch: [16], step: [503/1581], batch loss: 0.03935, batch accuracy: 96.88, data load time: 0.00022, step time: 0.01625,
epoch: [16], step: [803/1581], batch loss: 0.01928, batch accuracy: 100.00, data load time: 0.00585, step time: 0.01077,
epoch: [16], step: [1103/1581], batch loss: 0.05264, batch accuracy: 100.00, data load time: 0.00026, step time: 0.01801,
epoch: [16], step: [1403/1581], batch loss: 0.10090, batch accuracy: 96.88, data load time: 0.00023, step time: 0.01071,
epoch: [17], step: [122/1581], batch loss: 0.11982, batch accuracy: 96.88, data load time: 0.00022, step time: 0.01102,
epoch: [17], step: [422/1581], batch loss: 0.03811, batch accuracy: 100.00, data load time: 0.00023, step time: 0.01856,
epoch: [17], step: [722/1581], batch loss: 0.02573, batch accuracy: 100.00, data load time: 0.00037, step time: 0.01101,
epoch: [17], step: [1022/1581], batch loss: 0.09089, batch accuracy: 96.88, data load time: 0.00023, step time: 0.01078,
epoch: [17], step: [1322/1581], batch loss: 0.25127, batch accuracy: 90.62, data load time: 0.00392, step time: 0.01393,
epoch: [18], step: [41/1581], batch loss: 0.06165, batch accuracy: 100.00, data load time: 0.00022, step time: 0.01189,
epoch: [18], step: [341/1581], batch loss: 0.27055, batch accuracy: 93.75, data load time: 0.00023, step time: 0.01663,
epoch: [18], step: [641/1581], batch loss: 0.01329, batch accuracy: 100.00, data load time: 0.00027, step time: 0.01109,
epoch: [18], step: [941/1581], batch loss: 0.25943, batch accuracy: 93.75, data load time: 0.00022, step time: 0.01744,
epoch: [18], step: [1241/1581], batch loss: 0.09015, batch accuracy: 96.88, data load time: 0.00575, step time: 0.01203,
epoch: [18], step: [1541/1581], batch loss: 0.05713, batch accuracy: 96.88, data load time: 0.00012, step time: 0.01027,
epoch: [19], step: [260/1581], batch loss: 0.00373, batch accuracy: 100.00, data load time: 0.00388, step time: 0.01241,
epoch: [19], step: [560/1581], batch loss: 0.01290, batch accuracy: 100.00, data load time: 0.00026, step time: 0.02160,
epoch: [19], step: [860/1581], batch loss: 0.02742, batch accuracy: 100.00, data load time: 0.00029, step time: 0.01706,
epoch: [19], step: [1160/1581], batch loss: 0.20602, batch accuracy: 93.75, data load time: 0.00405, step time: 0.01296,
epoch: [19], step: [1460/1581], batch loss: 0.12393, batch accuracy: 96.88, data load time: 0.00430, step time: 0.01327,
validation loss: 1.48686, accuracy: 72.68, class_accuracy: [60.0, 86.58536585365853, 66.42651296829972, 76.46017699115045, 91.64086687306502, 66.87306501547988, 88.23529411764706, 90.96774193548387, 53.9426523297491, 69.57142857142857]
epoch: [20], step: [179/1581], batch loss: 0.05082, batch accuracy: 100.00, data load time: 0.00023, step time: 0.01682,
epoch: [20], step: [479/1581], batch loss: 0.15315, batch accuracy: 96.88, data load time: 0.00586, step time: 0.01079,
epoch: [20], step: [779/1581], batch loss: 0.22377, batch accuracy: 90.62, data load time: 0.00318, step time: 0.01192,
epoch: [20], step: [1079/1581], batch loss: 0.04881, batch accuracy: 96.88, data load time: 0.00022, step time: 0.01101,
epoch: [20], step: [1379/1581], batch loss: 0.16873, batch accuracy: 96.88, data load time: 0.00023, step time: 0.01087,
epoch: [21], step: [98/1581], batch loss: 0.02666, batch accuracy: 100.00, data load time: 0.00599, step time: 0.01096,
epoch: [21], step: [398/1581], batch loss: 0.24906, batch accuracy: 96.88, data load time: 0.00024, step time: 0.01679,
epoch: [21], step: [698/1581], batch loss: 0.21266, batch accuracy: 90.62, data load time: 0.00952, step time: 0.01372,
epoch: [21], step: [998/1581], batch loss: 0.02616, batch accuracy: 100.00, data load time: 0.00332, step time: 0.01453,
epoch: [21], step: [1298/1581], batch loss: 0.18920, batch accuracy: 96.88, data load time: 0.00022, step time: 0.01649,
epoch: [22], step: [17/1581], batch loss: 0.03169, batch accuracy: 96.88, data load time: 0.00019, step time: 0.01168,
epoch: [22], step: [317/1581], batch loss: 0.11227, batch accuracy: 93.75, data load time: 0.00023, step time: 0.01061,
epoch: [22], step: [617/1581], batch loss: 0.24219, batch accuracy: 90.62, data load time: 0.00351, step time: 0.01141,
epoch: [22], step: [917/1581], batch loss: 0.02646, batch accuracy: 100.00, data load time: 0.00026, step time: 0.01725,
epoch: [22], step: [1217/1581], batch loss: 0.07224, batch accuracy: 96.88, data load time: 0.00025, step time: 0.01100,
epoch: [22], step: [1517/1581], batch loss: 0.06038, batch accuracy: 96.88, data load time: 0.00340, step time: 0.01205,
epoch: [23], step: [236/1581], batch loss: 0.01996, batch accuracy: 100.00, data load time: 0.00113, step time: 0.01083,
epoch: [23], step: [536/1581], batch loss: 0.07580, batch accuracy: 96.88, data load time: 0.00023, step time: 0.01193,
epoch: [23], step: [836/1581], batch loss: 0.02871, batch accuracy: 96.88, data load time: 0.00025, step time: 0.01096,
epoch: [23], step: [1136/1581], batch loss: 0.04393, batch accuracy: 100.00, data load time: 0.00370, step time: 0.01368,
epoch: [23], step: [1436/1581], batch loss: 0.08695, batch accuracy: 96.88, data load time: 0.00027, step time: 0.01079,
epoch: [24], step: [155/1581], batch loss: 0.23012, batch accuracy: 90.62, data load time: 0.00022, step time: 0.01095,
epoch: [24], step: [455/1581], batch loss: 0.18481, batch accuracy: 90.62, data load time: 0.00023, step time: 0.01731,
epoch: [24], step: [755/1581], batch loss: 0.08788, batch accuracy: 96.88, data load time: 0.00027, step time: 0.01082,
epoch: [24], step: [1055/1581], batch loss: 0.08234, batch accuracy: 96.88, data load time: 0.00021, step time: 0.01058,
epoch: [24], step: [1355/1581], batch loss: 0.15652, batch accuracy: 93.75, data load time: 0.00301, step time: 0.01183,
validation loss: 1.77586, accuracy: 71.84, class_accuracy: [59.142857142857146, 90.85365853658537, 69.30835734870317, 76.8141592920354, 90.24767801857585, 60.371517027863774, 98.03921568627452, 92.09677419354838, 52.1505376344086, 66.14285714285714]
epoch: [25], step: [74/1581], batch loss: 0.03109, batch accuracy: 100.00, data load time: 0.00023, step time: 0.01337,
epoch: [25], step: [374/1581], batch loss: 0.03444, batch accuracy: 100.00, data load time: 0.00108, step time: 0.01073,
epoch: [25], step: [674/1581], batch loss: 0.22106, batch accuracy: 93.75, data load time: 0.00023, step time: 0.01074,
epoch: [25], step: [974/1581], batch loss: 0.01652, batch accuracy: 100.00, data load time: 0.00024, step time: 0.01169,
epoch: [25], step: [1274/1581], batch loss: 0.07636, batch accuracy: 93.75, data load time: 0.00025, step time: 0.02118,
epoch: [25], step: [1574/1581], batch loss: 0.04282, batch accuracy: 96.88, data load time: 0.00011, step time: 0.01024,
epoch: [26], step: [293/1581], batch loss: 0.00903, batch accuracy: 100.00, data load time: 0.00033, step time: 0.01085,
epoch: [26], step: [593/1581], batch loss: 0.01618, batch accuracy: 100.00, data load time: 0.00023, step time: 0.01097,
epoch: [26], step: [893/1581], batch loss: 0.03558, batch accuracy: 96.88, data load time: 0.00344, step time: 0.01142,
epoch: [26], step: [1193/1581], batch loss: 0.23170, batch accuracy: 87.50, data load time: 0.00021, step time: 0.01081,
epoch: [26], step: [1493/1581], batch loss: 0.08887, batch accuracy: 96.88, data load time: 0.00327, step time: 0.01156,
epoch: [27], step: [212/1581], batch loss: 0.00933, batch accuracy: 100.00, data load time: 0.00023, step time: 0.01757,
epoch: [27], step: [512/1581], batch loss: 0.15820, batch accuracy: 96.88, data load time: 0.00022, step time: 0.01714,
epoch: [27], step: [812/1581], batch loss: 0.02226, batch accuracy: 100.00, data load time: 0.00024, step time: 0.01092,
epoch: [27], step: [1112/1581], batch loss: 0.02451, batch accuracy: 100.00, data load time: 0.00022, step time: 0.01205,
epoch: [27], step: [1412/1581], batch loss: 0.11027, batch accuracy: 93.75, data load time: 0.00026, step time: 0.01116,
epoch: [28], step: [131/1581], batch loss: 0.02026, batch accuracy: 100.00, data load time: 0.00413, step time: 0.01297,
epoch: [28], step: [431/1581], batch loss: 0.10241, batch accuracy: 96.88, data load time: 0.00594, step time: 0.01236,
epoch: [28], step: [731/1581], batch loss: 0.10577, batch accuracy: 96.88, data load time: 0.00023, step time: 0.01086,
epoch: [28], step: [1031/1581], batch loss: 0.02742, batch accuracy: 100.00, data load time: 0.00419, step time: 0.01344,
epoch: [28], step: [1331/1581], batch loss: 0.10019, batch accuracy: 93.75, data load time: 0.00025, step time: 0.01716,
epoch: [29], step: [50/1581], batch loss: 0.14603, batch accuracy: 90.62, data load time: 0.00021, step time: 0.01739,
epoch: [29], step: [350/1581], batch loss: 0.00386, batch accuracy: 100.00, data load time: 0.00023, step time: 0.01210,
epoch: [29], step: [650/1581], batch loss: 0.03681, batch accuracy: 96.88, data load time: 0.00597, step time: 0.01074,
epoch: [29], step: [950/1581], batch loss: 0.18993, batch accuracy: 96.88, data load time: 0.00022, step time: 0.01269,
epoch: [29], step: [1250/1581], batch loss: 0.03779, batch accuracy: 96.88, data load time: 0.00022, step time: 0.01058,
epoch: [29], step: [1550/1581], batch loss: 0.22372, batch accuracy: 90.62, data load time: 0.00013, step time: 0.01024,
validation loss: 1.97826, accuracy: 70.21, class_accuracy: [55.142857142857146, 90.2439024390244, 69.30835734870317, 77.34513274336283, 80.18575851393189, 49.22600619195047, 98.03921568627452, 94.19354838709677, 49.6415770609319, 77.0]
epoch: [30], step: [269/1581], batch loss: 0.10521, batch accuracy: 93.75, data load time: 0.00023, step time: 0.01873,
epoch: [30], step: [569/1581], batch loss: 0.02725, batch accuracy: 100.00, data load time: 0.00028, step time: 0.01075,
epoch: [30], step: [869/1581], batch loss: 0.00423, batch accuracy: 100.00, data load time: 0.00021, step time: 0.01055,
epoch: [30], step: [1169/1581], batch loss: 0.02401, batch accuracy: 100.00, data load time: 0.00033, step time: 0.01070,
epoch: [30], step: [1469/1581], batch loss: 0.04492, batch accuracy: 96.88, data load time: 0.00029, step time: 0.01143,
epoch: [31], step: [188/1581], batch loss: 0.08307, batch accuracy: 93.75, data load time: 0.00023, step time: 0.01766,
epoch: [31], step: [488/1581], batch loss: 0.01781, batch accuracy: 100.00, data load time: 0.00034, step time: 0.01104,
epoch: [31], step: [788/1581], batch loss: 0.01633, batch accuracy: 100.00, data load time: 0.00026, step time: 0.01977,
epoch: [31], step: [1088/1581], batch loss: 0.03048, batch accuracy: 96.88, data load time: 0.00021, step time: 0.01124,
epoch: [31], step: [1388/1581], batch loss: 0.00541, batch accuracy: 100.00, data load time: 0.00024, step time: 0.01832,
epoch: [32], step: [107/1581], batch loss: 0.00826, batch accuracy: 100.00, data load time: 0.00021, step time: 0.01103,
epoch: [32], step: [407/1581], batch loss: 0.13196, batch accuracy: 96.88, data load time: 0.00579, step time: 0.01094,
epoch: [32], step: [707/1581], batch loss: 0.17741, batch accuracy: 90.62, data load time: 0.00023, step time: 0.01737,
epoch: [32], step: [1007/1581], batch loss: 0.06928, batch accuracy: 96.88, data load time: 0.00022, step time: 0.02061,
epoch: [32], step: [1307/1581], batch loss: 0.06124, batch accuracy: 96.88, data load time: 0.00024, step time: 0.01069,
epoch: [33], step: [26/1581], batch loss: 0.00825, batch accuracy: 100.00, data load time: 0.00045, step time: 0.01282,
epoch: [33], step: [326/1581], batch loss: 0.01328, batch accuracy: 100.00, data load time: 0.00261, step time: 0.01132,
epoch: [33], step: [626/1581], batch loss: 0.00600, batch accuracy: 100.00, data load time: 0.00023, step time: 0.01633,
epoch: [33], step: [926/1581], batch loss: 0.01266, batch accuracy: 100.00, data load time: 0.00027, step time: 0.01285,
epoch: [33], step: [1226/1581], batch loss: 0.09579, batch accuracy: 93.75, data load time: 0.00151, step time: 0.01388,
epoch: [33], step: [1526/1581], batch loss: 0.01429, batch accuracy: 100.00, data load time: 0.00018, step time: 0.01643,
epoch: [34], step: [245/1581], batch loss: 0.24975, batch accuracy: 93.75, data load time: 0.00024, step time: 0.01089,
epoch: [34], step: [545/1581], batch loss: 0.08926, batch accuracy: 96.88, data load time: 0.00371, step time: 0.01194,
epoch: [34], step: [845/1581], batch loss: 0.05701, batch accuracy: 96.88, data load time: 0.00029, step time: 0.01137,
epoch: [34], step: [1145/1581], batch loss: 0.00246, batch accuracy: 100.00, data load time: 0.00025, step time: 0.01069,
epoch: [34], step: [1445/1581], batch loss: 0.00316, batch accuracy: 100.00, data load time: 0.00023, step time: 0.01074,
validation loss: 2.01073, accuracy: 69.55, class_accuracy: [51.285714285714285, 82.3170731707317, 66.28242074927954, 76.63716814159292, 85.44891640866874, 70.89783281733746, 97.05882352941177, 92.09677419354838, 55.55555555555556, 53.57142857142857]
epoch: [35], step: [164/1581], batch loss: 0.01615, batch accuracy: 100.00, data load time: 0.00024, step time: 0.01152,
epoch: [35], step: [464/1581], batch loss: 0.01349, batch accuracy: 100.00, data load time: 0.00024, step time: 0.01074,
epoch: [35], step: [764/1581], batch loss: 0.02347, batch accuracy: 100.00, data load time: 0.00308, step time: 0.01387,
epoch: [35], step: [1064/1581], batch loss: 0.00885, batch accuracy: 100.00, data load time: 0.00099, step time: 0.01111,
epoch: [35], step: [1364/1581], batch loss: 0.00865, batch accuracy: 100.00, data load time: 0.00030, step time: 0.01134,
epoch: [36], step: [83/1581], batch loss: 0.00199, batch accuracy: 100.00, data load time: 0.00316, step time: 0.01250,
epoch: [36], step: [383/1581], batch loss: 0.02952, batch accuracy: 100.00, data load time: 0.00024, step time: 0.01656,
epoch: [36], step: [683/1581], batch loss: 0.02146, batch accuracy: 100.00, data load time: 0.00024, step time: 0.01763,
epoch: [36], step: [983/1581], batch loss: 0.00953, batch accuracy: 100.00, data load time: 0.00023, step time: 0.01383,
epoch: [36], step: [1283/1581], batch loss: 0.04884, batch accuracy: 96.88, data load time: 0.00024, step time: 0.01572,
epoch: [37], step: [2/1581], batch loss: 0.03132, batch accuracy: 100.00, data load time: 0.00025, step time: 0.01159,
epoch: [37], step: [302/1581], batch loss: 0.05895, batch accuracy: 96.88, data load time: 0.00022, step time: 0.01193,
epoch: [37], step: [602/1581], batch loss: 0.05587, batch accuracy: 96.88, data load time: 0.00612, step time: 0.01438,
epoch: [37], step: [902/1581], batch loss: 0.06512, batch accuracy: 96.88, data load time: 0.00026, step time: 0.01228,
epoch: [37], step: [1202/1581], batch loss: 0.17578, batch accuracy: 93.75, data load time: 0.00022, step time: 0.01624,
epoch: [37], step: [1502/1581], batch loss: 0.03772, batch accuracy: 96.88, data load time: 0.00023, step time: 0.01088,
epoch: [38], step: [221/1581], batch loss: 0.01146, batch accuracy: 100.00, data load time: 0.00024, step time: 0.01080,
epoch: [38], step: [521/1581], batch loss: 0.08180, batch accuracy: 96.88, data load time: 0.00021, step time: 0.01904,
epoch: [38], step: [821/1581], batch loss: 0.00963, batch accuracy: 100.00, data load time: 0.00036, step time: 0.01318,
epoch: [38], step: [1121/1581], batch loss: 0.15417, batch accuracy: 96.88, data load time: 0.00024, step time: 0.01078,
epoch: [38], step: [1421/1581], batch loss: 0.13817, batch accuracy: 96.88, data load time: 0.00022, step time: 0.01220,
epoch: [39], step: [140/1581], batch loss: 0.12983, batch accuracy: 96.88, data load time: 0.00022, step time: 0.01073,
epoch: [39], step: [440/1581], batch loss: 0.00483, batch accuracy: 100.00, data load time: 0.00025, step time: 0.01104,
epoch: [39], step: [740/1581], batch loss: 0.02994, batch accuracy: 100.00, data load time: 0.00023, step time: 0.01102,
epoch: [39], step: [1040/1581], batch loss: 0.05218, batch accuracy: 96.88, data load time: 0.00024, step time: 0.01079,
epoch: [39], step: [1340/1581], batch loss: 0.05201, batch accuracy: 93.75, data load time: 0.00354, step time: 0.01107,
validation loss: 2.14399, accuracy: 71.05, class_accuracy: [51.142857142857146, 90.85365853658537, 71.3256484149856, 76.63716814159292, 88.08049535603715, 63.62229102167183, 96.07843137254902, 93.87096774193549, 50.7168458781362, 65.0]
epoch: [40], step: [59/1581], batch loss: 0.09667, batch accuracy: 93.75, data load time: 0.00614, step time: 0.01621,
epoch: [40], step: [359/1581], batch loss: 0.00160, batch accuracy: 100.00, data load time: 0.00022, step time: 0.01775,
epoch: [40], step: [659/1581], batch loss: 0.04197, batch accuracy: 96.88, data load time: 0.00627, step time: 0.01172,
epoch: [40], step: [959/1581], batch loss: 0.01591, batch accuracy: 100.00, data load time: 0.00029, step time: 0.01082,
epoch: [40], step: [1259/1581], batch loss: 0.00966, batch accuracy: 100.00, data load time: 0.00024, step time: 0.01950,
epoch: [40], step: [1559/1581], batch loss: 0.04512, batch accuracy: 96.88, data load time: 0.00011, step time: 0.01025,
epoch: [41], step: [278/1581], batch loss: 0.01579, batch accuracy: 100.00, data load time: 0.00582, step time: 0.01076,
epoch: [41], step: [578/1581], batch loss: 0.00463, batch accuracy: 100.00, data load time: 0.00332, step time: 0.01324,
epoch: [41], step: [878/1581], batch loss: 0.02106, batch accuracy: 100.00, data load time: 0.00024, step time: 0.01211,
epoch: [41], step: [1178/1581], batch loss: 0.00148, batch accuracy: 100.00, data load time: 0.00023, step time: 0.01754,
epoch: [41], step: [1478/1581], batch loss: 0.03920, batch accuracy: 100.00, data load time: 0.00347, step time: 0.01447,
epoch: [42], step: [197/1581], batch loss: 0.15832, batch accuracy: 96.88, data load time: 0.00355, step time: 0.01307,
epoch: [42], step: [497/1581], batch loss: 0.01274, batch accuracy: 100.00, data load time: 0.00381, step time: 0.01192,
epoch: [42], step: [797/1581], batch loss: 0.04692, batch accuracy: 96.88, data load time: 0.00023, step time: 0.01083,
epoch: [42], step: [1097/1581], batch loss: 0.00027, batch accuracy: 100.00, data load time: 0.00077, step time: 0.01580,
epoch: [42], step: [1397/1581], batch loss: 0.02364, batch accuracy: 96.88, data load time: 0.00023, step time: 0.01082,
epoch: [43], step: [116/1581], batch loss: 0.02395, batch accuracy: 100.00, data load time: 0.00024, step time: 0.01512,
epoch: [43], step: [416/1581], batch loss: 0.10427, batch accuracy: 96.88, data load time: 0.00024, step time: 0.01127,
epoch: [43], step: [716/1581], batch loss: 0.01885, batch accuracy: 100.00, data load time: 0.00023, step time: 0.01174,
epoch: [43], step: [1016/1581], batch loss: 0.01215, batch accuracy: 100.00, data load time: 0.00022, step time: 0.01622,
epoch: [43], step: [1316/1581], batch loss: 0.00186, batch accuracy: 100.00, data load time: 0.00021, step time: 0.01065,
epoch: [44], step: [35/1581], batch loss: 0.00646, batch accuracy: 100.00, data load time: 0.00020, step time: 0.01058,
epoch: [44], step: [335/1581], batch loss: 0.00030, batch accuracy: 100.00, data load time: 0.00026, step time: 0.01082,
epoch: [44], step: [635/1581], batch loss: 0.28566, batch accuracy: 96.88, data load time: 0.00050, step time: 0.01091,
epoch: [44], step: [935/1581], batch loss: 0.07356, batch accuracy: 96.88, data load time: 0.00021, step time: 0.01083,
epoch: [44], step: [1235/1581], batch loss: 0.00272, batch accuracy: 100.00, data load time: 0.00022, step time: 0.01074,
epoch: [44], step: [1535/1581], batch loss: 0.07996, batch accuracy: 96.88, data load time: 0.00019, step time: 0.01086,
validation loss: 1.93608, accuracy: 72.36, class_accuracy: [63.142857142857146, 89.02439024390245, 72.04610951008645, 79.11504424778761, 86.9969040247678, 62.538699690402474, 95.09803921568627, 91.93548387096774, 53.40501792114696, 62.57142857142857]
epoch: [45], step: [254/1581], batch loss: 0.00015, batch accuracy: 100.00, data load time: 0.00495, step time: 0.01364,
epoch: [45], step: [554/1581], batch loss: 0.10841, batch accuracy: 93.75, data load time: 0.00342, step time: 0.01204,
epoch: [45], step: [854/1581], batch loss: 0.08896, batch accuracy: 96.88, data load time: 0.00024, step time: 0.01086,
epoch: [45], step: [1154/1581], batch loss: 0.14814, batch accuracy: 93.75, data load time: 0.00569, step time: 0.01287,
epoch: [45], step: [1454/1581], batch loss: 0.01716, batch accuracy: 100.00, data load time: 0.00022, step time: 0.01160,
epoch: [46], step: [173/1581], batch loss: 0.01615, batch accuracy: 100.00, data load time: 0.00023, step time: 0.01781,
epoch: [46], step: [473/1581], batch loss: 0.01573, batch accuracy: 100.00, data load time: 0.00022, step time: 0.01610,
epoch: [46], step: [773/1581], batch loss: 0.05363, batch accuracy: 96.88, data load time: 0.00023, step time: 0.01114,
epoch: [46], step: [1073/1581], batch loss: 0.06214, batch accuracy: 96.88, data load time: 0.00026, step time: 0.01077,
epoch: [46], step: [1373/1581], batch loss: 0.00027, batch accuracy: 100.00, data load time: 0.00138, step time: 0.01170,
epoch: [47], step: [92/1581], batch loss: 0.01474, batch accuracy: 100.00, data load time: 0.00024, step time: 0.01674,
epoch: [47], step: [392/1581], batch loss: 0.00223, batch accuracy: 100.00, data load time: 0.00023, step time: 0.01243,
epoch: [47], step: [692/1581], batch loss: 0.06395, batch accuracy: 96.88, data load time: 0.00023, step time: 0.01105,
epoch: [47], step: [992/1581], batch loss: 0.00191, batch accuracy: 100.00, data load time: 0.00023, step time: 0.01205,
epoch: [47], step: [1292/1581], batch loss: 0.00498, batch accuracy: 100.00, data load time: 0.00023, step time: 0.01503,
epoch: [48], step: [11/1581], batch loss: 0.00566, batch accuracy: 100.00, data load time: 0.00028, step time: 0.01191,
epoch: [48], step: [311/1581], batch loss: 0.01230, batch accuracy: 100.00, data load time: 0.00024, step time: 0.01672,
epoch: [48], step: [611/1581], batch loss: 0.00436, batch accuracy: 100.00, data load time: 0.00024, step time: 0.01157,
epoch: [48], step: [911/1581], batch loss: 0.00808, batch accuracy: 100.00, data load time: 0.00024, step time: 0.01074,
epoch: [48], step: [1211/1581], batch loss: 0.01396, batch accuracy: 100.00, data load time: 0.00595, step time: 0.01089,
epoch: [48], step: [1511/1581], batch loss: 0.01398, batch accuracy: 100.00, data load time: 0.00024, step time: 0.01147,
epoch: [49], step: [230/1581], batch loss: 0.01214, batch accuracy: 100.00, data load time: 0.00024, step time: 0.01843,
epoch: [49], step: [530/1581], batch loss: 0.00576, batch accuracy: 100.00, data load time: 0.00485, step time: 0.01390,
epoch: [49], step: [830/1581], batch loss: 0.02046, batch accuracy: 100.00, data load time: 0.00024, step time: 0.01059,
epoch: [49], step: [1130/1581], batch loss: 0.08739, batch accuracy: 96.88, data load time: 0.00322, step time: 0.01106,
epoch: [49], step: [1430/1581], batch loss: 0.01233, batch accuracy: 100.00, data load time: 0.00635, step time: 0.01319,
validation loss: 2.11837, accuracy: 71.71, class_accuracy: [57.714285714285715, 88.41463414634147, 74.35158501440922, 78.05309734513274, 79.10216718266254, 63.77708978328173, 98.03921568627452, 92.25806451612904, 56.272401433691755, 64.85714285714286]
Total time taken: 1256.2044432163239
