Using CUDA...
tensor([1.0006, 3.4515, 1.0082, 1.2300, 1.1086, 1.0027, 5.6646, 1.0702, 1.0825,
        1.0000], device='cuda:0')
Writing logs to logs/CNN_bn_epochs=50_dropout=0.5_bs=32_lr=0.001_momentum=0.9_mode=MC_run_7
epoch: [0], step: [299/1581], batch loss: 1.11597, batch accuracy: 43.75, data load time: 0.00022, step time: 0.00957,
epoch: [0], step: [599/1581], batch loss: 0.79411, batch accuracy: 81.25, data load time: 0.00022, step time: 0.01001,
epoch: [0], step: [899/1581], batch loss: 0.70894, batch accuracy: 65.62, data load time: 0.00022, step time: 0.01019,
epoch: [0], step: [1199/1581], batch loss: 0.86716, batch accuracy: 75.00, data load time: 0.00023, step time: 0.01581,
epoch: [0], step: [1499/1581], batch loss: 0.41755, batch accuracy: 93.75, data load time: 0.00021, step time: 0.00947,
epoch: [1], step: [218/1581], batch loss: 0.77145, batch accuracy: 71.88, data load time: 0.00025, step time: 0.01000,
epoch: [1], step: [518/1581], batch loss: 0.31746, batch accuracy: 87.50, data load time: 0.00573, step time: 0.00975,
epoch: [1], step: [818/1581], batch loss: 0.65206, batch accuracy: 71.88, data load time: 0.00021, step time: 0.01113,
epoch: [1], step: [1118/1581], batch loss: 0.36188, batch accuracy: 87.50, data load time: 0.00032, step time: 0.00992,
epoch: [1], step: [1418/1581], batch loss: 0.35512, batch accuracy: 84.38, data load time: 0.00021, step time: 0.00940,
epoch: [2], step: [137/1581], batch loss: 0.46321, batch accuracy: 87.50, data load time: 0.00365, step time: 0.00976,
epoch: [2], step: [437/1581], batch loss: 0.34067, batch accuracy: 84.38, data load time: 0.00024, step time: 0.01590,
epoch: [2], step: [737/1581], batch loss: 0.24927, batch accuracy: 84.38, data load time: 0.00023, step time: 0.00970,
epoch: [2], step: [1037/1581], batch loss: 0.57529, batch accuracy: 78.12, data load time: 0.00023, step time: 0.00961,
epoch: [2], step: [1337/1581], batch loss: 0.83509, batch accuracy: 75.00, data load time: 0.00023, step time: 0.01577,
epoch: [3], step: [56/1581], batch loss: 0.63758, batch accuracy: 81.25, data load time: 0.00021, step time: 0.01662,
epoch: [3], step: [356/1581], batch loss: 0.28577, batch accuracy: 87.50, data load time: 0.00032, step time: 0.01597,
epoch: [3], step: [656/1581], batch loss: 0.31744, batch accuracy: 87.50, data load time: 0.00022, step time: 0.01117,
epoch: [3], step: [956/1581], batch loss: 0.59073, batch accuracy: 81.25, data load time: 0.01257, step time: 0.00993,
epoch: [3], step: [1256/1581], batch loss: 0.31302, batch accuracy: 87.50, data load time: 0.00023, step time: 0.01601,
epoch: [3], step: [1556/1581], batch loss: 0.27351, batch accuracy: 90.62, data load time: 0.00011, step time: 0.00873,
epoch: [4], step: [275/1581], batch loss: 0.55104, batch accuracy: 90.62, data load time: 0.00306, step time: 0.00995,
epoch: [4], step: [575/1581], batch loss: 0.41873, batch accuracy: 84.38, data load time: 0.00022, step time: 0.00974,
epoch: [4], step: [875/1581], batch loss: 0.44218, batch accuracy: 81.25, data load time: 0.00408, step time: 0.01016,
epoch: [4], step: [1175/1581], batch loss: 0.22833, batch accuracy: 90.62, data load time: 0.00022, step time: 0.01195,
epoch: [4], step: [1475/1581], batch loss: 0.34540, batch accuracy: 84.38, data load time: 0.00022, step time: 0.01014,
validation loss: 0.80961, accuracy: 74.72, class_accuracy: [55.08474576271186, 89.47368421052632, 83.76068376068376, 67.2566371681416, 75.42372881355932, 71.55963302752293, 97.14285714285714, 97.34513274336283, 46.93877551020408, 84.7457627118644]
epoch: [5], step: [194/1581], batch loss: 0.26346, batch accuracy: 84.38, data load time: 0.00021, step time: 0.01121,
epoch: [5], step: [494/1581], batch loss: 0.34387, batch accuracy: 81.25, data load time: 0.00350, step time: 0.01153,
epoch: [5], step: [794/1581], batch loss: 0.07907, batch accuracy: 100.00, data load time: 0.00027, step time: 0.01036,
epoch: [5], step: [1094/1581], batch loss: 0.31772, batch accuracy: 84.38, data load time: 0.00022, step time: 0.01319,
epoch: [5], step: [1394/1581], batch loss: 0.10646, batch accuracy: 93.75, data load time: 0.00021, step time: 0.01122,
epoch: [6], step: [113/1581], batch loss: 0.16704, batch accuracy: 96.88, data load time: 0.00021, step time: 0.00968,
epoch: [6], step: [413/1581], batch loss: 0.45312, batch accuracy: 81.25, data load time: 0.00022, step time: 0.00990,
epoch: [6], step: [713/1581], batch loss: 0.26505, batch accuracy: 90.62, data load time: 0.00022, step time: 0.00985,
epoch: [6], step: [1013/1581], batch loss: 0.41936, batch accuracy: 84.38, data load time: 0.00021, step time: 0.00970,
epoch: [6], step: [1313/1581], batch loss: 0.23855, batch accuracy: 87.50, data load time: 0.00292, step time: 0.00988,
epoch: [7], step: [32/1581], batch loss: 0.38419, batch accuracy: 84.38, data load time: 0.00310, step time: 0.01126,
epoch: [7], step: [332/1581], batch loss: 0.28818, batch accuracy: 90.62, data load time: 0.00338, step time: 0.01027,
epoch: [7], step: [632/1581], batch loss: 0.22033, batch accuracy: 87.50, data load time: 0.00022, step time: 0.00937,
epoch: [7], step: [932/1581], batch loss: 0.10961, batch accuracy: 96.88, data load time: 0.00288, step time: 0.01348,
epoch: [7], step: [1232/1581], batch loss: 0.24164, batch accuracy: 96.88, data load time: 0.00024, step time: 0.01042,
epoch: [7], step: [1532/1581], batch loss: 0.76803, batch accuracy: 87.50, data load time: 0.00019, step time: 0.01127,
epoch: [8], step: [251/1581], batch loss: 0.36236, batch accuracy: 84.38, data load time: 0.00022, step time: 0.01005,
epoch: [8], step: [551/1581], batch loss: 0.23744, batch accuracy: 90.62, data load time: 0.00023, step time: 0.00963,
epoch: [8], step: [851/1581], batch loss: 0.18780, batch accuracy: 93.75, data load time: 0.00021, step time: 0.00939,
epoch: [8], step: [1151/1581], batch loss: 0.27696, batch accuracy: 90.62, data load time: 0.00021, step time: 0.00934,
epoch: [8], step: [1451/1581], batch loss: 0.31710, batch accuracy: 87.50, data load time: 0.00020, step time: 0.00975,
epoch: [9], step: [170/1581], batch loss: 0.22318, batch accuracy: 93.75, data load time: 0.00022, step time: 0.01512,
epoch: [9], step: [470/1581], batch loss: 0.24827, batch accuracy: 90.62, data load time: 0.00022, step time: 0.01659,
epoch: [9], step: [770/1581], batch loss: 0.41962, batch accuracy: 84.38, data load time: 0.00021, step time: 0.01563,
epoch: [9], step: [1070/1581], batch loss: 0.28596, batch accuracy: 87.50, data load time: 0.00030, step time: 0.01010,
epoch: [9], step: [1370/1581], batch loss: 0.25040, batch accuracy: 84.38, data load time: 0.00022, step time: 0.01028,
validation loss: 0.86487, accuracy: 76.46, class_accuracy: [70.33898305084746, 73.6842105263158, 83.76068376068376, 69.02654867256638, 78.8135593220339, 76.14678899082568, 94.28571428571429, 93.80530973451327, 46.93877551020408, 83.89830508474576]
epoch: [10], step: [89/1581], batch loss: 0.45158, batch accuracy: 81.25, data load time: 0.00032, step time: 0.01123,
epoch: [10], step: [389/1581], batch loss: 0.24564, batch accuracy: 87.50, data load time: 0.00024, step time: 0.00993,
epoch: [10], step: [689/1581], batch loss: 0.24149, batch accuracy: 96.88, data load time: 0.00020, step time: 0.00967,
epoch: [10], step: [989/1581], batch loss: 0.21816, batch accuracy: 96.88, data load time: 0.00027, step time: 0.01021,
epoch: [10], step: [1289/1581], batch loss: 0.48523, batch accuracy: 81.25, data load time: 0.00024, step time: 0.00960,
epoch: [11], step: [8/1581], batch loss: 0.11042, batch accuracy: 100.00, data load time: 0.00022, step time: 0.01941,
epoch: [11], step: [308/1581], batch loss: 0.48146, batch accuracy: 84.38, data load time: 0.00370, step time: 0.00985,
epoch: [11], step: [608/1581], batch loss: 0.39401, batch accuracy: 78.12, data load time: 0.00025, step time: 0.00983,
epoch: [11], step: [908/1581], batch loss: 0.30066, batch accuracy: 84.38, data load time: 0.00034, step time: 0.01040,
epoch: [11], step: [1208/1581], batch loss: 0.09110, batch accuracy: 96.88, data load time: 0.00034, step time: 0.00990,
epoch: [11], step: [1508/1581], batch loss: 0.71143, batch accuracy: 87.50, data load time: 0.00023, step time: 0.01656,
epoch: [12], step: [227/1581], batch loss: 0.27422, batch accuracy: 90.62, data load time: 0.00567, step time: 0.01164,
epoch: [12], step: [527/1581], batch loss: 0.24420, batch accuracy: 87.50, data load time: 0.00024, step time: 0.01030,
epoch: [12], step: [827/1581], batch loss: 0.15342, batch accuracy: 96.88, data load time: 0.00023, step time: 0.01537,
epoch: [12], step: [1127/1581], batch loss: 0.26092, batch accuracy: 84.38, data load time: 0.00028, step time: 0.00962,
epoch: [12], step: [1427/1581], batch loss: 0.42706, batch accuracy: 81.25, data load time: 0.00022, step time: 0.01737,
epoch: [13], step: [146/1581], batch loss: 0.19601, batch accuracy: 93.75, data load time: 0.00041, step time: 0.01145,
epoch: [13], step: [446/1581], batch loss: 0.12703, batch accuracy: 96.88, data load time: 0.00022, step time: 0.01529,
epoch: [13], step: [746/1581], batch loss: 0.38845, batch accuracy: 96.88, data load time: 0.00022, step time: 0.01163,
epoch: [13], step: [1046/1581], batch loss: 0.14050, batch accuracy: 93.75, data load time: 0.00829, step time: 0.01041,
epoch: [13], step: [1346/1581], batch loss: 0.10013, batch accuracy: 96.88, data load time: 0.00021, step time: 0.01154,
epoch: [14], step: [65/1581], batch loss: 0.13126, batch accuracy: 96.88, data load time: 0.00024, step time: 0.00987,
epoch: [14], step: [365/1581], batch loss: 0.20141, batch accuracy: 93.75, data load time: 0.00022, step time: 0.00994,
epoch: [14], step: [665/1581], batch loss: 0.37219, batch accuracy: 87.50, data load time: 0.00026, step time: 0.01083,
epoch: [14], step: [965/1581], batch loss: 0.14287, batch accuracy: 96.88, data load time: 0.00335, step time: 0.01081,
epoch: [14], step: [1265/1581], batch loss: 0.14956, batch accuracy: 90.62, data load time: 0.00313, step time: 0.01058,
epoch: [14], step: [1565/1581], batch loss: 0.31459, batch accuracy: 93.75, data load time: 0.00011, step time: 0.00875,
validation loss: 0.98959, accuracy: 74.72, class_accuracy: [52.54237288135593, 89.47368421052632, 86.32478632478633, 76.10619469026548, 78.8135593220339, 70.64220183486239, 97.14285714285714, 91.15044247787611, 48.97959183673469, 77.96610169491525]
epoch: [15], step: [284/1581], batch loss: 0.17743, batch accuracy: 96.88, data load time: 0.00024, step time: 0.01004,
epoch: [15], step: [584/1581], batch loss: 0.37730, batch accuracy: 87.50, data load time: 0.00022, step time: 0.01074,
epoch: [15], step: [884/1581], batch loss: 0.62607, batch accuracy: 81.25, data load time: 0.00306, step time: 0.01223,
epoch: [15], step: [1184/1581], batch loss: 0.41934, batch accuracy: 84.38, data load time: 0.00025, step time: 0.01008,
epoch: [15], step: [1484/1581], batch loss: 0.04782, batch accuracy: 100.00, data load time: 0.00329, step time: 0.00986,
epoch: [16], step: [203/1581], batch loss: 0.19831, batch accuracy: 93.75, data load time: 0.00157, step time: 0.01285,
epoch: [16], step: [503/1581], batch loss: 0.18229, batch accuracy: 90.62, data load time: 0.00032, step time: 0.01580,
epoch: [16], step: [803/1581], batch loss: 0.07295, batch accuracy: 100.00, data load time: 0.00025, step time: 0.01841,
epoch: [16], step: [1103/1581], batch loss: 0.19361, batch accuracy: 90.62, data load time: 0.00338, step time: 0.01210,
epoch: [16], step: [1403/1581], batch loss: 0.33629, batch accuracy: 90.62, data load time: 0.00408, step time: 0.01202,
epoch: [17], step: [122/1581], batch loss: 0.06791, batch accuracy: 100.00, data load time: 0.00025, step time: 0.01774,
epoch: [17], step: [422/1581], batch loss: 0.20077, batch accuracy: 87.50, data load time: 0.00030, step time: 0.01199,
epoch: [17], step: [722/1581], batch loss: 0.48646, batch accuracy: 84.38, data load time: 0.00022, step time: 0.01027,
epoch: [17], step: [1022/1581], batch loss: 0.38968, batch accuracy: 81.25, data load time: 0.00022, step time: 0.01594,
epoch: [17], step: [1322/1581], batch loss: 0.30804, batch accuracy: 87.50, data load time: 0.00388, step time: 0.01236,
epoch: [18], step: [41/1581], batch loss: 0.28195, batch accuracy: 81.25, data load time: 0.00022, step time: 0.01786,
epoch: [18], step: [341/1581], batch loss: 0.12604, batch accuracy: 96.88, data load time: 0.00024, step time: 0.01020,
epoch: [18], step: [641/1581], batch loss: 0.20821, batch accuracy: 87.50, data load time: 0.00024, step time: 0.00958,
epoch: [18], step: [941/1581], batch loss: 0.16418, batch accuracy: 93.75, data load time: 0.00029, step time: 0.01575,
epoch: [18], step: [1241/1581], batch loss: 0.30011, batch accuracy: 93.75, data load time: 0.00027, step time: 0.00958,
epoch: [18], step: [1541/1581], batch loss: 0.23923, batch accuracy: 90.62, data load time: 0.00017, step time: 0.00921,
epoch: [19], step: [260/1581], batch loss: 0.26622, batch accuracy: 93.75, data load time: 0.00025, step time: 0.01062,
epoch: [19], step: [560/1581], batch loss: 0.38748, batch accuracy: 84.38, data load time: 0.00024, step time: 0.01114,
epoch: [19], step: [860/1581], batch loss: 0.16213, batch accuracy: 90.62, data load time: 0.00025, step time: 0.01025,
epoch: [19], step: [1160/1581], batch loss: 0.09886, batch accuracy: 96.88, data load time: 0.00032, step time: 0.01059,
epoch: [19], step: [1460/1581], batch loss: 0.29430, batch accuracy: 93.75, data load time: 0.00388, step time: 0.01234,
validation loss: 0.83298, accuracy: 76.97, class_accuracy: [55.932203389830505, 89.47368421052632, 71.7948717948718, 76.10619469026548, 75.42372881355932, 77.98165137614679, 94.28571428571429, 98.23008849557522, 59.183673469387756, 89.83050847457628]
epoch: [20], step: [179/1581], batch loss: 0.16379, batch accuracy: 96.88, data load time: 0.00586, step time: 0.00995,
epoch: [20], step: [479/1581], batch loss: 0.22431, batch accuracy: 87.50, data load time: 0.00024, step time: 0.01088,
epoch: [20], step: [779/1581], batch loss: 0.08995, batch accuracy: 93.75, data load time: 0.00412, step time: 0.01005,
epoch: [20], step: [1079/1581], batch loss: 0.35210, batch accuracy: 90.62, data load time: 0.00025, step time: 0.01182,
epoch: [20], step: [1379/1581], batch loss: 0.29100, batch accuracy: 90.62, data load time: 0.00031, step time: 0.00966,
epoch: [21], step: [98/1581], batch loss: 0.14018, batch accuracy: 93.75, data load time: 0.00023, step time: 0.01526,
epoch: [21], step: [398/1581], batch loss: 0.04643, batch accuracy: 100.00, data load time: 0.00021, step time: 0.01514,
epoch: [21], step: [698/1581], batch loss: 0.34052, batch accuracy: 90.62, data load time: 0.00356, step time: 0.01122,
epoch: [21], step: [998/1581], batch loss: 0.20614, batch accuracy: 90.62, data load time: 0.00022, step time: 0.01064,
epoch: [21], step: [1298/1581], batch loss: 0.14017, batch accuracy: 93.75, data load time: 0.00021, step time: 0.00977,
epoch: [22], step: [17/1581], batch loss: 0.33497, batch accuracy: 87.50, data load time: 0.00022, step time: 0.01050,
epoch: [22], step: [317/1581], batch loss: 0.18788, batch accuracy: 96.88, data load time: 0.00023, step time: 0.01010,
epoch: [22], step: [617/1581], batch loss: 0.08667, batch accuracy: 96.88, data load time: 0.00022, step time: 0.01592,
epoch: [22], step: [917/1581], batch loss: 0.17810, batch accuracy: 93.75, data load time: 0.00023, step time: 0.01123,
epoch: [22], step: [1217/1581], batch loss: 0.13161, batch accuracy: 96.88, data load time: 0.00033, step time: 0.00938,
epoch: [22], step: [1517/1581], batch loss: 0.22480, batch accuracy: 84.38, data load time: 0.00023, step time: 0.00993,
epoch: [23], step: [236/1581], batch loss: 0.11984, batch accuracy: 93.75, data load time: 0.00023, step time: 0.01065,
epoch: [23], step: [536/1581], batch loss: 0.04193, batch accuracy: 100.00, data load time: 0.00587, step time: 0.01149,
epoch: [23], step: [836/1581], batch loss: 0.21356, batch accuracy: 93.75, data load time: 0.00052, step time: 0.00993,
epoch: [23], step: [1136/1581], batch loss: 0.20050, batch accuracy: 87.50, data load time: 0.00023, step time: 0.01397,
epoch: [23], step: [1436/1581], batch loss: 0.12686, batch accuracy: 96.88, data load time: 0.00021, step time: 0.01560,
epoch: [24], step: [155/1581], batch loss: 0.29031, batch accuracy: 87.50, data load time: 0.00024, step time: 0.01170,
epoch: [24], step: [455/1581], batch loss: 0.23085, batch accuracy: 93.75, data load time: 0.00024, step time: 0.01016,
epoch: [24], step: [755/1581], batch loss: 0.46945, batch accuracy: 81.25, data load time: 0.00021, step time: 0.01030,
epoch: [24], step: [1055/1581], batch loss: 0.45200, batch accuracy: 81.25, data load time: 0.00021, step time: 0.00956,
epoch: [24], step: [1355/1581], batch loss: 0.23315, batch accuracy: 87.50, data load time: 0.00026, step time: 0.01103,
validation loss: 0.79329, accuracy: 76.25, class_accuracy: [55.08474576271186, 84.21052631578948, 85.47008547008546, 62.83185840707964, 80.50847457627118, 74.31192660550458, 94.28571428571429, 91.15044247787611, 55.10204081632653, 94.0677966101695]
epoch: [25], step: [74/1581], batch loss: 0.30236, batch accuracy: 93.75, data load time: 0.00570, step time: 0.01076,
epoch: [25], step: [374/1581], batch loss: 0.41868, batch accuracy: 81.25, data load time: 0.00069, step time: 0.01808,
epoch: [25], step: [674/1581], batch loss: 0.44218, batch accuracy: 87.50, data load time: 0.00386, step time: 0.01208,
epoch: [25], step: [974/1581], batch loss: 0.13314, batch accuracy: 96.88, data load time: 0.00024, step time: 0.01157,
epoch: [25], step: [1274/1581], batch loss: 0.22078, batch accuracy: 93.75, data load time: 0.00022, step time: 0.01028,
epoch: [25], step: [1574/1581], batch loss: 0.16855, batch accuracy: 90.62, data load time: 0.00011, step time: 0.00874,
epoch: [26], step: [293/1581], batch loss: 0.35953, batch accuracy: 90.62, data load time: 0.00024, step time: 0.01139,
epoch: [26], step: [593/1581], batch loss: 0.12495, batch accuracy: 96.88, data load time: 0.00021, step time: 0.01117,
epoch: [26], step: [893/1581], batch loss: 0.40355, batch accuracy: 90.62, data load time: 0.00033, step time: 0.01158,
epoch: [26], step: [1193/1581], batch loss: 0.57244, batch accuracy: 81.25, data load time: 0.00023, step time: 0.01655,
epoch: [26], step: [1493/1581], batch loss: 0.23450, batch accuracy: 87.50, data load time: 0.00579, step time: 0.01060,
epoch: [27], step: [212/1581], batch loss: 0.18957, batch accuracy: 93.75, data load time: 0.00023, step time: 0.01669,
epoch: [27], step: [512/1581], batch loss: 0.34141, batch accuracy: 84.38, data load time: 0.00590, step time: 0.01002,
epoch: [27], step: [812/1581], batch loss: 0.32515, batch accuracy: 93.75, data load time: 0.00301, step time: 0.01029,
epoch: [27], step: [1112/1581], batch loss: 0.15462, batch accuracy: 90.62, data load time: 0.00024, step time: 0.01053,
epoch: [27], step: [1412/1581], batch loss: 0.30919, batch accuracy: 93.75, data load time: 0.00021, step time: 0.01092,
epoch: [28], step: [131/1581], batch loss: 0.04769, batch accuracy: 100.00, data load time: 0.00371, step time: 0.01023,
epoch: [28], step: [431/1581], batch loss: 0.06917, batch accuracy: 96.88, data load time: 0.00023, step time: 0.01568,
epoch: [28], step: [731/1581], batch loss: 0.15434, batch accuracy: 93.75, data load time: 0.00021, step time: 0.01014,
epoch: [28], step: [1031/1581], batch loss: 0.10907, batch accuracy: 93.75, data load time: 0.00023, step time: 0.01027,
epoch: [28], step: [1331/1581], batch loss: 0.19742, batch accuracy: 90.62, data load time: 0.00025, step time: 0.01036,
epoch: [29], step: [50/1581], batch loss: 0.08035, batch accuracy: 100.00, data load time: 0.00019, step time: 0.01043,
epoch: [29], step: [350/1581], batch loss: 0.38549, batch accuracy: 87.50, data load time: 0.00021, step time: 0.01712,
epoch: [29], step: [650/1581], batch loss: 0.17028, batch accuracy: 90.62, data load time: 0.00882, step time: 0.01105,
epoch: [29], step: [950/1581], batch loss: 0.14580, batch accuracy: 93.75, data load time: 0.00022, step time: 0.01038,
epoch: [29], step: [1250/1581], batch loss: 0.52679, batch accuracy: 84.38, data load time: 0.00023, step time: 0.01048,
epoch: [29], step: [1550/1581], batch loss: 0.22972, batch accuracy: 87.50, data load time: 0.00012, step time: 0.00873,
validation loss: 0.88782, accuracy: 77.07, class_accuracy: [52.54237288135593, 68.42105263157895, 82.05128205128206, 75.22123893805309, 77.96610169491525, 73.39449541284404, 97.14285714285714, 98.23008849557522, 52.04081632653061, 98.30508474576271]
epoch: [30], step: [269/1581], batch loss: 0.32174, batch accuracy: 93.75, data load time: 0.00022, step time: 0.01695,
epoch: [30], step: [569/1581], batch loss: 0.15254, batch accuracy: 93.75, data load time: 0.00023, step time: 0.01732,
epoch: [30], step: [869/1581], batch loss: 0.21157, batch accuracy: 96.88, data load time: 0.00025, step time: 0.00975,
epoch: [30], step: [1169/1581], batch loss: 0.14542, batch accuracy: 100.00, data load time: 0.00024, step time: 0.01556,
epoch: [30], step: [1469/1581], batch loss: 0.23112, batch accuracy: 93.75, data load time: 0.00387, step time: 0.01007,
epoch: [31], step: [188/1581], batch loss: 0.26970, batch accuracy: 90.62, data load time: 0.00544, step time: 0.00958,
epoch: [31], step: [488/1581], batch loss: 0.13088, batch accuracy: 96.88, data load time: 0.00021, step time: 0.01505,
epoch: [31], step: [788/1581], batch loss: 0.16084, batch accuracy: 96.88, data load time: 0.00022, step time: 0.00968,
epoch: [31], step: [1088/1581], batch loss: 0.26196, batch accuracy: 96.88, data load time: 0.00026, step time: 0.00972,
epoch: [31], step: [1388/1581], batch loss: 0.11972, batch accuracy: 93.75, data load time: 0.00022, step time: 0.01490,
epoch: [32], step: [107/1581], batch loss: 0.09741, batch accuracy: 96.88, data load time: 0.00551, step time: 0.00943,
epoch: [32], step: [407/1581], batch loss: 0.14692, batch accuracy: 93.75, data load time: 0.00057, step time: 0.01022,
epoch: [32], step: [707/1581], batch loss: 0.17665, batch accuracy: 96.88, data load time: 0.00023, step time: 0.01765,
epoch: [32], step: [1007/1581], batch loss: 0.13671, batch accuracy: 93.75, data load time: 0.00024, step time: 0.01746,
epoch: [32], step: [1307/1581], batch loss: 0.19202, batch accuracy: 96.88, data load time: 0.00022, step time: 0.01727,
epoch: [33], step: [26/1581], batch loss: 0.43090, batch accuracy: 87.50, data load time: 0.00033, step time: 0.01088,
epoch: [33], step: [326/1581], batch loss: 0.10073, batch accuracy: 96.88, data load time: 0.00340, step time: 0.01042,
epoch: [33], step: [626/1581], batch loss: 0.39641, batch accuracy: 87.50, data load time: 0.00338, step time: 0.01225,
epoch: [33], step: [926/1581], batch loss: 0.19635, batch accuracy: 90.62, data load time: 0.00021, step time: 0.01237,
epoch: [33], step: [1226/1581], batch loss: 0.22653, batch accuracy: 90.62, data load time: 0.00022, step time: 0.01036,
epoch: [33], step: [1526/1581], batch loss: 0.20053, batch accuracy: 90.62, data load time: 0.00017, step time: 0.00975,
epoch: [34], step: [245/1581], batch loss: 0.16536, batch accuracy: 96.88, data load time: 0.00297, step time: 0.00945,
epoch: [34], step: [545/1581], batch loss: 0.10606, batch accuracy: 96.88, data load time: 0.00023, step time: 0.01583,
epoch: [34], step: [845/1581], batch loss: 0.15432, batch accuracy: 96.88, data load time: 0.00495, step time: 0.01250,
epoch: [34], step: [1145/1581], batch loss: 0.28110, batch accuracy: 90.62, data load time: 0.00574, step time: 0.00981,
epoch: [34], step: [1445/1581], batch loss: 0.16694, batch accuracy: 93.75, data load time: 0.00024, step time: 0.00997,
validation loss: 0.78495, accuracy: 77.48, class_accuracy: [64.40677966101696, 84.21052631578948, 75.21367521367522, 67.2566371681416, 77.96610169491525, 74.31192660550458, 97.14285714285714, 96.46017699115045, 57.142857142857146, 95.76271186440678]
epoch: [35], step: [164/1581], batch loss: 0.17269, batch accuracy: 93.75, data load time: 0.00354, step time: 0.01158,
epoch: [35], step: [464/1581], batch loss: 0.15048, batch accuracy: 93.75, data load time: 0.00028, step time: 0.01163,
epoch: [35], step: [764/1581], batch loss: 0.09358, batch accuracy: 96.88, data load time: 0.00024, step time: 0.00964,
epoch: [35], step: [1064/1581], batch loss: 0.48950, batch accuracy: 84.38, data load time: 0.00056, step time: 0.01560,
epoch: [35], step: [1364/1581], batch loss: 0.32174, batch accuracy: 87.50, data load time: 0.00026, step time: 0.01212,
epoch: [36], step: [83/1581], batch loss: 0.15516, batch accuracy: 87.50, data load time: 0.00023, step time: 0.01713,
epoch: [36], step: [383/1581], batch loss: 0.13138, batch accuracy: 100.00, data load time: 0.00022, step time: 0.01154,
epoch: [36], step: [683/1581], batch loss: 0.21446, batch accuracy: 87.50, data load time: 0.00021, step time: 0.01567,
epoch: [36], step: [983/1581], batch loss: 0.29010, batch accuracy: 78.12, data load time: 0.00440, step time: 0.01268,
epoch: [36], step: [1283/1581], batch loss: 0.16410, batch accuracy: 90.62, data load time: 0.00022, step time: 0.00956,
epoch: [37], step: [2/1581], batch loss: 0.32133, batch accuracy: 87.50, data load time: 0.00218, step time: 0.01374,
epoch: [37], step: [302/1581], batch loss: 0.22724, batch accuracy: 93.75, data load time: 0.00022, step time: 0.01766,
epoch: [37], step: [602/1581], batch loss: 0.03505, batch accuracy: 100.00, data load time: 0.00023, step time: 0.01030,
epoch: [37], step: [902/1581], batch loss: 0.24330, batch accuracy: 90.62, data load time: 0.00023, step time: 0.01512,
epoch: [37], step: [1202/1581], batch loss: 0.29675, batch accuracy: 87.50, data load time: 0.00025, step time: 0.00974,
epoch: [37], step: [1502/1581], batch loss: 0.25453, batch accuracy: 87.50, data load time: 0.00830, step time: 0.01203,
epoch: [38], step: [221/1581], batch loss: 0.14429, batch accuracy: 96.88, data load time: 0.00023, step time: 0.01044,
epoch: [38], step: [521/1581], batch loss: 0.10383, batch accuracy: 93.75, data load time: 0.00022, step time: 0.01683,
epoch: [38], step: [821/1581], batch loss: 0.37058, batch accuracy: 84.38, data load time: 0.00589, step time: 0.01138,
epoch: [38], step: [1121/1581], batch loss: 0.22949, batch accuracy: 90.62, data load time: 0.00038, step time: 0.01089,
epoch: [38], step: [1421/1581], batch loss: 0.53540, batch accuracy: 84.38, data load time: 0.00023, step time: 0.02125,
epoch: [39], step: [140/1581], batch loss: 0.14068, batch accuracy: 93.75, data load time: 0.00023, step time: 0.01673,
epoch: [39], step: [440/1581], batch loss: 0.41414, batch accuracy: 87.50, data load time: 0.00580, step time: 0.01193,
epoch: [39], step: [740/1581], batch loss: 0.35677, batch accuracy: 93.75, data load time: 0.00022, step time: 0.01112,
epoch: [39], step: [1040/1581], batch loss: 0.20382, batch accuracy: 90.62, data load time: 0.00023, step time: 0.01636,
epoch: [39], step: [1340/1581], batch loss: 0.13210, batch accuracy: 96.88, data load time: 0.00024, step time: 0.01858,
validation loss: 0.86515, accuracy: 73.59, class_accuracy: [55.932203389830505, 81.57894736842105, 80.34188034188034, 58.4070796460177, 79.66101694915254, 60.55045871559633, 97.14285714285714, 97.34513274336283, 55.10204081632653, 88.13559322033899]
epoch: [40], step: [59/1581], batch loss: 0.09697, batch accuracy: 96.88, data load time: 0.00023, step time: 0.01551,
epoch: [40], step: [359/1581], batch loss: 0.05498, batch accuracy: 100.00, data load time: 0.00025, step time: 0.01070,
epoch: [40], step: [659/1581], batch loss: 0.12743, batch accuracy: 96.88, data load time: 0.00031, step time: 0.01006,
epoch: [40], step: [959/1581], batch loss: 0.23887, batch accuracy: 84.38, data load time: 0.00023, step time: 0.01555,
epoch: [40], step: [1259/1581], batch loss: 0.12067, batch accuracy: 96.88, data load time: 0.00021, step time: 0.01598,
epoch: [40], step: [1559/1581], batch loss: 0.34208, batch accuracy: 87.50, data load time: 0.00012, step time: 0.00873,
epoch: [41], step: [278/1581], batch loss: 0.23121, batch accuracy: 87.50, data load time: 0.00022, step time: 0.01595,
epoch: [41], step: [578/1581], batch loss: 0.11404, batch accuracy: 93.75, data load time: 0.00022, step time: 0.01030,
epoch: [41], step: [878/1581], batch loss: 0.12477, batch accuracy: 93.75, data load time: 0.00022, step time: 0.01146,
epoch: [41], step: [1178/1581], batch loss: 0.38421, batch accuracy: 87.50, data load time: 0.00301, step time: 0.01064,
epoch: [41], step: [1478/1581], batch loss: 0.07734, batch accuracy: 100.00, data load time: 0.00022, step time: 0.00998,
epoch: [42], step: [197/1581], batch loss: 0.43279, batch accuracy: 87.50, data load time: 0.00026, step time: 0.01046,
epoch: [42], step: [497/1581], batch loss: 0.11609, batch accuracy: 96.88, data load time: 0.00021, step time: 0.01585,
epoch: [42], step: [797/1581], batch loss: 0.18033, batch accuracy: 96.88, data load time: 0.00023, step time: 0.00971,
epoch: [42], step: [1097/1581], batch loss: 0.05345, batch accuracy: 96.88, data load time: 0.00022, step time: 0.00941,
epoch: [42], step: [1397/1581], batch loss: 0.10507, batch accuracy: 93.75, data load time: 0.00634, step time: 0.01255,
epoch: [43], step: [116/1581], batch loss: 0.07693, batch accuracy: 93.75, data load time: 0.00321, step time: 0.01124,
epoch: [43], step: [416/1581], batch loss: 0.06854, batch accuracy: 100.00, data load time: 0.00046, step time: 0.01142,
epoch: [43], step: [716/1581], batch loss: 0.17459, batch accuracy: 90.62, data load time: 0.00021, step time: 0.01131,
epoch: [43], step: [1016/1581], batch loss: 0.23184, batch accuracy: 87.50, data load time: 0.00024, step time: 0.00988,
epoch: [43], step: [1316/1581], batch loss: 0.25649, batch accuracy: 90.62, data load time: 0.00025, step time: 0.01012,
epoch: [44], step: [35/1581], batch loss: 0.10938, batch accuracy: 90.62, data load time: 0.00023, step time: 0.01294,
epoch: [44], step: [335/1581], batch loss: 0.08507, batch accuracy: 93.75, data load time: 0.00023, step time: 0.01553,
epoch: [44], step: [635/1581], batch loss: 0.10554, batch accuracy: 93.75, data load time: 0.00592, step time: 0.01179,
epoch: [44], step: [935/1581], batch loss: 0.14330, batch accuracy: 93.75, data load time: 0.00024, step time: 0.01023,
epoch: [44], step: [1235/1581], batch loss: 0.04816, batch accuracy: 100.00, data load time: 0.00022, step time: 0.01169,
epoch: [44], step: [1535/1581], batch loss: 0.27378, batch accuracy: 84.38, data load time: 0.00017, step time: 0.00918,
validation loss: 0.86057, accuracy: 75.03, class_accuracy: [55.08474576271186, 89.47368421052632, 86.32478632478633, 74.33628318584071, 77.96610169491525, 68.80733944954129, 97.14285714285714, 91.15044247787611, 48.97959183673469, 82.20338983050847]
epoch: [45], step: [254/1581], batch loss: 0.15154, batch accuracy: 90.62, data load time: 0.00023, step time: 0.01071,
epoch: [45], step: [554/1581], batch loss: 0.25547, batch accuracy: 90.62, data load time: 0.00030, step time: 0.01322,
epoch: [45], step: [854/1581], batch loss: 0.14837, batch accuracy: 90.62, data load time: 0.00026, step time: 0.01139,
epoch: [45], step: [1154/1581], batch loss: 0.28428, batch accuracy: 87.50, data load time: 0.00024, step time: 0.01009,
epoch: [45], step: [1454/1581], batch loss: 0.11115, batch accuracy: 96.88, data load time: 0.00032, step time: 0.00968,
epoch: [46], step: [173/1581], batch loss: 0.14065, batch accuracy: 96.88, data load time: 0.00025, step time: 0.01049,
epoch: [46], step: [473/1581], batch loss: 0.25568, batch accuracy: 90.62, data load time: 0.00022, step time: 0.01150,
epoch: [46], step: [773/1581], batch loss: 0.10591, batch accuracy: 96.88, data load time: 0.00025, step time: 0.01092,
epoch: [46], step: [1073/1581], batch loss: 0.30791, batch accuracy: 90.62, data load time: 0.00022, step time: 0.01726,
epoch: [46], step: [1373/1581], batch loss: 0.12241, batch accuracy: 96.88, data load time: 0.00023, step time: 0.01047,
epoch: [47], step: [92/1581], batch loss: 0.31247, batch accuracy: 87.50, data load time: 0.00360, step time: 0.01156,
epoch: [47], step: [392/1581], batch loss: 0.04998, batch accuracy: 100.00, data load time: 0.00452, step time: 0.01204,
epoch: [47], step: [692/1581], batch loss: 0.07010, batch accuracy: 96.88, data load time: 0.00022, step time: 0.01000,
epoch: [47], step: [992/1581], batch loss: 0.30785, batch accuracy: 90.62, data load time: 0.00023, step time: 0.01123,
epoch: [47], step: [1292/1581], batch loss: 0.20971, batch accuracy: 93.75, data load time: 0.00023, step time: 0.00965,
epoch: [48], step: [11/1581], batch loss: 0.20634, batch accuracy: 90.62, data load time: 0.00020, step time: 0.01111,
epoch: [48], step: [311/1581], batch loss: 0.07289, batch accuracy: 100.00, data load time: 0.00024, step time: 0.00986,
epoch: [48], step: [611/1581], batch loss: 0.28913, batch accuracy: 93.75, data load time: 0.00023, step time: 0.01527,
epoch: [48], step: [911/1581], batch loss: 0.05815, batch accuracy: 96.88, data load time: 0.00021, step time: 0.00936,
epoch: [48], step: [1211/1581], batch loss: 0.20110, batch accuracy: 93.75, data load time: 0.00023, step time: 0.01771,
epoch: [48], step: [1511/1581], batch loss: 0.16207, batch accuracy: 93.75, data load time: 0.00025, step time: 0.01024,
epoch: [49], step: [230/1581], batch loss: 0.21875, batch accuracy: 96.88, data load time: 0.00031, step time: 0.01055,
epoch: [49], step: [530/1581], batch loss: 0.25243, batch accuracy: 96.88, data load time: 0.00023, step time: 0.01570,
epoch: [49], step: [830/1581], batch loss: 0.30259, batch accuracy: 84.38, data load time: 0.00024, step time: 0.01654,
epoch: [49], step: [1130/1581], batch loss: 0.12756, batch accuracy: 96.88, data load time: 0.00022, step time: 0.01123,
epoch: [49], step: [1430/1581], batch loss: 0.22728, batch accuracy: 87.50, data load time: 0.00031, step time: 0.01114,
validation loss: 0.91719, accuracy: 75.13, class_accuracy: [50.0, 89.47368421052632, 80.34188034188034, 75.22123893805309, 74.57627118644068, 82.56880733944953, 97.14285714285714, 98.23008849557522, 59.183673469387756, 68.64406779661017]
Total time taken: 1157.1338121891022
