Using CUDA...
Writing logs to logs/CNN_bn_epochs=50_dropout=0.5_bs=32_lr=0.001_momentum=0.9_mode=LMC_run_22
epoch: [0], step: [299/1581], batch loss: 1.15083, batch accuracy: 65.62, data load time: 0.00021, step time: 0.01057,
epoch: [0], step: [599/1581], batch loss: 0.66979, batch accuracy: 75.00, data load time: 0.00023, step time: 0.01053,
epoch: [0], step: [899/1581], batch loss: 0.68891, batch accuracy: 71.88, data load time: 0.00022, step time: 0.00970,
epoch: [0], step: [1199/1581], batch loss: 0.65034, batch accuracy: 81.25, data load time: 0.00023, step time: 0.01153,
epoch: [0], step: [1499/1581], batch loss: 0.26229, batch accuracy: 90.62, data load time: 0.00025, step time: 0.01203,
epoch: [1], step: [218/1581], batch loss: 0.25397, batch accuracy: 96.88, data load time: 0.00023, step time: 0.01084,
epoch: [1], step: [518/1581], batch loss: 0.39475, batch accuracy: 84.38, data load time: 0.00022, step time: 0.00970,
epoch: [1], step: [818/1581], batch loss: 0.42083, batch accuracy: 87.50, data load time: 0.00026, step time: 0.01055,
epoch: [1], step: [1118/1581], batch loss: 0.32554, batch accuracy: 93.75, data load time: 0.00025, step time: 0.01003,
epoch: [1], step: [1418/1581], batch loss: 0.26256, batch accuracy: 84.38, data load time: 0.00032, step time: 0.01034,
epoch: [2], step: [137/1581], batch loss: 0.55221, batch accuracy: 84.38, data load time: 0.00022, step time: 0.01100,
epoch: [2], step: [437/1581], batch loss: 0.34539, batch accuracy: 90.62, data load time: 0.00032, step time: 0.01040,
epoch: [2], step: [737/1581], batch loss: 0.31532, batch accuracy: 90.62, data load time: 0.00034, step time: 0.01001,
epoch: [2], step: [1037/1581], batch loss: 0.55884, batch accuracy: 78.12, data load time: 0.00022, step time: 0.01015,
epoch: [2], step: [1337/1581], batch loss: 0.54993, batch accuracy: 87.50, data load time: 0.00023, step time: 0.01026,
epoch: [3], step: [56/1581], batch loss: 0.24498, batch accuracy: 87.50, data load time: 0.00021, step time: 0.01228,
epoch: [3], step: [356/1581], batch loss: 0.13063, batch accuracy: 93.75, data load time: 0.00035, step time: 0.01107,
epoch: [3], step: [656/1581], batch loss: 0.08887, batch accuracy: 100.00, data load time: 0.00024, step time: 0.01182,
epoch: [3], step: [956/1581], batch loss: 0.39011, batch accuracy: 84.38, data load time: 0.00291, step time: 0.01167,
epoch: [3], step: [1256/1581], batch loss: 0.22045, batch accuracy: 90.62, data load time: 0.00022, step time: 0.01042,
epoch: [3], step: [1556/1581], batch loss: 0.04070, batch accuracy: 100.00, data load time: 0.00011, step time: 0.00874,
epoch: [4], step: [275/1581], batch loss: 0.19148, batch accuracy: 93.75, data load time: 0.00024, step time: 0.01010,
epoch: [4], step: [575/1581], batch loss: 0.22904, batch accuracy: 93.75, data load time: 0.00027, step time: 0.01016,
epoch: [4], step: [875/1581], batch loss: 0.22145, batch accuracy: 93.75, data load time: 0.00026, step time: 0.01089,
epoch: [4], step: [1175/1581], batch loss: 0.12755, batch accuracy: 96.88, data load time: 0.00026, step time: 0.01032,
epoch: [4], step: [1475/1581], batch loss: 0.33338, batch accuracy: 87.50, data load time: 0.00370, step time: 0.01271,
validation loss: 1.21261, accuracy: 68.16, class_accuracy: [50.0, 83.53658536585365, 66.42651296829972, 55.39823008849557, 83.28173374613003, 69.81424148606811, 97.05882352941177, 98.2258064516129, 43.90681003584229, 67.71428571428571]
epoch: [5], step: [194/1581], batch loss: 0.23950, batch accuracy: 96.88, data load time: 0.00032, step time: 0.01100,
epoch: [5], step: [494/1581], batch loss: 0.09152, batch accuracy: 100.00, data load time: 0.00022, step time: 0.01083,
epoch: [5], step: [794/1581], batch loss: 0.38519, batch accuracy: 84.38, data load time: 0.00022, step time: 0.01013,
epoch: [5], step: [1094/1581], batch loss: 0.20198, batch accuracy: 93.75, data load time: 0.00300, step time: 0.01169,
epoch: [5], step: [1394/1581], batch loss: 0.28063, batch accuracy: 90.62, data load time: 0.00024, step time: 0.01012,
epoch: [6], step: [113/1581], batch loss: 0.06490, batch accuracy: 100.00, data load time: 0.00022, step time: 0.01185,
epoch: [6], step: [413/1581], batch loss: 0.32784, batch accuracy: 84.38, data load time: 0.00023, step time: 0.01181,
epoch: [6], step: [713/1581], batch loss: 0.42402, batch accuracy: 81.25, data load time: 0.00024, step time: 0.00972,
epoch: [6], step: [1013/1581], batch loss: 0.21033, batch accuracy: 93.75, data load time: 0.00023, step time: 0.00999,
epoch: [6], step: [1313/1581], batch loss: 0.19220, batch accuracy: 90.62, data load time: 0.00352, step time: 0.01137,
epoch: [7], step: [32/1581], batch loss: 0.10336, batch accuracy: 96.88, data load time: 0.00021, step time: 0.01651,
epoch: [7], step: [332/1581], batch loss: 0.10308, batch accuracy: 93.75, data load time: 0.00024, step time: 0.01023,
epoch: [7], step: [632/1581], batch loss: 0.14634, batch accuracy: 93.75, data load time: 0.00031, step time: 0.00997,
epoch: [7], step: [932/1581], batch loss: 0.23640, batch accuracy: 90.62, data load time: 0.00021, step time: 0.01015,
epoch: [7], step: [1232/1581], batch loss: 0.10073, batch accuracy: 96.88, data load time: 0.00024, step time: 0.01045,
epoch: [7], step: [1532/1581], batch loss: 0.27699, batch accuracy: 87.50, data load time: 0.00017, step time: 0.00971,
epoch: [8], step: [251/1581], batch loss: 0.11829, batch accuracy: 93.75, data load time: 0.00021, step time: 0.00990,
epoch: [8], step: [551/1581], batch loss: 0.12962, batch accuracy: 96.88, data load time: 0.00022, step time: 0.00980,
epoch: [8], step: [851/1581], batch loss: 0.10503, batch accuracy: 96.88, data load time: 0.00022, step time: 0.00983,
epoch: [8], step: [1151/1581], batch loss: 0.15495, batch accuracy: 90.62, data load time: 0.00045, step time: 0.01069,
epoch: [8], step: [1451/1581], batch loss: 0.29212, batch accuracy: 90.62, data load time: 0.00023, step time: 0.00968,
epoch: [9], step: [170/1581], batch loss: 0.20270, batch accuracy: 93.75, data load time: 0.00022, step time: 0.00987,
epoch: [9], step: [470/1581], batch loss: 0.06927, batch accuracy: 96.88, data load time: 0.00023, step time: 0.01045,
epoch: [9], step: [770/1581], batch loss: 0.29996, batch accuracy: 93.75, data load time: 0.00032, step time: 0.01021,
epoch: [9], step: [1070/1581], batch loss: 0.26384, batch accuracy: 90.62, data load time: 0.00035, step time: 0.01015,
epoch: [9], step: [1370/1581], batch loss: 0.22075, batch accuracy: 84.38, data load time: 0.00033, step time: 0.01012,
validation loss: 1.33350, accuracy: 67.36, class_accuracy: [49.42857142857143, 87.8048780487805, 56.77233429394813, 76.10619469026548, 77.24458204334366, 69.96904024767802, 90.19607843137256, 94.51612903225806, 46.415770609319, 61.714285714285715]
epoch: [10], step: [89/1581], batch loss: 0.23466, batch accuracy: 90.62, data load time: 0.00610, step time: 0.01013,
epoch: [10], step: [389/1581], batch loss: 0.14081, batch accuracy: 93.75, data load time: 0.00022, step time: 0.00986,
epoch: [10], step: [689/1581], batch loss: 0.13603, batch accuracy: 93.75, data load time: 0.00023, step time: 0.01052,
epoch: [10], step: [989/1581], batch loss: 0.10464, batch accuracy: 96.88, data load time: 0.00022, step time: 0.01042,
epoch: [10], step: [1289/1581], batch loss: 0.08673, batch accuracy: 100.00, data load time: 0.00308, step time: 0.01197,
epoch: [11], step: [8/1581], batch loss: 0.13036, batch accuracy: 96.88, data load time: 0.00027, step time: 0.01901,
epoch: [11], step: [308/1581], batch loss: 0.23214, batch accuracy: 96.88, data load time: 0.00031, step time: 0.01145,
epoch: [11], step: [608/1581], batch loss: 0.05794, batch accuracy: 100.00, data load time: 0.00033, step time: 0.01031,
epoch: [11], step: [908/1581], batch loss: 0.21534, batch accuracy: 90.62, data load time: 0.00023, step time: 0.01023,
epoch: [11], step: [1208/1581], batch loss: 0.09565, batch accuracy: 93.75, data load time: 0.00022, step time: 0.01018,
epoch: [11], step: [1508/1581], batch loss: 0.12499, batch accuracy: 96.88, data load time: 0.00333, step time: 0.01072,
epoch: [12], step: [227/1581], batch loss: 0.15599, batch accuracy: 90.62, data load time: 0.00021, step time: 0.01109,
epoch: [12], step: [527/1581], batch loss: 0.11267, batch accuracy: 96.88, data load time: 0.00022, step time: 0.00971,
epoch: [12], step: [827/1581], batch loss: 0.08370, batch accuracy: 100.00, data load time: 0.00025, step time: 0.01169,
epoch: [12], step: [1127/1581], batch loss: 0.05154, batch accuracy: 100.00, data load time: 0.00022, step time: 0.01133,
epoch: [12], step: [1427/1581], batch loss: 0.26827, batch accuracy: 87.50, data load time: 0.00024, step time: 0.01359,
epoch: [13], step: [146/1581], batch loss: 0.03666, batch accuracy: 100.00, data load time: 0.00025, step time: 0.01403,
epoch: [13], step: [446/1581], batch loss: 0.05756, batch accuracy: 100.00, data load time: 0.00339, step time: 0.01055,
epoch: [13], step: [746/1581], batch loss: 0.19852, batch accuracy: 96.88, data load time: 0.00024, step time: 0.00986,
epoch: [13], step: [1046/1581], batch loss: 0.17059, batch accuracy: 96.88, data load time: 0.00023, step time: 0.01010,
epoch: [13], step: [1346/1581], batch loss: 0.12706, batch accuracy: 93.75, data load time: 0.00024, step time: 0.00967,
epoch: [14], step: [65/1581], batch loss: 0.06484, batch accuracy: 96.88, data load time: 0.00030, step time: 0.01016,
epoch: [14], step: [365/1581], batch loss: 0.18634, batch accuracy: 93.75, data load time: 0.00023, step time: 0.01150,
epoch: [14], step: [665/1581], batch loss: 0.18898, batch accuracy: 93.75, data load time: 0.00025, step time: 0.01023,
epoch: [14], step: [965/1581], batch loss: 0.13858, batch accuracy: 96.88, data load time: 0.00023, step time: 0.01102,
epoch: [14], step: [1265/1581], batch loss: 0.17500, batch accuracy: 93.75, data load time: 0.00024, step time: 0.01042,
epoch: [14], step: [1565/1581], batch loss: 0.20296, batch accuracy: 93.75, data load time: 0.00011, step time: 0.00875,
validation loss: 1.13643, accuracy: 67.64, class_accuracy: [51.714285714285715, 87.8048780487805, 60.23054755043228, 78.05309734513274, 83.43653250773994, 52.01238390092879, 93.13725490196079, 93.38709677419355, 48.74551971326165, 66.14285714285714]
epoch: [15], step: [284/1581], batch loss: 0.05366, batch accuracy: 100.00, data load time: 0.00360, step time: 0.01150,
epoch: [15], step: [584/1581], batch loss: 0.31394, batch accuracy: 87.50, data load time: 0.00024, step time: 0.01335,
epoch: [15], step: [884/1581], batch loss: 0.05572, batch accuracy: 96.88, data load time: 0.00021, step time: 0.01158,
epoch: [15], step: [1184/1581], batch loss: 0.14916, batch accuracy: 93.75, data load time: 0.00034, step time: 0.01211,
epoch: [15], step: [1484/1581], batch loss: 0.10201, batch accuracy: 96.88, data load time: 0.00023, step time: 0.01110,
epoch: [16], step: [203/1581], batch loss: 0.04069, batch accuracy: 100.00, data load time: 0.00024, step time: 0.01334,
epoch: [16], step: [503/1581], batch loss: 0.18752, batch accuracy: 93.75, data load time: 0.00025, step time: 0.01053,
epoch: [16], step: [803/1581], batch loss: 0.28476, batch accuracy: 84.38, data load time: 0.00023, step time: 0.01113,
epoch: [16], step: [1103/1581], batch loss: 0.11173, batch accuracy: 96.88, data load time: 0.00023, step time: 0.01130,
epoch: [16], step: [1403/1581], batch loss: 0.04593, batch accuracy: 100.00, data load time: 0.00023, step time: 0.01024,
epoch: [17], step: [122/1581], batch loss: 0.24682, batch accuracy: 96.88, data load time: 0.00565, step time: 0.01083,
epoch: [17], step: [422/1581], batch loss: 0.12450, batch accuracy: 93.75, data load time: 0.00022, step time: 0.01012,
epoch: [17], step: [722/1581], batch loss: 0.05952, batch accuracy: 100.00, data load time: 0.00026, step time: 0.01155,
epoch: [17], step: [1022/1581], batch loss: 0.24279, batch accuracy: 87.50, data load time: 0.00022, step time: 0.01006,
epoch: [17], step: [1322/1581], batch loss: 0.23469, batch accuracy: 90.62, data load time: 0.00304, step time: 0.01003,
epoch: [18], step: [41/1581], batch loss: 0.09574, batch accuracy: 96.88, data load time: 0.00382, step time: 0.01306,
epoch: [18], step: [341/1581], batch loss: 0.16033, batch accuracy: 90.62, data load time: 0.00037, step time: 0.01190,
epoch: [18], step: [641/1581], batch loss: 0.15459, batch accuracy: 93.75, data load time: 0.00025, step time: 0.01383,
epoch: [18], step: [941/1581], batch loss: 0.14840, batch accuracy: 96.88, data load time: 0.00031, step time: 0.01144,
epoch: [18], step: [1241/1581], batch loss: 0.06586, batch accuracy: 96.88, data load time: 0.00024, step time: 0.01035,
epoch: [18], step: [1541/1581], batch loss: 0.09236, batch accuracy: 96.88, data load time: 0.00017, step time: 0.00968,
epoch: [19], step: [260/1581], batch loss: 0.06252, batch accuracy: 100.00, data load time: 0.00021, step time: 0.01139,
epoch: [19], step: [560/1581], batch loss: 0.03460, batch accuracy: 100.00, data load time: 0.00024, step time: 0.01030,
epoch: [19], step: [860/1581], batch loss: 0.04459, batch accuracy: 100.00, data load time: 0.00022, step time: 0.00980,
epoch: [19], step: [1160/1581], batch loss: 0.08175, batch accuracy: 100.00, data load time: 0.00024, step time: 0.01191,
epoch: [19], step: [1460/1581], batch loss: 0.09163, batch accuracy: 96.88, data load time: 0.00025, step time: 0.01031,
validation loss: 1.30051, accuracy: 68.43, class_accuracy: [48.0, 85.97560975609755, 71.46974063400576, 73.45132743362832, 79.87616099071208, 59.28792569659443, 90.19607843137256, 96.45161290322581, 47.8494623655914, 64.0]
epoch: [20], step: [179/1581], batch loss: 0.03603, batch accuracy: 100.00, data load time: 0.00021, step time: 0.00974,
epoch: [20], step: [479/1581], batch loss: 0.18710, batch accuracy: 96.88, data load time: 0.00025, step time: 0.01017,
epoch: [20], step: [779/1581], batch loss: 0.22931, batch accuracy: 93.75, data load time: 0.00345, step time: 0.01023,
epoch: [20], step: [1079/1581], batch loss: 0.08509, batch accuracy: 96.88, data load time: 0.00021, step time: 0.01000,
epoch: [20], step: [1379/1581], batch loss: 0.31611, batch accuracy: 84.38, data load time: 0.00024, step time: 0.01020,
epoch: [21], step: [98/1581], batch loss: 0.09866, batch accuracy: 96.88, data load time: 0.00025, step time: 0.01184,
epoch: [21], step: [398/1581], batch loss: 0.02379, batch accuracy: 100.00, data load time: 0.00024, step time: 0.01039,
epoch: [21], step: [698/1581], batch loss: 0.12381, batch accuracy: 93.75, data load time: 0.00029, step time: 0.01064,
epoch: [21], step: [998/1581], batch loss: 0.24697, batch accuracy: 87.50, data load time: 0.00025, step time: 0.01060,
epoch: [21], step: [1298/1581], batch loss: 0.05392, batch accuracy: 96.88, data load time: 0.00310, step time: 0.01151,
epoch: [22], step: [17/1581], batch loss: 0.11077, batch accuracy: 96.88, data load time: 0.00024, step time: 0.01186,
epoch: [22], step: [317/1581], batch loss: 0.09069, batch accuracy: 100.00, data load time: 0.00037, step time: 0.01044,
epoch: [22], step: [617/1581], batch loss: 0.03432, batch accuracy: 100.00, data load time: 0.00025, step time: 0.00978,
epoch: [22], step: [917/1581], batch loss: 0.15258, batch accuracy: 96.88, data load time: 0.00025, step time: 0.01018,
epoch: [22], step: [1217/1581], batch loss: 0.09350, batch accuracy: 96.88, data load time: 0.00023, step time: 0.00987,
epoch: [22], step: [1517/1581], batch loss: 0.07257, batch accuracy: 96.88, data load time: 0.00022, step time: 0.01135,
epoch: [23], step: [236/1581], batch loss: 0.06158, batch accuracy: 100.00, data load time: 0.00025, step time: 0.01374,
epoch: [23], step: [536/1581], batch loss: 0.09699, batch accuracy: 96.88, data load time: 0.00023, step time: 0.01184,
epoch: [23], step: [836/1581], batch loss: 0.12634, batch accuracy: 96.88, data load time: 0.00028, step time: 0.01146,
epoch: [23], step: [1136/1581], batch loss: 0.17882, batch accuracy: 93.75, data load time: 0.00025, step time: 0.01001,
epoch: [23], step: [1436/1581], batch loss: 0.06166, batch accuracy: 100.00, data load time: 0.00022, step time: 0.00981,
epoch: [24], step: [155/1581], batch loss: 0.24082, batch accuracy: 90.62, data load time: 0.00021, step time: 0.01119,
epoch: [24], step: [455/1581], batch loss: 0.03671, batch accuracy: 100.00, data load time: 0.00591, step time: 0.01244,
epoch: [24], step: [755/1581], batch loss: 0.37721, batch accuracy: 90.62, data load time: 0.00023, step time: 0.01071,
epoch: [24], step: [1055/1581], batch loss: 0.07730, batch accuracy: 96.88, data load time: 0.00023, step time: 0.01005,
epoch: [24], step: [1355/1581], batch loss: 0.06212, batch accuracy: 96.88, data load time: 0.00025, step time: 0.01057,
validation loss: 1.10408, accuracy: 71.38, class_accuracy: [52.42857142857143, 95.1219512195122, 79.10662824207493, 67.07964601769912, 75.85139318885449, 63.46749226006192, 94.11764705882354, 97.90322580645162, 51.61290322580645, 72.71428571428571]
epoch: [25], step: [74/1581], batch loss: 0.08640, batch accuracy: 100.00, data load time: 0.00024, step time: 0.01094,
epoch: [25], step: [374/1581], batch loss: 0.25127, batch accuracy: 90.62, data load time: 0.00067, step time: 0.01107,
epoch: [25], step: [674/1581], batch loss: 0.05304, batch accuracy: 96.88, data load time: 0.00025, step time: 0.01072,
epoch: [25], step: [974/1581], batch loss: 0.34707, batch accuracy: 90.62, data load time: 0.00339, step time: 0.01004,
epoch: [25], step: [1274/1581], batch loss: 0.05948, batch accuracy: 96.88, data load time: 0.00023, step time: 0.01054,
epoch: [25], step: [1574/1581], batch loss: 0.44437, batch accuracy: 90.62, data load time: 0.00011, step time: 0.00874,
epoch: [26], step: [293/1581], batch loss: 0.03334, batch accuracy: 96.88, data load time: 0.00021, step time: 0.01143,
epoch: [26], step: [593/1581], batch loss: 0.40848, batch accuracy: 87.50, data load time: 0.00029, step time: 0.01017,
epoch: [26], step: [893/1581], batch loss: 0.18172, batch accuracy: 96.88, data load time: 0.00023, step time: 0.01004,
epoch: [26], step: [1193/1581], batch loss: 0.12735, batch accuracy: 93.75, data load time: 0.00320, step time: 0.01026,
epoch: [26], step: [1493/1581], batch loss: 0.42394, batch accuracy: 90.62, data load time: 0.00034, step time: 0.01146,
epoch: [27], step: [212/1581], batch loss: 0.02543, batch accuracy: 100.00, data load time: 0.00022, step time: 0.01276,
epoch: [27], step: [512/1581], batch loss: 0.04094, batch accuracy: 100.00, data load time: 0.00420, step time: 0.01070,
epoch: [27], step: [812/1581], batch loss: 0.07128, batch accuracy: 96.88, data load time: 0.00032, step time: 0.01150,
epoch: [27], step: [1112/1581], batch loss: 0.40914, batch accuracy: 81.25, data load time: 0.00019, step time: 0.01024,
epoch: [27], step: [1412/1581], batch loss: 0.22288, batch accuracy: 90.62, data load time: 0.00402, step time: 0.01060,
epoch: [28], step: [131/1581], batch loss: 0.08035, batch accuracy: 96.88, data load time: 0.00615, step time: 0.01294,
epoch: [28], step: [431/1581], batch loss: 0.06213, batch accuracy: 100.00, data load time: 0.00024, step time: 0.01145,
epoch: [28], step: [731/1581], batch loss: 0.32055, batch accuracy: 90.62, data load time: 0.00025, step time: 0.01082,
epoch: [28], step: [1031/1581], batch loss: 0.08580, batch accuracy: 96.88, data load time: 0.00025, step time: 0.01022,
epoch: [28], step: [1331/1581], batch loss: 0.07583, batch accuracy: 100.00, data load time: 0.00021, step time: 0.01049,
epoch: [29], step: [50/1581], batch loss: 0.09075, batch accuracy: 96.88, data load time: 0.00024, step time: 0.01293,
epoch: [29], step: [350/1581], batch loss: 0.05027, batch accuracy: 100.00, data load time: 0.00035, step time: 0.01308,
epoch: [29], step: [650/1581], batch loss: 0.09872, batch accuracy: 96.88, data load time: 0.00027, step time: 0.01054,
epoch: [29], step: [950/1581], batch loss: 0.14532, batch accuracy: 96.88, data load time: 0.00022, step time: 0.01048,
epoch: [29], step: [1250/1581], batch loss: 0.29262, batch accuracy: 87.50, data load time: 0.00029, step time: 0.01137,
epoch: [29], step: [1550/1581], batch loss: 0.04293, batch accuracy: 96.88, data load time: 0.00012, step time: 0.00877,
validation loss: 1.11582, accuracy: 71.46, class_accuracy: [46.142857142857146, 87.8048780487805, 62.247838616714695, 75.04424778761062, 91.48606811145511, 72.13622291021672, 94.11764705882354, 96.61290322580645, 51.7921146953405, 70.14285714285714]
epoch: [30], step: [269/1581], batch loss: 0.18505, batch accuracy: 93.75, data load time: 0.00021, step time: 0.01044,
epoch: [30], step: [569/1581], batch loss: 0.12654, batch accuracy: 96.88, data load time: 0.00356, step time: 0.01057,
epoch: [30], step: [869/1581], batch loss: 0.03251, batch accuracy: 100.00, data load time: 0.00023, step time: 0.01003,
epoch: [30], step: [1169/1581], batch loss: 0.17544, batch accuracy: 93.75, data load time: 0.00024, step time: 0.01008,
epoch: [30], step: [1469/1581], batch loss: 0.18327, batch accuracy: 90.62, data load time: 0.00023, step time: 0.01014,
epoch: [31], step: [188/1581], batch loss: 0.06219, batch accuracy: 100.00, data load time: 0.00022, step time: 0.01067,
epoch: [31], step: [488/1581], batch loss: 0.23302, batch accuracy: 93.75, data load time: 0.00024, step time: 0.01103,
epoch: [31], step: [788/1581], batch loss: 0.11472, batch accuracy: 96.88, data load time: 0.00023, step time: 0.01000,
epoch: [31], step: [1088/1581], batch loss: 0.08675, batch accuracy: 96.88, data load time: 0.00328, step time: 0.01042,
epoch: [31], step: [1388/1581], batch loss: 0.19203, batch accuracy: 96.88, data load time: 0.00032, step time: 0.00985,
epoch: [32], step: [107/1581], batch loss: 0.12798, batch accuracy: 93.75, data load time: 0.00024, step time: 0.01123,
epoch: [32], step: [407/1581], batch loss: 0.19606, batch accuracy: 90.62, data load time: 0.00036, step time: 0.01177,
epoch: [32], step: [707/1581], batch loss: 0.07187, batch accuracy: 96.88, data load time: 0.00022, step time: 0.01045,
epoch: [32], step: [1007/1581], batch loss: 0.12045, batch accuracy: 96.88, data load time: 0.00415, step time: 0.01060,
epoch: [32], step: [1307/1581], batch loss: 0.17792, batch accuracy: 93.75, data load time: 0.00024, step time: 0.01026,
epoch: [33], step: [26/1581], batch loss: 0.18397, batch accuracy: 87.50, data load time: 0.00024, step time: 0.01136,
epoch: [33], step: [326/1581], batch loss: 0.21868, batch accuracy: 93.75, data load time: 0.00158, step time: 0.01128,
epoch: [33], step: [626/1581], batch loss: 0.03652, batch accuracy: 100.00, data load time: 0.00023, step time: 0.01041,
epoch: [33], step: [926/1581], batch loss: 0.09258, batch accuracy: 96.88, data load time: 0.00377, step time: 0.00994,
epoch: [33], step: [1226/1581], batch loss: 0.11842, batch accuracy: 96.88, data load time: 0.00024, step time: 0.01028,
epoch: [33], step: [1526/1581], batch loss: 0.10803, batch accuracy: 96.88, data load time: 0.00017, step time: 0.00952,
epoch: [34], step: [245/1581], batch loss: 0.02834, batch accuracy: 100.00, data load time: 0.00024, step time: 0.00972,
epoch: [34], step: [545/1581], batch loss: 0.07946, batch accuracy: 96.88, data load time: 0.00027, step time: 0.01160,
epoch: [34], step: [845/1581], batch loss: 0.10811, batch accuracy: 93.75, data load time: 0.00021, step time: 0.01122,
epoch: [34], step: [1145/1581], batch loss: 0.17928, batch accuracy: 93.75, data load time: 0.00023, step time: 0.01205,
epoch: [34], step: [1445/1581], batch loss: 0.30507, batch accuracy: 90.62, data load time: 0.00027, step time: 0.01093,
validation loss: 1.22946, accuracy: 68.53, class_accuracy: [44.285714285714285, 93.90243902439025, 72.76657060518733, 66.72566371681415, 83.12693498452012, 55.417956656346746, 90.19607843137256, 96.12903225806451, 51.61290322580645, 68.57142857142857]
epoch: [35], step: [164/1581], batch loss: 0.07417, batch accuracy: 100.00, data load time: 0.00023, step time: 0.01061,
epoch: [35], step: [464/1581], batch loss: 0.05219, batch accuracy: 100.00, data load time: 0.00025, step time: 0.00990,
epoch: [35], step: [764/1581], batch loss: 0.18845, batch accuracy: 93.75, data load time: 0.00023, step time: 0.01533,
epoch: [35], step: [1064/1581], batch loss: 0.09431, batch accuracy: 96.88, data load time: 0.00046, step time: 0.01132,
epoch: [35], step: [1364/1581], batch loss: 0.02061, batch accuracy: 100.00, data load time: 0.00029, step time: 0.00953,
epoch: [36], step: [83/1581], batch loss: 0.16379, batch accuracy: 93.75, data load time: 0.00025, step time: 0.01051,
epoch: [36], step: [383/1581], batch loss: 0.06187, batch accuracy: 100.00, data load time: 0.00023, step time: 0.01038,
epoch: [36], step: [683/1581], batch loss: 0.03040, batch accuracy: 100.00, data load time: 0.00025, step time: 0.01089,
epoch: [36], step: [983/1581], batch loss: 0.04544, batch accuracy: 100.00, data load time: 0.00300, step time: 0.01015,
epoch: [36], step: [1283/1581], batch loss: 0.04951, batch accuracy: 100.00, data load time: 0.00030, step time: 0.00940,
epoch: [37], step: [2/1581], batch loss: 0.08850, batch accuracy: 100.00, data load time: 0.00033, step time: 0.01302,
epoch: [37], step: [302/1581], batch loss: 0.06481, batch accuracy: 100.00, data load time: 0.00336, step time: 0.01135,
epoch: [37], step: [602/1581], batch loss: 0.04912, batch accuracy: 96.88, data load time: 0.00404, step time: 0.01141,
epoch: [37], step: [902/1581], batch loss: 0.03115, batch accuracy: 100.00, data load time: 0.00034, step time: 0.01205,
epoch: [37], step: [1202/1581], batch loss: 0.07508, batch accuracy: 96.88, data load time: 0.00023, step time: 0.01020,
epoch: [37], step: [1502/1581], batch loss: 0.09978, batch accuracy: 96.88, data load time: 0.00035, step time: 0.00977,
epoch: [38], step: [221/1581], batch loss: 0.09427, batch accuracy: 96.88, data load time: 0.00024, step time: 0.01059,
epoch: [38], step: [521/1581], batch loss: 0.25790, batch accuracy: 90.62, data load time: 0.00339, step time: 0.01026,
epoch: [38], step: [821/1581], batch loss: 0.05772, batch accuracy: 100.00, data load time: 0.00398, step time: 0.01289,
epoch: [38], step: [1121/1581], batch loss: 0.31082, batch accuracy: 90.62, data load time: 0.00324, step time: 0.01009,
epoch: [38], step: [1421/1581], batch loss: 0.06047, batch accuracy: 96.88, data load time: 0.00022, step time: 0.01262,
epoch: [39], step: [140/1581], batch loss: 0.02490, batch accuracy: 100.00, data load time: 0.00021, step time: 0.00980,
epoch: [39], step: [440/1581], batch loss: 0.08056, batch accuracy: 100.00, data load time: 0.00401, step time: 0.01288,
epoch: [39], step: [740/1581], batch loss: 0.13050, batch accuracy: 93.75, data load time: 0.00021, step time: 0.00967,
epoch: [39], step: [1040/1581], batch loss: 0.17020, batch accuracy: 96.88, data load time: 0.00021, step time: 0.01053,
epoch: [39], step: [1340/1581], batch loss: 0.11992, batch accuracy: 96.88, data load time: 0.00022, step time: 0.01197,
validation loss: 1.36727, accuracy: 66.60, class_accuracy: [43.857142857142854, 80.48780487804878, 66.57060518731988, 78.76106194690266, 85.29411764705883, 48.916408668730654, 92.15686274509804, 97.41935483870968, 49.46236559139785, 58.0]
epoch: [40], step: [59/1581], batch loss: 0.04822, batch accuracy: 100.00, data load time: 0.00022, step time: 0.01178,
epoch: [40], step: [359/1581], batch loss: 0.02597, batch accuracy: 100.00, data load time: 0.00024, step time: 0.01159,
epoch: [40], step: [659/1581], batch loss: 0.13271, batch accuracy: 96.88, data load time: 0.00022, step time: 0.01195,
epoch: [40], step: [959/1581], batch loss: 0.23316, batch accuracy: 93.75, data load time: 0.00023, step time: 0.01146,
epoch: [40], step: [1259/1581], batch loss: 0.40324, batch accuracy: 87.50, data load time: 0.00024, step time: 0.01263,
epoch: [40], step: [1559/1581], batch loss: 0.16051, batch accuracy: 90.62, data load time: 0.00009, step time: 0.00873,
epoch: [41], step: [278/1581], batch loss: 0.08024, batch accuracy: 96.88, data load time: 0.00390, step time: 0.01199,
epoch: [41], step: [578/1581], batch loss: 0.09164, batch accuracy: 96.88, data load time: 0.00022, step time: 0.01056,
epoch: [41], step: [878/1581], batch loss: 0.04397, batch accuracy: 100.00, data load time: 0.00020, step time: 0.00978,
epoch: [41], step: [1178/1581], batch loss: 0.03719, batch accuracy: 96.88, data load time: 0.00021, step time: 0.01018,
epoch: [41], step: [1478/1581], batch loss: 0.09540, batch accuracy: 96.88, data load time: 0.00023, step time: 0.01016,
epoch: [42], step: [197/1581], batch loss: 0.15534, batch accuracy: 96.88, data load time: 0.00023, step time: 0.01108,
epoch: [42], step: [497/1581], batch loss: 0.10882, batch accuracy: 96.88, data load time: 0.00023, step time: 0.00999,
epoch: [42], step: [797/1581], batch loss: 0.19086, batch accuracy: 96.88, data load time: 0.00022, step time: 0.00995,
epoch: [42], step: [1097/1581], batch loss: 0.21722, batch accuracy: 96.88, data load time: 0.00023, step time: 0.01010,
epoch: [42], step: [1397/1581], batch loss: 0.02744, batch accuracy: 100.00, data load time: 0.00022, step time: 0.01015,
epoch: [43], step: [116/1581], batch loss: 0.06495, batch accuracy: 96.88, data load time: 0.00025, step time: 0.01074,
epoch: [43], step: [416/1581], batch loss: 0.04669, batch accuracy: 100.00, data load time: 0.00311, step time: 0.01092,
epoch: [43], step: [716/1581], batch loss: 0.27253, batch accuracy: 87.50, data load time: 0.00023, step time: 0.01051,
epoch: [43], step: [1016/1581], batch loss: 0.22336, batch accuracy: 90.62, data load time: 0.00022, step time: 0.01148,
epoch: [43], step: [1316/1581], batch loss: 0.02167, batch accuracy: 100.00, data load time: 0.00032, step time: 0.00983,
epoch: [44], step: [35/1581], batch loss: 0.11431, batch accuracy: 96.88, data load time: 0.00022, step time: 0.01059,
epoch: [44], step: [335/1581], batch loss: 0.23124, batch accuracy: 90.62, data load time: 0.00375, step time: 0.01145,
epoch: [44], step: [635/1581], batch loss: 0.17559, batch accuracy: 96.88, data load time: 0.00021, step time: 0.01170,
epoch: [44], step: [935/1581], batch loss: 0.15503, batch accuracy: 93.75, data load time: 0.00023, step time: 0.01106,
epoch: [44], step: [1235/1581], batch loss: 0.23795, batch accuracy: 93.75, data load time: 0.00034, step time: 0.01030,
epoch: [44], step: [1535/1581], batch loss: 0.04465, batch accuracy: 100.00, data load time: 0.00019, step time: 0.01023,
validation loss: 1.01824, accuracy: 71.20, class_accuracy: [75.85714285714286, 82.3170731707317, 66.42651296829972, 65.66371681415929, 64.24148606811146, 58.6687306501548, 89.2156862745098, 94.51612903225806, 65.77060931899642, 72.14285714285714]
epoch: [45], step: [254/1581], batch loss: 0.12443, batch accuracy: 96.88, data load time: 0.00023, step time: 0.01042,
epoch: [45], step: [554/1581], batch loss: 0.05985, batch accuracy: 96.88, data load time: 0.00033, step time: 0.01023,
epoch: [45], step: [854/1581], batch loss: 0.05029, batch accuracy: 96.88, data load time: 0.00025, step time: 0.01152,
epoch: [45], step: [1154/1581], batch loss: 0.35165, batch accuracy: 87.50, data load time: 0.00022, step time: 0.01155,
epoch: [45], step: [1454/1581], batch loss: 0.18386, batch accuracy: 96.88, data load time: 0.00023, step time: 0.01134,
epoch: [46], step: [173/1581], batch loss: 0.18458, batch accuracy: 96.88, data load time: 0.00033, step time: 0.01202,
epoch: [46], step: [473/1581], batch loss: 0.11983, batch accuracy: 96.88, data load time: 0.00051, step time: 0.01000,
epoch: [46], step: [773/1581], batch loss: 0.12307, batch accuracy: 93.75, data load time: 0.00343, step time: 0.01320,
epoch: [46], step: [1073/1581], batch loss: 0.18226, batch accuracy: 93.75, data load time: 0.00022, step time: 0.01155,
epoch: [46], step: [1373/1581], batch loss: 0.06075, batch accuracy: 100.00, data load time: 0.00022, step time: 0.01026,
epoch: [47], step: [92/1581], batch loss: 0.12454, batch accuracy: 96.88, data load time: 0.00022, step time: 0.01155,
epoch: [47], step: [392/1581], batch loss: 0.12769, batch accuracy: 93.75, data load time: 0.00026, step time: 0.01014,
epoch: [47], step: [692/1581], batch loss: 0.15774, batch accuracy: 93.75, data load time: 0.00023, step time: 0.01076,
epoch: [47], step: [992/1581], batch loss: 0.02596, batch accuracy: 100.00, data load time: 0.00024, step time: 0.01025,
epoch: [47], step: [1292/1581], batch loss: 0.09420, batch accuracy: 96.88, data load time: 0.00495, step time: 0.01026,
epoch: [48], step: [11/1581], batch loss: 0.08459, batch accuracy: 100.00, data load time: 0.00534, step time: 0.00959,
epoch: [48], step: [311/1581], batch loss: 0.08902, batch accuracy: 93.75, data load time: 0.00384, step time: 0.01086,
epoch: [48], step: [611/1581], batch loss: 0.14497, batch accuracy: 90.62, data load time: 0.00022, step time: 0.01013,
epoch: [48], step: [911/1581], batch loss: 0.03890, batch accuracy: 100.00, data load time: 0.00022, step time: 0.00987,
epoch: [48], step: [1211/1581], batch loss: 0.11472, batch accuracy: 96.88, data load time: 0.00032, step time: 0.00951,
epoch: [48], step: [1511/1581], batch loss: 0.09539, batch accuracy: 96.88, data load time: 0.00022, step time: 0.01036,
epoch: [49], step: [230/1581], batch loss: 0.13512, batch accuracy: 96.88, data load time: 0.00026, step time: 0.01015,
epoch: [49], step: [530/1581], batch loss: 0.11369, batch accuracy: 96.88, data load time: 0.00173, step time: 0.01197,
epoch: [49], step: [830/1581], batch loss: 0.08922, batch accuracy: 96.88, data load time: 0.00031, step time: 0.01151,
epoch: [49], step: [1130/1581], batch loss: 0.08647, batch accuracy: 96.88, data load time: 0.00023, step time: 0.01038,
epoch: [49], step: [1430/1581], batch loss: 0.06016, batch accuracy: 96.88, data load time: 0.00022, step time: 0.00996,
validation loss: 1.31912, accuracy: 66.64, class_accuracy: [39.857142857142854, 87.8048780487805, 64.98559077809799, 70.26548672566372, 65.015479876161, 73.21981424148606, 98.03921568627452, 97.58064516129032, 47.4910394265233, 65.85714285714286]
Total time taken: 1048.3553516864777
