Using CUDA...
Writing logs to logs/CNN_bn_epochs=50_dropout=0.5_bs=32_lr=0.001_momentum=0.9_mode=MC_run_0
epoch: [0], step: [299/1581], batch loss: 6.79642, batch accuracy: 0.00, data load time: 0.01813, step time: 0.01283,
epoch: [0], step: [599/1581], batch loss: 5.30078, batch accuracy: 0.00, data load time: 0.00636, step time: 0.01203,
epoch: [0], step: [899/1581], batch loss: 8.86315, batch accuracy: 0.00, data load time: 0.00613, step time: 0.02226,
epoch: [0], step: [1199/1581], batch loss: 2.94478, batch accuracy: 21.88, data load time: 0.00605, step time: 0.01338,
epoch: [0], step: [1499/1581], batch loss: 0.87455, batch accuracy: 84.38, data load time: 0.00430, step time: 0.01546,
epoch: [1], step: [218/1581], batch loss: 5.15657, batch accuracy: 0.00, data load time: 0.00240, step time: 0.03912,
epoch: [1], step: [518/1581], batch loss: 9.45592, batch accuracy: 0.00, data load time: 0.00296, step time: 0.02392,
epoch: [1], step: [818/1581], batch loss: 2.22171, batch accuracy: 6.25, data load time: 0.00431, step time: 0.01747,
epoch: [1], step: [1118/1581], batch loss: 1.22474, batch accuracy: 53.12, data load time: 0.11126, step time: 0.01352,
epoch: [1], step: [1418/1581], batch loss: 4.93672, batch accuracy: 0.00, data load time: 0.00425, step time: 0.01694,
epoch: [2], step: [137/1581], batch loss: 0.48485, batch accuracy: 100.00, data load time: 0.00168, step time: 0.01648,
epoch: [2], step: [437/1581], batch loss: 4.79881, batch accuracy: 0.00, data load time: 0.00026, step time: 0.01769,
epoch: [2], step: [737/1581], batch loss: 4.01296, batch accuracy: 0.00, data load time: 0.00225, step time: 0.02431,
epoch: [2], step: [1037/1581], batch loss: 4.30564, batch accuracy: 0.00, data load time: 0.00442, step time: 0.01482,
epoch: [2], step: [1337/1581], batch loss: 3.95710, batch accuracy: 0.00, data load time: 0.00705, step time: 0.01391,
epoch: [3], step: [56/1581], batch loss: 3.28421, batch accuracy: 0.00, data load time: 0.00734, step time: 0.02155,
epoch: [3], step: [356/1581], batch loss: 0.71980, batch accuracy: 90.62, data load time: 0.00263, step time: 0.02144,
epoch: [3], step: [656/1581], batch loss: 5.18163, batch accuracy: 0.00, data load time: 0.00026, step time: 0.01758,
epoch: [3], step: [956/1581], batch loss: 2.98122, batch accuracy: 0.00, data load time: 0.00704, step time: 0.01354,
epoch: [3], step: [1256/1581], batch loss: 4.53905, batch accuracy: 0.00, data load time: 0.00168, step time: 0.01546,
epoch: [3], step: [1556/1581], batch loss: 1.85025, batch accuracy: 12.50, data load time: 0.00015, step time: 0.01145,
epoch: [4], step: [275/1581], batch loss: 3.99298, batch accuracy: 0.00, data load time: 0.00612, step time: 0.01554,
epoch: [4], step: [575/1581], batch loss: 2.43414, batch accuracy: 0.00, data load time: 0.00698, step time: 0.01313,
epoch: [4], step: [875/1581], batch loss: 1.71922, batch accuracy: 37.50, data load time: 0.02435, step time: 0.02232,
epoch: [4], step: [1175/1581], batch loss: 2.50850, batch accuracy: 18.75, data load time: 0.00129, step time: 0.03141,
epoch: [4], step: [1475/1581], batch loss: 3.59870, batch accuracy: 0.00, data load time: 0.01274, step time: 0.01237,
validation loss: 2.19398, accuracy: 23.00, class_accuracy: [0.0, 9.146341463414634, 0.0, 32.21238938053097, 4.3343653250774, 0.0, 0.0, 50.96774193548387, 0.0, 100.0]
epoch: [5], step: [194/1581], batch loss: 1.31011, batch accuracy: 71.88, data load time: 0.00035, step time: 0.01202,
epoch: [5], step: [494/1581], batch loss: 0.84811, batch accuracy: 75.00, data load time: 0.00039, step time: 0.02391,
epoch: [5], step: [794/1581], batch loss: 1.45409, batch accuracy: 40.62, data load time: 0.00024, step time: 0.01768,
epoch: [5], step: [1094/1581], batch loss: 0.80030, batch accuracy: 100.00, data load time: 0.00912, step time: 0.02110,
epoch: [5], step: [1394/1581], batch loss: 0.65759, batch accuracy: 78.12, data load time: 0.00849, step time: 0.01494,
epoch: [6], step: [113/1581], batch loss: 2.63068, batch accuracy: 0.00, data load time: 0.00413, step time: 0.01719,
epoch: [6], step: [413/1581], batch loss: 1.69226, batch accuracy: 28.12, data load time: 0.22651, step time: 0.01449,
epoch: [6], step: [713/1581], batch loss: 0.14311, batch accuracy: 100.00, data load time: 0.01815, step time: 0.01282,
epoch: [6], step: [1013/1581], batch loss: 1.55149, batch accuracy: 31.25, data load time: 0.00868, step time: 0.02764,
epoch: [6], step: [1313/1581], batch loss: 2.20282, batch accuracy: 0.00, data load time: 0.00985, step time: 0.01381,
epoch: [7], step: [32/1581], batch loss: 3.84961, batch accuracy: 0.00, data load time: 0.00630, step time: 0.02225,
epoch: [7], step: [332/1581], batch loss: 0.84692, batch accuracy: 93.75, data load time: 0.00031, step time: 0.02275,
epoch: [7], step: [632/1581], batch loss: 1.11172, batch accuracy: 71.88, data load time: 0.00036, step time: 0.01273,
epoch: [7], step: [932/1581], batch loss: 1.87996, batch accuracy: 9.38, data load time: 0.00036, step time: 0.02373,
epoch: [7], step: [1232/1581], batch loss: 2.18651, batch accuracy: 3.12, data load time: 0.00115, step time: 0.02712,
epoch: [7], step: [1532/1581], batch loss: 1.87501, batch accuracy: 15.62, data load time: 0.00017, step time: 0.02243,
epoch: [8], step: [251/1581], batch loss: 2.61430, batch accuracy: 21.88, data load time: 0.00729, step time: 0.01702,
epoch: [8], step: [551/1581], batch loss: 2.81396, batch accuracy: 18.75, data load time: 0.00043, step time: 0.02145,
epoch: [8], step: [851/1581], batch loss: 1.61115, batch accuracy: 56.25, data load time: 0.00102, step time: 0.02771,
epoch: [8], step: [1151/1581], batch loss: 2.69332, batch accuracy: 0.00, data load time: 0.00661, step time: 0.01334,
epoch: [8], step: [1451/1581], batch loss: 1.91785, batch accuracy: 40.62, data load time: 0.00033, step time: 0.02114,
epoch: [9], step: [170/1581], batch loss: 2.31827, batch accuracy: 0.00, data load time: 0.00536, step time: 0.01764,
epoch: [9], step: [470/1581], batch loss: 0.46663, batch accuracy: 100.00, data load time: 0.00065, step time: 0.01914,
epoch: [9], step: [770/1581], batch loss: 1.55770, batch accuracy: 78.12, data load time: 0.00472, step time: 0.01635,
epoch: [9], step: [1070/1581], batch loss: 2.18745, batch accuracy: 31.25, data load time: 0.00555, step time: 0.01555,
epoch: [9], step: [1370/1581], batch loss: 2.05895, batch accuracy: 12.50, data load time: 0.00423, step time: 0.01847,
validation loss: 2.01537, accuracy: 18.98, class_accuracy: [0.0, 4.2682926829268295, 0.0, 49.02654867256637, 6.037151702786378, 0.0, 0.0, 0.0, 0.17921146953405018, 100.0]
epoch: [10], step: [89/1581], batch loss: 3.03949, batch accuracy: 0.00, data load time: 0.00213, step time: 0.03227,
epoch: [10], step: [389/1581], batch loss: 2.88553, batch accuracy: 0.00, data load time: 0.01008, step time: 0.01345,
epoch: [10], step: [689/1581], batch loss: 1.38754, batch accuracy: 37.50, data load time: 0.00721, step time: 0.01379,
epoch: [10], step: [989/1581], batch loss: 1.84319, batch accuracy: 0.00, data load time: 0.00557, step time: 0.02015,
epoch: [10], step: [1289/1581], batch loss: 3.56163, batch accuracy: 0.00, data load time: 0.00869, step time: 0.02213,
epoch: [11], step: [8/1581], batch loss: 2.93808, batch accuracy: 0.00, data load time: 0.00445, step time: 0.01176,
epoch: [11], step: [308/1581], batch loss: 1.33500, batch accuracy: 71.88, data load time: 0.00674, step time: 0.01672,
epoch: [11], step: [608/1581], batch loss: 1.32865, batch accuracy: 93.75, data load time: 0.00027, step time: 0.02241,
epoch: [11], step: [908/1581], batch loss: 1.40827, batch accuracy: 53.12, data load time: 0.01014, step time: 0.01235,
epoch: [11], step: [1208/1581], batch loss: 2.64773, batch accuracy: 6.25, data load time: 0.00135, step time: 0.01722,
epoch: [11], step: [1508/1581], batch loss: 1.51027, batch accuracy: 31.25, data load time: 0.00030, step time: 0.02479,
epoch: [12], step: [227/1581], batch loss: 2.16666, batch accuracy: 0.00, data load time: 0.00033, step time: 0.01215,
epoch: [12], step: [527/1581], batch loss: 2.93059, batch accuracy: 0.00, data load time: 0.16275, step time: 0.01358,
epoch: [12], step: [827/1581], batch loss: 2.03568, batch accuracy: 12.50, data load time: 0.00739, step time: 0.01750,
epoch: [12], step: [1127/1581], batch loss: 2.85747, batch accuracy: 0.00, data load time: 0.00468, step time: 0.01731,
epoch: [12], step: [1427/1581], batch loss: 2.60279, batch accuracy: 0.00, data load time: 0.00027, step time: 0.01728,
epoch: [13], step: [146/1581], batch loss: 0.75579, batch accuracy: 100.00, data load time: 0.00028, step time: 0.01601,
epoch: [13], step: [446/1581], batch loss: 3.20845, batch accuracy: 0.00, data load time: 0.01733, step time: 0.01944,
epoch: [13], step: [746/1581], batch loss: 2.38654, batch accuracy: 15.62, data load time: 0.00050, step time: 0.02660,
epoch: [13], step: [1046/1581], batch loss: 1.18396, batch accuracy: 96.88, data load time: 0.01026, step time: 0.01284,
epoch: [13], step: [1346/1581], batch loss: 1.62409, batch accuracy: 59.38, data load time: 0.00387, step time: 0.02600,
epoch: [14], step: [65/1581], batch loss: 1.67757, batch accuracy: 50.00, data load time: 0.00101, step time: 0.02720,
epoch: [14], step: [365/1581], batch loss: 1.29729, batch accuracy: 90.62, data load time: 0.00503, step time: 0.01252,
epoch: [14], step: [665/1581], batch loss: 2.68599, batch accuracy: 9.38, data load time: 0.00368, step time: 0.02149,
epoch: [14], step: [965/1581], batch loss: 1.92339, batch accuracy: 0.00, data load time: 0.00468, step time: 0.01911,
epoch: [14], step: [1265/1581], batch loss: 2.64550, batch accuracy: 0.00, data load time: 0.00155, step time: 0.01703,
epoch: [14], step: [1565/1581], batch loss: 2.32668, batch accuracy: 21.88, data load time: 0.00013, step time: 0.01055,
validation loss: 1.82762, accuracy: 27.12, class_accuracy: [0.0, 8.536585365853659, 1.0086455331412103, 59.11504424778761, 13.93188854489164, 43.962848297213625, 21.568627450980394, 0.0, 2.150537634408602, 100.0]
epoch: [15], step: [284/1581], batch loss: 2.31071, batch accuracy: 6.25, data load time: 0.00035, step time: 0.02432,
epoch: [15], step: [584/1581], batch loss: 2.14657, batch accuracy: 0.00, data load time: 0.00471, step time: 0.01811,
epoch: [15], step: [884/1581], batch loss: 2.38035, batch accuracy: 0.00, data load time: 0.52035, step time: 0.01492,
epoch: [15], step: [1184/1581], batch loss: 1.91297, batch accuracy: 46.88, data load time: 0.00113, step time: 0.01744,
epoch: [15], step: [1484/1581], batch loss: 2.70335, batch accuracy: 0.00, data load time: 0.00229, step time: 0.02323,
epoch: [16], step: [203/1581], batch loss: 2.10708, batch accuracy: 0.00, data load time: 0.00550, step time: 0.01319,
epoch: [16], step: [503/1581], batch loss: 0.44936, batch accuracy: 100.00, data load time: 0.00095, step time: 0.01701,
epoch: [16], step: [803/1581], batch loss: 3.14477, batch accuracy: 25.00, data load time: 0.00104, step time: 0.02977,
epoch: [16], step: [1103/1581], batch loss: 2.13925, batch accuracy: 21.88, data load time: 0.00641, step time: 0.01600,
epoch: [16], step: [1403/1581], batch loss: 1.96114, batch accuracy: 37.50, data load time: 0.00633, step time: 0.02207,
epoch: [17], step: [122/1581], batch loss: 1.74385, batch accuracy: 25.00, data load time: 0.00037, step time: 0.01357,
epoch: [17], step: [422/1581], batch loss: 1.94016, batch accuracy: 31.25, data load time: 0.00744, step time: 0.03227,
epoch: [17], step: [722/1581], batch loss: 1.98953, batch accuracy: 0.00, data load time: 0.00490, step time: 0.01759,
epoch: [17], step: [1022/1581], batch loss: 1.94138, batch accuracy: 0.00, data load time: 0.00646, step time: 0.02153,
epoch: [17], step: [1322/1581], batch loss: 2.37908, batch accuracy: 0.00, data load time: 0.00689, step time: 0.01369,
epoch: [18], step: [41/1581], batch loss: 2.30791, batch accuracy: 0.00, data load time: 0.00708, step time: 0.01335,
epoch: [18], step: [341/1581], batch loss: 2.88397, batch accuracy: 3.12, data load time: 0.00027, step time: 0.02184,
epoch: [18], step: [641/1581], batch loss: 1.97873, batch accuracy: 0.00, data load time: 0.00717, step time: 0.01970,
epoch: [18], step: [941/1581], batch loss: 1.93517, batch accuracy: 0.00, data load time: 0.00045, step time: 0.01695,
epoch: [18], step: [1241/1581], batch loss: 2.47475, batch accuracy: 0.00, data load time: 0.00095, step time: 0.01487,
epoch: [18], step: [1541/1581], batch loss: 2.81707, batch accuracy: 0.00, data load time: 0.00018, step time: 0.01198,
epoch: [19], step: [260/1581], batch loss: 2.06546, batch accuracy: 0.00, data load time: 0.00046, step time: 0.01358,
epoch: [19], step: [560/1581], batch loss: 2.19434, batch accuracy: 0.00, data load time: 0.00449, step time: 0.01713,
epoch: [19], step: [860/1581], batch loss: 2.01802, batch accuracy: 9.38, data load time: 0.00047, step time: 0.02155,
epoch: [19], step: [1160/1581], batch loss: 1.72650, batch accuracy: 43.75, data load time: 0.07050, step time: 0.01308,
epoch: [19], step: [1460/1581], batch loss: 2.05038, batch accuracy: 0.00, data load time: 0.01227, step time: 0.01334,
validation loss: 1.75122, accuracy: 32.18, class_accuracy: [0.0, 12.195121951219512, 5.763688760806916, 62.47787610619469, 21.05263157894737, 66.09907120743034, 26.470588235294116, 0.0, 5.913978494623656, 100.0]
epoch: [20], step: [179/1581], batch loss: 2.70456, batch accuracy: 0.00, data load time: 0.02700, step time: 0.03002,
epoch: [20], step: [479/1581], batch loss: 1.40704, batch accuracy: 50.00, data load time: 0.01045, step time: 0.01256,
epoch: [20], step: [779/1581], batch loss: 2.10211, batch accuracy: 0.00, data load time: 0.00444, step time: 0.01574,
epoch: [20], step: [1079/1581], batch loss: 2.71179, batch accuracy: 0.00, data load time: 0.00701, step time: 0.01742,
epoch: [20], step: [1379/1581], batch loss: 2.58504, batch accuracy: 18.75, data load time: 0.01703, step time: 0.01309,
epoch: [21], step: [98/1581], batch loss: 2.44323, batch accuracy: 0.00, data load time: 0.00033, step time: 0.02294,
epoch: [21], step: [398/1581], batch loss: 1.98218, batch accuracy: 9.38, data load time: 0.00370, step time: 0.01370,
epoch: [21], step: [698/1581], batch loss: 2.82396, batch accuracy: 0.00, data load time: 0.00347, step time: 0.01726,
epoch: [21], step: [998/1581], batch loss: 2.06649, batch accuracy: 0.00, data load time: 0.00027, step time: 0.01755,
epoch: [21], step: [1298/1581], batch loss: 2.50099, batch accuracy: 0.00, data load time: 0.00705, step time: 0.01669,
epoch: [22], step: [17/1581], batch loss: 1.25423, batch accuracy: 100.00, data load time: 0.00029, step time: 0.02190,
epoch: [22], step: [317/1581], batch loss: 2.60695, batch accuracy: 0.00, data load time: 0.00679, step time: 0.01767,
epoch: [22], step: [617/1581], batch loss: 2.39182, batch accuracy: 3.12, data load time: 0.00111, step time: 0.01342,
epoch: [22], step: [917/1581], batch loss: 2.66040, batch accuracy: 15.62, data load time: 0.00053, step time: 0.01397,
epoch: [22], step: [1217/1581], batch loss: 2.02239, batch accuracy: 0.00, data load time: 0.00112, step time: 0.03595,
epoch: [22], step: [1517/1581], batch loss: 2.83274, batch accuracy: 0.00, data load time: 0.00265, step time: 0.01338,
epoch: [23], step: [236/1581], batch loss: 2.70702, batch accuracy: 0.00, data load time: 0.01342, step time: 0.02022,
epoch: [23], step: [536/1581], batch loss: 2.09320, batch accuracy: 6.25, data load time: 0.00610, step time: 0.02718,
epoch: [23], step: [836/1581], batch loss: 2.18158, batch accuracy: 25.00, data load time: 0.00603, step time: 0.01273,
epoch: [23], step: [1136/1581], batch loss: 2.30434, batch accuracy: 0.00, data load time: 0.00033, step time: 0.01571,
epoch: [23], step: [1436/1581], batch loss: 2.27805, batch accuracy: 3.12, data load time: 0.13091, step time: 0.01419,
epoch: [24], step: [155/1581], batch loss: 2.31076, batch accuracy: 0.00, data load time: 0.01338, step time: 0.01394,
epoch: [24], step: [455/1581], batch loss: 2.72759, batch accuracy: 0.00, data load time: 0.00436, step time: 0.01880,
epoch: [24], step: [755/1581], batch loss: 2.86350, batch accuracy: 0.00, data load time: 0.00678, step time: 0.02776,
epoch: [24], step: [1055/1581], batch loss: 1.24391, batch accuracy: 96.88, data load time: 0.01568, step time: 0.01250,
epoch: [24], step: [1355/1581], batch loss: 1.84058, batch accuracy: 50.00, data load time: 0.01754, step time: 0.02460,
validation loss: 1.66280, accuracy: 37.18, class_accuracy: [0.0, 13.414634146341463, 14.985590778097983, 70.08849557522124, 31.888544891640866, 72.91021671826626, 31.372549019607842, 0.0, 14.516129032258064, 99.14285714285714]
epoch: [25], step: [74/1581], batch loss: 1.37804, batch accuracy: 100.00, data load time: 0.00424, step time: 0.01580,
epoch: [25], step: [374/1581], batch loss: 1.16875, batch accuracy: 100.00, data load time: 0.00710, step time: 0.01292,
epoch: [25], step: [674/1581], batch loss: 2.11537, batch accuracy: 0.00, data load time: 0.00086, step time: 0.02970,
epoch: [25], step: [974/1581], batch loss: 1.92649, batch accuracy: 0.00, data load time: 0.00976, step time: 0.02600,
epoch: [25], step: [1274/1581], batch loss: 2.43181, batch accuracy: 3.12, data load time: 0.00438, step time: 0.01644,
epoch: [25], step: [1574/1581], batch loss: 1.32600, batch accuracy: 87.50, data load time: 0.00014, step time: 0.01725,
epoch: [26], step: [293/1581], batch loss: 2.11230, batch accuracy: 21.88, data load time: 0.00236, step time: 0.04165,
epoch: [26], step: [593/1581], batch loss: 2.34648, batch accuracy: 0.00, data load time: 0.01332, step time: 0.02122,
epoch: [26], step: [893/1581], batch loss: 1.98243, batch accuracy: 31.25, data load time: 0.00033, step time: 0.01359,
epoch: [26], step: [1193/1581], batch loss: 1.35440, batch accuracy: 78.12, data load time: 0.00323, step time: 0.02678,
epoch: [26], step: [1493/1581], batch loss: 1.58841, batch accuracy: 50.00, data load time: 0.02183, step time: 0.02416,
epoch: [27], step: [212/1581], batch loss: 2.36218, batch accuracy: 0.00, data load time: 0.00919, step time: 0.01825,
epoch: [27], step: [512/1581], batch loss: 0.46518, batch accuracy: 100.00, data load time: 0.00079, step time: 0.02328,
epoch: [27], step: [812/1581], batch loss: 2.07744, batch accuracy: 0.00, data load time: 0.00864, step time: 0.02117,
epoch: [27], step: [1112/1581], batch loss: 1.83007, batch accuracy: 6.25, data load time: 0.00572, step time: 0.02444,
epoch: [27], step: [1412/1581], batch loss: 2.72875, batch accuracy: 0.00, data load time: 0.01326, step time: 0.01272,
epoch: [28], step: [131/1581], batch loss: 1.21926, batch accuracy: 50.00, data load time: 0.00033, step time: 0.01382,
epoch: [28], step: [431/1581], batch loss: 3.53851, batch accuracy: 9.38, data load time: 0.00515, step time: 0.01449,
epoch: [28], step: [731/1581], batch loss: 2.20741, batch accuracy: 3.12, data load time: 0.00033, step time: 0.03357,
epoch: [28], step: [1031/1581], batch loss: 1.75988, batch accuracy: 6.25, data load time: 0.00156, step time: 0.02768,
epoch: [28], step: [1331/1581], batch loss: 2.19222, batch accuracy: 6.25, data load time: 0.00315, step time: 0.01496,
epoch: [29], step: [50/1581], batch loss: 2.39787, batch accuracy: 0.00, data load time: 0.00445, step time: 0.01655,
epoch: [29], step: [350/1581], batch loss: 2.53863, batch accuracy: 0.00, data load time: 0.00042, step time: 0.01623,
epoch: [29], step: [650/1581], batch loss: 1.33692, batch accuracy: 53.12, data load time: 0.02728, step time: 0.01861,
epoch: [29], step: [950/1581], batch loss: 3.31969, batch accuracy: 0.00, data load time: 0.00036, step time: 0.01426,
epoch: [29], step: [1250/1581], batch loss: 1.20631, batch accuracy: 50.00, data load time: 0.00040, step time: 0.02245,
epoch: [29], step: [1550/1581], batch loss: 1.35628, batch accuracy: 81.25, data load time: 0.00015, step time: 0.01229,
validation loss: 1.63916, accuracy: 38.92, class_accuracy: [0.0, 14.024390243902438, 31.123919308357348, 66.19469026548673, 32.6625386996904, 73.21981424148606, 33.333333333333336, 0.0, 16.487455197132615, 96.71428571428571]
epoch: [30], step: [269/1581], batch loss: 2.03213, batch accuracy: 3.12, data load time: 0.00035, step time: 0.01242,
epoch: [30], step: [569/1581], batch loss: 2.75998, batch accuracy: 0.00, data load time: 0.00436, step time: 0.01730,
epoch: [30], step: [869/1581], batch loss: 2.22380, batch accuracy: 6.25, data load time: 0.00147, step time: 0.01848,
epoch: [30], step: [1169/1581], batch loss: 2.49753, batch accuracy: 0.00, data load time: 0.00227, step time: 0.02681,
epoch: [30], step: [1469/1581], batch loss: 1.49639, batch accuracy: 65.62, data load time: 0.00528, step time: 0.01557,
epoch: [31], step: [188/1581], batch loss: 1.96000, batch accuracy: 21.88, data load time: 0.00033, step time: 0.02148,
epoch: [31], step: [488/1581], batch loss: 1.21553, batch accuracy: 87.50, data load time: 0.00882, step time: 0.01713,
epoch: [31], step: [788/1581], batch loss: 1.79281, batch accuracy: 0.00, data load time: 0.00058, step time: 0.02371,
epoch: [31], step: [1088/1581], batch loss: 1.25858, batch accuracy: 40.62, data load time: 0.00035, step time: 0.01696,
epoch: [31], step: [1388/1581], batch loss: 2.54266, batch accuracy: 6.25, data load time: 0.00056, step time: 0.02679,
epoch: [32], step: [107/1581], batch loss: 1.55282, batch accuracy: 40.62, data load time: 0.00619, step time: 0.02472,
epoch: [32], step: [407/1581], batch loss: 1.13404, batch accuracy: 84.38, data load time: 0.00037, step time: 0.01704,
epoch: [32], step: [707/1581], batch loss: 2.19233, batch accuracy: 0.00, data load time: 0.00410, step time: 0.01631,
epoch: [32], step: [1007/1581], batch loss: 3.31402, batch accuracy: 0.00, data load time: 0.00065, step time: 0.02143,
epoch: [32], step: [1307/1581], batch loss: 1.14793, batch accuracy: 53.12, data load time: 0.00044, step time: 0.02295,
epoch: [33], step: [26/1581], batch loss: 2.65838, batch accuracy: 0.00, data load time: 0.00031, step time: 0.03183,
epoch: [33], step: [326/1581], batch loss: 2.19589, batch accuracy: 3.12, data load time: 0.00028, step time: 0.02168,
epoch: [33], step: [626/1581], batch loss: 2.20035, batch accuracy: 0.00, data load time: 0.00346, step time: 0.01640,
epoch: [33], step: [926/1581], batch loss: 2.71587, batch accuracy: 18.75, data load time: 0.00753, step time: 0.01504,
epoch: [33], step: [1226/1581], batch loss: 2.68160, batch accuracy: 0.00, data load time: 0.00071, step time: 0.01617,
epoch: [33], step: [1526/1581], batch loss: 1.90883, batch accuracy: 34.38, data load time: 0.00022, step time: 0.02428,
epoch: [34], step: [245/1581], batch loss: 1.72186, batch accuracy: 18.75, data load time: 0.00027, step time: 0.02237,
epoch: [34], step: [545/1581], batch loss: 0.67621, batch accuracy: 93.75, data load time: 0.01213, step time: 0.01273,
epoch: [34], step: [845/1581], batch loss: 1.45416, batch accuracy: 81.25, data load time: 0.00050, step time: 0.01892,
epoch: [34], step: [1145/1581], batch loss: 1.55071, batch accuracy: 59.38, data load time: 0.00404, step time: 0.01686,
epoch: [34], step: [1445/1581], batch loss: 2.66833, batch accuracy: 0.00, data load time: 0.00028, step time: 0.02145,
validation loss: 1.62506, accuracy: 39.94, class_accuracy: [0.0, 15.853658536585366, 35.73487031700288, 64.60176991150442, 37.306501547987615, 74.30340557275542, 27.45098039215686, 0.967741935483871, 17.38351254480287, 94.85714285714286]
epoch: [35], step: [164/1581], batch loss: 2.70809, batch accuracy: 6.25, data load time: 0.00446, step time: 0.01740,
epoch: [35], step: [464/1581], batch loss: 2.15035, batch accuracy: 3.12, data load time: 0.01319, step time: 0.01956,
epoch: [35], step: [764/1581], batch loss: 2.55556, batch accuracy: 0.00, data load time: 0.01331, step time: 0.01505,
epoch: [35], step: [1064/1581], batch loss: 2.95222, batch accuracy: 0.00, data load time: 0.00879, step time: 0.02618,
epoch: [35], step: [1364/1581], batch loss: 4.16210, batch accuracy: 0.00, data load time: 0.00666, step time: 0.01190,
epoch: [36], step: [83/1581], batch loss: 1.55008, batch accuracy: 37.50, data load time: 0.00031, step time: 0.02051,
epoch: [36], step: [383/1581], batch loss: 2.99541, batch accuracy: 0.00, data load time: 0.00110, step time: 0.02576,
epoch: [36], step: [683/1581], batch loss: 2.20258, batch accuracy: 0.00, data load time: 0.00400, step time: 0.01699,
epoch: [36], step: [983/1581], batch loss: 2.36568, batch accuracy: 12.50, data load time: 0.00930, step time: 0.01341,
epoch: [36], step: [1283/1581], batch loss: 2.53820, batch accuracy: 0.00, data load time: 0.08004, step time: 0.01419,
epoch: [37], step: [2/1581], batch loss: 1.01238, batch accuracy: 65.62, data load time: 0.00034, step time: 0.01407,
epoch: [37], step: [302/1581], batch loss: 1.31384, batch accuracy: 75.00, data load time: 0.00035, step time: 0.02115,
epoch: [37], step: [602/1581], batch loss: 2.59603, batch accuracy: 0.00, data load time: 0.00554, step time: 0.01287,
epoch: [37], step: [902/1581], batch loss: 1.66088, batch accuracy: 25.00, data load time: 0.00033, step time: 0.02366,
epoch: [37], step: [1202/1581], batch loss: 1.62877, batch accuracy: 25.00, data load time: 0.00704, step time: 0.01422,
epoch: [37], step: [1502/1581], batch loss: 1.22876, batch accuracy: 62.50, data load time: 0.00928, step time: 0.02567,
epoch: [38], step: [221/1581], batch loss: 3.08945, batch accuracy: 12.50, data load time: 0.00108, step time: 0.01804,
epoch: [38], step: [521/1581], batch loss: 2.96459, batch accuracy: 0.00, data load time: 0.00105, step time: 0.03478,
epoch: [38], step: [821/1581], batch loss: 1.65863, batch accuracy: 31.25, data load time: 0.00031, step time: 0.02470,
epoch: [38], step: [1121/1581], batch loss: 1.07826, batch accuracy: 68.75, data load time: 0.00753, step time: 0.01339,
epoch: [38], step: [1421/1581], batch loss: 2.93115, batch accuracy: 3.12, data load time: 0.00032, step time: 0.01202,
epoch: [39], step: [140/1581], batch loss: 1.38082, batch accuracy: 93.75, data load time: 0.00041, step time: 0.01795,
epoch: [39], step: [440/1581], batch loss: 0.73416, batch accuracy: 87.50, data load time: 0.00710, step time: 0.01421,
epoch: [39], step: [740/1581], batch loss: 1.22965, batch accuracy: 96.88, data load time: 0.00030, step time: 0.02494,
epoch: [39], step: [1040/1581], batch loss: 2.17273, batch accuracy: 0.00, data load time: 0.00177, step time: 0.01525,
epoch: [39], step: [1340/1581], batch loss: 1.15930, batch accuracy: 62.50, data load time: 0.01307, step time: 0.01286,
validation loss: 1.57812, accuracy: 41.76, class_accuracy: [0.0, 11.585365853658537, 41.78674351585014, 66.19469026548673, 38.080495356037154, 76.93498452012383, 49.01960784313726, 9.03225806451613, 14.516129032258064, 91.42857142857143]
epoch: [40], step: [59/1581], batch loss: 2.17178, batch accuracy: 0.00, data load time: 0.00029, step time: 0.03564,
epoch: [40], step: [359/1581], batch loss: 1.99564, batch accuracy: 0.00, data load time: 0.00723, step time: 0.01907,
epoch: [40], step: [659/1581], batch loss: 2.33057, batch accuracy: 0.00, data load time: 0.00037, step time: 0.02257,
epoch: [40], step: [959/1581], batch loss: 2.20836, batch accuracy: 0.00, data load time: 0.00175, step time: 0.01680,
epoch: [40], step: [1259/1581], batch loss: 1.10493, batch accuracy: 96.88, data load time: 0.01327, step time: 0.02868,
epoch: [40], step: [1559/1581], batch loss: 2.03067, batch accuracy: 15.62, data load time: 0.00013, step time: 0.01060,
epoch: [41], step: [278/1581], batch loss: 4.14138, batch accuracy: 12.50, data load time: 0.00423, step time: 0.01743,
epoch: [41], step: [578/1581], batch loss: 2.07873, batch accuracy: 12.50, data load time: 0.00041, step time: 0.02502,
epoch: [41], step: [878/1581], batch loss: 1.70317, batch accuracy: 34.38, data load time: 0.00453, step time: 0.01684,
epoch: [41], step: [1178/1581], batch loss: 2.50571, batch accuracy: 0.00, data load time: 0.00029, step time: 0.02746,
epoch: [41], step: [1478/1581], batch loss: 1.79655, batch accuracy: 3.12, data load time: 0.00791, step time: 0.02303,
epoch: [42], step: [197/1581], batch loss: 1.68471, batch accuracy: 40.62, data load time: 0.00712, step time: 0.01501,
epoch: [42], step: [497/1581], batch loss: 0.85207, batch accuracy: 87.50, data load time: 0.00401, step time: 0.01766,
epoch: [42], step: [797/1581], batch loss: 2.37739, batch accuracy: 21.88, data load time: 0.35595, step time: 0.01243,
epoch: [42], step: [1097/1581], batch loss: 0.96592, batch accuracy: 62.50, data load time: 0.00050, step time: 0.01816,
epoch: [42], step: [1397/1581], batch loss: 0.97233, batch accuracy: 93.75, data load time: 0.00036, step time: 0.01351,
epoch: [43], step: [116/1581], batch loss: 1.29222, batch accuracy: 62.50, data load time: 0.00638, step time: 0.02827,
epoch: [43], step: [416/1581], batch loss: 1.40076, batch accuracy: 56.25, data load time: 0.00067, step time: 0.01647,
epoch: [43], step: [716/1581], batch loss: 1.35439, batch accuracy: 90.62, data load time: 0.02840, step time: 0.02598,
epoch: [43], step: [1016/1581], batch loss: 1.61983, batch accuracy: 46.88, data load time: 0.00029, step time: 0.02509,
epoch: [43], step: [1316/1581], batch loss: 1.63060, batch accuracy: 40.62, data load time: 0.00451, step time: 0.01846,
epoch: [44], step: [35/1581], batch loss: 1.70869, batch accuracy: 28.12, data load time: 0.01116, step time: 0.01585,
epoch: [44], step: [335/1581], batch loss: 2.09217, batch accuracy: 6.25, data load time: 0.00033, step time: 0.02307,
epoch: [44], step: [635/1581], batch loss: 1.62088, batch accuracy: 25.00, data load time: 0.00039, step time: 0.01255,
epoch: [44], step: [935/1581], batch loss: 1.95511, batch accuracy: 3.12, data load time: 0.00030, step time: 0.01348,
epoch: [44], step: [1235/1581], batch loss: 2.20536, batch accuracy: 0.00, data load time: 0.00100, step time: 0.01615,
epoch: [44], step: [1535/1581], batch loss: 2.89523, batch accuracy: 3.12, data load time: 0.00019, step time: 0.02447,
validation loss: 1.53267, accuracy: 45.52, class_accuracy: [0.0, 9.75609756097561, 28.962536023054756, 60.176991150442475, 31.11455108359133, 77.24458204334366, 51.96078431372549, 76.61290322580645, 12.903225806451612, 85.57142857142857]
epoch: [45], step: [254/1581], batch loss: 3.39281, batch accuracy: 0.00, data load time: 0.00044, step time: 0.02391,
epoch: [45], step: [554/1581], batch loss: 2.78860, batch accuracy: 0.00, data load time: 0.00117, step time: 0.02852,
epoch: [45], step: [854/1581], batch loss: 1.44250, batch accuracy: 25.00, data load time: 0.00025, step time: 0.02466,
epoch: [45], step: [1154/1581], batch loss: 1.04464, batch accuracy: 62.50, data load time: 0.00380, step time: 0.01764,
epoch: [45], step: [1454/1581], batch loss: 1.73478, batch accuracy: 28.12, data load time: 0.00027, step time: 0.01234,
epoch: [46], step: [173/1581], batch loss: 0.96287, batch accuracy: 65.62, data load time: 0.00031, step time: 0.01358,
epoch: [46], step: [473/1581], batch loss: 1.55883, batch accuracy: 28.12, data load time: 0.21097, step time: 0.01269,
epoch: [46], step: [773/1581], batch loss: 0.55086, batch accuracy: 84.38, data load time: 0.00916, step time: 0.01986,
epoch: [46], step: [1073/1581], batch loss: 3.40842, batch accuracy: 0.00, data load time: 0.00036, step time: 0.01289,
epoch: [46], step: [1373/1581], batch loss: 3.13265, batch accuracy: 0.00, data load time: 0.00705, step time: 0.01717,
epoch: [47], step: [92/1581], batch loss: 2.19134, batch accuracy: 0.00, data load time: 0.44458, step time: 0.01297,
epoch: [47], step: [392/1581], batch loss: 2.14765, batch accuracy: 40.62, data load time: 0.00031, step time: 0.02456,
epoch: [47], step: [692/1581], batch loss: 4.10468, batch accuracy: 0.00, data load time: 0.00026, step time: 0.03802,
epoch: [47], step: [992/1581], batch loss: 0.85184, batch accuracy: 84.38, data load time: 0.00193, step time: 0.02744,
epoch: [47], step: [1292/1581], batch loss: 2.34632, batch accuracy: 0.00, data load time: 0.01750, step time: 0.03039,
epoch: [48], step: [11/1581], batch loss: 1.95339, batch accuracy: 6.25, data load time: 0.00029, step time: 0.01599,
epoch: [48], step: [311/1581], batch loss: 1.57349, batch accuracy: 40.62, data load time: 0.01259, step time: 0.01788,
epoch: [48], step: [611/1581], batch loss: 1.43730, batch accuracy: 53.12, data load time: 0.01412, step time: 0.01692,
epoch: [48], step: [911/1581], batch loss: 1.16583, batch accuracy: 59.38, data load time: 0.00053, step time: 0.02573,
epoch: [48], step: [1211/1581], batch loss: 3.89194, batch accuracy: 0.00, data load time: 0.00413, step time: 0.01285,
epoch: [48], step: [1511/1581], batch loss: 0.72019, batch accuracy: 84.38, data load time: 0.01232, step time: 0.01235,
epoch: [49], step: [230/1581], batch loss: 2.64657, batch accuracy: 3.12, data load time: 0.00038, step time: 0.02210,
epoch: [49], step: [530/1581], batch loss: 2.65387, batch accuracy: 3.12, data load time: 0.00630, step time: 0.01261,
epoch: [49], step: [830/1581], batch loss: 1.92252, batch accuracy: 18.75, data load time: 0.00300, step time: 0.02193,
epoch: [49], step: [1130/1581], batch loss: 2.10531, batch accuracy: 0.00, data load time: 0.00292, step time: 0.02507,
epoch: [49], step: [1430/1581], batch loss: 1.70711, batch accuracy: 31.25, data load time: 0.00283, step time: 0.01701,
validation loss: 1.45017, accuracy: 45.06, class_accuracy: [0.0, 11.585365853658537, 29.971181556195965, 56.991150442477874, 21.05263157894737, 77.39938080495357, 47.05882352941177, 85.0, 21.14695340501792, 79.0]
Total time taken: 2769.239411830902
