Using CUDA...
Writing logs to logs/CNN_bn_epochs=50_dropout=0.5_bs=32_optim=AdamW_decay=1e-05_lr=0.001_momentum=0.9_mode=LMC_run_0
epoch: [0], step: [299/1581], batch loss: 1.59740, batch accuracy: 56.25, data load time: 0.00028, step time: 0.01768,
epoch: [0], step: [599/1581], batch loss: 1.04501, batch accuracy: 65.62, data load time: 0.00053, step time: 0.00984,
epoch: [0], step: [899/1581], batch loss: 0.77688, batch accuracy: 75.00, data load time: 0.00021, step time: 0.00955,
epoch: [0], step: [1199/1581], batch loss: 0.76154, batch accuracy: 78.12, data load time: 0.00558, step time: 0.01167,
epoch: [0], step: [1499/1581], batch loss: 0.78111, batch accuracy: 68.75, data load time: 0.00021, step time: 0.01063,
epoch: [1], step: [218/1581], batch loss: 0.37249, batch accuracy: 81.25, data load time: 0.00024, step time: 0.01701,
epoch: [1], step: [518/1581], batch loss: 0.61771, batch accuracy: 87.50, data load time: 0.00076, step time: 0.01150,
epoch: [1], step: [818/1581], batch loss: 0.81974, batch accuracy: 81.25, data load time: 0.00022, step time: 0.00991,
epoch: [1], step: [1118/1581], batch loss: 0.44914, batch accuracy: 75.00, data load time: 0.00023, step time: 0.01515,
epoch: [1], step: [1418/1581], batch loss: 0.84945, batch accuracy: 71.88, data load time: 0.00032, step time: 0.01037,
epoch: [2], step: [137/1581], batch loss: 0.79512, batch accuracy: 75.00, data load time: 0.00025, step time: 0.01069,
epoch: [2], step: [437/1581], batch loss: 0.22929, batch accuracy: 100.00, data load time: 0.00022, step time: 0.01011,
epoch: [2], step: [737/1581], batch loss: 0.30120, batch accuracy: 87.50, data load time: 0.00023, step time: 0.01481,
epoch: [2], step: [1037/1581], batch loss: 0.20519, batch accuracy: 90.62, data load time: 0.00024, step time: 0.00962,
epoch: [2], step: [1337/1581], batch loss: 0.31627, batch accuracy: 84.38, data load time: 0.00025, step time: 0.00997,
epoch: [3], step: [56/1581], batch loss: 0.24934, batch accuracy: 93.75, data load time: 0.00022, step time: 0.00994,
epoch: [3], step: [356/1581], batch loss: 0.31166, batch accuracy: 84.38, data load time: 0.00023, step time: 0.01616,
epoch: [3], step: [656/1581], batch loss: 0.28215, batch accuracy: 87.50, data load time: 0.00023, step time: 0.01032,
epoch: [3], step: [956/1581], batch loss: 0.25569, batch accuracy: 90.62, data load time: 0.00022, step time: 0.01256,
epoch: [3], step: [1256/1581], batch loss: 0.18338, batch accuracy: 93.75, data load time: 0.00022, step time: 0.00923,
epoch: [3], step: [1556/1581], batch loss: 0.13110, batch accuracy: 93.75, data load time: 0.00012, step time: 0.00862,
epoch: [4], step: [275/1581], batch loss: 0.05128, batch accuracy: 100.00, data load time: 0.00024, step time: 0.01691,
epoch: [4], step: [575/1581], batch loss: 0.08471, batch accuracy: 96.88, data load time: 0.00022, step time: 0.00959,
epoch: [4], step: [875/1581], batch loss: 0.11106, batch accuracy: 90.62, data load time: 0.00024, step time: 0.01105,
epoch: [4], step: [1175/1581], batch loss: 0.26223, batch accuracy: 93.75, data load time: 0.00400, step time: 0.00950,
epoch: [4], step: [1475/1581], batch loss: 0.16579, batch accuracy: 90.62, data load time: 0.00021, step time: 0.01446,
validation loss: 1.17261, accuracy: 68.17, class_accuracy: [51.69491525423729, 86.84210526315789, 66.66666666666667, 74.33628318584071, 90.67796610169492, 56.88073394495413, 97.14285714285714, 76.10619469026548, 48.97959183673469, 61.86440677966102]
epoch: [5], step: [194/1581], batch loss: 0.05948, batch accuracy: 96.88, data load time: 0.00024, step time: 0.01517,
epoch: [5], step: [494/1581], batch loss: 0.28267, batch accuracy: 93.75, data load time: 0.00022, step time: 0.01929,
epoch: [5], step: [794/1581], batch loss: 0.15161, batch accuracy: 96.88, data load time: 0.00023, step time: 0.01679,
epoch: [5], step: [1094/1581], batch loss: 0.02963, batch accuracy: 100.00, data load time: 0.00337, step time: 0.01255,
epoch: [5], step: [1394/1581], batch loss: 0.10455, batch accuracy: 93.75, data load time: 0.00022, step time: 0.01481,
epoch: [6], step: [113/1581], batch loss: 0.14056, batch accuracy: 90.62, data load time: 0.00021, step time: 0.01097,
epoch: [6], step: [413/1581], batch loss: 0.11949, batch accuracy: 93.75, data load time: 0.00024, step time: 0.01867,
epoch: [6], step: [713/1581], batch loss: 0.17218, batch accuracy: 93.75, data load time: 0.00022, step time: 0.01626,
epoch: [6], step: [1013/1581], batch loss: 0.04076, batch accuracy: 100.00, data load time: 0.00390, step time: 0.01194,
epoch: [6], step: [1313/1581], batch loss: 0.09918, batch accuracy: 93.75, data load time: 0.00573, step time: 0.01164,
epoch: [7], step: [32/1581], batch loss: 0.04139, batch accuracy: 100.00, data load time: 0.00020, step time: 0.01144,
epoch: [7], step: [332/1581], batch loss: 0.11031, batch accuracy: 96.88, data load time: 0.00025, step time: 0.01020,
epoch: [7], step: [632/1581], batch loss: 0.06218, batch accuracy: 96.88, data load time: 0.00023, step time: 0.01547,
epoch: [7], step: [932/1581], batch loss: 0.06285, batch accuracy: 100.00, data load time: 0.00569, step time: 0.01087,
epoch: [7], step: [1232/1581], batch loss: 0.06247, batch accuracy: 96.88, data load time: 0.00023, step time: 0.00985,
epoch: [7], step: [1532/1581], batch loss: 0.03023, batch accuracy: 100.00, data load time: 0.00018, step time: 0.00944,
epoch: [8], step: [251/1581], batch loss: 0.17598, batch accuracy: 96.88, data load time: 0.00023, step time: 0.01051,
epoch: [8], step: [551/1581], batch loss: 0.08175, batch accuracy: 93.75, data load time: 0.00117, step time: 0.00966,
epoch: [8], step: [851/1581], batch loss: 0.06896, batch accuracy: 96.88, data load time: 0.00562, step time: 0.01195,
epoch: [8], step: [1151/1581], batch loss: 0.00403, batch accuracy: 100.00, data load time: 0.00554, step time: 0.01113,
epoch: [8], step: [1451/1581], batch loss: 0.12907, batch accuracy: 93.75, data load time: 0.00027, step time: 0.01643,
epoch: [9], step: [170/1581], batch loss: 0.08829, batch accuracy: 96.88, data load time: 0.00347, step time: 0.01126,
epoch: [9], step: [470/1581], batch loss: 0.22196, batch accuracy: 93.75, data load time: 0.00023, step time: 0.01248,
epoch: [9], step: [770/1581], batch loss: 0.02527, batch accuracy: 100.00, data load time: 0.00044, step time: 0.01209,
epoch: [9], step: [1070/1581], batch loss: 0.04156, batch accuracy: 100.00, data load time: 0.00022, step time: 0.01028,
epoch: [9], step: [1370/1581], batch loss: 0.03554, batch accuracy: 100.00, data load time: 0.00023, step time: 0.01499,
validation loss: 1.24070, accuracy: 71.55, class_accuracy: [71.1864406779661, 97.36842105263158, 63.24786324786325, 78.76106194690266, 93.22033898305085, 47.706422018348626, 94.28571428571429, 77.87610619469027, 57.142857142857146, 64.40677966101696]
epoch: [10], step: [89/1581], batch loss: 0.01017, batch accuracy: 100.00, data load time: 0.00022, step time: 0.01496,
epoch: [10], step: [389/1581], batch loss: 0.04508, batch accuracy: 96.88, data load time: 0.00023, step time: 0.01301,
epoch: [10], step: [689/1581], batch loss: 0.14759, batch accuracy: 93.75, data load time: 0.00025, step time: 0.01555,
epoch: [10], step: [989/1581], batch loss: 0.06163, batch accuracy: 96.88, data load time: 0.00558, step time: 0.01038,
epoch: [10], step: [1289/1581], batch loss: 0.06094, batch accuracy: 96.88, data load time: 0.00024, step time: 0.00942,
epoch: [11], step: [8/1581], batch loss: 0.01268, batch accuracy: 100.00, data load time: 0.00020, step time: 0.01941,
epoch: [11], step: [308/1581], batch loss: 0.07031, batch accuracy: 96.88, data load time: 0.00157, step time: 0.00951,
epoch: [11], step: [608/1581], batch loss: 0.02768, batch accuracy: 100.00, data load time: 0.00021, step time: 0.01058,
epoch: [11], step: [908/1581], batch loss: 0.00818, batch accuracy: 100.00, data load time: 0.00024, step time: 0.01499,
epoch: [11], step: [1208/1581], batch loss: 0.10658, batch accuracy: 96.88, data load time: 0.00022, step time: 0.01538,
epoch: [11], step: [1508/1581], batch loss: 0.01114, batch accuracy: 100.00, data load time: 0.00583, step time: 0.01072,
epoch: [12], step: [227/1581], batch loss: 0.01425, batch accuracy: 100.00, data load time: 0.00022, step time: 0.00975,
epoch: [12], step: [527/1581], batch loss: 0.07409, batch accuracy: 96.88, data load time: 0.00023, step time: 0.00963,
epoch: [12], step: [827/1581], batch loss: 0.01125, batch accuracy: 100.00, data load time: 0.00023, step time: 0.01438,
epoch: [12], step: [1127/1581], batch loss: 0.02300, batch accuracy: 100.00, data load time: 0.00127, step time: 0.01174,
epoch: [12], step: [1427/1581], batch loss: 0.00692, batch accuracy: 100.00, data load time: 0.00433, step time: 0.01207,
epoch: [13], step: [146/1581], batch loss: 0.02847, batch accuracy: 100.00, data load time: 0.00022, step time: 0.01513,
epoch: [13], step: [446/1581], batch loss: 0.01841, batch accuracy: 100.00, data load time: 0.01193, step time: 0.00951,
epoch: [13], step: [746/1581], batch loss: 0.01690, batch accuracy: 100.00, data load time: 0.00023, step time: 0.01267,
epoch: [13], step: [1046/1581], batch loss: 0.00883, batch accuracy: 100.00, data load time: 0.00022, step time: 0.01152,
epoch: [13], step: [1346/1581], batch loss: 0.05799, batch accuracy: 96.88, data load time: 0.00556, step time: 0.01196,
epoch: [14], step: [65/1581], batch loss: 0.00097, batch accuracy: 100.00, data load time: 0.00125, step time: 0.01102,
epoch: [14], step: [365/1581], batch loss: 0.03575, batch accuracy: 100.00, data load time: 0.00124, step time: 0.01088,
epoch: [14], step: [665/1581], batch loss: 0.00194, batch accuracy: 100.00, data load time: 0.00022, step time: 0.01081,
epoch: [14], step: [965/1581], batch loss: 0.16135, batch accuracy: 90.62, data load time: 0.00022, step time: 0.01582,
epoch: [14], step: [1265/1581], batch loss: 0.02703, batch accuracy: 96.88, data load time: 0.00022, step time: 0.01051,
epoch: [14], step: [1565/1581], batch loss: 0.03477, batch accuracy: 100.00, data load time: 0.00011, step time: 0.00862,
validation loss: 1.57072, accuracy: 70.01, class_accuracy: [45.76271186440678, 92.10526315789474, 69.23076923076923, 76.10619469026548, 87.28813559322033, 55.04587155963303, 91.42857142857143, 92.03539823008849, 54.08163265306123, 64.40677966101696]
epoch: [15], step: [284/1581], batch loss: 0.09395, batch accuracy: 96.88, data load time: 0.00517, step time: 0.00983,
epoch: [15], step: [584/1581], batch loss: 0.00317, batch accuracy: 100.00, data load time: 0.00022, step time: 0.00988,
epoch: [15], step: [884/1581], batch loss: 0.01609, batch accuracy: 100.00, data load time: 0.00022, step time: 0.01181,
epoch: [15], step: [1184/1581], batch loss: 0.00770, batch accuracy: 100.00, data load time: 0.00575, step time: 0.01055,
epoch: [15], step: [1484/1581], batch loss: 0.00301, batch accuracy: 100.00, data load time: 0.00024, step time: 0.00935,
epoch: [16], step: [203/1581], batch loss: 0.00472, batch accuracy: 100.00, data load time: 0.00022, step time: 0.01475,
epoch: [16], step: [503/1581], batch loss: 0.45924, batch accuracy: 96.88, data load time: 0.00023, step time: 0.00998,
epoch: [16], step: [803/1581], batch loss: 0.02145, batch accuracy: 96.88, data load time: 0.00024, step time: 0.01088,
epoch: [16], step: [1103/1581], batch loss: 0.06068, batch accuracy: 96.88, data load time: 0.00022, step time: 0.00963,
epoch: [16], step: [1403/1581], batch loss: 0.01410, batch accuracy: 100.00, data load time: 0.00020, step time: 0.00996,
epoch: [17], step: [122/1581], batch loss: 0.00696, batch accuracy: 100.00, data load time: 0.00022, step time: 0.01517,
epoch: [17], step: [422/1581], batch loss: 0.00667, batch accuracy: 100.00, data load time: 0.00570, step time: 0.01181,
epoch: [17], step: [722/1581], batch loss: 0.00289, batch accuracy: 100.00, data load time: 0.00023, step time: 0.01029,
epoch: [17], step: [1022/1581], batch loss: 0.05317, batch accuracy: 96.88, data load time: 0.00575, step time: 0.01116,
epoch: [17], step: [1322/1581], batch loss: 0.01143, batch accuracy: 100.00, data load time: 0.00021, step time: 0.01460,
epoch: [18], step: [41/1581], batch loss: 0.02455, batch accuracy: 100.00, data load time: 0.00019, step time: 0.01486,
epoch: [18], step: [341/1581], batch loss: 0.00320, batch accuracy: 100.00, data load time: 0.00023, step time: 0.01503,
epoch: [18], step: [641/1581], batch loss: 0.00728, batch accuracy: 100.00, data load time: 0.00035, step time: 0.00973,
epoch: [18], step: [941/1581], batch loss: 0.00098, batch accuracy: 100.00, data load time: 0.00022, step time: 0.01451,
epoch: [18], step: [1241/1581], batch loss: 0.26593, batch accuracy: 93.75, data load time: 0.00036, step time: 0.01045,
epoch: [18], step: [1541/1581], batch loss: 0.00104, batch accuracy: 100.00, data load time: 0.00017, step time: 0.00910,
epoch: [19], step: [260/1581], batch loss: 0.09478, batch accuracy: 96.88, data load time: 0.00135, step time: 0.01163,
epoch: [19], step: [560/1581], batch loss: 0.10087, batch accuracy: 93.75, data load time: 0.00023, step time: 0.01766,
epoch: [19], step: [860/1581], batch loss: 0.00354, batch accuracy: 100.00, data load time: 0.00022, step time: 0.01649,
epoch: [19], step: [1160/1581], batch loss: 0.00025, batch accuracy: 100.00, data load time: 0.00357, step time: 0.01295,
epoch: [19], step: [1460/1581], batch loss: 0.08875, batch accuracy: 96.88, data load time: 0.00023, step time: 0.01182,
validation loss: 1.97258, accuracy: 69.40, class_accuracy: [37.28813559322034, 94.73684210526316, 76.92307692307692, 73.45132743362832, 90.67796610169492, 48.62385321100918, 94.28571428571429, 90.26548672566372, 57.142857142857146, 62.71186440677966]
epoch: [20], step: [179/1581], batch loss: 0.00844, batch accuracy: 100.00, data load time: 0.00023, step time: 0.01515,
epoch: [20], step: [479/1581], batch loss: 0.03677, batch accuracy: 96.88, data load time: 0.00023, step time: 0.01003,
epoch: [20], step: [779/1581], batch loss: 0.00345, batch accuracy: 100.00, data load time: 0.00430, step time: 0.00980,
epoch: [20], step: [1079/1581], batch loss: 0.25378, batch accuracy: 93.75, data load time: 0.00558, step time: 0.01099,
epoch: [20], step: [1379/1581], batch loss: 0.01192, batch accuracy: 100.00, data load time: 0.00023, step time: 0.00946,
epoch: [21], step: [98/1581], batch loss: 0.02526, batch accuracy: 100.00, data load time: 0.00022, step time: 0.00937,
epoch: [21], step: [398/1581], batch loss: 0.00722, batch accuracy: 100.00, data load time: 0.00022, step time: 0.01493,
epoch: [21], step: [698/1581], batch loss: 0.00045, batch accuracy: 100.00, data load time: 0.00021, step time: 0.01046,
epoch: [21], step: [998/1581], batch loss: 0.11812, batch accuracy: 96.88, data load time: 0.00021, step time: 0.00957,
epoch: [21], step: [1298/1581], batch loss: 0.05575, batch accuracy: 96.88, data load time: 0.00023, step time: 0.00987,
epoch: [22], step: [17/1581], batch loss: 0.00279, batch accuracy: 100.00, data load time: 0.00022, step time: 0.00967,
epoch: [22], step: [317/1581], batch loss: 0.05496, batch accuracy: 96.88, data load time: 0.00022, step time: 0.01463,
epoch: [22], step: [617/1581], batch loss: 0.00228, batch accuracy: 100.00, data load time: 0.00572, step time: 0.01015,
epoch: [22], step: [917/1581], batch loss: 0.01423, batch accuracy: 100.00, data load time: 0.00022, step time: 0.01615,
epoch: [22], step: [1217/1581], batch loss: 0.01113, batch accuracy: 100.00, data load time: 0.00021, step time: 0.00979,
epoch: [22], step: [1517/1581], batch loss: 0.01438, batch accuracy: 100.00, data load time: 0.00509, step time: 0.01144,
epoch: [23], step: [236/1581], batch loss: 0.00132, batch accuracy: 100.00, data load time: 0.00025, step time: 0.00982,
epoch: [23], step: [536/1581], batch loss: 0.00023, batch accuracy: 100.00, data load time: 0.00562, step time: 0.01078,
epoch: [23], step: [836/1581], batch loss: 0.01037, batch accuracy: 100.00, data load time: 0.00570, step time: 0.01149,
epoch: [23], step: [1136/1581], batch loss: 0.01952, batch accuracy: 100.00, data load time: 0.00023, step time: 0.00918,
epoch: [23], step: [1436/1581], batch loss: 0.00868, batch accuracy: 100.00, data load time: 0.00021, step time: 0.00939,
epoch: [24], step: [155/1581], batch loss: 0.00368, batch accuracy: 100.00, data load time: 0.00545, step time: 0.00925,
epoch: [24], step: [455/1581], batch loss: 0.03263, batch accuracy: 96.88, data load time: 0.00024, step time: 0.01029,
epoch: [24], step: [755/1581], batch loss: 0.00134, batch accuracy: 100.00, data load time: 0.00097, step time: 0.00970,
epoch: [24], step: [1055/1581], batch loss: 0.01869, batch accuracy: 100.00, data load time: 0.00025, step time: 0.00968,
epoch: [24], step: [1355/1581], batch loss: 0.00630, batch accuracy: 100.00, data load time: 0.00545, step time: 0.00968,
validation loss: 1.59469, accuracy: 69.40, class_accuracy: [49.152542372881356, 97.36842105263158, 66.66666666666667, 76.99115044247787, 64.40677966101696, 57.79816513761468, 91.42857142857143, 95.57522123893806, 55.10204081632653, 72.03389830508475]
epoch: [25], step: [74/1581], batch loss: 0.00076, batch accuracy: 100.00, data load time: 0.00021, step time: 0.01465,
epoch: [25], step: [374/1581], batch loss: 0.05287, batch accuracy: 96.88, data load time: 0.00070, step time: 0.01560,
epoch: [25], step: [674/1581], batch loss: 0.00259, batch accuracy: 100.00, data load time: 0.00021, step time: 0.00967,
epoch: [25], step: [974/1581], batch loss: 0.00216, batch accuracy: 100.00, data load time: 0.00090, step time: 0.00930,
epoch: [25], step: [1274/1581], batch loss: 0.08378, batch accuracy: 96.88, data load time: 0.00026, step time: 0.00960,
epoch: [25], step: [1574/1581], batch loss: 0.01296, batch accuracy: 100.00, data load time: 0.00012, step time: 0.00862,
epoch: [26], step: [293/1581], batch loss: 0.00353, batch accuracy: 100.00, data load time: 0.00024, step time: 0.00983,
epoch: [26], step: [593/1581], batch loss: 0.00276, batch accuracy: 100.00, data load time: 0.00022, step time: 0.00942,
epoch: [26], step: [893/1581], batch loss: 0.00217, batch accuracy: 100.00, data load time: 0.00023, step time: 0.01045,
epoch: [26], step: [1193/1581], batch loss: 0.00059, batch accuracy: 100.00, data load time: 0.00575, step time: 0.01279,
epoch: [26], step: [1493/1581], batch loss: 0.00137, batch accuracy: 100.00, data load time: 0.00580, step time: 0.01022,
epoch: [27], step: [212/1581], batch loss: 0.01077, batch accuracy: 100.00, data load time: 0.00022, step time: 0.01662,
epoch: [27], step: [512/1581], batch loss: 0.00029, batch accuracy: 100.00, data load time: 0.00574, step time: 0.01100,
epoch: [27], step: [812/1581], batch loss: 0.16119, batch accuracy: 93.75, data load time: 0.00468, step time: 0.01133,
epoch: [27], step: [1112/1581], batch loss: 0.02114, batch accuracy: 100.00, data load time: 0.00023, step time: 0.00996,
epoch: [27], step: [1412/1581], batch loss: 0.05623, batch accuracy: 100.00, data load time: 0.00024, step time: 0.02250,
epoch: [28], step: [131/1581], batch loss: 0.00425, batch accuracy: 100.00, data load time: 0.00566, step time: 0.01218,
epoch: [28], step: [431/1581], batch loss: 0.00047, batch accuracy: 100.00, data load time: 0.00023, step time: 0.01333,
epoch: [28], step: [731/1581], batch loss: 0.02126, batch accuracy: 100.00, data load time: 0.00024, step time: 0.01457,
epoch: [28], step: [1031/1581], batch loss: 0.13759, batch accuracy: 96.88, data load time: 0.00023, step time: 0.01199,
epoch: [28], step: [1331/1581], batch loss: 0.00071, batch accuracy: 100.00, data load time: 0.00022, step time: 0.01082,
epoch: [29], step: [50/1581], batch loss: 0.00489, batch accuracy: 100.00, data load time: 0.00020, step time: 0.01065,
epoch: [29], step: [350/1581], batch loss: 0.00175, batch accuracy: 100.00, data load time: 0.00568, step time: 0.00895,
epoch: [29], step: [650/1581], batch loss: 0.00011, batch accuracy: 100.00, data load time: 0.00022, step time: 0.00951,
epoch: [29], step: [950/1581], batch loss: 0.01256, batch accuracy: 100.00, data load time: 0.00569, step time: 0.01052,
epoch: [29], step: [1250/1581], batch loss: 0.00370, batch accuracy: 100.00, data load time: 0.00196, step time: 0.01435,
epoch: [29], step: [1550/1581], batch loss: 0.00957, batch accuracy: 100.00, data load time: 0.00013, step time: 0.00864,
validation loss: 2.04998, accuracy: 68.78, class_accuracy: [33.898305084745765, 92.10526315789474, 70.08547008547009, 79.64601769911505, 74.57627118644068, 49.54128440366973, 97.14285714285714, 96.46017699115045, 62.244897959183675, 66.94915254237289]
epoch: [30], step: [269/1581], batch loss: 0.02779, batch accuracy: 96.88, data load time: 0.00141, step time: 0.00998,
epoch: [30], step: [569/1581], batch loss: 0.10737, batch accuracy: 93.75, data load time: 0.00566, step time: 0.01116,
epoch: [30], step: [869/1581], batch loss: 0.02373, batch accuracy: 96.88, data load time: 0.00029, step time: 0.01038,
epoch: [30], step: [1169/1581], batch loss: 0.00020, batch accuracy: 100.00, data load time: 0.00024, step time: 0.00933,
epoch: [30], step: [1469/1581], batch loss: 0.02650, batch accuracy: 100.00, data load time: 0.00023, step time: 0.01099,
epoch: [31], step: [188/1581], batch loss: 0.00112, batch accuracy: 100.00, data load time: 0.00024, step time: 0.00988,
epoch: [31], step: [488/1581], batch loss: 0.01362, batch accuracy: 100.00, data load time: 0.00026, step time: 0.01297,
epoch: [31], step: [788/1581], batch loss: 0.00256, batch accuracy: 100.00, data load time: 0.00021, step time: 0.01593,
epoch: [31], step: [1088/1581], batch loss: 0.00146, batch accuracy: 100.00, data load time: 0.00024, step time: 0.01073,
epoch: [31], step: [1388/1581], batch loss: 0.00050, batch accuracy: 100.00, data load time: 0.00316, step time: 0.00964,
epoch: [32], step: [107/1581], batch loss: 0.02569, batch accuracy: 100.00, data load time: 0.00023, step time: 0.01204,
epoch: [32], step: [407/1581], batch loss: 0.00223, batch accuracy: 100.00, data load time: 0.00024, step time: 0.01716,
epoch: [32], step: [707/1581], batch loss: 0.00010, batch accuracy: 100.00, data load time: 0.00022, step time: 0.00988,
epoch: [32], step: [1007/1581], batch loss: 0.01241, batch accuracy: 100.00, data load time: 0.00033, step time: 0.00996,
epoch: [32], step: [1307/1581], batch loss: 0.00917, batch accuracy: 100.00, data load time: 0.00065, step time: 0.00957,
epoch: [33], step: [26/1581], batch loss: 0.00076, batch accuracy: 100.00, data load time: 0.00544, step time: 0.00898,
epoch: [33], step: [326/1581], batch loss: 0.07355, batch accuracy: 93.75, data load time: 0.00024, step time: 0.01190,
epoch: [33], step: [626/1581], batch loss: 0.05128, batch accuracy: 96.88, data load time: 0.00024, step time: 0.01098,
epoch: [33], step: [926/1581], batch loss: 0.00452, batch accuracy: 100.00, data load time: 0.00025, step time: 0.01558,
epoch: [33], step: [1226/1581], batch loss: 0.19001, batch accuracy: 96.88, data load time: 0.00021, step time: 0.01440,
epoch: [33], step: [1526/1581], batch loss: 0.09968, batch accuracy: 96.88, data load time: 0.00019, step time: 0.01555,
epoch: [34], step: [245/1581], batch loss: 0.01004, batch accuracy: 100.00, data load time: 0.00024, step time: 0.01053,
epoch: [34], step: [545/1581], batch loss: 0.00508, batch accuracy: 100.00, data load time: 0.00567, step time: 0.01148,
epoch: [34], step: [845/1581], batch loss: 0.05971, batch accuracy: 93.75, data load time: 0.00022, step time: 0.01543,
epoch: [34], step: [1145/1581], batch loss: 0.00364, batch accuracy: 100.00, data load time: 0.00542, step time: 0.01210,
epoch: [34], step: [1445/1581], batch loss: 0.00181, batch accuracy: 100.00, data load time: 0.00023, step time: 0.01522,
validation loss: 1.88279, accuracy: 70.11, class_accuracy: [43.220338983050844, 92.10526315789474, 68.37606837606837, 81.41592920353982, 83.89830508474576, 48.62385321100918, 100.0, 90.26548672566372, 63.265306122448976, 64.40677966101696]
epoch: [35], step: [164/1581], batch loss: 0.01757, batch accuracy: 100.00, data load time: 0.00023, step time: 0.01558,
epoch: [35], step: [464/1581], batch loss: 0.00075, batch accuracy: 100.00, data load time: 0.00564, step time: 0.01115,
epoch: [35], step: [764/1581], batch loss: 0.10013, batch accuracy: 96.88, data load time: 0.00021, step time: 0.01012,
epoch: [35], step: [1064/1581], batch loss: 0.00010, batch accuracy: 100.00, data load time: 0.00207, step time: 0.01117,
epoch: [35], step: [1364/1581], batch loss: 0.00166, batch accuracy: 100.00, data load time: 0.00025, step time: 0.00944,
epoch: [36], step: [83/1581], batch loss: 0.00038, batch accuracy: 100.00, data load time: 0.00024, step time: 0.01319,
epoch: [36], step: [383/1581], batch loss: 0.02562, batch accuracy: 96.88, data load time: 0.00022, step time: 0.01579,
epoch: [36], step: [683/1581], batch loss: 0.00883, batch accuracy: 100.00, data load time: 0.00574, step time: 0.01086,
epoch: [36], step: [983/1581], batch loss: 0.00032, batch accuracy: 100.00, data load time: 0.00023, step time: 0.01640,
epoch: [36], step: [1283/1581], batch loss: 0.00041, batch accuracy: 100.00, data load time: 0.00030, step time: 0.01234,
epoch: [37], step: [2/1581], batch loss: 0.04914, batch accuracy: 96.88, data load time: 0.00393, step time: 0.01063,
epoch: [37], step: [302/1581], batch loss: 0.00367, batch accuracy: 100.00, data load time: 0.00024, step time: 0.01073,
epoch: [37], step: [602/1581], batch loss: 0.06358, batch accuracy: 96.88, data load time: 0.00022, step time: 0.01649,
epoch: [37], step: [902/1581], batch loss: 0.00294, batch accuracy: 100.00, data load time: 0.00405, step time: 0.00992,
epoch: [37], step: [1202/1581], batch loss: 0.00153, batch accuracy: 100.00, data load time: 0.00021, step time: 0.01089,
epoch: [37], step: [1502/1581], batch loss: 0.01112, batch accuracy: 100.00, data load time: 0.00022, step time: 0.00942,
epoch: [38], step: [221/1581], batch loss: 0.00050, batch accuracy: 100.00, data load time: 0.00021, step time: 0.01039,
epoch: [38], step: [521/1581], batch loss: 0.00065, batch accuracy: 100.00, data load time: 0.00294, step time: 0.01074,
epoch: [38], step: [821/1581], batch loss: 0.02209, batch accuracy: 100.00, data load time: 0.00578, step time: 0.00992,
epoch: [38], step: [1121/1581], batch loss: 0.00965, batch accuracy: 100.00, data load time: 0.00024, step time: 0.00946,
epoch: [38], step: [1421/1581], batch loss: 0.08627, batch accuracy: 96.88, data load time: 0.00304, step time: 0.01040,
epoch: [39], step: [140/1581], batch loss: 0.03313, batch accuracy: 100.00, data load time: 0.00020, step time: 0.01022,
epoch: [39], step: [440/1581], batch loss: 0.00019, batch accuracy: 100.00, data load time: 0.00031, step time: 0.00991,
epoch: [39], step: [740/1581], batch loss: 0.13113, batch accuracy: 96.88, data load time: 0.00322, step time: 0.01015,
epoch: [39], step: [1040/1581], batch loss: 0.01138, batch accuracy: 100.00, data load time: 0.00374, step time: 0.00953,
epoch: [39], step: [1340/1581], batch loss: 0.00063, batch accuracy: 100.00, data load time: 0.00021, step time: 0.00945,
validation loss: 2.07164, accuracy: 68.37, class_accuracy: [58.47457627118644, 92.10526315789474, 65.8119658119658, 80.53097345132744, 94.0677966101695, 51.37614678899082, 94.28571428571429, 75.22123893805309, 45.91836734693877, 55.932203389830505]
epoch: [40], step: [59/1581], batch loss: 0.00289, batch accuracy: 100.00, data load time: 0.00020, step time: 0.01625,
epoch: [40], step: [359/1581], batch loss: 0.00181, batch accuracy: 100.00, data load time: 0.00471, step time: 0.01347,
epoch: [40], step: [659/1581], batch loss: 0.01092, batch accuracy: 100.00, data load time: 0.00021, step time: 0.01526,
epoch: [40], step: [959/1581], batch loss: 0.00650, batch accuracy: 100.00, data load time: 0.00024, step time: 0.01738,
epoch: [40], step: [1259/1581], batch loss: 0.00029, batch accuracy: 100.00, data load time: 0.00095, step time: 0.01182,
epoch: [40], step: [1559/1581], batch loss: 0.00231, batch accuracy: 100.00, data load time: 0.00011, step time: 0.00864,
epoch: [41], step: [278/1581], batch loss: 0.00033, batch accuracy: 100.00, data load time: 0.00022, step time: 0.01715,
epoch: [41], step: [578/1581], batch loss: 0.00020, batch accuracy: 100.00, data load time: 0.00557, step time: 0.01130,
epoch: [41], step: [878/1581], batch loss: 0.00048, batch accuracy: 100.00, data load time: 0.00022, step time: 0.01488,
epoch: [41], step: [1178/1581], batch loss: 0.07178, batch accuracy: 96.88, data load time: 0.00021, step time: 0.01632,
epoch: [41], step: [1478/1581], batch loss: 0.00139, batch accuracy: 100.00, data load time: 0.00078, step time: 0.01159,
epoch: [42], step: [197/1581], batch loss: 0.00184, batch accuracy: 100.00, data load time: 0.00036, step time: 0.01141,
epoch: [42], step: [497/1581], batch loss: 0.00004, batch accuracy: 100.00, data load time: 0.00024, step time: 0.01042,
epoch: [42], step: [797/1581], batch loss: 0.07052, batch accuracy: 96.88, data load time: 0.00023, step time: 0.01460,
epoch: [42], step: [1097/1581], batch loss: 0.00064, batch accuracy: 100.00, data load time: 0.00021, step time: 0.01668,
epoch: [42], step: [1397/1581], batch loss: 0.00152, batch accuracy: 100.00, data load time: 0.00021, step time: 0.01265,
epoch: [43], step: [116/1581], batch loss: 0.00051, batch accuracy: 100.00, data load time: 0.00023, step time: 0.01142,
epoch: [43], step: [416/1581], batch loss: 0.01963, batch accuracy: 100.00, data load time: 0.00022, step time: 0.01553,
epoch: [43], step: [716/1581], batch loss: 0.03059, batch accuracy: 100.00, data load time: 0.00022, step time: 0.01407,
epoch: [43], step: [1016/1581], batch loss: 0.00399, batch accuracy: 100.00, data load time: 0.00023, step time: 0.00976,
epoch: [43], step: [1316/1581], batch loss: 0.01145, batch accuracy: 100.00, data load time: 0.00024, step time: 0.00923,
epoch: [44], step: [35/1581], batch loss: 0.07073, batch accuracy: 96.88, data load time: 0.00018, step time: 0.00998,
epoch: [44], step: [335/1581], batch loss: 0.05498, batch accuracy: 96.88, data load time: 0.00021, step time: 0.01444,
epoch: [44], step: [635/1581], batch loss: 0.00025, batch accuracy: 100.00, data load time: 0.00021, step time: 0.01057,
epoch: [44], step: [935/1581], batch loss: 0.02280, batch accuracy: 100.00, data load time: 0.00544, step time: 0.00945,
epoch: [44], step: [1235/1581], batch loss: 0.00043, batch accuracy: 100.00, data load time: 0.00331, step time: 0.00961,
epoch: [44], step: [1535/1581], batch loss: 0.00154, batch accuracy: 100.00, data load time: 0.00017, step time: 0.00916,
validation loss: 2.06242, accuracy: 68.88, class_accuracy: [35.59322033898305, 92.10526315789474, 72.64957264957265, 83.1858407079646, 91.52542372881356, 56.88073394495413, 97.14285714285714, 79.64601769911505, 56.12244897959184, 57.6271186440678]
epoch: [45], step: [254/1581], batch loss: 0.00016, batch accuracy: 100.00, data load time: 0.00021, step time: 0.01177,
epoch: [45], step: [554/1581], batch loss: 0.06930, batch accuracy: 96.88, data load time: 0.00023, step time: 0.01651,
epoch: [45], step: [854/1581], batch loss: 0.03559, batch accuracy: 96.88, data load time: 0.00023, step time: 0.01387,
epoch: [45], step: [1154/1581], batch loss: 0.06496, batch accuracy: 96.88, data load time: 0.00025, step time: 0.01047,
epoch: [45], step: [1454/1581], batch loss: 0.02752, batch accuracy: 96.88, data load time: 0.00023, step time: 0.00989,
epoch: [46], step: [173/1581], batch loss: 0.00320, batch accuracy: 100.00, data load time: 0.00365, step time: 0.00955,
epoch: [46], step: [473/1581], batch loss: 0.00172, batch accuracy: 100.00, data load time: 0.00022, step time: 0.01524,
epoch: [46], step: [773/1581], batch loss: 0.00046, batch accuracy: 100.00, data load time: 0.00023, step time: 0.00940,
epoch: [46], step: [1073/1581], batch loss: 0.00166, batch accuracy: 100.00, data load time: 0.00025, step time: 0.01638,
epoch: [46], step: [1373/1581], batch loss: 0.00940, batch accuracy: 100.00, data load time: 0.00023, step time: 0.01497,
epoch: [47], step: [92/1581], batch loss: 0.03263, batch accuracy: 96.88, data load time: 0.00023, step time: 0.01019,
epoch: [47], step: [392/1581], batch loss: 0.00303, batch accuracy: 100.00, data load time: 0.00200, step time: 0.01146,
epoch: [47], step: [692/1581], batch loss: 0.00359, batch accuracy: 100.00, data load time: 0.00023, step time: 0.01489,
epoch: [47], step: [992/1581], batch loss: 0.00275, batch accuracy: 100.00, data load time: 0.00022, step time: 0.00967,
epoch: [47], step: [1292/1581], batch loss: 0.00388, batch accuracy: 100.00, data load time: 0.00022, step time: 0.01088,
epoch: [48], step: [11/1581], batch loss: 0.00071, batch accuracy: 100.00, data load time: 0.00020, step time: 0.01520,
epoch: [48], step: [311/1581], batch loss: 0.00012, batch accuracy: 100.00, data load time: 0.00335, step time: 0.01286,
epoch: [48], step: [611/1581], batch loss: 0.04712, batch accuracy: 96.88, data load time: 0.00023, step time: 0.01486,
epoch: [48], step: [911/1581], batch loss: 0.04581, batch accuracy: 96.88, data load time: 0.00513, step time: 0.01064,
epoch: [48], step: [1211/1581], batch loss: 0.00029, batch accuracy: 100.00, data load time: 0.00585, step time: 0.00913,
epoch: [48], step: [1511/1581], batch loss: 0.00007, batch accuracy: 100.00, data load time: 0.00023, step time: 0.01163,
epoch: [49], step: [230/1581], batch loss: 0.00031, batch accuracy: 100.00, data load time: 0.00022, step time: 0.01741,
epoch: [49], step: [530/1581], batch loss: 0.00003, batch accuracy: 100.00, data load time: 0.00454, step time: 0.01122,
epoch: [49], step: [830/1581], batch loss: 0.00061, batch accuracy: 100.00, data load time: 0.00027, step time: 0.01920,
epoch: [49], step: [1130/1581], batch loss: 0.01439, batch accuracy: 100.00, data load time: 0.00058, step time: 0.00974,
epoch: [49], step: [1430/1581], batch loss: 0.00005, batch accuracy: 100.00, data load time: 0.00031, step time: 0.01665,
validation loss: 1.75641, accuracy: 74.10, class_accuracy: [48.30508474576271, 97.36842105263158, 76.06837606837607, 82.30088495575221, 93.22033898305085, 60.55045871559633, 97.14285714285714, 85.84070796460178, 61.224489795918366, 68.64406779661017]
Total time taken: 1181.2832860946655
