Using CUDA...
Writing logs to logs/CNN_bn_epochs=50_dropout=0.5_bs=32_optim=SGD_decay=0.001_lr=0.001_momentum=0.9_mode=MLMC_run_0
validation loss: 1.07673, accuracy: 68.88, class_accuracy: [86.44067796610169, 92.10526315789474, 72.64957264957265, 59.29203539823009, 62.71186440677966, 61.46788990825688, 100.0, 83.1858407079646, 50.0, 55.08474576271186]
class_avg: 72.29378899575121
validation loss: 0.98024, accuracy: 70.01, class_accuracy: [63.559322033898304, 92.10526315789474, 70.08547008547009, 58.4070796460177, 83.89830508474576, 56.88073394495413, 100.0, 84.95575221238938, 50.0, 72.03389830508475]
class_avg: 73.19258244704548
validation loss: 1.01912, accuracy: 68.78, class_accuracy: [51.69491525423729, 92.10526315789474, 76.06837606837607, 69.91150442477876, 83.05084745762711, 39.44954128440367, 100.0, 89.38053097345133, 57.142857142857146, 63.559322033898304]
class_avg: 72.23631577975245
validation loss: 0.98173, accuracy: 71.24, class_accuracy: [38.13559322033898, 92.10526315789474, 82.90598290598291, 69.02654867256638, 81.35593220338983, 55.96330275229358, 100.0, 95.57522123893806, 56.12244897959184, 72.88135593220339]
class_avg: 74.40716490631998
validation loss: 0.98893, accuracy: 71.65, class_accuracy: [39.83050847457627, 92.10526315789474, 79.48717948717949, 76.10619469026548, 77.96610169491525, 54.12844036697248, 100.0, 97.34513274336283, 52.04081632653061, 77.96610169491525]
class_avg: 74.69757386366123
validation loss: 0.98266, accuracy: 71.44, class_accuracy: [41.52542372881356, 89.47368421052632, 82.90598290598291, 74.33628318584071, 79.66101694915254, 53.211009174311926, 97.14285714285714, 94.69026548672566, 57.142857142857146, 72.03389830508475]
class_avg: 74.21232782321528
validation loss: 0.87169, accuracy: 72.57, class_accuracy: [43.220338983050844, 92.10526315789474, 82.90598290598291, 70.79646017699115, 79.66101694915254, 54.12844036697248, 100.0, 96.46017699115045, 60.204081632653065, 76.27118644067797]
class_avg: 75.5752947604526
validation loss: 0.93969, accuracy: 71.95, class_accuracy: [37.28813559322034, 94.73684210526316, 86.32478632478633, 68.14159292035399, 81.35593220338983, 54.12844036697248, 100.0, 93.80530973451327, 57.142857142857146, 78.8135593220339]
class_avg: 75.17374557133904
validation loss: 0.90324, accuracy: 71.95, class_accuracy: [44.91525423728814, 94.73684210526316, 81.19658119658119, 72.56637168141593, 82.20338983050847, 50.45871559633027, 100.0, 96.46017699115045, 56.12244897959184, 72.88135593220339]
class_avg: 75.15411365503329
validation loss: 0.87840, accuracy: 71.85, class_accuracy: [41.52542372881356, 97.36842105263158, 82.90598290598291, 74.33628318584071, 83.89830508474576, 55.04587155963303, 100.0, 84.95575221238938, 57.142857142857146, 75.42372881355932]
class_avg: 75.26026256864535
Total time taken: 1247.0578064918518
