Using CUDA...
Writing logs to logs/CNN_bn_epochs=50_dropout=0.5_bs=32_lr=0.001_momentum=0.9_mode=MC_run_2
epoch: [0], step: [299/1581], batch loss: 1.44617, batch accuracy: 53.12, data load time: 0.00026, step time: 0.00897,
epoch: [0], step: [599/1581], batch loss: 1.13912, batch accuracy: 59.38, data load time: 0.00359, step time: 0.00949,
epoch: [0], step: [899/1581], batch loss: 1.16798, batch accuracy: 71.88, data load time: 0.00032, step time: 0.00886,
epoch: [0], step: [1199/1581], batch loss: 0.85798, batch accuracy: 68.75, data load time: 0.00023, step time: 0.01087,
epoch: [0], step: [1499/1581], batch loss: 1.00419, batch accuracy: 62.50, data load time: 0.00021, step time: 0.00905,
epoch: [1], step: [218/1581], batch loss: 0.88134, batch accuracy: 68.75, data load time: 0.00036, step time: 0.01032,
epoch: [1], step: [518/1581], batch loss: 1.12264, batch accuracy: 65.62, data load time: 0.00025, step time: 0.00945,
epoch: [1], step: [818/1581], batch loss: 0.90264, batch accuracy: 71.88, data load time: 0.00025, step time: 0.00958,
epoch: [1], step: [1118/1581], batch loss: 0.75764, batch accuracy: 78.12, data load time: 0.00025, step time: 0.00885,
epoch: [1], step: [1418/1581], batch loss: 0.59156, batch accuracy: 78.12, data load time: 0.00299, step time: 0.00926,
epoch: [2], step: [137/1581], batch loss: 0.84054, batch accuracy: 75.00, data load time: 0.00021, step time: 0.00941,
epoch: [2], step: [437/1581], batch loss: 0.46776, batch accuracy: 90.62, data load time: 0.00406, step time: 0.01020,
epoch: [2], step: [737/1581], batch loss: 0.45590, batch accuracy: 81.25, data load time: 0.00339, step time: 0.00936,
epoch: [2], step: [1037/1581], batch loss: 0.70526, batch accuracy: 75.00, data load time: 0.00025, step time: 0.01095,
epoch: [2], step: [1337/1581], batch loss: 0.35265, batch accuracy: 84.38, data load time: 0.00022, step time: 0.00917,
epoch: [3], step: [56/1581], batch loss: 0.58223, batch accuracy: 84.38, data load time: 0.00301, step time: 0.01270,
epoch: [3], step: [356/1581], batch loss: 0.39109, batch accuracy: 84.38, data load time: 0.00024, step time: 0.00968,
epoch: [3], step: [656/1581], batch loss: 0.51596, batch accuracy: 75.00, data load time: 0.00023, step time: 0.01018,
epoch: [3], step: [956/1581], batch loss: 0.23960, batch accuracy: 90.62, data load time: 0.00024, step time: 0.00926,
epoch: [3], step: [1256/1581], batch loss: 0.58824, batch accuracy: 78.12, data load time: 0.00023, step time: 0.00980,
epoch: [3], step: [1556/1581], batch loss: 0.46862, batch accuracy: 81.25, data load time: 0.00011, step time: 0.00825,
epoch: [4], step: [275/1581], batch loss: 0.24396, batch accuracy: 87.50, data load time: 0.00387, step time: 0.01041,
epoch: [4], step: [575/1581], batch loss: 0.31682, batch accuracy: 93.75, data load time: 0.00022, step time: 0.01057,
epoch: [4], step: [875/1581], batch loss: 0.36607, batch accuracy: 84.38, data load time: 0.00021, step time: 0.01138,
epoch: [4], step: [1175/1581], batch loss: 0.15913, batch accuracy: 93.75, data load time: 0.00022, step time: 0.00884,
epoch: [4], step: [1475/1581], batch loss: 0.15278, batch accuracy: 90.62, data load time: 0.00025, step time: 0.00898,
validation loss: 1.16550, accuracy: 70.42, class_accuracy: [68.14285714285714, 59.75609756097561, 66.85878962536023, 61.5929203539823, 51.23839009287926, 77.86377708978328, 90.19607843137256, 95.64516129032258, 61.82795698924731, 78.28571428571429]
epoch: [5], step: [194/1581], batch loss: 0.21050, batch accuracy: 90.62, data load time: 0.00023, step time: 0.01029,
epoch: [5], step: [494/1581], batch loss: 0.22237, batch accuracy: 90.62, data load time: 0.00326, step time: 0.01135,
epoch: [5], step: [794/1581], batch loss: 0.31141, batch accuracy: 81.25, data load time: 0.00022, step time: 0.00964,
epoch: [5], step: [1094/1581], batch loss: 0.25047, batch accuracy: 90.62, data load time: 0.00312, step time: 0.01014,
epoch: [5], step: [1394/1581], batch loss: 0.22264, batch accuracy: 90.62, data load time: 0.00033, step time: 0.01097,
epoch: [6], step: [113/1581], batch loss: 0.37180, batch accuracy: 87.50, data load time: 0.00123, step time: 0.00947,
epoch: [6], step: [413/1581], batch loss: 0.33348, batch accuracy: 84.38, data load time: 0.00022, step time: 0.00949,
epoch: [6], step: [713/1581], batch loss: 0.32078, batch accuracy: 93.75, data load time: 0.00033, step time: 0.00984,
epoch: [6], step: [1013/1581], batch loss: 0.13044, batch accuracy: 96.88, data load time: 0.00025, step time: 0.00996,
epoch: [6], step: [1313/1581], batch loss: 0.09978, batch accuracy: 96.88, data load time: 0.00022, step time: 0.00937,
epoch: [7], step: [32/1581], batch loss: 0.11707, batch accuracy: 96.88, data load time: 0.00029, step time: 0.00945,
epoch: [7], step: [332/1581], batch loss: 0.17531, batch accuracy: 90.62, data load time: 0.00327, step time: 0.01108,
epoch: [7], step: [632/1581], batch loss: 0.16524, batch accuracy: 93.75, data load time: 0.00050, step time: 0.00922,
epoch: [7], step: [932/1581], batch loss: 0.17775, batch accuracy: 93.75, data load time: 0.00023, step time: 0.00971,
epoch: [7], step: [1232/1581], batch loss: 0.52781, batch accuracy: 84.38, data load time: 0.00107, step time: 0.02662,
epoch: [7], step: [1532/1581], batch loss: 0.31100, batch accuracy: 93.75, data load time: 0.00019, step time: 0.00947,
epoch: [8], step: [251/1581], batch loss: 0.30633, batch accuracy: 87.50, data load time: 0.00022, step time: 0.01083,
epoch: [8], step: [551/1581], batch loss: 0.38646, batch accuracy: 84.38, data load time: 0.00023, step time: 0.00950,
epoch: [8], step: [851/1581], batch loss: 0.13878, batch accuracy: 93.75, data load time: 0.00033, step time: 0.00906,
epoch: [8], step: [1151/1581], batch loss: 0.36001, batch accuracy: 90.62, data load time: 0.00022, step time: 0.00888,
epoch: [8], step: [1451/1581], batch loss: 0.30892, batch accuracy: 87.50, data load time: 0.00025, step time: 0.01151,
epoch: [9], step: [170/1581], batch loss: 0.56764, batch accuracy: 81.25, data load time: 0.00382, step time: 0.01033,
epoch: [9], step: [470/1581], batch loss: 0.02581, batch accuracy: 100.00, data load time: 0.00022, step time: 0.00962,
epoch: [9], step: [770/1581], batch loss: 0.18118, batch accuracy: 87.50, data load time: 0.00032, step time: 0.01002,
epoch: [9], step: [1070/1581], batch loss: 0.24772, batch accuracy: 87.50, data load time: 0.00336, step time: 0.01024,
epoch: [9], step: [1370/1581], batch loss: 0.25790, batch accuracy: 87.50, data load time: 0.00021, step time: 0.00923,
validation loss: 1.15446, accuracy: 73.36, class_accuracy: [64.28571428571429, 68.90243902439025, 71.61383285302594, 69.02654867256638, 67.49226006191951, 86.22291021671826, 95.09803921568627, 89.03225806451613, 60.39426523297491, 75.57142857142857]
epoch: [10], step: [89/1581], batch loss: 0.15033, batch accuracy: 93.75, data load time: 0.00026, step time: 0.00987,
epoch: [10], step: [389/1581], batch loss: 0.16368, batch accuracy: 93.75, data load time: 0.00443, step time: 0.00898,
epoch: [10], step: [689/1581], batch loss: 0.06372, batch accuracy: 96.88, data load time: 0.00035, step time: 0.00963,
epoch: [10], step: [989/1581], batch loss: 0.13885, batch accuracy: 93.75, data load time: 0.00023, step time: 0.00930,
epoch: [10], step: [1289/1581], batch loss: 0.04912, batch accuracy: 96.88, data load time: 0.00302, step time: 0.01163,
epoch: [11], step: [8/1581], batch loss: 0.15131, batch accuracy: 96.88, data load time: 0.00020, step time: 0.01108,
epoch: [11], step: [308/1581], batch loss: 0.06105, batch accuracy: 96.88, data load time: 0.00024, step time: 0.01144,
epoch: [11], step: [608/1581], batch loss: 0.12480, batch accuracy: 96.88, data load time: 0.00022, step time: 0.00902,
epoch: [11], step: [908/1581], batch loss: 0.06281, batch accuracy: 100.00, data load time: 0.00021, step time: 0.01126,
epoch: [11], step: [1208/1581], batch loss: 0.21160, batch accuracy: 87.50, data load time: 0.00021, step time: 0.00934,
epoch: [11], step: [1508/1581], batch loss: 0.21266, batch accuracy: 90.62, data load time: 0.00022, step time: 0.00972,
epoch: [12], step: [227/1581], batch loss: 0.12731, batch accuracy: 93.75, data load time: 0.00021, step time: 0.00904,
epoch: [12], step: [527/1581], batch loss: 0.09636, batch accuracy: 93.75, data load time: 0.00021, step time: 0.00971,
epoch: [12], step: [827/1581], batch loss: 0.34214, batch accuracy: 84.38, data load time: 0.00023, step time: 0.01098,
epoch: [12], step: [1127/1581], batch loss: 0.04454, batch accuracy: 100.00, data load time: 0.00022, step time: 0.00938,
epoch: [12], step: [1427/1581], batch loss: 0.20663, batch accuracy: 90.62, data load time: 0.00023, step time: 0.01028,
epoch: [13], step: [146/1581], batch loss: 0.04006, batch accuracy: 100.00, data load time: 0.00045, step time: 0.00972,
epoch: [13], step: [446/1581], batch loss: 0.12792, batch accuracy: 96.88, data load time: 0.00023, step time: 0.00921,
epoch: [13], step: [746/1581], batch loss: 0.60184, batch accuracy: 87.50, data load time: 0.00021, step time: 0.01079,
epoch: [13], step: [1046/1581], batch loss: 0.07791, batch accuracy: 96.88, data load time: 0.00021, step time: 0.01037,
epoch: [13], step: [1346/1581], batch loss: 0.04262, batch accuracy: 100.00, data load time: 0.00025, step time: 0.01105,
epoch: [14], step: [65/1581], batch loss: 0.09294, batch accuracy: 96.88, data load time: 0.00023, step time: 0.01488,
epoch: [14], step: [365/1581], batch loss: 0.34249, batch accuracy: 87.50, data load time: 0.00412, step time: 0.00993,
epoch: [14], step: [665/1581], batch loss: 0.18666, batch accuracy: 93.75, data load time: 0.00023, step time: 0.00920,
epoch: [14], step: [965/1581], batch loss: 0.37620, batch accuracy: 87.50, data load time: 0.00022, step time: 0.01387,
epoch: [14], step: [1265/1581], batch loss: 0.15063, batch accuracy: 96.88, data load time: 0.00022, step time: 0.00966,
epoch: [14], step: [1565/1581], batch loss: 0.37107, batch accuracy: 90.62, data load time: 0.00011, step time: 0.00824,
validation loss: 1.38415, accuracy: 73.23, class_accuracy: [64.14285714285714, 74.39024390243902, 72.62247838616715, 71.32743362831859, 71.671826625387, 80.3405572755418, 97.05882352941177, 92.90322580645162, 58.064516129032256, 70.28571428571429]
epoch: [15], step: [284/1581], batch loss: 0.01623, batch accuracy: 100.00, data load time: 0.00022, step time: 0.00979,
epoch: [15], step: [584/1581], batch loss: 0.18146, batch accuracy: 93.75, data load time: 0.00034, step time: 0.00956,
epoch: [15], step: [884/1581], batch loss: 0.33316, batch accuracy: 90.62, data load time: 0.00031, step time: 0.00887,
epoch: [15], step: [1184/1581], batch loss: 0.07565, batch accuracy: 96.88, data load time: 0.00314, step time: 0.00946,
epoch: [15], step: [1484/1581], batch loss: 0.19404, batch accuracy: 93.75, data load time: 0.00024, step time: 0.00934,
epoch: [16], step: [203/1581], batch loss: 0.05707, batch accuracy: 96.88, data load time: 0.00031, step time: 0.01118,
epoch: [16], step: [503/1581], batch loss: 0.09987, batch accuracy: 96.88, data load time: 0.00023, step time: 0.01016,
epoch: [16], step: [803/1581], batch loss: 0.27776, batch accuracy: 96.88, data load time: 0.00022, step time: 0.01005,
epoch: [16], step: [1103/1581], batch loss: 0.04412, batch accuracy: 96.88, data load time: 0.00021, step time: 0.01183,
epoch: [16], step: [1403/1581], batch loss: 0.17263, batch accuracy: 96.88, data load time: 0.00032, step time: 0.00950,
epoch: [17], step: [122/1581], batch loss: 0.17334, batch accuracy: 90.62, data load time: 0.00024, step time: 0.00946,
epoch: [17], step: [422/1581], batch loss: 0.12858, batch accuracy: 93.75, data load time: 0.00022, step time: 0.00989,
epoch: [17], step: [722/1581], batch loss: 0.20658, batch accuracy: 87.50, data load time: 0.00021, step time: 0.01037,
epoch: [17], step: [1022/1581], batch loss: 0.11433, batch accuracy: 93.75, data load time: 0.00022, step time: 0.00927,
epoch: [17], step: [1322/1581], batch loss: 0.13341, batch accuracy: 96.88, data load time: 0.00023, step time: 0.00927,
epoch: [18], step: [41/1581], batch loss: 0.03018, batch accuracy: 100.00, data load time: 0.00026, step time: 0.01060,
epoch: [18], step: [341/1581], batch loss: 0.09254, batch accuracy: 96.88, data load time: 0.00418, step time: 0.00998,
epoch: [18], step: [641/1581], batch loss: 0.09990, batch accuracy: 96.88, data load time: 0.00336, step time: 0.01027,
epoch: [18], step: [941/1581], batch loss: 0.08877, batch accuracy: 93.75, data load time: 0.00033, step time: 0.01065,
epoch: [18], step: [1241/1581], batch loss: 0.23320, batch accuracy: 87.50, data load time: 0.00023, step time: 0.00943,
epoch: [18], step: [1541/1581], batch loss: 0.06565, batch accuracy: 96.88, data load time: 0.00017, step time: 0.00905,
epoch: [19], step: [260/1581], batch loss: 0.07422, batch accuracy: 96.88, data load time: 0.00031, step time: 0.01034,
epoch: [19], step: [560/1581], batch loss: 0.15466, batch accuracy: 96.88, data load time: 0.00294, step time: 0.01086,
epoch: [19], step: [860/1581], batch loss: 0.04671, batch accuracy: 100.00, data load time: 0.00031, step time: 0.00959,
epoch: [19], step: [1160/1581], batch loss: 0.14395, batch accuracy: 96.88, data load time: 0.00025, step time: 0.00931,
epoch: [19], step: [1460/1581], batch loss: 0.02683, batch accuracy: 100.00, data load time: 0.00023, step time: 0.01051,
validation loss: 1.61287, accuracy: 74.01, class_accuracy: [59.57142857142857, 72.5609756097561, 81.98847262247838, 65.66371681415929, 77.08978328173374, 79.41176470588235, 93.13725490196079, 84.51612903225806, 58.96057347670251, 79.71428571428571]
epoch: [20], step: [179/1581], batch loss: 0.10671, batch accuracy: 96.88, data load time: 0.00091, step time: 0.01295,
epoch: [20], step: [479/1581], batch loss: 0.31600, batch accuracy: 87.50, data load time: 0.00023, step time: 0.01090,
epoch: [20], step: [779/1581], batch loss: 0.13433, batch accuracy: 96.88, data load time: 0.00024, step time: 0.00943,
epoch: [20], step: [1079/1581], batch loss: 0.12764, batch accuracy: 96.88, data load time: 0.00035, step time: 0.00938,
epoch: [20], step: [1379/1581], batch loss: 0.10930, batch accuracy: 93.75, data load time: 0.00022, step time: 0.00892,
epoch: [21], step: [98/1581], batch loss: 0.04178, batch accuracy: 100.00, data load time: 0.00021, step time: 0.01040,
epoch: [21], step: [398/1581], batch loss: 0.18073, batch accuracy: 96.88, data load time: 0.00024, step time: 0.01061,
epoch: [21], step: [698/1581], batch loss: 0.11553, batch accuracy: 93.75, data load time: 0.00333, step time: 0.01066,
epoch: [21], step: [998/1581], batch loss: 0.12569, batch accuracy: 93.75, data load time: 0.00023, step time: 0.00964,
epoch: [21], step: [1298/1581], batch loss: 0.05627, batch accuracy: 100.00, data load time: 0.00022, step time: 0.00962,
epoch: [22], step: [17/1581], batch loss: 0.07737, batch accuracy: 96.88, data load time: 0.00029, step time: 0.01407,
epoch: [22], step: [317/1581], batch loss: 0.11216, batch accuracy: 93.75, data load time: 0.00022, step time: 0.00948,
epoch: [22], step: [617/1581], batch loss: 0.04889, batch accuracy: 100.00, data load time: 0.00022, step time: 0.01119,
epoch: [22], step: [917/1581], batch loss: 0.08882, batch accuracy: 96.88, data load time: 0.00025, step time: 0.00936,
epoch: [22], step: [1217/1581], batch loss: 0.00903, batch accuracy: 100.00, data load time: 0.00026, step time: 0.00958,
epoch: [22], step: [1517/1581], batch loss: 0.07668, batch accuracy: 96.88, data load time: 0.00025, step time: 0.00942,
epoch: [23], step: [236/1581], batch loss: 0.06552, batch accuracy: 96.88, data load time: 0.00024, step time: 0.00916,
epoch: [23], step: [536/1581], batch loss: 0.01025, batch accuracy: 100.00, data load time: 0.00319, step time: 0.00916,
epoch: [23], step: [836/1581], batch loss: 0.24253, batch accuracy: 90.62, data load time: 0.00024, step time: 0.00988,
epoch: [23], step: [1136/1581], batch loss: 0.26670, batch accuracy: 93.75, data load time: 0.00306, step time: 0.00983,
epoch: [23], step: [1436/1581], batch loss: 0.06651, batch accuracy: 96.88, data load time: 0.00020, step time: 0.01021,
epoch: [24], step: [155/1581], batch loss: 0.09955, batch accuracy: 96.88, data load time: 0.00326, step time: 0.01038,
epoch: [24], step: [455/1581], batch loss: 0.05855, batch accuracy: 96.88, data load time: 0.00033, step time: 0.01063,
epoch: [24], step: [755/1581], batch loss: 0.17965, batch accuracy: 93.75, data load time: 0.00033, step time: 0.00922,
epoch: [24], step: [1055/1581], batch loss: 0.09152, batch accuracy: 96.88, data load time: 0.00022, step time: 0.00908,
epoch: [24], step: [1355/1581], batch loss: 0.27608, batch accuracy: 93.75, data load time: 0.00293, step time: 0.01055,
validation loss: 1.55501, accuracy: 73.59, class_accuracy: [60.57142857142857, 71.95121951219512, 78.09798270893371, 65.84070796460178, 76.16099071207431, 77.08978328173374, 95.09803921568627, 85.96774193548387, 61.29032258064516, 78.85714285714286]
epoch: [25], step: [74/1581], batch loss: 0.05556, batch accuracy: 96.88, data load time: 0.00334, step time: 0.01111,
epoch: [25], step: [374/1581], batch loss: 0.27851, batch accuracy: 96.88, data load time: 0.00047, step time: 0.00969,
epoch: [25], step: [674/1581], batch loss: 0.01307, batch accuracy: 100.00, data load time: 0.00022, step time: 0.00914,
epoch: [25], step: [974/1581], batch loss: 0.06760, batch accuracy: 100.00, data load time: 0.00301, step time: 0.00936,
epoch: [25], step: [1274/1581], batch loss: 0.01061, batch accuracy: 100.00, data load time: 0.00293, step time: 0.01035,
epoch: [25], step: [1574/1581], batch loss: 0.18843, batch accuracy: 90.62, data load time: 0.00011, step time: 0.00823,
epoch: [26], step: [293/1581], batch loss: 0.05723, batch accuracy: 96.88, data load time: 0.00022, step time: 0.01158,
epoch: [26], step: [593/1581], batch loss: 0.13346, batch accuracy: 96.88, data load time: 0.00022, step time: 0.01127,
epoch: [26], step: [893/1581], batch loss: 0.05119, batch accuracy: 96.88, data load time: 0.00023, step time: 0.00911,
epoch: [26], step: [1193/1581], batch loss: 0.00519, batch accuracy: 100.00, data load time: 0.00021, step time: 0.00953,
epoch: [26], step: [1493/1581], batch loss: 0.06535, batch accuracy: 96.88, data load time: 0.00023, step time: 0.00950,
epoch: [27], step: [212/1581], batch loss: 0.21447, batch accuracy: 93.75, data load time: 0.00020, step time: 0.01024,
epoch: [27], step: [512/1581], batch loss: 0.07817, batch accuracy: 96.88, data load time: 0.00024, step time: 0.01105,
epoch: [27], step: [812/1581], batch loss: 0.01543, batch accuracy: 100.00, data load time: 0.00023, step time: 0.01136,
epoch: [27], step: [1112/1581], batch loss: 0.01872, batch accuracy: 100.00, data load time: 0.00023, step time: 0.01126,
epoch: [27], step: [1412/1581], batch loss: 0.03385, batch accuracy: 100.00, data load time: 0.00023, step time: 0.01098,
epoch: [28], step: [131/1581], batch loss: 0.07339, batch accuracy: 96.88, data load time: 0.00023, step time: 0.00973,
epoch: [28], step: [431/1581], batch loss: 0.25029, batch accuracy: 93.75, data load time: 0.00330, step time: 0.01092,
epoch: [28], step: [731/1581], batch loss: 0.11247, batch accuracy: 96.88, data load time: 0.00368, step time: 0.00890,
epoch: [28], step: [1031/1581], batch loss: 0.05814, batch accuracy: 96.88, data load time: 0.00023, step time: 0.01019,
epoch: [28], step: [1331/1581], batch loss: 0.69328, batch accuracy: 81.25, data load time: 0.00021, step time: 0.01054,
epoch: [29], step: [50/1581], batch loss: 0.05038, batch accuracy: 100.00, data load time: 0.00023, step time: 0.00915,
epoch: [29], step: [350/1581], batch loss: 0.05520, batch accuracy: 96.88, data load time: 0.00021, step time: 0.00925,
epoch: [29], step: [650/1581], batch loss: 0.13238, batch accuracy: 93.75, data load time: 0.00023, step time: 0.00965,
epoch: [29], step: [950/1581], batch loss: 0.02993, batch accuracy: 96.88, data load time: 0.00021, step time: 0.00937,
epoch: [29], step: [1250/1581], batch loss: 0.02155, batch accuracy: 100.00, data load time: 0.00023, step time: 0.00935,
epoch: [29], step: [1550/1581], batch loss: 0.14004, batch accuracy: 96.88, data load time: 0.00014, step time: 0.00826,
validation loss: 1.64365, accuracy: 72.46, class_accuracy: [64.42857142857143, 66.46341463414635, 72.47838616714698, 75.39823008849558, 63.31269349845201, 76.3157894736842, 94.11764705882354, 85.0, 60.215053763440864, 79.85714285714286]
epoch: [30], step: [269/1581], batch loss: 0.01006, batch accuracy: 100.00, data load time: 0.00026, step time: 0.01023,
epoch: [30], step: [569/1581], batch loss: 0.01118, batch accuracy: 100.00, data load time: 0.00363, step time: 0.01031,
epoch: [30], step: [869/1581], batch loss: 0.00821, batch accuracy: 100.00, data load time: 0.00026, step time: 0.00925,
epoch: [30], step: [1169/1581], batch loss: 0.17697, batch accuracy: 96.88, data load time: 0.00022, step time: 0.00939,
epoch: [30], step: [1469/1581], batch loss: 0.04864, batch accuracy: 96.88, data load time: 0.00403, step time: 0.01007,
epoch: [31], step: [188/1581], batch loss: 0.00483, batch accuracy: 100.00, data load time: 0.00024, step time: 0.00914,
epoch: [31], step: [488/1581], batch loss: 0.12215, batch accuracy: 90.62, data load time: 0.00022, step time: 0.01083,
epoch: [31], step: [788/1581], batch loss: 0.06191, batch accuracy: 93.75, data load time: 0.00022, step time: 0.00934,
epoch: [31], step: [1088/1581], batch loss: 0.26035, batch accuracy: 93.75, data load time: 0.00022, step time: 0.01061,
epoch: [31], step: [1388/1581], batch loss: 0.04394, batch accuracy: 96.88, data load time: 0.00021, step time: 0.00939,
epoch: [32], step: [107/1581], batch loss: 0.40699, batch accuracy: 93.75, data load time: 0.00024, step time: 0.01832,
epoch: [32], step: [407/1581], batch loss: 0.20340, batch accuracy: 93.75, data load time: 0.00022, step time: 0.00909,
epoch: [32], step: [707/1581], batch loss: 0.09096, batch accuracy: 93.75, data load time: 0.00024, step time: 0.00939,
epoch: [32], step: [1007/1581], batch loss: 0.01931, batch accuracy: 100.00, data load time: 0.00025, step time: 0.01001,
epoch: [32], step: [1307/1581], batch loss: 0.02524, batch accuracy: 100.00, data load time: 0.00022, step time: 0.00974,
epoch: [33], step: [26/1581], batch loss: 0.13812, batch accuracy: 96.88, data load time: 0.00028, step time: 0.01109,
epoch: [33], step: [326/1581], batch loss: 0.06416, batch accuracy: 96.88, data load time: 0.00023, step time: 0.01149,
epoch: [33], step: [626/1581], batch loss: 0.15661, batch accuracy: 93.75, data load time: 0.00031, step time: 0.00918,
epoch: [33], step: [926/1581], batch loss: 0.00544, batch accuracy: 100.00, data load time: 0.00024, step time: 0.00940,
epoch: [33], step: [1226/1581], batch loss: 0.02511, batch accuracy: 100.00, data load time: 0.00023, step time: 0.00918,
epoch: [33], step: [1526/1581], batch loss: 0.02788, batch accuracy: 100.00, data load time: 0.00017, step time: 0.00898,
epoch: [34], step: [245/1581], batch loss: 0.02008, batch accuracy: 100.00, data load time: 0.00022, step time: 0.01108,
epoch: [34], step: [545/1581], batch loss: 0.01402, batch accuracy: 100.00, data load time: 0.00023, step time: 0.00890,
epoch: [34], step: [845/1581], batch loss: 0.01900, batch accuracy: 100.00, data load time: 0.00034, step time: 0.00944,
epoch: [34], step: [1145/1581], batch loss: 0.18366, batch accuracy: 96.88, data load time: 0.00023, step time: 0.00987,
epoch: [34], step: [1445/1581], batch loss: 0.01273, batch accuracy: 100.00, data load time: 0.00021, step time: 0.01046,
validation loss: 1.67676, accuracy: 73.72, class_accuracy: [61.0, 71.34146341463415, 81.70028818443804, 77.69911504424779, 71.82662538699691, 77.70897832817337, 94.11764705882354, 81.61290322580645, 58.064516129032256, 76.42857142857143]
epoch: [35], step: [164/1581], batch loss: 0.10840, batch accuracy: 96.88, data load time: 0.00024, step time: 0.00929,
epoch: [35], step: [464/1581], batch loss: 0.03390, batch accuracy: 96.88, data load time: 0.00022, step time: 0.01069,
epoch: [35], step: [764/1581], batch loss: 0.08262, batch accuracy: 93.75, data load time: 0.00026, step time: 0.00972,
epoch: [35], step: [1064/1581], batch loss: 0.02834, batch accuracy: 100.00, data load time: 0.00038, step time: 0.00947,
epoch: [35], step: [1364/1581], batch loss: 0.02401, batch accuracy: 100.00, data load time: 0.00026, step time: 0.00939,
epoch: [36], step: [83/1581], batch loss: 0.02725, batch accuracy: 100.00, data load time: 0.00032, step time: 0.00962,
epoch: [36], step: [383/1581], batch loss: 0.01102, batch accuracy: 100.00, data load time: 0.00023, step time: 0.00963,
epoch: [36], step: [683/1581], batch loss: 0.05304, batch accuracy: 96.88, data load time: 0.00022, step time: 0.00904,
epoch: [36], step: [983/1581], batch loss: 0.01657, batch accuracy: 100.00, data load time: 0.00023, step time: 0.00919,
epoch: [36], step: [1283/1581], batch loss: 0.17855, batch accuracy: 90.62, data load time: 0.00023, step time: 0.00965,
epoch: [37], step: [2/1581], batch loss: 0.05793, batch accuracy: 96.88, data load time: 0.00037, step time: 0.01054,
epoch: [37], step: [302/1581], batch loss: 0.04890, batch accuracy: 100.00, data load time: 0.00022, step time: 0.00893,
epoch: [37], step: [602/1581], batch loss: 0.18686, batch accuracy: 90.62, data load time: 0.00031, step time: 0.01002,
epoch: [37], step: [902/1581], batch loss: 0.16648, batch accuracy: 96.88, data load time: 0.00023, step time: 0.01136,
epoch: [37], step: [1202/1581], batch loss: 0.14573, batch accuracy: 96.88, data load time: 0.00023, step time: 0.00936,
epoch: [37], step: [1502/1581], batch loss: 0.12495, batch accuracy: 96.88, data load time: 0.00024, step time: 0.01004,
epoch: [38], step: [221/1581], batch loss: 0.01881, batch accuracy: 100.00, data load time: 0.00022, step time: 0.00984,
epoch: [38], step: [521/1581], batch loss: 0.01442, batch accuracy: 100.00, data load time: 0.00023, step time: 0.00899,
epoch: [38], step: [821/1581], batch loss: 0.02366, batch accuracy: 100.00, data load time: 0.00023, step time: 0.00986,
epoch: [38], step: [1121/1581], batch loss: 0.04421, batch accuracy: 100.00, data load time: 0.00023, step time: 0.00942,
epoch: [38], step: [1421/1581], batch loss: 0.00047, batch accuracy: 100.00, data load time: 0.00025, step time: 0.01119,
epoch: [39], step: [140/1581], batch loss: 0.02053, batch accuracy: 100.00, data load time: 0.00024, step time: 0.01075,
epoch: [39], step: [440/1581], batch loss: 0.00612, batch accuracy: 100.00, data load time: 0.00024, step time: 0.00996,
epoch: [39], step: [740/1581], batch loss: 0.03298, batch accuracy: 96.88, data load time: 0.00022, step time: 0.00900,
epoch: [39], step: [1040/1581], batch loss: 0.06607, batch accuracy: 96.88, data load time: 0.00311, step time: 0.00946,
epoch: [39], step: [1340/1581], batch loss: 0.09333, batch accuracy: 96.88, data load time: 0.00023, step time: 0.01098,
validation loss: 1.98717, accuracy: 72.53, class_accuracy: [57.57142857142857, 67.6829268292683, 80.835734870317, 71.32743362831859, 74.76780185758514, 77.70897832817337, 95.09803921568627, 82.41935483870968, 58.422939068100355, 73.71428571428571]
epoch: [40], step: [59/1581], batch loss: 0.07411, batch accuracy: 96.88, data load time: 0.00022, step time: 0.01051,
epoch: [40], step: [359/1581], batch loss: 0.00187, batch accuracy: 100.00, data load time: 0.00022, step time: 0.00941,
epoch: [40], step: [659/1581], batch loss: 0.08408, batch accuracy: 96.88, data load time: 0.00022, step time: 0.00907,
epoch: [40], step: [959/1581], batch loss: 0.12238, batch accuracy: 96.88, data load time: 0.00033, step time: 0.01108,
epoch: [40], step: [1259/1581], batch loss: 0.06608, batch accuracy: 96.88, data load time: 0.00037, step time: 0.00908,
epoch: [40], step: [1559/1581], batch loss: 0.08817, batch accuracy: 93.75, data load time: 0.00011, step time: 0.00825,
epoch: [41], step: [278/1581], batch loss: 0.02156, batch accuracy: 100.00, data load time: 0.00023, step time: 0.01083,
epoch: [41], step: [578/1581], batch loss: 0.00239, batch accuracy: 100.00, data load time: 0.00022, step time: 0.00957,
epoch: [41], step: [878/1581], batch loss: 0.54743, batch accuracy: 87.50, data load time: 0.00032, step time: 0.00983,
epoch: [41], step: [1178/1581], batch loss: 0.07215, batch accuracy: 96.88, data load time: 0.00037, step time: 0.01064,
epoch: [41], step: [1478/1581], batch loss: 0.00103, batch accuracy: 100.00, data load time: 0.00023, step time: 0.01009,
epoch: [42], step: [197/1581], batch loss: 0.02774, batch accuracy: 96.88, data load time: 0.00022, step time: 0.00944,
epoch: [42], step: [497/1581], batch loss: 0.02718, batch accuracy: 100.00, data load time: 0.00032, step time: 0.00961,
epoch: [42], step: [797/1581], batch loss: 0.22811, batch accuracy: 90.62, data load time: 0.00024, step time: 0.01007,
epoch: [42], step: [1097/1581], batch loss: 0.10075, batch accuracy: 96.88, data load time: 0.00022, step time: 0.00996,
epoch: [42], step: [1397/1581], batch loss: 0.02169, batch accuracy: 100.00, data load time: 0.00022, step time: 0.00891,
epoch: [43], step: [116/1581], batch loss: 0.00143, batch accuracy: 100.00, data load time: 0.00346, step time: 0.01103,
epoch: [43], step: [416/1581], batch loss: 0.13819, batch accuracy: 93.75, data load time: 0.00326, step time: 0.01092,
epoch: [43], step: [716/1581], batch loss: 0.10385, batch accuracy: 93.75, data load time: 0.00314, step time: 0.00984,
epoch: [43], step: [1016/1581], batch loss: 0.00506, batch accuracy: 100.00, data load time: 0.00361, step time: 0.00975,
epoch: [43], step: [1316/1581], batch loss: 0.20263, batch accuracy: 93.75, data load time: 0.00022, step time: 0.01166,
epoch: [44], step: [35/1581], batch loss: 0.04937, batch accuracy: 96.88, data load time: 0.00025, step time: 0.01216,
epoch: [44], step: [335/1581], batch loss: 0.04003, batch accuracy: 96.88, data load time: 0.00410, step time: 0.00933,
epoch: [44], step: [635/1581], batch loss: 0.13925, batch accuracy: 96.88, data load time: 0.00021, step time: 0.01045,
epoch: [44], step: [935/1581], batch loss: 0.04135, batch accuracy: 96.88, data load time: 0.00024, step time: 0.01075,
epoch: [44], step: [1235/1581], batch loss: 0.03410, batch accuracy: 96.88, data load time: 0.00022, step time: 0.00937,
epoch: [44], step: [1535/1581], batch loss: 0.22121, batch accuracy: 96.88, data load time: 0.00017, step time: 0.00885,
validation loss: 1.71461, accuracy: 75.00, class_accuracy: [67.14285714285714, 68.90243902439025, 78.81844380403459, 71.68141592920354, 75.23219814241486, 77.70897832817337, 92.15686274509804, 86.12903225806451, 58.60215053763441, 81.14285714285714]
epoch: [45], step: [254/1581], batch loss: 0.07200, batch accuracy: 96.88, data load time: 0.00023, step time: 0.00958,
epoch: [45], step: [554/1581], batch loss: 0.08119, batch accuracy: 96.88, data load time: 0.00022, step time: 0.01110,
epoch: [45], step: [854/1581], batch loss: 0.00416, batch accuracy: 100.00, data load time: 0.00023, step time: 0.00969,
epoch: [45], step: [1154/1581], batch loss: 0.08446, batch accuracy: 93.75, data load time: 0.00021, step time: 0.00946,
epoch: [45], step: [1454/1581], batch loss: 0.05119, batch accuracy: 96.88, data load time: 0.00023, step time: 0.00952,
epoch: [46], step: [173/1581], batch loss: 0.16052, batch accuracy: 93.75, data load time: 0.00025, step time: 0.00903,
epoch: [46], step: [473/1581], batch loss: 0.04521, batch accuracy: 100.00, data load time: 0.00025, step time: 0.00926,
epoch: [46], step: [773/1581], batch loss: 0.04797, batch accuracy: 96.88, data load time: 0.00025, step time: 0.00922,
epoch: [46], step: [1073/1581], batch loss: 0.10380, batch accuracy: 96.88, data load time: 0.00034, step time: 0.01021,
epoch: [46], step: [1373/1581], batch loss: 0.09003, batch accuracy: 96.88, data load time: 0.00023, step time: 0.00976,
epoch: [47], step: [92/1581], batch loss: 0.05855, batch accuracy: 96.88, data load time: 0.00022, step time: 0.00964,
epoch: [47], step: [392/1581], batch loss: 0.03273, batch accuracy: 96.88, data load time: 0.00027, step time: 0.00954,
epoch: [47], step: [692/1581], batch loss: 0.01180, batch accuracy: 100.00, data load time: 0.00026, step time: 0.01059,
epoch: [47], step: [992/1581], batch loss: 0.02233, batch accuracy: 100.00, data load time: 0.00023, step time: 0.01066,
epoch: [47], step: [1292/1581], batch loss: 0.21891, batch accuracy: 93.75, data load time: 0.00024, step time: 0.00952,
epoch: [48], step: [11/1581], batch loss: 0.00626, batch accuracy: 100.00, data load time: 0.00020, step time: 0.01313,
epoch: [48], step: [311/1581], batch loss: 0.00892, batch accuracy: 100.00, data load time: 0.00027, step time: 0.00985,
epoch: [48], step: [611/1581], batch loss: 0.16403, batch accuracy: 96.88, data load time: 0.00601, step time: 0.00939,
epoch: [48], step: [911/1581], batch loss: 0.04645, batch accuracy: 96.88, data load time: 0.00023, step time: 0.01088,
epoch: [48], step: [1211/1581], batch loss: 0.21314, batch accuracy: 96.88, data load time: 0.00031, step time: 0.01137,
epoch: [48], step: [1511/1581], batch loss: 0.27252, batch accuracy: 96.88, data load time: 0.00031, step time: 0.00956,
epoch: [49], step: [230/1581], batch loss: 0.03573, batch accuracy: 96.88, data load time: 0.00430, step time: 0.00937,
epoch: [49], step: [530/1581], batch loss: 0.06045, batch accuracy: 96.88, data load time: 0.00027, step time: 0.01277,
epoch: [49], step: [830/1581], batch loss: 0.01839, batch accuracy: 100.00, data load time: 0.00023, step time: 0.00946,
epoch: [49], step: [1130/1581], batch loss: 0.01165, batch accuracy: 100.00, data load time: 0.00022, step time: 0.01121,
epoch: [49], step: [1430/1581], batch loss: 0.04427, batch accuracy: 100.00, data load time: 0.00030, step time: 0.00944,
validation loss: 1.75362, accuracy: 75.14, class_accuracy: [67.71428571428571, 75.60975609756098, 77.6657060518732, 70.08849557522124, 73.9938080495356, 77.39938080495357, 93.13725490196079, 88.2258064516129, 55.19713261648746, 84.71428571428571]
Total time taken: 974.740875005722
