Using CUDA...
Writing logs to logs/CNN_bn_epochs=50_dropout=0.5_bs=32_optim=SGD_decay=0.002_lr=0.001_momentum=0.9_mode=LMC_run_0
epoch: [0], step: [299/1581], batch loss: 1.96463, batch accuracy: 21.88, data load time: 0.00023, step time: 0.00831,
epoch: [0], step: [599/1581], batch loss: 2.00904, batch accuracy: 34.38, data load time: 0.00022, step time: 0.01073,
epoch: [0], step: [899/1581], batch loss: 1.78738, batch accuracy: 37.50, data load time: 0.00021, step time: 0.00813,
epoch: [0], step: [1199/1581], batch loss: 1.04211, batch accuracy: 46.88, data load time: 0.00023, step time: 0.00806,
epoch: [0], step: [1499/1581], batch loss: 1.58310, batch accuracy: 43.75, data load time: 0.00021, step time: 0.00793,
epoch: [1], step: [218/1581], batch loss: 1.43171, batch accuracy: 46.88, data load time: 0.00023, step time: 0.01310,
epoch: [1], step: [518/1581], batch loss: 1.01041, batch accuracy: 71.88, data load time: 0.00022, step time: 0.00812,
epoch: [1], step: [818/1581], batch loss: 1.17318, batch accuracy: 62.50, data load time: 0.00022, step time: 0.00833,
epoch: [1], step: [1118/1581], batch loss: 1.41532, batch accuracy: 31.25, data load time: 0.00349, step time: 0.00898,
epoch: [1], step: [1418/1581], batch loss: 1.67275, batch accuracy: 53.12, data load time: 0.00307, step time: 0.00899,
epoch: [2], step: [137/1581], batch loss: 1.12544, batch accuracy: 53.12, data load time: 0.00023, step time: 0.00866,
epoch: [2], step: [437/1581], batch loss: 0.92254, batch accuracy: 59.38, data load time: 0.00024, step time: 0.00831,
epoch: [2], step: [737/1581], batch loss: 1.26274, batch accuracy: 50.00, data load time: 0.00024, step time: 0.00801,
epoch: [2], step: [1037/1581], batch loss: 1.11017, batch accuracy: 59.38, data load time: 0.00024, step time: 0.01706,
epoch: [2], step: [1337/1581], batch loss: 0.71906, batch accuracy: 75.00, data load time: 0.00022, step time: 0.00810,
epoch: [3], step: [56/1581], batch loss: 1.42763, batch accuracy: 65.62, data load time: 0.00022, step time: 0.01015,
epoch: [3], step: [356/1581], batch loss: 0.91255, batch accuracy: 56.25, data load time: 0.00022, step time: 0.02051,
epoch: [3], step: [656/1581], batch loss: 0.91317, batch accuracy: 78.12, data load time: 0.00026, step time: 0.01498,
epoch: [3], step: [956/1581], batch loss: 0.79191, batch accuracy: 71.88, data load time: 0.00056, step time: 0.00824,
epoch: [3], step: [1256/1581], batch loss: 1.14353, batch accuracy: 62.50, data load time: 0.00024, step time: 0.00830,
epoch: [3], step: [1556/1581], batch loss: 1.03485, batch accuracy: 56.25, data load time: 0.00012, step time: 0.00737,
epoch: [4], step: [275/1581], batch loss: 1.03571, batch accuracy: 56.25, data load time: 0.00128, step time: 0.00899,
epoch: [4], step: [575/1581], batch loss: 0.90307, batch accuracy: 68.75, data load time: 0.00056, step time: 0.00874,
epoch: [4], step: [875/1581], batch loss: 0.77237, batch accuracy: 78.12, data load time: 0.00037, step time: 0.01214,
epoch: [4], step: [1175/1581], batch loss: 0.70300, batch accuracy: 56.25, data load time: 0.00023, step time: 0.01349,
epoch: [4], step: [1475/1581], batch loss: 0.82663, batch accuracy: 65.62, data load time: 0.00022, step time: 0.00802,
validation loss: 1.12662, accuracy: 64.28, class_accuracy: [73.72881355932203, 86.84210526315789, 71.7948717948718, 53.982300884955755, 73.72881355932203, 56.88073394495413, 94.28571428571429, 77.87610619469027, 50.0, 37.28813559322034]
epoch: [5], step: [194/1581], batch loss: 0.63529, batch accuracy: 75.00, data load time: 0.00360, step time: 0.00835,
epoch: [5], step: [494/1581], batch loss: 0.88632, batch accuracy: 75.00, data load time: 0.00535, step time: 0.01178,
epoch: [5], step: [794/1581], batch loss: 0.52423, batch accuracy: 75.00, data load time: 0.00023, step time: 0.01772,
epoch: [5], step: [1094/1581], batch loss: 0.72752, batch accuracy: 78.12, data load time: 0.00360, step time: 0.00866,
epoch: [5], step: [1394/1581], batch loss: 0.69432, batch accuracy: 71.88, data load time: 0.00022, step time: 0.00805,
epoch: [6], step: [113/1581], batch loss: 0.77789, batch accuracy: 78.12, data load time: 0.00023, step time: 0.00800,
epoch: [6], step: [413/1581], batch loss: 0.80599, batch accuracy: 65.62, data load time: 0.00396, step time: 0.00999,
epoch: [6], step: [713/1581], batch loss: 0.47447, batch accuracy: 81.25, data load time: 0.00026, step time: 0.00880,
epoch: [6], step: [1013/1581], batch loss: 1.10058, batch accuracy: 68.75, data load time: 0.00419, step time: 0.00851,
epoch: [6], step: [1313/1581], batch loss: 0.53864, batch accuracy: 87.50, data load time: 0.00023, step time: 0.01094,
epoch: [7], step: [32/1581], batch loss: 0.52057, batch accuracy: 78.12, data load time: 0.00020, step time: 0.00833,
epoch: [7], step: [332/1581], batch loss: 1.19994, batch accuracy: 75.00, data load time: 0.00021, step time: 0.00820,
epoch: [7], step: [632/1581], batch loss: 1.18272, batch accuracy: 62.50, data load time: 0.00023, step time: 0.00821,
epoch: [7], step: [932/1581], batch loss: 0.61655, batch accuracy: 75.00, data load time: 0.00022, step time: 0.01034,
epoch: [7], step: [1232/1581], batch loss: 0.36310, batch accuracy: 87.50, data load time: 0.00020, step time: 0.00815,
epoch: [7], step: [1532/1581], batch loss: 0.37541, batch accuracy: 84.38, data load time: 0.00017, step time: 0.00796,
epoch: [8], step: [251/1581], batch loss: 0.49189, batch accuracy: 84.38, data load time: 0.00251, step time: 0.01058,
epoch: [8], step: [551/1581], batch loss: 0.65168, batch accuracy: 81.25, data load time: 0.00021, step time: 0.00818,
epoch: [8], step: [851/1581], batch loss: 0.46615, batch accuracy: 81.25, data load time: 0.00356, step time: 0.00865,
epoch: [8], step: [1151/1581], batch loss: 0.42267, batch accuracy: 90.62, data load time: 0.00022, step time: 0.00802,
epoch: [8], step: [1451/1581], batch loss: 0.54259, batch accuracy: 78.12, data load time: 0.00322, step time: 0.00862,
epoch: [9], step: [170/1581], batch loss: 0.71446, batch accuracy: 75.00, data load time: 0.00033, step time: 0.00805,
epoch: [9], step: [470/1581], batch loss: 0.47936, batch accuracy: 78.12, data load time: 0.00022, step time: 0.01058,
epoch: [9], step: [770/1581], batch loss: 0.39397, batch accuracy: 87.50, data load time: 0.00020, step time: 0.00808,
epoch: [9], step: [1070/1581], batch loss: 0.52713, batch accuracy: 81.25, data load time: 0.00023, step time: 0.01438,
epoch: [9], step: [1370/1581], batch loss: 0.53710, batch accuracy: 78.12, data load time: 0.00023, step time: 0.00807,
validation loss: 1.04503, accuracy: 66.53, class_accuracy: [62.71186440677966, 92.10526315789474, 71.7948717948718, 62.83185840707964, 80.50847457627118, 54.12844036697248, 100.0, 84.070796460177, 53.06122448979592, 42.3728813559322]
epoch: [10], step: [89/1581], batch loss: 0.46780, batch accuracy: 78.12, data load time: 0.00030, step time: 0.00809,
epoch: [10], step: [389/1581], batch loss: 0.35780, batch accuracy: 90.62, data load time: 0.00022, step time: 0.00868,
epoch: [10], step: [689/1581], batch loss: 0.46618, batch accuracy: 75.00, data load time: 0.00027, step time: 0.01554,
epoch: [10], step: [989/1581], batch loss: 0.54976, batch accuracy: 78.12, data load time: 0.00040, step time: 0.01057,
epoch: [10], step: [1289/1581], batch loss: 0.56242, batch accuracy: 75.00, data load time: 0.00021, step time: 0.00832,
epoch: [11], step: [8/1581], batch loss: 0.47605, batch accuracy: 81.25, data load time: 0.00023, step time: 0.01081,
epoch: [11], step: [308/1581], batch loss: 0.52693, batch accuracy: 81.25, data load time: 0.00026, step time: 0.00802,
epoch: [11], step: [608/1581], batch loss: 0.52001, batch accuracy: 81.25, data load time: 0.00308, step time: 0.00859,
epoch: [11], step: [908/1581], batch loss: 0.45220, batch accuracy: 81.25, data load time: 0.00022, step time: 0.01098,
epoch: [11], step: [1208/1581], batch loss: 0.61833, batch accuracy: 75.00, data load time: 0.00319, step time: 0.01241,
epoch: [11], step: [1508/1581], batch loss: 0.33066, batch accuracy: 93.75, data load time: 0.00025, step time: 0.00814,
epoch: [12], step: [227/1581], batch loss: 0.41692, batch accuracy: 93.75, data load time: 0.00023, step time: 0.00810,
epoch: [12], step: [527/1581], batch loss: 0.32121, batch accuracy: 90.62, data load time: 0.00242, step time: 0.01132,
epoch: [12], step: [827/1581], batch loss: 0.36446, batch accuracy: 81.25, data load time: 0.00316, step time: 0.00917,
epoch: [12], step: [1127/1581], batch loss: 0.46457, batch accuracy: 84.38, data load time: 0.00400, step time: 0.00926,
epoch: [12], step: [1427/1581], batch loss: 0.81027, batch accuracy: 78.12, data load time: 0.00022, step time: 0.01375,
epoch: [13], step: [146/1581], batch loss: 0.36276, batch accuracy: 87.50, data load time: 0.00023, step time: 0.00834,
epoch: [13], step: [446/1581], batch loss: 0.43270, batch accuracy: 84.38, data load time: 0.00021, step time: 0.00830,
epoch: [13], step: [746/1581], batch loss: 0.65198, batch accuracy: 81.25, data load time: 0.00023, step time: 0.00799,
epoch: [13], step: [1046/1581], batch loss: 0.44557, batch accuracy: 81.25, data load time: 0.00021, step time: 0.00831,
epoch: [13], step: [1346/1581], batch loss: 0.74662, batch accuracy: 75.00, data load time: 0.00021, step time: 0.00820,
epoch: [14], step: [65/1581], batch loss: 0.53804, batch accuracy: 75.00, data load time: 0.00089, step time: 0.01338,
epoch: [14], step: [365/1581], batch loss: 0.46249, batch accuracy: 81.25, data load time: 0.00027, step time: 0.01009,
epoch: [14], step: [665/1581], batch loss: 0.52864, batch accuracy: 84.38, data load time: 0.00432, step time: 0.00858,
epoch: [14], step: [965/1581], batch loss: 0.30256, batch accuracy: 90.62, data load time: 0.00021, step time: 0.00973,
epoch: [14], step: [1265/1581], batch loss: 0.42393, batch accuracy: 90.62, data load time: 0.00022, step time: 0.00883,
epoch: [14], step: [1565/1581], batch loss: 0.60778, batch accuracy: 78.12, data load time: 0.00011, step time: 0.00736,
validation loss: 0.95127, accuracy: 70.73, class_accuracy: [55.932203389830505, 92.10526315789474, 64.95726495726495, 69.02654867256638, 81.35593220338983, 55.96330275229358, 97.14285714285714, 92.03539823008849, 55.10204081632653, 73.72881355932203]
epoch: [15], step: [284/1581], batch loss: 0.28201, batch accuracy: 87.50, data load time: 0.00063, step time: 0.00836,
epoch: [15], step: [584/1581], batch loss: 0.53927, batch accuracy: 81.25, data load time: 0.00025, step time: 0.01208,
epoch: [15], step: [884/1581], batch loss: 0.24087, batch accuracy: 90.62, data load time: 0.00100, step time: 0.01285,
epoch: [15], step: [1184/1581], batch loss: 0.49324, batch accuracy: 81.25, data load time: 0.00023, step time: 0.00823,
epoch: [15], step: [1484/1581], batch loss: 0.47393, batch accuracy: 71.88, data load time: 0.00025, step time: 0.00824,
epoch: [16], step: [203/1581], batch loss: 0.49191, batch accuracy: 78.12, data load time: 0.00027, step time: 0.00819,
epoch: [16], step: [503/1581], batch loss: 0.30299, batch accuracy: 96.88, data load time: 0.00031, step time: 0.00919,
epoch: [16], step: [803/1581], batch loss: 0.50183, batch accuracy: 84.38, data load time: 0.00023, step time: 0.00816,
epoch: [16], step: [1103/1581], batch loss: 0.46961, batch accuracy: 90.62, data load time: 0.00024, step time: 0.00814,
epoch: [16], step: [1403/1581], batch loss: 0.36453, batch accuracy: 87.50, data load time: 0.00056, step time: 0.00879,
epoch: [17], step: [122/1581], batch loss: 0.36667, batch accuracy: 87.50, data load time: 0.00023, step time: 0.01178,
epoch: [17], step: [422/1581], batch loss: 0.34764, batch accuracy: 87.50, data load time: 0.00049, step time: 0.00823,
epoch: [17], step: [722/1581], batch loss: 0.39562, batch accuracy: 87.50, data load time: 0.00022, step time: 0.00867,
epoch: [17], step: [1022/1581], batch loss: 0.50311, batch accuracy: 84.38, data load time: 0.00054, step time: 0.00820,
epoch: [17], step: [1322/1581], batch loss: 0.44019, batch accuracy: 87.50, data load time: 0.00024, step time: 0.01337,
epoch: [18], step: [41/1581], batch loss: 0.31901, batch accuracy: 90.62, data load time: 0.00019, step time: 0.00807,
epoch: [18], step: [341/1581], batch loss: 0.31363, batch accuracy: 87.50, data load time: 0.00023, step time: 0.00811,
epoch: [18], step: [641/1581], batch loss: 0.22600, batch accuracy: 93.75, data load time: 0.00021, step time: 0.00833,
epoch: [18], step: [941/1581], batch loss: 0.50041, batch accuracy: 81.25, data load time: 0.00021, step time: 0.00807,
epoch: [18], step: [1241/1581], batch loss: 0.40725, batch accuracy: 81.25, data load time: 0.00021, step time: 0.00800,
epoch: [18], step: [1541/1581], batch loss: 0.27756, batch accuracy: 90.62, data load time: 0.00017, step time: 0.00807,
epoch: [19], step: [260/1581], batch loss: 0.26230, batch accuracy: 87.50, data load time: 0.00023, step time: 0.00798,
epoch: [19], step: [560/1581], batch loss: 0.45636, batch accuracy: 84.38, data load time: 0.00025, step time: 0.00859,
epoch: [19], step: [860/1581], batch loss: 0.19607, batch accuracy: 87.50, data load time: 0.00389, step time: 0.00872,
epoch: [19], step: [1160/1581], batch loss: 0.38669, batch accuracy: 87.50, data load time: 0.00024, step time: 0.00812,
epoch: [19], step: [1460/1581], batch loss: 0.41898, batch accuracy: 90.62, data load time: 0.00051, step time: 0.00812,
validation loss: 0.91641, accuracy: 72.47, class_accuracy: [57.6271186440678, 94.73684210526316, 70.08547008547009, 67.2566371681416, 83.89830508474576, 56.88073394495413, 97.14285714285714, 92.03539823008849, 62.244897959183675, 72.88135593220339]
epoch: [20], step: [179/1581], batch loss: 0.20565, batch accuracy: 90.62, data load time: 0.00021, step time: 0.00881,
epoch: [20], step: [479/1581], batch loss: 0.19599, batch accuracy: 90.62, data load time: 0.00899, step time: 0.01244,
epoch: [20], step: [779/1581], batch loss: 0.23546, batch accuracy: 90.62, data load time: 0.00035, step time: 0.00814,
epoch: [20], step: [1079/1581], batch loss: 0.21356, batch accuracy: 87.50, data load time: 0.00338, step time: 0.00863,
epoch: [20], step: [1379/1581], batch loss: 0.25063, batch accuracy: 93.75, data load time: 0.00024, step time: 0.00925,
epoch: [21], step: [98/1581], batch loss: 0.53646, batch accuracy: 78.12, data load time: 0.00023, step time: 0.00887,
epoch: [21], step: [398/1581], batch loss: 0.23514, batch accuracy: 93.75, data load time: 0.00023, step time: 0.00865,
epoch: [21], step: [698/1581], batch loss: 0.23069, batch accuracy: 87.50, data load time: 0.00062, step time: 0.00819,
epoch: [21], step: [998/1581], batch loss: 0.23245, batch accuracy: 93.75, data load time: 0.00042, step time: 0.02184,
epoch: [21], step: [1298/1581], batch loss: 0.15224, batch accuracy: 96.88, data load time: 0.00028, step time: 0.00819,
epoch: [22], step: [17/1581], batch loss: 0.26488, batch accuracy: 93.75, data load time: 0.00025, step time: 0.01374,
epoch: [22], step: [317/1581], batch loss: 0.21087, batch accuracy: 93.75, data load time: 0.00022, step time: 0.01011,
epoch: [22], step: [617/1581], batch loss: 0.18328, batch accuracy: 87.50, data load time: 0.00030, step time: 0.00938,
epoch: [22], step: [917/1581], batch loss: 0.22800, batch accuracy: 96.88, data load time: 0.00308, step time: 0.01407,
epoch: [22], step: [1217/1581], batch loss: 0.15488, batch accuracy: 93.75, data load time: 0.00327, step time: 0.00921,
epoch: [22], step: [1517/1581], batch loss: 0.41621, batch accuracy: 84.38, data load time: 0.00029, step time: 0.00838,
epoch: [23], step: [236/1581], batch loss: 0.44938, batch accuracy: 84.38, data load time: 0.00386, step time: 0.01240,
epoch: [23], step: [536/1581], batch loss: 0.26019, batch accuracy: 93.75, data load time: 0.00022, step time: 0.00807,
epoch: [23], step: [836/1581], batch loss: 0.24006, batch accuracy: 90.62, data load time: 0.00023, step time: 0.00829,
epoch: [23], step: [1136/1581], batch loss: 0.40246, batch accuracy: 87.50, data load time: 0.00027, step time: 0.00791,
epoch: [23], step: [1436/1581], batch loss: 0.33777, batch accuracy: 87.50, data load time: 0.00374, step time: 0.00893,
epoch: [24], step: [155/1581], batch loss: 0.26190, batch accuracy: 96.88, data load time: 0.00402, step time: 0.01726,
epoch: [24], step: [455/1581], batch loss: 0.15499, batch accuracy: 96.88, data load time: 0.00031, step time: 0.00808,
epoch: [24], step: [755/1581], batch loss: 0.32921, batch accuracy: 96.88, data load time: 0.00022, step time: 0.00808,
epoch: [24], step: [1055/1581], batch loss: 0.27635, batch accuracy: 87.50, data load time: 0.00023, step time: 0.01072,
epoch: [24], step: [1355/1581], batch loss: 0.29350, batch accuracy: 87.50, data load time: 0.00318, step time: 0.00904,
validation loss: 0.89766, accuracy: 72.47, class_accuracy: [52.54237288135593, 92.10526315789474, 72.64957264957265, 74.33628318584071, 79.66101694915254, 55.96330275229358, 97.14285714285714, 96.46017699115045, 56.12244897959184, 75.42372881355932]
epoch: [25], step: [74/1581], batch loss: 0.28845, batch accuracy: 90.62, data load time: 0.00019, step time: 0.00817,
epoch: [25], step: [374/1581], batch loss: 0.16636, batch accuracy: 93.75, data load time: 0.00068, step time: 0.01035,
epoch: [25], step: [674/1581], batch loss: 0.23537, batch accuracy: 93.75, data load time: 0.00024, step time: 0.00829,
epoch: [25], step: [974/1581], batch loss: 0.13567, batch accuracy: 96.88, data load time: 0.00027, step time: 0.00909,
epoch: [25], step: [1274/1581], batch loss: 0.43216, batch accuracy: 87.50, data load time: 0.00021, step time: 0.00806,
epoch: [25], step: [1574/1581], batch loss: 0.20076, batch accuracy: 93.75, data load time: 0.00011, step time: 0.00737,
epoch: [26], step: [293/1581], batch loss: 0.20299, batch accuracy: 96.88, data load time: 0.00023, step time: 0.00823,
epoch: [26], step: [593/1581], batch loss: 0.17395, batch accuracy: 90.62, data load time: 0.00031, step time: 0.01562,
epoch: [26], step: [893/1581], batch loss: 0.23448, batch accuracy: 87.50, data load time: 0.00035, step time: 0.00817,
epoch: [26], step: [1193/1581], batch loss: 0.26520, batch accuracy: 93.75, data load time: 0.00131, step time: 0.00806,
epoch: [26], step: [1493/1581], batch loss: 0.15909, batch accuracy: 96.88, data load time: 0.00023, step time: 0.00822,
epoch: [27], step: [212/1581], batch loss: 0.17366, batch accuracy: 90.62, data load time: 0.00343, step time: 0.00938,
epoch: [27], step: [512/1581], batch loss: 0.41524, batch accuracy: 96.88, data load time: 0.00023, step time: 0.01033,
epoch: [27], step: [812/1581], batch loss: 0.11096, batch accuracy: 100.00, data load time: 0.00025, step time: 0.00799,
epoch: [27], step: [1112/1581], batch loss: 0.20986, batch accuracy: 90.62, data load time: 0.00024, step time: 0.00832,
epoch: [27], step: [1412/1581], batch loss: 0.18894, batch accuracy: 96.88, data load time: 0.00022, step time: 0.00825,
epoch: [28], step: [131/1581], batch loss: 0.16023, batch accuracy: 93.75, data load time: 0.00025, step time: 0.01416,
epoch: [28], step: [431/1581], batch loss: 0.16583, batch accuracy: 96.88, data load time: 0.00023, step time: 0.00800,
epoch: [28], step: [731/1581], batch loss: 0.24485, batch accuracy: 93.75, data load time: 0.00021, step time: 0.00800,
epoch: [28], step: [1031/1581], batch loss: 0.20084, batch accuracy: 96.88, data load time: 0.00022, step time: 0.00828,
epoch: [28], step: [1331/1581], batch loss: 0.21491, batch accuracy: 90.62, data load time: 0.00022, step time: 0.00833,
epoch: [29], step: [50/1581], batch loss: 0.30364, batch accuracy: 90.62, data load time: 0.00284, step time: 0.01010,
epoch: [29], step: [350/1581], batch loss: 0.25262, batch accuracy: 90.62, data load time: 0.00031, step time: 0.00814,
epoch: [29], step: [650/1581], batch loss: 0.19447, batch accuracy: 90.62, data load time: 0.00261, step time: 0.01077,
epoch: [29], step: [950/1581], batch loss: 0.70675, batch accuracy: 81.25, data load time: 0.00022, step time: 0.00830,
epoch: [29], step: [1250/1581], batch loss: 0.14503, batch accuracy: 93.75, data load time: 0.00021, step time: 0.00822,
epoch: [29], step: [1550/1581], batch loss: 0.24181, batch accuracy: 87.50, data load time: 0.00016, step time: 0.00786,
validation loss: 0.84155, accuracy: 72.36, class_accuracy: [54.23728813559322, 94.73684210526316, 72.64957264957265, 67.2566371681416, 86.44067796610169, 55.96330275229358, 97.14285714285714, 89.38053097345133, 59.183673469387756, 76.27118644067797]
epoch: [30], step: [269/1581], batch loss: 0.20763, batch accuracy: 96.88, data load time: 0.00023, step time: 0.00821,
epoch: [30], step: [569/1581], batch loss: 0.12871, batch accuracy: 96.88, data load time: 0.00397, step time: 0.00928,
epoch: [30], step: [869/1581], batch loss: 0.29280, batch accuracy: 87.50, data load time: 0.00022, step time: 0.00828,
epoch: [30], step: [1169/1581], batch loss: 0.10431, batch accuracy: 100.00, data load time: 0.00022, step time: 0.00802,
epoch: [30], step: [1469/1581], batch loss: 0.10308, batch accuracy: 96.88, data load time: 0.00023, step time: 0.00812,
epoch: [31], step: [188/1581], batch loss: 0.19094, batch accuracy: 96.88, data load time: 0.00025, step time: 0.01033,
epoch: [31], step: [488/1581], batch loss: 0.13641, batch accuracy: 96.88, data load time: 0.00406, step time: 0.01191,
epoch: [31], step: [788/1581], batch loss: 0.29365, batch accuracy: 84.38, data load time: 0.00023, step time: 0.01386,
epoch: [31], step: [1088/1581], batch loss: 0.17900, batch accuracy: 90.62, data load time: 0.00021, step time: 0.01686,
epoch: [31], step: [1388/1581], batch loss: 0.28517, batch accuracy: 93.75, data load time: 0.00023, step time: 0.01685,
epoch: [32], step: [107/1581], batch loss: 0.24877, batch accuracy: 90.62, data load time: 0.00023, step time: 0.01460,
epoch: [32], step: [407/1581], batch loss: 0.25251, batch accuracy: 87.50, data load time: 0.00026, step time: 0.01271,
epoch: [32], step: [707/1581], batch loss: 0.48772, batch accuracy: 81.25, data load time: 0.00293, step time: 0.01008,
epoch: [32], step: [1007/1581], batch loss: 0.30378, batch accuracy: 84.38, data load time: 0.00317, step time: 0.01234,
epoch: [32], step: [1307/1581], batch loss: 0.16644, batch accuracy: 96.88, data load time: 0.00022, step time: 0.00828,
epoch: [33], step: [26/1581], batch loss: 0.12295, batch accuracy: 96.88, data load time: 0.01286, step time: 0.00808,
epoch: [33], step: [326/1581], batch loss: 0.12238, batch accuracy: 96.88, data load time: 0.00351, step time: 0.00848,
epoch: [33], step: [626/1581], batch loss: 0.33145, batch accuracy: 87.50, data load time: 0.00271, step time: 0.01121,
epoch: [33], step: [926/1581], batch loss: 0.27920, batch accuracy: 87.50, data load time: 0.00030, step time: 0.00818,
epoch: [33], step: [1226/1581], batch loss: 0.11628, batch accuracy: 96.88, data load time: 0.00029, step time: 0.00863,
epoch: [33], step: [1526/1581], batch loss: 0.14775, batch accuracy: 93.75, data load time: 0.00020, step time: 0.00811,
epoch: [34], step: [245/1581], batch loss: 0.35518, batch accuracy: 87.50, data load time: 0.00025, step time: 0.00864,
epoch: [34], step: [545/1581], batch loss: 0.24644, batch accuracy: 93.75, data load time: 0.00027, step time: 0.01193,
epoch: [34], step: [845/1581], batch loss: 0.17682, batch accuracy: 93.75, data load time: 0.00021, step time: 0.01195,
epoch: [34], step: [1145/1581], batch loss: 0.25124, batch accuracy: 93.75, data load time: 0.00329, step time: 0.01336,
epoch: [34], step: [1445/1581], batch loss: 0.25255, batch accuracy: 93.75, data load time: 0.00446, step time: 0.01097,
validation loss: 0.89255, accuracy: 70.83, class_accuracy: [50.847457627118644, 94.73684210526316, 73.5042735042735, 66.3716814159292, 82.20338983050847, 53.211009174311926, 97.14285714285714, 92.03539823008849, 59.183673469387756, 71.1864406779661]
epoch: [35], step: [164/1581], batch loss: 0.09516, batch accuracy: 100.00, data load time: 0.00023, step time: 0.00835,
epoch: [35], step: [464/1581], batch loss: 0.34070, batch accuracy: 87.50, data load time: 0.00024, step time: 0.00800,
epoch: [35], step: [764/1581], batch loss: 0.27246, batch accuracy: 93.75, data load time: 0.00024, step time: 0.00806,
epoch: [35], step: [1064/1581], batch loss: 0.11583, batch accuracy: 96.88, data load time: 0.00076, step time: 0.00808,
epoch: [35], step: [1364/1581], batch loss: 0.16288, batch accuracy: 93.75, data load time: 0.00029, step time: 0.00947,
epoch: [36], step: [83/1581], batch loss: 0.22555, batch accuracy: 90.62, data load time: 0.00380, step time: 0.00885,
epoch: [36], step: [383/1581], batch loss: 0.29639, batch accuracy: 93.75, data load time: 0.00021, step time: 0.00799,
epoch: [36], step: [683/1581], batch loss: 0.20160, batch accuracy: 90.62, data load time: 0.00023, step time: 0.01108,
epoch: [36], step: [983/1581], batch loss: 0.25281, batch accuracy: 96.88, data load time: 0.00023, step time: 0.00829,
epoch: [36], step: [1283/1581], batch loss: 0.29467, batch accuracy: 90.62, data load time: 0.00025, step time: 0.00815,
epoch: [37], step: [2/1581], batch loss: 0.11556, batch accuracy: 100.00, data load time: 0.00020, step time: 0.01109,
epoch: [37], step: [302/1581], batch loss: 0.21482, batch accuracy: 96.88, data load time: 0.00024, step time: 0.00813,
epoch: [37], step: [602/1581], batch loss: 0.17342, batch accuracy: 93.75, data load time: 0.00027, step time: 0.00810,
epoch: [37], step: [902/1581], batch loss: 0.20709, batch accuracy: 93.75, data load time: 0.00027, step time: 0.00798,
epoch: [37], step: [1202/1581], batch loss: 0.09788, batch accuracy: 100.00, data load time: 0.00267, step time: 0.00934,
epoch: [37], step: [1502/1581], batch loss: 0.15082, batch accuracy: 93.75, data load time: 0.00022, step time: 0.00807,
epoch: [38], step: [221/1581], batch loss: 0.21487, batch accuracy: 96.88, data load time: 0.00058, step time: 0.01728,
epoch: [38], step: [521/1581], batch loss: 0.19867, batch accuracy: 93.75, data load time: 0.00024, step time: 0.01378,
epoch: [38], step: [821/1581], batch loss: 0.11023, batch accuracy: 96.88, data load time: 0.00026, step time: 0.00822,
epoch: [38], step: [1121/1581], batch loss: 0.11664, batch accuracy: 93.75, data load time: 0.00028, step time: 0.00828,
epoch: [38], step: [1421/1581], batch loss: 0.28505, batch accuracy: 87.50, data load time: 0.00031, step time: 0.00813,
epoch: [39], step: [140/1581], batch loss: 0.10807, batch accuracy: 100.00, data load time: 0.00023, step time: 0.00832,
epoch: [39], step: [440/1581], batch loss: 0.15927, batch accuracy: 93.75, data load time: 0.00035, step time: 0.00904,
epoch: [39], step: [740/1581], batch loss: 0.09526, batch accuracy: 100.00, data load time: 0.00022, step time: 0.00798,
epoch: [39], step: [1040/1581], batch loss: 0.29816, batch accuracy: 90.62, data load time: 0.00042, step time: 0.00976,
epoch: [39], step: [1340/1581], batch loss: 0.12859, batch accuracy: 96.88, data load time: 0.00022, step time: 0.00796,
validation loss: 0.85981, accuracy: 71.44, class_accuracy: [45.76271186440678, 94.73684210526316, 76.06837606837607, 61.94690265486726, 85.59322033898304, 51.37614678899082, 94.28571428571429, 92.92035398230088, 60.204081632653065, 80.50847457627118]
epoch: [40], step: [59/1581], batch loss: 0.07826, batch accuracy: 96.88, data load time: 0.00119, step time: 0.00809,
epoch: [40], step: [359/1581], batch loss: 0.20462, batch accuracy: 90.62, data load time: 0.00032, step time: 0.00815,
epoch: [40], step: [659/1581], batch loss: 0.06938, batch accuracy: 96.88, data load time: 0.00022, step time: 0.00865,
epoch: [40], step: [959/1581], batch loss: 0.43239, batch accuracy: 78.12, data load time: 0.00031, step time: 0.00825,
epoch: [40], step: [1259/1581], batch loss: 0.14516, batch accuracy: 96.88, data load time: 0.00024, step time: 0.00802,
epoch: [40], step: [1559/1581], batch loss: 0.23503, batch accuracy: 93.75, data load time: 0.00012, step time: 0.00737,
epoch: [41], step: [278/1581], batch loss: 0.11389, batch accuracy: 96.88, data load time: 0.00352, step time: 0.00930,
epoch: [41], step: [578/1581], batch loss: 0.15297, batch accuracy: 93.75, data load time: 0.00026, step time: 0.00856,
epoch: [41], step: [878/1581], batch loss: 0.28581, batch accuracy: 90.62, data load time: 0.00022, step time: 0.01275,
epoch: [41], step: [1178/1581], batch loss: 0.16027, batch accuracy: 93.75, data load time: 0.00023, step time: 0.00847,
epoch: [41], step: [1478/1581], batch loss: 0.29728, batch accuracy: 90.62, data load time: 0.00264, step time: 0.00898,
epoch: [42], step: [197/1581], batch loss: 0.33085, batch accuracy: 87.50, data load time: 0.00021, step time: 0.01018,
epoch: [42], step: [497/1581], batch loss: 0.09064, batch accuracy: 96.88, data load time: 0.00023, step time: 0.00914,
epoch: [42], step: [797/1581], batch loss: 0.07213, batch accuracy: 96.88, data load time: 0.00023, step time: 0.00951,
epoch: [42], step: [1097/1581], batch loss: 0.16359, batch accuracy: 96.88, data load time: 0.00391, step time: 0.00995,
epoch: [42], step: [1397/1581], batch loss: 0.16335, batch accuracy: 93.75, data load time: 0.00023, step time: 0.00805,
epoch: [43], step: [116/1581], batch loss: 0.19616, batch accuracy: 90.62, data load time: 0.00240, step time: 0.01063,
epoch: [43], step: [416/1581], batch loss: 0.10834, batch accuracy: 93.75, data load time: 0.00022, step time: 0.00889,
epoch: [43], step: [716/1581], batch loss: 0.27469, batch accuracy: 90.62, data load time: 0.00431, step time: 0.00850,
epoch: [43], step: [1016/1581], batch loss: 0.08521, batch accuracy: 100.00, data load time: 0.00022, step time: 0.01210,
epoch: [43], step: [1316/1581], batch loss: 0.15529, batch accuracy: 96.88, data load time: 0.00385, step time: 0.00857,
epoch: [44], step: [35/1581], batch loss: 0.12788, batch accuracy: 96.88, data load time: 0.00032, step time: 0.00844,
epoch: [44], step: [335/1581], batch loss: 0.26832, batch accuracy: 93.75, data load time: 0.00937, step time: 0.00806,
epoch: [44], step: [635/1581], batch loss: 0.31875, batch accuracy: 90.62, data load time: 0.00430, step time: 0.00851,
epoch: [44], step: [935/1581], batch loss: 0.14315, batch accuracy: 93.75, data load time: 0.00021, step time: 0.00811,
epoch: [44], step: [1235/1581], batch loss: 0.22984, batch accuracy: 90.62, data load time: 0.00020, step time: 0.00793,
epoch: [44], step: [1535/1581], batch loss: 0.16686, batch accuracy: 93.75, data load time: 0.00017, step time: 0.00819,
validation loss: 0.86269, accuracy: 71.14, class_accuracy: [47.45762711864407, 94.73684210526316, 76.06837606837607, 65.48672566371681, 83.89830508474576, 50.45871559633027, 91.42857142857143, 96.46017699115045, 53.06122448979592, 78.8135593220339]
epoch: [45], step: [254/1581], batch loss: 0.10932, batch accuracy: 100.00, data load time: 0.00026, step time: 0.00822,
epoch: [45], step: [554/1581], batch loss: 0.13170, batch accuracy: 93.75, data load time: 0.00316, step time: 0.01005,
epoch: [45], step: [854/1581], batch loss: 0.27088, batch accuracy: 96.88, data load time: 0.00023, step time: 0.01295,
epoch: [45], step: [1154/1581], batch loss: 0.28967, batch accuracy: 87.50, data load time: 0.00025, step time: 0.00817,
epoch: [45], step: [1454/1581], batch loss: 0.14051, batch accuracy: 90.62, data load time: 0.00362, step time: 0.00908,
epoch: [46], step: [173/1581], batch loss: 0.12221, batch accuracy: 100.00, data load time: 0.00022, step time: 0.00925,
epoch: [46], step: [473/1581], batch loss: 0.15167, batch accuracy: 93.75, data load time: 0.00462, step time: 0.01067,
epoch: [46], step: [773/1581], batch loss: 0.10272, batch accuracy: 100.00, data load time: 0.00026, step time: 0.00838,
epoch: [46], step: [1073/1581], batch loss: 0.08201, batch accuracy: 100.00, data load time: 0.01657, step time: 0.02064,
epoch: [46], step: [1373/1581], batch loss: 0.10366, batch accuracy: 96.88, data load time: 0.00034, step time: 0.00808,
epoch: [47], step: [92/1581], batch loss: 0.30534, batch accuracy: 87.50, data load time: 0.00023, step time: 0.01140,
epoch: [47], step: [392/1581], batch loss: 0.13876, batch accuracy: 90.62, data load time: 0.00022, step time: 0.00801,
epoch: [47], step: [692/1581], batch loss: 0.13693, batch accuracy: 93.75, data load time: 0.00032, step time: 0.01323,
epoch: [47], step: [992/1581], batch loss: 0.30171, batch accuracy: 87.50, data load time: 0.00020, step time: 0.00890,
epoch: [47], step: [1292/1581], batch loss: 0.22265, batch accuracy: 87.50, data load time: 0.00024, step time: 0.00855,
epoch: [48], step: [11/1581], batch loss: 0.19969, batch accuracy: 93.75, data load time: 0.00025, step time: 0.00832,
epoch: [48], step: [311/1581], batch loss: 0.14755, batch accuracy: 93.75, data load time: 0.00029, step time: 0.03404,
epoch: [48], step: [611/1581], batch loss: 0.17364, batch accuracy: 90.62, data load time: 0.00023, step time: 0.00806,
epoch: [48], step: [911/1581], batch loss: 0.07447, batch accuracy: 100.00, data load time: 0.00022, step time: 0.00823,
epoch: [48], step: [1211/1581], batch loss: 0.11006, batch accuracy: 96.88, data load time: 0.00023, step time: 0.00797,
epoch: [48], step: [1511/1581], batch loss: 0.15410, batch accuracy: 93.75, data load time: 0.00300, step time: 0.01080,
epoch: [49], step: [230/1581], batch loss: 0.37054, batch accuracy: 90.62, data load time: 0.00025, step time: 0.00806,
epoch: [49], step: [530/1581], batch loss: 0.13475, batch accuracy: 96.88, data load time: 0.00023, step time: 0.00811,
epoch: [49], step: [830/1581], batch loss: 0.11459, batch accuracy: 96.88, data load time: 0.00021, step time: 0.00850,
epoch: [49], step: [1130/1581], batch loss: 0.13824, batch accuracy: 93.75, data load time: 0.00255, step time: 0.01099,
epoch: [49], step: [1430/1581], batch loss: 0.40174, batch accuracy: 90.62, data load time: 0.00022, step time: 0.00797,
validation loss: 0.83297, accuracy: 71.65, class_accuracy: [50.847457627118644, 94.73684210526316, 73.5042735042735, 64.60176991150442, 85.59322033898304, 50.45871559633027, 97.14285714285714, 92.92035398230088, 56.12244897959184, 80.50847457627118]
Total time taken: 934.2457845211029
