Using CUDA...
Writing logs to logs/CNN_bn_dropout=0.5_bs=32_lr=0.001_momentum=0.9_brightness=0_rotation=0_run_1
epoch: [0], step: [299/1581], batch loss: 0.90506, batch accuracy: 75.00, data load time: 0.01320, step time: 0.01209,
epoch: [0], step: [599/1581], batch loss: 0.63278, batch accuracy: 75.00, data load time: 0.01315, step time: 0.01249,
epoch: [0], step: [899/1581], batch loss: 1.04608, batch accuracy: 68.75, data load time: 0.00033, step time: 0.01280,
epoch: [0], step: [1199/1581], batch loss: 0.41499, batch accuracy: 87.50, data load time: 0.00323, step time: 0.01723,
epoch: [0], step: [1499/1581], batch loss: 0.75726, batch accuracy: 75.00, data load time: 0.00671, step time: 0.01649,
epoch: [1], step: [218/1581], batch loss: 0.56595, batch accuracy: 75.00, data load time: 0.00027, step time: 0.02186,
epoch: [1], step: [518/1581], batch loss: 0.26846, batch accuracy: 93.75, data load time: 0.00055, step time: 0.03932,
epoch: [1], step: [818/1581], batch loss: 0.45989, batch accuracy: 87.50, data load time: 0.00043, step time: 0.01698,
epoch: [1], step: [1118/1581], batch loss: 0.42802, batch accuracy: 87.50, data load time: 0.00652, step time: 0.01577,
epoch: [1], step: [1418/1581], batch loss: 0.36542, batch accuracy: 87.50, data load time: 0.00116, step time: 0.03388,
epoch: [2], step: [137/1581], batch loss: 0.40199, batch accuracy: 84.38, data load time: 0.01099, step time: 0.01808,
epoch: [2], step: [437/1581], batch loss: 0.19397, batch accuracy: 96.88, data load time: 0.00671, step time: 0.01749,
epoch: [2], step: [737/1581], batch loss: 0.15766, batch accuracy: 96.88, data load time: 0.00195, step time: 0.02003,
epoch: [2], step: [1037/1581], batch loss: 0.14177, batch accuracy: 93.75, data load time: 0.00045, step time: 0.01360,
epoch: [2], step: [1337/1581], batch loss: 0.13412, batch accuracy: 93.75, data load time: 0.00313, step time: 0.02610,
epoch: [3], step: [56/1581], batch loss: 0.21912, batch accuracy: 90.62, data load time: 0.00403, step time: 0.01853,
epoch: [3], step: [356/1581], batch loss: 0.32606, batch accuracy: 90.62, data load time: 0.00040, step time: 0.01367,
epoch: [3], step: [656/1581], batch loss: 0.04509, batch accuracy: 100.00, data load time: 0.00246, step time: 0.01758,
epoch: [3], step: [956/1581], batch loss: 0.04661, batch accuracy: 100.00, data load time: 0.00942, step time: 0.01868,
epoch: [3], step: [1256/1581], batch loss: 0.49312, batch accuracy: 78.12, data load time: 0.00032, step time: 0.02594,
epoch: [3], step: [1556/1581], batch loss: 0.26172, batch accuracy: 87.50, data load time: 0.00014, step time: 0.01561,
epoch: [4], step: [275/1581], batch loss: 0.17045, batch accuracy: 93.75, data load time: 0.00033, step time: 0.01271,
epoch: [4], step: [575/1581], batch loss: 0.12355, batch accuracy: 96.88, data load time: 0.00046, step time: 0.02679,
epoch: [4], step: [875/1581], batch loss: 0.21048, batch accuracy: 90.62, data load time: 0.00373, step time: 0.01348,
epoch: [4], step: [1175/1581], batch loss: 0.22055, batch accuracy: 90.62, data load time: 0.00041, step time: 0.02290,
epoch: [4], step: [1475/1581], batch loss: 0.06329, batch accuracy: 100.00, data load time: 0.39665, step time: 0.01408,
validation loss: 1.20635, accuracy: 69.94, class_accuracy: [51.142857142857146, 90.2439024390244, 71.3256484149856, 66.3716814159292, 78.17337461300309, 54.643962848297214, 87.25490196078431, 90.64516129032258, 53.584229390681, 84.14285714285714]
epoch: [5], step: [194/1581], batch loss: 0.05631, batch accuracy: 100.00, data load time: 0.00032, step time: 0.01240,
epoch: [5], step: [494/1581], batch loss: 0.15241, batch accuracy: 96.88, data load time: 0.01256, step time: 0.01304,
epoch: [5], step: [794/1581], batch loss: 0.09869, batch accuracy: 96.88, data load time: 0.00533, step time: 0.01710,
epoch: [5], step: [1094/1581], batch loss: 0.28928, batch accuracy: 84.38, data load time: 0.00042, step time: 0.01543,
epoch: [5], step: [1394/1581], batch loss: 0.02125, batch accuracy: 100.00, data load time: 0.01642, step time: 0.02109,
epoch: [6], step: [113/1581], batch loss: 0.29141, batch accuracy: 84.38, data load time: 0.00693, step time: 0.01732,
epoch: [6], step: [413/1581], batch loss: 0.15987, batch accuracy: 93.75, data load time: 0.00035, step time: 0.01243,
epoch: [6], step: [713/1581], batch loss: 0.40039, batch accuracy: 84.38, data load time: 0.00047, step time: 0.02461,
epoch: [6], step: [1013/1581], batch loss: 0.07316, batch accuracy: 96.88, data load time: 0.00568, step time: 0.02514,
epoch: [6], step: [1313/1581], batch loss: 0.06682, batch accuracy: 96.88, data load time: 0.00176, step time: 0.01917,
epoch: [7], step: [32/1581], batch loss: 0.06425, batch accuracy: 96.88, data load time: 0.00969, step time: 0.01188,
epoch: [7], step: [332/1581], batch loss: 0.05966, batch accuracy: 96.88, data load time: 0.01343, step time: 0.01427,
epoch: [7], step: [632/1581], batch loss: 0.05791, batch accuracy: 100.00, data load time: 0.00046, step time: 0.01247,
epoch: [7], step: [932/1581], batch loss: 0.03430, batch accuracy: 100.00, data load time: 0.00667, step time: 0.01647,
epoch: [7], step: [1232/1581], batch loss: 0.07363, batch accuracy: 96.88, data load time: 0.00352, step time: 0.01655,
epoch: [7], step: [1532/1581], batch loss: 0.14197, batch accuracy: 93.75, data load time: 0.00019, step time: 0.01858,
epoch: [8], step: [251/1581], batch loss: 0.02607, batch accuracy: 100.00, data load time: 0.00402, step time: 0.01375,
epoch: [8], step: [551/1581], batch loss: 0.01419, batch accuracy: 100.00, data load time: 0.05479, step time: 0.01323,
epoch: [8], step: [851/1581], batch loss: 0.08676, batch accuracy: 96.88, data load time: 0.00105, step time: 0.02437,
epoch: [8], step: [1151/1581], batch loss: 0.19975, batch accuracy: 93.75, data load time: 0.00167, step time: 0.02414,
epoch: [8], step: [1451/1581], batch loss: 0.26725, batch accuracy: 93.75, data load time: 0.00362, step time: 0.01661,
epoch: [9], step: [170/1581], batch loss: 0.07434, batch accuracy: 93.75, data load time: 0.00054, step time: 0.03108,
epoch: [9], step: [470/1581], batch loss: 0.01550, batch accuracy: 100.00, data load time: 0.00407, step time: 0.01358,
epoch: [9], step: [770/1581], batch loss: 0.02883, batch accuracy: 100.00, data load time: 0.00036, step time: 0.01208,
epoch: [9], step: [1070/1581], batch loss: 0.04770, batch accuracy: 100.00, data load time: 0.01788, step time: 0.01804,
epoch: [9], step: [1370/1581], batch loss: 0.02817, batch accuracy: 100.00, data load time: 0.00382, step time: 0.02051,
validation loss: 1.73902, accuracy: 69.08, class_accuracy: [43.142857142857146, 92.07317073170732, 84.5821325648415, 63.1858407079646, 70.27863777089783, 50.154798761609904, 92.15686274509804, 91.12903225806451, 51.61290322580645, 86.42857142857143]
epoch: [10], step: [89/1581], batch loss: 0.17318, batch accuracy: 93.75, data load time: 0.24602, step time: 0.01221,
epoch: [10], step: [389/1581], batch loss: 0.06580, batch accuracy: 96.88, data load time: 0.00665, step time: 0.01688,
epoch: [10], step: [689/1581], batch loss: 0.08973, batch accuracy: 96.88, data load time: 0.17667, step time: 0.01233,
epoch: [10], step: [989/1581], batch loss: 0.03676, batch accuracy: 96.88, data load time: 0.00181, step time: 0.01323,
epoch: [10], step: [1289/1581], batch loss: 0.10212, batch accuracy: 96.88, data load time: 0.00536, step time: 0.01282,
epoch: [11], step: [8/1581], batch loss: 0.12278, batch accuracy: 96.88, data load time: 0.00065, step time: 0.02674,
epoch: [11], step: [308/1581], batch loss: 0.12007, batch accuracy: 93.75, data load time: 0.00062, step time: 0.02585,
epoch: [11], step: [608/1581], batch loss: 0.14024, batch accuracy: 96.88, data load time: 0.00757, step time: 0.02146,
epoch: [11], step: [908/1581], batch loss: 0.05859, batch accuracy: 100.00, data load time: 0.00031, step time: 0.01265,
epoch: [11], step: [1208/1581], batch loss: 0.07474, batch accuracy: 100.00, data load time: 0.00182, step time: 0.02632,
epoch: [11], step: [1508/1581], batch loss: 0.15223, batch accuracy: 93.75, data load time: 0.00038, step time: 0.02906,
epoch: [12], step: [227/1581], batch loss: 0.08800, batch accuracy: 96.88, data load time: 0.00032, step time: 0.01345,
epoch: [12], step: [527/1581], batch loss: 0.26620, batch accuracy: 90.62, data load time: 0.00027, step time: 0.02303,
epoch: [12], step: [827/1581], batch loss: 0.08930, batch accuracy: 96.88, data load time: 0.01149, step time: 0.01397,
epoch: [12], step: [1127/1581], batch loss: 0.06201, batch accuracy: 96.88, data load time: 0.00661, step time: 0.01372,
epoch: [12], step: [1427/1581], batch loss: 0.10070, batch accuracy: 93.75, data load time: 0.00212, step time: 0.02523,
epoch: [13], step: [146/1581], batch loss: 0.09645, batch accuracy: 96.88, data load time: 0.00029, step time: 0.02182,
epoch: [13], step: [446/1581], batch loss: 0.01905, batch accuracy: 100.00, data load time: 0.01006, step time: 0.01292,
epoch: [13], step: [746/1581], batch loss: 0.11555, batch accuracy: 93.75, data load time: 0.00396, step time: 0.02657,
epoch: [13], step: [1046/1581], batch loss: 0.02552, batch accuracy: 100.00, data load time: 0.00353, step time: 0.01641,
epoch: [13], step: [1346/1581], batch loss: 0.05944, batch accuracy: 96.88, data load time: 0.00034, step time: 0.01142,
epoch: [14], step: [65/1581], batch loss: 0.14887, batch accuracy: 93.75, data load time: 0.00592, step time: 0.02045,
epoch: [14], step: [365/1581], batch loss: 0.02242, batch accuracy: 100.00, data load time: 0.00673, step time: 0.01585,
epoch: [14], step: [665/1581], batch loss: 0.00892, batch accuracy: 100.00, data load time: 0.00333, step time: 0.01810,
epoch: [14], step: [965/1581], batch loss: 0.04202, batch accuracy: 100.00, data load time: 0.02438, step time: 0.01795,
epoch: [14], step: [1265/1581], batch loss: 0.00493, batch accuracy: 100.00, data load time: 0.01254, step time: 0.01358,
epoch: [14], step: [1565/1581], batch loss: 0.20844, batch accuracy: 90.62, data load time: 0.00014, step time: 0.01248,
validation loss: 1.66090, accuracy: 69.71, class_accuracy: [49.857142857142854, 89.02439024390245, 79.2507204610951, 72.7433628318584, 68.57585139318886, 50.46439628482972, 98.03921568627452, 92.90322580645162, 53.584229390681, 80.14285714285714]
epoch: [15], step: [284/1581], batch loss: 0.01906, batch accuracy: 100.00, data load time: 0.00475, step time: 0.01662,
epoch: [15], step: [584/1581], batch loss: 0.05035, batch accuracy: 96.88, data load time: 0.00030, step time: 0.02706,
epoch: [15], step: [884/1581], batch loss: 0.08993, batch accuracy: 96.88, data load time: 0.00034, step time: 0.01255,
epoch: [15], step: [1184/1581], batch loss: 0.03506, batch accuracy: 100.00, data load time: 0.01126, step time: 0.01290,
epoch: [15], step: [1484/1581], batch loss: 0.08954, batch accuracy: 96.88, data load time: 0.00657, step time: 0.01579,
epoch: [16], step: [203/1581], batch loss: 0.01289, batch accuracy: 100.00, data load time: 0.13109, step time: 0.01268,
epoch: [16], step: [503/1581], batch loss: 0.00443, batch accuracy: 100.00, data load time: 0.00037, step time: 0.01132,
epoch: [16], step: [803/1581], batch loss: 0.01511, batch accuracy: 100.00, data load time: 0.00091, step time: 0.01542,
epoch: [16], step: [1103/1581], batch loss: 0.01349, batch accuracy: 100.00, data load time: 0.00353, step time: 0.01539,
epoch: [16], step: [1403/1581], batch loss: 0.00197, batch accuracy: 100.00, data load time: 0.00038, step time: 0.03176,
epoch: [17], step: [122/1581], batch loss: 0.00532, batch accuracy: 100.00, data load time: 0.22648, step time: 0.02953,
epoch: [17], step: [422/1581], batch loss: 0.03499, batch accuracy: 100.00, data load time: 0.00227, step time: 0.01829,
epoch: [17], step: [722/1581], batch loss: 0.17757, batch accuracy: 93.75, data load time: 0.00034, step time: 0.02261,
epoch: [17], step: [1022/1581], batch loss: 0.08034, batch accuracy: 96.88, data load time: 0.00038, step time: 0.01294,
epoch: [17], step: [1322/1581], batch loss: 0.05062, batch accuracy: 93.75, data load time: 0.00110, step time: 0.01588,
epoch: [18], step: [41/1581], batch loss: 0.03940, batch accuracy: 100.00, data load time: 0.00028, step time: 0.03441,
epoch: [18], step: [341/1581], batch loss: 0.09754, batch accuracy: 93.75, data load time: 0.00069, step time: 0.01185,
epoch: [18], step: [641/1581], batch loss: 0.01752, batch accuracy: 100.00, data load time: 0.01001, step time: 0.01278,
epoch: [18], step: [941/1581], batch loss: 0.01599, batch accuracy: 100.00, data load time: 0.00802, step time: 0.01644,
epoch: [18], step: [1241/1581], batch loss: 0.01634, batch accuracy: 100.00, data load time: 0.00034, step time: 0.01307,
epoch: [18], step: [1541/1581], batch loss: 0.07662, batch accuracy: 96.88, data load time: 0.00018, step time: 0.02024,
epoch: [19], step: [260/1581], batch loss: 0.01611, batch accuracy: 100.00, data load time: 0.00926, step time: 0.03347,
epoch: [19], step: [560/1581], batch loss: 0.01200, batch accuracy: 100.00, data load time: 0.00565, step time: 0.02015,
epoch: [19], step: [860/1581], batch loss: 0.03402, batch accuracy: 96.88, data load time: 0.00030, step time: 0.03433,
epoch: [19], step: [1160/1581], batch loss: 0.00281, batch accuracy: 100.00, data load time: 0.01821, step time: 0.01239,
epoch: [19], step: [1460/1581], batch loss: 0.00378, batch accuracy: 100.00, data load time: 0.01746, step time: 0.01863,
validation loss: 1.67454, accuracy: 71.36, class_accuracy: [48.714285714285715, 92.6829268292683, 84.5821325648415, 74.86725663716814, 72.75541795665634, 49.690402476780186, 86.27450980392157, 95.3225806451613, 52.1505376344086, 83.71428571428571]
epoch: [20], step: [179/1581], batch loss: 0.08402, batch accuracy: 93.75, data load time: 0.00362, step time: 0.01636,
epoch: [20], step: [479/1581], batch loss: 0.00153, batch accuracy: 100.00, data load time: 0.00045, step time: 0.01361,
epoch: [20], step: [779/1581], batch loss: 0.02379, batch accuracy: 100.00, data load time: 0.00035, step time: 0.01485,
epoch: [20], step: [1079/1581], batch loss: 0.15113, batch accuracy: 96.88, data load time: 0.00065, step time: 0.02221,
epoch: [20], step: [1379/1581], batch loss: 0.11871, batch accuracy: 93.75, data load time: 0.01504, step time: 0.01282,
epoch: [21], step: [98/1581], batch loss: 0.05156, batch accuracy: 96.88, data load time: 0.00049, step time: 0.01959,
epoch: [21], step: [398/1581], batch loss: 0.02476, batch accuracy: 96.88, data load time: 0.00347, step time: 0.01622,
epoch: [21], step: [698/1581], batch loss: 0.05993, batch accuracy: 96.88, data load time: 0.00893, step time: 0.02110,
epoch: [21], step: [998/1581], batch loss: 0.00944, batch accuracy: 100.00, data load time: 0.00720, step time: 0.01304,
epoch: [21], step: [1298/1581], batch loss: 0.06874, batch accuracy: 96.88, data load time: 0.00030, step time: 0.01308,
epoch: [22], step: [17/1581], batch loss: 0.09357, batch accuracy: 96.88, data load time: 0.00616, step time: 0.01425,
epoch: [22], step: [317/1581], batch loss: 0.05667, batch accuracy: 93.75, data load time: 0.00105, step time: 0.01616,
epoch: [22], step: [617/1581], batch loss: 0.02788, batch accuracy: 100.00, data load time: 0.00375, step time: 0.01820,
epoch: [22], step: [917/1581], batch loss: 0.03403, batch accuracy: 100.00, data load time: 0.00038, step time: 0.01614,
epoch: [22], step: [1217/1581], batch loss: 0.05483, batch accuracy: 96.88, data load time: 0.01244, step time: 0.01317,
epoch: [22], step: [1517/1581], batch loss: 0.00059, batch accuracy: 100.00, data load time: 0.00410, step time: 0.01386,
epoch: [23], step: [236/1581], batch loss: 0.01809, batch accuracy: 100.00, data load time: 0.00681, step time: 0.01346,
epoch: [23], step: [536/1581], batch loss: 0.00847, batch accuracy: 100.00, data load time: 0.00201, step time: 0.01341,
epoch: [23], step: [836/1581], batch loss: 0.30847, batch accuracy: 93.75, data load time: 0.00662, step time: 0.01582,
epoch: [23], step: [1136/1581], batch loss: 0.00605, batch accuracy: 100.00, data load time: 0.00037, step time: 0.02113,
epoch: [23], step: [1436/1581], batch loss: 0.01714, batch accuracy: 100.00, data load time: 0.00588, step time: 0.01848,
epoch: [24], step: [155/1581], batch loss: 0.10431, batch accuracy: 96.88, data load time: 0.00036, step time: 0.02062,
epoch: [24], step: [455/1581], batch loss: 0.00500, batch accuracy: 100.00, data load time: 0.00653, step time: 0.01345,
epoch: [24], step: [755/1581], batch loss: 0.00989, batch accuracy: 100.00, data load time: 0.00318, step time: 0.01588,
epoch: [24], step: [1055/1581], batch loss: 0.09152, batch accuracy: 96.88, data load time: 0.01751, step time: 0.02116,
epoch: [24], step: [1355/1581], batch loss: 0.00076, batch accuracy: 100.00, data load time: 0.00442, step time: 0.01445,
validation loss: 1.66551, accuracy: 71.07, class_accuracy: [49.0, 87.1951219512195, 77.95389048991355, 77.34513274336283, 73.21981424148606, 53.250773993808046, 95.09803921568627, 90.48387096774194, 54.659498207885306, 84.28571428571429]
epoch: [25], step: [74/1581], batch loss: 0.23348, batch accuracy: 90.62, data load time: 0.00235, step time: 0.02986,
epoch: [25], step: [374/1581], batch loss: 0.02661, batch accuracy: 100.00, data load time: 0.00244, step time: 0.02161,
epoch: [25], step: [674/1581], batch loss: 0.09420, batch accuracy: 93.75, data load time: 0.00037, step time: 0.02157,
epoch: [25], step: [974/1581], batch loss: 0.02058, batch accuracy: 100.00, data load time: 0.00034, step time: 0.01313,
epoch: [25], step: [1274/1581], batch loss: 0.00190, batch accuracy: 100.00, data load time: 0.00032, step time: 0.01637,
epoch: [25], step: [1574/1581], batch loss: 0.03687, batch accuracy: 96.88, data load time: 0.00017, step time: 0.01020,
epoch: [26], step: [293/1581], batch loss: 0.00515, batch accuracy: 100.00, data load time: 0.00612, step time: 0.01475,
epoch: [26], step: [593/1581], batch loss: 0.00747, batch accuracy: 100.00, data load time: 0.00047, step time: 0.01390,
epoch: [26], step: [893/1581], batch loss: 0.00220, batch accuracy: 100.00, data load time: 0.00844, step time: 0.03275,
epoch: [26], step: [1193/1581], batch loss: 0.00523, batch accuracy: 100.00, data load time: 0.00174, step time: 0.02583,
epoch: [26], step: [1493/1581], batch loss: 0.00076, batch accuracy: 100.00, data load time: 0.00035, step time: 0.01275,
epoch: [27], step: [212/1581], batch loss: 0.07668, batch accuracy: 96.88, data load time: 0.00050, step time: 0.02125,
epoch: [27], step: [512/1581], batch loss: 0.00235, batch accuracy: 100.00, data load time: 0.00365, step time: 0.01649,
epoch: [27], step: [812/1581], batch loss: 0.00140, batch accuracy: 100.00, data load time: 0.00168, step time: 0.01614,
epoch: [27], step: [1112/1581], batch loss: 0.01050, batch accuracy: 100.00, data load time: 0.00036, step time: 0.01775,
epoch: [27], step: [1412/1581], batch loss: 0.01588, batch accuracy: 100.00, data load time: 0.00081, step time: 0.01554,
epoch: [28], step: [131/1581], batch loss: 0.01029, batch accuracy: 100.00, data load time: 0.00028, step time: 0.01864,
epoch: [28], step: [431/1581], batch loss: 0.00249, batch accuracy: 100.00, data load time: 0.00037, step time: 0.03329,
epoch: [28], step: [731/1581], batch loss: 0.07633, batch accuracy: 96.88, data load time: 0.01320, step time: 0.01200,
epoch: [28], step: [1031/1581], batch loss: 0.00198, batch accuracy: 100.00, data load time: 0.00347, step time: 0.02600,
epoch: [28], step: [1331/1581], batch loss: 0.00111, batch accuracy: 100.00, data load time: 0.00667, step time: 0.01795,
epoch: [29], step: [50/1581], batch loss: 0.04147, batch accuracy: 96.88, data load time: 0.00637, step time: 0.01395,
epoch: [29], step: [350/1581], batch loss: 0.00352, batch accuracy: 100.00, data load time: 0.00499, step time: 0.02284,
epoch: [29], step: [650/1581], batch loss: 0.02075, batch accuracy: 100.00, data load time: 0.00572, step time: 0.01993,
epoch: [29], step: [950/1581], batch loss: 0.01469, batch accuracy: 100.00, data load time: 0.02529, step time: 0.02141,
epoch: [29], step: [1250/1581], batch loss: 0.05002, batch accuracy: 100.00, data load time: 0.59357, step time: 0.01282,
epoch: [29], step: [1550/1581], batch loss: 0.00160, batch accuracy: 100.00, data load time: 0.00015, step time: 0.01324,
validation loss: 1.77722, accuracy: 70.36, class_accuracy: [49.285714285714285, 93.29268292682927, 78.96253602305475, 74.15929203539822, 75.85139318885449, 49.845201238390096, 96.07843137254902, 87.41935483870968, 44.80286738351254, 89.85714285714286]
epoch: [30], step: [269/1581], batch loss: 0.16398, batch accuracy: 96.88, data load time: 0.01760, step time: 0.01823,
epoch: [30], step: [569/1581], batch loss: 0.09893, batch accuracy: 96.88, data load time: 0.00034, step time: 0.01266,
epoch: [30], step: [869/1581], batch loss: 0.00280, batch accuracy: 100.00, data load time: 0.00104, step time: 0.02623,
epoch: [30], step: [1169/1581], batch loss: 0.01100, batch accuracy: 100.00, data load time: 0.01372, step time: 0.01807,
epoch: [30], step: [1469/1581], batch loss: 0.02856, batch accuracy: 100.00, data load time: 0.00724, step time: 0.02865,
epoch: [31], step: [188/1581], batch loss: 0.00362, batch accuracy: 100.00, data load time: 0.00812, step time: 0.01920,
epoch: [31], step: [488/1581], batch loss: 0.48627, batch accuracy: 96.88, data load time: 0.00176, step time: 0.01744,
epoch: [31], step: [788/1581], batch loss: 0.00063, batch accuracy: 100.00, data load time: 0.00035, step time: 0.02245,
epoch: [31], step: [1088/1581], batch loss: 0.00136, batch accuracy: 100.00, data load time: 0.00516, step time: 0.01499,
epoch: [31], step: [1388/1581], batch loss: 0.02071, batch accuracy: 100.00, data load time: 0.00874, step time: 0.02136,
epoch: [32], step: [107/1581], batch loss: 0.00708, batch accuracy: 100.00, data load time: 0.00028, step time: 0.02331,
epoch: [32], step: [407/1581], batch loss: 0.08447, batch accuracy: 96.88, data load time: 0.00030, step time: 0.01265,
epoch: [32], step: [707/1581], batch loss: 0.01547, batch accuracy: 100.00, data load time: 0.00406, step time: 0.01679,
epoch: [32], step: [1007/1581], batch loss: 0.00017, batch accuracy: 100.00, data load time: 0.00666, step time: 0.01783,
epoch: [32], step: [1307/1581], batch loss: 0.02360, batch accuracy: 96.88, data load time: 0.00571, step time: 0.03344,
epoch: [33], step: [26/1581], batch loss: 0.00397, batch accuracy: 100.00, data load time: 0.00046, step time: 0.02412,
epoch: [33], step: [326/1581], batch loss: 0.00276, batch accuracy: 100.00, data load time: 0.00035, step time: 0.02204,
epoch: [33], step: [626/1581], batch loss: 0.00154, batch accuracy: 100.00, data load time: 0.01273, step time: 0.02281,
epoch: [33], step: [926/1581], batch loss: 0.00835, batch accuracy: 100.00, data load time: 0.00640, step time: 0.01557,
epoch: [33], step: [1226/1581], batch loss: 0.13120, batch accuracy: 96.88, data load time: 0.49109, step time: 0.01421,
epoch: [33], step: [1526/1581], batch loss: 0.01927, batch accuracy: 100.00, data load time: 0.00018, step time: 0.01474,
epoch: [34], step: [245/1581], batch loss: 0.00567, batch accuracy: 100.00, data load time: 0.00032, step time: 0.02802,
epoch: [34], step: [545/1581], batch loss: 0.00016, batch accuracy: 100.00, data load time: 0.00031, step time: 0.02487,
epoch: [34], step: [845/1581], batch loss: 0.00544, batch accuracy: 100.00, data load time: 0.00838, step time: 0.02206,
epoch: [34], step: [1145/1581], batch loss: 0.13757, batch accuracy: 96.88, data load time: 0.00033, step time: 0.01811,
epoch: [34], step: [1445/1581], batch loss: 0.06752, batch accuracy: 96.88, data load time: 0.00121, step time: 0.01305,
validation loss: 1.68994, accuracy: 70.68, class_accuracy: [48.57142857142857, 85.97560975609755, 78.81844380403459, 73.45132743362832, 73.83900928792569, 60.526315789473685, 97.05882352941177, 88.2258064516129, 49.82078853046595, 82.57142857142857]
epoch: [35], step: [164/1581], batch loss: 0.00658, batch accuracy: 100.00, data load time: 0.00374, step time: 0.02081,
epoch: [35], step: [464/1581], batch loss: 0.07004, batch accuracy: 96.88, data load time: 0.01460, step time: 0.02562,
epoch: [35], step: [764/1581], batch loss: 0.62945, batch accuracy: 90.62, data load time: 0.00127, step time: 0.01353,
epoch: [35], step: [1064/1581], batch loss: 0.01178, batch accuracy: 100.00, data load time: 0.00062, step time: 0.02539,
epoch: [35], step: [1364/1581], batch loss: 0.06151, batch accuracy: 96.88, data load time: 0.21255, step time: 0.01364,
epoch: [36], step: [83/1581], batch loss: 0.00356, batch accuracy: 100.00, data load time: 0.00038, step time: 0.01256,
epoch: [36], step: [383/1581], batch loss: 0.11863, batch accuracy: 96.88, data load time: 0.00484, step time: 0.01248,
epoch: [36], step: [683/1581], batch loss: 0.00151, batch accuracy: 100.00, data load time: 0.00047, step time: 0.01289,
epoch: [36], step: [983/1581], batch loss: 0.01006, batch accuracy: 100.00, data load time: 0.00492, step time: 0.01252,
epoch: [36], step: [1283/1581], batch loss: 0.01273, batch accuracy: 100.00, data load time: 0.00032, step time: 0.01471,
epoch: [37], step: [2/1581], batch loss: 0.07252, batch accuracy: 96.88, data load time: 0.07122, step time: 0.01399,
epoch: [37], step: [302/1581], batch loss: 0.00653, batch accuracy: 100.00, data load time: 0.00030, step time: 0.01293,
epoch: [37], step: [602/1581], batch loss: 0.00810, batch accuracy: 100.00, data load time: 0.00358, step time: 0.01300,
epoch: [37], step: [902/1581], batch loss: 0.00034, batch accuracy: 100.00, data load time: 0.00048, step time: 0.01297,
epoch: [37], step: [1202/1581], batch loss: 0.11200, batch accuracy: 96.88, data load time: 0.00044, step time: 0.01252,
epoch: [37], step: [1502/1581], batch loss: 0.00034, batch accuracy: 100.00, data load time: 0.38939, step time: 0.01440,
epoch: [38], step: [221/1581], batch loss: 0.01815, batch accuracy: 100.00, data load time: 0.01745, step time: 0.02601,
epoch: [38], step: [521/1581], batch loss: 0.07163, batch accuracy: 96.88, data load time: 0.01011, step time: 0.01246,
epoch: [38], step: [821/1581], batch loss: 0.01798, batch accuracy: 100.00, data load time: 0.00048, step time: 0.01260,
epoch: [38], step: [1121/1581], batch loss: 0.00033, batch accuracy: 100.00, data load time: 0.00037, step time: 0.01243,
epoch: [38], step: [1421/1581], batch loss: 0.05016, batch accuracy: 96.88, data load time: 0.01818, step time: 0.02985,
epoch: [39], step: [140/1581], batch loss: 0.04785, batch accuracy: 96.88, data load time: 0.00216, step time: 0.02816,
epoch: [39], step: [440/1581], batch loss: 0.20882, batch accuracy: 93.75, data load time: 0.00439, step time: 0.01332,
epoch: [39], step: [740/1581], batch loss: 0.00244, batch accuracy: 100.00, data load time: 0.00264, step time: 0.02600,
epoch: [39], step: [1040/1581], batch loss: 0.00407, batch accuracy: 100.00, data load time: 0.01466, step time: 0.01638,
epoch: [39], step: [1340/1581], batch loss: 0.00220, batch accuracy: 100.00, data load time: 0.00075, step time: 0.02727,
validation loss: 1.59189, accuracy: 71.68, class_accuracy: [51.42857142857143, 89.02439024390245, 83.71757925072046, 69.02654867256638, 76.93498452012383, 51.083591331269346, 94.11764705882354, 94.83870967741936, 53.04659498207885, 83.28571428571429]
epoch: [40], step: [59/1581], batch loss: 0.01202, batch accuracy: 100.00, data load time: 0.00044, step time: 0.02774,
epoch: [40], step: [359/1581], batch loss: 0.00212, batch accuracy: 100.00, data load time: 0.00550, step time: 0.01396,
epoch: [40], step: [659/1581], batch loss: 0.04201, batch accuracy: 96.88, data load time: 0.16354, step time: 0.01306,
epoch: [40], step: [959/1581], batch loss: 0.00550, batch accuracy: 100.00, data load time: 0.00036, step time: 0.01800,
epoch: [40], step: [1259/1581], batch loss: 0.16170, batch accuracy: 96.88, data load time: 0.00311, step time: 0.02595,
epoch: [40], step: [1559/1581], batch loss: 0.01407, batch accuracy: 100.00, data load time: 0.00027, step time: 0.01072,
epoch: [41], step: [278/1581], batch loss: 0.22140, batch accuracy: 93.75, data load time: 0.00218, step time: 0.02579,
epoch: [41], step: [578/1581], batch loss: 0.07179, batch accuracy: 93.75, data load time: 0.00370, step time: 0.01677,
epoch: [41], step: [878/1581], batch loss: 0.06614, batch accuracy: 93.75, data load time: 0.00185, step time: 0.01634,
epoch: [41], step: [1178/1581], batch loss: 0.03851, batch accuracy: 96.88, data load time: 0.00028, step time: 0.02603,
epoch: [41], step: [1478/1581], batch loss: 0.04672, batch accuracy: 96.88, data load time: 0.01287, step time: 0.01333,
epoch: [42], step: [197/1581], batch loss: 0.00177, batch accuracy: 100.00, data load time: 0.01028, step time: 0.01323,
epoch: [42], step: [497/1581], batch loss: 0.02570, batch accuracy: 96.88, data load time: 0.00029, step time: 0.02457,
epoch: [42], step: [797/1581], batch loss: 0.08313, batch accuracy: 96.88, data load time: 0.00032, step time: 0.01770,
epoch: [42], step: [1097/1581], batch loss: 0.00070, batch accuracy: 100.00, data load time: 0.01089, step time: 0.01304,
epoch: [42], step: [1397/1581], batch loss: 0.04192, batch accuracy: 96.88, data load time: 0.00418, step time: 0.01695,
epoch: [43], step: [116/1581], batch loss: 0.02085, batch accuracy: 100.00, data load time: 0.01790, step time: 0.01569,
epoch: [43], step: [416/1581], batch loss: 0.00162, batch accuracy: 100.00, data load time: 0.02947, step time: 0.01406,
epoch: [43], step: [716/1581], batch loss: 0.00376, batch accuracy: 100.00, data load time: 0.01302, step time: 0.01255,
epoch: [43], step: [1016/1581], batch loss: 0.00067, batch accuracy: 100.00, data load time: 0.00029, step time: 0.01900,
epoch: [43], step: [1316/1581], batch loss: 0.06659, batch accuracy: 96.88, data load time: 0.00885, step time: 0.02876,
epoch: [44], step: [35/1581], batch loss: 0.00332, batch accuracy: 100.00, data load time: 0.00545, step time: 0.01568,
epoch: [44], step: [335/1581], batch loss: 0.02705, batch accuracy: 100.00, data load time: 0.00243, step time: 0.02632,
epoch: [44], step: [635/1581], batch loss: 0.00306, batch accuracy: 100.00, data load time: 0.00489, step time: 0.01681,
epoch: [44], step: [935/1581], batch loss: 0.00372, batch accuracy: 100.00, data load time: 0.00056, step time: 0.02628,
epoch: [44], step: [1235/1581], batch loss: 0.05098, batch accuracy: 96.88, data load time: 0.00101, step time: 0.02637,
epoch: [44], step: [1535/1581], batch loss: 0.00041, batch accuracy: 100.00, data load time: 0.00019, step time: 0.01235,
validation loss: 1.59736, accuracy: 69.95, class_accuracy: [46.42857142857143, 87.1951219512195, 78.6743515850144, 75.22123893805309, 74.92260061919505, 54.024767801857585, 92.15686274509804, 91.93548387096774, 48.2078853046595, 81.28571428571429]
epoch: [45], step: [254/1581], batch loss: 0.00679, batch accuracy: 100.00, data load time: 0.01089, step time: 0.02246,
epoch: [45], step: [554/1581], batch loss: 0.00047, batch accuracy: 100.00, data load time: 0.00487, step time: 0.02795,
epoch: [45], step: [854/1581], batch loss: 0.00116, batch accuracy: 100.00, data load time: 0.00632, step time: 0.01282,
epoch: [45], step: [1154/1581], batch loss: 0.10725, batch accuracy: 96.88, data load time: 0.00026, step time: 0.01953,
epoch: [45], step: [1454/1581], batch loss: 0.00477, batch accuracy: 100.00, data load time: 0.18868, step time: 0.01236,
epoch: [46], step: [173/1581], batch loss: 0.00015, batch accuracy: 100.00, data load time: 0.00357, step time: 0.01705,
epoch: [46], step: [473/1581], batch loss: 0.02462, batch accuracy: 100.00, data load time: 0.00549, step time: 0.02244,
epoch: [46], step: [773/1581], batch loss: 0.00318, batch accuracy: 100.00, data load time: 0.00128, step time: 0.01566,
epoch: [46], step: [1073/1581], batch loss: 0.00742, batch accuracy: 100.00, data load time: 0.00380, step time: 0.04339,
epoch: [46], step: [1373/1581], batch loss: 0.01261, batch accuracy: 100.00, data load time: 0.00395, step time: 0.01760,
epoch: [47], step: [92/1581], batch loss: 0.00101, batch accuracy: 100.00, data load time: 0.00124, step time: 0.02934,
epoch: [47], step: [392/1581], batch loss: 0.00041, batch accuracy: 100.00, data load time: 0.00825, step time: 0.03016,
epoch: [47], step: [692/1581], batch loss: 0.00366, batch accuracy: 100.00, data load time: 0.00946, step time: 0.02809,
epoch: [47], step: [992/1581], batch loss: 0.00037, batch accuracy: 100.00, data load time: 0.00460, step time: 0.01684,
epoch: [47], step: [1292/1581], batch loss: 0.07570, batch accuracy: 96.88, data load time: 0.00052, step time: 0.01302,
epoch: [48], step: [11/1581], batch loss: 0.00288, batch accuracy: 100.00, data load time: 0.00173, step time: 0.01520,
epoch: [48], step: [311/1581], batch loss: 0.02513, batch accuracy: 100.00, data load time: 0.00201, step time: 0.01667,
epoch: [48], step: [611/1581], batch loss: 0.00515, batch accuracy: 100.00, data load time: 0.00037, step time: 0.01353,
epoch: [48], step: [911/1581], batch loss: 0.01308, batch accuracy: 100.00, data load time: 0.00083, step time: 0.01919,
epoch: [48], step: [1211/1581], batch loss: 0.00119, batch accuracy: 100.00, data load time: 0.01302, step time: 0.01180,
epoch: [48], step: [1511/1581], batch loss: 0.01444, batch accuracy: 100.00, data load time: 0.00353, step time: 0.01314,
epoch: [49], step: [230/1581], batch loss: 0.00780, batch accuracy: 100.00, data load time: 0.01869, step time: 0.02529,
epoch: [49], step: [530/1581], batch loss: 0.05151, batch accuracy: 96.88, data load time: 0.00029, step time: 0.01548,
epoch: [49], step: [830/1581], batch loss: 0.00694, batch accuracy: 100.00, data load time: 0.00856, step time: 0.02919,
epoch: [49], step: [1130/1581], batch loss: 0.00634, batch accuracy: 100.00, data load time: 0.00771, step time: 0.02592,
epoch: [49], step: [1430/1581], batch loss: 0.03670, batch accuracy: 100.00, data load time: 0.00307, step time: 0.01625,
validation loss: 1.59266, accuracy: 69.21, class_accuracy: [41.57142857142857, 85.36585365853658, 83.57348703170028, 72.92035398230088, 76.0061919504644, 56.037151702786375, 96.07843137254902, 85.80645161290323, 46.0573476702509, 81.57142857142857]
Total time taken: 2875.169478416443
