Using CUDA...
Writing logs to logs/CNN_bn_epochs=50_dropout=0.5_bs=32_optim=SGD_decay=0.003_lr=0.001_momentum=0.9_mode=LMC_run_0
epoch: [0], step: [299/1581], batch loss: 1.86731, batch accuracy: 25.00, data load time: 0.00067, step time: 0.01336,
epoch: [0], step: [599/1581], batch loss: 2.13100, batch accuracy: 25.00, data load time: 0.00196, step time: 0.01297,
epoch: [0], step: [899/1581], batch loss: 1.80299, batch accuracy: 40.62, data load time: 0.00023, step time: 0.01041,
epoch: [0], step: [1199/1581], batch loss: 1.57144, batch accuracy: 37.50, data load time: 0.00025, step time: 0.01046,
epoch: [0], step: [1499/1581], batch loss: 1.71553, batch accuracy: 43.75, data load time: 0.00346, step time: 0.00954,
epoch: [1], step: [218/1581], batch loss: 1.77188, batch accuracy: 40.62, data load time: 0.00351, step time: 0.01002,
epoch: [1], step: [518/1581], batch loss: 1.44389, batch accuracy: 34.38, data load time: 0.00314, step time: 0.01039,
epoch: [1], step: [818/1581], batch loss: 1.60323, batch accuracy: 31.25, data load time: 0.00250, step time: 0.01175,
epoch: [1], step: [1118/1581], batch loss: 0.92105, batch accuracy: 65.62, data load time: 0.00305, step time: 0.01017,
epoch: [1], step: [1418/1581], batch loss: 1.26732, batch accuracy: 59.38, data load time: 0.00026, step time: 0.01057,
epoch: [2], step: [137/1581], batch loss: 1.34511, batch accuracy: 46.88, data load time: 0.00023, step time: 0.00975,
epoch: [2], step: [437/1581], batch loss: 0.94999, batch accuracy: 56.25, data load time: 0.00402, step time: 0.00960,
epoch: [2], step: [737/1581], batch loss: 0.93864, batch accuracy: 56.25, data load time: 0.00028, step time: 0.00879,
epoch: [2], step: [1037/1581], batch loss: 1.39072, batch accuracy: 53.12, data load time: 0.00024, step time: 0.00853,
epoch: [2], step: [1337/1581], batch loss: 0.93997, batch accuracy: 62.50, data load time: 0.00164, step time: 0.01144,
epoch: [3], step: [56/1581], batch loss: 1.14973, batch accuracy: 62.50, data load time: 0.00050, step time: 0.01011,
epoch: [3], step: [356/1581], batch loss: 0.78440, batch accuracy: 62.50, data load time: 0.00283, step time: 0.01053,
epoch: [3], step: [656/1581], batch loss: 0.66524, batch accuracy: 71.88, data load time: 0.00026, step time: 0.01316,
epoch: [3], step: [956/1581], batch loss: 1.13503, batch accuracy: 62.50, data load time: 0.00208, step time: 0.01050,
epoch: [3], step: [1256/1581], batch loss: 0.92427, batch accuracy: 68.75, data load time: 0.00027, step time: 0.00893,
epoch: [3], step: [1556/1581], batch loss: 0.65386, batch accuracy: 84.38, data load time: 0.00013, step time: 0.00755,
epoch: [4], step: [275/1581], batch loss: 0.70692, batch accuracy: 78.12, data load time: 0.00310, step time: 0.01049,
epoch: [4], step: [575/1581], batch loss: 1.02726, batch accuracy: 62.50, data load time: 0.00026, step time: 0.01097,
epoch: [4], step: [875/1581], batch loss: 0.93545, batch accuracy: 75.00, data load time: 0.00026, step time: 0.01137,
epoch: [4], step: [1175/1581], batch loss: 0.87351, batch accuracy: 68.75, data load time: 0.00024, step time: 0.01559,
epoch: [4], step: [1475/1581], batch loss: 0.88074, batch accuracy: 71.88, data load time: 0.00030, step time: 0.01045,
validation loss: 1.02598, accuracy: 65.81, class_accuracy: [69.49152542372882, 92.10526315789474, 69.23076923076923, 57.52212389380531, 73.72881355932203, 61.46788990825688, 100.0, 81.41592920353982, 53.06122448979592, 39.83050847457627]
epoch: [5], step: [194/1581], batch loss: 0.89314, batch accuracy: 62.50, data load time: 0.00031, step time: 0.00872,
epoch: [5], step: [494/1581], batch loss: 0.85346, batch accuracy: 65.62, data load time: 0.00024, step time: 0.00937,
epoch: [5], step: [794/1581], batch loss: 1.00527, batch accuracy: 53.12, data load time: 0.00028, step time: 0.00873,
epoch: [5], step: [1094/1581], batch loss: 1.33818, batch accuracy: 68.75, data load time: 0.00027, step time: 0.00989,
epoch: [5], step: [1394/1581], batch loss: 0.97718, batch accuracy: 68.75, data load time: 0.00027, step time: 0.00860,
epoch: [6], step: [113/1581], batch loss: 1.02698, batch accuracy: 59.38, data load time: 0.00360, step time: 0.00966,
epoch: [6], step: [413/1581], batch loss: 0.86304, batch accuracy: 68.75, data load time: 0.00025, step time: 0.01134,
epoch: [6], step: [713/1581], batch loss: 0.42475, batch accuracy: 84.38, data load time: 0.00024, step time: 0.00864,
epoch: [6], step: [1013/1581], batch loss: 0.73612, batch accuracy: 65.62, data load time: 0.00369, step time: 0.00926,
epoch: [6], step: [1313/1581], batch loss: 0.61582, batch accuracy: 75.00, data load time: 0.00025, step time: 0.01211,
epoch: [7], step: [32/1581], batch loss: 0.52202, batch accuracy: 81.25, data load time: 0.00019, step time: 0.00835,
epoch: [7], step: [332/1581], batch loss: 0.57553, batch accuracy: 78.12, data load time: 0.00208, step time: 0.00876,
epoch: [7], step: [632/1581], batch loss: 0.68902, batch accuracy: 78.12, data load time: 0.00023, step time: 0.00850,
epoch: [7], step: [932/1581], batch loss: 0.73351, batch accuracy: 68.75, data load time: 0.00025, step time: 0.00860,
epoch: [7], step: [1232/1581], batch loss: 0.65390, batch accuracy: 71.88, data load time: 0.00396, step time: 0.01010,
epoch: [7], step: [1532/1581], batch loss: 0.96090, batch accuracy: 65.62, data load time: 0.00019, step time: 0.00864,
epoch: [8], step: [251/1581], batch loss: 1.08234, batch accuracy: 71.88, data load time: 0.00039, step time: 0.00890,
epoch: [8], step: [551/1581], batch loss: 0.60690, batch accuracy: 78.12, data load time: 0.00024, step time: 0.00917,
epoch: [8], step: [851/1581], batch loss: 0.53983, batch accuracy: 81.25, data load time: 0.00023, step time: 0.00926,
epoch: [8], step: [1151/1581], batch loss: 0.71707, batch accuracy: 71.88, data load time: 0.00348, step time: 0.00910,
epoch: [8], step: [1451/1581], batch loss: 0.47409, batch accuracy: 78.12, data load time: 0.00023, step time: 0.00834,
epoch: [9], step: [170/1581], batch loss: 0.65957, batch accuracy: 65.62, data load time: 0.00023, step time: 0.00837,
epoch: [9], step: [470/1581], batch loss: 0.55663, batch accuracy: 81.25, data load time: 0.00026, step time: 0.00864,
epoch: [9], step: [770/1581], batch loss: 0.70899, batch accuracy: 65.62, data load time: 0.00340, step time: 0.00907,
epoch: [9], step: [1070/1581], batch loss: 0.56963, batch accuracy: 81.25, data load time: 0.00028, step time: 0.00907,
epoch: [9], step: [1370/1581], batch loss: 0.53490, batch accuracy: 78.12, data load time: 0.00025, step time: 0.00883,
validation loss: 0.95497, accuracy: 68.27, class_accuracy: [54.23728813559322, 86.84210526315789, 59.82905982905983, 68.14159292035399, 88.13559322033899, 57.79816513761468, 97.14285714285714, 89.38053097345133, 57.142857142857146, 55.08474576271186]
epoch: [10], step: [89/1581], batch loss: 0.71875, batch accuracy: 78.12, data load time: 0.00306, step time: 0.00973,
epoch: [10], step: [389/1581], batch loss: 0.54812, batch accuracy: 81.25, data load time: 0.00022, step time: 0.00919,
epoch: [10], step: [689/1581], batch loss: 0.50575, batch accuracy: 84.38, data load time: 0.00023, step time: 0.00851,
epoch: [10], step: [989/1581], batch loss: 0.53041, batch accuracy: 87.50, data load time: 0.00025, step time: 0.00934,
epoch: [10], step: [1289/1581], batch loss: 0.64152, batch accuracy: 71.88, data load time: 0.00026, step time: 0.01150,
epoch: [11], step: [8/1581], batch loss: 0.57338, batch accuracy: 81.25, data load time: 0.00018, step time: 0.00989,
epoch: [11], step: [308/1581], batch loss: 0.54948, batch accuracy: 81.25, data load time: 0.00327, step time: 0.00986,
epoch: [11], step: [608/1581], batch loss: 0.59983, batch accuracy: 78.12, data load time: 0.00030, step time: 0.00951,
epoch: [11], step: [908/1581], batch loss: 0.53824, batch accuracy: 81.25, data load time: 0.00441, step time: 0.01072,
epoch: [11], step: [1208/1581], batch loss: 0.58582, batch accuracy: 84.38, data load time: 0.00360, step time: 0.01090,
epoch: [11], step: [1508/1581], batch loss: 0.32840, batch accuracy: 81.25, data load time: 0.00026, step time: 0.01206,
epoch: [12], step: [227/1581], batch loss: 0.22195, batch accuracy: 93.75, data load time: 0.00027, step time: 0.00983,
epoch: [12], step: [527/1581], batch loss: 0.54658, batch accuracy: 81.25, data load time: 0.00025, step time: 0.01131,
epoch: [12], step: [827/1581], batch loss: 0.37529, batch accuracy: 90.62, data load time: 0.00306, step time: 0.01067,
epoch: [12], step: [1127/1581], batch loss: 0.17861, batch accuracy: 96.88, data load time: 0.00496, step time: 0.01276,
epoch: [12], step: [1427/1581], batch loss: 0.29307, batch accuracy: 93.75, data load time: 0.00026, step time: 0.01190,
epoch: [13], step: [146/1581], batch loss: 0.43720, batch accuracy: 81.25, data load time: 0.00025, step time: 0.01210,
epoch: [13], step: [446/1581], batch loss: 0.39420, batch accuracy: 84.38, data load time: 0.00275, step time: 0.01070,
epoch: [13], step: [746/1581], batch loss: 0.40333, batch accuracy: 84.38, data load time: 0.00405, step time: 0.00948,
epoch: [13], step: [1046/1581], batch loss: 0.43866, batch accuracy: 93.75, data load time: 0.00027, step time: 0.01141,
epoch: [13], step: [1346/1581], batch loss: 0.29513, batch accuracy: 87.50, data load time: 0.00025, step time: 0.01134,
epoch: [14], step: [65/1581], batch loss: 0.49427, batch accuracy: 84.38, data load time: 0.00019, step time: 0.00791,
epoch: [14], step: [365/1581], batch loss: 0.45332, batch accuracy: 81.25, data load time: 0.00024, step time: 0.00885,
epoch: [14], step: [665/1581], batch loss: 0.43360, batch accuracy: 84.38, data load time: 0.00314, step time: 0.01030,
epoch: [14], step: [965/1581], batch loss: 0.31503, batch accuracy: 87.50, data load time: 0.00440, step time: 0.01105,
epoch: [14], step: [1265/1581], batch loss: 0.41442, batch accuracy: 90.62, data load time: 0.00024, step time: 0.00838,
epoch: [14], step: [1565/1581], batch loss: 0.58862, batch accuracy: 81.25, data load time: 0.00011, step time: 0.00754,
validation loss: 0.88560, accuracy: 72.06, class_accuracy: [61.86440677966102, 92.10526315789474, 74.35897435897436, 65.48672566371681, 83.89830508474576, 55.04587155963303, 100.0, 92.03539823008849, 60.204081632653065, 66.10169491525424]
epoch: [15], step: [284/1581], batch loss: 0.49629, batch accuracy: 84.38, data load time: 0.00427, step time: 0.00985,
epoch: [15], step: [584/1581], batch loss: 0.50246, batch accuracy: 78.12, data load time: 0.00203, step time: 0.01159,
epoch: [15], step: [884/1581], batch loss: 0.38873, batch accuracy: 93.75, data load time: 0.00025, step time: 0.00860,
epoch: [15], step: [1184/1581], batch loss: 0.32708, batch accuracy: 81.25, data load time: 0.00026, step time: 0.01156,
epoch: [15], step: [1484/1581], batch loss: 0.34177, batch accuracy: 84.38, data load time: 0.00035, step time: 0.00946,
epoch: [16], step: [203/1581], batch loss: 0.80895, batch accuracy: 81.25, data load time: 0.00022, step time: 0.01009,
epoch: [16], step: [503/1581], batch loss: 0.31708, batch accuracy: 90.62, data load time: 0.00171, step time: 0.01137,
epoch: [16], step: [803/1581], batch loss: 0.46310, batch accuracy: 87.50, data load time: 0.00025, step time: 0.01017,
epoch: [16], step: [1103/1581], batch loss: 0.33572, batch accuracy: 90.62, data load time: 0.00389, step time: 0.00925,
epoch: [16], step: [1403/1581], batch loss: 0.41535, batch accuracy: 81.25, data load time: 0.00031, step time: 0.00850,
epoch: [17], step: [122/1581], batch loss: 0.32208, batch accuracy: 81.25, data load time: 0.00037, step time: 0.00858,
epoch: [17], step: [422/1581], batch loss: 0.32184, batch accuracy: 84.38, data load time: 0.00024, step time: 0.00957,
epoch: [17], step: [722/1581], batch loss: 0.36351, batch accuracy: 93.75, data load time: 0.00026, step time: 0.01373,
epoch: [17], step: [1022/1581], batch loss: 0.22181, batch accuracy: 87.50, data load time: 0.00027, step time: 0.01437,
epoch: [17], step: [1322/1581], batch loss: 0.44421, batch accuracy: 81.25, data load time: 0.00026, step time: 0.01222,
epoch: [18], step: [41/1581], batch loss: 0.38371, batch accuracy: 84.38, data load time: 0.00252, step time: 0.01105,
epoch: [18], step: [341/1581], batch loss: 0.21815, batch accuracy: 90.62, data load time: 0.00344, step time: 0.01011,
epoch: [18], step: [641/1581], batch loss: 0.40757, batch accuracy: 90.62, data load time: 0.00025, step time: 0.00872,
epoch: [18], step: [941/1581], batch loss: 0.54948, batch accuracy: 71.88, data load time: 0.00262, step time: 0.01156,
epoch: [18], step: [1241/1581], batch loss: 0.63526, batch accuracy: 81.25, data load time: 0.00039, step time: 0.00879,
epoch: [18], step: [1541/1581], batch loss: 0.29387, batch accuracy: 90.62, data load time: 0.00019, step time: 0.00849,
epoch: [19], step: [260/1581], batch loss: 0.31107, batch accuracy: 90.62, data load time: 0.00035, step time: 0.00852,
epoch: [19], step: [560/1581], batch loss: 0.78931, batch accuracy: 71.88, data load time: 0.00362, step time: 0.01147,
epoch: [19], step: [860/1581], batch loss: 0.28124, batch accuracy: 87.50, data load time: 0.00025, step time: 0.01012,
epoch: [19], step: [1160/1581], batch loss: 0.25507, batch accuracy: 87.50, data load time: 0.00024, step time: 0.01272,
epoch: [19], step: [1460/1581], batch loss: 0.37058, batch accuracy: 87.50, data load time: 0.00067, step time: 0.00865,
validation loss: 0.82484, accuracy: 72.98, class_accuracy: [54.23728813559322, 94.73684210526316, 79.48717948717949, 61.06194690265487, 87.28813559322033, 53.211009174311926, 100.0, 97.34513274336283, 59.183673469387756, 73.72881355932203]
epoch: [20], step: [179/1581], batch loss: 0.38103, batch accuracy: 87.50, data load time: 0.00029, step time: 0.00900,
epoch: [20], step: [479/1581], batch loss: 0.42440, batch accuracy: 87.50, data load time: 0.00032, step time: 0.01007,
epoch: [20], step: [779/1581], batch loss: 0.25474, batch accuracy: 90.62, data load time: 0.00026, step time: 0.00855,
epoch: [20], step: [1079/1581], batch loss: 0.38976, batch accuracy: 84.38, data load time: 0.00261, step time: 0.01087,
epoch: [20], step: [1379/1581], batch loss: 0.41565, batch accuracy: 78.12, data load time: 0.00026, step time: 0.00865,
epoch: [21], step: [98/1581], batch loss: 0.30353, batch accuracy: 93.75, data load time: 0.00317, step time: 0.01000,
epoch: [21], step: [398/1581], batch loss: 0.19310, batch accuracy: 93.75, data load time: 0.00114, step time: 0.01165,
epoch: [21], step: [698/1581], batch loss: 0.27916, batch accuracy: 90.62, data load time: 0.00904, step time: 0.00866,
epoch: [21], step: [998/1581], batch loss: 0.49548, batch accuracy: 87.50, data load time: 0.00026, step time: 0.00890,
epoch: [21], step: [1298/1581], batch loss: 0.21860, batch accuracy: 93.75, data load time: 0.00027, step time: 0.01295,
epoch: [22], step: [17/1581], batch loss: 0.20144, batch accuracy: 90.62, data load time: 0.00026, step time: 0.00878,
epoch: [22], step: [317/1581], batch loss: 0.62682, batch accuracy: 81.25, data load time: 0.00028, step time: 0.00936,
epoch: [22], step: [617/1581], batch loss: 0.47233, batch accuracy: 87.50, data load time: 0.00025, step time: 0.01342,
epoch: [22], step: [917/1581], batch loss: 0.14229, batch accuracy: 96.88, data load time: 0.00036, step time: 0.00871,
epoch: [22], step: [1217/1581], batch loss: 0.20879, batch accuracy: 93.75, data load time: 0.00027, step time: 0.01210,
epoch: [22], step: [1517/1581], batch loss: 0.31038, batch accuracy: 90.62, data load time: 0.00228, step time: 0.01131,
epoch: [23], step: [236/1581], batch loss: 0.50456, batch accuracy: 75.00, data load time: 0.00026, step time: 0.00911,
epoch: [23], step: [536/1581], batch loss: 0.52383, batch accuracy: 81.25, data load time: 0.00600, step time: 0.00854,
epoch: [23], step: [836/1581], batch loss: 0.40338, batch accuracy: 90.62, data load time: 0.00028, step time: 0.00886,
epoch: [23], step: [1136/1581], batch loss: 0.20012, batch accuracy: 93.75, data load time: 0.00318, step time: 0.00974,
epoch: [23], step: [1436/1581], batch loss: 0.38483, batch accuracy: 84.38, data load time: 0.00025, step time: 0.00843,
epoch: [24], step: [155/1581], batch loss: 0.73356, batch accuracy: 75.00, data load time: 0.00336, step time: 0.01186,
epoch: [24], step: [455/1581], batch loss: 0.47071, batch accuracy: 78.12, data load time: 0.00393, step time: 0.01467,
epoch: [24], step: [755/1581], batch loss: 0.40249, batch accuracy: 87.50, data load time: 0.00261, step time: 0.00977,
epoch: [24], step: [1055/1581], batch loss: 0.23453, batch accuracy: 90.62, data load time: 0.00022, step time: 0.01070,
epoch: [24], step: [1355/1581], batch loss: 0.34185, batch accuracy: 87.50, data load time: 0.00024, step time: 0.01118,
validation loss: 0.83513, accuracy: 73.18, class_accuracy: [51.69491525423729, 92.10526315789474, 72.64957264957265, 69.91150442477876, 89.83050847457628, 50.45871559633027, 100.0, 92.92035398230088, 58.16326530612245, 82.20338983050847]
epoch: [25], step: [74/1581], batch loss: 0.28292, batch accuracy: 84.38, data load time: 0.00347, step time: 0.00853,
epoch: [25], step: [374/1581], batch loss: 0.43113, batch accuracy: 84.38, data load time: 0.00822, step time: 0.00996,
epoch: [25], step: [674/1581], batch loss: 0.19809, batch accuracy: 96.88, data load time: 0.00025, step time: 0.01351,
epoch: [25], step: [974/1581], batch loss: 0.25125, batch accuracy: 93.75, data load time: 0.00026, step time: 0.00882,
epoch: [25], step: [1274/1581], batch loss: 0.38835, batch accuracy: 87.50, data load time: 0.00027, step time: 0.01263,
epoch: [25], step: [1574/1581], batch loss: 0.40588, batch accuracy: 90.62, data load time: 0.00011, step time: 0.00756,
epoch: [26], step: [293/1581], batch loss: 0.21785, batch accuracy: 93.75, data load time: 0.00212, step time: 0.01185,
epoch: [26], step: [593/1581], batch loss: 0.33389, batch accuracy: 90.62, data load time: 0.00452, step time: 0.01120,
epoch: [26], step: [893/1581], batch loss: 0.33404, batch accuracy: 90.62, data load time: 0.00026, step time: 0.00901,
epoch: [26], step: [1193/1581], batch loss: 0.31514, batch accuracy: 87.50, data load time: 0.00024, step time: 0.00852,
epoch: [26], step: [1493/1581], batch loss: 0.25534, batch accuracy: 87.50, data load time: 0.00377, step time: 0.00913,
epoch: [27], step: [212/1581], batch loss: 0.31874, batch accuracy: 84.38, data load time: 0.00022, step time: 0.00810,
epoch: [27], step: [512/1581], batch loss: 0.28900, batch accuracy: 90.62, data load time: 0.00026, step time: 0.00969,
epoch: [27], step: [812/1581], batch loss: 0.39375, batch accuracy: 87.50, data load time: 0.00336, step time: 0.01003,
epoch: [27], step: [1112/1581], batch loss: 0.21362, batch accuracy: 90.62, data load time: 0.00309, step time: 0.00958,
epoch: [27], step: [1412/1581], batch loss: 0.16738, batch accuracy: 93.75, data load time: 0.00046, step time: 0.00871,
epoch: [28], step: [131/1581], batch loss: 0.29456, batch accuracy: 90.62, data load time: 0.00307, step time: 0.01049,
epoch: [28], step: [431/1581], batch loss: 0.26253, batch accuracy: 90.62, data load time: 0.00072, step time: 0.00917,
epoch: [28], step: [731/1581], batch loss: 0.36811, batch accuracy: 90.62, data load time: 0.00038, step time: 0.00908,
epoch: [28], step: [1031/1581], batch loss: 0.26636, batch accuracy: 87.50, data load time: 0.00025, step time: 0.01061,
epoch: [28], step: [1331/1581], batch loss: 0.27281, batch accuracy: 90.62, data load time: 0.00313, step time: 0.01017,
epoch: [29], step: [50/1581], batch loss: 0.23809, batch accuracy: 93.75, data load time: 0.00023, step time: 0.01355,
epoch: [29], step: [350/1581], batch loss: 0.51005, batch accuracy: 78.12, data load time: 0.00028, step time: 0.00863,
epoch: [29], step: [650/1581], batch loss: 0.30532, batch accuracy: 90.62, data load time: 0.00024, step time: 0.00972,
epoch: [29], step: [950/1581], batch loss: 0.22657, batch accuracy: 96.88, data load time: 0.00340, step time: 0.00882,
epoch: [29], step: [1250/1581], batch loss: 0.13402, batch accuracy: 100.00, data load time: 0.00025, step time: 0.00858,
epoch: [29], step: [1550/1581], batch loss: 0.15150, batch accuracy: 96.88, data load time: 0.00013, step time: 0.00754,
validation loss: 0.77855, accuracy: 74.92, class_accuracy: [70.33898305084746, 94.73684210526316, 77.77777777777777, 61.94690265486726, 84.7457627118644, 55.04587155963303, 100.0, 92.92035398230088, 59.183673469387756, 79.66101694915254]
epoch: [30], step: [269/1581], batch loss: 0.32786, batch accuracy: 87.50, data load time: 0.00025, step time: 0.01016,
epoch: [30], step: [569/1581], batch loss: 0.21189, batch accuracy: 87.50, data load time: 0.00023, step time: 0.01128,
epoch: [30], step: [869/1581], batch loss: 0.31291, batch accuracy: 87.50, data load time: 0.00024, step time: 0.01521,
epoch: [30], step: [1169/1581], batch loss: 0.24408, batch accuracy: 96.88, data load time: 0.00361, step time: 0.00973,
epoch: [30], step: [1469/1581], batch loss: 0.28354, batch accuracy: 90.62, data load time: 0.00027, step time: 0.00850,
epoch: [31], step: [188/1581], batch loss: 0.46111, batch accuracy: 81.25, data load time: 0.00449, step time: 0.01002,
epoch: [31], step: [488/1581], batch loss: 0.16490, batch accuracy: 93.75, data load time: 0.00025, step time: 0.01320,
epoch: [31], step: [788/1581], batch loss: 0.21638, batch accuracy: 93.75, data load time: 0.00029, step time: 0.00910,
epoch: [31], step: [1088/1581], batch loss: 0.35402, batch accuracy: 84.38, data load time: 0.00025, step time: 0.01472,
epoch: [31], step: [1388/1581], batch loss: 0.12513, batch accuracy: 93.75, data load time: 0.00308, step time: 0.00974,
epoch: [32], step: [107/1581], batch loss: 0.44166, batch accuracy: 81.25, data load time: 0.00028, step time: 0.01347,
epoch: [32], step: [407/1581], batch loss: 0.09145, batch accuracy: 96.88, data load time: 0.00029, step time: 0.00970,
epoch: [32], step: [707/1581], batch loss: 0.17213, batch accuracy: 93.75, data load time: 0.00342, step time: 0.01075,
epoch: [32], step: [1007/1581], batch loss: 0.22200, batch accuracy: 93.75, data load time: 0.00035, step time: 0.00905,
epoch: [32], step: [1307/1581], batch loss: 0.18312, batch accuracy: 96.88, data load time: 0.00347, step time: 0.01015,
epoch: [33], step: [26/1581], batch loss: 0.25148, batch accuracy: 90.62, data load time: 0.00368, step time: 0.00887,
epoch: [33], step: [326/1581], batch loss: 0.16263, batch accuracy: 96.88, data load time: 0.00250, step time: 0.01049,
epoch: [33], step: [626/1581], batch loss: 0.14412, batch accuracy: 100.00, data load time: 0.00025, step time: 0.01570,
epoch: [33], step: [926/1581], batch loss: 0.14164, batch accuracy: 100.00, data load time: 0.00027, step time: 0.00863,
epoch: [33], step: [1226/1581], batch loss: 0.19861, batch accuracy: 93.75, data load time: 0.00028, step time: 0.00860,
epoch: [33], step: [1526/1581], batch loss: 0.21182, batch accuracy: 93.75, data load time: 0.00020, step time: 0.01092,
epoch: [34], step: [245/1581], batch loss: 0.27983, batch accuracy: 84.38, data load time: 0.00024, step time: 0.01037,
epoch: [34], step: [545/1581], batch loss: 0.16274, batch accuracy: 93.75, data load time: 0.00025, step time: 0.01161,
epoch: [34], step: [845/1581], batch loss: 0.42194, batch accuracy: 87.50, data load time: 0.00026, step time: 0.00890,
epoch: [34], step: [1145/1581], batch loss: 0.18180, batch accuracy: 90.62, data load time: 0.00023, step time: 0.00878,
epoch: [34], step: [1445/1581], batch loss: 0.22138, batch accuracy: 87.50, data load time: 0.00024, step time: 0.00862,
validation loss: 0.79774, accuracy: 73.80, class_accuracy: [53.389830508474574, 94.73684210526316, 72.64957264957265, 61.94690265486726, 86.44067796610169, 57.79816513761468, 100.0, 93.80530973451327, 61.224489795918366, 85.59322033898304]
epoch: [35], step: [164/1581], batch loss: 0.16961, batch accuracy: 90.62, data load time: 0.00035, step time: 0.01258,
epoch: [35], step: [464/1581], batch loss: 0.48485, batch accuracy: 84.38, data load time: 0.00315, step time: 0.00999,
epoch: [35], step: [764/1581], batch loss: 0.26920, batch accuracy: 93.75, data load time: 0.00027, step time: 0.01655,
epoch: [35], step: [1064/1581], batch loss: 0.37641, batch accuracy: 90.62, data load time: 0.00523, step time: 0.01161,
epoch: [35], step: [1364/1581], batch loss: 0.26720, batch accuracy: 96.88, data load time: 0.00041, step time: 0.01002,
epoch: [36], step: [83/1581], batch loss: 0.30578, batch accuracy: 90.62, data load time: 0.00274, step time: 0.01331,
epoch: [36], step: [383/1581], batch loss: 0.07765, batch accuracy: 100.00, data load time: 0.00424, step time: 0.00982,
epoch: [36], step: [683/1581], batch loss: 0.14703, batch accuracy: 96.88, data load time: 0.00311, step time: 0.01003,
epoch: [36], step: [983/1581], batch loss: 0.23461, batch accuracy: 84.38, data load time: 0.00028, step time: 0.00859,
epoch: [36], step: [1283/1581], batch loss: 0.18835, batch accuracy: 96.88, data load time: 0.00315, step time: 0.00989,
epoch: [37], step: [2/1581], batch loss: 0.16817, batch accuracy: 90.62, data load time: 0.00022, step time: 0.00858,
epoch: [37], step: [302/1581], batch loss: 0.23259, batch accuracy: 90.62, data load time: 0.00311, step time: 0.01037,
epoch: [37], step: [602/1581], batch loss: 0.15355, batch accuracy: 96.88, data load time: 0.00684, step time: 0.01003,
epoch: [37], step: [902/1581], batch loss: 0.38571, batch accuracy: 87.50, data load time: 0.00026, step time: 0.01384,
epoch: [37], step: [1202/1581], batch loss: 0.26996, batch accuracy: 93.75, data load time: 0.00024, step time: 0.01243,
epoch: [37], step: [1502/1581], batch loss: 0.19691, batch accuracy: 93.75, data load time: 0.00023, step time: 0.01070,
epoch: [38], step: [221/1581], batch loss: 0.14215, batch accuracy: 93.75, data load time: 0.00337, step time: 0.01089,
epoch: [38], step: [521/1581], batch loss: 0.27394, batch accuracy: 90.62, data load time: 0.00026, step time: 0.01398,
epoch: [38], step: [821/1581], batch loss: 0.33426, batch accuracy: 90.62, data load time: 0.00390, step time: 0.01053,
epoch: [38], step: [1121/1581], batch loss: 0.23880, batch accuracy: 93.75, data load time: 0.00022, step time: 0.01043,
epoch: [38], step: [1421/1581], batch loss: 0.26278, batch accuracy: 93.75, data load time: 0.00028, step time: 0.00885,
epoch: [39], step: [140/1581], batch loss: 0.12106, batch accuracy: 96.88, data load time: 0.00026, step time: 0.01172,
epoch: [39], step: [440/1581], batch loss: 0.06634, batch accuracy: 100.00, data load time: 0.00065, step time: 0.00850,
epoch: [39], step: [740/1581], batch loss: 0.24174, batch accuracy: 90.62, data load time: 0.00391, step time: 0.00994,
epoch: [39], step: [1040/1581], batch loss: 0.35045, batch accuracy: 87.50, data load time: 0.00025, step time: 0.00882,
epoch: [39], step: [1340/1581], batch loss: 0.24213, batch accuracy: 93.75, data load time: 0.00025, step time: 0.01309,
validation loss: 0.87308, accuracy: 72.47, class_accuracy: [55.08474576271186, 92.10526315789474, 72.64957264957265, 74.33628318584071, 75.42372881355932, 48.62385321100918, 97.14285714285714, 98.23008849557522, 52.04081632653061, 85.59322033898304]
epoch: [40], step: [59/1581], batch loss: 0.19703, batch accuracy: 90.62, data load time: 0.00467, step time: 0.01232,
epoch: [40], step: [359/1581], batch loss: 0.10819, batch accuracy: 100.00, data load time: 0.00233, step time: 0.01144,
epoch: [40], step: [659/1581], batch loss: 0.22067, batch accuracy: 90.62, data load time: 0.00023, step time: 0.00893,
epoch: [40], step: [959/1581], batch loss: 0.14120, batch accuracy: 93.75, data load time: 0.00027, step time: 0.01374,
epoch: [40], step: [1259/1581], batch loss: 0.24360, batch accuracy: 87.50, data load time: 0.00028, step time: 0.00936,
epoch: [40], step: [1559/1581], batch loss: 0.19930, batch accuracy: 93.75, data load time: 0.00011, step time: 0.00753,
epoch: [41], step: [278/1581], batch loss: 0.29629, batch accuracy: 93.75, data load time: 0.00376, step time: 0.00921,
epoch: [41], step: [578/1581], batch loss: 0.09075, batch accuracy: 96.88, data load time: 0.00023, step time: 0.01329,
epoch: [41], step: [878/1581], batch loss: 0.27011, batch accuracy: 93.75, data load time: 0.00028, step time: 0.00905,
epoch: [41], step: [1178/1581], batch loss: 0.27558, batch accuracy: 90.62, data load time: 0.00378, step time: 0.00926,
epoch: [41], step: [1478/1581], batch loss: 0.17275, batch accuracy: 96.88, data load time: 0.00024, step time: 0.00861,
epoch: [42], step: [197/1581], batch loss: 0.17571, batch accuracy: 96.88, data load time: 0.00347, step time: 0.01062,
epoch: [42], step: [497/1581], batch loss: 0.18359, batch accuracy: 93.75, data load time: 0.00293, step time: 0.00993,
epoch: [42], step: [797/1581], batch loss: 0.27164, batch accuracy: 90.62, data load time: 0.00057, step time: 0.00854,
epoch: [42], step: [1097/1581], batch loss: 0.30647, batch accuracy: 93.75, data load time: 0.00506, step time: 0.00977,
epoch: [42], step: [1397/1581], batch loss: 0.30334, batch accuracy: 96.88, data load time: 0.00281, step time: 0.00995,
epoch: [43], step: [116/1581], batch loss: 0.22457, batch accuracy: 96.88, data load time: 0.00026, step time: 0.01168,
epoch: [43], step: [416/1581], batch loss: 0.13766, batch accuracy: 96.88, data load time: 0.00024, step time: 0.00835,
epoch: [43], step: [716/1581], batch loss: 0.21753, batch accuracy: 90.62, data load time: 0.00024, step time: 0.00855,
epoch: [43], step: [1016/1581], batch loss: 0.40669, batch accuracy: 90.62, data load time: 0.00024, step time: 0.00919,
epoch: [43], step: [1316/1581], batch loss: 0.23189, batch accuracy: 90.62, data load time: 0.00023, step time: 0.00835,
epoch: [44], step: [35/1581], batch loss: 0.21386, batch accuracy: 93.75, data load time: 0.00026, step time: 0.00899,
epoch: [44], step: [335/1581], batch loss: 0.40506, batch accuracy: 87.50, data load time: 0.00027, step time: 0.00873,
epoch: [44], step: [635/1581], batch loss: 0.27753, batch accuracy: 90.62, data load time: 0.00025, step time: 0.01033,
epoch: [44], step: [935/1581], batch loss: 0.30382, batch accuracy: 87.50, data load time: 0.00024, step time: 0.01094,
epoch: [44], step: [1235/1581], batch loss: 0.31242, batch accuracy: 90.62, data load time: 0.00309, step time: 0.01007,
epoch: [44], step: [1535/1581], batch loss: 0.27980, batch accuracy: 93.75, data load time: 0.00019, step time: 0.00847,
validation loss: 0.81126, accuracy: 73.59, class_accuracy: [50.0, 92.10526315789474, 78.63247863247864, 67.2566371681416, 88.13559322033899, 50.45871559633027, 100.0, 94.69026548672566, 59.183673469387756, 83.05084745762711]
epoch: [45], step: [254/1581], batch loss: 0.38724, batch accuracy: 84.38, data load time: 0.00024, step time: 0.00851,
epoch: [45], step: [554/1581], batch loss: 0.12623, batch accuracy: 96.88, data load time: 0.00033, step time: 0.00851,
epoch: [45], step: [854/1581], batch loss: 0.22068, batch accuracy: 96.88, data load time: 0.00722, step time: 0.00859,
epoch: [45], step: [1154/1581], batch loss: 0.26446, batch accuracy: 90.62, data load time: 0.00320, step time: 0.00996,
epoch: [45], step: [1454/1581], batch loss: 0.27913, batch accuracy: 93.75, data load time: 0.00369, step time: 0.01146,
epoch: [46], step: [173/1581], batch loss: 0.08764, batch accuracy: 96.88, data load time: 0.00233, step time: 0.01182,
epoch: [46], step: [473/1581], batch loss: 0.47617, batch accuracy: 87.50, data load time: 0.00025, step time: 0.00902,
epoch: [46], step: [773/1581], batch loss: 0.30773, batch accuracy: 93.75, data load time: 0.00025, step time: 0.00907,
epoch: [46], step: [1073/1581], batch loss: 0.17836, batch accuracy: 93.75, data load time: 0.00324, step time: 0.01190,
epoch: [46], step: [1373/1581], batch loss: 0.16068, batch accuracy: 96.88, data load time: 0.00024, step time: 0.00859,
epoch: [47], step: [92/1581], batch loss: 0.34662, batch accuracy: 90.62, data load time: 0.00138, step time: 0.01235,
epoch: [47], step: [392/1581], batch loss: 0.23711, batch accuracy: 93.75, data load time: 0.00398, step time: 0.00997,
epoch: [47], step: [692/1581], batch loss: 0.15072, batch accuracy: 96.88, data load time: 0.00029, step time: 0.00883,
epoch: [47], step: [992/1581], batch loss: 0.09368, batch accuracy: 100.00, data load time: 0.00026, step time: 0.01132,
epoch: [47], step: [1292/1581], batch loss: 0.12309, batch accuracy: 96.88, data load time: 0.00026, step time: 0.00851,
epoch: [48], step: [11/1581], batch loss: 0.25867, batch accuracy: 90.62, data load time: 0.00028, step time: 0.01411,
epoch: [48], step: [311/1581], batch loss: 0.14812, batch accuracy: 100.00, data load time: 0.00416, step time: 0.01036,
epoch: [48], step: [611/1581], batch loss: 0.17915, batch accuracy: 90.62, data load time: 0.00314, step time: 0.00995,
epoch: [48], step: [911/1581], batch loss: 0.21328, batch accuracy: 90.62, data load time: 0.00022, step time: 0.01284,
epoch: [48], step: [1211/1581], batch loss: 0.27888, batch accuracy: 87.50, data load time: 0.00306, step time: 0.00974,
epoch: [48], step: [1511/1581], batch loss: 0.34514, batch accuracy: 87.50, data load time: 0.00274, step time: 0.01043,
epoch: [49], step: [230/1581], batch loss: 0.21825, batch accuracy: 90.62, data load time: 0.00028, step time: 0.01476,
epoch: [49], step: [530/1581], batch loss: 0.12493, batch accuracy: 96.88, data load time: 0.00025, step time: 0.00846,
epoch: [49], step: [830/1581], batch loss: 0.16580, batch accuracy: 96.88, data load time: 0.00025, step time: 0.00857,
epoch: [49], step: [1130/1581], batch loss: 0.23252, batch accuracy: 81.25, data load time: 0.00314, step time: 0.00986,
epoch: [49], step: [1430/1581], batch loss: 0.21080, batch accuracy: 96.88, data load time: 0.00375, step time: 0.00943,
validation loss: 0.84192, accuracy: 73.08, class_accuracy: [61.86440677966102, 94.73684210526316, 84.61538461538461, 61.06194690265487, 94.91525423728814, 50.45871559633027, 97.14285714285714, 86.72566371681415, 53.06122448979592, 72.88135593220339]
Total time taken: 1036.8275146484375
