Using CUDA...
Writing logs to logs/CNN_bn_epochs=50_dropout=0.5_bs=32_optim=SGD_decay=0.0009_lr=0.001_momentum=0.9_mode=LMC_run_0
epoch: [0], step: [299/1581], batch loss: 2.12040, batch accuracy: 15.62, data load time: 0.00442, step time: 0.00845,
epoch: [0], step: [599/1581], batch loss: 1.74139, batch accuracy: 53.12, data load time: 0.00031, step time: 0.01123,
epoch: [0], step: [899/1581], batch loss: 1.63554, batch accuracy: 34.38, data load time: 0.00023, step time: 0.00793,
epoch: [0], step: [1199/1581], batch loss: 1.41925, batch accuracy: 46.88, data load time: 0.00025, step time: 0.01380,
epoch: [0], step: [1499/1581], batch loss: 1.21472, batch accuracy: 40.62, data load time: 0.00029, step time: 0.00839,
epoch: [1], step: [218/1581], batch loss: 1.37377, batch accuracy: 56.25, data load time: 0.00207, step time: 0.01110,
epoch: [1], step: [518/1581], batch loss: 1.30781, batch accuracy: 53.12, data load time: 0.00023, step time: 0.00799,
epoch: [1], step: [818/1581], batch loss: 1.33338, batch accuracy: 68.75, data load time: 0.00021, step time: 0.00827,
epoch: [1], step: [1118/1581], batch loss: 1.01819, batch accuracy: 62.50, data load time: 0.00023, step time: 0.00884,
epoch: [1], step: [1418/1581], batch loss: 1.52937, batch accuracy: 62.50, data load time: 0.00027, step time: 0.00817,
epoch: [2], step: [137/1581], batch loss: 1.00414, batch accuracy: 65.62, data load time: 0.00024, step time: 0.00867,
epoch: [2], step: [437/1581], batch loss: 1.10054, batch accuracy: 50.00, data load time: 0.00023, step time: 0.00812,
epoch: [2], step: [737/1581], batch loss: 0.95973, batch accuracy: 68.75, data load time: 0.00040, step time: 0.00916,
epoch: [2], step: [1037/1581], batch loss: 0.91590, batch accuracy: 68.75, data load time: 0.00023, step time: 0.01051,
epoch: [2], step: [1337/1581], batch loss: 0.79050, batch accuracy: 71.88, data load time: 0.00022, step time: 0.01225,
epoch: [3], step: [56/1581], batch loss: 1.72007, batch accuracy: 56.25, data load time: 0.00240, step time: 0.01032,
epoch: [3], step: [356/1581], batch loss: 0.59903, batch accuracy: 75.00, data load time: 0.00023, step time: 0.00989,
epoch: [3], step: [656/1581], batch loss: 1.15014, batch accuracy: 65.62, data load time: 0.00022, step time: 0.01220,
epoch: [3], step: [956/1581], batch loss: 0.94558, batch accuracy: 59.38, data load time: 0.00024, step time: 0.01288,
epoch: [3], step: [1256/1581], batch loss: 0.49957, batch accuracy: 78.12, data load time: 0.00025, step time: 0.01061,
epoch: [3], step: [1556/1581], batch loss: 0.71212, batch accuracy: 75.00, data load time: 0.00013, step time: 0.00729,
epoch: [4], step: [275/1581], batch loss: 0.91190, batch accuracy: 78.12, data load time: 0.00024, step time: 0.01153,
epoch: [4], step: [575/1581], batch loss: 0.86510, batch accuracy: 75.00, data load time: 0.00413, step time: 0.00915,
epoch: [4], step: [875/1581], batch loss: 1.08353, batch accuracy: 65.62, data load time: 0.00024, step time: 0.01087,
epoch: [4], step: [1175/1581], batch loss: 0.87903, batch accuracy: 62.50, data load time: 0.00302, step time: 0.00940,
epoch: [4], step: [1475/1581], batch loss: 0.61207, batch accuracy: 81.25, data load time: 0.00022, step time: 0.01349,
validation loss: 1.07433, accuracy: 63.56, class_accuracy: [67.79661016949153, 94.73684210526316, 76.06837606837607, 46.017699115044245, 68.64406779661017, 56.88073394495413, 100.0, 79.64601769911505, 55.10204081632653, 35.59322033898305]
epoch: [5], step: [194/1581], batch loss: 1.16786, batch accuracy: 59.38, data load time: 0.00023, step time: 0.00937,
epoch: [5], step: [494/1581], batch loss: 0.57704, batch accuracy: 78.12, data load time: 0.00023, step time: 0.01140,
epoch: [5], step: [794/1581], batch loss: 1.08260, batch accuracy: 59.38, data load time: 0.00335, step time: 0.00874,
epoch: [5], step: [1094/1581], batch loss: 0.95920, batch accuracy: 56.25, data load time: 0.00022, step time: 0.00830,
epoch: [5], step: [1394/1581], batch loss: 0.56325, batch accuracy: 62.50, data load time: 0.00026, step time: 0.00824,
epoch: [6], step: [113/1581], batch loss: 0.80189, batch accuracy: 62.50, data load time: 0.00023, step time: 0.01024,
epoch: [6], step: [413/1581], batch loss: 0.78543, batch accuracy: 78.12, data load time: 0.00037, step time: 0.00840,
epoch: [6], step: [713/1581], batch loss: 0.68376, batch accuracy: 78.12, data load time: 0.00022, step time: 0.00880,
epoch: [6], step: [1013/1581], batch loss: 0.56063, batch accuracy: 84.38, data load time: 0.00024, step time: 0.01167,
epoch: [6], step: [1313/1581], batch loss: 0.44950, batch accuracy: 87.50, data load time: 0.00421, step time: 0.00874,
epoch: [7], step: [32/1581], batch loss: 0.57530, batch accuracy: 81.25, data load time: 0.00019, step time: 0.01201,
epoch: [7], step: [332/1581], batch loss: 0.51119, batch accuracy: 81.25, data load time: 0.00025, step time: 0.01243,
epoch: [7], step: [632/1581], batch loss: 0.36947, batch accuracy: 81.25, data load time: 0.00032, step time: 0.00807,
epoch: [7], step: [932/1581], batch loss: 0.63770, batch accuracy: 71.88, data load time: 0.00023, step time: 0.00822,
epoch: [7], step: [1232/1581], batch loss: 0.93576, batch accuracy: 71.88, data load time: 0.00024, step time: 0.01025,
epoch: [7], step: [1532/1581], batch loss: 0.67896, batch accuracy: 75.00, data load time: 0.00017, step time: 0.00805,
epoch: [8], step: [251/1581], batch loss: 0.48352, batch accuracy: 84.38, data load time: 0.00025, step time: 0.01296,
epoch: [8], step: [551/1581], batch loss: 0.60356, batch accuracy: 78.12, data load time: 0.00328, step time: 0.00902,
epoch: [8], step: [851/1581], batch loss: 0.69186, batch accuracy: 78.12, data load time: 0.00374, step time: 0.00947,
epoch: [8], step: [1151/1581], batch loss: 0.40802, batch accuracy: 84.38, data load time: 0.00362, step time: 0.00994,
epoch: [8], step: [1451/1581], batch loss: 0.81544, batch accuracy: 59.38, data load time: 0.00412, step time: 0.00878,
epoch: [9], step: [170/1581], batch loss: 0.46461, batch accuracy: 84.38, data load time: 0.00025, step time: 0.00893,
epoch: [9], step: [470/1581], batch loss: 0.93846, batch accuracy: 75.00, data load time: 0.00023, step time: 0.00866,
epoch: [9], step: [770/1581], batch loss: 0.31375, batch accuracy: 93.75, data load time: 0.00368, step time: 0.00942,
epoch: [9], step: [1070/1581], batch loss: 0.41580, batch accuracy: 75.00, data load time: 0.00298, step time: 0.00935,
epoch: [9], step: [1370/1581], batch loss: 0.56043, batch accuracy: 81.25, data load time: 0.00409, step time: 0.00877,
validation loss: 1.06495, accuracy: 69.29, class_accuracy: [51.69491525423729, 89.47368421052632, 79.48717948717949, 63.716814159292035, 80.50847457627118, 59.63302752293578, 100.0, 92.03539823008849, 53.06122448979592, 55.932203389830505]
epoch: [10], step: [89/1581], batch loss: 0.44951, batch accuracy: 87.50, data load time: 0.00022, step time: 0.00921,
epoch: [10], step: [389/1581], batch loss: 0.46511, batch accuracy: 81.25, data load time: 0.00365, step time: 0.00972,
epoch: [10], step: [689/1581], batch loss: 0.31636, batch accuracy: 87.50, data load time: 0.00023, step time: 0.01024,
epoch: [10], step: [989/1581], batch loss: 0.45087, batch accuracy: 84.38, data load time: 0.00022, step time: 0.00886,
epoch: [10], step: [1289/1581], batch loss: 0.74914, batch accuracy: 84.38, data load time: 0.00022, step time: 0.00805,
epoch: [11], step: [8/1581], batch loss: 0.60912, batch accuracy: 75.00, data load time: 0.00023, step time: 0.01068,
epoch: [11], step: [308/1581], batch loss: 0.44233, batch accuracy: 78.12, data load time: 0.00022, step time: 0.01241,
epoch: [11], step: [608/1581], batch loss: 0.60698, batch accuracy: 78.12, data load time: 0.00201, step time: 0.01091,
epoch: [11], step: [908/1581], batch loss: 0.45880, batch accuracy: 93.75, data load time: 0.00024, step time: 0.00820,
epoch: [11], step: [1208/1581], batch loss: 0.47048, batch accuracy: 78.12, data load time: 0.00023, step time: 0.01178,
epoch: [11], step: [1508/1581], batch loss: 0.62405, batch accuracy: 81.25, data load time: 0.00026, step time: 0.00812,
epoch: [12], step: [227/1581], batch loss: 0.48617, batch accuracy: 81.25, data load time: 0.00331, step time: 0.00906,
epoch: [12], step: [527/1581], batch loss: 0.44063, batch accuracy: 87.50, data load time: 0.00025, step time: 0.01154,
epoch: [12], step: [827/1581], batch loss: 0.55261, batch accuracy: 78.12, data load time: 0.00242, step time: 0.01039,
epoch: [12], step: [1127/1581], batch loss: 0.14832, batch accuracy: 100.00, data load time: 0.00306, step time: 0.00827,
epoch: [12], step: [1427/1581], batch loss: 0.29400, batch accuracy: 90.62, data load time: 0.00333, step time: 0.00947,
epoch: [13], step: [146/1581], batch loss: 0.50717, batch accuracy: 75.00, data load time: 0.00029, step time: 0.00954,
epoch: [13], step: [446/1581], batch loss: 0.46777, batch accuracy: 84.38, data load time: 0.00024, step time: 0.00879,
epoch: [13], step: [746/1581], batch loss: 0.28025, batch accuracy: 87.50, data load time: 0.00023, step time: 0.01195,
epoch: [13], step: [1046/1581], batch loss: 0.32377, batch accuracy: 87.50, data load time: 0.00025, step time: 0.01060,
epoch: [13], step: [1346/1581], batch loss: 0.39125, batch accuracy: 81.25, data load time: 0.00026, step time: 0.01221,
epoch: [14], step: [65/1581], batch loss: 0.47576, batch accuracy: 78.12, data load time: 0.00178, step time: 0.01036,
epoch: [14], step: [365/1581], batch loss: 0.43362, batch accuracy: 87.50, data load time: 0.00023, step time: 0.00875,
epoch: [14], step: [665/1581], batch loss: 0.57425, batch accuracy: 75.00, data load time: 0.00357, step time: 0.00848,
epoch: [14], step: [965/1581], batch loss: 0.36755, batch accuracy: 87.50, data load time: 0.00023, step time: 0.01015,
epoch: [14], step: [1265/1581], batch loss: 0.26729, batch accuracy: 87.50, data load time: 0.00023, step time: 0.00896,
epoch: [14], step: [1565/1581], batch loss: 0.27749, batch accuracy: 90.62, data load time: 0.00012, step time: 0.00729,
validation loss: 0.98356, accuracy: 70.62, class_accuracy: [50.847457627118644, 92.10526315789474, 72.64957264957265, 71.68141592920354, 79.66101694915254, 59.63302752293578, 97.14285714285714, 92.92035398230088, 59.183673469387756, 61.86440677966102]
epoch: [15], step: [284/1581], batch loss: 0.46338, batch accuracy: 81.25, data load time: 0.00024, step time: 0.00955,
epoch: [15], step: [584/1581], batch loss: 0.27481, batch accuracy: 90.62, data load time: 0.00022, step time: 0.01101,
epoch: [15], step: [884/1581], batch loss: 0.24959, batch accuracy: 96.88, data load time: 0.00022, step time: 0.00874,
epoch: [15], step: [1184/1581], batch loss: 0.33594, batch accuracy: 87.50, data load time: 0.00022, step time: 0.00978,
epoch: [15], step: [1484/1581], batch loss: 0.31698, batch accuracy: 90.62, data load time: 0.00024, step time: 0.00827,
epoch: [16], step: [203/1581], batch loss: 0.35938, batch accuracy: 90.62, data load time: 0.00025, step time: 0.01147,
epoch: [16], step: [503/1581], batch loss: 0.24601, batch accuracy: 93.75, data load time: 0.00023, step time: 0.00921,
epoch: [16], step: [803/1581], batch loss: 0.39979, batch accuracy: 84.38, data load time: 0.00024, step time: 0.00797,
epoch: [16], step: [1103/1581], batch loss: 0.16823, batch accuracy: 93.75, data load time: 0.00420, step time: 0.00876,
epoch: [16], step: [1403/1581], batch loss: 0.47428, batch accuracy: 87.50, data load time: 0.00241, step time: 0.00957,
epoch: [17], step: [122/1581], batch loss: 0.15183, batch accuracy: 93.75, data load time: 0.00046, step time: 0.00820,
epoch: [17], step: [422/1581], batch loss: 0.23450, batch accuracy: 93.75, data load time: 0.00354, step time: 0.01081,
epoch: [17], step: [722/1581], batch loss: 0.13369, batch accuracy: 100.00, data load time: 0.00022, step time: 0.00818,
epoch: [17], step: [1022/1581], batch loss: 0.46069, batch accuracy: 87.50, data load time: 0.00607, step time: 0.01276,
epoch: [17], step: [1322/1581], batch loss: 0.33381, batch accuracy: 87.50, data load time: 0.00025, step time: 0.00938,
epoch: [18], step: [41/1581], batch loss: 0.32105, batch accuracy: 84.38, data load time: 0.00145, step time: 0.01052,
epoch: [18], step: [341/1581], batch loss: 0.24770, batch accuracy: 90.62, data load time: 0.00305, step time: 0.01010,
epoch: [18], step: [641/1581], batch loss: 0.39093, batch accuracy: 84.38, data load time: 0.00023, step time: 0.01294,
epoch: [18], step: [941/1581], batch loss: 0.18683, batch accuracy: 96.88, data load time: 0.00021, step time: 0.00872,
epoch: [18], step: [1241/1581], batch loss: 0.17202, batch accuracy: 93.75, data load time: 0.00023, step time: 0.00809,
epoch: [18], step: [1541/1581], batch loss: 0.36431, batch accuracy: 87.50, data load time: 0.00018, step time: 0.00816,
epoch: [19], step: [260/1581], batch loss: 0.16632, batch accuracy: 100.00, data load time: 0.00026, step time: 0.00849,
epoch: [19], step: [560/1581], batch loss: 0.30172, batch accuracy: 90.62, data load time: 0.00024, step time: 0.00831,
epoch: [19], step: [860/1581], batch loss: 0.59228, batch accuracy: 81.25, data load time: 0.00028, step time: 0.00942,
epoch: [19], step: [1160/1581], batch loss: 0.22362, batch accuracy: 96.88, data load time: 0.00024, step time: 0.00812,
epoch: [19], step: [1460/1581], batch loss: 0.36915, batch accuracy: 81.25, data load time: 0.00026, step time: 0.00804,
validation loss: 0.96600, accuracy: 71.44, class_accuracy: [50.0, 92.10526315789474, 76.92307692307692, 69.02654867256638, 83.89830508474576, 52.293577981651374, 97.14285714285714, 92.92035398230088, 58.16326530612245, 71.1864406779661]
epoch: [20], step: [179/1581], batch loss: 0.30569, batch accuracy: 87.50, data load time: 0.00026, step time: 0.00886,
epoch: [20], step: [479/1581], batch loss: 0.27433, batch accuracy: 87.50, data load time: 0.00023, step time: 0.01017,
epoch: [20], step: [779/1581], batch loss: 0.14389, batch accuracy: 96.88, data load time: 0.00030, step time: 0.00860,
epoch: [20], step: [1079/1581], batch loss: 0.23892, batch accuracy: 96.88, data load time: 0.00027, step time: 0.00801,
epoch: [20], step: [1379/1581], batch loss: 0.20233, batch accuracy: 87.50, data load time: 0.00024, step time: 0.00818,
epoch: [21], step: [98/1581], batch loss: 0.36071, batch accuracy: 90.62, data load time: 0.00024, step time: 0.00878,
epoch: [21], step: [398/1581], batch loss: 0.13166, batch accuracy: 100.00, data load time: 0.00035, step time: 0.00850,
epoch: [21], step: [698/1581], batch loss: 0.16559, batch accuracy: 90.62, data load time: 0.00022, step time: 0.00819,
epoch: [21], step: [998/1581], batch loss: 0.27943, batch accuracy: 90.62, data load time: 0.00339, step time: 0.00937,
epoch: [21], step: [1298/1581], batch loss: 0.17984, batch accuracy: 96.88, data load time: 0.00022, step time: 0.01007,
epoch: [22], step: [17/1581], batch loss: 0.25561, batch accuracy: 93.75, data load time: 0.00021, step time: 0.01406,
epoch: [22], step: [317/1581], batch loss: 0.16311, batch accuracy: 96.88, data load time: 0.00027, step time: 0.01087,
epoch: [22], step: [617/1581], batch loss: 0.13996, batch accuracy: 96.88, data load time: 0.00024, step time: 0.00822,
epoch: [22], step: [917/1581], batch loss: 0.17921, batch accuracy: 90.62, data load time: 0.00285, step time: 0.00928,
epoch: [22], step: [1217/1581], batch loss: 0.21763, batch accuracy: 90.62, data load time: 0.00201, step time: 0.01153,
epoch: [22], step: [1517/1581], batch loss: 0.07869, batch accuracy: 100.00, data load time: 0.00025, step time: 0.01472,
epoch: [23], step: [236/1581], batch loss: 0.20271, batch accuracy: 93.75, data load time: 0.00024, step time: 0.01121,
epoch: [23], step: [536/1581], batch loss: 0.23616, batch accuracy: 90.62, data load time: 0.00327, step time: 0.00832,
epoch: [23], step: [836/1581], batch loss: 0.18863, batch accuracy: 96.88, data load time: 0.00319, step time: 0.00902,
epoch: [23], step: [1136/1581], batch loss: 0.22470, batch accuracy: 90.62, data load time: 0.00023, step time: 0.00823,
epoch: [23], step: [1436/1581], batch loss: 0.18306, batch accuracy: 93.75, data load time: 0.00023, step time: 0.00867,
epoch: [24], step: [155/1581], batch loss: 0.21935, batch accuracy: 90.62, data load time: 0.00024, step time: 0.00830,
epoch: [24], step: [455/1581], batch loss: 0.13048, batch accuracy: 96.88, data load time: 0.00026, step time: 0.00848,
epoch: [24], step: [755/1581], batch loss: 0.17952, batch accuracy: 96.88, data load time: 0.00022, step time: 0.00807,
epoch: [24], step: [1055/1581], batch loss: 0.32636, batch accuracy: 84.38, data load time: 0.00353, step time: 0.00876,
epoch: [24], step: [1355/1581], batch loss: 0.16048, batch accuracy: 96.88, data load time: 0.00345, step time: 0.00993,
validation loss: 0.91913, accuracy: 72.88, class_accuracy: [53.389830508474574, 92.10526315789474, 74.35897435897436, 70.79646017699115, 83.89830508474576, 59.63302752293578, 97.14285714285714, 90.26548672566372, 59.183673469387756, 75.42372881355932]
epoch: [25], step: [74/1581], batch loss: 0.05929, batch accuracy: 100.00, data load time: 0.00022, step time: 0.00822,
epoch: [25], step: [374/1581], batch loss: 0.14136, batch accuracy: 93.75, data load time: 0.00077, step time: 0.00877,
epoch: [25], step: [674/1581], batch loss: 0.14469, batch accuracy: 93.75, data load time: 0.00194, step time: 0.01084,
epoch: [25], step: [974/1581], batch loss: 0.20765, batch accuracy: 93.75, data load time: 0.00021, step time: 0.01026,
epoch: [25], step: [1274/1581], batch loss: 0.17235, batch accuracy: 90.62, data load time: 0.00023, step time: 0.01020,
epoch: [25], step: [1574/1581], batch loss: 0.23195, batch accuracy: 90.62, data load time: 0.00012, step time: 0.00728,
epoch: [26], step: [293/1581], batch loss: 0.19327, batch accuracy: 96.88, data load time: 0.00330, step time: 0.00853,
epoch: [26], step: [593/1581], batch loss: 0.12586, batch accuracy: 96.88, data load time: 0.00323, step time: 0.00876,
epoch: [26], step: [893/1581], batch loss: 0.27853, batch accuracy: 87.50, data load time: 0.00023, step time: 0.00805,
epoch: [26], step: [1193/1581], batch loss: 0.24895, batch accuracy: 87.50, data load time: 0.00287, step time: 0.01039,
epoch: [26], step: [1493/1581], batch loss: 0.36497, batch accuracy: 90.62, data load time: 0.00022, step time: 0.00797,
epoch: [27], step: [212/1581], batch loss: 0.11406, batch accuracy: 100.00, data load time: 0.00430, step time: 0.00970,
epoch: [27], step: [512/1581], batch loss: 0.16489, batch accuracy: 90.62, data load time: 0.00023, step time: 0.00810,
epoch: [27], step: [812/1581], batch loss: 0.17560, batch accuracy: 93.75, data load time: 0.00217, step time: 0.01099,
epoch: [27], step: [1112/1581], batch loss: 0.43215, batch accuracy: 87.50, data load time: 0.00369, step time: 0.01042,
epoch: [27], step: [1412/1581], batch loss: 0.10405, batch accuracy: 100.00, data load time: 0.00384, step time: 0.00913,
epoch: [28], step: [131/1581], batch loss: 0.12811, batch accuracy: 96.88, data load time: 0.00031, step time: 0.00838,
epoch: [28], step: [431/1581], batch loss: 0.10643, batch accuracy: 100.00, data load time: 0.00029, step time: 0.00839,
epoch: [28], step: [731/1581], batch loss: 0.25465, batch accuracy: 90.62, data load time: 0.00023, step time: 0.00813,
epoch: [28], step: [1031/1581], batch loss: 0.16489, batch accuracy: 96.88, data load time: 0.00628, step time: 0.01117,
epoch: [28], step: [1331/1581], batch loss: 0.13690, batch accuracy: 96.88, data load time: 0.00386, step time: 0.00841,
epoch: [29], step: [50/1581], batch loss: 0.16784, batch accuracy: 93.75, data load time: 0.00020, step time: 0.01048,
epoch: [29], step: [350/1581], batch loss: 0.13250, batch accuracy: 96.88, data load time: 0.00022, step time: 0.00878,
epoch: [29], step: [650/1581], batch loss: 0.25564, batch accuracy: 96.88, data load time: 0.00178, step time: 0.00865,
epoch: [29], step: [950/1581], batch loss: 0.16156, batch accuracy: 96.88, data load time: 0.00023, step time: 0.00792,
epoch: [29], step: [1250/1581], batch loss: 0.32768, batch accuracy: 96.88, data load time: 0.00024, step time: 0.01118,
epoch: [29], step: [1550/1581], batch loss: 0.35351, batch accuracy: 87.50, data load time: 0.00012, step time: 0.00730,
validation loss: 0.89359, accuracy: 73.08, class_accuracy: [48.30508474576271, 92.10526315789474, 76.92307692307692, 62.83185840707964, 84.7457627118644, 60.55045871559633, 100.0, 91.15044247787611, 65.3061224489796, 78.8135593220339]
epoch: [30], step: [269/1581], batch loss: 0.18262, batch accuracy: 93.75, data load time: 0.00025, step time: 0.00853,
epoch: [30], step: [569/1581], batch loss: 0.24374, batch accuracy: 96.88, data load time: 0.00449, step time: 0.00905,
epoch: [30], step: [869/1581], batch loss: 0.15082, batch accuracy: 93.75, data load time: 0.00022, step time: 0.00801,
epoch: [30], step: [1169/1581], batch loss: 0.12226, batch accuracy: 93.75, data load time: 0.00023, step time: 0.01276,
epoch: [30], step: [1469/1581], batch loss: 0.20798, batch accuracy: 93.75, data load time: 0.00025, step time: 0.01337,
epoch: [31], step: [188/1581], batch loss: 0.15980, batch accuracy: 96.88, data load time: 0.00349, step time: 0.00850,
epoch: [31], step: [488/1581], batch loss: 0.07990, batch accuracy: 96.88, data load time: 0.00026, step time: 0.00830,
epoch: [31], step: [788/1581], batch loss: 0.22042, batch accuracy: 93.75, data load time: 0.00023, step time: 0.00837,
epoch: [31], step: [1088/1581], batch loss: 0.16542, batch accuracy: 93.75, data load time: 0.00022, step time: 0.00897,
epoch: [31], step: [1388/1581], batch loss: 0.14510, batch accuracy: 96.88, data load time: 0.00342, step time: 0.00873,
epoch: [32], step: [107/1581], batch loss: 0.11636, batch accuracy: 100.00, data load time: 0.00023, step time: 0.00807,
epoch: [32], step: [407/1581], batch loss: 0.20215, batch accuracy: 90.62, data load time: 0.00025, step time: 0.01136,
epoch: [32], step: [707/1581], batch loss: 0.12685, batch accuracy: 90.62, data load time: 0.00299, step time: 0.00918,
epoch: [32], step: [1007/1581], batch loss: 0.04191, batch accuracy: 100.00, data load time: 0.00032, step time: 0.00805,
epoch: [32], step: [1307/1581], batch loss: 0.12788, batch accuracy: 96.88, data load time: 0.00023, step time: 0.00866,
epoch: [33], step: [26/1581], batch loss: 0.16557, batch accuracy: 93.75, data load time: 0.00047, step time: 0.00855,
epoch: [33], step: [326/1581], batch loss: 0.20147, batch accuracy: 93.75, data load time: 0.00023, step time: 0.01050,
epoch: [33], step: [626/1581], batch loss: 0.17074, batch accuracy: 96.88, data load time: 0.00022, step time: 0.00987,
epoch: [33], step: [926/1581], batch loss: 0.12085, batch accuracy: 93.75, data load time: 0.00028, step time: 0.01756,
epoch: [33], step: [1226/1581], batch loss: 0.10854, batch accuracy: 93.75, data load time: 0.00023, step time: 0.01033,
epoch: [33], step: [1526/1581], batch loss: 0.07685, batch accuracy: 100.00, data load time: 0.00018, step time: 0.01055,
epoch: [34], step: [245/1581], batch loss: 0.19206, batch accuracy: 96.88, data load time: 0.00305, step time: 0.01098,
epoch: [34], step: [545/1581], batch loss: 0.17962, batch accuracy: 93.75, data load time: 0.00387, step time: 0.01066,
epoch: [34], step: [845/1581], batch loss: 0.16748, batch accuracy: 96.88, data load time: 0.00056, step time: 0.00811,
epoch: [34], step: [1145/1581], batch loss: 0.16432, batch accuracy: 93.75, data load time: 0.00337, step time: 0.00996,
epoch: [34], step: [1445/1581], batch loss: 0.05919, batch accuracy: 100.00, data load time: 0.00025, step time: 0.00877,
validation loss: 0.90335, accuracy: 72.88, class_accuracy: [51.69491525423729, 92.10526315789474, 70.08547008547009, 76.99115044247787, 81.35593220338983, 56.88073394495413, 97.14285714285714, 93.80530973451327, 52.04081632653061, 83.05084745762711]
epoch: [35], step: [164/1581], batch loss: 0.20956, batch accuracy: 90.62, data load time: 0.00024, step time: 0.00829,
epoch: [35], step: [464/1581], batch loss: 0.22875, batch accuracy: 90.62, data load time: 0.00025, step time: 0.01099,
epoch: [35], step: [764/1581], batch loss: 0.14758, batch accuracy: 93.75, data load time: 0.00023, step time: 0.01262,
epoch: [35], step: [1064/1581], batch loss: 0.20572, batch accuracy: 96.88, data load time: 0.00079, step time: 0.01394,
epoch: [35], step: [1364/1581], batch loss: 0.13625, batch accuracy: 93.75, data load time: 0.00033, step time: 0.00842,
epoch: [36], step: [83/1581], batch loss: 0.09337, batch accuracy: 93.75, data load time: 0.00025, step time: 0.01104,
epoch: [36], step: [383/1581], batch loss: 0.09322, batch accuracy: 100.00, data load time: 0.00022, step time: 0.00885,
epoch: [36], step: [683/1581], batch loss: 0.29622, batch accuracy: 96.88, data load time: 0.00129, step time: 0.01123,
epoch: [36], step: [983/1581], batch loss: 0.21329, batch accuracy: 93.75, data load time: 0.00028, step time: 0.00854,
epoch: [36], step: [1283/1581], batch loss: 0.12325, batch accuracy: 96.88, data load time: 0.00022, step time: 0.00804,
epoch: [37], step: [2/1581], batch loss: 0.19976, batch accuracy: 96.88, data load time: 0.00023, step time: 0.00860,
epoch: [37], step: [302/1581], batch loss: 0.04010, batch accuracy: 100.00, data load time: 0.00306, step time: 0.01260,
epoch: [37], step: [602/1581], batch loss: 0.10099, batch accuracy: 100.00, data load time: 0.00189, step time: 0.01080,
epoch: [37], step: [902/1581], batch loss: 0.06837, batch accuracy: 100.00, data load time: 0.00025, step time: 0.01447,
epoch: [37], step: [1202/1581], batch loss: 0.07783, batch accuracy: 93.75, data load time: 0.00021, step time: 0.00798,
epoch: [37], step: [1502/1581], batch loss: 0.26782, batch accuracy: 96.88, data load time: 0.00026, step time: 0.00880,
epoch: [38], step: [221/1581], batch loss: 0.17708, batch accuracy: 87.50, data load time: 0.00024, step time: 0.00789,
epoch: [38], step: [521/1581], batch loss: 0.08819, batch accuracy: 96.88, data load time: 0.00025, step time: 0.00957,
epoch: [38], step: [821/1581], batch loss: 0.09752, batch accuracy: 100.00, data load time: 0.00031, step time: 0.00864,
epoch: [38], step: [1121/1581], batch loss: 0.16996, batch accuracy: 93.75, data load time: 0.00049, step time: 0.00820,
epoch: [38], step: [1421/1581], batch loss: 0.04425, batch accuracy: 100.00, data load time: 0.00022, step time: 0.00813,
epoch: [39], step: [140/1581], batch loss: 0.14885, batch accuracy: 100.00, data load time: 0.00188, step time: 0.01081,
epoch: [39], step: [440/1581], batch loss: 0.08681, batch accuracy: 100.00, data load time: 0.00024, step time: 0.01100,
epoch: [39], step: [740/1581], batch loss: 0.15979, batch accuracy: 96.88, data load time: 0.00023, step time: 0.00846,
epoch: [39], step: [1040/1581], batch loss: 0.15153, batch accuracy: 93.75, data load time: 0.00027, step time: 0.01173,
epoch: [39], step: [1340/1581], batch loss: 0.07793, batch accuracy: 100.00, data load time: 0.00192, step time: 0.01101,
validation loss: 0.91340, accuracy: 72.16, class_accuracy: [50.847457627118644, 94.73684210526316, 75.21367521367522, 72.56637168141593, 80.50847457627118, 52.293577981651374, 100.0, 93.80530973451327, 50.0, 82.20338983050847]
epoch: [40], step: [59/1581], batch loss: 0.11731, batch accuracy: 96.88, data load time: 0.00024, step time: 0.00784,
epoch: [40], step: [359/1581], batch loss: 0.07844, batch accuracy: 100.00, data load time: 0.00224, step time: 0.01077,
epoch: [40], step: [659/1581], batch loss: 0.04534, batch accuracy: 100.00, data load time: 0.00024, step time: 0.01138,
epoch: [40], step: [959/1581], batch loss: 0.12028, batch accuracy: 96.88, data load time: 0.00305, step time: 0.00929,
epoch: [40], step: [1259/1581], batch loss: 0.17078, batch accuracy: 96.88, data load time: 0.00022, step time: 0.00802,
epoch: [40], step: [1559/1581], batch loss: 0.21803, batch accuracy: 96.88, data load time: 0.00012, step time: 0.00728,
epoch: [41], step: [278/1581], batch loss: 0.07763, batch accuracy: 100.00, data load time: 0.00027, step time: 0.00900,
epoch: [41], step: [578/1581], batch loss: 0.04971, batch accuracy: 100.00, data load time: 0.00027, step time: 0.00845,
epoch: [41], step: [878/1581], batch loss: 0.16288, batch accuracy: 93.75, data load time: 0.00022, step time: 0.01201,
epoch: [41], step: [1178/1581], batch loss: 0.12559, batch accuracy: 96.88, data load time: 0.00031, step time: 0.00817,
epoch: [41], step: [1478/1581], batch loss: 0.22937, batch accuracy: 87.50, data load time: 0.00319, step time: 0.00918,
epoch: [42], step: [197/1581], batch loss: 0.15644, batch accuracy: 90.62, data load time: 0.00024, step time: 0.00846,
epoch: [42], step: [497/1581], batch loss: 0.15452, batch accuracy: 93.75, data load time: 0.00022, step time: 0.00791,
epoch: [42], step: [797/1581], batch loss: 0.17676, batch accuracy: 96.88, data load time: 0.00023, step time: 0.00967,
epoch: [42], step: [1097/1581], batch loss: 0.10098, batch accuracy: 96.88, data load time: 0.00022, step time: 0.00805,
epoch: [42], step: [1397/1581], batch loss: 0.09215, batch accuracy: 93.75, data load time: 0.00022, step time: 0.01280,
epoch: [43], step: [116/1581], batch loss: 0.07801, batch accuracy: 100.00, data load time: 0.00189, step time: 0.01075,
epoch: [43], step: [416/1581], batch loss: 0.05181, batch accuracy: 100.00, data load time: 0.00024, step time: 0.01136,
epoch: [43], step: [716/1581], batch loss: 0.06861, batch accuracy: 100.00, data load time: 0.00048, step time: 0.01061,
epoch: [43], step: [1016/1581], batch loss: 0.05338, batch accuracy: 100.00, data load time: 0.00319, step time: 0.00924,
epoch: [43], step: [1316/1581], batch loss: 0.07680, batch accuracy: 96.88, data load time: 0.00057, step time: 0.00820,
epoch: [44], step: [35/1581], batch loss: 0.06071, batch accuracy: 100.00, data load time: 0.00023, step time: 0.00871,
epoch: [44], step: [335/1581], batch loss: 0.22766, batch accuracy: 90.62, data load time: 0.00359, step time: 0.00988,
epoch: [44], step: [635/1581], batch loss: 0.13504, batch accuracy: 96.88, data load time: 0.00024, step time: 0.01159,
epoch: [44], step: [935/1581], batch loss: 0.12181, batch accuracy: 93.75, data load time: 0.00034, step time: 0.00833,
epoch: [44], step: [1235/1581], batch loss: 0.08400, batch accuracy: 96.88, data load time: 0.00025, step time: 0.01066,
epoch: [44], step: [1535/1581], batch loss: 0.06655, batch accuracy: 100.00, data load time: 0.00018, step time: 0.01009,
validation loss: 0.91382, accuracy: 71.85, class_accuracy: [45.76271186440678, 92.10526315789474, 76.06837606837607, 72.56637168141593, 82.20338983050847, 52.293577981651374, 97.14285714285714, 97.34513274336283, 53.06122448979592, 77.96610169491525]
epoch: [45], step: [254/1581], batch loss: 0.30483, batch accuracy: 87.50, data load time: 0.00023, step time: 0.00806,
epoch: [45], step: [554/1581], batch loss: 0.10898, batch accuracy: 96.88, data load time: 0.00025, step time: 0.00835,
epoch: [45], step: [854/1581], batch loss: 0.08338, batch accuracy: 96.88, data load time: 0.00022, step time: 0.01283,
epoch: [45], step: [1154/1581], batch loss: 0.22108, batch accuracy: 90.62, data load time: 0.00024, step time: 0.00842,
epoch: [45], step: [1454/1581], batch loss: 0.10585, batch accuracy: 96.88, data load time: 0.00027, step time: 0.00905,
epoch: [46], step: [173/1581], batch loss: 0.17227, batch accuracy: 96.88, data load time: 0.00024, step time: 0.00855,
epoch: [46], step: [473/1581], batch loss: 0.08738, batch accuracy: 96.88, data load time: 0.00033, step time: 0.00819,
epoch: [46], step: [773/1581], batch loss: 0.07307, batch accuracy: 96.88, data load time: 0.00022, step time: 0.01015,
epoch: [46], step: [1073/1581], batch loss: 0.07237, batch accuracy: 100.00, data load time: 0.00024, step time: 0.00859,
epoch: [46], step: [1373/1581], batch loss: 0.07797, batch accuracy: 100.00, data load time: 0.00022, step time: 0.00813,
epoch: [47], step: [92/1581], batch loss: 0.16276, batch accuracy: 96.88, data load time: 0.00021, step time: 0.00793,
epoch: [47], step: [392/1581], batch loss: 0.10670, batch accuracy: 96.88, data load time: 0.00023, step time: 0.00793,
epoch: [47], step: [692/1581], batch loss: 0.12406, batch accuracy: 96.88, data load time: 0.00413, step time: 0.01050,
epoch: [47], step: [992/1581], batch loss: 0.05616, batch accuracy: 100.00, data load time: 0.00022, step time: 0.00822,
epoch: [47], step: [1292/1581], batch loss: 0.03074, batch accuracy: 100.00, data load time: 0.00023, step time: 0.00919,
epoch: [48], step: [11/1581], batch loss: 0.09714, batch accuracy: 96.88, data load time: 0.00345, step time: 0.00860,
epoch: [48], step: [311/1581], batch loss: 0.11063, batch accuracy: 96.88, data load time: 0.00022, step time: 0.00824,
epoch: [48], step: [611/1581], batch loss: 0.18640, batch accuracy: 93.75, data load time: 0.00032, step time: 0.00810,
epoch: [48], step: [911/1581], batch loss: 0.07571, batch accuracy: 100.00, data load time: 0.00023, step time: 0.01019,
epoch: [48], step: [1211/1581], batch loss: 0.11960, batch accuracy: 96.88, data load time: 0.00023, step time: 0.00862,
epoch: [48], step: [1511/1581], batch loss: 0.07019, batch accuracy: 100.00, data load time: 0.00296, step time: 0.00960,
epoch: [49], step: [230/1581], batch loss: 0.11898, batch accuracy: 100.00, data load time: 0.00052, step time: 0.00795,
epoch: [49], step: [530/1581], batch loss: 0.13089, batch accuracy: 93.75, data load time: 0.00032, step time: 0.01044,
epoch: [49], step: [830/1581], batch loss: 0.10994, batch accuracy: 100.00, data load time: 0.00338, step time: 0.00814,
epoch: [49], step: [1130/1581], batch loss: 0.12656, batch accuracy: 96.88, data load time: 0.00023, step time: 0.00945,
epoch: [49], step: [1430/1581], batch loss: 0.11909, batch accuracy: 96.88, data load time: 0.00037, step time: 0.00845,
validation loss: 0.94124, accuracy: 71.03, class_accuracy: [45.76271186440678, 94.73684210526316, 70.08547008547009, 78.76106194690266, 81.35593220338983, 54.12844036697248, 97.14285714285714, 92.92035398230088, 50.0, 76.27118644067797]
Total time taken: 952.2405426502228
