Using CUDA...
Writing logs to logs/CNN_bn_epochs=50_dropout=0.5_bs=32_lr=0.001_momentum=0.9_mode=MC_run_5
epoch: [0], step: [299/1581], batch loss: 1.48284, batch accuracy: 56.25, data load time: 0.00303, step time: 0.01066,
epoch: [0], step: [599/1581], batch loss: 1.45353, batch accuracy: 53.12, data load time: 0.00030, step time: 0.01036,
epoch: [0], step: [899/1581], batch loss: 0.93265, batch accuracy: 59.38, data load time: 0.00033, step time: 0.01153,
epoch: [0], step: [1199/1581], batch loss: 0.97240, batch accuracy: 62.50, data load time: 0.00299, step time: 0.01097,
epoch: [0], step: [1499/1581], batch loss: 0.74705, batch accuracy: 75.00, data load time: 0.00319, step time: 0.01118,
epoch: [1], step: [218/1581], batch loss: 0.84076, batch accuracy: 71.88, data load time: 0.00330, step time: 0.01081,
epoch: [1], step: [518/1581], batch loss: 0.66436, batch accuracy: 81.25, data load time: 0.00309, step time: 0.01054,
epoch: [1], step: [818/1581], batch loss: 0.81063, batch accuracy: 75.00, data load time: 0.00299, step time: 0.01087,
epoch: [1], step: [1118/1581], batch loss: 0.57646, batch accuracy: 78.12, data load time: 0.00022, step time: 0.01012,
epoch: [1], step: [1418/1581], batch loss: 0.54084, batch accuracy: 78.12, data load time: 0.00021, step time: 0.01013,
epoch: [2], step: [137/1581], batch loss: 0.45717, batch accuracy: 84.38, data load time: 0.00024, step time: 0.01182,
epoch: [2], step: [437/1581], batch loss: 0.52842, batch accuracy: 78.12, data load time: 0.00022, step time: 0.01084,
epoch: [2], step: [737/1581], batch loss: 0.73519, batch accuracy: 62.50, data load time: 0.00024, step time: 0.01027,
epoch: [2], step: [1037/1581], batch loss: 0.48484, batch accuracy: 84.38, data load time: 0.00021, step time: 0.01142,
epoch: [2], step: [1337/1581], batch loss: 0.47532, batch accuracy: 78.12, data load time: 0.00300, step time: 0.01055,
epoch: [3], step: [56/1581], batch loss: 0.49193, batch accuracy: 81.25, data load time: 0.00051, step time: 0.01111,
epoch: [3], step: [356/1581], batch loss: 0.20436, batch accuracy: 93.75, data load time: 0.00024, step time: 0.01187,
epoch: [3], step: [656/1581], batch loss: 0.56911, batch accuracy: 81.25, data load time: 0.00023, step time: 0.01338,
epoch: [3], step: [956/1581], batch loss: 0.69452, batch accuracy: 87.50, data load time: 0.00022, step time: 0.00982,
epoch: [3], step: [1256/1581], batch loss: 0.38839, batch accuracy: 93.75, data load time: 0.00392, step time: 0.01024,
epoch: [3], step: [1556/1581], batch loss: 0.34538, batch accuracy: 78.12, data load time: 0.00012, step time: 0.00872,
epoch: [4], step: [275/1581], batch loss: 0.12232, batch accuracy: 100.00, data load time: 0.00022, step time: 0.00991,
epoch: [4], step: [575/1581], batch loss: 0.41993, batch accuracy: 87.50, data load time: 0.00035, step time: 0.01184,
epoch: [4], step: [875/1581], batch loss: 0.22875, batch accuracy: 93.75, data load time: 0.00021, step time: 0.00984,
epoch: [4], step: [1175/1581], batch loss: 0.43520, batch accuracy: 78.12, data load time: 0.00021, step time: 0.00989,
epoch: [4], step: [1475/1581], batch loss: 0.22973, batch accuracy: 93.75, data load time: 0.00022, step time: 0.00952,
validation loss: 0.95729, accuracy: 74.55, class_accuracy: [82.14285714285714, 58.53658536585366, 66.85878962536023, 65.48672566371681, 80.3405572755418, 81.42414860681114, 90.19607843137256, 87.41935483870968, 57.70609318996416, 73.71428571428571]
epoch: [5], step: [194/1581], batch loss: 0.67674, batch accuracy: 78.12, data load time: 0.00032, step time: 0.01083,
epoch: [5], step: [494/1581], batch loss: 0.23614, batch accuracy: 87.50, data load time: 0.00031, step time: 0.01184,
epoch: [5], step: [794/1581], batch loss: 0.48064, batch accuracy: 81.25, data load time: 0.00022, step time: 0.01021,
epoch: [5], step: [1094/1581], batch loss: 0.52730, batch accuracy: 84.38, data load time: 0.00024, step time: 0.00985,
epoch: [5], step: [1394/1581], batch loss: 0.11963, batch accuracy: 96.88, data load time: 0.00036, step time: 0.01013,
epoch: [6], step: [113/1581], batch loss: 0.26485, batch accuracy: 87.50, data load time: 0.00021, step time: 0.01025,
epoch: [6], step: [413/1581], batch loss: 0.20187, batch accuracy: 93.75, data load time: 0.00022, step time: 0.00971,
epoch: [6], step: [713/1581], batch loss: 0.41547, batch accuracy: 84.38, data load time: 0.00021, step time: 0.01037,
epoch: [6], step: [1013/1581], batch loss: 0.51158, batch accuracy: 84.38, data load time: 0.00021, step time: 0.01062,
epoch: [6], step: [1313/1581], batch loss: 0.44052, batch accuracy: 84.38, data load time: 0.00024, step time: 0.01180,
epoch: [7], step: [32/1581], batch loss: 0.38824, batch accuracy: 90.62, data load time: 0.00020, step time: 0.01175,
epoch: [7], step: [332/1581], batch loss: 0.38733, batch accuracy: 84.38, data load time: 0.00318, step time: 0.01088,
epoch: [7], step: [632/1581], batch loss: 0.27308, batch accuracy: 81.25, data load time: 0.00023, step time: 0.01088,
epoch: [7], step: [932/1581], batch loss: 0.15451, batch accuracy: 93.75, data load time: 0.00024, step time: 0.01066,
epoch: [7], step: [1232/1581], batch loss: 0.11042, batch accuracy: 96.88, data load time: 0.00023, step time: 0.01006,
epoch: [7], step: [1532/1581], batch loss: 0.53414, batch accuracy: 78.12, data load time: 0.00017, step time: 0.00977,
epoch: [8], step: [251/1581], batch loss: 0.11834, batch accuracy: 96.88, data load time: 0.00022, step time: 0.00976,
epoch: [8], step: [551/1581], batch loss: 0.31453, batch accuracy: 87.50, data load time: 0.00036, step time: 0.01251,
epoch: [8], step: [851/1581], batch loss: 0.32969, batch accuracy: 87.50, data load time: 0.00023, step time: 0.01167,
epoch: [8], step: [1151/1581], batch loss: 0.25652, batch accuracy: 87.50, data load time: 0.00027, step time: 0.01014,
epoch: [8], step: [1451/1581], batch loss: 0.43827, batch accuracy: 90.62, data load time: 0.00022, step time: 0.01319,
epoch: [9], step: [170/1581], batch loss: 0.64844, batch accuracy: 81.25, data load time: 0.00024, step time: 0.01219,
epoch: [9], step: [470/1581], batch loss: 0.28993, batch accuracy: 84.38, data load time: 0.00021, step time: 0.01176,
epoch: [9], step: [770/1581], batch loss: 0.12652, batch accuracy: 93.75, data load time: 0.00024, step time: 0.01002,
epoch: [9], step: [1070/1581], batch loss: 0.31010, batch accuracy: 87.50, data load time: 0.00022, step time: 0.01066,
epoch: [9], step: [1370/1581], batch loss: 0.18496, batch accuracy: 93.75, data load time: 0.00023, step time: 0.00961,
validation loss: 1.01377, accuracy: 74.49, class_accuracy: [69.14285714285714, 70.1219512195122, 78.6743515850144, 69.5575221238938, 85.13931888544892, 90.24767801857585, 91.17647058823529, 84.35483870967742, 53.04659498207885, 62.285714285714285]
epoch: [10], step: [89/1581], batch loss: 0.20768, batch accuracy: 90.62, data load time: 0.00344, step time: 0.01069,
epoch: [10], step: [389/1581], batch loss: 0.58060, batch accuracy: 84.38, data load time: 0.00031, step time: 0.01036,
epoch: [10], step: [689/1581], batch loss: 0.13588, batch accuracy: 96.88, data load time: 0.00026, step time: 0.00997,
epoch: [10], step: [989/1581], batch loss: 0.05001, batch accuracy: 96.88, data load time: 0.00311, step time: 0.01165,
epoch: [10], step: [1289/1581], batch loss: 0.13896, batch accuracy: 90.62, data load time: 0.00304, step time: 0.01050,
epoch: [11], step: [8/1581], batch loss: 0.34540, batch accuracy: 87.50, data load time: 0.00020, step time: 0.01565,
epoch: [11], step: [308/1581], batch loss: 0.27239, batch accuracy: 90.62, data load time: 0.00325, step time: 0.01054,
epoch: [11], step: [608/1581], batch loss: 0.17351, batch accuracy: 96.88, data load time: 0.00025, step time: 0.01138,
epoch: [11], step: [908/1581], batch loss: 0.33957, batch accuracy: 87.50, data load time: 0.00022, step time: 0.01090,
epoch: [11], step: [1208/1581], batch loss: 0.11612, batch accuracy: 96.88, data load time: 0.00281, step time: 0.01117,
epoch: [11], step: [1508/1581], batch loss: 0.13933, batch accuracy: 93.75, data load time: 0.00527, step time: 0.01049,
epoch: [12], step: [227/1581], batch loss: 0.13222, batch accuracy: 93.75, data load time: 0.00021, step time: 0.00984,
epoch: [12], step: [527/1581], batch loss: 0.26874, batch accuracy: 84.38, data load time: 0.00032, step time: 0.01048,
epoch: [12], step: [827/1581], batch loss: 0.24982, batch accuracy: 93.75, data load time: 0.00021, step time: 0.00962,
epoch: [12], step: [1127/1581], batch loss: 0.17087, batch accuracy: 90.62, data load time: 0.00020, step time: 0.00952,
epoch: [12], step: [1427/1581], batch loss: 0.07909, batch accuracy: 96.88, data load time: 0.00024, step time: 0.01120,
epoch: [13], step: [146/1581], batch loss: 0.27520, batch accuracy: 93.75, data load time: 0.00025, step time: 0.01129,
epoch: [13], step: [446/1581], batch loss: 0.47476, batch accuracy: 90.62, data load time: 0.00024, step time: 0.01196,
epoch: [13], step: [746/1581], batch loss: 0.21528, batch accuracy: 93.75, data load time: 0.00025, step time: 0.01207,
epoch: [13], step: [1046/1581], batch loss: 0.17992, batch accuracy: 93.75, data load time: 0.00027, step time: 0.01012,
epoch: [13], step: [1346/1581], batch loss: 0.08095, batch accuracy: 96.88, data load time: 0.00024, step time: 0.00972,
epoch: [14], step: [65/1581], batch loss: 0.22901, batch accuracy: 84.38, data load time: 0.00021, step time: 0.00987,
epoch: [14], step: [365/1581], batch loss: 0.28379, batch accuracy: 93.75, data load time: 0.00037, step time: 0.01283,
epoch: [14], step: [665/1581], batch loss: 0.17943, batch accuracy: 93.75, data load time: 0.00026, step time: 0.01008,
epoch: [14], step: [965/1581], batch loss: 0.35270, batch accuracy: 90.62, data load time: 0.00021, step time: 0.01041,
epoch: [14], step: [1265/1581], batch loss: 0.23583, batch accuracy: 93.75, data load time: 0.00390, step time: 0.01204,
epoch: [14], step: [1565/1581], batch loss: 0.29245, batch accuracy: 90.62, data load time: 0.00011, step time: 0.00871,
validation loss: 1.24262, accuracy: 72.09, class_accuracy: [56.0, 70.1219512195122, 76.36887608069165, 67.07964601769912, 70.12383900928792, 84.21052631578948, 92.15686274509804, 89.51612903225806, 56.98924731182796, 72.71428571428571]
epoch: [15], step: [284/1581], batch loss: 0.34319, batch accuracy: 96.88, data load time: 0.00023, step time: 0.01011,
epoch: [15], step: [584/1581], batch loss: 0.17979, batch accuracy: 93.75, data load time: 0.00335, step time: 0.01030,
epoch: [15], step: [884/1581], batch loss: 0.35097, batch accuracy: 90.62, data load time: 0.00023, step time: 0.01095,
epoch: [15], step: [1184/1581], batch loss: 0.14961, batch accuracy: 93.75, data load time: 0.00021, step time: 0.00937,
epoch: [15], step: [1484/1581], batch loss: 0.20852, batch accuracy: 93.75, data load time: 0.00024, step time: 0.01001,
epoch: [16], step: [203/1581], batch loss: 0.19455, batch accuracy: 93.75, data load time: 0.00392, step time: 0.01327,
epoch: [16], step: [503/1581], batch loss: 0.25724, batch accuracy: 90.62, data load time: 0.00032, step time: 0.00980,
epoch: [16], step: [803/1581], batch loss: 0.08358, batch accuracy: 96.88, data load time: 0.00022, step time: 0.01014,
epoch: [16], step: [1103/1581], batch loss: 0.09116, batch accuracy: 96.88, data load time: 0.00032, step time: 0.01001,
epoch: [16], step: [1403/1581], batch loss: 0.23406, batch accuracy: 93.75, data load time: 0.00022, step time: 0.00982,
epoch: [17], step: [122/1581], batch loss: 0.28736, batch accuracy: 90.62, data load time: 0.00441, step time: 0.01109,
epoch: [17], step: [422/1581], batch loss: 0.08748, batch accuracy: 100.00, data load time: 0.00025, step time: 0.01077,
epoch: [17], step: [722/1581], batch loss: 0.15738, batch accuracy: 96.88, data load time: 0.00022, step time: 0.01017,
epoch: [17], step: [1022/1581], batch loss: 0.12566, batch accuracy: 93.75, data load time: 0.00023, step time: 0.01191,
epoch: [17], step: [1322/1581], batch loss: 0.10709, batch accuracy: 96.88, data load time: 0.00028, step time: 0.01008,
epoch: [18], step: [41/1581], batch loss: 0.15925, batch accuracy: 96.88, data load time: 0.00019, step time: 0.01053,
epoch: [18], step: [341/1581], batch loss: 0.18369, batch accuracy: 93.75, data load time: 0.00022, step time: 0.01044,
epoch: [18], step: [641/1581], batch loss: 0.32933, batch accuracy: 84.38, data load time: 0.00022, step time: 0.01125,
epoch: [18], step: [941/1581], batch loss: 0.24314, batch accuracy: 93.75, data load time: 0.00021, step time: 0.01017,
epoch: [18], step: [1241/1581], batch loss: 0.35316, batch accuracy: 87.50, data load time: 0.00305, step time: 0.01134,
epoch: [18], step: [1541/1581], batch loss: 0.10012, batch accuracy: 93.75, data load time: 0.00017, step time: 0.00964,
epoch: [19], step: [260/1581], batch loss: 0.19349, batch accuracy: 87.50, data load time: 0.00033, step time: 0.01059,
epoch: [19], step: [560/1581], batch loss: 0.06462, batch accuracy: 96.88, data load time: 0.00023, step time: 0.01045,
epoch: [19], step: [860/1581], batch loss: 0.05832, batch accuracy: 96.88, data load time: 0.00297, step time: 0.00991,
epoch: [19], step: [1160/1581], batch loss: 0.53540, batch accuracy: 81.25, data load time: 0.00294, step time: 0.01087,
epoch: [19], step: [1460/1581], batch loss: 0.18156, batch accuracy: 96.88, data load time: 0.00280, step time: 0.01127,
validation loss: 1.02287, accuracy: 73.73, class_accuracy: [81.85714285714286, 76.82926829268293, 65.27377521613833, 68.84955752212389, 63.31269349845201, 86.84210526315789, 91.17647058823529, 85.16129032258064, 58.24372759856631, 74.42857142857143]
epoch: [20], step: [179/1581], batch loss: 0.14830, batch accuracy: 93.75, data load time: 0.00022, step time: 0.01178,
epoch: [20], step: [479/1581], batch loss: 0.31140, batch accuracy: 90.62, data load time: 0.00033, step time: 0.01254,
epoch: [20], step: [779/1581], batch loss: 0.25242, batch accuracy: 93.75, data load time: 0.00022, step time: 0.00997,
epoch: [20], step: [1079/1581], batch loss: 0.14233, batch accuracy: 93.75, data load time: 0.00033, step time: 0.01151,
epoch: [20], step: [1379/1581], batch loss: 0.37131, batch accuracy: 90.62, data load time: 0.00029, step time: 0.00993,
epoch: [21], step: [98/1581], batch loss: 0.20529, batch accuracy: 93.75, data load time: 0.00032, step time: 0.01196,
epoch: [21], step: [398/1581], batch loss: 0.05429, batch accuracy: 96.88, data load time: 0.00024, step time: 0.01009,
epoch: [21], step: [698/1581], batch loss: 0.32678, batch accuracy: 87.50, data load time: 0.00023, step time: 0.01183,
epoch: [21], step: [998/1581], batch loss: 0.11526, batch accuracy: 96.88, data load time: 0.00334, step time: 0.01045,
epoch: [21], step: [1298/1581], batch loss: 0.17245, batch accuracy: 93.75, data load time: 0.00022, step time: 0.00998,
epoch: [22], step: [17/1581], batch loss: 0.16553, batch accuracy: 96.88, data load time: 0.00574, step time: 0.01288,
epoch: [22], step: [317/1581], batch loss: 0.10303, batch accuracy: 93.75, data load time: 0.00023, step time: 0.00987,
epoch: [22], step: [617/1581], batch loss: 0.17037, batch accuracy: 93.75, data load time: 0.00021, step time: 0.01130,
epoch: [22], step: [917/1581], batch loss: 0.12194, batch accuracy: 96.88, data load time: 0.00025, step time: 0.00985,
epoch: [22], step: [1217/1581], batch loss: 0.15668, batch accuracy: 96.88, data load time: 0.00025, step time: 0.00972,
epoch: [22], step: [1517/1581], batch loss: 0.27121, batch accuracy: 90.62, data load time: 0.00394, step time: 0.01090,
epoch: [23], step: [236/1581], batch loss: 0.18335, batch accuracy: 90.62, data load time: 0.00024, step time: 0.00976,
epoch: [23], step: [536/1581], batch loss: 0.22012, batch accuracy: 96.88, data load time: 0.00022, step time: 0.01210,
epoch: [23], step: [836/1581], batch loss: 0.10251, batch accuracy: 96.88, data load time: 0.00022, step time: 0.00983,
epoch: [23], step: [1136/1581], batch loss: 0.16673, batch accuracy: 93.75, data load time: 0.00022, step time: 0.01001,
epoch: [23], step: [1436/1581], batch loss: 0.34329, batch accuracy: 87.50, data load time: 0.00023, step time: 0.01019,
epoch: [24], step: [155/1581], batch loss: 0.03647, batch accuracy: 100.00, data load time: 0.00023, step time: 0.01169,
epoch: [24], step: [455/1581], batch loss: 0.11961, batch accuracy: 93.75, data load time: 0.00033, step time: 0.01183,
epoch: [24], step: [755/1581], batch loss: 0.23322, batch accuracy: 90.62, data load time: 0.00026, step time: 0.01192,
epoch: [24], step: [1055/1581], batch loss: 0.29416, batch accuracy: 87.50, data load time: 0.00289, step time: 0.01031,
epoch: [24], step: [1355/1581], batch loss: 0.35132, batch accuracy: 84.38, data load time: 0.00024, step time: 0.01199,
validation loss: 0.98305, accuracy: 75.61, class_accuracy: [64.28571428571429, 81.09756097560975, 72.47838616714698, 69.02654867256638, 86.22291021671826, 88.69969040247678, 91.17647058823529, 84.6774193548387, 55.19713261648746, 78.14285714285714]
epoch: [25], step: [74/1581], batch loss: 0.07997, batch accuracy: 96.88, data load time: 0.00020, step time: 0.00928,
epoch: [25], step: [374/1581], batch loss: 0.33961, batch accuracy: 84.38, data load time: 0.00050, step time: 0.01166,
epoch: [25], step: [674/1581], batch loss: 0.09443, batch accuracy: 93.75, data load time: 0.00024, step time: 0.01297,
epoch: [25], step: [974/1581], batch loss: 0.07840, batch accuracy: 96.88, data load time: 0.00321, step time: 0.01103,
epoch: [25], step: [1274/1581], batch loss: 0.16600, batch accuracy: 93.75, data load time: 0.00351, step time: 0.01348,
epoch: [25], step: [1574/1581], batch loss: 0.12355, batch accuracy: 96.88, data load time: 0.00011, step time: 0.00872,
epoch: [26], step: [293/1581], batch loss: 0.17957, batch accuracy: 90.62, data load time: 0.00021, step time: 0.01005,
epoch: [26], step: [593/1581], batch loss: 0.04664, batch accuracy: 100.00, data load time: 0.00023, step time: 0.01005,
epoch: [26], step: [893/1581], batch loss: 0.16489, batch accuracy: 93.75, data load time: 0.00022, step time: 0.00967,
epoch: [26], step: [1193/1581], batch loss: 0.18172, batch accuracy: 90.62, data load time: 0.00025, step time: 0.01054,
epoch: [26], step: [1493/1581], batch loss: 0.15165, batch accuracy: 96.88, data load time: 0.00024, step time: 0.01119,
epoch: [27], step: [212/1581], batch loss: 0.09078, batch accuracy: 96.88, data load time: 0.00321, step time: 0.01115,
epoch: [27], step: [512/1581], batch loss: 0.11988, batch accuracy: 96.88, data load time: 0.00023, step time: 0.00983,
epoch: [27], step: [812/1581], batch loss: 0.20020, batch accuracy: 90.62, data load time: 0.00024, step time: 0.00984,
epoch: [27], step: [1112/1581], batch loss: 0.17820, batch accuracy: 90.62, data load time: 0.00022, step time: 0.01010,
epoch: [27], step: [1412/1581], batch loss: 0.24571, batch accuracy: 93.75, data load time: 0.00041, step time: 0.01425,
epoch: [28], step: [131/1581], batch loss: 0.06567, batch accuracy: 96.88, data load time: 0.00021, step time: 0.01126,
epoch: [28], step: [431/1581], batch loss: 0.05296, batch accuracy: 100.00, data load time: 0.00023, step time: 0.01020,
epoch: [28], step: [731/1581], batch loss: 0.30186, batch accuracy: 93.75, data load time: 0.00021, step time: 0.01049,
epoch: [28], step: [1031/1581], batch loss: 0.52824, batch accuracy: 78.12, data load time: 0.00022, step time: 0.00958,
epoch: [28], step: [1331/1581], batch loss: 0.01995, batch accuracy: 100.00, data load time: 0.00021, step time: 0.00994,
epoch: [29], step: [50/1581], batch loss: 0.11504, batch accuracy: 96.88, data load time: 0.00029, step time: 0.00971,
epoch: [29], step: [350/1581], batch loss: 0.34049, batch accuracy: 87.50, data load time: 0.00022, step time: 0.01145,
epoch: [29], step: [650/1581], batch loss: 0.10331, batch accuracy: 96.88, data load time: 0.00024, step time: 0.00971,
epoch: [29], step: [950/1581], batch loss: 0.09839, batch accuracy: 100.00, data load time: 0.00308, step time: 0.01068,
epoch: [29], step: [1250/1581], batch loss: 0.19085, batch accuracy: 90.62, data load time: 0.00023, step time: 0.01039,
epoch: [29], step: [1550/1581], batch loss: 0.12320, batch accuracy: 93.75, data load time: 0.00017, step time: 0.00970,
validation loss: 1.18979, accuracy: 74.49, class_accuracy: [60.0, 68.29268292682927, 69.30835734870317, 68.49557522123894, 77.70897832817337, 84.21052631578948, 94.11764705882354, 90.96774193548387, 58.064516129032256, 84.14285714285714]
epoch: [30], step: [269/1581], batch loss: 0.18942, batch accuracy: 90.62, data load time: 0.00301, step time: 0.01090,
epoch: [30], step: [569/1581], batch loss: 0.14468, batch accuracy: 93.75, data load time: 0.00027, step time: 0.01974,
epoch: [30], step: [869/1581], batch loss: 0.04802, batch accuracy: 100.00, data load time: 0.00300, step time: 0.01017,
epoch: [30], step: [1169/1581], batch loss: 0.38207, batch accuracy: 87.50, data load time: 0.00035, step time: 0.01164,
epoch: [30], step: [1469/1581], batch loss: 0.22194, batch accuracy: 93.75, data load time: 0.00021, step time: 0.00946,
epoch: [31], step: [188/1581], batch loss: 0.29850, batch accuracy: 93.75, data load time: 0.00028, step time: 0.01098,
epoch: [31], step: [488/1581], batch loss: 0.05910, batch accuracy: 100.00, data load time: 0.00034, step time: 0.01037,
epoch: [31], step: [788/1581], batch loss: 0.10773, batch accuracy: 96.88, data load time: 0.00389, step time: 0.01055,
epoch: [31], step: [1088/1581], batch loss: 0.08847, batch accuracy: 96.88, data load time: 0.00022, step time: 0.01065,
epoch: [31], step: [1388/1581], batch loss: 0.12442, batch accuracy: 96.88, data load time: 0.00027, step time: 0.01116,
epoch: [32], step: [107/1581], batch loss: 0.53554, batch accuracy: 81.25, data load time: 0.00022, step time: 0.01012,
epoch: [32], step: [407/1581], batch loss: 0.07044, batch accuracy: 96.88, data load time: 0.00328, step time: 0.01022,
epoch: [32], step: [707/1581], batch loss: 0.30571, batch accuracy: 93.75, data load time: 0.00025, step time: 0.01335,
epoch: [32], step: [1007/1581], batch loss: 0.22781, batch accuracy: 93.75, data load time: 0.00024, step time: 0.01164,
epoch: [32], step: [1307/1581], batch loss: 0.14442, batch accuracy: 93.75, data load time: 0.00023, step time: 0.01326,
epoch: [33], step: [26/1581], batch loss: 0.13764, batch accuracy: 96.88, data load time: 0.00068, step time: 0.01085,
epoch: [33], step: [326/1581], batch loss: 0.13669, batch accuracy: 87.50, data load time: 0.00025, step time: 0.01048,
epoch: [33], step: [626/1581], batch loss: 0.24041, batch accuracy: 93.75, data load time: 0.00022, step time: 0.00978,
epoch: [33], step: [926/1581], batch loss: 0.25693, batch accuracy: 93.75, data load time: 0.00315, step time: 0.01061,
epoch: [33], step: [1226/1581], batch loss: 0.37697, batch accuracy: 87.50, data load time: 0.00022, step time: 0.00973,
epoch: [33], step: [1526/1581], batch loss: 0.14484, batch accuracy: 90.62, data load time: 0.00017, step time: 0.00992,
epoch: [34], step: [245/1581], batch loss: 0.14590, batch accuracy: 96.88, data load time: 0.00022, step time: 0.01130,
epoch: [34], step: [545/1581], batch loss: 0.11149, batch accuracy: 96.88, data load time: 0.00022, step time: 0.01017,
epoch: [34], step: [845/1581], batch loss: 0.26115, batch accuracy: 90.62, data load time: 0.00033, step time: 0.00980,
epoch: [34], step: [1145/1581], batch loss: 0.08106, batch accuracy: 93.75, data load time: 0.00022, step time: 0.00965,
epoch: [34], step: [1445/1581], batch loss: 0.46375, batch accuracy: 81.25, data load time: 0.00025, step time: 0.01227,
validation loss: 1.27797, accuracy: 72.70, class_accuracy: [55.42857142857143, 61.58536585365854, 82.85302593659942, 66.01769911504425, 80.03095975232198, 75.23219814241486, 93.13725490196079, 95.3225806451613, 54.121863799283155, 70.57142857142857]
epoch: [35], step: [164/1581], batch loss: 0.06206, batch accuracy: 100.00, data load time: 0.00404, step time: 0.01039,
epoch: [35], step: [464/1581], batch loss: 0.27976, batch accuracy: 87.50, data load time: 0.00035, step time: 0.00997,
epoch: [35], step: [764/1581], batch loss: 0.12911, batch accuracy: 93.75, data load time: 0.00023, step time: 0.00993,
epoch: [35], step: [1064/1581], batch loss: 0.23732, batch accuracy: 90.62, data load time: 0.00034, step time: 0.00994,
epoch: [35], step: [1364/1581], batch loss: 0.16868, batch accuracy: 96.88, data load time: 0.00024, step time: 0.01060,
epoch: [36], step: [83/1581], batch loss: 0.03696, batch accuracy: 100.00, data load time: 0.00023, step time: 0.01032,
epoch: [36], step: [383/1581], batch loss: 0.07314, batch accuracy: 96.88, data load time: 0.00291, step time: 0.01123,
epoch: [36], step: [683/1581], batch loss: 0.13556, batch accuracy: 90.62, data load time: 0.00311, step time: 0.01021,
epoch: [36], step: [983/1581], batch loss: 0.38055, batch accuracy: 87.50, data load time: 0.00022, step time: 0.01035,
epoch: [36], step: [1283/1581], batch loss: 0.08474, batch accuracy: 100.00, data load time: 0.00023, step time: 0.00976,
epoch: [37], step: [2/1581], batch loss: 0.15894, batch accuracy: 96.88, data load time: 0.00062, step time: 0.01125,
epoch: [37], step: [302/1581], batch loss: 0.25825, batch accuracy: 93.75, data load time: 0.00021, step time: 0.01003,
epoch: [37], step: [602/1581], batch loss: 0.35608, batch accuracy: 87.50, data load time: 0.00033, step time: 0.00976,
epoch: [37], step: [902/1581], batch loss: 0.25761, batch accuracy: 90.62, data load time: 0.00023, step time: 0.01068,
epoch: [37], step: [1202/1581], batch loss: 0.34551, batch accuracy: 93.75, data load time: 0.00295, step time: 0.01176,
epoch: [37], step: [1502/1581], batch loss: 0.24365, batch accuracy: 93.75, data load time: 0.00302, step time: 0.01005,
epoch: [38], step: [221/1581], batch loss: 0.13377, batch accuracy: 93.75, data load time: 0.00022, step time: 0.01006,
epoch: [38], step: [521/1581], batch loss: 0.23576, batch accuracy: 96.88, data load time: 0.00022, step time: 0.00977,
epoch: [38], step: [821/1581], batch loss: 0.14166, batch accuracy: 93.75, data load time: 0.00023, step time: 0.01135,
epoch: [38], step: [1121/1581], batch loss: 0.15542, batch accuracy: 93.75, data load time: 0.00023, step time: 0.01041,
epoch: [38], step: [1421/1581], batch loss: 0.09806, batch accuracy: 96.88, data load time: 0.00330, step time: 0.00996,
epoch: [39], step: [140/1581], batch loss: 0.05808, batch accuracy: 96.88, data load time: 0.00023, step time: 0.00999,
epoch: [39], step: [440/1581], batch loss: 0.34846, batch accuracy: 87.50, data load time: 0.00022, step time: 0.01003,
epoch: [39], step: [740/1581], batch loss: 0.10887, batch accuracy: 96.88, data load time: 0.00022, step time: 0.00985,
epoch: [39], step: [1040/1581], batch loss: 0.12587, batch accuracy: 93.75, data load time: 0.00024, step time: 0.01042,
epoch: [39], step: [1340/1581], batch loss: 0.07032, batch accuracy: 96.88, data load time: 0.00020, step time: 0.00954,
validation loss: 1.30354, accuracy: 73.98, class_accuracy: [63.714285714285715, 75.0, 72.19020172910663, 63.89380530973451, 78.94736842105263, 83.59133126934985, 95.09803921568627, 87.90322580645162, 57.168458781362006, 78.42857142857143]
epoch: [40], step: [59/1581], batch loss: 0.06139, batch accuracy: 100.00, data load time: 0.00020, step time: 0.01121,
epoch: [40], step: [359/1581], batch loss: 0.26131, batch accuracy: 87.50, data load time: 0.00344, step time: 0.01055,
epoch: [40], step: [659/1581], batch loss: 0.01675, batch accuracy: 100.00, data load time: 0.00312, step time: 0.01082,
epoch: [40], step: [959/1581], batch loss: 0.33081, batch accuracy: 90.62, data load time: 0.00022, step time: 0.00983,
epoch: [40], step: [1259/1581], batch loss: 0.14885, batch accuracy: 93.75, data load time: 0.00022, step time: 0.01021,
epoch: [40], step: [1559/1581], batch loss: 0.24944, batch accuracy: 93.75, data load time: 0.00011, step time: 0.00875,
epoch: [41], step: [278/1581], batch loss: 0.14364, batch accuracy: 96.88, data load time: 0.00033, step time: 0.01019,
epoch: [41], step: [578/1581], batch loss: 0.17938, batch accuracy: 90.62, data load time: 0.00024, step time: 0.00994,
epoch: [41], step: [878/1581], batch loss: 0.16189, batch accuracy: 96.88, data load time: 0.00022, step time: 0.01005,
epoch: [41], step: [1178/1581], batch loss: 0.24342, batch accuracy: 90.62, data load time: 0.00026, step time: 0.01036,
epoch: [41], step: [1478/1581], batch loss: 0.18025, batch accuracy: 96.88, data load time: 0.00325, step time: 0.01153,
epoch: [42], step: [197/1581], batch loss: 0.06447, batch accuracy: 96.88, data load time: 0.00315, step time: 0.01107,
epoch: [42], step: [497/1581], batch loss: 0.14164, batch accuracy: 93.75, data load time: 0.00022, step time: 0.01078,
epoch: [42], step: [797/1581], batch loss: 0.20879, batch accuracy: 84.38, data load time: 0.00297, step time: 0.01160,
epoch: [42], step: [1097/1581], batch loss: 0.18830, batch accuracy: 90.62, data load time: 0.00033, step time: 0.01051,
epoch: [42], step: [1397/1581], batch loss: 0.06820, batch accuracy: 100.00, data load time: 0.00206, step time: 0.01203,
epoch: [43], step: [116/1581], batch loss: 0.25879, batch accuracy: 90.62, data load time: 0.00022, step time: 0.01160,
epoch: [43], step: [416/1581], batch loss: 0.11297, batch accuracy: 96.88, data load time: 0.00021, step time: 0.00947,
epoch: [43], step: [716/1581], batch loss: 0.17851, batch accuracy: 93.75, data load time: 0.00021, step time: 0.01114,
epoch: [43], step: [1016/1581], batch loss: 0.28311, batch accuracy: 93.75, data load time: 0.00025, step time: 0.01075,
epoch: [43], step: [1316/1581], batch loss: 0.09350, batch accuracy: 96.88, data load time: 0.00021, step time: 0.01129,
epoch: [44], step: [35/1581], batch loss: 0.03229, batch accuracy: 100.00, data load time: 0.00030, step time: 0.01021,
epoch: [44], step: [335/1581], batch loss: 0.21187, batch accuracy: 90.62, data load time: 0.00030, step time: 0.02327,
epoch: [44], step: [635/1581], batch loss: 0.11947, batch accuracy: 96.88, data load time: 0.00031, step time: 0.01019,
epoch: [44], step: [935/1581], batch loss: 0.22763, batch accuracy: 93.75, data load time: 0.00025, step time: 0.01089,
epoch: [44], step: [1235/1581], batch loss: 0.22903, batch accuracy: 96.88, data load time: 0.00023, step time: 0.01078,
epoch: [44], step: [1535/1581], batch loss: 0.17295, batch accuracy: 96.88, data load time: 0.00017, step time: 0.00968,
validation loss: 1.37648, accuracy: 72.60, class_accuracy: [60.857142857142854, 72.5609756097561, 70.02881844380403, 71.50442477876106, 76.47058823529412, 86.06811145510837, 95.09803921568627, 89.03225806451613, 53.04659498207885, 69.57142857142857]
epoch: [45], step: [254/1581], batch loss: 0.23790, batch accuracy: 93.75, data load time: 0.00022, step time: 0.00971,
epoch: [45], step: [554/1581], batch loss: 0.20994, batch accuracy: 96.88, data load time: 0.00022, step time: 0.01024,
epoch: [45], step: [854/1581], batch loss: 0.03240, batch accuracy: 100.00, data load time: 0.00306, step time: 0.01125,
epoch: [45], step: [1154/1581], batch loss: 0.08700, batch accuracy: 100.00, data load time: 0.00301, step time: 0.01067,
epoch: [45], step: [1454/1581], batch loss: 0.17173, batch accuracy: 93.75, data load time: 0.00313, step time: 0.01150,
epoch: [46], step: [173/1581], batch loss: 0.09846, batch accuracy: 96.88, data load time: 0.00464, step time: 0.01199,
epoch: [46], step: [473/1581], batch loss: 0.06414, batch accuracy: 100.00, data load time: 0.00021, step time: 0.01127,
epoch: [46], step: [773/1581], batch loss: 0.15106, batch accuracy: 93.75, data load time: 0.00022, step time: 0.01102,
epoch: [46], step: [1073/1581], batch loss: 0.22128, batch accuracy: 93.75, data load time: 0.00022, step time: 0.01033,
epoch: [46], step: [1373/1581], batch loss: 0.27665, batch accuracy: 90.62, data load time: 0.00025, step time: 0.01019,
epoch: [47], step: [92/1581], batch loss: 0.13222, batch accuracy: 93.75, data load time: 0.00039, step time: 0.01025,
epoch: [47], step: [392/1581], batch loss: 0.02603, batch accuracy: 100.00, data load time: 0.00022, step time: 0.01158,
epoch: [47], step: [692/1581], batch loss: 0.16261, batch accuracy: 96.88, data load time: 0.00021, step time: 0.01144,
epoch: [47], step: [992/1581], batch loss: 0.13105, batch accuracy: 96.88, data load time: 0.00021, step time: 0.00959,
epoch: [47], step: [1292/1581], batch loss: 0.26533, batch accuracy: 87.50, data load time: 0.00028, step time: 0.00999,
epoch: [48], step: [11/1581], batch loss: 0.16065, batch accuracy: 90.62, data load time: 0.00038, step time: 0.01040,
epoch: [48], step: [311/1581], batch loss: 0.10668, batch accuracy: 96.88, data load time: 0.00023, step time: 0.01182,
epoch: [48], step: [611/1581], batch loss: 0.04116, batch accuracy: 100.00, data load time: 0.00024, step time: 0.01027,
epoch: [48], step: [911/1581], batch loss: 0.20694, batch accuracy: 93.75, data load time: 0.00026, step time: 0.01007,
epoch: [48], step: [1211/1581], batch loss: 0.07053, batch accuracy: 100.00, data load time: 0.00025, step time: 0.01027,
epoch: [48], step: [1511/1581], batch loss: 0.02016, batch accuracy: 100.00, data load time: 0.00026, step time: 0.01039,
epoch: [49], step: [230/1581], batch loss: 0.20236, batch accuracy: 90.62, data load time: 0.00023, step time: 0.01069,
epoch: [49], step: [530/1581], batch loss: 0.07937, batch accuracy: 96.88, data load time: 0.00331, step time: 0.01108,
epoch: [49], step: [830/1581], batch loss: 0.10548, batch accuracy: 93.75, data load time: 0.00023, step time: 0.01098,
epoch: [49], step: [1130/1581], batch loss: 0.32112, batch accuracy: 90.62, data load time: 0.00325, step time: 0.01053,
epoch: [49], step: [1430/1581], batch loss: 0.23938, batch accuracy: 93.75, data load time: 0.00023, step time: 0.00957,
validation loss: 1.28224, accuracy: 72.99, class_accuracy: [62.714285714285715, 79.8780487804878, 70.02881844380403, 65.66371681415929, 79.87616099071208, 87.46130030959752, 92.15686274509804, 85.0, 51.971326164874554, 74.14285714285714]
Total time taken: 1021.4147222042084
