Using CUDA...
Writing logs to logs/CNN_bn_epochs=50_dropout=0.5_bs=32_lr=0.001_momentum=0.9_mode=LMC_run_15
epoch: [0], step: [299/1581], batch loss: 1.40000, batch accuracy: 65.62, data load time: 0.00023, step time: 0.00904,
epoch: [0], step: [599/1581], batch loss: 0.98165, batch accuracy: 65.62, data load time: 0.00022, step time: 0.00919,
epoch: [0], step: [899/1581], batch loss: 0.87250, batch accuracy: 65.62, data load time: 0.00024, step time: 0.01066,
epoch: [0], step: [1199/1581], batch loss: 0.80222, batch accuracy: 75.00, data load time: 0.00021, step time: 0.01046,
epoch: [0], step: [1499/1581], batch loss: 0.51832, batch accuracy: 78.12, data load time: 0.00025, step time: 0.00910,
epoch: [1], step: [218/1581], batch loss: 0.41487, batch accuracy: 84.38, data load time: 0.00023, step time: 0.01025,
epoch: [1], step: [518/1581], batch loss: 0.26995, batch accuracy: 87.50, data load time: 0.00021, step time: 0.01004,
epoch: [1], step: [818/1581], batch loss: 0.42790, batch accuracy: 87.50, data load time: 0.00040, step time: 0.01171,
epoch: [1], step: [1118/1581], batch loss: 0.69007, batch accuracy: 81.25, data load time: 0.00021, step time: 0.00951,
epoch: [1], step: [1418/1581], batch loss: 0.34137, batch accuracy: 90.62, data load time: 0.00022, step time: 0.00906,
epoch: [2], step: [137/1581], batch loss: 0.35516, batch accuracy: 87.50, data load time: 0.00024, step time: 0.01069,
epoch: [2], step: [437/1581], batch loss: 0.22668, batch accuracy: 93.75, data load time: 0.00415, step time: 0.00961,
epoch: [2], step: [737/1581], batch loss: 0.20600, batch accuracy: 93.75, data load time: 0.00032, step time: 0.00894,
epoch: [2], step: [1037/1581], batch loss: 0.19582, batch accuracy: 93.75, data load time: 0.00021, step time: 0.01055,
epoch: [2], step: [1337/1581], batch loss: 0.43790, batch accuracy: 81.25, data load time: 0.00022, step time: 0.01075,
epoch: [3], step: [56/1581], batch loss: 0.25259, batch accuracy: 93.75, data load time: 0.00023, step time: 0.00934,
epoch: [3], step: [356/1581], batch loss: 0.11022, batch accuracy: 96.88, data load time: 0.00021, step time: 0.00952,
epoch: [3], step: [656/1581], batch loss: 0.54446, batch accuracy: 90.62, data load time: 0.00025, step time: 0.01193,
epoch: [3], step: [956/1581], batch loss: 0.29663, batch accuracy: 93.75, data load time: 0.00019, step time: 0.01393,
epoch: [3], step: [1256/1581], batch loss: 0.05831, batch accuracy: 100.00, data load time: 0.00024, step time: 0.01054,
epoch: [3], step: [1556/1581], batch loss: 0.22203, batch accuracy: 96.88, data load time: 0.00012, step time: 0.00835,
epoch: [4], step: [275/1581], batch loss: 0.22944, batch accuracy: 93.75, data load time: 0.00024, step time: 0.01049,
epoch: [4], step: [575/1581], batch loss: 0.21668, batch accuracy: 90.62, data load time: 0.00022, step time: 0.01083,
epoch: [4], step: [875/1581], batch loss: 0.29116, batch accuracy: 87.50, data load time: 0.00032, step time: 0.01082,
epoch: [4], step: [1175/1581], batch loss: 0.11342, batch accuracy: 96.88, data load time: 0.00022, step time: 0.00934,
epoch: [4], step: [1475/1581], batch loss: 0.16372, batch accuracy: 93.75, data load time: 0.00028, step time: 0.00954,
validation loss: 1.90468, accuracy: 58.54, class_accuracy: [39.57142857142857, 74.39024390243902, 59.36599423631124, 72.03539823008849, 90.40247678018576, 24.148606811145513, 87.25490196078431, 86.12903225806451, 34.40860215053763, 55.0]
epoch: [5], step: [194/1581], batch loss: 0.18671, batch accuracy: 90.62, data load time: 0.00439, step time: 0.00983,
epoch: [5], step: [494/1581], batch loss: 0.02799, batch accuracy: 100.00, data load time: 0.00370, step time: 0.01010,
epoch: [5], step: [794/1581], batch loss: 0.01650, batch accuracy: 100.00, data load time: 0.00348, step time: 0.00902,
epoch: [5], step: [1094/1581], batch loss: 0.17089, batch accuracy: 93.75, data load time: 0.00024, step time: 0.00946,
epoch: [5], step: [1394/1581], batch loss: 0.05867, batch accuracy: 96.88, data load time: 0.00021, step time: 0.00972,
epoch: [6], step: [113/1581], batch loss: 0.01163, batch accuracy: 100.00, data load time: 0.00520, step time: 0.00936,
epoch: [6], step: [413/1581], batch loss: 0.05215, batch accuracy: 96.88, data load time: 0.00046, step time: 0.00953,
epoch: [6], step: [713/1581], batch loss: 0.13927, batch accuracy: 96.88, data load time: 0.00021, step time: 0.00946,
epoch: [6], step: [1013/1581], batch loss: 0.03076, batch accuracy: 96.88, data load time: 0.00021, step time: 0.01070,
epoch: [6], step: [1313/1581], batch loss: 0.23596, batch accuracy: 87.50, data load time: 0.00021, step time: 0.00945,
epoch: [7], step: [32/1581], batch loss: 0.02297, batch accuracy: 100.00, data load time: 0.00022, step time: 0.00976,
epoch: [7], step: [332/1581], batch loss: 0.07010, batch accuracy: 96.88, data load time: 0.00024, step time: 0.01019,
epoch: [7], step: [632/1581], batch loss: 0.02225, batch accuracy: 100.00, data load time: 0.00024, step time: 0.01083,
epoch: [7], step: [932/1581], batch loss: 0.04357, batch accuracy: 96.88, data load time: 0.00020, step time: 0.01054,
epoch: [7], step: [1232/1581], batch loss: 0.01661, batch accuracy: 100.00, data load time: 0.00032, step time: 0.01030,
epoch: [7], step: [1532/1581], batch loss: 0.08703, batch accuracy: 96.88, data load time: 0.00017, step time: 0.00892,
epoch: [8], step: [251/1581], batch loss: 0.04044, batch accuracy: 100.00, data load time: 0.00025, step time: 0.01257,
epoch: [8], step: [551/1581], batch loss: 0.02424, batch accuracy: 100.00, data load time: 0.00022, step time: 0.01082,
epoch: [8], step: [851/1581], batch loss: 0.01504, batch accuracy: 100.00, data load time: 0.00022, step time: 0.01108,
epoch: [8], step: [1151/1581], batch loss: 0.10109, batch accuracy: 93.75, data load time: 0.00021, step time: 0.01036,
epoch: [8], step: [1451/1581], batch loss: 0.15040, batch accuracy: 93.75, data load time: 0.00023, step time: 0.00933,
epoch: [9], step: [170/1581], batch loss: 0.03498, batch accuracy: 96.88, data load time: 0.00023, step time: 0.01010,
epoch: [9], step: [470/1581], batch loss: 0.10936, batch accuracy: 96.88, data load time: 0.00022, step time: 0.01094,
epoch: [9], step: [770/1581], batch loss: 0.01624, batch accuracy: 100.00, data load time: 0.00021, step time: 0.00914,
epoch: [9], step: [1070/1581], batch loss: 0.02494, batch accuracy: 100.00, data load time: 0.00025, step time: 0.00951,
epoch: [9], step: [1370/1581], batch loss: 0.00580, batch accuracy: 100.00, data load time: 0.00410, step time: 0.01220,
validation loss: 2.31767, accuracy: 60.20, class_accuracy: [34.42857142857143, 75.0, 66.57060518731988, 73.27433628318585, 88.54489164086688, 26.78018575851393, 84.31372549019608, 78.06451612903226, 47.132616487455195, 61.42857142857143]
epoch: [10], step: [89/1581], batch loss: 0.01898, batch accuracy: 100.00, data load time: 0.00030, step time: 0.00912,
epoch: [10], step: [389/1581], batch loss: 0.05129, batch accuracy: 96.88, data load time: 0.00027, step time: 0.01142,
epoch: [10], step: [689/1581], batch loss: 0.01416, batch accuracy: 100.00, data load time: 0.00023, step time: 0.00954,
epoch: [10], step: [989/1581], batch loss: 0.11078, batch accuracy: 96.88, data load time: 0.00024, step time: 0.01250,
epoch: [10], step: [1289/1581], batch loss: 0.02683, batch accuracy: 100.00, data load time: 0.00054, step time: 0.00936,
epoch: [11], step: [8/1581], batch loss: 0.15478, batch accuracy: 90.62, data load time: 0.00032, step time: 0.01038,
epoch: [11], step: [308/1581], batch loss: 0.02199, batch accuracy: 100.00, data load time: 0.00354, step time: 0.01016,
epoch: [11], step: [608/1581], batch loss: 0.12528, batch accuracy: 93.75, data load time: 0.00022, step time: 0.01090,
epoch: [11], step: [908/1581], batch loss: 0.01285, batch accuracy: 100.00, data load time: 0.00030, step time: 0.01058,
epoch: [11], step: [1208/1581], batch loss: 0.00294, batch accuracy: 100.00, data load time: 0.00022, step time: 0.00961,
epoch: [11], step: [1508/1581], batch loss: 0.00928, batch accuracy: 100.00, data load time: 0.00021, step time: 0.00926,
epoch: [12], step: [227/1581], batch loss: 0.00151, batch accuracy: 100.00, data load time: 0.00021, step time: 0.00899,
epoch: [12], step: [527/1581], batch loss: 0.01175, batch accuracy: 100.00, data load time: 0.00021, step time: 0.01043,
epoch: [12], step: [827/1581], batch loss: 0.00302, batch accuracy: 100.00, data load time: 0.00022, step time: 0.01108,
epoch: [12], step: [1127/1581], batch loss: 0.01366, batch accuracy: 100.00, data load time: 0.00022, step time: 0.00957,
epoch: [12], step: [1427/1581], batch loss: 0.02199, batch accuracy: 100.00, data load time: 0.00023, step time: 0.01089,
epoch: [13], step: [146/1581], batch loss: 0.09055, batch accuracy: 96.88, data load time: 0.00026, step time: 0.00944,
epoch: [13], step: [446/1581], batch loss: 0.01370, batch accuracy: 100.00, data load time: 0.00360, step time: 0.01075,
epoch: [13], step: [746/1581], batch loss: 0.06005, batch accuracy: 96.88, data load time: 0.00318, step time: 0.01067,
epoch: [13], step: [1046/1581], batch loss: 0.00986, batch accuracy: 100.00, data load time: 0.00022, step time: 0.00925,
epoch: [13], step: [1346/1581], batch loss: 0.02922, batch accuracy: 100.00, data load time: 0.00026, step time: 0.00946,
epoch: [14], step: [65/1581], batch loss: 0.06542, batch accuracy: 96.88, data load time: 0.00029, step time: 0.01081,
epoch: [14], step: [365/1581], batch loss: 0.00470, batch accuracy: 100.00, data load time: 0.00030, step time: 0.01044,
epoch: [14], step: [665/1581], batch loss: 0.03969, batch accuracy: 96.88, data load time: 0.00023, step time: 0.00987,
epoch: [14], step: [965/1581], batch loss: 0.00023, batch accuracy: 100.00, data load time: 0.00023, step time: 0.00945,
epoch: [14], step: [1265/1581], batch loss: 0.00026, batch accuracy: 100.00, data load time: 0.00021, step time: 0.00891,
epoch: [14], step: [1565/1581], batch loss: 0.00924, batch accuracy: 100.00, data load time: 0.00012, step time: 0.00837,
validation loss: 2.27470, accuracy: 63.93, class_accuracy: [35.857142857142854, 82.3170731707317, 62.39193083573487, 71.85840707964601, 79.10216718266254, 42.26006191950464, 86.27450980392157, 90.80645161290323, 59.49820788530466, 65.28571428571429]
epoch: [15], step: [284/1581], batch loss: 0.00328, batch accuracy: 100.00, data load time: 0.00027, step time: 0.01110,
epoch: [15], step: [584/1581], batch loss: 0.03723, batch accuracy: 96.88, data load time: 0.00024, step time: 0.00950,
epoch: [15], step: [884/1581], batch loss: 0.02683, batch accuracy: 96.88, data load time: 0.00023, step time: 0.00960,
epoch: [15], step: [1184/1581], batch loss: 0.04973, batch accuracy: 96.88, data load time: 0.00032, step time: 0.00920,
epoch: [15], step: [1484/1581], batch loss: 0.03548, batch accuracy: 96.88, data load time: 0.00408, step time: 0.01018,
epoch: [16], step: [203/1581], batch loss: 0.05424, batch accuracy: 96.88, data load time: 0.00020, step time: 0.01014,
epoch: [16], step: [503/1581], batch loss: 0.07313, batch accuracy: 96.88, data load time: 0.00375, step time: 0.00986,
epoch: [16], step: [803/1581], batch loss: 0.30649, batch accuracy: 93.75, data load time: 0.00021, step time: 0.00911,
epoch: [16], step: [1103/1581], batch loss: 0.00655, batch accuracy: 100.00, data load time: 0.00025, step time: 0.00971,
epoch: [16], step: [1403/1581], batch loss: 0.00220, batch accuracy: 100.00, data load time: 0.00366, step time: 0.00981,
epoch: [17], step: [122/1581], batch loss: 0.01982, batch accuracy: 100.00, data load time: 0.00494, step time: 0.01176,
epoch: [17], step: [422/1581], batch loss: 0.04917, batch accuracy: 96.88, data load time: 0.00560, step time: 0.00964,
epoch: [17], step: [722/1581], batch loss: 0.00873, batch accuracy: 100.00, data load time: 0.00023, step time: 0.01019,
epoch: [17], step: [1022/1581], batch loss: 0.00496, batch accuracy: 100.00, data load time: 0.00538, step time: 0.01053,
epoch: [17], step: [1322/1581], batch loss: 0.00553, batch accuracy: 100.00, data load time: 0.00024, step time: 0.00922,
epoch: [18], step: [41/1581], batch loss: 0.02403, batch accuracy: 96.88, data load time: 0.00021, step time: 0.01039,
epoch: [18], step: [341/1581], batch loss: 0.02705, batch accuracy: 100.00, data load time: 0.00333, step time: 0.01027,
epoch: [18], step: [641/1581], batch loss: 0.01017, batch accuracy: 100.00, data load time: 0.00024, step time: 0.00913,
epoch: [18], step: [941/1581], batch loss: 0.00247, batch accuracy: 100.00, data load time: 0.00036, step time: 0.01055,
epoch: [18], step: [1241/1581], batch loss: 0.10516, batch accuracy: 96.88, data load time: 0.00354, step time: 0.01137,
epoch: [18], step: [1541/1581], batch loss: 0.00127, batch accuracy: 100.00, data load time: 0.00016, step time: 0.00868,
epoch: [19], step: [260/1581], batch loss: 0.02906, batch accuracy: 96.88, data load time: 0.00025, step time: 0.01296,
epoch: [19], step: [560/1581], batch loss: 0.14824, batch accuracy: 93.75, data load time: 0.00025, step time: 0.01102,
epoch: [19], step: [860/1581], batch loss: 0.00543, batch accuracy: 100.00, data load time: 0.00035, step time: 0.01087,
epoch: [19], step: [1160/1581], batch loss: 0.01711, batch accuracy: 100.00, data load time: 0.00022, step time: 0.00989,
epoch: [19], step: [1460/1581], batch loss: 0.10775, batch accuracy: 96.88, data load time: 0.00023, step time: 0.00951,
validation loss: 2.40749, accuracy: 65.06, class_accuracy: [37.285714285714285, 87.8048780487805, 76.0806916426513, 69.02654867256638, 79.56656346749226, 45.356037151702786, 88.23529411764706, 89.51612903225806, 50.3584229390681, 64.85714285714286]
epoch: [20], step: [179/1581], batch loss: 0.12045, batch accuracy: 96.88, data load time: 0.00025, step time: 0.01092,
epoch: [20], step: [479/1581], batch loss: 0.01471, batch accuracy: 100.00, data load time: 0.00021, step time: 0.00891,
epoch: [20], step: [779/1581], batch loss: 0.01138, batch accuracy: 100.00, data load time: 0.00022, step time: 0.00964,
epoch: [20], step: [1079/1581], batch loss: 0.04154, batch accuracy: 96.88, data load time: 0.00032, step time: 0.00905,
epoch: [20], step: [1379/1581], batch loss: 0.04683, batch accuracy: 96.88, data load time: 0.00022, step time: 0.00978,
epoch: [21], step: [98/1581], batch loss: 0.00849, batch accuracy: 100.00, data load time: 0.00033, step time: 0.01338,
epoch: [21], step: [398/1581], batch loss: 0.01259, batch accuracy: 100.00, data load time: 0.00467, step time: 0.00974,
epoch: [21], step: [698/1581], batch loss: 0.19209, batch accuracy: 87.50, data load time: 0.00427, step time: 0.01004,
epoch: [21], step: [998/1581], batch loss: 0.05745, batch accuracy: 96.88, data load time: 0.00022, step time: 0.00962,
epoch: [21], step: [1298/1581], batch loss: 0.02227, batch accuracy: 96.88, data load time: 0.00021, step time: 0.01063,
epoch: [22], step: [17/1581], batch loss: 0.00110, batch accuracy: 100.00, data load time: 0.00494, step time: 0.01112,
epoch: [22], step: [317/1581], batch loss: 0.00320, batch accuracy: 100.00, data load time: 0.00021, step time: 0.00888,
epoch: [22], step: [617/1581], batch loss: 0.00075, batch accuracy: 100.00, data load time: 0.00317, step time: 0.00964,
epoch: [22], step: [917/1581], batch loss: 0.20408, batch accuracy: 93.75, data load time: 0.00305, step time: 0.01043,
epoch: [22], step: [1217/1581], batch loss: 0.00202, batch accuracy: 100.00, data load time: 0.00025, step time: 0.00937,
epoch: [22], step: [1517/1581], batch loss: 0.02671, batch accuracy: 96.88, data load time: 0.00311, step time: 0.00915,
epoch: [23], step: [236/1581], batch loss: 0.18732, batch accuracy: 96.88, data load time: 0.00032, step time: 0.00990,
epoch: [23], step: [536/1581], batch loss: 0.00143, batch accuracy: 100.00, data load time: 0.00035, step time: 0.00978,
epoch: [23], step: [836/1581], batch loss: 0.01015, batch accuracy: 100.00, data load time: 0.00382, step time: 0.01105,
epoch: [23], step: [1136/1581], batch loss: 0.00100, batch accuracy: 100.00, data load time: 0.00021, step time: 0.01090,
epoch: [23], step: [1436/1581], batch loss: 0.00041, batch accuracy: 100.00, data load time: 0.00024, step time: 0.00917,
epoch: [24], step: [155/1581], batch loss: 0.00214, batch accuracy: 100.00, data load time: 0.00021, step time: 0.00945,
epoch: [24], step: [455/1581], batch loss: 0.00410, batch accuracy: 100.00, data load time: 0.00022, step time: 0.00953,
epoch: [24], step: [755/1581], batch loss: 0.00928, batch accuracy: 100.00, data load time: 0.00024, step time: 0.00916,
epoch: [24], step: [1055/1581], batch loss: 0.00614, batch accuracy: 100.00, data load time: 0.00303, step time: 0.00934,
epoch: [24], step: [1355/1581], batch loss: 0.01663, batch accuracy: 100.00, data load time: 0.00022, step time: 0.00957,
validation loss: 2.37398, accuracy: 66.14, class_accuracy: [59.714285714285715, 93.90243902439025, 60.80691642651297, 75.04424778761062, 79.56656346749226, 32.35294117647059, 86.27450980392157, 85.96774193548387, 54.659498207885306, 71.57142857142857]
epoch: [25], step: [74/1581], batch loss: 0.06109, batch accuracy: 96.88, data load time: 0.00023, step time: 0.01055,
epoch: [25], step: [374/1581], batch loss: 0.00339, batch accuracy: 100.00, data load time: 0.00050, step time: 0.00978,
epoch: [25], step: [674/1581], batch loss: 0.00959, batch accuracy: 100.00, data load time: 0.00026, step time: 0.00942,
epoch: [25], step: [974/1581], batch loss: 0.00103, batch accuracy: 100.00, data load time: 0.00026, step time: 0.00900,
epoch: [25], step: [1274/1581], batch loss: 0.01974, batch accuracy: 100.00, data load time: 0.00054, step time: 0.00950,
epoch: [25], step: [1574/1581], batch loss: 0.00471, batch accuracy: 100.00, data load time: 0.00010, step time: 0.00837,
epoch: [26], step: [293/1581], batch loss: 0.00445, batch accuracy: 100.00, data load time: 0.00021, step time: 0.00974,
epoch: [26], step: [593/1581], batch loss: 0.00702, batch accuracy: 100.00, data load time: 0.00021, step time: 0.00971,
epoch: [26], step: [893/1581], batch loss: 0.02769, batch accuracy: 100.00, data load time: 0.00458, step time: 0.00990,
epoch: [26], step: [1193/1581], batch loss: 0.14500, batch accuracy: 96.88, data load time: 0.00021, step time: 0.00969,
epoch: [26], step: [1493/1581], batch loss: 0.05288, batch accuracy: 96.88, data load time: 0.00021, step time: 0.00926,
epoch: [27], step: [212/1581], batch loss: 0.05736, batch accuracy: 96.88, data load time: 0.00022, step time: 0.01049,
epoch: [27], step: [512/1581], batch loss: 0.00392, batch accuracy: 100.00, data load time: 0.00035, step time: 0.00968,
epoch: [27], step: [812/1581], batch loss: 0.11373, batch accuracy: 96.88, data load time: 0.00022, step time: 0.00976,
epoch: [27], step: [1112/1581], batch loss: 0.00097, batch accuracy: 100.00, data load time: 0.00024, step time: 0.01042,
epoch: [27], step: [1412/1581], batch loss: 0.02841, batch accuracy: 100.00, data load time: 0.00034, step time: 0.00936,
epoch: [28], step: [131/1581], batch loss: 0.00431, batch accuracy: 100.00, data load time: 0.00329, step time: 0.00957,
epoch: [28], step: [431/1581], batch loss: 0.02574, batch accuracy: 100.00, data load time: 0.00022, step time: 0.01088,
epoch: [28], step: [731/1581], batch loss: 0.00086, batch accuracy: 100.00, data load time: 0.00348, step time: 0.01263,
epoch: [28], step: [1031/1581], batch loss: 0.00548, batch accuracy: 100.00, data load time: 0.00023, step time: 0.01126,
epoch: [28], step: [1331/1581], batch loss: 0.01064, batch accuracy: 100.00, data load time: 0.00025, step time: 0.01083,
epoch: [29], step: [50/1581], batch loss: 0.00130, batch accuracy: 100.00, data load time: 0.00020, step time: 0.01015,
epoch: [29], step: [350/1581], batch loss: 0.00028, batch accuracy: 100.00, data load time: 0.00396, step time: 0.01214,
epoch: [29], step: [650/1581], batch loss: 0.01446, batch accuracy: 100.00, data load time: 0.00022, step time: 0.00944,
epoch: [29], step: [950/1581], batch loss: 0.00088, batch accuracy: 100.00, data load time: 0.00022, step time: 0.00980,
epoch: [29], step: [1250/1581], batch loss: 0.00021, batch accuracy: 100.00, data load time: 0.00307, step time: 0.01057,
epoch: [29], step: [1550/1581], batch loss: 0.12049, batch accuracy: 96.88, data load time: 0.00012, step time: 0.00837,
validation loss: 2.54907, accuracy: 63.86, class_accuracy: [51.0, 85.36585365853658, 64.69740634005764, 72.56637168141593, 86.22291021671826, 32.6625386996904, 89.2156862745098, 83.2258064516129, 48.74551971326165, 63.142857142857146]
epoch: [30], step: [269/1581], batch loss: 0.05443, batch accuracy: 96.88, data load time: 0.00021, step time: 0.00962,
epoch: [30], step: [569/1581], batch loss: 0.00078, batch accuracy: 100.00, data load time: 0.00022, step time: 0.01193,
epoch: [30], step: [869/1581], batch loss: 0.00043, batch accuracy: 100.00, data load time: 0.00026, step time: 0.01037,
epoch: [30], step: [1169/1581], batch loss: 0.00216, batch accuracy: 100.00, data load time: 0.00021, step time: 0.01055,
epoch: [30], step: [1469/1581], batch loss: 0.00201, batch accuracy: 100.00, data load time: 0.00026, step time: 0.01102,
epoch: [31], step: [188/1581], batch loss: 0.00237, batch accuracy: 100.00, data load time: 0.00385, step time: 0.00969,
epoch: [31], step: [488/1581], batch loss: 0.21881, batch accuracy: 96.88, data load time: 0.00024, step time: 0.00913,
epoch: [31], step: [788/1581], batch loss: 0.00035, batch accuracy: 100.00, data load time: 0.00021, step time: 0.00925,
epoch: [31], step: [1088/1581], batch loss: 0.00061, batch accuracy: 100.00, data load time: 0.00030, step time: 0.00948,
epoch: [31], step: [1388/1581], batch loss: 0.00010, batch accuracy: 100.00, data load time: 0.00021, step time: 0.01131,
epoch: [32], step: [107/1581], batch loss: 0.03790, batch accuracy: 96.88, data load time: 0.00021, step time: 0.01377,
epoch: [32], step: [407/1581], batch loss: 0.04662, batch accuracy: 96.88, data load time: 0.00024, step time: 0.01070,
epoch: [32], step: [707/1581], batch loss: 0.00609, batch accuracy: 100.00, data load time: 0.00022, step time: 0.00986,
epoch: [32], step: [1007/1581], batch loss: 0.00059, batch accuracy: 100.00, data load time: 0.00031, step time: 0.00898,
epoch: [32], step: [1307/1581], batch loss: 0.00016, batch accuracy: 100.00, data load time: 0.00023, step time: 0.01051,
epoch: [33], step: [26/1581], batch loss: 0.06472, batch accuracy: 96.88, data load time: 0.00022, step time: 0.00971,
epoch: [33], step: [326/1581], batch loss: 0.00006, batch accuracy: 100.00, data load time: 0.00370, step time: 0.01110,
epoch: [33], step: [626/1581], batch loss: 0.03348, batch accuracy: 96.88, data load time: 0.00024, step time: 0.01131,
epoch: [33], step: [926/1581], batch loss: 0.04708, batch accuracy: 96.88, data load time: 0.00021, step time: 0.00888,
epoch: [33], step: [1226/1581], batch loss: 0.00237, batch accuracy: 100.00, data load time: 0.00022, step time: 0.00954,
epoch: [33], step: [1526/1581], batch loss: 0.01487, batch accuracy: 100.00, data load time: 0.00017, step time: 0.00916,
epoch: [34], step: [245/1581], batch loss: 0.10428, batch accuracy: 93.75, data load time: 0.00490, step time: 0.01123,
epoch: [34], step: [545/1581], batch loss: 0.00109, batch accuracy: 100.00, data load time: 0.00021, step time: 0.01510,
epoch: [34], step: [845/1581], batch loss: 0.01183, batch accuracy: 100.00, data load time: 0.00034, step time: 0.01106,
epoch: [34], step: [1145/1581], batch loss: 0.02157, batch accuracy: 100.00, data load time: 0.00296, step time: 0.00974,
epoch: [34], step: [1445/1581], batch loss: 0.01328, batch accuracy: 100.00, data load time: 0.00021, step time: 0.00993,
validation loss: 2.39050, accuracy: 69.12, class_accuracy: [50.142857142857146, 85.97560975609755, 68.01152737752162, 66.90265486725664, 80.80495356037152, 50.309597523219814, 88.23529411764706, 92.25806451612904, 62.365591397849464, 75.71428571428571]
epoch: [35], step: [164/1581], batch loss: 0.00491, batch accuracy: 100.00, data load time: 0.00023, step time: 0.01151,
epoch: [35], step: [464/1581], batch loss: 0.00009, batch accuracy: 100.00, data load time: 0.00024, step time: 0.01066,
epoch: [35], step: [764/1581], batch loss: 0.02526, batch accuracy: 100.00, data load time: 0.00023, step time: 0.00972,
epoch: [35], step: [1064/1581], batch loss: 0.00036, batch accuracy: 100.00, data load time: 0.00049, step time: 0.01060,
epoch: [35], step: [1364/1581], batch loss: 0.00166, batch accuracy: 100.00, data load time: 0.00022, step time: 0.00922,
epoch: [36], step: [83/1581], batch loss: 0.01418, batch accuracy: 100.00, data load time: 0.00027, step time: 0.01047,
epoch: [36], step: [383/1581], batch loss: 0.01068, batch accuracy: 100.00, data load time: 0.00022, step time: 0.00932,
epoch: [36], step: [683/1581], batch loss: 0.00924, batch accuracy: 100.00, data load time: 0.00036, step time: 0.01093,
epoch: [36], step: [983/1581], batch loss: 0.10482, batch accuracy: 96.88, data load time: 0.00034, step time: 0.00962,
epoch: [36], step: [1283/1581], batch loss: 0.01663, batch accuracy: 100.00, data load time: 0.00299, step time: 0.00904,
epoch: [37], step: [2/1581], batch loss: 0.00648, batch accuracy: 100.00, data load time: 0.00094, step time: 0.01659,
epoch: [37], step: [302/1581], batch loss: 0.04292, batch accuracy: 96.88, data load time: 0.00023, step time: 0.01106,
epoch: [37], step: [602/1581], batch loss: 0.00008, batch accuracy: 100.00, data load time: 0.00024, step time: 0.01244,
epoch: [37], step: [902/1581], batch loss: 0.04937, batch accuracy: 96.88, data load time: 0.00022, step time: 0.00921,
epoch: [37], step: [1202/1581], batch loss: 0.00830, batch accuracy: 100.00, data load time: 0.00025, step time: 0.01038,
epoch: [37], step: [1502/1581], batch loss: 0.00954, batch accuracy: 100.00, data load time: 0.00056, step time: 0.00926,
epoch: [38], step: [221/1581], batch loss: 0.00059, batch accuracy: 100.00, data load time: 0.00023, step time: 0.01065,
epoch: [38], step: [521/1581], batch loss: 0.00438, batch accuracy: 100.00, data load time: 0.00046, step time: 0.00960,
epoch: [38], step: [821/1581], batch loss: 0.00001, batch accuracy: 100.00, data load time: 0.00379, step time: 0.01091,
epoch: [38], step: [1121/1581], batch loss: 0.05786, batch accuracy: 96.88, data load time: 0.00024, step time: 0.00907,
epoch: [38], step: [1421/1581], batch loss: 0.00109, batch accuracy: 100.00, data load time: 0.00025, step time: 0.00892,
epoch: [39], step: [140/1581], batch loss: 0.03941, batch accuracy: 96.88, data load time: 0.00020, step time: 0.01091,
epoch: [39], step: [440/1581], batch loss: 0.00007, batch accuracy: 100.00, data load time: 0.00026, step time: 0.01130,
epoch: [39], step: [740/1581], batch loss: 0.02362, batch accuracy: 100.00, data load time: 0.00021, step time: 0.00906,
epoch: [39], step: [1040/1581], batch loss: 0.04990, batch accuracy: 96.88, data load time: 0.00146, step time: 0.01220,
epoch: [39], step: [1340/1581], batch loss: 0.00111, batch accuracy: 100.00, data load time: 0.00022, step time: 0.01013,
validation loss: 2.97670, accuracy: 63.17, class_accuracy: [34.285714285714285, 85.97560975609755, 72.47838616714698, 70.79646017699115, 86.84210526315789, 26.470588235294116, 86.27450980392157, 82.25806451612904, 52.68817204301075, 71.42857142857143]
epoch: [40], step: [59/1581], batch loss: 0.04600, batch accuracy: 96.88, data load time: 0.00021, step time: 0.01003,
epoch: [40], step: [359/1581], batch loss: 0.00801, batch accuracy: 100.00, data load time: 0.00391, step time: 0.01003,
epoch: [40], step: [659/1581], batch loss: 0.05575, batch accuracy: 96.88, data load time: 0.00024, step time: 0.00913,
epoch: [40], step: [959/1581], batch loss: 0.10633, batch accuracy: 93.75, data load time: 0.00021, step time: 0.00940,
epoch: [40], step: [1259/1581], batch loss: 0.00600, batch accuracy: 100.00, data load time: 0.00297, step time: 0.00950,
epoch: [40], step: [1559/1581], batch loss: 0.10460, batch accuracy: 96.88, data load time: 0.00011, step time: 0.00838,
epoch: [41], step: [278/1581], batch loss: 0.06760, batch accuracy: 96.88, data load time: 0.00021, step time: 0.01055,
epoch: [41], step: [578/1581], batch loss: 0.04265, batch accuracy: 96.88, data load time: 0.00027, step time: 0.00937,
epoch: [41], step: [878/1581], batch loss: 0.00848, batch accuracy: 100.00, data load time: 0.00024, step time: 0.00949,
epoch: [41], step: [1178/1581], batch loss: 0.00140, batch accuracy: 100.00, data load time: 0.00032, step time: 0.01047,
epoch: [41], step: [1478/1581], batch loss: 0.00613, batch accuracy: 100.00, data load time: 0.00023, step time: 0.00930,
epoch: [42], step: [197/1581], batch loss: 0.18334, batch accuracy: 96.88, data load time: 0.00327, step time: 0.01036,
epoch: [42], step: [497/1581], batch loss: 0.00419, batch accuracy: 100.00, data load time: 0.00025, step time: 0.00988,
epoch: [42], step: [797/1581], batch loss: 0.00078, batch accuracy: 100.00, data load time: 0.00032, step time: 0.00917,
epoch: [42], step: [1097/1581], batch loss: 0.00695, batch accuracy: 100.00, data load time: 0.00024, step time: 0.00952,
epoch: [42], step: [1397/1581], batch loss: 0.00980, batch accuracy: 100.00, data load time: 0.00021, step time: 0.01040,
epoch: [43], step: [116/1581], batch loss: 0.00017, batch accuracy: 100.00, data load time: 0.00032, step time: 0.01246,
epoch: [43], step: [416/1581], batch loss: 0.03470, batch accuracy: 96.88, data load time: 0.00023, step time: 0.00920,
epoch: [43], step: [716/1581], batch loss: 0.04283, batch accuracy: 96.88, data load time: 0.00033, step time: 0.00948,
epoch: [43], step: [1016/1581], batch loss: 0.02748, batch accuracy: 100.00, data load time: 0.00023, step time: 0.00962,
epoch: [43], step: [1316/1581], batch loss: 0.01132, batch accuracy: 100.00, data load time: 0.00353, step time: 0.01127,
epoch: [44], step: [35/1581], batch loss: 0.00481, batch accuracy: 100.00, data load time: 0.00019, step time: 0.01131,
epoch: [44], step: [335/1581], batch loss: 0.00060, batch accuracy: 100.00, data load time: 0.00023, step time: 0.01053,
epoch: [44], step: [635/1581], batch loss: 0.00027, batch accuracy: 100.00, data load time: 0.00022, step time: 0.00947,
epoch: [44], step: [935/1581], batch loss: 0.02814, batch accuracy: 96.88, data load time: 0.00024, step time: 0.00909,
epoch: [44], step: [1235/1581], batch loss: 0.00124, batch accuracy: 100.00, data load time: 0.00292, step time: 0.01016,
epoch: [44], step: [1535/1581], batch loss: 0.04726, batch accuracy: 96.88, data load time: 0.00017, step time: 0.00929,
validation loss: 3.17555, accuracy: 60.61, class_accuracy: [36.0, 90.2439024390244, 75.07204610951008, 67.07964601769912, 82.6625386996904, 36.8421052631579, 94.11764705882354, 63.87096774193548, 40.681003584229394, 68.42857142857143]
epoch: [45], step: [254/1581], batch loss: 0.06295, batch accuracy: 96.88, data load time: 0.00020, step time: 0.00912,
epoch: [45], step: [554/1581], batch loss: 0.00235, batch accuracy: 100.00, data load time: 0.00021, step time: 0.01058,
epoch: [45], step: [854/1581], batch loss: 0.03478, batch accuracy: 96.88, data load time: 0.00036, step time: 0.01033,
epoch: [45], step: [1154/1581], batch loss: 0.00039, batch accuracy: 100.00, data load time: 0.00023, step time: 0.01025,
epoch: [45], step: [1454/1581], batch loss: 0.00198, batch accuracy: 100.00, data load time: 0.00025, step time: 0.00966,
epoch: [46], step: [173/1581], batch loss: 0.00062, batch accuracy: 100.00, data load time: 0.00024, step time: 0.00919,
epoch: [46], step: [473/1581], batch loss: 0.00057, batch accuracy: 100.00, data load time: 0.00022, step time: 0.01071,
epoch: [46], step: [773/1581], batch loss: 0.01632, batch accuracy: 100.00, data load time: 0.00477, step time: 0.00935,
epoch: [46], step: [1073/1581], batch loss: 0.00188, batch accuracy: 100.00, data load time: 0.00028, step time: 0.01034,
epoch: [46], step: [1373/1581], batch loss: 0.00140, batch accuracy: 100.00, data load time: 0.00023, step time: 0.00929,
epoch: [47], step: [92/1581], batch loss: 0.03918, batch accuracy: 96.88, data load time: 0.00348, step time: 0.00976,
epoch: [47], step: [392/1581], batch loss: 0.00003, batch accuracy: 100.00, data load time: 0.00022, step time: 0.00951,
epoch: [47], step: [692/1581], batch loss: 0.00165, batch accuracy: 100.00, data load time: 0.00345, step time: 0.01030,
epoch: [47], step: [992/1581], batch loss: 0.00034, batch accuracy: 100.00, data load time: 0.00021, step time: 0.00979,
epoch: [47], step: [1292/1581], batch loss: 0.00314, batch accuracy: 100.00, data load time: 0.00188, step time: 0.00932,
epoch: [48], step: [11/1581], batch loss: 0.30038, batch accuracy: 93.75, data load time: 0.00024, step time: 0.01161,
epoch: [48], step: [311/1581], batch loss: 0.00023, batch accuracy: 100.00, data load time: 0.00021, step time: 0.00933,
epoch: [48], step: [611/1581], batch loss: 0.00099, batch accuracy: 100.00, data load time: 0.00021, step time: 0.01063,
epoch: [48], step: [911/1581], batch loss: 0.00051, batch accuracy: 100.00, data load time: 0.00021, step time: 0.01038,
epoch: [48], step: [1211/1581], batch loss: 0.00017, batch accuracy: 100.00, data load time: 0.00035, step time: 0.01126,
epoch: [48], step: [1511/1581], batch loss: 0.00019, batch accuracy: 100.00, data load time: 0.00025, step time: 0.00993,
epoch: [49], step: [230/1581], batch loss: 0.01047, batch accuracy: 100.00, data load time: 0.00022, step time: 0.01165,
epoch: [49], step: [530/1581], batch loss: 0.01525, batch accuracy: 100.00, data load time: 0.00022, step time: 0.01103,
epoch: [49], step: [830/1581], batch loss: 0.11325, batch accuracy: 96.88, data load time: 0.00025, step time: 0.01039,
epoch: [49], step: [1130/1581], batch loss: 0.00249, batch accuracy: 100.00, data load time: 0.00026, step time: 0.01134,
epoch: [49], step: [1430/1581], batch loss: 0.00110, batch accuracy: 100.00, data load time: 0.00030, step time: 0.00971,
validation loss: 2.76299, accuracy: 66.02, class_accuracy: [52.714285714285715, 90.2439024390244, 61.95965417867435, 70.97345132743362, 82.04334365325077, 54.3343653250774, 86.27450980392157, 86.61290322580645, 46.774193548387096, 63.857142857142854]
Total time taken: 970.3707072734833
