Using CUDA...
tensor([1.0006, 3.4515, 1.0082, 1.2300, 1.1086, 1.0027, 5.6646, 1.0702, 1.0825,
        1.0000], device='cuda:0')
Writing logs to logs/CNN_bn_epochs=50_dropout=0.5_bs=32_lr=0.001_momentum=0.9_mode=MLMC_run_7
epoch: [0], step: [299/1581], batch loss: 1.35518, batch accuracy: 46.88, data load time: 0.00027, step time: 0.01391,
epoch: [0], step: [599/1581], batch loss: 1.05758, batch accuracy: 59.38, data load time: 0.00026, step time: 0.02374,
epoch: [0], step: [899/1581], batch loss: 0.63997, batch accuracy: 78.12, data load time: 0.00023, step time: 0.01390,
epoch: [0], step: [1199/1581], batch loss: 0.91667, batch accuracy: 75.00, data load time: 0.00024, step time: 0.01549,
epoch: [0], step: [1499/1581], batch loss: 0.59380, batch accuracy: 81.25, data load time: 0.00027, step time: 0.02224,
epoch: [1], step: [218/1581], batch loss: 0.46517, batch accuracy: 87.50, data load time: 0.00024, step time: 0.03022,
epoch: [1], step: [518/1581], batch loss: 0.40223, batch accuracy: 81.25, data load time: 0.00024, step time: 0.02503,
epoch: [1], step: [818/1581], batch loss: 0.62293, batch accuracy: 81.25, data load time: 0.00027, step time: 0.02300,
epoch: [1], step: [1118/1581], batch loss: 0.49284, batch accuracy: 78.12, data load time: 0.00037, step time: 0.01404,
epoch: [1], step: [1418/1581], batch loss: 0.65918, batch accuracy: 65.62, data load time: 0.00926, step time: 0.02114,
epoch: [2], step: [137/1581], batch loss: 0.38480, batch accuracy: 87.50, data load time: 0.00026, step time: 0.01391,
epoch: [2], step: [437/1581], batch loss: 0.39973, batch accuracy: 84.38, data load time: 0.00026, step time: 0.01720,
epoch: [2], step: [737/1581], batch loss: 0.21454, batch accuracy: 90.62, data load time: 0.00026, step time: 0.01391,
epoch: [2], step: [1037/1581], batch loss: 0.49355, batch accuracy: 78.12, data load time: 0.00026, step time: 0.01394,
epoch: [2], step: [1337/1581], batch loss: 0.64375, batch accuracy: 75.00, data load time: 0.00027, step time: 0.01389,
epoch: [3], step: [56/1581], batch loss: 1.01479, batch accuracy: 84.38, data load time: 0.00023, step time: 0.01924,
epoch: [3], step: [356/1581], batch loss: 0.34767, batch accuracy: 90.62, data load time: 0.00025, step time: 0.01521,
epoch: [3], step: [656/1581], batch loss: 0.25686, batch accuracy: 93.75, data load time: 0.00027, step time: 0.01392,
epoch: [3], step: [956/1581], batch loss: 0.22170, batch accuracy: 93.75, data load time: 0.00027, step time: 0.01389,
epoch: [3], step: [1256/1581], batch loss: 0.12018, batch accuracy: 96.88, data load time: 0.00024, step time: 0.01391,
epoch: [3], step: [1556/1581], batch loss: 0.39359, batch accuracy: 84.38, data load time: 0.00014, step time: 0.01383,
epoch: [4], step: [275/1581], batch loss: 0.13606, batch accuracy: 96.88, data load time: 0.00026, step time: 0.03170,
epoch: [4], step: [575/1581], batch loss: 0.23232, batch accuracy: 87.50, data load time: 0.00025, step time: 0.02218,
epoch: [4], step: [875/1581], batch loss: 0.47153, batch accuracy: 75.00, data load time: 0.00026, step time: 0.02168,
epoch: [4], step: [1175/1581], batch loss: 0.38171, batch accuracy: 81.25, data load time: 0.00026, step time: 0.01388,
epoch: [4], step: [1475/1581], batch loss: 0.22126, batch accuracy: 93.75, data load time: 0.00025, step time: 0.01393,
validation loss: 0.80288, accuracy: 73.49, class_accuracy: [52.54237288135593, 97.36842105263158, 64.1025641025641, 84.95575221238938, 89.83050847457628, 53.211009174311926, 97.14285714285714, 91.15044247787611, 48.97959183673469, 83.89830508474576]
epoch: [5], step: [194/1581], batch loss: 0.17712, batch accuracy: 96.88, data load time: 0.00034, step time: 0.01393,
epoch: [5], step: [494/1581], batch loss: 0.16235, batch accuracy: 96.88, data load time: 0.00029, step time: 0.01593,
epoch: [5], step: [794/1581], batch loss: 0.32879, batch accuracy: 93.75, data load time: 0.00025, step time: 0.01390,
epoch: [5], step: [1094/1581], batch loss: 0.71400, batch accuracy: 78.12, data load time: 0.00025, step time: 0.01389,
epoch: [5], step: [1394/1581], batch loss: 0.10079, batch accuracy: 96.88, data load time: 0.00366, step time: 0.01388,
epoch: [6], step: [113/1581], batch loss: 0.32884, batch accuracy: 84.38, data load time: 0.00025, step time: 0.01390,
epoch: [6], step: [413/1581], batch loss: 0.19393, batch accuracy: 93.75, data load time: 0.00423, step time: 0.01544,
epoch: [6], step: [713/1581], batch loss: 0.27791, batch accuracy: 87.50, data load time: 0.00030, step time: 0.01395,
epoch: [6], step: [1013/1581], batch loss: 0.22160, batch accuracy: 93.75, data load time: 0.00025, step time: 0.01392,
epoch: [6], step: [1313/1581], batch loss: 0.21373, batch accuracy: 90.62, data load time: 0.00028, step time: 0.02198,
epoch: [7], step: [32/1581], batch loss: 0.14472, batch accuracy: 90.62, data load time: 0.00024, step time: 0.01391,
epoch: [7], step: [332/1581], batch loss: 0.15107, batch accuracy: 93.75, data load time: 0.00033, step time: 0.01502,
epoch: [7], step: [632/1581], batch loss: 0.32279, batch accuracy: 87.50, data load time: 0.00932, step time: 0.02235,
epoch: [7], step: [932/1581], batch loss: 0.11494, batch accuracy: 96.88, data load time: 0.00026, step time: 0.01393,
epoch: [7], step: [1232/1581], batch loss: 0.16086, batch accuracy: 90.62, data load time: 0.00024, step time: 0.01390,
epoch: [7], step: [1532/1581], batch loss: 0.17772, batch accuracy: 93.75, data load time: 0.00021, step time: 0.01391,
epoch: [8], step: [251/1581], batch loss: 0.09766, batch accuracy: 96.88, data load time: 0.00026, step time: 0.02201,
epoch: [8], step: [551/1581], batch loss: 0.15838, batch accuracy: 90.62, data load time: 0.00026, step time: 0.01395,
epoch: [8], step: [851/1581], batch loss: 0.04142, batch accuracy: 100.00, data load time: 0.00026, step time: 0.01451,
epoch: [8], step: [1151/1581], batch loss: 0.08674, batch accuracy: 100.00, data load time: 0.00026, step time: 0.01391,
epoch: [8], step: [1451/1581], batch loss: 0.13623, batch accuracy: 96.88, data load time: 0.00025, step time: 0.02126,
epoch: [9], step: [170/1581], batch loss: 0.10250, batch accuracy: 96.88, data load time: 0.00026, step time: 0.01393,
epoch: [9], step: [470/1581], batch loss: 0.30656, batch accuracy: 87.50, data load time: 0.00478, step time: 0.01399,
epoch: [9], step: [770/1581], batch loss: 0.13279, batch accuracy: 93.75, data load time: 0.00028, step time: 0.01395,
epoch: [9], step: [1070/1581], batch loss: 0.20573, batch accuracy: 93.75, data load time: 0.00038, step time: 0.01391,
epoch: [9], step: [1370/1581], batch loss: 0.10217, batch accuracy: 100.00, data load time: 0.00025, step time: 0.01576,
validation loss: 0.82997, accuracy: 72.67, class_accuracy: [73.72881355932203, 89.47368421052632, 70.94017094017094, 74.33628318584071, 83.89830508474576, 48.62385321100918, 100.0, 89.38053097345133, 54.08163265306123, 68.64406779661017]
epoch: [10], step: [89/1581], batch loss: 0.28091, batch accuracy: 90.62, data load time: 0.00028, step time: 0.01392,
epoch: [10], step: [389/1581], batch loss: 0.08818, batch accuracy: 96.88, data load time: 0.00153, step time: 0.02364,
epoch: [10], step: [689/1581], batch loss: 0.19493, batch accuracy: 93.75, data load time: 0.00032, step time: 0.01393,
epoch: [10], step: [989/1581], batch loss: 0.37781, batch accuracy: 87.50, data load time: 0.00875, step time: 0.02249,
epoch: [10], step: [1289/1581], batch loss: 0.22271, batch accuracy: 93.75, data load time: 0.00024, step time: 0.01389,
epoch: [11], step: [8/1581], batch loss: 0.25886, batch accuracy: 90.62, data load time: 0.00215, step time: 0.02091,
epoch: [11], step: [308/1581], batch loss: 0.19047, batch accuracy: 93.75, data load time: 0.00431, step time: 0.01399,
epoch: [11], step: [608/1581], batch loss: 0.15519, batch accuracy: 93.75, data load time: 0.00026, step time: 0.01391,
epoch: [11], step: [908/1581], batch loss: 0.20912, batch accuracy: 93.75, data load time: 0.00033, step time: 0.01392,
epoch: [11], step: [1208/1581], batch loss: 0.11684, batch accuracy: 93.75, data load time: 0.00035, step time: 0.01392,
epoch: [11], step: [1508/1581], batch loss: 0.10655, batch accuracy: 96.88, data load time: 0.00025, step time: 0.01414,
epoch: [12], step: [227/1581], batch loss: 0.08454, batch accuracy: 96.88, data load time: 0.00028, step time: 0.01392,
epoch: [12], step: [527/1581], batch loss: 0.14041, batch accuracy: 90.62, data load time: 0.00027, step time: 0.01392,
epoch: [12], step: [827/1581], batch loss: 0.07917, batch accuracy: 100.00, data load time: 0.00026, step time: 0.01392,
epoch: [12], step: [1127/1581], batch loss: 0.14397, batch accuracy: 87.50, data load time: 0.00028, step time: 0.01392,
epoch: [12], step: [1427/1581], batch loss: 0.22784, batch accuracy: 93.75, data load time: 0.00376, step time: 0.01466,
epoch: [13], step: [146/1581], batch loss: 0.46427, batch accuracy: 87.50, data load time: 0.00747, step time: 0.01390,
epoch: [13], step: [446/1581], batch loss: 0.23662, batch accuracy: 87.50, data load time: 0.00024, step time: 0.01390,
epoch: [13], step: [746/1581], batch loss: 0.19169, batch accuracy: 93.75, data load time: 0.00034, step time: 0.01390,
epoch: [13], step: [1046/1581], batch loss: 0.23221, batch accuracy: 84.38, data load time: 0.00026, step time: 0.01390,
epoch: [13], step: [1346/1581], batch loss: 0.16149, batch accuracy: 96.88, data load time: 0.00025, step time: 0.01403,
epoch: [14], step: [65/1581], batch loss: 0.11672, batch accuracy: 90.62, data load time: 0.00026, step time: 0.01392,
epoch: [14], step: [365/1581], batch loss: 0.10931, batch accuracy: 93.75, data load time: 0.00027, step time: 0.01393,
epoch: [14], step: [665/1581], batch loss: 0.12193, batch accuracy: 96.88, data load time: 0.00888, step time: 0.02208,
epoch: [14], step: [965/1581], batch loss: 0.11963, batch accuracy: 96.88, data load time: 0.00026, step time: 0.01426,
epoch: [14], step: [1265/1581], batch loss: 0.13258, batch accuracy: 96.88, data load time: 0.00037, step time: 0.01391,
epoch: [14], step: [1565/1581], batch loss: 0.24428, batch accuracy: 90.62, data load time: 0.00014, step time: 0.01384,
validation loss: 0.82538, accuracy: 72.88, class_accuracy: [56.779661016949156, 89.47368421052632, 64.1025641025641, 82.30088495575221, 83.89830508474576, 63.30275229357798, 100.0, 91.15044247787611, 61.224489795918366, 65.2542372881356]
epoch: [15], step: [284/1581], batch loss: 0.23329, batch accuracy: 93.75, data load time: 0.00769, step time: 0.02372,
epoch: [15], step: [584/1581], batch loss: 0.16186, batch accuracy: 96.88, data load time: 0.00026, step time: 0.01394,
epoch: [15], step: [884/1581], batch loss: 0.10113, batch accuracy: 96.88, data load time: 0.00024, step time: 0.02331,
epoch: [15], step: [1184/1581], batch loss: 0.09840, batch accuracy: 100.00, data load time: 0.00025, step time: 0.01393,
epoch: [15], step: [1484/1581], batch loss: 0.19523, batch accuracy: 93.75, data load time: 0.00031, step time: 0.01392,
epoch: [16], step: [203/1581], batch loss: 0.12372, batch accuracy: 90.62, data load time: 0.00025, step time: 0.01391,
epoch: [16], step: [503/1581], batch loss: 0.11857, batch accuracy: 93.75, data load time: 0.00033, step time: 0.01461,
epoch: [16], step: [803/1581], batch loss: 0.36988, batch accuracy: 87.50, data load time: 0.00024, step time: 0.01955,
epoch: [16], step: [1103/1581], batch loss: 0.10111, batch accuracy: 96.88, data load time: 0.00028, step time: 0.02218,
epoch: [16], step: [1403/1581], batch loss: 0.09752, batch accuracy: 96.88, data load time: 0.00909, step time: 0.02298,
epoch: [17], step: [122/1581], batch loss: 0.09364, batch accuracy: 96.88, data load time: 0.00025, step time: 0.01394,
epoch: [17], step: [422/1581], batch loss: 0.05770, batch accuracy: 96.88, data load time: 0.00024, step time: 0.03168,
epoch: [17], step: [722/1581], batch loss: 0.31027, batch accuracy: 84.38, data load time: 0.00913, step time: 0.02211,
epoch: [17], step: [1022/1581], batch loss: 0.16917, batch accuracy: 96.88, data load time: 0.00063, step time: 0.02322,
epoch: [17], step: [1322/1581], batch loss: 0.23911, batch accuracy: 93.75, data load time: 0.00032, step time: 0.01391,
epoch: [18], step: [41/1581], batch loss: 0.21590, batch accuracy: 87.50, data load time: 0.00022, step time: 0.01391,
epoch: [18], step: [341/1581], batch loss: 0.23566, batch accuracy: 93.75, data load time: 0.00416, step time: 0.01493,
epoch: [18], step: [641/1581], batch loss: 0.25648, batch accuracy: 90.62, data load time: 0.00024, step time: 0.01408,
epoch: [18], step: [941/1581], batch loss: 0.39237, batch accuracy: 90.62, data load time: 0.00024, step time: 0.01391,
epoch: [18], step: [1241/1581], batch loss: 0.21043, batch accuracy: 90.62, data load time: 0.00030, step time: 0.01400,
epoch: [18], step: [1541/1581], batch loss: 0.11028, batch accuracy: 93.75, data load time: 0.00015, step time: 0.01397,
epoch: [19], step: [260/1581], batch loss: 0.19478, batch accuracy: 93.75, data load time: 0.00064, step time: 0.01538,
epoch: [19], step: [560/1581], batch loss: 0.08749, batch accuracy: 96.88, data load time: 0.00025, step time: 0.01390,
epoch: [19], step: [860/1581], batch loss: 0.20230, batch accuracy: 93.75, data load time: 0.00028, step time: 0.01393,
epoch: [19], step: [1160/1581], batch loss: 0.27427, batch accuracy: 87.50, data load time: 0.00025, step time: 0.02123,
epoch: [19], step: [1460/1581], batch loss: 0.16185, batch accuracy: 100.00, data load time: 0.00028, step time: 0.01413,
validation loss: 0.71993, accuracy: 76.66, class_accuracy: [50.0, 100.0, 74.35897435897436, 81.41592920353982, 81.35593220338983, 66.05504587155963, 97.14285714285714, 95.57522123893806, 66.3265306122449, 83.05084745762711]
epoch: [20], step: [179/1581], batch loss: 0.29914, batch accuracy: 87.50, data load time: 0.00026, step time: 0.01392,
epoch: [20], step: [479/1581], batch loss: 0.12547, batch accuracy: 93.75, data load time: 0.00026, step time: 0.01393,
epoch: [20], step: [779/1581], batch loss: 0.17470, batch accuracy: 93.75, data load time: 0.00024, step time: 0.01391,
epoch: [20], step: [1079/1581], batch loss: 0.14319, batch accuracy: 93.75, data load time: 0.00028, step time: 0.01388,
epoch: [20], step: [1379/1581], batch loss: 0.26603, batch accuracy: 87.50, data load time: 0.00026, step time: 0.01755,
epoch: [21], step: [98/1581], batch loss: 0.09730, batch accuracy: 96.88, data load time: 0.00026, step time: 0.03021,
epoch: [21], step: [398/1581], batch loss: 0.18361, batch accuracy: 90.62, data load time: 0.00027, step time: 0.01392,
epoch: [21], step: [698/1581], batch loss: 0.05137, batch accuracy: 100.00, data load time: 0.00026, step time: 0.01390,
epoch: [21], step: [998/1581], batch loss: 0.41632, batch accuracy: 90.62, data load time: 0.00030, step time: 0.01393,
epoch: [21], step: [1298/1581], batch loss: 0.12504, batch accuracy: 93.75, data load time: 0.00031, step time: 0.01392,
epoch: [22], step: [17/1581], batch loss: 0.18352, batch accuracy: 93.75, data load time: 0.00024, step time: 0.02329,
epoch: [22], step: [317/1581], batch loss: 0.29042, batch accuracy: 90.62, data load time: 0.00026, step time: 0.01394,
epoch: [22], step: [617/1581], batch loss: 0.15047, batch accuracy: 93.75, data load time: 0.00036, step time: 0.02456,
epoch: [22], step: [917/1581], batch loss: 0.07278, batch accuracy: 96.88, data load time: 0.00026, step time: 0.01389,
epoch: [22], step: [1217/1581], batch loss: 0.04164, batch accuracy: 100.00, data load time: 0.00057, step time: 0.01420,
epoch: [22], step: [1517/1581], batch loss: 0.08616, batch accuracy: 96.88, data load time: 0.00026, step time: 0.01392,
epoch: [23], step: [236/1581], batch loss: 0.05177, batch accuracy: 100.00, data load time: 0.00041, step time: 0.01464,
epoch: [23], step: [536/1581], batch loss: 0.24026, batch accuracy: 93.75, data load time: 0.00042, step time: 0.01516,
epoch: [23], step: [836/1581], batch loss: 0.14111, batch accuracy: 96.88, data load time: 0.00026, step time: 0.01391,
epoch: [23], step: [1136/1581], batch loss: 0.39789, batch accuracy: 93.75, data load time: 0.00027, step time: 0.01395,
epoch: [23], step: [1436/1581], batch loss: 0.29838, batch accuracy: 90.62, data load time: 0.00441, step time: 0.01446,
epoch: [24], step: [155/1581], batch loss: 0.04465, batch accuracy: 100.00, data load time: 0.00023, step time: 0.01390,
epoch: [24], step: [455/1581], batch loss: 0.13497, batch accuracy: 96.88, data load time: 0.00026, step time: 0.01394,
epoch: [24], step: [755/1581], batch loss: 0.07123, batch accuracy: 100.00, data load time: 0.00029, step time: 0.03107,
epoch: [24], step: [1055/1581], batch loss: 0.56665, batch accuracy: 93.75, data load time: 0.00063, step time: 0.01951,
epoch: [24], step: [1355/1581], batch loss: 0.16697, batch accuracy: 93.75, data load time: 0.00390, step time: 0.01397,
validation loss: 0.81762, accuracy: 72.67, class_accuracy: [54.23728813559322, 94.73684210526316, 81.19658119658119, 76.99115044247787, 63.559322033898304, 55.96330275229358, 100.0, 91.15044247787611, 60.204081632653065, 80.50847457627118]
epoch: [25], step: [74/1581], batch loss: 0.10546, batch accuracy: 100.00, data load time: 0.00026, step time: 0.02378,
epoch: [25], step: [374/1581], batch loss: 0.08925, batch accuracy: 96.88, data load time: 0.00065, step time: 0.01808,
epoch: [25], step: [674/1581], batch loss: 0.12568, batch accuracy: 96.88, data load time: 0.00032, step time: 0.01446,
epoch: [25], step: [974/1581], batch loss: 0.19834, batch accuracy: 93.75, data load time: 0.00038, step time: 0.01395,
epoch: [25], step: [1274/1581], batch loss: 0.11309, batch accuracy: 96.88, data load time: 0.00032, step time: 0.01469,
epoch: [25], step: [1574/1581], batch loss: 0.27500, batch accuracy: 90.62, data load time: 0.00014, step time: 0.01384,
epoch: [26], step: [293/1581], batch loss: 0.03033, batch accuracy: 100.00, data load time: 0.00453, step time: 0.02211,
epoch: [26], step: [593/1581], batch loss: 0.17558, batch accuracy: 93.75, data load time: 0.00028, step time: 0.01393,
epoch: [26], step: [893/1581], batch loss: 0.16550, batch accuracy: 93.75, data load time: 0.00033, step time: 0.01391,
epoch: [26], step: [1193/1581], batch loss: 0.22134, batch accuracy: 87.50, data load time: 0.00026, step time: 0.02202,
epoch: [26], step: [1493/1581], batch loss: 0.09346, batch accuracy: 96.88, data load time: 0.00025, step time: 0.01392,
epoch: [27], step: [212/1581], batch loss: 0.06376, batch accuracy: 96.88, data load time: 0.00026, step time: 0.01390,
epoch: [27], step: [512/1581], batch loss: 0.04016, batch accuracy: 100.00, data load time: 0.00026, step time: 0.01394,
epoch: [27], step: [812/1581], batch loss: 0.07589, batch accuracy: 96.88, data load time: 0.00025, step time: 0.01392,
epoch: [27], step: [1112/1581], batch loss: 0.10990, batch accuracy: 93.75, data load time: 0.00379, step time: 0.01391,
epoch: [27], step: [1412/1581], batch loss: 0.05133, batch accuracy: 100.00, data load time: 0.00480, step time: 0.01514,
epoch: [28], step: [131/1581], batch loss: 0.07705, batch accuracy: 93.75, data load time: 0.00027, step time: 0.02468,
epoch: [28], step: [431/1581], batch loss: 0.16459, batch accuracy: 90.62, data load time: 0.00519, step time: 0.01394,
epoch: [28], step: [731/1581], batch loss: 0.10048, batch accuracy: 100.00, data load time: 0.00025, step time: 0.01409,
epoch: [28], step: [1031/1581], batch loss: 0.15500, batch accuracy: 96.88, data load time: 0.00025, step time: 0.01415,
epoch: [28], step: [1331/1581], batch loss: 0.08492, batch accuracy: 93.75, data load time: 0.00027, step time: 0.01498,
epoch: [29], step: [50/1581], batch loss: 0.15313, batch accuracy: 90.62, data load time: 0.00022, step time: 0.01392,
epoch: [29], step: [350/1581], batch loss: 0.22144, batch accuracy: 93.75, data load time: 0.00026, step time: 0.01515,
epoch: [29], step: [650/1581], batch loss: 0.18876, batch accuracy: 93.75, data load time: 0.00025, step time: 0.01392,
epoch: [29], step: [950/1581], batch loss: 0.05859, batch accuracy: 100.00, data load time: 0.00027, step time: 0.02378,
epoch: [29], step: [1250/1581], batch loss: 0.24043, batch accuracy: 90.62, data load time: 0.00024, step time: 0.01399,
epoch: [29], step: [1550/1581], batch loss: 0.03050, batch accuracy: 100.00, data load time: 0.00014, step time: 0.01394,
validation loss: 0.78204, accuracy: 75.64, class_accuracy: [59.32203389830509, 89.47368421052632, 77.77777777777777, 83.1858407079646, 81.35593220338983, 61.46788990825688, 97.14285714285714, 88.49557522123894, 52.04081632653061, 86.44067796610169]
epoch: [30], step: [269/1581], batch loss: 0.24145, batch accuracy: 90.62, data load time: 0.00026, step time: 0.01394,
epoch: [30], step: [569/1581], batch loss: 0.05915, batch accuracy: 100.00, data load time: 0.00025, step time: 0.03164,
epoch: [30], step: [869/1581], batch loss: 0.02882, batch accuracy: 100.00, data load time: 0.00037, step time: 0.01393,
epoch: [30], step: [1169/1581], batch loss: 0.09860, batch accuracy: 93.75, data load time: 0.00027, step time: 0.01394,
epoch: [30], step: [1469/1581], batch loss: 0.18402, batch accuracy: 90.62, data load time: 0.00026, step time: 0.01394,
epoch: [31], step: [188/1581], batch loss: 0.09976, batch accuracy: 96.88, data load time: 0.00691, step time: 0.01391,
epoch: [31], step: [488/1581], batch loss: 0.09125, batch accuracy: 96.88, data load time: 0.00026, step time: 0.01393,
epoch: [31], step: [788/1581], batch loss: 0.14956, batch accuracy: 93.75, data load time: 0.00028, step time: 0.03005,
epoch: [31], step: [1088/1581], batch loss: 0.43407, batch accuracy: 87.50, data load time: 0.00025, step time: 0.02084,
epoch: [31], step: [1388/1581], batch loss: 0.07691, batch accuracy: 100.00, data load time: 0.00026, step time: 0.01391,
epoch: [32], step: [107/1581], batch loss: 0.11282, batch accuracy: 96.88, data load time: 0.00026, step time: 0.02203,
epoch: [32], step: [407/1581], batch loss: 0.37277, batch accuracy: 84.38, data load time: 0.00026, step time: 0.01907,
epoch: [32], step: [707/1581], batch loss: 0.07708, batch accuracy: 93.75, data load time: 0.00025, step time: 0.02288,
epoch: [32], step: [1007/1581], batch loss: 0.12438, batch accuracy: 93.75, data load time: 0.00027, step time: 0.01393,
epoch: [32], step: [1307/1581], batch loss: 0.30734, batch accuracy: 90.62, data load time: 0.00030, step time: 0.01623,
epoch: [33], step: [26/1581], batch loss: 0.17049, batch accuracy: 96.88, data load time: 0.00027, step time: 0.02229,
epoch: [33], step: [326/1581], batch loss: 0.17753, batch accuracy: 90.62, data load time: 0.00025, step time: 0.02167,
epoch: [33], step: [626/1581], batch loss: 0.14909, batch accuracy: 96.88, data load time: 0.00025, step time: 0.01393,
epoch: [33], step: [926/1581], batch loss: 0.10111, batch accuracy: 96.88, data load time: 0.00025, step time: 0.02376,
epoch: [33], step: [1226/1581], batch loss: 0.18981, batch accuracy: 87.50, data load time: 0.00032, step time: 0.01423,
epoch: [33], step: [1526/1581], batch loss: 0.09407, batch accuracy: 96.88, data load time: 0.00020, step time: 0.01396,
epoch: [34], step: [245/1581], batch loss: 0.08977, batch accuracy: 96.88, data load time: 0.00403, step time: 0.01606,
epoch: [34], step: [545/1581], batch loss: 0.18873, batch accuracy: 93.75, data load time: 0.00027, step time: 0.01392,
epoch: [34], step: [845/1581], batch loss: 0.16214, batch accuracy: 93.75, data load time: 0.00025, step time: 0.01394,
epoch: [34], step: [1145/1581], batch loss: 0.08133, batch accuracy: 96.88, data load time: 0.00034, step time: 0.01395,
epoch: [34], step: [1445/1581], batch loss: 0.20383, batch accuracy: 90.62, data load time: 0.00029, step time: 0.01497,
validation loss: 0.90949, accuracy: 75.54, class_accuracy: [40.67796610169491, 100.0, 73.5042735042735, 82.30088495575221, 82.20338983050847, 75.22935779816514, 94.28571428571429, 92.03539823008849, 61.224489795918366, 82.20338983050847]
epoch: [35], step: [164/1581], batch loss: 0.22507, batch accuracy: 90.62, data load time: 0.00023, step time: 0.01391,
epoch: [35], step: [464/1581], batch loss: 0.14429, batch accuracy: 96.88, data load time: 0.00023, step time: 0.01392,
epoch: [35], step: [764/1581], batch loss: 0.20319, batch accuracy: 90.62, data load time: 0.00025, step time: 0.01394,
epoch: [35], step: [1064/1581], batch loss: 0.20728, batch accuracy: 93.75, data load time: 0.00063, step time: 0.01393,
epoch: [35], step: [1364/1581], batch loss: 0.07622, batch accuracy: 100.00, data load time: 0.00025, step time: 0.01796,
epoch: [36], step: [83/1581], batch loss: 0.14273, batch accuracy: 96.88, data load time: 0.00027, step time: 0.01393,
epoch: [36], step: [383/1581], batch loss: 0.40431, batch accuracy: 84.38, data load time: 0.00026, step time: 0.01395,
epoch: [36], step: [683/1581], batch loss: 0.15850, batch accuracy: 93.75, data load time: 0.00027, step time: 0.02183,
epoch: [36], step: [983/1581], batch loss: 0.07455, batch accuracy: 96.88, data load time: 0.00026, step time: 0.01391,
epoch: [36], step: [1283/1581], batch loss: 0.18844, batch accuracy: 90.62, data load time: 0.00027, step time: 0.03076,
epoch: [37], step: [2/1581], batch loss: 0.33346, batch accuracy: 84.38, data load time: 0.00023, step time: 0.01865,
epoch: [37], step: [302/1581], batch loss: 0.15305, batch accuracy: 96.88, data load time: 0.00063, step time: 0.01395,
epoch: [37], step: [602/1581], batch loss: 0.26017, batch accuracy: 87.50, data load time: 0.00025, step time: 0.01392,
epoch: [37], step: [902/1581], batch loss: 0.09199, batch accuracy: 100.00, data load time: 0.00034, step time: 0.01552,
epoch: [37], step: [1202/1581], batch loss: 0.09030, batch accuracy: 96.88, data load time: 0.00025, step time: 0.01437,
epoch: [37], step: [1502/1581], batch loss: 0.19269, batch accuracy: 90.62, data load time: 0.00036, step time: 0.01563,
epoch: [38], step: [221/1581], batch loss: 0.13704, batch accuracy: 93.75, data load time: 0.00024, step time: 0.01390,
epoch: [38], step: [521/1581], batch loss: 0.16923, batch accuracy: 100.00, data load time: 0.00025, step time: 0.01390,
epoch: [38], step: [821/1581], batch loss: 0.04129, batch accuracy: 100.00, data load time: 0.00026, step time: 0.01393,
epoch: [38], step: [1121/1581], batch loss: 0.58464, batch accuracy: 84.38, data load time: 0.00957, step time: 0.01398,
epoch: [38], step: [1421/1581], batch loss: 0.12824, batch accuracy: 93.75, data load time: 0.00025, step time: 0.01399,
epoch: [39], step: [140/1581], batch loss: 0.11156, batch accuracy: 96.88, data load time: 0.00026, step time: 0.01430,
epoch: [39], step: [440/1581], batch loss: 0.09474, batch accuracy: 100.00, data load time: 0.00490, step time: 0.01448,
epoch: [39], step: [740/1581], batch loss: 0.12265, batch accuracy: 96.88, data load time: 0.00027, step time: 0.01395,
epoch: [39], step: [1040/1581], batch loss: 0.26525, batch accuracy: 90.62, data load time: 0.00359, step time: 0.01392,
epoch: [39], step: [1340/1581], batch loss: 0.18511, batch accuracy: 93.75, data load time: 0.00363, step time: 0.01585,
validation loss: 0.91338, accuracy: 73.39, class_accuracy: [39.83050847457627, 89.47368421052632, 71.7948717948718, 84.070796460177, 83.89830508474576, 74.31192660550458, 97.14285714285714, 92.92035398230088, 44.89795918367347, 79.66101694915254]
epoch: [40], step: [59/1581], batch loss: 0.09544, batch accuracy: 96.88, data load time: 0.00027, step time: 0.01395,
epoch: [40], step: [359/1581], batch loss: 0.19092, batch accuracy: 93.75, data load time: 0.00044, step time: 0.01446,
epoch: [40], step: [659/1581], batch loss: 0.07820, batch accuracy: 96.88, data load time: 0.00025, step time: 0.01395,
epoch: [40], step: [959/1581], batch loss: 0.27993, batch accuracy: 87.50, data load time: 0.00026, step time: 0.02191,
epoch: [40], step: [1259/1581], batch loss: 0.21812, batch accuracy: 90.62, data load time: 0.00031, step time: 0.02274,
epoch: [40], step: [1559/1581], batch loss: 0.13001, batch accuracy: 96.88, data load time: 0.00014, step time: 0.01385,
epoch: [41], step: [278/1581], batch loss: 0.12943, batch accuracy: 93.75, data load time: 0.00437, step time: 0.01608,
epoch: [41], step: [578/1581], batch loss: 0.11021, batch accuracy: 93.75, data load time: 0.00025, step time: 0.01414,
epoch: [41], step: [878/1581], batch loss: 0.16033, batch accuracy: 93.75, data load time: 0.00025, step time: 0.01407,
epoch: [41], step: [1178/1581], batch loss: 0.12235, batch accuracy: 96.88, data load time: 0.00054, step time: 0.02279,
epoch: [41], step: [1478/1581], batch loss: 0.06715, batch accuracy: 100.00, data load time: 0.00036, step time: 0.01395,
epoch: [42], step: [197/1581], batch loss: 0.15390, batch accuracy: 96.88, data load time: 0.00026, step time: 0.01391,
epoch: [42], step: [497/1581], batch loss: 0.13807, batch accuracy: 90.62, data load time: 0.00025, step time: 0.01779,
epoch: [42], step: [797/1581], batch loss: 0.14318, batch accuracy: 93.75, data load time: 0.00025, step time: 0.01417,
epoch: [42], step: [1097/1581], batch loss: 0.18008, batch accuracy: 93.75, data load time: 0.00026, step time: 0.02171,
epoch: [42], step: [1397/1581], batch loss: 0.24880, batch accuracy: 90.62, data load time: 0.00026, step time: 0.01393,
epoch: [43], step: [116/1581], batch loss: 0.10241, batch accuracy: 100.00, data load time: 0.00412, step time: 0.01562,
epoch: [43], step: [416/1581], batch loss: 0.02904, batch accuracy: 100.00, data load time: 0.00023, step time: 0.01396,
epoch: [43], step: [716/1581], batch loss: 0.21377, batch accuracy: 90.62, data load time: 0.00025, step time: 0.01408,
epoch: [43], step: [1016/1581], batch loss: 0.28153, batch accuracy: 93.75, data load time: 0.00025, step time: 0.01398,
epoch: [43], step: [1316/1581], batch loss: 0.11900, batch accuracy: 90.62, data load time: 0.00033, step time: 0.01553,
epoch: [44], step: [35/1581], batch loss: 0.08265, batch accuracy: 96.88, data load time: 0.00024, step time: 0.01539,
epoch: [44], step: [335/1581], batch loss: 0.10487, batch accuracy: 96.88, data load time: 0.00024, step time: 0.01393,
epoch: [44], step: [635/1581], batch loss: 0.12922, batch accuracy: 96.88, data load time: 0.00026, step time: 0.01393,
epoch: [44], step: [935/1581], batch loss: 0.04588, batch accuracy: 100.00, data load time: 0.00035, step time: 0.02867,
epoch: [44], step: [1235/1581], batch loss: 0.17078, batch accuracy: 93.75, data load time: 0.00035, step time: 0.01465,
epoch: [44], step: [1535/1581], batch loss: 0.15449, batch accuracy: 96.88, data load time: 0.00032, step time: 0.01475,
validation loss: 0.90862, accuracy: 73.39, class_accuracy: [39.83050847457627, 89.47368421052632, 82.90598290598291, 77.87610619469027, 84.7457627118644, 66.97247706422019, 97.14285714285714, 95.57522123893806, 63.265306122448976, 62.71186440677966]
epoch: [45], step: [254/1581], batch loss: 0.20978, batch accuracy: 96.88, data load time: 0.00028, step time: 0.01396,
epoch: [45], step: [554/1581], batch loss: 0.23834, batch accuracy: 93.75, data load time: 0.00026, step time: 0.01392,
epoch: [45], step: [854/1581], batch loss: 0.20839, batch accuracy: 93.75, data load time: 0.00026, step time: 0.01393,
epoch: [45], step: [1154/1581], batch loss: 0.58144, batch accuracy: 81.25, data load time: 0.00024, step time: 0.01393,
epoch: [45], step: [1454/1581], batch loss: 0.11972, batch accuracy: 96.88, data load time: 0.00026, step time: 0.01392,
epoch: [46], step: [173/1581], batch loss: 0.24923, batch accuracy: 93.75, data load time: 0.00024, step time: 0.01871,
epoch: [46], step: [473/1581], batch loss: 0.10496, batch accuracy: 93.75, data load time: 0.00026, step time: 0.01391,
epoch: [46], step: [773/1581], batch loss: 0.04888, batch accuracy: 96.88, data load time: 0.00284, step time: 0.01448,
epoch: [46], step: [1073/1581], batch loss: 0.10281, batch accuracy: 96.88, data load time: 0.00027, step time: 0.02322,
epoch: [46], step: [1373/1581], batch loss: 0.12750, batch accuracy: 90.62, data load time: 0.00026, step time: 0.01392,
epoch: [47], step: [92/1581], batch loss: 0.18356, batch accuracy: 90.62, data load time: 0.00025, step time: 0.01708,
epoch: [47], step: [392/1581], batch loss: 0.04753, batch accuracy: 100.00, data load time: 0.00026, step time: 0.01393,
epoch: [47], step: [692/1581], batch loss: 0.16517, batch accuracy: 93.75, data load time: 0.00225, step time: 0.01400,
epoch: [47], step: [992/1581], batch loss: 0.16015, batch accuracy: 96.88, data load time: 0.00025, step time: 0.01391,
epoch: [47], step: [1292/1581], batch loss: 0.11526, batch accuracy: 96.88, data load time: 0.00025, step time: 0.01406,
epoch: [48], step: [11/1581], batch loss: 0.04781, batch accuracy: 100.00, data load time: 0.00023, step time: 0.02655,
epoch: [48], step: [311/1581], batch loss: 0.03010, batch accuracy: 100.00, data load time: 0.00067, step time: 0.02363,
epoch: [48], step: [611/1581], batch loss: 0.16680, batch accuracy: 96.88, data load time: 0.00026, step time: 0.01393,
epoch: [48], step: [911/1581], batch loss: 0.18499, batch accuracy: 90.62, data load time: 0.00026, step time: 0.02120,
epoch: [48], step: [1211/1581], batch loss: 0.16609, batch accuracy: 90.62, data load time: 0.00026, step time: 0.01391,
epoch: [48], step: [1511/1581], batch loss: 0.19226, batch accuracy: 93.75, data load time: 0.00389, step time: 0.01553,
epoch: [49], step: [230/1581], batch loss: 0.16021, batch accuracy: 96.88, data load time: 0.00024, step time: 0.01390,
epoch: [49], step: [530/1581], batch loss: 0.08710, batch accuracy: 93.75, data load time: 0.00024, step time: 0.01391,
epoch: [49], step: [830/1581], batch loss: 0.17800, batch accuracy: 90.62, data load time: 0.00026, step time: 0.01396,
epoch: [49], step: [1130/1581], batch loss: 0.11150, batch accuracy: 96.88, data load time: 0.00384, step time: 0.01463,
epoch: [49], step: [1430/1581], batch loss: 0.10464, batch accuracy: 96.88, data load time: 0.00034, step time: 0.01475,
validation loss: 0.88322, accuracy: 74.72, class_accuracy: [38.13559322033898, 89.47368421052632, 66.66666666666667, 81.41592920353982, 84.7457627118644, 73.39449541284404, 97.14285714285714, 97.34513274336283, 59.183673469387756, 83.89830508474576]
Total time taken: 1484.4765145778656
