Using CUDA...
Writing logs to logs/CNN_bn_epochs=50_dropout=0.5_bs=32_optim=AdamW_decay=1e-05_lr=0.001_momentum=0.9_mode=LMC_run_2
epoch: [0], step: [299/1581], batch loss: 1.50259, batch accuracy: 43.75, data load time: 0.00576, step time: 0.01234,
epoch: [0], step: [599/1581], batch loss: 0.76045, batch accuracy: 71.88, data load time: 0.00039, step time: 0.01070,
epoch: [0], step: [899/1581], batch loss: 0.68680, batch accuracy: 78.12, data load time: 0.00023, step time: 0.01115,
epoch: [0], step: [1199/1581], batch loss: 0.86517, batch accuracy: 68.75, data load time: 0.00023, step time: 0.02150,
epoch: [0], step: [1499/1581], batch loss: 0.48675, batch accuracy: 84.38, data load time: 0.00373, step time: 0.01478,
epoch: [1], step: [218/1581], batch loss: 0.31558, batch accuracy: 84.38, data load time: 0.00027, step time: 0.01231,
epoch: [1], step: [518/1581], batch loss: 0.67426, batch accuracy: 71.88, data load time: 0.00039, step time: 0.01100,
epoch: [1], step: [818/1581], batch loss: 0.23425, batch accuracy: 93.75, data load time: 0.00025, step time: 0.01732,
epoch: [1], step: [1118/1581], batch loss: 0.41758, batch accuracy: 84.38, data load time: 0.00023, step time: 0.00976,
epoch: [1], step: [1418/1581], batch loss: 0.24554, batch accuracy: 90.62, data load time: 0.00572, step time: 0.01166,
epoch: [2], step: [137/1581], batch loss: 0.16576, batch accuracy: 93.75, data load time: 0.00027, step time: 0.01318,
epoch: [2], step: [437/1581], batch loss: 0.49108, batch accuracy: 84.38, data load time: 0.00388, step time: 0.01063,
epoch: [2], step: [737/1581], batch loss: 0.20813, batch accuracy: 93.75, data load time: 0.00052, step time: 0.01209,
epoch: [2], step: [1037/1581], batch loss: 0.23402, batch accuracy: 93.75, data load time: 0.00022, step time: 0.01125,
epoch: [2], step: [1337/1581], batch loss: 0.30950, batch accuracy: 87.50, data load time: 0.00024, step time: 0.01694,
epoch: [3], step: [56/1581], batch loss: 0.44878, batch accuracy: 87.50, data load time: 0.00021, step time: 0.01096,
epoch: [3], step: [356/1581], batch loss: 0.13515, batch accuracy: 93.75, data load time: 0.00046, step time: 0.01030,
epoch: [3], step: [656/1581], batch loss: 0.09398, batch accuracy: 96.88, data load time: 0.00023, step time: 0.01541,
epoch: [3], step: [956/1581], batch loss: 0.15024, batch accuracy: 93.75, data load time: 0.00023, step time: 0.01752,
epoch: [3], step: [1256/1581], batch loss: 0.10009, batch accuracy: 96.88, data load time: 0.00024, step time: 0.01165,
epoch: [3], step: [1556/1581], batch loss: 0.11669, batch accuracy: 93.75, data load time: 0.00011, step time: 0.00871,
epoch: [4], step: [275/1581], batch loss: 0.21415, batch accuracy: 93.75, data load time: 0.00024, step time: 0.01720,
epoch: [4], step: [575/1581], batch loss: 0.04657, batch accuracy: 100.00, data load time: 0.00025, step time: 0.01866,
epoch: [4], step: [875/1581], batch loss: 0.04690, batch accuracy: 100.00, data load time: 0.00026, step time: 0.01005,
epoch: [4], step: [1175/1581], batch loss: 0.16109, batch accuracy: 93.75, data load time: 0.00029, step time: 0.01027,
epoch: [4], step: [1475/1581], batch loss: 0.08304, batch accuracy: 96.88, data load time: 0.00025, step time: 0.01147,
validation loss: 1.20343, accuracy: 68.07, class_accuracy: [49.152542372881356, 89.47368421052632, 64.1025641025641, 71.68141592920354, 92.37288135593221, 49.54128440366973, 100.0, 94.69026548672566, 51.02040816326531, 52.54237288135593]
epoch: [5], step: [194/1581], batch loss: 0.35073, batch accuracy: 84.38, data load time: 0.00024, step time: 0.01599,
epoch: [5], step: [494/1581], batch loss: 0.09263, batch accuracy: 93.75, data load time: 0.00024, step time: 0.01113,
epoch: [5], step: [794/1581], batch loss: 0.02042, batch accuracy: 100.00, data load time: 0.00024, step time: 0.01285,
epoch: [5], step: [1094/1581], batch loss: 0.20292, batch accuracy: 93.75, data load time: 0.00024, step time: 0.01045,
epoch: [5], step: [1394/1581], batch loss: 0.05628, batch accuracy: 100.00, data load time: 0.00023, step time: 0.01549,
epoch: [6], step: [113/1581], batch loss: 0.10868, batch accuracy: 100.00, data load time: 0.00024, step time: 0.01563,
epoch: [6], step: [413/1581], batch loss: 0.01414, batch accuracy: 100.00, data load time: 0.00025, step time: 0.01020,
epoch: [6], step: [713/1581], batch loss: 0.53992, batch accuracy: 90.62, data load time: 0.00025, step time: 0.01777,
epoch: [6], step: [1013/1581], batch loss: 0.07636, batch accuracy: 96.88, data load time: 0.00025, step time: 0.01217,
epoch: [6], step: [1313/1581], batch loss: 0.09379, batch accuracy: 93.75, data load time: 0.00024, step time: 0.00965,
epoch: [7], step: [32/1581], batch loss: 0.10846, batch accuracy: 96.88, data load time: 0.00020, step time: 0.01157,
epoch: [7], step: [332/1581], batch loss: 0.10053, batch accuracy: 90.62, data load time: 0.00033, step time: 0.01134,
epoch: [7], step: [632/1581], batch loss: 0.08316, batch accuracy: 96.88, data load time: 0.00353, step time: 0.01137,
epoch: [7], step: [932/1581], batch loss: 0.04517, batch accuracy: 100.00, data load time: 0.00026, step time: 0.01007,
epoch: [7], step: [1232/1581], batch loss: 0.03826, batch accuracy: 100.00, data load time: 0.00566, step time: 0.01107,
epoch: [7], step: [1532/1581], batch loss: 0.11208, batch accuracy: 96.88, data load time: 0.00018, step time: 0.00935,
epoch: [8], step: [251/1581], batch loss: 0.06249, batch accuracy: 96.88, data load time: 0.00332, step time: 0.01115,
epoch: [8], step: [551/1581], batch loss: 0.03756, batch accuracy: 96.88, data load time: 0.00028, step time: 0.00986,
epoch: [8], step: [851/1581], batch loss: 0.10697, batch accuracy: 96.88, data load time: 0.00024, step time: 0.01730,
epoch: [8], step: [1151/1581], batch loss: 0.05834, batch accuracy: 96.88, data load time: 0.00024, step time: 0.00988,
epoch: [8], step: [1451/1581], batch loss: 0.12649, batch accuracy: 93.75, data load time: 0.00026, step time: 0.01334,
epoch: [9], step: [170/1581], batch loss: 0.04277, batch accuracy: 96.88, data load time: 0.00109, step time: 0.01028,
epoch: [9], step: [470/1581], batch loss: 0.01544, batch accuracy: 100.00, data load time: 0.00024, step time: 0.01157,
epoch: [9], step: [770/1581], batch loss: 0.07622, batch accuracy: 96.88, data load time: 0.00034, step time: 0.01049,
epoch: [9], step: [1070/1581], batch loss: 0.02262, batch accuracy: 100.00, data load time: 0.00489, step time: 0.01204,
epoch: [9], step: [1370/1581], batch loss: 0.01745, batch accuracy: 100.00, data load time: 0.00025, step time: 0.00983,
validation loss: 1.33570, accuracy: 68.17, class_accuracy: [38.13559322033898, 89.47368421052632, 70.94017094017094, 80.53097345132744, 84.7457627118644, 39.44954128440367, 85.71428571428571, 94.69026548672566, 53.06122448979592, 68.64406779661017]
epoch: [10], step: [89/1581], batch loss: 0.05896, batch accuracy: 96.88, data load time: 0.00556, step time: 0.01080,
epoch: [10], step: [389/1581], batch loss: 0.02781, batch accuracy: 100.00, data load time: 0.00022, step time: 0.01105,
epoch: [10], step: [689/1581], batch loss: 0.03334, batch accuracy: 96.88, data load time: 0.00024, step time: 0.01219,
epoch: [10], step: [989/1581], batch loss: 0.03525, batch accuracy: 100.00, data load time: 0.00025, step time: 0.01820,
epoch: [10], step: [1289/1581], batch loss: 0.04163, batch accuracy: 96.88, data load time: 0.00350, step time: 0.01262,
epoch: [11], step: [8/1581], batch loss: 0.12933, batch accuracy: 96.88, data load time: 0.00025, step time: 0.01989,
epoch: [11], step: [308/1581], batch loss: 0.00458, batch accuracy: 100.00, data load time: 0.00024, step time: 0.01753,
epoch: [11], step: [608/1581], batch loss: 0.05974, batch accuracy: 96.88, data load time: 0.00332, step time: 0.01252,
epoch: [11], step: [908/1581], batch loss: 0.01541, batch accuracy: 100.00, data load time: 0.00025, step time: 0.01065,
epoch: [11], step: [1208/1581], batch loss: 0.09887, batch accuracy: 93.75, data load time: 0.00024, step time: 0.01052,
epoch: [11], step: [1508/1581], batch loss: 0.30705, batch accuracy: 90.62, data load time: 0.00027, step time: 0.01999,
epoch: [12], step: [227/1581], batch loss: 0.01633, batch accuracy: 100.00, data load time: 0.00023, step time: 0.01577,
epoch: [12], step: [527/1581], batch loss: 0.01194, batch accuracy: 100.00, data load time: 0.00023, step time: 0.00962,
epoch: [12], step: [827/1581], batch loss: 0.03313, batch accuracy: 96.88, data load time: 0.00022, step time: 0.01029,
epoch: [12], step: [1127/1581], batch loss: 0.00965, batch accuracy: 100.00, data load time: 0.00026, step time: 0.01078,
epoch: [12], step: [1427/1581], batch loss: 0.10893, batch accuracy: 90.62, data load time: 0.00844, step time: 0.01452,
epoch: [13], step: [146/1581], batch loss: 0.01515, batch accuracy: 100.00, data load time: 0.00413, step time: 0.01237,
epoch: [13], step: [446/1581], batch loss: 0.00461, batch accuracy: 100.00, data load time: 0.00024, step time: 0.01683,
epoch: [13], step: [746/1581], batch loss: 0.00791, batch accuracy: 100.00, data load time: 0.00032, step time: 0.01137,
epoch: [13], step: [1046/1581], batch loss: 0.00683, batch accuracy: 100.00, data load time: 0.00047, step time: 0.01011,
epoch: [13], step: [1346/1581], batch loss: 0.00676, batch accuracy: 100.00, data load time: 0.00026, step time: 0.01000,
epoch: [14], step: [65/1581], batch loss: 0.06539, batch accuracy: 96.88, data load time: 0.00024, step time: 0.01023,
epoch: [14], step: [365/1581], batch loss: 0.01161, batch accuracy: 100.00, data load time: 0.00428, step time: 0.01241,
epoch: [14], step: [665/1581], batch loss: 0.00585, batch accuracy: 100.00, data load time: 0.00024, step time: 0.01177,
epoch: [14], step: [965/1581], batch loss: 0.01910, batch accuracy: 100.00, data load time: 0.00355, step time: 0.01069,
epoch: [14], step: [1265/1581], batch loss: 0.07992, batch accuracy: 96.88, data load time: 0.00149, step time: 0.01060,
epoch: [14], step: [1565/1581], batch loss: 0.00160, batch accuracy: 100.00, data load time: 0.00012, step time: 0.00870,
validation loss: 1.52993, accuracy: 71.34, class_accuracy: [53.389830508474574, 94.73684210526316, 72.64957264957265, 76.10619469026548, 93.22033898305085, 51.37614678899082, 88.57142857142857, 88.49557522123894, 39.795918367346935, 77.11864406779661]
epoch: [15], step: [284/1581], batch loss: 0.05921, batch accuracy: 96.88, data load time: 0.00238, step time: 0.01158,
epoch: [15], step: [584/1581], batch loss: 0.00125, batch accuracy: 100.00, data load time: 0.00506, step time: 0.01277,
epoch: [15], step: [884/1581], batch loss: 0.06896, batch accuracy: 96.88, data load time: 0.00288, step time: 0.01138,
epoch: [15], step: [1184/1581], batch loss: 0.00875, batch accuracy: 100.00, data load time: 0.00023, step time: 0.01135,
epoch: [15], step: [1484/1581], batch loss: 0.00259, batch accuracy: 100.00, data load time: 0.00023, step time: 0.01148,
epoch: [16], step: [203/1581], batch loss: 0.02341, batch accuracy: 100.00, data load time: 0.00023, step time: 0.01643,
epoch: [16], step: [503/1581], batch loss: 0.00297, batch accuracy: 100.00, data load time: 0.00597, step time: 0.01084,
epoch: [16], step: [803/1581], batch loss: 0.00498, batch accuracy: 100.00, data load time: 0.00024, step time: 0.01709,
epoch: [16], step: [1103/1581], batch loss: 0.00162, batch accuracy: 100.00, data load time: 0.00525, step time: 0.01252,
epoch: [16], step: [1403/1581], batch loss: 0.02266, batch accuracy: 100.00, data load time: 0.00158, step time: 0.01134,
epoch: [17], step: [122/1581], batch loss: 0.07937, batch accuracy: 96.88, data load time: 0.00024, step time: 0.01163,
epoch: [17], step: [422/1581], batch loss: 0.00790, batch accuracy: 100.00, data load time: 0.00567, step time: 0.00973,
epoch: [17], step: [722/1581], batch loss: 0.10913, batch accuracy: 96.88, data load time: 0.00024, step time: 0.01670,
epoch: [17], step: [1022/1581], batch loss: 0.17580, batch accuracy: 93.75, data load time: 0.00024, step time: 0.01139,
epoch: [17], step: [1322/1581], batch loss: 0.02069, batch accuracy: 100.00, data load time: 0.00029, step time: 0.01808,
epoch: [18], step: [41/1581], batch loss: 0.05398, batch accuracy: 96.88, data load time: 0.00490, step time: 0.01102,
epoch: [18], step: [341/1581], batch loss: 0.00933, batch accuracy: 100.00, data load time: 0.00024, step time: 0.01297,
epoch: [18], step: [641/1581], batch loss: 0.01331, batch accuracy: 100.00, data load time: 0.00024, step time: 0.01617,
epoch: [18], step: [941/1581], batch loss: 0.00861, batch accuracy: 100.00, data load time: 0.00024, step time: 0.01017,
epoch: [18], step: [1241/1581], batch loss: 0.00703, batch accuracy: 100.00, data load time: 0.00576, step time: 0.01058,
epoch: [18], step: [1541/1581], batch loss: 0.40287, batch accuracy: 90.62, data load time: 0.00013, step time: 0.00871,
epoch: [19], step: [260/1581], batch loss: 0.00054, batch accuracy: 100.00, data load time: 0.00582, step time: 0.01245,
epoch: [19], step: [560/1581], batch loss: 0.00099, batch accuracy: 100.00, data load time: 0.00024, step time: 0.01610,
epoch: [19], step: [860/1581], batch loss: 0.04864, batch accuracy: 100.00, data load time: 0.00453, step time: 0.01010,
epoch: [19], step: [1160/1581], batch loss: 0.00063, batch accuracy: 100.00, data load time: 0.00584, step time: 0.01310,
epoch: [19], step: [1460/1581], batch loss: 0.02259, batch accuracy: 100.00, data load time: 0.00023, step time: 0.01106,
validation loss: 1.48317, accuracy: 70.83, class_accuracy: [60.16949152542373, 94.73684210526316, 77.77777777777777, 78.76106194690266, 92.37288135593221, 19.26605504587156, 88.57142857142857, 92.03539823008849, 46.93877551020408, 79.66101694915254]
epoch: [20], step: [179/1581], batch loss: 0.00178, batch accuracy: 100.00, data load time: 0.00026, step time: 0.01207,
epoch: [20], step: [479/1581], batch loss: 0.03290, batch accuracy: 100.00, data load time: 0.00027, step time: 0.01004,
epoch: [20], step: [779/1581], batch loss: 0.02849, batch accuracy: 96.88, data load time: 0.00023, step time: 0.00988,
epoch: [20], step: [1079/1581], batch loss: 0.01233, batch accuracy: 100.00, data load time: 0.00028, step time: 0.01056,
epoch: [20], step: [1379/1581], batch loss: 0.08556, batch accuracy: 96.88, data load time: 0.00034, step time: 0.01039,
epoch: [21], step: [98/1581], batch loss: 0.00238, batch accuracy: 100.00, data load time: 0.00028, step time: 0.01972,
epoch: [21], step: [398/1581], batch loss: 0.05786, batch accuracy: 96.88, data load time: 0.00347, step time: 0.01163,
epoch: [21], step: [698/1581], batch loss: 0.02924, batch accuracy: 100.00, data load time: 0.00597, step time: 0.01002,
epoch: [21], step: [998/1581], batch loss: 0.12230, batch accuracy: 93.75, data load time: 0.00026, step time: 0.01043,
epoch: [21], step: [1298/1581], batch loss: 0.00309, batch accuracy: 100.00, data load time: 0.00026, step time: 0.00976,
epoch: [22], step: [17/1581], batch loss: 0.01285, batch accuracy: 100.00, data load time: 0.00484, step time: 0.01299,
epoch: [22], step: [317/1581], batch loss: 0.00573, batch accuracy: 100.00, data load time: 0.00032, step time: 0.01130,
epoch: [22], step: [617/1581], batch loss: 0.03772, batch accuracy: 100.00, data load time: 0.00023, step time: 0.01014,
epoch: [22], step: [917/1581], batch loss: 0.00511, batch accuracy: 100.00, data load time: 0.00034, step time: 0.01266,
epoch: [22], step: [1217/1581], batch loss: 0.10052, batch accuracy: 96.88, data load time: 0.00030, step time: 0.00988,
epoch: [22], step: [1517/1581], batch loss: 0.12214, batch accuracy: 90.62, data load time: 0.00398, step time: 0.01070,
epoch: [23], step: [236/1581], batch loss: 0.00078, batch accuracy: 100.00, data load time: 0.00025, step time: 0.01162,
epoch: [23], step: [536/1581], batch loss: 0.00103, batch accuracy: 100.00, data load time: 0.00031, step time: 0.01115,
epoch: [23], step: [836/1581], batch loss: 0.05658, batch accuracy: 96.88, data load time: 0.00032, step time: 0.01086,
epoch: [23], step: [1136/1581], batch loss: 0.00086, batch accuracy: 100.00, data load time: 0.00024, step time: 0.02276,
epoch: [23], step: [1436/1581], batch loss: 0.05232, batch accuracy: 96.88, data load time: 0.00028, step time: 0.01154,
epoch: [24], step: [155/1581], batch loss: 0.00345, batch accuracy: 100.00, data load time: 0.00023, step time: 0.01037,
epoch: [24], step: [455/1581], batch loss: 0.03028, batch accuracy: 96.88, data load time: 0.00024, step time: 0.01821,
epoch: [24], step: [755/1581], batch loss: 0.02899, batch accuracy: 96.88, data load time: 0.00080, step time: 0.01239,
epoch: [24], step: [1055/1581], batch loss: 0.00125, batch accuracy: 100.00, data load time: 0.00386, step time: 0.01188,
epoch: [24], step: [1355/1581], batch loss: 0.16330, batch accuracy: 96.88, data load time: 0.00024, step time: 0.00975,
validation loss: 1.55743, accuracy: 71.44, class_accuracy: [63.559322033898304, 94.73684210526316, 72.64957264957265, 75.22123893805309, 85.59322033898304, 47.706422018348626, 94.28571428571429, 92.92035398230088, 45.91836734693877, 68.64406779661017]
epoch: [25], step: [74/1581], batch loss: 0.00018, batch accuracy: 100.00, data load time: 0.00592, step time: 0.01039,
epoch: [25], step: [374/1581], batch loss: 0.07394, batch accuracy: 96.88, data load time: 0.00028, step time: 0.01112,
epoch: [25], step: [674/1581], batch loss: 0.00397, batch accuracy: 100.00, data load time: 0.00425, step time: 0.01060,
epoch: [25], step: [974/1581], batch loss: 0.00310, batch accuracy: 100.00, data load time: 0.00024, step time: 0.01073,
epoch: [25], step: [1274/1581], batch loss: 0.02628, batch accuracy: 100.00, data load time: 0.00032, step time: 0.01322,
epoch: [25], step: [1574/1581], batch loss: 0.03875, batch accuracy: 96.88, data load time: 0.00011, step time: 0.00870,
epoch: [26], step: [293/1581], batch loss: 0.00543, batch accuracy: 100.00, data load time: 0.00350, step time: 0.01184,
epoch: [26], step: [593/1581], batch loss: 0.01905, batch accuracy: 100.00, data load time: 0.00024, step time: 0.01535,
epoch: [26], step: [893/1581], batch loss: 0.16699, batch accuracy: 96.88, data load time: 0.00023, step time: 0.01773,
epoch: [26], step: [1193/1581], batch loss: 0.00097, batch accuracy: 100.00, data load time: 0.00022, step time: 0.01137,
epoch: [26], step: [1493/1581], batch loss: 0.01043, batch accuracy: 100.00, data load time: 0.00316, step time: 0.01004,
epoch: [27], step: [212/1581], batch loss: 0.00114, batch accuracy: 100.00, data load time: 0.00393, step time: 0.01065,
epoch: [27], step: [512/1581], batch loss: 0.00246, batch accuracy: 100.00, data load time: 0.00366, step time: 0.01276,
epoch: [27], step: [812/1581], batch loss: 0.07991, batch accuracy: 96.88, data load time: 0.00023, step time: 0.01636,
epoch: [27], step: [1112/1581], batch loss: 0.00669, batch accuracy: 100.00, data load time: 0.00024, step time: 0.01138,
epoch: [27], step: [1412/1581], batch loss: 0.00163, batch accuracy: 100.00, data load time: 0.00378, step time: 0.01211,
epoch: [28], step: [131/1581], batch loss: 0.02021, batch accuracy: 96.88, data load time: 0.00052, step time: 0.01101,
epoch: [28], step: [431/1581], batch loss: 0.00186, batch accuracy: 100.00, data load time: 0.00022, step time: 0.00981,
epoch: [28], step: [731/1581], batch loss: 0.06908, batch accuracy: 96.88, data load time: 0.00577, step time: 0.01013,
epoch: [28], step: [1031/1581], batch loss: 0.02413, batch accuracy: 100.00, data load time: 0.00027, step time: 0.01003,
epoch: [28], step: [1331/1581], batch loss: 0.00946, batch accuracy: 100.00, data load time: 0.00023, step time: 0.01060,
epoch: [29], step: [50/1581], batch loss: 0.27048, batch accuracy: 90.62, data load time: 0.00023, step time: 0.02157,
epoch: [29], step: [350/1581], batch loss: 0.02870, batch accuracy: 96.88, data load time: 0.00372, step time: 0.01249,
epoch: [29], step: [650/1581], batch loss: 0.00529, batch accuracy: 100.00, data load time: 0.00025, step time: 0.01154,
epoch: [29], step: [950/1581], batch loss: 0.00250, batch accuracy: 100.00, data load time: 0.00024, step time: 0.01566,
epoch: [29], step: [1250/1581], batch loss: 0.00080, batch accuracy: 100.00, data load time: 0.00023, step time: 0.01671,
epoch: [29], step: [1550/1581], batch loss: 0.00064, batch accuracy: 100.00, data load time: 0.00012, step time: 0.00872,
validation loss: 1.55755, accuracy: 71.24, class_accuracy: [50.847457627118644, 94.73684210526316, 69.23076923076923, 73.45132743362832, 86.44067796610169, 48.62385321100918, 97.14285714285714, 90.26548672566372, 52.04081632653061, 79.66101694915254]
epoch: [30], step: [269/1581], batch loss: 0.00042, batch accuracy: 100.00, data load time: 0.00023, step time: 0.01366,
epoch: [30], step: [569/1581], batch loss: 0.01090, batch accuracy: 100.00, data load time: 0.00024, step time: 0.01696,
epoch: [30], step: [869/1581], batch loss: 0.01326, batch accuracy: 100.00, data load time: 0.00552, step time: 0.01184,
epoch: [30], step: [1169/1581], batch loss: 0.07866, batch accuracy: 96.88, data load time: 0.00023, step time: 0.01138,
epoch: [30], step: [1469/1581], batch loss: 0.01610, batch accuracy: 100.00, data load time: 0.00022, step time: 0.00952,
epoch: [31], step: [188/1581], batch loss: 0.02614, batch accuracy: 96.88, data load time: 0.00024, step time: 0.01770,
epoch: [31], step: [488/1581], batch loss: 0.01898, batch accuracy: 100.00, data load time: 0.00027, step time: 0.01211,
epoch: [31], step: [788/1581], batch loss: 0.00020, batch accuracy: 100.00, data load time: 0.00022, step time: 0.00991,
epoch: [31], step: [1088/1581], batch loss: 0.00135, batch accuracy: 100.00, data load time: 0.00024, step time: 0.01825,
epoch: [31], step: [1388/1581], batch loss: 0.03378, batch accuracy: 96.88, data load time: 0.00578, step time: 0.01161,
epoch: [32], step: [107/1581], batch loss: 0.00107, batch accuracy: 100.00, data load time: 0.00025, step time: 0.01826,
epoch: [32], step: [407/1581], batch loss: 0.00176, batch accuracy: 100.00, data load time: 0.00573, step time: 0.01216,
epoch: [32], step: [707/1581], batch loss: 0.02501, batch accuracy: 100.00, data load time: 0.00033, step time: 0.01159,
epoch: [32], step: [1007/1581], batch loss: 0.00016, batch accuracy: 100.00, data load time: 0.00024, step time: 0.01655,
epoch: [32], step: [1307/1581], batch loss: 0.00049, batch accuracy: 100.00, data load time: 0.00024, step time: 0.01035,
epoch: [33], step: [26/1581], batch loss: 0.00017, batch accuracy: 100.00, data load time: 0.00026, step time: 0.01731,
epoch: [33], step: [326/1581], batch loss: 0.00589, batch accuracy: 100.00, data load time: 0.00569, step time: 0.01098,
epoch: [33], step: [626/1581], batch loss: 0.00012, batch accuracy: 100.00, data load time: 0.01275, step time: 0.01045,
epoch: [33], step: [926/1581], batch loss: 0.00047, batch accuracy: 100.00, data load time: 0.00024, step time: 0.01597,
epoch: [33], step: [1226/1581], batch loss: 0.03845, batch accuracy: 96.88, data load time: 0.00024, step time: 0.01817,
epoch: [33], step: [1526/1581], batch loss: 0.02979, batch accuracy: 96.88, data load time: 0.00018, step time: 0.00949,
epoch: [34], step: [245/1581], batch loss: 0.00875, batch accuracy: 100.00, data load time: 0.00027, step time: 0.01300,
epoch: [34], step: [545/1581], batch loss: 0.01556, batch accuracy: 100.00, data load time: 0.00024, step time: 0.01577,
epoch: [34], step: [845/1581], batch loss: 0.00351, batch accuracy: 100.00, data load time: 0.00328, step time: 0.01064,
epoch: [34], step: [1145/1581], batch loss: 0.00250, batch accuracy: 100.00, data load time: 0.00205, step time: 0.01183,
epoch: [34], step: [1445/1581], batch loss: 0.00084, batch accuracy: 100.00, data load time: 0.00023, step time: 0.01722,
validation loss: 1.72718, accuracy: 70.01, class_accuracy: [47.45762711864407, 100.0, 78.63247863247864, 61.94690265486726, 75.42372881355932, 46.788990825688074, 100.0, 96.46017699115045, 59.183673469387756, 72.88135593220339]
epoch: [35], step: [164/1581], batch loss: 0.00224, batch accuracy: 100.00, data load time: 0.00539, step time: 0.00977,
epoch: [35], step: [464/1581], batch loss: 0.04918, batch accuracy: 96.88, data load time: 0.00023, step time: 0.01092,
epoch: [35], step: [764/1581], batch loss: 0.00733, batch accuracy: 100.00, data load time: 0.00022, step time: 0.00992,
epoch: [35], step: [1064/1581], batch loss: 0.02611, batch accuracy: 96.88, data load time: 0.00028, step time: 0.01206,
epoch: [35], step: [1364/1581], batch loss: 0.01203, batch accuracy: 100.00, data load time: 0.00218, step time: 0.01305,
epoch: [36], step: [83/1581], batch loss: 0.01393, batch accuracy: 100.00, data load time: 0.00026, step time: 0.01548,
epoch: [36], step: [383/1581], batch loss: 0.02316, batch accuracy: 96.88, data load time: 0.00022, step time: 0.01072,
epoch: [36], step: [683/1581], batch loss: 0.00357, batch accuracy: 100.00, data load time: 0.00023, step time: 0.01036,
epoch: [36], step: [983/1581], batch loss: 0.01871, batch accuracy: 100.00, data load time: 0.00023, step time: 0.01667,
epoch: [36], step: [1283/1581], batch loss: 0.00038, batch accuracy: 100.00, data load time: 0.00026, step time: 0.01737,
epoch: [37], step: [2/1581], batch loss: 0.00029, batch accuracy: 100.00, data load time: 0.00024, step time: 0.01305,
epoch: [37], step: [302/1581], batch loss: 0.01080, batch accuracy: 100.00, data load time: 0.00024, step time: 0.01020,
epoch: [37], step: [602/1581], batch loss: 0.00309, batch accuracy: 100.00, data load time: 0.00022, step time: 0.01005,
epoch: [37], step: [902/1581], batch loss: 0.00254, batch accuracy: 100.00, data load time: 0.00027, step time: 0.01198,
epoch: [37], step: [1202/1581], batch loss: 0.02995, batch accuracy: 96.88, data load time: 0.00565, step time: 0.01012,
epoch: [37], step: [1502/1581], batch loss: 0.00119, batch accuracy: 100.00, data load time: 0.00023, step time: 0.02510,
epoch: [38], step: [221/1581], batch loss: 0.00215, batch accuracy: 100.00, data load time: 0.00021, step time: 0.01193,
epoch: [38], step: [521/1581], batch loss: 0.00212, batch accuracy: 100.00, data load time: 0.00027, step time: 0.01699,
epoch: [38], step: [821/1581], batch loss: 0.06644, batch accuracy: 96.88, data load time: 0.00025, step time: 0.01375,
epoch: [38], step: [1121/1581], batch loss: 0.00376, batch accuracy: 100.00, data load time: 0.00532, step time: 0.00980,
epoch: [38], step: [1421/1581], batch loss: 0.00020, batch accuracy: 100.00, data load time: 0.00025, step time: 0.01080,
epoch: [39], step: [140/1581], batch loss: 0.00753, batch accuracy: 100.00, data load time: 0.00025, step time: 0.01083,
epoch: [39], step: [440/1581], batch loss: 0.00269, batch accuracy: 100.00, data load time: 0.00598, step time: 0.01127,
epoch: [39], step: [740/1581], batch loss: 0.07489, batch accuracy: 96.88, data load time: 0.00408, step time: 0.01181,
epoch: [39], step: [1040/1581], batch loss: 0.00059, batch accuracy: 100.00, data load time: 0.00024, step time: 0.01571,
epoch: [39], step: [1340/1581], batch loss: 0.01054, batch accuracy: 100.00, data load time: 0.00109, step time: 0.01232,
validation loss: 2.03305, accuracy: 71.14, class_accuracy: [50.0, 100.0, 77.77777777777777, 78.76106194690266, 77.11864406779661, 48.62385321100918, 100.0, 95.57522123893806, 44.89795918367347, 73.72881355932203]
epoch: [40], step: [59/1581], batch loss: 0.00022, batch accuracy: 100.00, data load time: 0.00355, step time: 0.01026,
epoch: [40], step: [359/1581], batch loss: 0.01999, batch accuracy: 100.00, data load time: 0.00026, step time: 0.01100,
epoch: [40], step: [659/1581], batch loss: 0.03146, batch accuracy: 96.88, data load time: 0.00025, step time: 0.01022,
epoch: [40], step: [959/1581], batch loss: 0.10420, batch accuracy: 90.62, data load time: 0.00027, step time: 0.01206,
epoch: [40], step: [1259/1581], batch loss: 0.00074, batch accuracy: 100.00, data load time: 0.00026, step time: 0.01112,
epoch: [40], step: [1559/1581], batch loss: 0.00152, batch accuracy: 100.00, data load time: 0.00012, step time: 0.00870,
epoch: [41], step: [278/1581], batch loss: 0.03134, batch accuracy: 96.88, data load time: 0.00034, step time: 0.00993,
epoch: [41], step: [578/1581], batch loss: 0.05090, batch accuracy: 96.88, data load time: 0.00025, step time: 0.00996,
epoch: [41], step: [878/1581], batch loss: 0.00041, batch accuracy: 100.00, data load time: 0.00027, step time: 0.00983,
epoch: [41], step: [1178/1581], batch loss: 0.00062, batch accuracy: 100.00, data load time: 0.00026, step time: 0.01430,
epoch: [41], step: [1478/1581], batch loss: 0.00148, batch accuracy: 100.00, data load time: 0.00024, step time: 0.00964,
epoch: [42], step: [197/1581], batch loss: 0.00076, batch accuracy: 100.00, data load time: 0.00023, step time: 0.01129,
epoch: [42], step: [497/1581], batch loss: 0.00046, batch accuracy: 100.00, data load time: 0.00026, step time: 0.02112,
epoch: [42], step: [797/1581], batch loss: 0.00119, batch accuracy: 100.00, data load time: 0.00028, step time: 0.01823,
epoch: [42], step: [1097/1581], batch loss: 0.02943, batch accuracy: 96.88, data load time: 0.00026, step time: 0.01149,
epoch: [42], step: [1397/1581], batch loss: 0.00239, batch accuracy: 100.00, data load time: 0.00441, step time: 0.01026,
epoch: [43], step: [116/1581], batch loss: 0.00008, batch accuracy: 100.00, data load time: 0.00023, step time: 0.01061,
epoch: [43], step: [416/1581], batch loss: 0.00973, batch accuracy: 100.00, data load time: 0.00022, step time: 0.01025,
epoch: [43], step: [716/1581], batch loss: 0.00038, batch accuracy: 100.00, data load time: 0.00025, step time: 0.01027,
epoch: [43], step: [1016/1581], batch loss: 0.28882, batch accuracy: 96.88, data load time: 0.00023, step time: 0.01590,
epoch: [43], step: [1316/1581], batch loss: 0.00037, batch accuracy: 100.00, data load time: 0.00025, step time: 0.01581,
epoch: [44], step: [35/1581], batch loss: 0.03177, batch accuracy: 96.88, data load time: 0.00020, step time: 0.01168,
epoch: [44], step: [335/1581], batch loss: 0.00025, batch accuracy: 100.00, data load time: 0.00598, step time: 0.01045,
epoch: [44], step: [635/1581], batch loss: 0.00004, batch accuracy: 100.00, data load time: 0.00023, step time: 0.01357,
epoch: [44], step: [935/1581], batch loss: 0.09029, batch accuracy: 96.88, data load time: 0.00025, step time: 0.01698,
epoch: [44], step: [1235/1581], batch loss: 0.09259, batch accuracy: 96.88, data load time: 0.00024, step time: 0.00997,
epoch: [44], step: [1535/1581], batch loss: 0.00485, batch accuracy: 100.00, data load time: 0.00018, step time: 0.01299,
validation loss: 1.55304, accuracy: 74.00, class_accuracy: [67.79661016949153, 94.73684210526316, 78.63247863247864, 76.10619469026548, 77.96610169491525, 50.45871559633027, 97.14285714285714, 95.57522123893806, 46.93877551020408, 79.66101694915254]
epoch: [45], step: [254/1581], batch loss: 0.00451, batch accuracy: 100.00, data load time: 0.00025, step time: 0.01396,
epoch: [45], step: [554/1581], batch loss: 0.17434, batch accuracy: 90.62, data load time: 0.00909, step time: 0.01124,
epoch: [45], step: [854/1581], batch loss: 0.14827, batch accuracy: 93.75, data load time: 0.00070, step time: 0.01069,
epoch: [45], step: [1154/1581], batch loss: 0.05059, batch accuracy: 96.88, data load time: 0.00024, step time: 0.01717,
epoch: [45], step: [1454/1581], batch loss: 0.00020, batch accuracy: 100.00, data load time: 0.00027, step time: 0.01002,
epoch: [46], step: [173/1581], batch loss: 0.02725, batch accuracy: 96.88, data load time: 0.00026, step time: 0.01125,
epoch: [46], step: [473/1581], batch loss: 0.00039, batch accuracy: 100.00, data load time: 0.00029, step time: 0.00989,
epoch: [46], step: [773/1581], batch loss: 0.00062, batch accuracy: 100.00, data load time: 0.00344, step time: 0.01052,
epoch: [46], step: [1073/1581], batch loss: 0.00151, batch accuracy: 100.00, data load time: 0.00582, step time: 0.01207,
epoch: [46], step: [1373/1581], batch loss: 0.00018, batch accuracy: 100.00, data load time: 0.00022, step time: 0.01788,
epoch: [47], step: [92/1581], batch loss: 0.02576, batch accuracy: 96.88, data load time: 0.00029, step time: 0.01094,
epoch: [47], step: [392/1581], batch loss: 0.00070, batch accuracy: 100.00, data load time: 0.00026, step time: 0.00989,
epoch: [47], step: [692/1581], batch loss: 0.00329, batch accuracy: 100.00, data load time: 0.00026, step time: 0.01015,
epoch: [47], step: [992/1581], batch loss: 0.01942, batch accuracy: 100.00, data load time: 0.00105, step time: 0.01034,
epoch: [47], step: [1292/1581], batch loss: 0.00330, batch accuracy: 100.00, data load time: 0.00117, step time: 0.01238,
epoch: [48], step: [11/1581], batch loss: 0.00107, batch accuracy: 100.00, data load time: 0.00380, step time: 0.01393,
epoch: [48], step: [311/1581], batch loss: 0.00026, batch accuracy: 100.00, data load time: 0.00591, step time: 0.01148,
epoch: [48], step: [611/1581], batch loss: 0.00001, batch accuracy: 100.00, data load time: 0.00701, step time: 0.01289,
epoch: [48], step: [911/1581], batch loss: 0.00038, batch accuracy: 100.00, data load time: 0.00450, step time: 0.01252,
epoch: [48], step: [1211/1581], batch loss: 0.01008, batch accuracy: 100.00, data load time: 0.00337, step time: 0.01215,
epoch: [48], step: [1511/1581], batch loss: 0.01457, batch accuracy: 100.00, data load time: 0.00024, step time: 0.01280,
epoch: [49], step: [230/1581], batch loss: 0.00067, batch accuracy: 100.00, data load time: 0.00434, step time: 0.01190,
epoch: [49], step: [530/1581], batch loss: 0.00006, batch accuracy: 100.00, data load time: 0.00023, step time: 0.01574,
epoch: [49], step: [830/1581], batch loss: 0.09900, batch accuracy: 96.88, data load time: 0.00025, step time: 0.01239,
epoch: [49], step: [1130/1581], batch loss: 0.00540, batch accuracy: 100.00, data load time: 0.00025, step time: 0.01074,
epoch: [49], step: [1430/1581], batch loss: 0.00045, batch accuracy: 100.00, data load time: 0.00022, step time: 0.01046,
validation loss: 1.61366, accuracy: 73.39, class_accuracy: [66.10169491525424, 94.73684210526316, 72.64957264957265, 78.76106194690266, 90.67796610169492, 63.30275229357798, 97.14285714285714, 79.64601769911505, 43.87755102040816, 72.88135593220339]
Total time taken: 1217.6213507652283
