Using CUDA...
Writing logs to logs/CNN_bn_epochs=50_dropout=0.5_bs=32_optim=Adam_decay=0.01_lr=0.001_momentum=0.9_mode=LMC_run_0
epoch: [0], step: [299/1581], batch loss: 1.05106, batch accuracy: 65.62, data load time: 0.00022, step time: 0.01088,
epoch: [0], step: [599/1581], batch loss: 1.05979, batch accuracy: 75.00, data load time: 0.00023, step time: 0.01096,
epoch: [0], step: [899/1581], batch loss: 0.48021, batch accuracy: 78.12, data load time: 0.00021, step time: 0.01038,
epoch: [0], step: [1199/1581], batch loss: 0.92353, batch accuracy: 62.50, data load time: 0.00318, step time: 0.01040,
epoch: [0], step: [1499/1581], batch loss: 0.91523, batch accuracy: 53.12, data load time: 0.00022, step time: 0.01101,
epoch: [1], step: [218/1581], batch loss: 0.61681, batch accuracy: 75.00, data load time: 0.00024, step time: 0.01031,
epoch: [1], step: [518/1581], batch loss: 0.85231, batch accuracy: 71.88, data load time: 0.00418, step time: 0.01067,
epoch: [1], step: [818/1581], batch loss: 0.60633, batch accuracy: 81.25, data load time: 0.00036, step time: 0.01096,
epoch: [1], step: [1118/1581], batch loss: 0.80520, batch accuracy: 71.88, data load time: 0.00023, step time: 0.01001,
epoch: [1], step: [1418/1581], batch loss: 0.68910, batch accuracy: 75.00, data load time: 0.00025, step time: 0.01039,
epoch: [2], step: [137/1581], batch loss: 0.65805, batch accuracy: 84.38, data load time: 0.00030, step time: 0.01125,
epoch: [2], step: [437/1581], batch loss: 0.56712, batch accuracy: 84.38, data load time: 0.00030, step time: 0.00981,
epoch: [2], step: [737/1581], batch loss: 0.46576, batch accuracy: 90.62, data load time: 0.00025, step time: 0.00977,
epoch: [2], step: [1037/1581], batch loss: 0.46665, batch accuracy: 81.25, data load time: 0.00348, step time: 0.01063,
epoch: [2], step: [1337/1581], batch loss: 0.52243, batch accuracy: 84.38, data load time: 0.00024, step time: 0.01012,
epoch: [3], step: [56/1581], batch loss: 0.73540, batch accuracy: 78.12, data load time: 0.00024, step time: 0.01042,
epoch: [3], step: [356/1581], batch loss: 0.78849, batch accuracy: 75.00, data load time: 0.00024, step time: 0.01027,
epoch: [3], step: [656/1581], batch loss: 0.82244, batch accuracy: 75.00, data load time: 0.00025, step time: 0.01015,
epoch: [3], step: [956/1581], batch loss: 0.60156, batch accuracy: 84.38, data load time: 0.00022, step time: 0.00993,
epoch: [3], step: [1256/1581], batch loss: 0.53987, batch accuracy: 84.38, data load time: 0.00023, step time: 0.00970,
epoch: [3], step: [1556/1581], batch loss: 0.55172, batch accuracy: 78.12, data load time: 0.00011, step time: 0.00879,
epoch: [4], step: [275/1581], batch loss: 0.61533, batch accuracy: 71.88, data load time: 0.00035, step time: 0.01093,
epoch: [4], step: [575/1581], batch loss: 0.67562, batch accuracy: 75.00, data load time: 0.00023, step time: 0.01153,
epoch: [4], step: [875/1581], batch loss: 0.64057, batch accuracy: 84.38, data load time: 0.00022, step time: 0.01019,
epoch: [4], step: [1175/1581], batch loss: 0.56827, batch accuracy: 84.38, data load time: 0.00023, step time: 0.02201,
epoch: [4], step: [1475/1581], batch loss: 0.73214, batch accuracy: 71.88, data load time: 0.00319, step time: 0.01032,
validation loss: 0.94021, accuracy: 69.19, class_accuracy: [51.69491525423729, 84.21052631578948, 62.39316239316239, 65.48672566371681, 74.57627118644068, 54.12844036697248, 100.0, 100.0, 51.02040816326531, 77.11864406779661]
epoch: [5], step: [194/1581], batch loss: 0.28307, batch accuracy: 93.75, data load time: 0.00436, step time: 0.00988,
epoch: [5], step: [494/1581], batch loss: 0.87397, batch accuracy: 78.12, data load time: 0.00025, step time: 0.01031,
epoch: [5], step: [794/1581], batch loss: 0.65271, batch accuracy: 62.50, data load time: 0.00330, step time: 0.01035,
epoch: [5], step: [1094/1581], batch loss: 0.81129, batch accuracy: 78.12, data load time: 0.00022, step time: 0.00971,
epoch: [5], step: [1394/1581], batch loss: 0.65991, batch accuracy: 65.62, data load time: 0.00025, step time: 0.01026,
epoch: [6], step: [113/1581], batch loss: 0.40280, batch accuracy: 81.25, data load time: 0.00024, step time: 0.01116,
epoch: [6], step: [413/1581], batch loss: 0.71901, batch accuracy: 78.12, data load time: 0.00023, step time: 0.01016,
epoch: [6], step: [713/1581], batch loss: 0.38415, batch accuracy: 87.50, data load time: 0.00022, step time: 0.01147,
epoch: [6], step: [1013/1581], batch loss: 0.43945, batch accuracy: 81.25, data load time: 0.00022, step time: 0.01130,
epoch: [6], step: [1313/1581], batch loss: 0.52617, batch accuracy: 81.25, data load time: 0.00431, step time: 0.01033,
epoch: [7], step: [32/1581], batch loss: 0.61307, batch accuracy: 81.25, data load time: 0.00031, step time: 0.00963,
epoch: [7], step: [332/1581], batch loss: 0.46904, batch accuracy: 81.25, data load time: 0.00021, step time: 0.00988,
epoch: [7], step: [632/1581], batch loss: 0.50774, batch accuracy: 81.25, data load time: 0.00021, step time: 0.01088,
epoch: [7], step: [932/1581], batch loss: 0.36297, batch accuracy: 90.62, data load time: 0.00024, step time: 0.01005,
epoch: [7], step: [1232/1581], batch loss: 0.58539, batch accuracy: 84.38, data load time: 0.00023, step time: 0.01000,
epoch: [7], step: [1532/1581], batch loss: 0.29116, batch accuracy: 84.38, data load time: 0.00018, step time: 0.00940,
epoch: [8], step: [251/1581], batch loss: 0.62336, batch accuracy: 84.38, data load time: 0.00033, step time: 0.00959,
epoch: [8], step: [551/1581], batch loss: 0.44938, batch accuracy: 81.25, data load time: 0.00024, step time: 0.01032,
epoch: [8], step: [851/1581], batch loss: 0.45518, batch accuracy: 84.38, data load time: 0.00023, step time: 0.00960,
epoch: [8], step: [1151/1581], batch loss: 0.61014, batch accuracy: 75.00, data load time: 0.00324, step time: 0.01050,
epoch: [8], step: [1451/1581], batch loss: 0.60527, batch accuracy: 75.00, data load time: 0.00025, step time: 0.01026,
epoch: [9], step: [170/1581], batch loss: 0.41970, batch accuracy: 84.38, data load time: 0.00023, step time: 0.01032,
epoch: [9], step: [470/1581], batch loss: 0.50253, batch accuracy: 78.12, data load time: 0.00417, step time: 0.01002,
epoch: [9], step: [770/1581], batch loss: 0.30969, batch accuracy: 87.50, data load time: 0.00021, step time: 0.01125,
epoch: [9], step: [1070/1581], batch loss: 0.65504, batch accuracy: 81.25, data load time: 0.00022, step time: 0.00944,
epoch: [9], step: [1370/1581], batch loss: 0.51647, batch accuracy: 84.38, data load time: 0.00314, step time: 0.01215,
validation loss: 0.80311, accuracy: 73.69, class_accuracy: [82.20338983050847, 97.36842105263158, 71.7948717948718, 68.14159292035399, 79.66101694915254, 48.62385321100918, 100.0, 90.26548672566372, 64.28571428571429, 66.10169491525424]
epoch: [10], step: [89/1581], batch loss: 0.47665, batch accuracy: 84.38, data load time: 0.00025, step time: 0.01008,
epoch: [10], step: [389/1581], batch loss: 0.59178, batch accuracy: 84.38, data load time: 0.00031, step time: 0.01023,
epoch: [10], step: [689/1581], batch loss: 0.54113, batch accuracy: 78.12, data load time: 0.00312, step time: 0.01112,
epoch: [10], step: [989/1581], batch loss: 0.72686, batch accuracy: 68.75, data load time: 0.00033, step time: 0.01082,
epoch: [10], step: [1289/1581], batch loss: 0.46384, batch accuracy: 84.38, data load time: 0.00021, step time: 0.00991,
epoch: [11], step: [8/1581], batch loss: 0.47079, batch accuracy: 84.38, data load time: 0.00562, step time: 0.01361,
epoch: [11], step: [308/1581], batch loss: 0.46492, batch accuracy: 84.38, data load time: 0.00410, step time: 0.00991,
epoch: [11], step: [608/1581], batch loss: 0.72015, batch accuracy: 75.00, data load time: 0.00022, step time: 0.00995,
epoch: [11], step: [908/1581], batch loss: 0.53678, batch accuracy: 78.12, data load time: 0.00022, step time: 0.01164,
epoch: [11], step: [1208/1581], batch loss: 0.49893, batch accuracy: 87.50, data load time: 0.00026, step time: 0.01024,
epoch: [11], step: [1508/1581], batch loss: 0.22420, batch accuracy: 93.75, data load time: 0.00378, step time: 0.01177,
epoch: [12], step: [227/1581], batch loss: 0.69847, batch accuracy: 75.00, data load time: 0.00022, step time: 0.00994,
epoch: [12], step: [527/1581], batch loss: 0.48214, batch accuracy: 84.38, data load time: 0.00022, step time: 0.01085,
epoch: [12], step: [827/1581], batch loss: 0.37534, batch accuracy: 78.12, data load time: 0.00023, step time: 0.01176,
epoch: [12], step: [1127/1581], batch loss: 0.80142, batch accuracy: 68.75, data load time: 0.00024, step time: 0.01037,
epoch: [12], step: [1427/1581], batch loss: 0.40493, batch accuracy: 84.38, data load time: 0.00022, step time: 0.00955,
epoch: [13], step: [146/1581], batch loss: 1.03324, batch accuracy: 65.62, data load time: 0.00021, step time: 0.01064,
epoch: [13], step: [446/1581], batch loss: 0.40584, batch accuracy: 87.50, data load time: 0.00159, step time: 0.00968,
epoch: [13], step: [746/1581], batch loss: 0.47183, batch accuracy: 84.38, data load time: 0.00021, step time: 0.01119,
epoch: [13], step: [1046/1581], batch loss: 0.40413, batch accuracy: 84.38, data load time: 0.00027, step time: 0.01117,
epoch: [13], step: [1346/1581], batch loss: 0.36930, batch accuracy: 78.12, data load time: 0.00023, step time: 0.00997,
epoch: [14], step: [65/1581], batch loss: 0.56231, batch accuracy: 81.25, data load time: 0.00025, step time: 0.01347,
epoch: [14], step: [365/1581], batch loss: 0.68800, batch accuracy: 75.00, data load time: 0.00036, step time: 0.01013,
epoch: [14], step: [665/1581], batch loss: 0.55809, batch accuracy: 75.00, data load time: 0.00029, step time: 0.01789,
epoch: [14], step: [965/1581], batch loss: 0.61497, batch accuracy: 78.12, data load time: 0.00024, step time: 0.00972,
epoch: [14], step: [1265/1581], batch loss: 0.60541, batch accuracy: 78.12, data load time: 0.00023, step time: 0.00968,
epoch: [14], step: [1565/1581], batch loss: 0.77431, batch accuracy: 75.00, data load time: 0.00011, step time: 0.00880,
validation loss: 0.95552, accuracy: 73.08, class_accuracy: [75.42372881355932, 97.36842105263158, 56.41025641025641, 69.91150442477876, 97.45762711864407, 48.62385321100918, 88.57142857142857, 100.0, 34.69387755102041, 82.20338983050847]
epoch: [15], step: [284/1581], batch loss: 0.57877, batch accuracy: 71.88, data load time: 0.00034, step time: 0.00992,
epoch: [15], step: [584/1581], batch loss: 0.68659, batch accuracy: 81.25, data load time: 0.00021, step time: 0.01148,
epoch: [15], step: [884/1581], batch loss: 1.30100, batch accuracy: 71.88, data load time: 0.00023, step time: 0.00970,
epoch: [15], step: [1184/1581], batch loss: 0.53439, batch accuracy: 84.38, data load time: 0.00022, step time: 0.00994,
epoch: [15], step: [1484/1581], batch loss: 0.64194, batch accuracy: 81.25, data load time: 0.00031, step time: 0.00931,
epoch: [16], step: [203/1581], batch loss: 0.39197, batch accuracy: 84.38, data load time: 0.00023, step time: 0.01068,
epoch: [16], step: [503/1581], batch loss: 1.00342, batch accuracy: 68.75, data load time: 0.00026, step time: 0.01220,
epoch: [16], step: [803/1581], batch loss: 0.59740, batch accuracy: 84.38, data load time: 0.00028, step time: 0.01033,
epoch: [16], step: [1103/1581], batch loss: 0.36876, batch accuracy: 87.50, data load time: 0.00022, step time: 0.01184,
epoch: [16], step: [1403/1581], batch loss: 0.44848, batch accuracy: 87.50, data load time: 0.00027, step time: 0.01111,
epoch: [17], step: [122/1581], batch loss: 0.73695, batch accuracy: 75.00, data load time: 0.00023, step time: 0.01189,
epoch: [17], step: [422/1581], batch loss: 0.61887, batch accuracy: 84.38, data load time: 0.00022, step time: 0.01031,
epoch: [17], step: [722/1581], batch loss: 0.53056, batch accuracy: 78.12, data load time: 0.00023, step time: 0.01071,
epoch: [17], step: [1022/1581], batch loss: 0.77559, batch accuracy: 65.62, data load time: 0.00025, step time: 0.01006,
epoch: [17], step: [1322/1581], batch loss: 0.52566, batch accuracy: 81.25, data load time: 0.00022, step time: 0.01076,
epoch: [18], step: [41/1581], batch loss: 0.63114, batch accuracy: 81.25, data load time: 0.00018, step time: 0.01155,
epoch: [18], step: [341/1581], batch loss: 0.38163, batch accuracy: 87.50, data load time: 0.00021, step time: 0.01109,
epoch: [18], step: [641/1581], batch loss: 0.36441, batch accuracy: 84.38, data load time: 0.00340, step time: 0.01066,
epoch: [18], step: [941/1581], batch loss: 0.50860, batch accuracy: 81.25, data load time: 0.00023, step time: 0.00968,
epoch: [18], step: [1241/1581], batch loss: 0.50507, batch accuracy: 84.38, data load time: 0.00025, step time: 0.01031,
epoch: [18], step: [1541/1581], batch loss: 0.42192, batch accuracy: 90.62, data load time: 0.00017, step time: 0.00943,
epoch: [19], step: [260/1581], batch loss: 0.35606, batch accuracy: 87.50, data load time: 0.00023, step time: 0.01188,
epoch: [19], step: [560/1581], batch loss: 0.70258, batch accuracy: 78.12, data load time: 0.00023, step time: 0.00988,
epoch: [19], step: [860/1581], batch loss: 0.52145, batch accuracy: 84.38, data load time: 0.00023, step time: 0.00978,
epoch: [19], step: [1160/1581], batch loss: 0.71625, batch accuracy: 75.00, data load time: 0.00023, step time: 0.00955,
epoch: [19], step: [1460/1581], batch loss: 0.78151, batch accuracy: 68.75, data load time: 0.00024, step time: 0.01037,
validation loss: 0.85101, accuracy: 70.21, class_accuracy: [61.86440677966102, 86.84210526315789, 74.35897435897436, 75.22123893805309, 77.96610169491525, 55.96330275229358, 97.14285714285714, 100.0, 51.02040816326531, 49.152542372881356]
epoch: [20], step: [179/1581], batch loss: 0.63596, batch accuracy: 84.38, data load time: 0.00022, step time: 0.01038,
epoch: [20], step: [479/1581], batch loss: 0.43721, batch accuracy: 84.38, data load time: 0.00022, step time: 0.01116,
epoch: [20], step: [779/1581], batch loss: 0.47052, batch accuracy: 75.00, data load time: 0.00028, step time: 0.01132,
epoch: [20], step: [1079/1581], batch loss: 0.65384, batch accuracy: 78.12, data load time: 0.00025, step time: 0.01098,
epoch: [20], step: [1379/1581], batch loss: 0.58622, batch accuracy: 93.75, data load time: 0.00025, step time: 0.00980,
epoch: [21], step: [98/1581], batch loss: 0.66240, batch accuracy: 75.00, data load time: 0.00341, step time: 0.01209,
epoch: [21], step: [398/1581], batch loss: 0.83938, batch accuracy: 87.50, data load time: 0.00023, step time: 0.01044,
epoch: [21], step: [698/1581], batch loss: 0.47812, batch accuracy: 90.62, data load time: 0.00039, step time: 0.00963,
epoch: [21], step: [998/1581], batch loss: 0.42040, batch accuracy: 84.38, data load time: 0.00023, step time: 0.00996,
epoch: [21], step: [1298/1581], batch loss: 0.39879, batch accuracy: 84.38, data load time: 0.00293, step time: 0.01071,
epoch: [22], step: [17/1581], batch loss: 0.57807, batch accuracy: 75.00, data load time: 0.00021, step time: 0.01224,
epoch: [22], step: [317/1581], batch loss: 0.53947, batch accuracy: 75.00, data load time: 0.00023, step time: 0.01002,
epoch: [22], step: [617/1581], batch loss: 0.68592, batch accuracy: 75.00, data load time: 0.00025, step time: 0.01003,
epoch: [22], step: [917/1581], batch loss: 0.81403, batch accuracy: 68.75, data load time: 0.00023, step time: 0.00969,
epoch: [22], step: [1217/1581], batch loss: 0.99677, batch accuracy: 78.12, data load time: 0.00023, step time: 0.01035,
epoch: [22], step: [1517/1581], batch loss: 0.61172, batch accuracy: 78.12, data load time: 0.00304, step time: 0.00991,
epoch: [23], step: [236/1581], batch loss: 0.73533, batch accuracy: 75.00, data load time: 0.00433, step time: 0.01109,
epoch: [23], step: [536/1581], batch loss: 0.56448, batch accuracy: 81.25, data load time: 0.00317, step time: 0.01010,
epoch: [23], step: [836/1581], batch loss: 0.54338, batch accuracy: 84.38, data load time: 0.00027, step time: 0.00990,
epoch: [23], step: [1136/1581], batch loss: 0.83487, batch accuracy: 78.12, data load time: 0.00286, step time: 0.01054,
epoch: [23], step: [1436/1581], batch loss: 0.63330, batch accuracy: 78.12, data load time: 0.00025, step time: 0.01052,
epoch: [24], step: [155/1581], batch loss: 0.42164, batch accuracy: 84.38, data load time: 0.00023, step time: 0.01105,
epoch: [24], step: [455/1581], batch loss: 0.45186, batch accuracy: 84.38, data load time: 0.00025, step time: 0.01030,
epoch: [24], step: [755/1581], batch loss: 0.32623, batch accuracy: 87.50, data load time: 0.00021, step time: 0.01133,
epoch: [24], step: [1055/1581], batch loss: 0.51951, batch accuracy: 78.12, data load time: 0.00317, step time: 0.01140,
epoch: [24], step: [1355/1581], batch loss: 0.45417, batch accuracy: 84.38, data load time: 0.00024, step time: 0.01138,
validation loss: 0.82126, accuracy: 70.83, class_accuracy: [83.05084745762711, 89.47368421052632, 54.7008547008547, 64.60176991150442, 75.42372881355932, 44.95412844036697, 100.0, 100.0, 63.265306122448976, 63.559322033898304]
epoch: [25], step: [74/1581], batch loss: 0.41939, batch accuracy: 84.38, data load time: 0.00025, step time: 0.01167,
epoch: [25], step: [374/1581], batch loss: 0.58209, batch accuracy: 75.00, data load time: 0.00391, step time: 0.01111,
epoch: [25], step: [674/1581], batch loss: 0.28480, batch accuracy: 90.62, data load time: 0.00310, step time: 0.00977,
epoch: [25], step: [974/1581], batch loss: 0.73864, batch accuracy: 75.00, data load time: 0.00031, step time: 0.00992,
epoch: [25], step: [1274/1581], batch loss: 0.40935, batch accuracy: 87.50, data load time: 0.00023, step time: 0.01002,
epoch: [25], step: [1574/1581], batch loss: 0.47277, batch accuracy: 81.25, data load time: 0.00011, step time: 0.00880,
epoch: [26], step: [293/1581], batch loss: 0.30917, batch accuracy: 90.62, data load time: 0.00026, step time: 0.01213,
epoch: [26], step: [593/1581], batch loss: 0.57758, batch accuracy: 75.00, data load time: 0.00060, step time: 0.01187,
epoch: [26], step: [893/1581], batch loss: 0.67514, batch accuracy: 71.88, data load time: 0.00023, step time: 0.01089,
epoch: [26], step: [1193/1581], batch loss: 0.96692, batch accuracy: 62.50, data load time: 0.00292, step time: 0.01035,
epoch: [26], step: [1493/1581], batch loss: 0.41814, batch accuracy: 87.50, data load time: 0.00022, step time: 0.00992,
epoch: [27], step: [212/1581], batch loss: 0.28789, batch accuracy: 90.62, data load time: 0.00035, step time: 0.01009,
epoch: [27], step: [512/1581], batch loss: 0.76862, batch accuracy: 71.88, data load time: 0.00034, step time: 0.01114,
epoch: [27], step: [812/1581], batch loss: 0.46503, batch accuracy: 84.38, data load time: 0.00022, step time: 0.01008,
epoch: [27], step: [1112/1581], batch loss: 0.95066, batch accuracy: 68.75, data load time: 0.00024, step time: 0.01011,
epoch: [27], step: [1412/1581], batch loss: 0.38808, batch accuracy: 87.50, data load time: 0.00021, step time: 0.01099,
epoch: [28], step: [131/1581], batch loss: 0.43409, batch accuracy: 84.38, data load time: 0.00418, step time: 0.00992,
epoch: [28], step: [431/1581], batch loss: 0.41476, batch accuracy: 81.25, data load time: 0.00023, step time: 0.01006,
epoch: [28], step: [731/1581], batch loss: 0.69561, batch accuracy: 71.88, data load time: 0.00335, step time: 0.02027,
epoch: [28], step: [1031/1581], batch loss: 0.89604, batch accuracy: 75.00, data load time: 0.00306, step time: 0.01105,
epoch: [28], step: [1331/1581], batch loss: 0.40112, batch accuracy: 90.62, data load time: 0.00025, step time: 0.01020,
epoch: [29], step: [50/1581], batch loss: 0.36507, batch accuracy: 90.62, data load time: 0.00022, step time: 0.01096,
epoch: [29], step: [350/1581], batch loss: 0.85805, batch accuracy: 68.75, data load time: 0.00022, step time: 0.01169,
epoch: [29], step: [650/1581], batch loss: 0.74850, batch accuracy: 71.88, data load time: 0.00560, step time: 0.00967,
epoch: [29], step: [950/1581], batch loss: 0.70516, batch accuracy: 78.12, data load time: 0.00033, step time: 0.01047,
epoch: [29], step: [1250/1581], batch loss: 0.40991, batch accuracy: 81.25, data load time: 0.00286, step time: 0.01096,
epoch: [29], step: [1550/1581], batch loss: 0.51817, batch accuracy: 81.25, data load time: 0.00012, step time: 0.00882,
validation loss: 1.01642, accuracy: 68.58, class_accuracy: [78.8135593220339, 94.73684210526316, 70.94017094017094, 85.84070796460178, 86.44067796610169, 49.54128440366973, 97.14285714285714, 81.41592920353982, 32.6530612244898, 39.83050847457627]
epoch: [30], step: [269/1581], batch loss: 0.71206, batch accuracy: 71.88, data load time: 0.00022, step time: 0.01230,
epoch: [30], step: [569/1581], batch loss: 0.38671, batch accuracy: 87.50, data load time: 0.00172, step time: 0.01062,
epoch: [30], step: [869/1581], batch loss: 0.56088, batch accuracy: 84.38, data load time: 0.00025, step time: 0.01176,
epoch: [30], step: [1169/1581], batch loss: 0.50848, batch accuracy: 78.12, data load time: 0.00025, step time: 0.01379,
epoch: [30], step: [1469/1581], batch loss: 0.38587, batch accuracy: 81.25, data load time: 0.00022, step time: 0.01097,
epoch: [31], step: [188/1581], batch loss: 0.50514, batch accuracy: 87.50, data load time: 0.00034, step time: 0.01025,
epoch: [31], step: [488/1581], batch loss: 0.43131, batch accuracy: 87.50, data load time: 0.00036, step time: 0.01056,
epoch: [31], step: [788/1581], batch loss: 0.33731, batch accuracy: 84.38, data load time: 0.00022, step time: 0.01005,
epoch: [31], step: [1088/1581], batch loss: 0.72101, batch accuracy: 71.88, data load time: 0.00022, step time: 0.00968,
epoch: [31], step: [1388/1581], batch loss: 0.67956, batch accuracy: 84.38, data load time: 0.00025, step time: 0.01015,
epoch: [32], step: [107/1581], batch loss: 0.81455, batch accuracy: 75.00, data load time: 0.00023, step time: 0.00968,
epoch: [32], step: [407/1581], batch loss: 0.45056, batch accuracy: 87.50, data load time: 0.00023, step time: 0.01157,
epoch: [32], step: [707/1581], batch loss: 0.44697, batch accuracy: 87.50, data load time: 0.00023, step time: 0.01237,
epoch: [32], step: [1007/1581], batch loss: 0.43332, batch accuracy: 81.25, data load time: 0.00324, step time: 0.01149,
epoch: [32], step: [1307/1581], batch loss: 0.56191, batch accuracy: 78.12, data load time: 0.00022, step time: 0.00992,
epoch: [33], step: [26/1581], batch loss: 0.36893, batch accuracy: 87.50, data load time: 0.00024, step time: 0.01167,
epoch: [33], step: [326/1581], batch loss: 0.48001, batch accuracy: 84.38, data load time: 0.00023, step time: 0.01182,
epoch: [33], step: [626/1581], batch loss: 0.63051, batch accuracy: 81.25, data load time: 0.00023, step time: 0.00970,
epoch: [33], step: [926/1581], batch loss: 0.43115, batch accuracy: 87.50, data load time: 0.00023, step time: 0.01178,
epoch: [33], step: [1226/1581], batch loss: 0.72523, batch accuracy: 75.00, data load time: 0.00025, step time: 0.01182,
epoch: [33], step: [1526/1581], batch loss: 1.02123, batch accuracy: 75.00, data load time: 0.00019, step time: 0.01025,
epoch: [34], step: [245/1581], batch loss: 0.30591, batch accuracy: 90.62, data load time: 0.00034, step time: 0.01060,
epoch: [34], step: [545/1581], batch loss: 0.45594, batch accuracy: 87.50, data load time: 0.00033, step time: 0.01047,
epoch: [34], step: [845/1581], batch loss: 0.62870, batch accuracy: 75.00, data load time: 0.00408, step time: 0.01006,
epoch: [34], step: [1145/1581], batch loss: 0.44356, batch accuracy: 81.25, data load time: 0.00305, step time: 0.01110,
epoch: [34], step: [1445/1581], batch loss: 0.40011, batch accuracy: 90.62, data load time: 0.00311, step time: 0.01017,
validation loss: 0.93556, accuracy: 66.94, class_accuracy: [99.15254237288136, 92.10526315789474, 49.572649572649574, 60.176991150442475, 24.576271186440678, 63.30275229357798, 100.0, 97.34513274336283, 64.28571428571429, 59.32203389830509]
epoch: [35], step: [164/1581], batch loss: 0.28178, batch accuracy: 96.88, data load time: 0.00020, step time: 0.00938,
epoch: [35], step: [464/1581], batch loss: 0.41770, batch accuracy: 90.62, data load time: 0.00024, step time: 0.01050,
epoch: [35], step: [764/1581], batch loss: 0.42804, batch accuracy: 81.25, data load time: 0.00025, step time: 0.00985,
epoch: [35], step: [1064/1581], batch loss: 0.69112, batch accuracy: 81.25, data load time: 0.00063, step time: 0.01034,
epoch: [35], step: [1364/1581], batch loss: 0.66633, batch accuracy: 75.00, data load time: 0.00307, step time: 0.01152,
epoch: [36], step: [83/1581], batch loss: 0.81117, batch accuracy: 65.62, data load time: 0.00021, step time: 0.01000,
epoch: [36], step: [383/1581], batch loss: 0.42587, batch accuracy: 87.50, data load time: 0.00037, step time: 0.01034,
epoch: [36], step: [683/1581], batch loss: 0.79743, batch accuracy: 68.75, data load time: 0.00025, step time: 0.00970,
epoch: [36], step: [983/1581], batch loss: 0.43278, batch accuracy: 90.62, data load time: 0.00021, step time: 0.00995,
epoch: [36], step: [1283/1581], batch loss: 0.38622, batch accuracy: 84.38, data load time: 0.00035, step time: 0.01026,
epoch: [37], step: [2/1581], batch loss: 0.52554, batch accuracy: 81.25, data load time: 0.00468, step time: 0.01077,
epoch: [37], step: [302/1581], batch loss: 0.30845, batch accuracy: 87.50, data load time: 0.00021, step time: 0.01026,
epoch: [37], step: [602/1581], batch loss: 0.53269, batch accuracy: 81.25, data load time: 0.00022, step time: 0.01040,
epoch: [37], step: [902/1581], batch loss: 0.40827, batch accuracy: 81.25, data load time: 0.00022, step time: 0.00963,
epoch: [37], step: [1202/1581], batch loss: 0.80732, batch accuracy: 71.88, data load time: 0.00316, step time: 0.00998,
epoch: [37], step: [1502/1581], batch loss: 0.60995, batch accuracy: 75.00, data load time: 0.00024, step time: 0.01007,
epoch: [38], step: [221/1581], batch loss: 0.72339, batch accuracy: 75.00, data load time: 0.00023, step time: 0.01045,
epoch: [38], step: [521/1581], batch loss: 0.37406, batch accuracy: 87.50, data load time: 0.00023, step time: 0.01164,
epoch: [38], step: [821/1581], batch loss: 0.79381, batch accuracy: 68.75, data load time: 0.00023, step time: 0.01169,
epoch: [38], step: [1121/1581], batch loss: 0.63316, batch accuracy: 75.00, data load time: 0.00033, step time: 0.00982,
epoch: [38], step: [1421/1581], batch loss: 0.69348, batch accuracy: 78.12, data load time: 0.00022, step time: 0.01002,
epoch: [39], step: [140/1581], batch loss: 0.55759, batch accuracy: 75.00, data load time: 0.00025, step time: 0.01050,
epoch: [39], step: [440/1581], batch loss: 0.82794, batch accuracy: 71.88, data load time: 0.00022, step time: 0.01129,
epoch: [39], step: [740/1581], batch loss: 0.55743, batch accuracy: 75.00, data load time: 0.00023, step time: 0.01147,
epoch: [39], step: [1040/1581], batch loss: 0.35616, batch accuracy: 87.50, data load time: 0.00024, step time: 0.00998,
epoch: [39], step: [1340/1581], batch loss: 0.47807, batch accuracy: 90.62, data load time: 0.00024, step time: 0.00978,
validation loss: 0.97208, accuracy: 65.10, class_accuracy: [41.52542372881356, 94.73684210526316, 58.97435897435897, 71.68141592920354, 85.59322033898304, 47.706422018348626, 94.28571428571429, 98.23008849557522, 44.89795918367347, 50.847457627118644]
epoch: [40], step: [59/1581], batch loss: 0.91306, batch accuracy: 81.25, data load time: 0.00414, step time: 0.01197,
epoch: [40], step: [359/1581], batch loss: 0.51759, batch accuracy: 84.38, data load time: 0.00022, step time: 0.00950,
epoch: [40], step: [659/1581], batch loss: 0.41887, batch accuracy: 84.38, data load time: 0.00021, step time: 0.01094,
epoch: [40], step: [959/1581], batch loss: 0.53639, batch accuracy: 84.38, data load time: 0.00024, step time: 0.01206,
epoch: [40], step: [1259/1581], batch loss: 0.32535, batch accuracy: 93.75, data load time: 0.00022, step time: 0.00957,
epoch: [40], step: [1559/1581], batch loss: 0.53732, batch accuracy: 78.12, data load time: 0.00011, step time: 0.00882,
epoch: [41], step: [278/1581], batch loss: 0.38998, batch accuracy: 87.50, data load time: 0.00030, step time: 0.01035,
epoch: [41], step: [578/1581], batch loss: 0.51748, batch accuracy: 81.25, data load time: 0.00022, step time: 0.01055,
epoch: [41], step: [878/1581], batch loss: 0.35719, batch accuracy: 87.50, data load time: 0.00024, step time: 0.00960,
epoch: [41], step: [1178/1581], batch loss: 0.71537, batch accuracy: 71.88, data load time: 0.00022, step time: 0.00970,
epoch: [41], step: [1478/1581], batch loss: 0.48100, batch accuracy: 87.50, data load time: 0.00027, step time: 0.01038,
epoch: [42], step: [197/1581], batch loss: 0.52079, batch accuracy: 84.38, data load time: 0.00021, step time: 0.01092,
epoch: [42], step: [497/1581], batch loss: 0.33106, batch accuracy: 90.62, data load time: 0.00421, step time: 0.01086,
epoch: [42], step: [797/1581], batch loss: 0.41839, batch accuracy: 87.50, data load time: 0.00324, step time: 0.01008,
epoch: [42], step: [1097/1581], batch loss: 0.86408, batch accuracy: 75.00, data load time: 0.00022, step time: 0.00934,
epoch: [42], step: [1397/1581], batch loss: 0.44319, batch accuracy: 87.50, data load time: 0.00293, step time: 0.01091,
epoch: [43], step: [116/1581], batch loss: 0.43642, batch accuracy: 84.38, data load time: 0.00021, step time: 0.01077,
epoch: [43], step: [416/1581], batch loss: 0.77331, batch accuracy: 75.00, data load time: 0.00444, step time: 0.01055,
epoch: [43], step: [716/1581], batch loss: 0.37269, batch accuracy: 87.50, data load time: 0.00024, step time: 0.01027,
epoch: [43], step: [1016/1581], batch loss: 0.70184, batch accuracy: 68.75, data load time: 0.00020, step time: 0.01042,
epoch: [43], step: [1316/1581], batch loss: 0.70338, batch accuracy: 87.50, data load time: 0.00023, step time: 0.01029,
epoch: [44], step: [35/1581], batch loss: 0.58848, batch accuracy: 78.12, data load time: 0.00025, step time: 0.01102,
epoch: [44], step: [335/1581], batch loss: 0.26558, batch accuracy: 93.75, data load time: 0.00024, step time: 0.01048,
epoch: [44], step: [635/1581], batch loss: 0.41681, batch accuracy: 84.38, data load time: 0.00026, step time: 0.01037,
epoch: [44], step: [935/1581], batch loss: 0.71865, batch accuracy: 75.00, data load time: 0.00022, step time: 0.01695,
epoch: [44], step: [1235/1581], batch loss: 0.39198, batch accuracy: 81.25, data load time: 0.00021, step time: 0.00983,
epoch: [44], step: [1535/1581], batch loss: 0.37308, batch accuracy: 87.50, data load time: 0.00017, step time: 0.00943,
validation loss: 1.06245, accuracy: 62.23, class_accuracy: [38.983050847457626, 65.78947368421052, 73.5042735042735, 73.45132743362832, 56.779661016949156, 53.211009174311926, 100.0, 77.87610619469027, 51.02040816326531, 59.32203389830509]
epoch: [45], step: [254/1581], batch loss: 0.94449, batch accuracy: 62.50, data load time: 0.00023, step time: 0.01082,
epoch: [45], step: [554/1581], batch loss: 0.44380, batch accuracy: 84.38, data load time: 0.00022, step time: 0.01154,
epoch: [45], step: [854/1581], batch loss: 0.50481, batch accuracy: 84.38, data load time: 0.00025, step time: 0.01046,
epoch: [45], step: [1154/1581], batch loss: 0.42200, batch accuracy: 84.38, data load time: 0.00022, step time: 0.00972,
epoch: [45], step: [1454/1581], batch loss: 0.56311, batch accuracy: 81.25, data load time: 0.00024, step time: 0.01020,
epoch: [46], step: [173/1581], batch loss: 0.74452, batch accuracy: 71.88, data load time: 0.00024, step time: 0.01086,
epoch: [46], step: [473/1581], batch loss: 0.53239, batch accuracy: 87.50, data load time: 0.00350, step time: 0.01118,
epoch: [46], step: [773/1581], batch loss: 0.60573, batch accuracy: 68.75, data load time: 0.00494, step time: 0.01059,
epoch: [46], step: [1073/1581], batch loss: 0.42824, batch accuracy: 81.25, data load time: 0.00037, step time: 0.01049,
epoch: [46], step: [1373/1581], batch loss: 0.40562, batch accuracy: 84.38, data load time: 0.00022, step time: 0.00959,
epoch: [47], step: [92/1581], batch loss: 0.38520, batch accuracy: 87.50, data load time: 0.00023, step time: 0.01024,
epoch: [47], step: [392/1581], batch loss: 0.72440, batch accuracy: 78.12, data load time: 0.00024, step time: 0.01013,
epoch: [47], step: [692/1581], batch loss: 0.57732, batch accuracy: 84.38, data load time: 0.00022, step time: 0.00996,
epoch: [47], step: [992/1581], batch loss: 0.52373, batch accuracy: 84.38, data load time: 0.00025, step time: 0.01056,
epoch: [47], step: [1292/1581], batch loss: 0.45478, batch accuracy: 81.25, data load time: 0.00023, step time: 0.00971,
epoch: [48], step: [11/1581], batch loss: 0.54272, batch accuracy: 75.00, data load time: 0.00025, step time: 0.01564,
epoch: [48], step: [311/1581], batch loss: 0.42756, batch accuracy: 87.50, data load time: 0.00034, step time: 0.01004,
epoch: [48], step: [611/1581], batch loss: 0.44324, batch accuracy: 84.38, data load time: 0.00021, step time: 0.01101,
epoch: [48], step: [911/1581], batch loss: 0.75157, batch accuracy: 68.75, data load time: 0.00156, step time: 0.01385,
epoch: [48], step: [1211/1581], batch loss: 0.44598, batch accuracy: 84.38, data load time: 0.00287, step time: 0.01162,
epoch: [48], step: [1511/1581], batch loss: 0.39692, batch accuracy: 84.38, data load time: 0.00027, step time: 0.01025,
epoch: [49], step: [230/1581], batch loss: 0.81003, batch accuracy: 78.12, data load time: 0.00023, step time: 0.01037,
epoch: [49], step: [530/1581], batch loss: 0.57434, batch accuracy: 78.12, data load time: 0.00022, step time: 0.00962,
epoch: [49], step: [830/1581], batch loss: 0.41501, batch accuracy: 87.50, data load time: 0.00026, step time: 0.01007,
epoch: [49], step: [1130/1581], batch loss: 0.33509, batch accuracy: 90.62, data load time: 0.00023, step time: 0.00986,
epoch: [49], step: [1430/1581], batch loss: 0.55212, batch accuracy: 78.12, data load time: 0.00022, step time: 0.00977,
validation loss: 0.76709, accuracy: 74.10, class_accuracy: [70.33898305084746, 100.0, 50.427350427350426, 74.33628318584071, 85.59322033898304, 74.31192660550458, 85.71428571428571, 99.11504424778761, 59.183673469387756, 66.10169491525424]
Total time taken: 1034.98095870018
