Using CUDA...
Writing logs to logs/CNN_bn_epochs=50_dropout=0.5_bs=32_optim=SGD_decay=0.001_lr=0.001_momentum=0.9_mode=MLMC_run_1
epoch: [0], step: [299/1581], batch loss: 1.92852, batch accuracy: 37.50, data load time: 0.00024, step time: 0.01166,
epoch: [0], step: [599/1581], batch loss: 2.06136, batch accuracy: 31.25, data load time: 0.00406, step time: 0.01237,
epoch: [0], step: [899/1581], batch loss: 1.87326, batch accuracy: 37.50, data load time: 0.00344, step time: 0.01176,
epoch: [0], step: [1199/1581], batch loss: 2.16674, batch accuracy: 31.25, data load time: 0.00027, step time: 0.01196,
epoch: [0], step: [1499/1581], batch loss: 1.55178, batch accuracy: 34.38, data load time: 0.00769, step time: 0.01426,
epoch: [1], step: [218/1581], batch loss: 1.30695, batch accuracy: 68.75, data load time: 0.00024, step time: 0.01170,
epoch: [1], step: [518/1581], batch loss: 1.55468, batch accuracy: 56.25, data load time: 0.00427, step time: 0.01362,
epoch: [1], step: [818/1581], batch loss: 0.77008, batch accuracy: 65.62, data load time: 0.00025, step time: 0.01172,
epoch: [1], step: [1118/1581], batch loss: 0.85029, batch accuracy: 68.75, data load time: 0.00026, step time: 0.02204,
epoch: [1], step: [1418/1581], batch loss: 0.81861, batch accuracy: 68.75, data load time: 0.00026, step time: 0.01170,
epoch: [2], step: [137/1581], batch loss: 0.96616, batch accuracy: 59.38, data load time: 0.00026, step time: 0.01794,
epoch: [2], step: [437/1581], batch loss: 0.96037, batch accuracy: 62.50, data load time: 0.00028, step time: 0.01445,
epoch: [2], step: [737/1581], batch loss: 1.16728, batch accuracy: 56.25, data load time: 0.00025, step time: 0.01171,
epoch: [2], step: [1037/1581], batch loss: 1.04195, batch accuracy: 68.75, data load time: 0.00024, step time: 0.01168,
epoch: [2], step: [1337/1581], batch loss: 0.85116, batch accuracy: 71.88, data load time: 0.00025, step time: 0.01168,
epoch: [3], step: [56/1581], batch loss: 1.12397, batch accuracy: 62.50, data load time: 0.00024, step time: 0.01190,
epoch: [3], step: [356/1581], batch loss: 0.67950, batch accuracy: 71.88, data load time: 0.00024, step time: 0.01169,
epoch: [3], step: [656/1581], batch loss: 0.63043, batch accuracy: 81.25, data load time: 0.00397, step time: 0.01184,
epoch: [3], step: [956/1581], batch loss: 0.82554, batch accuracy: 68.75, data load time: 0.00025, step time: 0.01209,
epoch: [3], step: [1256/1581], batch loss: 0.98967, batch accuracy: 68.75, data load time: 0.00434, step time: 0.01226,
epoch: [3], step: [1556/1581], batch loss: 0.83491, batch accuracy: 65.62, data load time: 0.00013, step time: 0.01162,
epoch: [4], step: [275/1581], batch loss: 0.60775, batch accuracy: 81.25, data load time: 0.00482, step time: 0.01172,
epoch: [4], step: [575/1581], batch loss: 0.80579, batch accuracy: 71.88, data load time: 0.00024, step time: 0.01170,
epoch: [4], step: [875/1581], batch loss: 0.73301, batch accuracy: 68.75, data load time: 0.00025, step time: 0.01434,
epoch: [4], step: [1175/1581], batch loss: 0.99612, batch accuracy: 50.00, data load time: 0.00032, step time: 0.01236,
epoch: [4], step: [1475/1581], batch loss: 0.94148, batch accuracy: 62.50, data load time: 0.00024, step time: 0.01167,
validation loss: 0.99753, accuracy: 69.29, class_accuracy: [80.50847457627118, 89.47368421052632, 63.24786324786325, 61.06194690265487, 73.72881355932203, 67.88990825688073, 100.0, 76.10619469026548, 52.04081632653061, 61.016949152542374]
class_avg: 72.50746509228568
epoch: [5], step: [194/1581], batch loss: 0.66102, batch accuracy: 81.25, data load time: 0.00028, step time: 0.01960,
epoch: [5], step: [494/1581], batch loss: 0.84924, batch accuracy: 65.62, data load time: 0.00028, step time: 0.01708,
epoch: [5], step: [794/1581], batch loss: 0.98507, batch accuracy: 56.25, data load time: 0.00024, step time: 0.01212,
epoch: [5], step: [1094/1581], batch loss: 0.42475, batch accuracy: 87.50, data load time: 0.00025, step time: 0.01378,
epoch: [5], step: [1394/1581], batch loss: 0.38937, batch accuracy: 84.38, data load time: 0.00884, step time: 0.01170,
epoch: [6], step: [113/1581], batch loss: 0.79249, batch accuracy: 68.75, data load time: 0.00025, step time: 0.01170,
epoch: [6], step: [413/1581], batch loss: 0.83728, batch accuracy: 71.88, data load time: 0.00026, step time: 0.01168,
epoch: [6], step: [713/1581], batch loss: 0.63590, batch accuracy: 81.25, data load time: 0.00026, step time: 0.01171,
epoch: [6], step: [1013/1581], batch loss: 0.75266, batch accuracy: 65.62, data load time: 0.00026, step time: 0.01879,
epoch: [6], step: [1313/1581], batch loss: 0.63921, batch accuracy: 87.50, data load time: 0.00025, step time: 0.01769,
epoch: [7], step: [32/1581], batch loss: 0.39416, batch accuracy: 96.88, data load time: 0.00026, step time: 0.01208,
epoch: [7], step: [332/1581], batch loss: 0.71868, batch accuracy: 87.50, data load time: 0.00026, step time: 0.01169,
epoch: [7], step: [632/1581], batch loss: 0.68592, batch accuracy: 78.12, data load time: 0.00399, step time: 0.01360,
epoch: [7], step: [932/1581], batch loss: 0.58695, batch accuracy: 87.50, data load time: 0.00028, step time: 0.01169,
epoch: [7], step: [1232/1581], batch loss: 0.48839, batch accuracy: 78.12, data load time: 0.00025, step time: 0.01184,
epoch: [7], step: [1532/1581], batch loss: 0.30951, batch accuracy: 87.50, data load time: 0.00020, step time: 0.01203,
epoch: [8], step: [251/1581], batch loss: 0.28684, batch accuracy: 87.50, data load time: 0.00026, step time: 0.01228,
epoch: [8], step: [551/1581], batch loss: 0.24726, batch accuracy: 93.75, data load time: 0.00024, step time: 0.01172,
epoch: [8], step: [851/1581], batch loss: 0.67987, batch accuracy: 71.88, data load time: 0.00454, step time: 0.01325,
epoch: [8], step: [1151/1581], batch loss: 0.34749, batch accuracy: 84.38, data load time: 0.00025, step time: 0.01188,
epoch: [8], step: [1451/1581], batch loss: 0.47018, batch accuracy: 90.62, data load time: 0.00025, step time: 0.01170,
epoch: [9], step: [170/1581], batch loss: 0.24615, batch accuracy: 93.75, data load time: 0.00033, step time: 0.01271,
epoch: [9], step: [470/1581], batch loss: 0.37591, batch accuracy: 81.25, data load time: 0.00025, step time: 0.01321,
epoch: [9], step: [770/1581], batch loss: 0.52085, batch accuracy: 81.25, data load time: 0.00028, step time: 0.01235,
epoch: [9], step: [1070/1581], batch loss: 0.39007, batch accuracy: 87.50, data load time: 0.00025, step time: 0.01703,
epoch: [9], step: [1370/1581], batch loss: 0.31641, batch accuracy: 90.62, data load time: 0.00025, step time: 0.01191,
validation loss: 0.87237, accuracy: 75.13, class_accuracy: [80.50847457627118, 92.10526315789474, 81.19658119658119, 71.68141592920354, 84.7457627118644, 55.04587155963303, 100.0, 83.1858407079646, 56.12244897959184, 71.1864406779661]
class_avg: 77.57780994969707
epoch: [10], step: [89/1581], batch loss: 0.26217, batch accuracy: 87.50, data load time: 0.00026, step time: 0.01173,
epoch: [10], step: [389/1581], batch loss: 0.30516, batch accuracy: 84.38, data load time: 0.00025, step time: 0.01167,
epoch: [10], step: [689/1581], batch loss: 0.28937, batch accuracy: 81.25, data load time: 0.00025, step time: 0.01173,
epoch: [10], step: [989/1581], batch loss: 0.42293, batch accuracy: 78.12, data load time: 0.00403, step time: 0.01811,
epoch: [10], step: [1289/1581], batch loss: 0.28786, batch accuracy: 87.50, data load time: 0.00635, step time: 0.01356,
epoch: [11], step: [8/1581], batch loss: 0.50122, batch accuracy: 81.25, data load time: 0.00022, step time: 0.01171,
epoch: [11], step: [308/1581], batch loss: 0.27239, batch accuracy: 90.62, data load time: 0.00024, step time: 0.01963,
epoch: [11], step: [608/1581], batch loss: 0.43882, batch accuracy: 81.25, data load time: 0.00029, step time: 0.01238,
epoch: [11], step: [908/1581], batch loss: 0.26301, batch accuracy: 96.88, data load time: 0.00700, step time: 0.01169,
epoch: [11], step: [1208/1581], batch loss: 0.32217, batch accuracy: 87.50, data load time: 0.00517, step time: 0.01264,
epoch: [11], step: [1508/1581], batch loss: 0.29681, batch accuracy: 90.62, data load time: 0.00024, step time: 0.01177,
epoch: [12], step: [227/1581], batch loss: 0.39107, batch accuracy: 90.62, data load time: 0.00026, step time: 0.02127,
epoch: [12], step: [527/1581], batch loss: 0.17305, batch accuracy: 93.75, data load time: 0.00024, step time: 0.01210,
epoch: [12], step: [827/1581], batch loss: 0.66645, batch accuracy: 75.00, data load time: 0.00025, step time: 0.01987,
epoch: [12], step: [1127/1581], batch loss: 0.16391, batch accuracy: 93.75, data load time: 0.00025, step time: 0.01170,
epoch: [12], step: [1427/1581], batch loss: 0.57706, batch accuracy: 90.62, data load time: 0.00027, step time: 0.01189,
epoch: [13], step: [146/1581], batch loss: 0.57483, batch accuracy: 87.50, data load time: 0.00026, step time: 0.01168,
epoch: [13], step: [446/1581], batch loss: 0.29941, batch accuracy: 87.50, data load time: 0.00036, step time: 0.01170,
epoch: [13], step: [746/1581], batch loss: 0.24268, batch accuracy: 90.62, data load time: 0.00025, step time: 0.01630,
epoch: [13], step: [1046/1581], batch loss: 0.14743, batch accuracy: 96.88, data load time: 0.00025, step time: 0.01282,
epoch: [13], step: [1346/1581], batch loss: 0.36880, batch accuracy: 84.38, data load time: 0.00025, step time: 0.01212,
epoch: [14], step: [65/1581], batch loss: 0.15814, batch accuracy: 93.75, data load time: 0.00030, step time: 0.01338,
epoch: [14], step: [365/1581], batch loss: 0.25788, batch accuracy: 90.62, data load time: 0.00023, step time: 0.01211,
epoch: [14], step: [665/1581], batch loss: 0.32503, batch accuracy: 84.38, data load time: 0.00026, step time: 0.01827,
epoch: [14], step: [965/1581], batch loss: 0.22031, batch accuracy: 96.88, data load time: 0.00024, step time: 0.01170,
epoch: [14], step: [1265/1581], batch loss: 0.27766, batch accuracy: 90.62, data load time: 0.00027, step time: 0.01946,
epoch: [14], step: [1565/1581], batch loss: 0.30739, batch accuracy: 87.50, data load time: 0.00013, step time: 0.01212,
validation loss: 0.83867, accuracy: 73.59, class_accuracy: [71.1864406779661, 84.21052631578948, 82.90598290598291, 69.91150442477876, 84.7457627118644, 51.37614678899082, 100.0, 81.41592920353982, 52.04081632653061, 78.8135593220339]
class_avg: 75.66066686774768
epoch: [15], step: [284/1581], batch loss: 0.13224, batch accuracy: 96.88, data load time: 0.00455, step time: 0.01316,
epoch: [15], step: [584/1581], batch loss: 0.13682, batch accuracy: 93.75, data load time: 0.00038, step time: 0.01169,
epoch: [15], step: [884/1581], batch loss: 0.27672, batch accuracy: 87.50, data load time: 0.00027, step time: 0.01331,
epoch: [15], step: [1184/1581], batch loss: 0.56443, batch accuracy: 71.88, data load time: 0.00025, step time: 0.01180,
epoch: [15], step: [1484/1581], batch loss: 0.23342, batch accuracy: 96.88, data load time: 0.00025, step time: 0.01190,
epoch: [16], step: [203/1581], batch loss: 0.17381, batch accuracy: 96.88, data load time: 0.00027, step time: 0.01226,
epoch: [16], step: [503/1581], batch loss: 0.43464, batch accuracy: 84.38, data load time: 0.00027, step time: 0.01198,
epoch: [16], step: [803/1581], batch loss: 0.26541, batch accuracy: 93.75, data load time: 0.00032, step time: 0.01181,
epoch: [16], step: [1103/1581], batch loss: 0.26174, batch accuracy: 93.75, data load time: 0.00024, step time: 0.01170,
epoch: [16], step: [1403/1581], batch loss: 0.11111, batch accuracy: 96.88, data load time: 0.00033, step time: 0.01180,
epoch: [17], step: [122/1581], batch loss: 0.41162, batch accuracy: 87.50, data load time: 0.00025, step time: 0.01168,
epoch: [17], step: [422/1581], batch loss: 0.53933, batch accuracy: 81.25, data load time: 0.00027, step time: 0.01179,
epoch: [17], step: [722/1581], batch loss: 0.19763, batch accuracy: 90.62, data load time: 0.00026, step time: 0.01981,
epoch: [17], step: [1022/1581], batch loss: 0.18257, batch accuracy: 96.88, data load time: 0.00025, step time: 0.01180,
epoch: [17], step: [1322/1581], batch loss: 0.11058, batch accuracy: 96.88, data load time: 0.00027, step time: 0.01623,
epoch: [18], step: [41/1581], batch loss: 0.18671, batch accuracy: 96.88, data load time: 0.00022, step time: 0.01168,
epoch: [18], step: [341/1581], batch loss: 0.13430, batch accuracy: 96.88, data load time: 0.00026, step time: 0.02072,
epoch: [18], step: [641/1581], batch loss: 0.22549, batch accuracy: 93.75, data load time: 0.00023, step time: 0.01209,
epoch: [18], step: [941/1581], batch loss: 0.27181, batch accuracy: 90.62, data load time: 0.00026, step time: 0.01253,
epoch: [18], step: [1241/1581], batch loss: 0.28772, batch accuracy: 87.50, data load time: 0.00026, step time: 0.02015,
epoch: [18], step: [1541/1581], batch loss: 0.16776, batch accuracy: 93.75, data load time: 0.00020, step time: 0.01179,
epoch: [19], step: [260/1581], batch loss: 0.22087, batch accuracy: 90.62, data load time: 0.00025, step time: 0.01174,
epoch: [19], step: [560/1581], batch loss: 0.13707, batch accuracy: 100.00, data load time: 0.00025, step time: 0.01170,
epoch: [19], step: [860/1581], batch loss: 0.32507, batch accuracy: 90.62, data load time: 0.00026, step time: 0.01170,
epoch: [19], step: [1160/1581], batch loss: 0.15808, batch accuracy: 93.75, data load time: 0.00023, step time: 0.01207,
epoch: [19], step: [1460/1581], batch loss: 0.13790, batch accuracy: 96.88, data load time: 0.00025, step time: 0.01204,
validation loss: 0.82919, accuracy: 72.88, class_accuracy: [48.30508474576271, 92.10526315789474, 83.76068376068376, 74.33628318584071, 84.7457627118644, 53.211009174311926, 97.14285714285714, 89.38053097345133, 55.10204081632653, 77.11864406779661]
class_avg: 75.52081597367899
epoch: [20], step: [179/1581], batch loss: 0.21880, batch accuracy: 84.38, data load time: 0.00579, step time: 0.01233,
epoch: [20], step: [479/1581], batch loss: 0.19169, batch accuracy: 90.62, data load time: 0.00024, step time: 0.02039,
epoch: [20], step: [779/1581], batch loss: 0.19948, batch accuracy: 93.75, data load time: 0.00582, step time: 0.01294,
epoch: [20], step: [1079/1581], batch loss: 0.16994, batch accuracy: 100.00, data load time: 0.00880, step time: 0.01432,
epoch: [20], step: [1379/1581], batch loss: 0.11412, batch accuracy: 96.88, data load time: 0.00025, step time: 0.01169,
epoch: [21], step: [98/1581], batch loss: 0.12012, batch accuracy: 93.75, data load time: 0.00025, step time: 0.01169,
epoch: [21], step: [398/1581], batch loss: 0.30156, batch accuracy: 87.50, data load time: 0.00026, step time: 0.01313,
epoch: [21], step: [698/1581], batch loss: 0.18742, batch accuracy: 93.75, data load time: 0.00025, step time: 0.02065,
epoch: [21], step: [998/1581], batch loss: 0.08540, batch accuracy: 100.00, data load time: 0.00027, step time: 0.01407,
epoch: [21], step: [1298/1581], batch loss: 0.24108, batch accuracy: 87.50, data load time: 0.00026, step time: 0.01208,
epoch: [22], step: [17/1581], batch loss: 0.25847, batch accuracy: 87.50, data load time: 0.00026, step time: 0.01295,
epoch: [22], step: [317/1581], batch loss: 0.16013, batch accuracy: 93.75, data load time: 0.00025, step time: 0.01191,
epoch: [22], step: [617/1581], batch loss: 0.07648, batch accuracy: 100.00, data load time: 0.00025, step time: 0.01280,
epoch: [22], step: [917/1581], batch loss: 0.16423, batch accuracy: 96.88, data load time: 0.00028, step time: 0.01185,
epoch: [22], step: [1217/1581], batch loss: 0.16848, batch accuracy: 93.75, data load time: 0.00024, step time: 0.01181,
epoch: [22], step: [1517/1581], batch loss: 0.07420, batch accuracy: 100.00, data load time: 0.00031, step time: 0.01818,
epoch: [23], step: [236/1581], batch loss: 0.12764, batch accuracy: 100.00, data load time: 0.00023, step time: 0.01228,
epoch: [23], step: [536/1581], batch loss: 0.21254, batch accuracy: 93.75, data load time: 0.00027, step time: 0.01236,
epoch: [23], step: [836/1581], batch loss: 0.12970, batch accuracy: 96.88, data load time: 0.00032, step time: 0.01987,
epoch: [23], step: [1136/1581], batch loss: 0.19974, batch accuracy: 90.62, data load time: 0.00024, step time: 0.01570,
epoch: [23], step: [1436/1581], batch loss: 0.20458, batch accuracy: 96.88, data load time: 0.00379, step time: 0.03287,
epoch: [24], step: [155/1581], batch loss: 0.12029, batch accuracy: 96.88, data load time: 0.00026, step time: 0.01812,
epoch: [24], step: [455/1581], batch loss: 0.28447, batch accuracy: 93.75, data load time: 0.00036, step time: 0.01221,
epoch: [24], step: [755/1581], batch loss: 0.10662, batch accuracy: 100.00, data load time: 0.00376, step time: 0.01343,
epoch: [24], step: [1055/1581], batch loss: 0.17069, batch accuracy: 96.88, data load time: 0.00024, step time: 0.01353,
epoch: [24], step: [1355/1581], batch loss: 0.06633, batch accuracy: 100.00, data load time: 0.00026, step time: 0.01171,
validation loss: 0.79380, accuracy: 73.59, class_accuracy: [54.23728813559322, 92.10526315789474, 80.34188034188034, 76.10619469026548, 79.66101694915254, 51.37614678899082, 100.0, 97.34513274336283, 58.16326530612245, 74.57627118644068]
class_avg: 76.3912459299703
epoch: [25], step: [74/1581], batch loss: 0.22747, batch accuracy: 90.62, data load time: 0.00033, step time: 0.01168,
epoch: [25], step: [374/1581], batch loss: 0.20944, batch accuracy: 87.50, data load time: 0.00473, step time: 0.01184,
epoch: [25], step: [674/1581], batch loss: 0.14521, batch accuracy: 93.75, data load time: 0.00025, step time: 0.01167,
epoch: [25], step: [974/1581], batch loss: 0.26946, batch accuracy: 84.38, data load time: 0.00028, step time: 0.01168,
epoch: [25], step: [1274/1581], batch loss: 0.15279, batch accuracy: 90.62, data load time: 0.00026, step time: 0.01204,
epoch: [25], step: [1574/1581], batch loss: 0.19406, batch accuracy: 93.75, data load time: 0.00014, step time: 0.01176,
epoch: [26], step: [293/1581], batch loss: 0.10177, batch accuracy: 100.00, data load time: 0.01257, step time: 0.01171,
epoch: [26], step: [593/1581], batch loss: 0.13743, batch accuracy: 90.62, data load time: 0.00631, step time: 0.01427,
epoch: [26], step: [893/1581], batch loss: 0.04803, batch accuracy: 100.00, data load time: 0.00026, step time: 0.01170,
epoch: [26], step: [1193/1581], batch loss: 0.12991, batch accuracy: 93.75, data load time: 0.00030, step time: 0.01447,
epoch: [26], step: [1493/1581], batch loss: 0.08040, batch accuracy: 96.88, data load time: 0.00066, step time: 0.01169,
epoch: [27], step: [212/1581], batch loss: 0.14268, batch accuracy: 87.50, data load time: 0.00026, step time: 0.01394,
epoch: [27], step: [512/1581], batch loss: 0.15520, batch accuracy: 93.75, data load time: 0.00385, step time: 0.01732,
epoch: [27], step: [812/1581], batch loss: 0.19991, batch accuracy: 90.62, data load time: 0.00026, step time: 0.01188,
epoch: [27], step: [1112/1581], batch loss: 0.41238, batch accuracy: 81.25, data load time: 0.00037, step time: 0.01393,
epoch: [27], step: [1412/1581], batch loss: 0.08255, batch accuracy: 96.88, data load time: 0.00025, step time: 0.01216,
epoch: [28], step: [131/1581], batch loss: 0.09617, batch accuracy: 96.88, data load time: 0.00025, step time: 0.01188,
epoch: [28], step: [431/1581], batch loss: 0.04297, batch accuracy: 100.00, data load time: 0.00027, step time: 0.01170,
epoch: [28], step: [731/1581], batch loss: 0.16490, batch accuracy: 93.75, data load time: 0.00038, step time: 0.02015,
epoch: [28], step: [1031/1581], batch loss: 0.19793, batch accuracy: 93.75, data load time: 0.00026, step time: 0.01183,
epoch: [28], step: [1331/1581], batch loss: 0.13579, batch accuracy: 93.75, data load time: 0.00043, step time: 0.01255,
epoch: [29], step: [50/1581], batch loss: 0.07849, batch accuracy: 100.00, data load time: 0.00022, step time: 0.01167,
epoch: [29], step: [350/1581], batch loss: 0.35469, batch accuracy: 90.62, data load time: 0.00026, step time: 0.01866,
epoch: [29], step: [650/1581], batch loss: 0.14258, batch accuracy: 93.75, data load time: 0.00026, step time: 0.01169,
epoch: [29], step: [950/1581], batch loss: 0.10251, batch accuracy: 100.00, data load time: 0.00026, step time: 0.01398,
epoch: [29], step: [1250/1581], batch loss: 0.06430, batch accuracy: 100.00, data load time: 0.00024, step time: 0.01199,
epoch: [29], step: [1550/1581], batch loss: 0.25102, batch accuracy: 93.75, data load time: 0.00014, step time: 0.01193,
validation loss: 0.78230, accuracy: 73.69, class_accuracy: [47.45762711864407, 86.84210526315789, 79.48717948717949, 76.99115044247787, 85.59322033898304, 57.79816513761468, 97.14285714285714, 88.49557522123894, 61.224489795918366, 78.8135593220339]
class_avg: 75.98459292701054
epoch: [30], step: [269/1581], batch loss: 0.03970, batch accuracy: 100.00, data load time: 0.00027, step time: 0.01995,
epoch: [30], step: [569/1581], batch loss: 0.11183, batch accuracy: 96.88, data load time: 0.00025, step time: 0.01205,
epoch: [30], step: [869/1581], batch loss: 0.09445, batch accuracy: 96.88, data load time: 0.00025, step time: 0.01171,
epoch: [30], step: [1169/1581], batch loss: 0.03895, batch accuracy: 100.00, data load time: 0.00026, step time: 0.01388,
epoch: [30], step: [1469/1581], batch loss: 0.23967, batch accuracy: 96.88, data load time: 0.00025, step time: 0.01168,
epoch: [31], step: [188/1581], batch loss: 0.07390, batch accuracy: 100.00, data load time: 0.00027, step time: 0.02230,
epoch: [31], step: [488/1581], batch loss: 0.17939, batch accuracy: 93.75, data load time: 0.00425, step time: 0.01373,
epoch: [31], step: [788/1581], batch loss: 0.03814, batch accuracy: 100.00, data load time: 0.00383, step time: 0.01182,
epoch: [31], step: [1088/1581], batch loss: 0.07803, batch accuracy: 100.00, data load time: 0.00396, step time: 0.01171,
epoch: [31], step: [1388/1581], batch loss: 0.03984, batch accuracy: 100.00, data load time: 0.00027, step time: 0.01169,
epoch: [32], step: [107/1581], batch loss: 0.09333, batch accuracy: 100.00, data load time: 0.00024, step time: 0.01166,
epoch: [32], step: [407/1581], batch loss: 0.05917, batch accuracy: 100.00, data load time: 0.00026, step time: 0.01635,
epoch: [32], step: [707/1581], batch loss: 0.17562, batch accuracy: 90.62, data load time: 0.00031, step time: 0.01279,
epoch: [32], step: [1007/1581], batch loss: 0.06614, batch accuracy: 96.88, data load time: 0.00026, step time: 0.02019,
epoch: [32], step: [1307/1581], batch loss: 0.11297, batch accuracy: 96.88, data load time: 0.00025, step time: 0.01177,
epoch: [33], step: [26/1581], batch loss: 0.09795, batch accuracy: 93.75, data load time: 0.00025, step time: 0.01169,
epoch: [33], step: [326/1581], batch loss: 0.11293, batch accuracy: 93.75, data load time: 0.00027, step time: 0.01191,
epoch: [33], step: [626/1581], batch loss: 0.21125, batch accuracy: 93.75, data load time: 0.00027, step time: 0.01198,
epoch: [33], step: [926/1581], batch loss: 0.11245, batch accuracy: 96.88, data load time: 0.00026, step time: 0.01186,
epoch: [33], step: [1226/1581], batch loss: 0.14184, batch accuracy: 96.88, data load time: 0.00037, step time: 0.01193,
epoch: [33], step: [1526/1581], batch loss: 0.23532, batch accuracy: 93.75, data load time: 0.00020, step time: 0.01274,
epoch: [34], step: [245/1581], batch loss: 0.09206, batch accuracy: 96.88, data load time: 0.00023, step time: 0.01167,
epoch: [34], step: [545/1581], batch loss: 0.09916, batch accuracy: 100.00, data load time: 0.00378, step time: 0.01912,
epoch: [34], step: [845/1581], batch loss: 0.05944, batch accuracy: 96.88, data load time: 0.00025, step time: 0.01204,
epoch: [34], step: [1145/1581], batch loss: 0.06431, batch accuracy: 96.88, data load time: 0.00025, step time: 0.01198,
epoch: [34], step: [1445/1581], batch loss: 0.02405, batch accuracy: 100.00, data load time: 0.00024, step time: 0.01228,
validation loss: 0.85115, accuracy: 72.67, class_accuracy: [44.91525423728814, 92.10526315789474, 83.76068376068376, 76.10619469026548, 74.57627118644068, 53.211009174311926, 97.14285714285714, 95.57522123893806, 57.142857142857146, 79.66101694915254]
class_avg: 75.41966286806897
epoch: [35], step: [164/1581], batch loss: 0.07765, batch accuracy: 96.88, data load time: 0.00026, step time: 0.01998,
epoch: [35], step: [464/1581], batch loss: 0.15369, batch accuracy: 93.75, data load time: 0.00026, step time: 0.01168,
epoch: [35], step: [764/1581], batch loss: 0.04143, batch accuracy: 100.00, data load time: 0.00025, step time: 0.01190,
epoch: [35], step: [1064/1581], batch loss: 0.07184, batch accuracy: 100.00, data load time: 0.00053, step time: 0.01169,
epoch: [35], step: [1364/1581], batch loss: 0.19208, batch accuracy: 87.50, data load time: 0.00026, step time: 0.01235,
epoch: [36], step: [83/1581], batch loss: 0.04952, batch accuracy: 100.00, data load time: 0.00026, step time: 0.01454,
epoch: [36], step: [383/1581], batch loss: 0.05370, batch accuracy: 100.00, data load time: 0.00032, step time: 0.01224,
epoch: [36], step: [683/1581], batch loss: 0.08845, batch accuracy: 100.00, data load time: 0.00024, step time: 0.01184,
epoch: [36], step: [983/1581], batch loss: 0.05107, batch accuracy: 100.00, data load time: 0.00027, step time: 0.01170,
epoch: [36], step: [1283/1581], batch loss: 0.21292, batch accuracy: 93.75, data load time: 0.00038, step time: 0.01188,
epoch: [37], step: [2/1581], batch loss: 0.07999, batch accuracy: 96.88, data load time: 0.00479, step time: 0.01208,
epoch: [37], step: [302/1581], batch loss: 0.19963, batch accuracy: 90.62, data load time: 0.00950, step time: 0.01247,
epoch: [37], step: [602/1581], batch loss: 0.03777, batch accuracy: 100.00, data load time: 0.00024, step time: 0.02021,
epoch: [37], step: [902/1581], batch loss: 0.21582, batch accuracy: 90.62, data load time: 0.00025, step time: 0.01176,
epoch: [37], step: [1202/1581], batch loss: 0.11949, batch accuracy: 93.75, data load time: 0.00026, step time: 0.01178,
epoch: [37], step: [1502/1581], batch loss: 0.05788, batch accuracy: 100.00, data load time: 0.00034, step time: 0.01215,
epoch: [38], step: [221/1581], batch loss: 0.12022, batch accuracy: 96.88, data load time: 0.00035, step time: 0.01195,
epoch: [38], step: [521/1581], batch loss: 0.02381, batch accuracy: 100.00, data load time: 0.00023, step time: 0.01191,
epoch: [38], step: [821/1581], batch loss: 0.12934, batch accuracy: 96.88, data load time: 0.00026, step time: 0.01330,
epoch: [38], step: [1121/1581], batch loss: 0.06413, batch accuracy: 96.88, data load time: 0.00025, step time: 0.01192,
epoch: [38], step: [1421/1581], batch loss: 0.03734, batch accuracy: 100.00, data load time: 0.00026, step time: 0.02042,
epoch: [39], step: [140/1581], batch loss: 0.11558, batch accuracy: 96.88, data load time: 0.00024, step time: 0.02732,
epoch: [39], step: [440/1581], batch loss: 0.09456, batch accuracy: 96.88, data load time: 0.00024, step time: 0.01167,
epoch: [39], step: [740/1581], batch loss: 0.03588, batch accuracy: 100.00, data load time: 0.00025, step time: 0.01190,
epoch: [39], step: [1040/1581], batch loss: 0.12916, batch accuracy: 93.75, data load time: 0.00026, step time: 0.01168,
epoch: [39], step: [1340/1581], batch loss: 0.12943, batch accuracy: 96.88, data load time: 0.00029, step time: 0.01192,
validation loss: 0.79021, accuracy: 74.82, class_accuracy: [51.69491525423729, 92.10526315789474, 80.34188034188034, 79.64601769911505, 83.05084745762711, 58.71559633027523, 97.14285714285714, 91.15044247787611, 60.204081632653065, 78.8135593220339]
class_avg: 77.286546081645
epoch: [40], step: [59/1581], batch loss: 0.18958, batch accuracy: 93.75, data load time: 0.00025, step time: 0.01169,
epoch: [40], step: [359/1581], batch loss: 0.06870, batch accuracy: 96.88, data load time: 0.00511, step time: 0.01181,
epoch: [40], step: [659/1581], batch loss: 0.14182, batch accuracy: 93.75, data load time: 0.00024, step time: 0.01167,
epoch: [40], step: [959/1581], batch loss: 0.11563, batch accuracy: 96.88, data load time: 0.00025, step time: 0.01210,
epoch: [40], step: [1259/1581], batch loss: 0.14134, batch accuracy: 90.62, data load time: 0.00027, step time: 0.02423,
epoch: [40], step: [1559/1581], batch loss: 0.05786, batch accuracy: 100.00, data load time: 0.00014, step time: 0.01165,
epoch: [41], step: [278/1581], batch loss: 0.06778, batch accuracy: 96.88, data load time: 0.00024, step time: 0.01329,
epoch: [41], step: [578/1581], batch loss: 0.04840, batch accuracy: 100.00, data load time: 0.00026, step time: 0.01169,
epoch: [41], step: [878/1581], batch loss: 0.10686, batch accuracy: 96.88, data load time: 0.00025, step time: 0.01172,
epoch: [41], step: [1178/1581], batch loss: 0.07940, batch accuracy: 93.75, data load time: 0.00026, step time: 0.01211,
epoch: [41], step: [1478/1581], batch loss: 0.04538, batch accuracy: 100.00, data load time: 0.00026, step time: 0.01169,
epoch: [42], step: [197/1581], batch loss: 0.09667, batch accuracy: 93.75, data load time: 0.00024, step time: 0.03021,
epoch: [42], step: [497/1581], batch loss: 0.08801, batch accuracy: 96.88, data load time: 0.00026, step time: 0.02004,
epoch: [42], step: [797/1581], batch loss: 0.09608, batch accuracy: 96.88, data load time: 0.00393, step time: 0.01192,
epoch: [42], step: [1097/1581], batch loss: 0.05913, batch accuracy: 96.88, data load time: 0.00027, step time: 0.01988,
epoch: [42], step: [1397/1581], batch loss: 0.01959, batch accuracy: 100.00, data load time: 0.00566, step time: 0.01307,
epoch: [43], step: [116/1581], batch loss: 0.08116, batch accuracy: 96.88, data load time: 0.00024, step time: 0.01170,
epoch: [43], step: [416/1581], batch loss: 0.08981, batch accuracy: 96.88, data load time: 0.00025, step time: 0.01409,
epoch: [43], step: [716/1581], batch loss: 0.08646, batch accuracy: 93.75, data load time: 0.00024, step time: 0.01639,
epoch: [43], step: [1016/1581], batch loss: 0.12185, batch accuracy: 93.75, data load time: 0.00535, step time: 0.01180,
epoch: [43], step: [1316/1581], batch loss: 0.13612, batch accuracy: 93.75, data load time: 0.00026, step time: 0.01773,
epoch: [44], step: [35/1581], batch loss: 0.16915, batch accuracy: 96.88, data load time: 0.00031, step time: 0.01169,
epoch: [44], step: [335/1581], batch loss: 0.04217, batch accuracy: 100.00, data load time: 0.00024, step time: 0.01635,
epoch: [44], step: [635/1581], batch loss: 0.06487, batch accuracy: 100.00, data load time: 0.00391, step time: 0.02027,
epoch: [44], step: [935/1581], batch loss: 0.09301, batch accuracy: 100.00, data load time: 0.00028, step time: 0.02008,
epoch: [44], step: [1235/1581], batch loss: 0.04636, batch accuracy: 100.00, data load time: 0.00025, step time: 0.01223,
epoch: [44], step: [1535/1581], batch loss: 0.09997, batch accuracy: 96.88, data load time: 0.00019, step time: 0.01177,
validation loss: 0.80312, accuracy: 74.31, class_accuracy: [50.0, 92.10526315789474, 80.34188034188034, 79.64601769911505, 77.11864406779661, 59.63302752293578, 100.0, 92.92035398230088, 62.244897959183675, 77.11864406779661]
class_avg: 77.11287287989038
epoch: [45], step: [254/1581], batch loss: 0.10683, batch accuracy: 93.75, data load time: 0.00026, step time: 0.01200,
epoch: [45], step: [554/1581], batch loss: 0.05416, batch accuracy: 100.00, data load time: 0.00025, step time: 0.01170,
epoch: [45], step: [854/1581], batch loss: 0.06965, batch accuracy: 100.00, data load time: 0.00026, step time: 0.02174,
epoch: [45], step: [1154/1581], batch loss: 0.04693, batch accuracy: 100.00, data load time: 0.00026, step time: 0.01318,
epoch: [45], step: [1454/1581], batch loss: 0.09995, batch accuracy: 93.75, data load time: 0.00025, step time: 0.01166,
epoch: [46], step: [173/1581], batch loss: 0.06406, batch accuracy: 100.00, data load time: 0.00027, step time: 0.01169,
epoch: [46], step: [473/1581], batch loss: 0.02718, batch accuracy: 100.00, data load time: 0.00025, step time: 0.01200,
epoch: [46], step: [773/1581], batch loss: 0.04983, batch accuracy: 100.00, data load time: 0.00025, step time: 0.01189,
epoch: [46], step: [1073/1581], batch loss: 0.07479, batch accuracy: 100.00, data load time: 0.00024, step time: 0.01196,
epoch: [46], step: [1373/1581], batch loss: 0.06288, batch accuracy: 96.88, data load time: 0.00876, step time: 0.01260,
epoch: [47], step: [92/1581], batch loss: 0.11331, batch accuracy: 96.88, data load time: 0.00025, step time: 0.01384,
epoch: [47], step: [392/1581], batch loss: 0.05913, batch accuracy: 96.88, data load time: 0.00027, step time: 0.01226,
epoch: [47], step: [692/1581], batch loss: 0.02512, batch accuracy: 100.00, data load time: 0.00024, step time: 0.01958,
epoch: [47], step: [992/1581], batch loss: 0.07455, batch accuracy: 96.88, data load time: 0.00024, step time: 0.01483,
epoch: [47], step: [1292/1581], batch loss: 0.06880, batch accuracy: 96.88, data load time: 0.00032, step time: 0.01177,
epoch: [48], step: [11/1581], batch loss: 0.06612, batch accuracy: 100.00, data load time: 0.00023, step time: 0.01330,
epoch: [48], step: [311/1581], batch loss: 0.10103, batch accuracy: 100.00, data load time: 0.00024, step time: 0.01176,
epoch: [48], step: [611/1581], batch loss: 0.12333, batch accuracy: 96.88, data load time: 0.00036, step time: 0.01172,
epoch: [48], step: [911/1581], batch loss: 0.04502, batch accuracy: 100.00, data load time: 0.00025, step time: 0.01239,
epoch: [48], step: [1211/1581], batch loss: 0.05264, batch accuracy: 100.00, data load time: 0.00025, step time: 0.01418,
epoch: [48], step: [1511/1581], batch loss: 0.03809, batch accuracy: 100.00, data load time: 0.00028, step time: 0.01178,
epoch: [49], step: [230/1581], batch loss: 0.03276, batch accuracy: 100.00, data load time: 0.00025, step time: 0.01279,
epoch: [49], step: [530/1581], batch loss: 0.03385, batch accuracy: 100.00, data load time: 0.00026, step time: 0.01192,
epoch: [49], step: [830/1581], batch loss: 0.03361, batch accuracy: 100.00, data load time: 0.00445, step time: 0.01258,
epoch: [49], step: [1130/1581], batch loss: 0.18700, batch accuracy: 93.75, data load time: 0.00029, step time: 0.01220,
epoch: [49], step: [1430/1581], batch loss: 0.25797, batch accuracy: 93.75, data load time: 0.00025, step time: 0.01400,
validation loss: 0.80419, accuracy: 73.80, class_accuracy: [46.610169491525426, 92.10526315789474, 83.76068376068376, 76.99115044247787, 81.35593220338983, 61.46788990825688, 100.0, 83.1858407079646, 57.142857142857146, 83.05084745762711]
class_avg: 76.56706342726774
Total time taken: 1258.2389919757843
