Using CUDA...
Writing logs to logs/CNN_bn_epochs=50_dropout=0.5_bs=32_lr=0.001_momentum=0.9_mode=LMC_run_11
epoch: [0], step: [299/1581], batch loss: 1.54500, batch accuracy: 53.12, data load time: 0.00022, step time: 0.02106,
epoch: [0], step: [599/1581], batch loss: 0.98183, batch accuracy: 62.50, data load time: 0.00022, step time: 0.02028,
epoch: [0], step: [899/1581], batch loss: 1.27188, batch accuracy: 53.12, data load time: 0.00022, step time: 0.01227,
epoch: [0], step: [1199/1581], batch loss: 0.85932, batch accuracy: 68.75, data load time: 0.00020, step time: 0.01488,
epoch: [0], step: [1499/1581], batch loss: 0.50160, batch accuracy: 78.12, data load time: 0.00021, step time: 0.01512,
epoch: [1], step: [218/1581], batch loss: 0.76716, batch accuracy: 71.88, data load time: 0.00023, step time: 0.02078,
epoch: [1], step: [518/1581], batch loss: 0.56566, batch accuracy: 81.25, data load time: 0.01141, step time: 0.01962,
epoch: [1], step: [818/1581], batch loss: 0.45361, batch accuracy: 87.50, data load time: 0.00363, step time: 0.01149,
epoch: [1], step: [1118/1581], batch loss: 0.31213, batch accuracy: 87.50, data load time: 0.00021, step time: 0.01199,
epoch: [1], step: [1418/1581], batch loss: 0.31151, batch accuracy: 90.62, data load time: 0.00597, step time: 0.01179,
epoch: [2], step: [137/1581], batch loss: 0.64077, batch accuracy: 71.88, data load time: 0.00888, step time: 0.01511,
epoch: [2], step: [437/1581], batch loss: 0.45833, batch accuracy: 81.25, data load time: 0.00437, step time: 0.01462,
epoch: [2], step: [737/1581], batch loss: 0.10322, batch accuracy: 100.00, data load time: 0.00728, step time: 0.02041,
epoch: [2], step: [1037/1581], batch loss: 0.22719, batch accuracy: 93.75, data load time: 0.00021, step time: 0.01468,
epoch: [2], step: [1337/1581], batch loss: 0.20622, batch accuracy: 93.75, data load time: 0.01095, step time: 0.02380,
epoch: [3], step: [56/1581], batch loss: 0.35352, batch accuracy: 87.50, data load time: 0.00019, step time: 0.01477,
epoch: [3], step: [356/1581], batch loss: 0.32782, batch accuracy: 87.50, data load time: 0.00361, step time: 0.01121,
epoch: [3], step: [656/1581], batch loss: 0.51243, batch accuracy: 78.12, data load time: 0.00023, step time: 0.02103,
epoch: [3], step: [956/1581], batch loss: 0.58541, batch accuracy: 71.88, data load time: 0.00020, step time: 0.01511,
epoch: [3], step: [1256/1581], batch loss: 0.47140, batch accuracy: 87.50, data load time: 0.00023, step time: 0.01707,
epoch: [3], step: [1556/1581], batch loss: 0.47726, batch accuracy: 81.25, data load time: 0.00018, step time: 0.01087,
epoch: [4], step: [275/1581], batch loss: 0.33777, batch accuracy: 90.62, data load time: 0.00020, step time: 0.01749,
epoch: [4], step: [575/1581], batch loss: 0.40302, batch accuracy: 87.50, data load time: 0.00020, step time: 0.01801,
epoch: [4], step: [875/1581], batch loss: 0.33917, batch accuracy: 84.38, data load time: 0.00877, step time: 0.01933,
epoch: [4], step: [1175/1581], batch loss: 0.40720, batch accuracy: 84.38, data load time: 0.00029, step time: 0.01701,
epoch: [4], step: [1475/1581], batch loss: 0.32567, batch accuracy: 90.62, data load time: 0.00020, step time: 0.01094,
validation loss: 1.11675, accuracy: 71.83, class_accuracy: [70.71428571428571, 89.02439024390245, 69.45244956772335, 64.60176991150442, 92.72445820433437, 60.68111455108359, 89.2156862745098, 95.3225806451613, 45.69892473118279, 65.57142857142857]
epoch: [5], step: [194/1581], batch loss: 0.48340, batch accuracy: 84.38, data load time: 0.00022, step time: 0.01043,
epoch: [5], step: [494/1581], batch loss: 0.18012, batch accuracy: 93.75, data load time: 0.00020, step time: 0.01123,
epoch: [5], step: [794/1581], batch loss: 0.34226, batch accuracy: 84.38, data load time: 0.00023, step time: 0.01298,
epoch: [5], step: [1094/1581], batch loss: 0.29372, batch accuracy: 93.75, data load time: 0.00022, step time: 0.01630,
epoch: [5], step: [1394/1581], batch loss: 0.27816, batch accuracy: 87.50, data load time: 0.00021, step time: 0.01617,
epoch: [6], step: [113/1581], batch loss: 0.43788, batch accuracy: 81.25, data load time: 0.00485, step time: 0.00982,
epoch: [6], step: [413/1581], batch loss: 0.22213, batch accuracy: 96.88, data load time: 0.00566, step time: 0.01128,
epoch: [6], step: [713/1581], batch loss: 0.11033, batch accuracy: 96.88, data load time: 0.00022, step time: 0.01723,
epoch: [6], step: [1013/1581], batch loss: 0.15815, batch accuracy: 93.75, data load time: 0.00022, step time: 0.00973,
epoch: [6], step: [1313/1581], batch loss: 0.09767, batch accuracy: 96.88, data load time: 0.00022, step time: 0.01534,
epoch: [7], step: [32/1581], batch loss: 0.43847, batch accuracy: 90.62, data load time: 0.00021, step time: 0.01106,
epoch: [7], step: [332/1581], batch loss: 0.19026, batch accuracy: 93.75, data load time: 0.00021, step time: 0.01445,
epoch: [7], step: [632/1581], batch loss: 0.17435, batch accuracy: 90.62, data load time: 0.00022, step time: 0.01534,
epoch: [7], step: [932/1581], batch loss: 0.24619, batch accuracy: 90.62, data load time: 0.00025, step time: 0.01619,
epoch: [7], step: [1232/1581], batch loss: 0.21267, batch accuracy: 87.50, data load time: 0.00032, step time: 0.01023,
epoch: [7], step: [1532/1581], batch loss: 0.62588, batch accuracy: 81.25, data load time: 0.00016, step time: 0.00949,
epoch: [8], step: [251/1581], batch loss: 0.19491, batch accuracy: 93.75, data load time: 0.00021, step time: 0.01524,
epoch: [8], step: [551/1581], batch loss: 0.16154, batch accuracy: 96.88, data load time: 0.00022, step time: 0.01004,
epoch: [8], step: [851/1581], batch loss: 0.16415, batch accuracy: 93.75, data load time: 0.00023, step time: 0.01527,
epoch: [8], step: [1151/1581], batch loss: 0.21401, batch accuracy: 93.75, data load time: 0.00020, step time: 0.01095,
epoch: [8], step: [1451/1581], batch loss: 0.02953, batch accuracy: 100.00, data load time: 0.00291, step time: 0.01087,
epoch: [9], step: [170/1581], batch loss: 0.12988, batch accuracy: 96.88, data load time: 0.00022, step time: 0.01095,
epoch: [9], step: [470/1581], batch loss: 0.23808, batch accuracy: 93.75, data load time: 0.00024, step time: 0.01137,
epoch: [9], step: [770/1581], batch loss: 0.11854, batch accuracy: 93.75, data load time: 0.00031, step time: 0.01002,
epoch: [9], step: [1070/1581], batch loss: 0.19036, batch accuracy: 90.62, data load time: 0.00033, step time: 0.00962,
epoch: [9], step: [1370/1581], batch loss: 0.28219, batch accuracy: 93.75, data load time: 0.00629, step time: 0.01259,
validation loss: 1.50025, accuracy: 68.80, class_accuracy: [50.285714285714285, 96.34146341463415, 58.5014409221902, 70.97345132743362, 98.14241486068111, 58.51393188854489, 87.25490196078431, 91.61290322580645, 47.4910394265233, 65.85714285714286]
epoch: [10], step: [89/1581], batch loss: 0.12597, batch accuracy: 93.75, data load time: 0.00371, step time: 0.01192,
epoch: [10], step: [389/1581], batch loss: 0.11124, batch accuracy: 93.75, data load time: 0.00576, step time: 0.01171,
epoch: [10], step: [689/1581], batch loss: 0.08851, batch accuracy: 96.88, data load time: 0.00355, step time: 0.01242,
epoch: [10], step: [989/1581], batch loss: 0.30854, batch accuracy: 90.62, data load time: 0.00019, step time: 0.00902,
epoch: [10], step: [1289/1581], batch loss: 0.41451, batch accuracy: 84.38, data load time: 0.00576, step time: 0.01206,
epoch: [11], step: [8/1581], batch loss: 0.11559, batch accuracy: 96.88, data load time: 0.00019, step time: 0.01168,
epoch: [11], step: [308/1581], batch loss: 0.04068, batch accuracy: 100.00, data load time: 0.00509, step time: 0.01189,
epoch: [11], step: [608/1581], batch loss: 0.19109, batch accuracy: 93.75, data load time: 0.01469, step time: 0.01218,
epoch: [11], step: [908/1581], batch loss: 0.02394, batch accuracy: 100.00, data load time: 0.00742, step time: 0.01428,
epoch: [11], step: [1208/1581], batch loss: 0.07282, batch accuracy: 100.00, data load time: 0.00586, step time: 0.01217,
epoch: [11], step: [1508/1581], batch loss: 0.08908, batch accuracy: 96.88, data load time: 0.01695, step time: 0.01202,
epoch: [12], step: [227/1581], batch loss: 0.09641, batch accuracy: 96.88, data load time: 0.00390, step time: 0.01212,
epoch: [12], step: [527/1581], batch loss: 0.07628, batch accuracy: 96.88, data load time: 0.00023, step time: 0.02140,
epoch: [12], step: [827/1581], batch loss: 0.12993, batch accuracy: 96.88, data load time: 0.00068, step time: 0.02096,
epoch: [12], step: [1127/1581], batch loss: 0.04514, batch accuracy: 96.88, data load time: 0.00021, step time: 0.01658,
epoch: [12], step: [1427/1581], batch loss: 0.25773, batch accuracy: 93.75, data load time: 0.01066, step time: 0.01184,
epoch: [13], step: [146/1581], batch loss: 0.24980, batch accuracy: 90.62, data load time: 0.01227, step time: 0.00985,
epoch: [13], step: [446/1581], batch loss: 0.16057, batch accuracy: 93.75, data load time: 0.01524, step time: 0.01148,
epoch: [13], step: [746/1581], batch loss: 0.17504, batch accuracy: 90.62, data load time: 0.00385, step time: 0.01193,
epoch: [13], step: [1046/1581], batch loss: 0.22412, batch accuracy: 90.62, data load time: 0.00020, step time: 0.01487,
epoch: [13], step: [1346/1581], batch loss: 0.08914, batch accuracy: 96.88, data load time: 0.00021, step time: 0.01688,
epoch: [14], step: [65/1581], batch loss: 0.02338, batch accuracy: 100.00, data load time: 0.00022, step time: 0.01519,
epoch: [14], step: [365/1581], batch loss: 0.10727, batch accuracy: 96.88, data load time: 0.00385, step time: 0.01166,
epoch: [14], step: [665/1581], batch loss: 0.27972, batch accuracy: 90.62, data load time: 0.00655, step time: 0.01317,
epoch: [14], step: [965/1581], batch loss: 0.30117, batch accuracy: 90.62, data load time: 0.00024, step time: 0.01570,
epoch: [14], step: [1265/1581], batch loss: 0.18864, batch accuracy: 93.75, data load time: 0.00020, step time: 0.01557,
epoch: [14], step: [1565/1581], batch loss: 0.07364, batch accuracy: 96.88, data load time: 0.00015, step time: 0.00890,
validation loss: 1.41428, accuracy: 69.90, class_accuracy: [59.857142857142854, 89.63414634146342, 66.42651296829972, 70.79646017699115, 93.49845201238391, 50.154798761609904, 89.2156862745098, 87.25806451612904, 48.924731182795696, 73.0]
epoch: [15], step: [284/1581], batch loss: 0.15882, batch accuracy: 93.75, data load time: 0.00380, step time: 0.01190,
epoch: [15], step: [584/1581], batch loss: 0.02282, batch accuracy: 100.00, data load time: 0.00391, step time: 0.01182,
epoch: [15], step: [884/1581], batch loss: 0.29626, batch accuracy: 93.75, data load time: 0.00021, step time: 0.01842,
epoch: [15], step: [1184/1581], batch loss: 0.21184, batch accuracy: 93.75, data load time: 0.00026, step time: 0.02910,
epoch: [15], step: [1484/1581], batch loss: 0.32520, batch accuracy: 87.50, data load time: 0.00527, step time: 0.01171,
epoch: [16], step: [203/1581], batch loss: 0.10138, batch accuracy: 93.75, data load time: 0.00512, step time: 0.01209,
epoch: [16], step: [503/1581], batch loss: 0.23756, batch accuracy: 93.75, data load time: 0.00020, step time: 0.02422,
epoch: [16], step: [803/1581], batch loss: 0.16720, batch accuracy: 93.75, data load time: 0.00022, step time: 0.01543,
epoch: [16], step: [1103/1581], batch loss: 0.26376, batch accuracy: 87.50, data load time: 0.00021, step time: 0.01545,
epoch: [16], step: [1403/1581], batch loss: 0.08307, batch accuracy: 96.88, data load time: 0.00025, step time: 0.02221,
epoch: [17], step: [122/1581], batch loss: 0.04033, batch accuracy: 100.00, data load time: 0.00092, step time: 0.01539,
epoch: [17], step: [422/1581], batch loss: 0.28729, batch accuracy: 84.38, data load time: 0.00021, step time: 0.01474,
epoch: [17], step: [722/1581], batch loss: 0.05826, batch accuracy: 96.88, data load time: 0.00371, step time: 0.01189,
epoch: [17], step: [1022/1581], batch loss: 0.06425, batch accuracy: 100.00, data load time: 0.00329, step time: 0.01300,
epoch: [17], step: [1322/1581], batch loss: 0.05961, batch accuracy: 100.00, data load time: 0.00576, step time: 0.01483,
epoch: [18], step: [41/1581], batch loss: 0.22600, batch accuracy: 90.62, data load time: 0.00455, step time: 0.01206,
epoch: [18], step: [341/1581], batch loss: 0.18529, batch accuracy: 93.75, data load time: 0.00520, step time: 0.01757,
epoch: [18], step: [641/1581], batch loss: 0.07588, batch accuracy: 96.88, data load time: 0.00021, step time: 0.01683,
epoch: [18], step: [941/1581], batch loss: 0.08699, batch accuracy: 96.88, data load time: 0.00019, step time: 0.01449,
epoch: [18], step: [1241/1581], batch loss: 0.18025, batch accuracy: 90.62, data load time: 0.00360, step time: 0.01155,
epoch: [18], step: [1541/1581], batch loss: 0.06701, batch accuracy: 96.88, data load time: 0.00015, step time: 0.00894,
epoch: [19], step: [260/1581], batch loss: 0.04892, batch accuracy: 100.00, data load time: 0.00561, step time: 0.01180,
epoch: [19], step: [560/1581], batch loss: 0.12735, batch accuracy: 93.75, data load time: 0.00324, step time: 0.02745,
epoch: [19], step: [860/1581], batch loss: 0.40578, batch accuracy: 93.75, data load time: 0.00529, step time: 0.01278,
epoch: [19], step: [1160/1581], batch loss: 0.05701, batch accuracy: 100.00, data load time: 0.00020, step time: 0.01879,
epoch: [19], step: [1460/1581], batch loss: 0.09539, batch accuracy: 96.88, data load time: 0.00019, step time: 0.01782,
validation loss: 1.34635, accuracy: 71.18, class_accuracy: [66.85714285714286, 96.34146341463415, 59.79827089337176, 69.73451327433628, 90.09287925696594, 53.09597523219814, 87.25490196078431, 97.25806451612904, 45.878136200716845, 76.0]
epoch: [20], step: [179/1581], batch loss: 0.04523, batch accuracy: 100.00, data load time: 0.00571, step time: 0.01144,
epoch: [20], step: [479/1581], batch loss: 0.14795, batch accuracy: 93.75, data load time: 0.00061, step time: 0.02011,
epoch: [20], step: [779/1581], batch loss: 0.14137, batch accuracy: 93.75, data load time: 0.00069, step time: 0.02009,
epoch: [20], step: [1079/1581], batch loss: 0.09392, batch accuracy: 96.88, data load time: 0.00606, step time: 0.01146,
epoch: [20], step: [1379/1581], batch loss: 0.15446, batch accuracy: 96.88, data load time: 0.00668, step time: 0.01263,
epoch: [21], step: [98/1581], batch loss: 0.10482, batch accuracy: 96.88, data load time: 0.00757, step time: 0.01406,
epoch: [21], step: [398/1581], batch loss: 0.06542, batch accuracy: 96.88, data load time: 0.00021, step time: 0.01514,
epoch: [21], step: [698/1581], batch loss: 0.08570, batch accuracy: 96.88, data load time: 0.00020, step time: 0.01706,
epoch: [21], step: [998/1581], batch loss: 0.19259, batch accuracy: 93.75, data load time: 0.00628, step time: 0.01214,
epoch: [21], step: [1298/1581], batch loss: 0.08981, batch accuracy: 96.88, data load time: 0.00023, step time: 0.01508,
epoch: [22], step: [17/1581], batch loss: 0.21083, batch accuracy: 93.75, data load time: 0.00020, step time: 0.01426,
epoch: [22], step: [317/1581], batch loss: 0.04392, batch accuracy: 100.00, data load time: 0.00020, step time: 0.01502,
epoch: [22], step: [617/1581], batch loss: 0.19491, batch accuracy: 96.88, data load time: 0.00716, step time: 0.01144,
epoch: [22], step: [917/1581], batch loss: 0.21891, batch accuracy: 90.62, data load time: 0.00020, step time: 0.01522,
epoch: [22], step: [1217/1581], batch loss: 0.22643, batch accuracy: 87.50, data load time: 0.00644, step time: 0.01178,
epoch: [22], step: [1517/1581], batch loss: 0.34755, batch accuracy: 84.38, data load time: 0.00654, step time: 0.01300,
epoch: [23], step: [236/1581], batch loss: 0.19528, batch accuracy: 90.62, data load time: 0.00878, step time: 0.01588,
epoch: [23], step: [536/1581], batch loss: 0.11917, batch accuracy: 96.88, data load time: 0.00023, step time: 0.02206,
epoch: [23], step: [836/1581], batch loss: 0.04116, batch accuracy: 100.00, data load time: 0.00561, step time: 0.01072,
epoch: [23], step: [1136/1581], batch loss: 0.09657, batch accuracy: 93.75, data load time: 0.00071, step time: 0.02095,
epoch: [23], step: [1436/1581], batch loss: 0.10288, batch accuracy: 100.00, data load time: 0.00020, step time: 0.01689,
epoch: [24], step: [155/1581], batch loss: 0.36404, batch accuracy: 87.50, data load time: 0.01190, step time: 0.01216,
epoch: [24], step: [455/1581], batch loss: 0.15795, batch accuracy: 93.75, data load time: 0.00021, step time: 0.02003,
epoch: [24], step: [755/1581], batch loss: 0.14033, batch accuracy: 93.75, data load time: 0.00021, step time: 0.01687,
epoch: [24], step: [1055/1581], batch loss: 0.19080, batch accuracy: 96.88, data load time: 0.00022, step time: 0.01657,
epoch: [24], step: [1355/1581], batch loss: 0.04418, batch accuracy: 96.88, data load time: 0.00021, step time: 0.01690,
validation loss: 1.38033, accuracy: 68.69, class_accuracy: [57.714285714285715, 87.1951219512195, 67.14697406340058, 63.53982300884956, 76.78018575851394, 53.09597523219814, 91.17647058823529, 96.45161290322581, 48.5663082437276, 76.14285714285714]
epoch: [25], step: [74/1581], batch loss: 0.21989, batch accuracy: 90.62, data load time: 0.00383, step time: 0.01174,
epoch: [25], step: [374/1581], batch loss: 0.10721, batch accuracy: 96.88, data load time: 0.00594, step time: 0.01155,
epoch: [25], step: [674/1581], batch loss: 0.14559, batch accuracy: 90.62, data load time: 0.00631, step time: 0.01177,
epoch: [25], step: [974/1581], batch loss: 0.11276, batch accuracy: 96.88, data load time: 0.00295, step time: 0.01807,
epoch: [25], step: [1274/1581], batch loss: 0.04955, batch accuracy: 100.00, data load time: 0.00655, step time: 0.01154,
epoch: [25], step: [1574/1581], batch loss: 0.05086, batch accuracy: 96.88, data load time: 0.00025, step time: 0.01010,
epoch: [26], step: [293/1581], batch loss: 0.10586, batch accuracy: 93.75, data load time: 0.00021, step time: 0.01702,
epoch: [26], step: [593/1581], batch loss: 0.06375, batch accuracy: 100.00, data load time: 0.00020, step time: 0.01461,
epoch: [26], step: [893/1581], batch loss: 0.09600, batch accuracy: 96.88, data load time: 0.00019, step time: 0.01655,
epoch: [26], step: [1193/1581], batch loss: 0.26185, batch accuracy: 87.50, data load time: 0.00021, step time: 0.01352,
epoch: [26], step: [1493/1581], batch loss: 0.04284, batch accuracy: 100.00, data load time: 0.00021, step time: 0.01650,
epoch: [27], step: [212/1581], batch loss: 0.27156, batch accuracy: 87.50, data load time: 0.00074, step time: 0.02176,
epoch: [27], step: [512/1581], batch loss: 0.17738, batch accuracy: 93.75, data load time: 0.00772, step time: 0.01409,
epoch: [27], step: [812/1581], batch loss: 0.04596, batch accuracy: 100.00, data load time: 0.00021, step time: 0.01539,
epoch: [27], step: [1112/1581], batch loss: 0.27455, batch accuracy: 87.50, data load time: 0.00023, step time: 0.02102,
epoch: [27], step: [1412/1581], batch loss: 0.05889, batch accuracy: 100.00, data load time: 0.00874, step time: 0.01109,
epoch: [28], step: [131/1581], batch loss: 0.37195, batch accuracy: 87.50, data load time: 0.00197, step time: 0.01203,
epoch: [28], step: [431/1581], batch loss: 0.30418, batch accuracy: 87.50, data load time: 0.00027, step time: 0.02164,
epoch: [28], step: [731/1581], batch loss: 0.23212, batch accuracy: 90.62, data load time: 0.00020, step time: 0.01729,
epoch: [28], step: [1031/1581], batch loss: 0.01999, batch accuracy: 100.00, data load time: 0.01021, step time: 0.01194,
epoch: [28], step: [1331/1581], batch loss: 0.12548, batch accuracy: 90.62, data load time: 0.00020, step time: 0.01646,
epoch: [29], step: [50/1581], batch loss: 0.21395, batch accuracy: 90.62, data load time: 0.00893, step time: 0.01111,
epoch: [29], step: [350/1581], batch loss: 0.13624, batch accuracy: 96.88, data load time: 0.00020, step time: 0.01631,
epoch: [29], step: [650/1581], batch loss: 0.39672, batch accuracy: 90.62, data load time: 0.00022, step time: 0.01896,
epoch: [29], step: [950/1581], batch loss: 0.33207, batch accuracy: 87.50, data load time: 0.00020, step time: 0.01647,
epoch: [29], step: [1250/1581], batch loss: 0.17115, batch accuracy: 96.88, data load time: 0.00020, step time: 0.01663,
epoch: [29], step: [1550/1581], batch loss: 0.12658, batch accuracy: 96.88, data load time: 0.00016, step time: 0.00896,
validation loss: 1.59519, accuracy: 68.16, class_accuracy: [40.857142857142854, 87.8048780487805, 62.39193083573487, 73.27433628318585, 96.59442724458205, 71.9814241486068, 91.17647058823529, 97.09677419354838, 34.946236559139784, 60.142857142857146]
epoch: [30], step: [269/1581], batch loss: 0.01757, batch accuracy: 100.00, data load time: 0.00684, step time: 0.02106,
epoch: [30], step: [569/1581], batch loss: 0.26168, batch accuracy: 90.62, data load time: 0.00020, step time: 0.01468,
epoch: [30], step: [869/1581], batch loss: 0.02166, batch accuracy: 100.00, data load time: 0.00021, step time: 0.01707,
epoch: [30], step: [1169/1581], batch loss: 0.06360, batch accuracy: 96.88, data load time: 0.00899, step time: 0.01413,
epoch: [30], step: [1469/1581], batch loss: 0.02013, batch accuracy: 100.00, data load time: 0.00482, step time: 0.00996,
epoch: [31], step: [188/1581], batch loss: 0.08661, batch accuracy: 96.88, data load time: 0.00570, step time: 0.01403,
epoch: [31], step: [488/1581], batch loss: 0.05004, batch accuracy: 100.00, data load time: 0.00021, step time: 0.01438,
epoch: [31], step: [788/1581], batch loss: 0.17845, batch accuracy: 96.88, data load time: 0.00020, step time: 0.01713,
epoch: [31], step: [1088/1581], batch loss: 0.06646, batch accuracy: 96.88, data load time: 0.00021, step time: 0.01716,
epoch: [31], step: [1388/1581], batch loss: 0.12534, batch accuracy: 96.88, data load time: 0.00023, step time: 0.01745,
epoch: [32], step: [107/1581], batch loss: 0.08430, batch accuracy: 96.88, data load time: 0.00021, step time: 0.01506,
epoch: [32], step: [407/1581], batch loss: 0.01039, batch accuracy: 100.00, data load time: 0.00030, step time: 0.01390,
epoch: [32], step: [707/1581], batch loss: 0.08486, batch accuracy: 96.88, data load time: 0.00020, step time: 0.01484,
epoch: [32], step: [1007/1581], batch loss: 0.13448, batch accuracy: 93.75, data load time: 0.00019, step time: 0.01415,
epoch: [32], step: [1307/1581], batch loss: 0.10798, batch accuracy: 96.88, data load time: 0.00639, step time: 0.01238,
epoch: [33], step: [26/1581], batch loss: 0.27848, batch accuracy: 96.88, data load time: 0.00023, step time: 0.01474,
epoch: [33], step: [326/1581], batch loss: 0.39985, batch accuracy: 87.50, data load time: 0.00786, step time: 0.01153,
epoch: [33], step: [626/1581], batch loss: 0.09642, batch accuracy: 96.88, data load time: 0.00789, step time: 0.01018,
epoch: [33], step: [926/1581], batch loss: 0.05241, batch accuracy: 100.00, data load time: 0.00019, step time: 0.01646,
epoch: [33], step: [1226/1581], batch loss: 0.22093, batch accuracy: 84.38, data load time: 0.00018, step time: 0.01629,
epoch: [33], step: [1526/1581], batch loss: 0.16672, batch accuracy: 90.62, data load time: 0.00016, step time: 0.01485,
epoch: [34], step: [245/1581], batch loss: 0.08130, batch accuracy: 96.88, data load time: 0.00020, step time: 0.02193,
epoch: [34], step: [545/1581], batch loss: 0.20297, batch accuracy: 93.75, data load time: 0.00845, step time: 0.01206,
epoch: [34], step: [845/1581], batch loss: 0.20137, batch accuracy: 93.75, data load time: 0.00843, step time: 0.01487,
epoch: [34], step: [1145/1581], batch loss: 0.10739, batch accuracy: 93.75, data load time: 0.00019, step time: 0.02222,
epoch: [34], step: [1445/1581], batch loss: 0.07905, batch accuracy: 96.88, data load time: 0.00020, step time: 0.01498,
validation loss: 1.65295, accuracy: 67.67, class_accuracy: [56.42857142857143, 90.2439024390244, 62.680115273775215, 71.15044247787611, 96.43962848297214, 61.60990712074303, 93.13725490196079, 93.70967741935483, 40.86021505376344, 49.42857142857143]
epoch: [35], step: [164/1581], batch loss: 0.24252, batch accuracy: 87.50, data load time: 0.00379, step time: 0.01187,
epoch: [35], step: [464/1581], batch loss: 0.31664, batch accuracy: 87.50, data load time: 0.00020, step time: 0.01700,
epoch: [35], step: [764/1581], batch loss: 0.14253, batch accuracy: 96.88, data load time: 0.01714, step time: 0.01205,
epoch: [35], step: [1064/1581], batch loss: 0.12290, batch accuracy: 90.62, data load time: 0.00044, step time: 0.01732,
epoch: [35], step: [1364/1581], batch loss: 0.39983, batch accuracy: 90.62, data load time: 0.00021, step time: 0.01540,
epoch: [36], step: [83/1581], batch loss: 0.34255, batch accuracy: 96.88, data load time: 0.00570, step time: 0.01061,
epoch: [36], step: [383/1581], batch loss: 0.16002, batch accuracy: 93.75, data load time: 0.00530, step time: 0.01174,
epoch: [36], step: [683/1581], batch loss: 0.11166, batch accuracy: 93.75, data load time: 0.00021, step time: 0.01665,
epoch: [36], step: [983/1581], batch loss: 0.05807, batch accuracy: 96.88, data load time: 0.00297, step time: 0.01050,
epoch: [36], step: [1283/1581], batch loss: 0.13196, batch accuracy: 93.75, data load time: 0.00392, step time: 0.01184,
epoch: [37], step: [2/1581], batch loss: 0.12331, batch accuracy: 90.62, data load time: 0.00343, step time: 0.02231,
epoch: [37], step: [302/1581], batch loss: 0.05299, batch accuracy: 100.00, data load time: 0.00551, step time: 0.00966,
epoch: [37], step: [602/1581], batch loss: 0.08359, batch accuracy: 96.88, data load time: 0.00445, step time: 0.02151,
epoch: [37], step: [902/1581], batch loss: 0.10174, batch accuracy: 96.88, data load time: 0.00758, step time: 0.01285,
epoch: [37], step: [1202/1581], batch loss: 0.31124, batch accuracy: 90.62, data load time: 0.00867, step time: 0.01349,
epoch: [37], step: [1502/1581], batch loss: 0.14075, batch accuracy: 93.75, data load time: 0.00835, step time: 0.01198,
epoch: [38], step: [221/1581], batch loss: 0.05270, batch accuracy: 96.88, data load time: 0.01056, step time: 0.01387,
epoch: [38], step: [521/1581], batch loss: 0.07424, batch accuracy: 100.00, data load time: 0.00491, step time: 0.01257,
epoch: [38], step: [821/1581], batch loss: 0.10528, batch accuracy: 100.00, data load time: 0.00951, step time: 0.01189,
epoch: [38], step: [1121/1581], batch loss: 0.08755, batch accuracy: 96.88, data load time: 0.00753, step time: 0.01456,
epoch: [38], step: [1421/1581], batch loss: 0.05806, batch accuracy: 96.88, data load time: 0.00021, step time: 0.01656,
epoch: [39], step: [140/1581], batch loss: 0.21710, batch accuracy: 96.88, data load time: 0.00525, step time: 0.01075,
epoch: [39], step: [440/1581], batch loss: 0.22616, batch accuracy: 93.75, data load time: 0.00369, step time: 0.02295,
epoch: [39], step: [740/1581], batch loss: 0.14175, batch accuracy: 93.75, data load time: 0.00021, step time: 0.01708,
epoch: [39], step: [1040/1581], batch loss: 0.08473, batch accuracy: 96.88, data load time: 0.00553, step time: 0.01179,
epoch: [39], step: [1340/1581], batch loss: 0.08082, batch accuracy: 96.88, data load time: 0.00565, step time: 0.01142,
validation loss: 1.35667, accuracy: 69.86, class_accuracy: [54.142857142857146, 91.46341463414635, 68.73198847262248, 67.07964601769912, 93.80804953560371, 53.40557275541796, 95.09803921568627, 95.80645161290323, 51.25448028673835, 65.14285714285714]
epoch: [40], step: [59/1581], batch loss: 0.27753, batch accuracy: 96.88, data load time: 0.00020, step time: 0.01689,
epoch: [40], step: [359/1581], batch loss: 0.24087, batch accuracy: 87.50, data load time: 0.00896, step time: 0.01399,
epoch: [40], step: [659/1581], batch loss: 0.13350, batch accuracy: 96.88, data load time: 0.00020, step time: 0.01731,
epoch: [40], step: [959/1581], batch loss: 0.05512, batch accuracy: 96.88, data load time: 0.00296, step time: 0.01086,
epoch: [40], step: [1259/1581], batch loss: 0.05520, batch accuracy: 100.00, data load time: 0.01544, step time: 0.00996,
epoch: [40], step: [1559/1581], batch loss: 0.10294, batch accuracy: 93.75, data load time: 0.00016, step time: 0.00937,
epoch: [41], step: [278/1581], batch loss: 0.06720, batch accuracy: 100.00, data load time: 0.00554, step time: 0.01140,
epoch: [41], step: [578/1581], batch loss: 0.30621, batch accuracy: 93.75, data load time: 0.00021, step time: 0.02074,
epoch: [41], step: [878/1581], batch loss: 0.28185, batch accuracy: 93.75, data load time: 0.00383, step time: 0.01263,
epoch: [41], step: [1178/1581], batch loss: 0.08160, batch accuracy: 96.88, data load time: 0.00535, step time: 0.00927,
epoch: [41], step: [1478/1581], batch loss: 0.14661, batch accuracy: 96.88, data load time: 0.00024, step time: 0.01865,
epoch: [42], step: [197/1581], batch loss: 0.10996, batch accuracy: 96.88, data load time: 0.00713, step time: 0.01155,
epoch: [42], step: [497/1581], batch loss: 0.47856, batch accuracy: 87.50, data load time: 0.00874, step time: 0.01207,
epoch: [42], step: [797/1581], batch loss: 0.00737, batch accuracy: 100.00, data load time: 0.00118, step time: 0.01398,
epoch: [42], step: [1097/1581], batch loss: 0.05176, batch accuracy: 100.00, data load time: 0.00895, step time: 0.01204,
epoch: [42], step: [1397/1581], batch loss: 0.11710, batch accuracy: 96.88, data load time: 0.00561, step time: 0.01199,
epoch: [43], step: [116/1581], batch loss: 0.00742, batch accuracy: 100.00, data load time: 0.00020, step time: 0.01742,
epoch: [43], step: [416/1581], batch loss: 0.18110, batch accuracy: 96.88, data load time: 0.00600, step time: 0.01214,
epoch: [43], step: [716/1581], batch loss: 0.19378, batch accuracy: 87.50, data load time: 0.00022, step time: 0.01705,
epoch: [43], step: [1016/1581], batch loss: 0.09469, batch accuracy: 96.88, data load time: 0.00367, step time: 0.01198,
epoch: [43], step: [1316/1581], batch loss: 0.03335, batch accuracy: 100.00, data load time: 0.00046, step time: 0.01452,
epoch: [44], step: [35/1581], batch loss: 0.05605, batch accuracy: 100.00, data load time: 0.00020, step time: 0.02072,
epoch: [44], step: [335/1581], batch loss: 0.10398, batch accuracy: 96.88, data load time: 0.00020, step time: 0.03544,
epoch: [44], step: [635/1581], batch loss: 0.03889, batch accuracy: 100.00, data load time: 0.00022, step time: 0.01542,
epoch: [44], step: [935/1581], batch loss: 0.02413, batch accuracy: 100.00, data load time: 0.00021, step time: 0.02209,
epoch: [44], step: [1235/1581], batch loss: 0.06123, batch accuracy: 96.88, data load time: 0.00019, step time: 0.01455,
epoch: [44], step: [1535/1581], batch loss: 0.14739, batch accuracy: 93.75, data load time: 0.00016, step time: 0.00936,
validation loss: 1.41207, accuracy: 72.34, class_accuracy: [75.71428571428571, 92.6829268292683, 57.49279538904899, 73.45132743362832, 87.46130030959752, 55.72755417956656, 91.17647058823529, 94.35483870967742, 53.225806451612904, 72.42857142857143]
epoch: [45], step: [254/1581], batch loss: 0.04989, batch accuracy: 96.88, data load time: 0.00023, step time: 0.02517,
epoch: [45], step: [554/1581], batch loss: 0.07220, batch accuracy: 96.88, data load time: 0.00054, step time: 0.02219,
epoch: [45], step: [854/1581], batch loss: 0.13085, batch accuracy: 96.88, data load time: 0.00022, step time: 0.01204,
epoch: [45], step: [1154/1581], batch loss: 0.16838, batch accuracy: 90.62, data load time: 0.00382, step time: 0.01354,
epoch: [45], step: [1454/1581], batch loss: 0.15426, batch accuracy: 93.75, data load time: 0.00517, step time: 0.03185,
epoch: [46], step: [173/1581], batch loss: 0.07216, batch accuracy: 96.88, data load time: 0.00882, step time: 0.01213,
epoch: [46], step: [473/1581], batch loss: 0.11750, batch accuracy: 93.75, data load time: 0.00066, step time: 0.02791,
epoch: [46], step: [773/1581], batch loss: 0.07402, batch accuracy: 96.88, data load time: 0.00019, step time: 0.01473,
epoch: [46], step: [1073/1581], batch loss: 0.02707, batch accuracy: 100.00, data load time: 0.00023, step time: 0.01536,
epoch: [46], step: [1373/1581], batch loss: 0.64762, batch accuracy: 84.38, data load time: 0.00021, step time: 0.01287,
epoch: [47], step: [92/1581], batch loss: 0.10483, batch accuracy: 96.88, data load time: 0.00023, step time: 0.02360,
epoch: [47], step: [392/1581], batch loss: 0.16774, batch accuracy: 90.62, data load time: 0.00858, step time: 0.02138,
epoch: [47], step: [692/1581], batch loss: 0.14799, batch accuracy: 93.75, data load time: 0.00591, step time: 0.01144,
epoch: [47], step: [992/1581], batch loss: 0.05595, batch accuracy: 96.88, data load time: 0.00022, step time: 0.01704,
epoch: [47], step: [1292/1581], batch loss: 0.16433, batch accuracy: 93.75, data load time: 0.00020, step time: 0.01473,
epoch: [48], step: [11/1581], batch loss: 0.26123, batch accuracy: 90.62, data load time: 0.00958, step time: 0.01053,
epoch: [48], step: [311/1581], batch loss: 0.04744, batch accuracy: 100.00, data load time: 0.00020, step time: 0.01646,
epoch: [48], step: [611/1581], batch loss: 0.02905, batch accuracy: 100.00, data load time: 0.00683, step time: 0.01216,
epoch: [48], step: [911/1581], batch loss: 0.03724, batch accuracy: 100.00, data load time: 0.00404, step time: 0.01283,
epoch: [48], step: [1211/1581], batch loss: 0.34989, batch accuracy: 87.50, data load time: 0.00020, step time: 0.01496,
epoch: [48], step: [1511/1581], batch loss: 0.01633, batch accuracy: 100.00, data load time: 0.00021, step time: 0.01522,
epoch: [49], step: [230/1581], batch loss: 0.14169, batch accuracy: 93.75, data load time: 0.00460, step time: 0.01176,
epoch: [49], step: [530/1581], batch loss: 0.24307, batch accuracy: 90.62, data load time: 0.00906, step time: 0.00996,
epoch: [49], step: [830/1581], batch loss: 0.51757, batch accuracy: 90.62, data load time: 0.00378, step time: 0.01233,
epoch: [49], step: [1130/1581], batch loss: 0.19756, batch accuracy: 96.88, data load time: 0.00544, step time: 0.00942,
epoch: [49], step: [1430/1581], batch loss: 0.08245, batch accuracy: 100.00, data load time: 0.00515, step time: 0.00919,
validation loss: 1.42567, accuracy: 67.43, class_accuracy: [49.714285714285715, 96.34146341463415, 52.88184438040346, 76.63716814159292, 93.343653250774, 51.54798761609907, 91.17647058823529, 91.29032258064517, 46.0573476702509, 68.57142857142857]
Total time taken: 1572.3359959125519
