Using CUDA...
Writing logs to logs/CNN_bn_epochs=50_dropout=0.5_bs=32_lr=0.001_momentum=0.9_mode=LMC_run_6
epoch: [0], step: [299/1581], batch loss: 1.67750, batch accuracy: 40.62, data load time: 0.00029, step time: 0.01572,
epoch: [0], step: [599/1581], batch loss: 1.19441, batch accuracy: 62.50, data load time: 0.00789, step time: 0.01337,
epoch: [0], step: [899/1581], batch loss: 1.20640, batch accuracy: 56.25, data load time: 0.00703, step time: 0.00936,
epoch: [0], step: [1199/1581], batch loss: 0.80726, batch accuracy: 68.75, data load time: 0.00069, step time: 0.01487,
epoch: [0], step: [1499/1581], batch loss: 0.57826, batch accuracy: 78.12, data load time: 0.00027, step time: 0.01087,
epoch: [1], step: [218/1581], batch loss: 0.56308, batch accuracy: 81.25, data load time: 0.00034, step time: 0.01074,
epoch: [1], step: [518/1581], batch loss: 0.56364, batch accuracy: 75.00, data load time: 0.00039, step time: 0.01215,
epoch: [1], step: [818/1581], batch loss: 0.57596, batch accuracy: 71.88, data load time: 0.00445, step time: 0.02488,
epoch: [1], step: [1118/1581], batch loss: 0.59117, batch accuracy: 78.12, data load time: 0.00021, step time: 0.00940,
epoch: [1], step: [1418/1581], batch loss: 0.31474, batch accuracy: 93.75, data load time: 0.00020, step time: 0.01612,
epoch: [2], step: [137/1581], batch loss: 0.63447, batch accuracy: 78.12, data load time: 0.00023, step time: 0.02128,
epoch: [2], step: [437/1581], batch loss: 0.54627, batch accuracy: 81.25, data load time: 0.00513, step time: 0.00935,
epoch: [2], step: [737/1581], batch loss: 0.25983, batch accuracy: 93.75, data load time: 0.00022, step time: 0.00919,
epoch: [2], step: [1037/1581], batch loss: 0.67807, batch accuracy: 84.38, data load time: 0.00025, step time: 0.00974,
epoch: [2], step: [1337/1581], batch loss: 0.36151, batch accuracy: 87.50, data load time: 0.00424, step time: 0.01009,
epoch: [3], step: [56/1581], batch loss: 0.33908, batch accuracy: 87.50, data load time: 0.00360, step time: 0.00940,
epoch: [3], step: [356/1581], batch loss: 0.43214, batch accuracy: 87.50, data load time: 0.00478, step time: 0.00914,
epoch: [3], step: [656/1581], batch loss: 0.53379, batch accuracy: 81.25, data load time: 0.00021, step time: 0.01395,
epoch: [3], step: [956/1581], batch loss: 0.44927, batch accuracy: 84.38, data load time: 0.00021, step time: 0.01027,
epoch: [3], step: [1256/1581], batch loss: 0.29888, batch accuracy: 93.75, data load time: 0.00116, step time: 0.00933,
epoch: [3], step: [1556/1581], batch loss: 0.63657, batch accuracy: 84.38, data load time: 0.00012, step time: 0.00832,
epoch: [4], step: [275/1581], batch loss: 0.17177, batch accuracy: 93.75, data load time: 0.00021, step time: 0.00903,
epoch: [4], step: [575/1581], batch loss: 0.19809, batch accuracy: 93.75, data load time: 0.00021, step time: 0.00937,
epoch: [4], step: [875/1581], batch loss: 0.21605, batch accuracy: 93.75, data load time: 0.00021, step time: 0.01658,
epoch: [4], step: [1175/1581], batch loss: 0.16069, batch accuracy: 90.62, data load time: 0.00030, step time: 0.00893,
epoch: [4], step: [1475/1581], batch loss: 0.14387, batch accuracy: 93.75, data load time: 0.00596, step time: 0.01112,
validation loss: 1.21401, accuracy: 67.64, class_accuracy: [62.857142857142854, 86.58536585365853, 57.34870317002882, 73.6283185840708, 83.59133126934985, 59.44272445820433, 96.07843137254902, 86.45161290322581, 48.924731182795696, 60.285714285714285]
epoch: [5], step: [194/1581], batch loss: 0.30246, batch accuracy: 90.62, data load time: 0.00879, step time: 0.01238,
epoch: [5], step: [494/1581], batch loss: 0.11370, batch accuracy: 93.75, data load time: 0.00170, step time: 0.00949,
epoch: [5], step: [794/1581], batch loss: 0.44684, batch accuracy: 84.38, data load time: 0.00112, step time: 0.00943,
epoch: [5], step: [1094/1581], batch loss: 0.43126, batch accuracy: 84.38, data load time: 0.00029, step time: 0.00898,
epoch: [5], step: [1394/1581], batch loss: 0.15979, batch accuracy: 96.88, data load time: 0.00026, step time: 0.00952,
epoch: [6], step: [113/1581], batch loss: 0.13522, batch accuracy: 93.75, data load time: 0.00671, step time: 0.01313,
epoch: [6], step: [413/1581], batch loss: 0.39928, batch accuracy: 81.25, data load time: 0.00026, step time: 0.01629,
epoch: [6], step: [713/1581], batch loss: 0.14037, batch accuracy: 93.75, data load time: 0.00961, step time: 0.02049,
epoch: [6], step: [1013/1581], batch loss: 0.30550, batch accuracy: 90.62, data load time: 0.00809, step time: 0.01326,
epoch: [6], step: [1313/1581], batch loss: 0.09629, batch accuracy: 96.88, data load time: 0.00794, step time: 0.01268,
epoch: [7], step: [32/1581], batch loss: 0.08803, batch accuracy: 100.00, data load time: 0.00018, step time: 0.01419,
epoch: [7], step: [332/1581], batch loss: 0.03369, batch accuracy: 96.88, data load time: 0.00022, step time: 0.01658,
epoch: [7], step: [632/1581], batch loss: 0.48640, batch accuracy: 87.50, data load time: 0.00859, step time: 0.01134,
epoch: [7], step: [932/1581], batch loss: 0.35730, batch accuracy: 93.75, data load time: 0.00020, step time: 0.01617,
epoch: [7], step: [1232/1581], batch loss: 0.44141, batch accuracy: 93.75, data load time: 0.00021, step time: 0.02052,
epoch: [7], step: [1532/1581], batch loss: 0.18727, batch accuracy: 93.75, data load time: 0.00016, step time: 0.01610,
epoch: [8], step: [251/1581], batch loss: 0.05355, batch accuracy: 100.00, data load time: 0.00197, step time: 0.01131,
epoch: [8], step: [551/1581], batch loss: 0.36147, batch accuracy: 90.62, data load time: 0.00629, step time: 0.01197,
epoch: [8], step: [851/1581], batch loss: 0.24172, batch accuracy: 93.75, data load time: 0.00020, step time: 0.01524,
epoch: [8], step: [1151/1581], batch loss: 0.02435, batch accuracy: 100.00, data load time: 0.00019, step time: 0.01425,
epoch: [8], step: [1451/1581], batch loss: 0.06381, batch accuracy: 100.00, data load time: 0.00020, step time: 0.00899,
epoch: [9], step: [170/1581], batch loss: 0.30052, batch accuracy: 93.75, data load time: 0.00021, step time: 0.01436,
epoch: [9], step: [470/1581], batch loss: 0.10025, batch accuracy: 96.88, data load time: 0.00307, step time: 0.01150,
epoch: [9], step: [770/1581], batch loss: 0.02992, batch accuracy: 100.00, data load time: 0.00534, step time: 0.01124,
epoch: [9], step: [1070/1581], batch loss: 0.08729, batch accuracy: 96.88, data load time: 0.00533, step time: 0.01119,
epoch: [9], step: [1370/1581], batch loss: 0.26831, batch accuracy: 90.62, data load time: 0.00505, step time: 0.01138,
validation loss: 1.57020, accuracy: 67.21, class_accuracy: [42.285714285714285, 86.58536585365853, 69.59654178674351, 66.72566371681415, 89.78328173374614, 65.47987616099071, 80.3921568627451, 91.61290322580645, 49.82078853046595, 56.714285714285715]
epoch: [10], step: [89/1581], batch loss: 0.09223, batch accuracy: 96.88, data load time: 0.00532, step time: 0.01137,
epoch: [10], step: [389/1581], batch loss: 0.12061, batch accuracy: 96.88, data load time: 0.00536, step time: 0.01974,
epoch: [10], step: [689/1581], batch loss: 0.09114, batch accuracy: 93.75, data load time: 0.00719, step time: 0.01227,
epoch: [10], step: [989/1581], batch loss: 0.18786, batch accuracy: 93.75, data load time: 0.00021, step time: 0.01741,
epoch: [10], step: [1289/1581], batch loss: 0.02411, batch accuracy: 100.00, data load time: 0.00020, step time: 0.01465,
epoch: [11], step: [8/1581], batch loss: 0.09190, batch accuracy: 96.88, data load time: 0.00021, step time: 0.00914,
epoch: [11], step: [308/1581], batch loss: 0.06366, batch accuracy: 96.88, data load time: 0.00021, step time: 0.01465,
epoch: [11], step: [608/1581], batch loss: 0.07088, batch accuracy: 96.88, data load time: 0.00020, step time: 0.00994,
epoch: [11], step: [908/1581], batch loss: 0.16031, batch accuracy: 90.62, data load time: 0.00021, step time: 0.01686,
epoch: [11], step: [1208/1581], batch loss: 0.35092, batch accuracy: 93.75, data load time: 0.00341, step time: 0.01156,
epoch: [11], step: [1508/1581], batch loss: 0.01346, batch accuracy: 100.00, data load time: 0.00322, step time: 0.01330,
epoch: [12], step: [227/1581], batch loss: 0.06939, batch accuracy: 93.75, data load time: 0.00021, step time: 0.01409,
epoch: [12], step: [527/1581], batch loss: 0.07809, batch accuracy: 96.88, data load time: 0.00021, step time: 0.00950,
epoch: [12], step: [827/1581], batch loss: 0.10542, batch accuracy: 96.88, data load time: 0.00022, step time: 0.01153,
epoch: [12], step: [1127/1581], batch loss: 0.09473, batch accuracy: 93.75, data load time: 0.00021, step time: 0.01421,
epoch: [12], step: [1427/1581], batch loss: 0.01492, batch accuracy: 100.00, data load time: 0.00020, step time: 0.01095,
epoch: [13], step: [146/1581], batch loss: 0.07139, batch accuracy: 96.88, data load time: 0.00020, step time: 0.02378,
epoch: [13], step: [446/1581], batch loss: 0.01419, batch accuracy: 100.00, data load time: 0.00615, step time: 0.01140,
epoch: [13], step: [746/1581], batch loss: 0.00522, batch accuracy: 100.00, data load time: 0.00371, step time: 0.01143,
epoch: [13], step: [1046/1581], batch loss: 0.22345, batch accuracy: 93.75, data load time: 0.01012, step time: 0.02128,
epoch: [13], step: [1346/1581], batch loss: 0.06093, batch accuracy: 96.88, data load time: 0.00821, step time: 0.01166,
epoch: [14], step: [65/1581], batch loss: 0.12207, batch accuracy: 96.88, data load time: 0.00994, step time: 0.02129,
epoch: [14], step: [365/1581], batch loss: 0.10924, batch accuracy: 93.75, data load time: 0.00020, step time: 0.01366,
epoch: [14], step: [665/1581], batch loss: 0.02868, batch accuracy: 100.00, data load time: 0.00019, step time: 0.01319,
epoch: [14], step: [965/1581], batch loss: 0.10789, batch accuracy: 93.75, data load time: 0.00350, step time: 0.01170,
epoch: [14], step: [1265/1581], batch loss: 0.12214, batch accuracy: 96.88, data load time: 0.00022, step time: 0.01608,
epoch: [14], step: [1565/1581], batch loss: 0.04778, batch accuracy: 100.00, data load time: 0.00016, step time: 0.00884,
validation loss: 1.43100, accuracy: 73.33, class_accuracy: [60.57142857142857, 92.07317073170732, 70.31700288184437, 75.22123893805309, 80.03095975232198, 66.25386996904025, 95.09803921568627, 95.64516129032258, 57.88530465949821, 72.85714285714286]
epoch: [15], step: [284/1581], batch loss: 0.08919, batch accuracy: 96.88, data load time: 0.00527, step time: 0.01232,
epoch: [15], step: [584/1581], batch loss: 0.01343, batch accuracy: 100.00, data load time: 0.00772, step time: 0.01187,
epoch: [15], step: [884/1581], batch loss: 0.01595, batch accuracy: 100.00, data load time: 0.00797, step time: 0.01154,
epoch: [15], step: [1184/1581], batch loss: 0.08758, batch accuracy: 96.88, data load time: 0.00742, step time: 0.01312,
epoch: [15], step: [1484/1581], batch loss: 0.03203, batch accuracy: 100.00, data load time: 0.00793, step time: 0.01229,
epoch: [16], step: [203/1581], batch loss: 0.02286, batch accuracy: 100.00, data load time: 0.01364, step time: 0.00910,
epoch: [16], step: [503/1581], batch loss: 0.02974, batch accuracy: 100.00, data load time: 0.00021, step time: 0.01366,
epoch: [16], step: [803/1581], batch loss: 0.28714, batch accuracy: 90.62, data load time: 0.00938, step time: 0.01812,
epoch: [16], step: [1103/1581], batch loss: 0.01157, batch accuracy: 100.00, data load time: 0.00868, step time: 0.01352,
epoch: [16], step: [1403/1581], batch loss: 0.01004, batch accuracy: 100.00, data load time: 0.00021, step time: 0.01614,
epoch: [17], step: [122/1581], batch loss: 0.00474, batch accuracy: 100.00, data load time: 0.00020, step time: 0.01445,
epoch: [17], step: [422/1581], batch loss: 0.12405, batch accuracy: 93.75, data load time: 0.00021, step time: 0.01618,
epoch: [17], step: [722/1581], batch loss: 0.21936, batch accuracy: 93.75, data load time: 0.00022, step time: 0.01435,
epoch: [17], step: [1022/1581], batch loss: 0.04376, batch accuracy: 96.88, data load time: 0.00316, step time: 0.01129,
epoch: [17], step: [1322/1581], batch loss: 0.01834, batch accuracy: 100.00, data load time: 0.00021, step time: 0.01428,
epoch: [18], step: [41/1581], batch loss: 0.00635, batch accuracy: 100.00, data load time: 0.00908, step time: 0.01177,
epoch: [18], step: [341/1581], batch loss: 0.03968, batch accuracy: 96.88, data load time: 0.00544, step time: 0.00894,
epoch: [18], step: [641/1581], batch loss: 0.04119, batch accuracy: 96.88, data load time: 0.00558, step time: 0.00889,
epoch: [18], step: [941/1581], batch loss: 0.06220, batch accuracy: 96.88, data load time: 0.01656, step time: 0.01114,
epoch: [18], step: [1241/1581], batch loss: 0.08864, batch accuracy: 93.75, data load time: 0.00021, step time: 0.01607,
epoch: [18], step: [1541/1581], batch loss: 0.07241, batch accuracy: 93.75, data load time: 0.00015, step time: 0.00871,
epoch: [19], step: [260/1581], batch loss: 0.33839, batch accuracy: 93.75, data load time: 0.00358, step time: 0.01146,
epoch: [19], step: [560/1581], batch loss: 0.06005, batch accuracy: 100.00, data load time: 0.00021, step time: 0.01161,
epoch: [19], step: [860/1581], batch loss: 0.00395, batch accuracy: 100.00, data load time: 0.00276, step time: 0.01045,
epoch: [19], step: [1160/1581], batch loss: 0.03976, batch accuracy: 100.00, data load time: 0.00021, step time: 0.02398,
epoch: [19], step: [1460/1581], batch loss: 0.03341, batch accuracy: 100.00, data load time: 0.00019, step time: 0.01982,
validation loss: 1.92778, accuracy: 69.43, class_accuracy: [43.857142857142854, 90.2439024390244, 71.7579250720461, 63.53982300884956, 84.52012383900929, 71.671826625387, 90.19607843137256, 93.2258064516129, 50.17921146953405, 67.85714285714286]
epoch: [20], step: [179/1581], batch loss: 0.00336, batch accuracy: 100.00, data load time: 0.00378, step time: 0.01338,
epoch: [20], step: [479/1581], batch loss: 0.01158, batch accuracy: 100.00, data load time: 0.00297, step time: 0.01234,
epoch: [20], step: [779/1581], batch loss: 0.12467, batch accuracy: 93.75, data load time: 0.00467, step time: 0.01418,
epoch: [20], step: [1079/1581], batch loss: 0.33536, batch accuracy: 90.62, data load time: 0.01295, step time: 0.01200,
epoch: [20], step: [1379/1581], batch loss: 0.12464, batch accuracy: 93.75, data load time: 0.00343, step time: 0.01142,
epoch: [21], step: [98/1581], batch loss: 0.03344, batch accuracy: 96.88, data load time: 0.00665, step time: 0.01826,
epoch: [21], step: [398/1581], batch loss: 0.12910, batch accuracy: 96.88, data load time: 0.00022, step time: 0.01459,
epoch: [21], step: [698/1581], batch loss: 0.01729, batch accuracy: 100.00, data load time: 0.00020, step time: 0.01635,
epoch: [21], step: [998/1581], batch loss: 0.10423, batch accuracy: 93.75, data load time: 0.00676, step time: 0.01118,
epoch: [21], step: [1298/1581], batch loss: 0.15984, batch accuracy: 96.88, data load time: 0.01024, step time: 0.01289,
epoch: [22], step: [17/1581], batch loss: 0.01988, batch accuracy: 100.00, data load time: 0.00020, step time: 0.01633,
epoch: [22], step: [317/1581], batch loss: 0.00291, batch accuracy: 100.00, data load time: 0.00022, step time: 0.01383,
epoch: [22], step: [617/1581], batch loss: 0.07249, batch accuracy: 96.88, data load time: 0.00842, step time: 0.01979,
epoch: [22], step: [917/1581], batch loss: 0.20455, batch accuracy: 96.88, data load time: 0.00851, step time: 0.01346,
epoch: [22], step: [1217/1581], batch loss: 0.00992, batch accuracy: 100.00, data load time: 0.00319, step time: 0.01101,
epoch: [22], step: [1517/1581], batch loss: 0.00196, batch accuracy: 100.00, data load time: 0.00327, step time: 0.01529,
epoch: [23], step: [236/1581], batch loss: 0.01759, batch accuracy: 100.00, data load time: 0.00493, step time: 0.01195,
epoch: [23], step: [536/1581], batch loss: 0.01246, batch accuracy: 100.00, data load time: 0.00336, step time: 0.01141,
epoch: [23], step: [836/1581], batch loss: 0.00523, batch accuracy: 100.00, data load time: 0.00783, step time: 0.01279,
epoch: [23], step: [1136/1581], batch loss: 0.19266, batch accuracy: 96.88, data load time: 0.00021, step time: 0.01515,
epoch: [23], step: [1436/1581], batch loss: 0.00937, batch accuracy: 100.00, data load time: 0.00311, step time: 0.01105,
epoch: [24], step: [155/1581], batch loss: 0.18890, batch accuracy: 96.88, data load time: 0.00361, step time: 0.01126,
epoch: [24], step: [455/1581], batch loss: 0.00207, batch accuracy: 100.00, data load time: 0.00022, step time: 0.01885,
epoch: [24], step: [755/1581], batch loss: 0.01460, batch accuracy: 100.00, data load time: 0.00021, step time: 0.01417,
epoch: [24], step: [1055/1581], batch loss: 0.05457, batch accuracy: 96.88, data load time: 0.00022, step time: 0.01696,
epoch: [24], step: [1355/1581], batch loss: 0.07529, batch accuracy: 96.88, data load time: 0.00545, step time: 0.01114,
validation loss: 1.66647, accuracy: 71.20, class_accuracy: [61.0, 90.2439024390244, 65.27377521613833, 71.68141592920354, 95.51083591331269, 56.811145510835914, 94.11764705882354, 88.87096774193549, 46.236559139784944, 74.14285714285714]
epoch: [25], step: [74/1581], batch loss: 0.00583, batch accuracy: 100.00, data load time: 0.00370, step time: 0.01183,
epoch: [25], step: [374/1581], batch loss: 0.15418, batch accuracy: 96.88, data load time: 0.00808, step time: 0.01284,
epoch: [25], step: [674/1581], batch loss: 0.00928, batch accuracy: 100.00, data load time: 0.00021, step time: 0.01629,
epoch: [25], step: [974/1581], batch loss: 0.00122, batch accuracy: 100.00, data load time: 0.00024, step time: 0.02235,
epoch: [25], step: [1274/1581], batch loss: 0.05698, batch accuracy: 96.88, data load time: 0.00505, step time: 0.01115,
epoch: [25], step: [1574/1581], batch loss: 0.06504, batch accuracy: 96.88, data load time: 0.00015, step time: 0.01583,
epoch: [26], step: [293/1581], batch loss: 0.06766, batch accuracy: 96.88, data load time: 0.00021, step time: 0.01445,
epoch: [26], step: [593/1581], batch loss: 0.10275, batch accuracy: 96.88, data load time: 0.00021, step time: 0.01571,
epoch: [26], step: [893/1581], batch loss: 0.00204, batch accuracy: 100.00, data load time: 0.00023, step time: 0.01450,
epoch: [26], step: [1193/1581], batch loss: 0.00244, batch accuracy: 100.00, data load time: 0.00021, step time: 0.01595,
epoch: [26], step: [1493/1581], batch loss: 0.03887, batch accuracy: 96.88, data load time: 0.00073, step time: 0.00885,
epoch: [27], step: [212/1581], batch loss: 0.05241, batch accuracy: 96.88, data load time: 0.00981, step time: 0.02059,
epoch: [27], step: [512/1581], batch loss: 0.00108, batch accuracy: 100.00, data load time: 0.00628, step time: 0.01190,
epoch: [27], step: [812/1581], batch loss: 0.11542, batch accuracy: 96.88, data load time: 0.00852, step time: 0.01305,
epoch: [27], step: [1112/1581], batch loss: 0.00065, batch accuracy: 100.00, data load time: 0.00981, step time: 0.02029,
epoch: [27], step: [1412/1581], batch loss: 0.00695, batch accuracy: 100.00, data load time: 0.00019, step time: 0.01949,
epoch: [28], step: [131/1581], batch loss: 0.01454, batch accuracy: 100.00, data load time: 0.00511, step time: 0.01117,
epoch: [28], step: [431/1581], batch loss: 0.25714, batch accuracy: 90.62, data load time: 0.00527, step time: 0.01115,
epoch: [28], step: [731/1581], batch loss: 0.01483, batch accuracy: 100.00, data load time: 0.00021, step time: 0.03617,
epoch: [28], step: [1031/1581], batch loss: 0.00579, batch accuracy: 100.00, data load time: 0.00029, step time: 0.01648,
epoch: [28], step: [1331/1581], batch loss: 0.00542, batch accuracy: 100.00, data load time: 0.00563, step time: 0.01017,
epoch: [29], step: [50/1581], batch loss: 0.09786, batch accuracy: 93.75, data load time: 0.00020, step time: 0.01888,
epoch: [29], step: [350/1581], batch loss: 0.02148, batch accuracy: 100.00, data load time: 0.00021, step time: 0.01443,
epoch: [29], step: [650/1581], batch loss: 0.00337, batch accuracy: 100.00, data load time: 0.00796, step time: 0.01194,
epoch: [29], step: [950/1581], batch loss: 0.00725, batch accuracy: 100.00, data load time: 0.01230, step time: 0.00904,
epoch: [29], step: [1250/1581], batch loss: 0.08725, batch accuracy: 93.75, data load time: 0.00872, step time: 0.01163,
epoch: [29], step: [1550/1581], batch loss: 0.00120, batch accuracy: 100.00, data load time: 0.00017, step time: 0.00973,
validation loss: 1.68176, accuracy: 71.44, class_accuracy: [64.57142857142857, 88.41463414634147, 67.0028818443804, 70.79646017699115, 92.87925696594428, 62.693498452012385, 90.19607843137256, 90.0, 52.867383512544805, 63.142857142857146]
epoch: [30], step: [269/1581], batch loss: 0.06576, batch accuracy: 96.88, data load time: 0.00774, step time: 0.01117,
epoch: [30], step: [569/1581], batch loss: 0.00904, batch accuracy: 100.00, data load time: 0.00490, step time: 0.00939,
epoch: [30], step: [869/1581], batch loss: 0.00417, batch accuracy: 100.00, data load time: 0.00023, step time: 0.01624,
epoch: [30], step: [1169/1581], batch loss: 0.00943, batch accuracy: 100.00, data load time: 0.00863, step time: 0.01257,
epoch: [30], step: [1469/1581], batch loss: 0.00812, batch accuracy: 100.00, data load time: 0.00526, step time: 0.00904,
epoch: [31], step: [188/1581], batch loss: 0.01190, batch accuracy: 100.00, data load time: 0.00021, step time: 0.01668,
epoch: [31], step: [488/1581], batch loss: 0.02054, batch accuracy: 100.00, data load time: 0.00522, step time: 0.01140,
epoch: [31], step: [788/1581], batch loss: 0.02327, batch accuracy: 100.00, data load time: 0.00330, step time: 0.01098,
epoch: [31], step: [1088/1581], batch loss: 0.02311, batch accuracy: 100.00, data load time: 0.00289, step time: 0.01061,
epoch: [31], step: [1388/1581], batch loss: 0.00080, batch accuracy: 100.00, data load time: 0.00619, step time: 0.00900,
epoch: [32], step: [107/1581], batch loss: 0.00071, batch accuracy: 100.00, data load time: 0.00844, step time: 0.01340,
epoch: [32], step: [407/1581], batch loss: 0.04480, batch accuracy: 96.88, data load time: 0.01022, step time: 0.01162,
epoch: [32], step: [707/1581], batch loss: 0.02478, batch accuracy: 100.00, data load time: 0.00023, step time: 0.02391,
epoch: [32], step: [1007/1581], batch loss: 0.01214, batch accuracy: 100.00, data load time: 0.00040, step time: 0.01235,
epoch: [32], step: [1307/1581], batch loss: 0.00391, batch accuracy: 100.00, data load time: 0.00637, step time: 0.01146,
epoch: [33], step: [26/1581], batch loss: 0.00410, batch accuracy: 100.00, data load time: 0.00697, step time: 0.01158,
epoch: [33], step: [326/1581], batch loss: 0.00682, batch accuracy: 100.00, data load time: 0.00373, step time: 0.01123,
epoch: [33], step: [626/1581], batch loss: 0.00779, batch accuracy: 100.00, data load time: 0.00021, step time: 0.01455,
epoch: [33], step: [926/1581], batch loss: 0.00447, batch accuracy: 100.00, data load time: 0.00847, step time: 0.01162,
epoch: [33], step: [1226/1581], batch loss: 0.09131, batch accuracy: 96.88, data load time: 0.00021, step time: 0.01191,
epoch: [33], step: [1526/1581], batch loss: 0.14717, batch accuracy: 96.88, data load time: 0.00016, step time: 0.01428,
epoch: [34], step: [245/1581], batch loss: 0.03410, batch accuracy: 100.00, data load time: 0.00608, step time: 0.02238,
epoch: [34], step: [545/1581], batch loss: 0.05196, batch accuracy: 96.88, data load time: 0.01219, step time: 0.01386,
epoch: [34], step: [845/1581], batch loss: 0.00021, batch accuracy: 100.00, data load time: 0.00955, step time: 0.02088,
epoch: [34], step: [1145/1581], batch loss: 0.00542, batch accuracy: 100.00, data load time: 0.00312, step time: 0.00962,
epoch: [34], step: [1445/1581], batch loss: 0.09604, batch accuracy: 93.75, data load time: 0.01212, step time: 0.01146,
validation loss: 2.01567, accuracy: 71.29, class_accuracy: [55.0, 89.02439024390245, 71.90201729106629, 70.4424778761062, 94.27244582043343, 68.42105263157895, 91.17647058823529, 88.54838709677419, 52.68817204301075, 61.57142857142857]
epoch: [35], step: [164/1581], batch loss: 0.14003, batch accuracy: 96.88, data load time: 0.00021, step time: 0.01894,
epoch: [35], step: [464/1581], batch loss: 0.00762, batch accuracy: 100.00, data load time: 0.00429, step time: 0.00965,
epoch: [35], step: [764/1581], batch loss: 0.00567, batch accuracy: 100.00, data load time: 0.00542, step time: 0.01223,
epoch: [35], step: [1064/1581], batch loss: 0.04438, batch accuracy: 96.88, data load time: 0.01028, step time: 0.01171,
epoch: [35], step: [1364/1581], batch loss: 0.00328, batch accuracy: 100.00, data load time: 0.00347, step time: 0.01153,
epoch: [36], step: [83/1581], batch loss: 0.05308, batch accuracy: 96.88, data load time: 0.00432, step time: 0.01012,
epoch: [36], step: [383/1581], batch loss: 0.04223, batch accuracy: 96.88, data load time: 0.00830, step time: 0.01174,
epoch: [36], step: [683/1581], batch loss: 0.00961, batch accuracy: 100.00, data load time: 0.00021, step time: 0.01772,
epoch: [36], step: [983/1581], batch loss: 0.02429, batch accuracy: 100.00, data load time: 0.00361, step time: 0.01172,
epoch: [36], step: [1283/1581], batch loss: 0.02005, batch accuracy: 100.00, data load time: 0.00366, step time: 0.01167,
epoch: [37], step: [2/1581], batch loss: 0.01541, batch accuracy: 100.00, data load time: 0.00851, step time: 0.01342,
epoch: [37], step: [302/1581], batch loss: 0.23470, batch accuracy: 90.62, data load time: 0.00811, step time: 0.01166,
epoch: [37], step: [602/1581], batch loss: 0.00305, batch accuracy: 100.00, data load time: 0.00030, step time: 0.02271,
epoch: [37], step: [902/1581], batch loss: 0.00207, batch accuracy: 100.00, data load time: 0.00021, step time: 0.01461,
epoch: [37], step: [1202/1581], batch loss: 0.15955, batch accuracy: 96.88, data load time: 0.00489, step time: 0.00888,
epoch: [37], step: [1502/1581], batch loss: 0.00522, batch accuracy: 100.00, data load time: 0.00020, step time: 0.01937,
epoch: [38], step: [221/1581], batch loss: 0.01120, batch accuracy: 100.00, data load time: 0.00020, step time: 0.01394,
epoch: [38], step: [521/1581], batch loss: 0.00156, batch accuracy: 100.00, data load time: 0.00021, step time: 0.01636,
epoch: [38], step: [821/1581], batch loss: 0.02430, batch accuracy: 100.00, data load time: 0.00287, step time: 0.00917,
epoch: [38], step: [1121/1581], batch loss: 0.00290, batch accuracy: 100.00, data load time: 0.00023, step time: 0.01367,
epoch: [38], step: [1421/1581], batch loss: 0.01693, batch accuracy: 100.00, data load time: 0.00020, step time: 0.01635,
epoch: [39], step: [140/1581], batch loss: 0.04434, batch accuracy: 96.88, data load time: 0.00570, step time: 0.01133,
epoch: [39], step: [440/1581], batch loss: 0.01913, batch accuracy: 100.00, data load time: 0.00023, step time: 0.01413,
epoch: [39], step: [740/1581], batch loss: 0.00410, batch accuracy: 100.00, data load time: 0.00549, step time: 0.01297,
epoch: [39], step: [1040/1581], batch loss: 0.13014, batch accuracy: 93.75, data load time: 0.00767, step time: 0.01131,
epoch: [39], step: [1340/1581], batch loss: 0.03647, batch accuracy: 96.88, data load time: 0.00021, step time: 0.01652,
validation loss: 2.11123, accuracy: 70.77, class_accuracy: [52.285714285714285, 92.6829268292683, 68.15561959654178, 71.85840707964601, 78.79256965944272, 63.0030959752322, 91.17647058823529, 93.87096774193549, 58.422939068100355, 72.0]
epoch: [40], step: [59/1581], batch loss: 0.02545, batch accuracy: 100.00, data load time: 0.00847, step time: 0.01376,
epoch: [40], step: [359/1581], batch loss: 0.00229, batch accuracy: 100.00, data load time: 0.00021, step time: 0.01461,
epoch: [40], step: [659/1581], batch loss: 0.00188, batch accuracy: 100.00, data load time: 0.00540, step time: 0.00893,
epoch: [40], step: [959/1581], batch loss: 0.23521, batch accuracy: 93.75, data load time: 0.00311, step time: 0.01083,
epoch: [40], step: [1259/1581], batch loss: 0.04340, batch accuracy: 96.88, data load time: 0.00926, step time: 0.01201,
epoch: [40], step: [1559/1581], batch loss: 0.00638, batch accuracy: 100.00, data load time: 0.00016, step time: 0.00890,
epoch: [41], step: [278/1581], batch loss: 0.00809, batch accuracy: 100.00, data load time: 0.00031, step time: 0.00902,
epoch: [41], step: [578/1581], batch loss: 0.00038, batch accuracy: 100.00, data load time: 0.00635, step time: 0.01213,
epoch: [41], step: [878/1581], batch loss: 0.00629, batch accuracy: 100.00, data load time: 0.00021, step time: 0.01450,
epoch: [41], step: [1178/1581], batch loss: 0.01431, batch accuracy: 100.00, data load time: 0.00023, step time: 0.00903,
epoch: [41], step: [1478/1581], batch loss: 0.00270, batch accuracy: 100.00, data load time: 0.00027, step time: 0.01608,
epoch: [42], step: [197/1581], batch loss: 0.00128, batch accuracy: 100.00, data load time: 0.00529, step time: 0.01218,
epoch: [42], step: [497/1581], batch loss: 0.07724, batch accuracy: 96.88, data load time: 0.01217, step time: 0.01127,
epoch: [42], step: [797/1581], batch loss: 0.01207, batch accuracy: 100.00, data load time: 0.00531, step time: 0.01186,
epoch: [42], step: [1097/1581], batch loss: 0.16601, batch accuracy: 93.75, data load time: 0.00808, step time: 0.01180,
epoch: [42], step: [1397/1581], batch loss: 0.02417, batch accuracy: 96.88, data load time: 0.00072, step time: 0.02038,
epoch: [43], step: [116/1581], batch loss: 0.00977, batch accuracy: 100.00, data load time: 0.00534, step time: 0.01276,
epoch: [43], step: [416/1581], batch loss: 0.00501, batch accuracy: 100.00, data load time: 0.00020, step time: 0.01612,
epoch: [43], step: [716/1581], batch loss: 0.00417, batch accuracy: 100.00, data load time: 0.00831, step time: 0.01335,
epoch: [43], step: [1016/1581], batch loss: 0.00173, batch accuracy: 100.00, data load time: 0.00020, step time: 0.01990,
epoch: [43], step: [1316/1581], batch loss: 0.00908, batch accuracy: 100.00, data load time: 0.00525, step time: 0.01306,
epoch: [44], step: [35/1581], batch loss: 0.01412, batch accuracy: 100.00, data load time: 0.00644, step time: 0.01164,
epoch: [44], step: [335/1581], batch loss: 0.11973, batch accuracy: 96.88, data load time: 0.00418, step time: 0.01315,
epoch: [44], step: [635/1581], batch loss: 0.00024, batch accuracy: 100.00, data load time: 0.00195, step time: 0.01133,
epoch: [44], step: [935/1581], batch loss: 0.04677, batch accuracy: 96.88, data load time: 0.00031, step time: 0.00919,
epoch: [44], step: [1235/1581], batch loss: 0.00094, batch accuracy: 100.00, data load time: 0.00022, step time: 0.02293,
epoch: [44], step: [1535/1581], batch loss: 0.00333, batch accuracy: 100.00, data load time: 0.00016, step time: 0.00888,
validation loss: 2.09744, accuracy: 72.86, class_accuracy: [56.57142857142857, 90.85365853658537, 72.62247838616715, 75.39823008849558, 80.95975232198143, 68.42105263157895, 87.25490196078431, 96.7741935483871, 52.32974910394265, 72.85714285714286]
epoch: [45], step: [254/1581], batch loss: 0.00567, batch accuracy: 100.00, data load time: 0.00525, step time: 0.01120,
epoch: [45], step: [554/1581], batch loss: 0.12610, batch accuracy: 93.75, data load time: 0.00263, step time: 0.01035,
epoch: [45], step: [854/1581], batch loss: 0.09252, batch accuracy: 93.75, data load time: 0.00593, step time: 0.00898,
epoch: [45], step: [1154/1581], batch loss: 0.01252, batch accuracy: 100.00, data load time: 0.00021, step time: 0.01460,
epoch: [45], step: [1454/1581], batch loss: 0.02707, batch accuracy: 100.00, data load time: 0.01017, step time: 0.01152,
epoch: [46], step: [173/1581], batch loss: 0.00334, batch accuracy: 100.00, data load time: 0.00021, step time: 0.01185,
epoch: [46], step: [473/1581], batch loss: 0.00035, batch accuracy: 100.00, data load time: 0.00019, step time: 0.01440,
epoch: [46], step: [773/1581], batch loss: 0.02328, batch accuracy: 100.00, data load time: 0.00020, step time: 0.01202,
epoch: [46], step: [1073/1581], batch loss: 0.00866, batch accuracy: 100.00, data load time: 0.00020, step time: 0.01648,
epoch: [46], step: [1373/1581], batch loss: 0.00311, batch accuracy: 100.00, data load time: 0.00021, step time: 0.01537,
epoch: [47], step: [92/1581], batch loss: 0.00081, batch accuracy: 100.00, data load time: 0.00021, step time: 0.01626,
epoch: [47], step: [392/1581], batch loss: 0.00231, batch accuracy: 100.00, data load time: 0.00530, step time: 0.01139,
epoch: [47], step: [692/1581], batch loss: 0.00451, batch accuracy: 100.00, data load time: 0.00022, step time: 0.02650,
epoch: [47], step: [992/1581], batch loss: 0.12416, batch accuracy: 96.88, data load time: 0.00294, step time: 0.01360,
epoch: [47], step: [1292/1581], batch loss: 0.01153, batch accuracy: 100.00, data load time: 0.00021, step time: 0.02168,
epoch: [48], step: [11/1581], batch loss: 0.00243, batch accuracy: 100.00, data load time: 0.00023, step time: 0.01847,
epoch: [48], step: [311/1581], batch loss: 0.01783, batch accuracy: 100.00, data load time: 0.00021, step time: 0.01620,
epoch: [48], step: [611/1581], batch loss: 0.00589, batch accuracy: 100.00, data load time: 0.00341, step time: 0.00986,
epoch: [48], step: [911/1581], batch loss: 0.01825, batch accuracy: 100.00, data load time: 0.00021, step time: 0.01545,
epoch: [48], step: [1211/1581], batch loss: 0.12934, batch accuracy: 96.88, data load time: 0.00301, step time: 0.00978,
epoch: [48], step: [1511/1581], batch loss: 0.03831, batch accuracy: 96.88, data load time: 0.00543, step time: 0.01325,
epoch: [49], step: [230/1581], batch loss: 0.00122, batch accuracy: 100.00, data load time: 0.00850, step time: 0.01661,
epoch: [49], step: [530/1581], batch loss: 0.01114, batch accuracy: 100.00, data load time: 0.00022, step time: 0.01938,
epoch: [49], step: [830/1581], batch loss: 0.00066, batch accuracy: 100.00, data load time: 0.00532, step time: 0.01119,
epoch: [49], step: [1130/1581], batch loss: 0.00520, batch accuracy: 100.00, data load time: 0.00856, step time: 0.01157,
epoch: [49], step: [1430/1581], batch loss: 0.10911, batch accuracy: 96.88, data load time: 0.00825, step time: 0.01329,
validation loss: 2.27445, accuracy: 71.46, class_accuracy: [58.142857142857146, 93.29268292682927, 72.19020172910663, 70.4424778761062, 78.94736842105263, 59.59752321981424, 88.23529411764706, 95.3225806451613, 52.68817204301075, 75.14285714285714]
Total time taken: 1515.6218979358673
