Using CUDA...
Writing logs to logs/CNN_bn_epochs=50_dropout=0.5_bs=32_lr=0.001_momentum=0.9_mode=MC_run_1
epoch: [0], step: [299/1581], batch loss: 6.68064, batch accuracy: 0.00, data load time: 0.00578, step time: 0.01278,
epoch: [0], step: [599/1581], batch loss: 5.38040, batch accuracy: 0.00, data load time: 0.00651, step time: 0.01328,
epoch: [0], step: [899/1581], batch loss: 8.80627, batch accuracy: 0.00, data load time: 0.00220, step time: 0.02500,
epoch: [0], step: [1199/1581], batch loss: 3.31036, batch accuracy: 18.75, data load time: 0.00164, step time: 0.02525,
epoch: [0], step: [1499/1581], batch loss: 0.65010, batch accuracy: 87.50, data load time: 0.00062, step time: 0.01330,
epoch: [1], step: [218/1581], batch loss: 4.83069, batch accuracy: 6.25, data load time: 0.00251, step time: 0.02273,
epoch: [1], step: [518/1581], batch loss: 9.47248, batch accuracy: 0.00, data load time: 0.00035, step time: 0.01199,
epoch: [1], step: [818/1581], batch loss: 2.12339, batch accuracy: 9.38, data load time: 0.00288, step time: 0.02536,
epoch: [1], step: [1118/1581], batch loss: 1.19244, batch accuracy: 50.00, data load time: 0.00036, step time: 0.01285,
epoch: [1], step: [1418/1581], batch loss: 4.94603, batch accuracy: 0.00, data load time: 0.00751, step time: 0.01359,
epoch: [2], step: [137/1581], batch loss: 0.46696, batch accuracy: 96.88, data load time: 0.00464, step time: 0.01588,
epoch: [2], step: [437/1581], batch loss: 4.96176, batch accuracy: 0.00, data load time: 0.01215, step time: 0.01557,
epoch: [2], step: [737/1581], batch loss: 4.27302, batch accuracy: 0.00, data load time: 0.00032, step time: 0.01274,
epoch: [2], step: [1037/1581], batch loss: 4.21126, batch accuracy: 0.00, data load time: 0.00474, step time: 0.01713,
epoch: [2], step: [1337/1581], batch loss: 3.90050, batch accuracy: 0.00, data load time: 0.00033, step time: 0.01636,
epoch: [3], step: [56/1581], batch loss: 3.69497, batch accuracy: 0.00, data load time: 0.00569, step time: 0.02097,
epoch: [3], step: [356/1581], batch loss: 0.73684, batch accuracy: 93.75, data load time: 0.00028, step time: 0.02108,
epoch: [3], step: [656/1581], batch loss: 5.22710, batch accuracy: 0.00, data load time: 0.00169, step time: 0.01642,
epoch: [3], step: [956/1581], batch loss: 2.94577, batch accuracy: 0.00, data load time: 0.00025, step time: 0.03385,
epoch: [3], step: [1256/1581], batch loss: 4.47371, batch accuracy: 0.00, data load time: 0.00104, step time: 0.01896,
epoch: [3], step: [1556/1581], batch loss: 1.78827, batch accuracy: 15.62, data load time: 0.00014, step time: 0.01049,
epoch: [4], step: [275/1581], batch loss: 4.15247, batch accuracy: 0.00, data load time: 0.00029, step time: 0.02320,
epoch: [4], step: [575/1581], batch loss: 2.51797, batch accuracy: 0.00, data load time: 0.00030, step time: 0.02241,
epoch: [4], step: [875/1581], batch loss: 1.63335, batch accuracy: 43.75, data load time: 0.00047, step time: 0.02656,
epoch: [4], step: [1175/1581], batch loss: 2.52944, batch accuracy: 18.75, data load time: 0.00031, step time: 0.01756,
epoch: [4], step: [1475/1581], batch loss: 3.52053, batch accuracy: 0.00, data load time: 0.00037, step time: 0.01307,
validation loss: 2.14207, accuracy: 26.80, class_accuracy: [0.0, 9.75609756097561, 0.0, 35.39823008849557, 7.430340557275541, 0.0, 7.8431372549019605, 76.45161290322581, 0.0, 100.0]
epoch: [5], step: [194/1581], batch loss: 1.36493, batch accuracy: 68.75, data load time: 0.56926, step time: 0.01300,
epoch: [5], step: [494/1581], batch loss: 0.81340, batch accuracy: 87.50, data load time: 0.00892, step time: 0.02291,
epoch: [5], step: [794/1581], batch loss: 1.46495, batch accuracy: 40.62, data load time: 0.17877, step time: 0.01324,
epoch: [5], step: [1094/1581], batch loss: 0.77245, batch accuracy: 100.00, data load time: 0.00190, step time: 0.01617,
epoch: [5], step: [1394/1581], batch loss: 0.61666, batch accuracy: 81.25, data load time: 0.00037, step time: 0.03037,
epoch: [6], step: [113/1581], batch loss: 2.60039, batch accuracy: 0.00, data load time: 0.01220, step time: 0.01259,
epoch: [6], step: [413/1581], batch loss: 1.72292, batch accuracy: 9.38, data load time: 0.00070, step time: 0.01589,
epoch: [6], step: [713/1581], batch loss: 0.17369, batch accuracy: 100.00, data load time: 0.00029, step time: 0.01314,
epoch: [6], step: [1013/1581], batch loss: 1.63363, batch accuracy: 28.12, data load time: 0.00035, step time: 0.02211,
epoch: [6], step: [1313/1581], batch loss: 2.27183, batch accuracy: 0.00, data load time: 0.01826, step time: 0.02080,
epoch: [7], step: [32/1581], batch loss: 3.74243, batch accuracy: 0.00, data load time: 0.00030, step time: 0.01190,
epoch: [7], step: [332/1581], batch loss: 0.89193, batch accuracy: 93.75, data load time: 0.00030, step time: 0.03681,
epoch: [7], step: [632/1581], batch loss: 1.11991, batch accuracy: 71.88, data load time: 0.00897, step time: 0.02077,
epoch: [7], step: [932/1581], batch loss: 1.89920, batch accuracy: 0.00, data load time: 0.00339, step time: 0.01726,
epoch: [7], step: [1232/1581], batch loss: 2.14972, batch accuracy: 3.12, data load time: 0.00049, step time: 0.01587,
epoch: [7], step: [1532/1581], batch loss: 1.85328, batch accuracy: 25.00, data load time: 0.00022, step time: 0.01807,
epoch: [8], step: [251/1581], batch loss: 2.64481, batch accuracy: 9.38, data load time: 0.00569, step time: 0.02228,
epoch: [8], step: [551/1581], batch loss: 2.76755, batch accuracy: 25.00, data load time: 0.00515, step time: 0.01729,
epoch: [8], step: [851/1581], batch loss: 1.58647, batch accuracy: 71.88, data load time: 0.00526, step time: 0.01315,
epoch: [8], step: [1151/1581], batch loss: 2.67559, batch accuracy: 0.00, data load time: 0.00880, step time: 0.02186,
epoch: [8], step: [1451/1581], batch loss: 1.90765, batch accuracy: 21.88, data load time: 0.00028, step time: 0.01811,
epoch: [9], step: [170/1581], batch loss: 2.33261, batch accuracy: 0.00, data load time: 0.00559, step time: 0.01945,
epoch: [9], step: [470/1581], batch loss: 0.55670, batch accuracy: 100.00, data load time: 0.00072, step time: 0.02445,
epoch: [9], step: [770/1581], batch loss: 1.58179, batch accuracy: 81.25, data load time: 0.00034, step time: 0.01501,
epoch: [9], step: [1070/1581], batch loss: 2.19741, batch accuracy: 31.25, data load time: 0.01264, step time: 0.01164,
epoch: [9], step: [1370/1581], batch loss: 2.31155, batch accuracy: 6.25, data load time: 0.00340, step time: 0.01607,
validation loss: 1.95280, accuracy: 19.87, class_accuracy: [0.0, 9.75609756097561, 0.0, 48.49557522123894, 10.061919504643964, 1.08359133126935, 6.862745098039215, 0.0, 0.5376344086021505, 100.0]
epoch: [10], step: [89/1581], batch loss: 3.00138, batch accuracy: 0.00, data load time: 0.00036, step time: 0.01783,
epoch: [10], step: [389/1581], batch loss: 2.94093, batch accuracy: 0.00, data load time: 0.00533, step time: 0.02616,
epoch: [10], step: [689/1581], batch loss: 1.47602, batch accuracy: 31.25, data load time: 0.00665, step time: 0.01595,
epoch: [10], step: [989/1581], batch loss: 1.91032, batch accuracy: 0.00, data load time: 0.01252, step time: 0.01284,
epoch: [10], step: [1289/1581], batch loss: 3.49465, batch accuracy: 0.00, data load time: 0.00889, step time: 0.01288,
epoch: [11], step: [8/1581], batch loss: 2.90165, batch accuracy: 0.00, data load time: 0.00064, step time: 0.02061,
epoch: [11], step: [308/1581], batch loss: 1.51948, batch accuracy: 53.12, data load time: 0.00682, step time: 0.01739,
epoch: [11], step: [608/1581], batch loss: 1.35713, batch accuracy: 93.75, data load time: 0.00570, step time: 0.01664,
epoch: [11], step: [908/1581], batch loss: 1.36989, batch accuracy: 53.12, data load time: 0.00033, step time: 0.01226,
epoch: [11], step: [1208/1581], batch loss: 2.60171, batch accuracy: 0.00, data load time: 0.00674, step time: 0.01487,
epoch: [11], step: [1508/1581], batch loss: 1.45137, batch accuracy: 43.75, data load time: 0.01223, step time: 0.01266,
epoch: [12], step: [227/1581], batch loss: 2.15461, batch accuracy: 0.00, data load time: 0.28280, step time: 0.01354,
epoch: [12], step: [527/1581], batch loss: 3.08480, batch accuracy: 0.00, data load time: 0.00034, step time: 0.02210,
epoch: [12], step: [827/1581], batch loss: 2.07316, batch accuracy: 12.50, data load time: 0.00128, step time: 0.02106,
epoch: [12], step: [1127/1581], batch loss: 2.77103, batch accuracy: 0.00, data load time: 0.00026, step time: 0.01785,
epoch: [12], step: [1427/1581], batch loss: 2.49226, batch accuracy: 3.12, data load time: 0.00733, step time: 0.01723,
epoch: [13], step: [146/1581], batch loss: 0.87771, batch accuracy: 100.00, data load time: 0.02688, step time: 0.01297,
epoch: [13], step: [446/1581], batch loss: 3.10950, batch accuracy: 0.00, data load time: 0.01459, step time: 0.01868,
epoch: [13], step: [746/1581], batch loss: 2.33526, batch accuracy: 15.62, data load time: 0.00054, step time: 0.01720,
epoch: [13], step: [1046/1581], batch loss: 1.44331, batch accuracy: 50.00, data load time: 0.00453, step time: 0.01263,
epoch: [13], step: [1346/1581], batch loss: 1.57961, batch accuracy: 75.00, data load time: 0.00652, step time: 0.01578,
epoch: [14], step: [65/1581], batch loss: 1.81189, batch accuracy: 34.38, data load time: 0.00048, step time: 0.02535,
epoch: [14], step: [365/1581], batch loss: 1.44307, batch accuracy: 56.25, data load time: 0.00047, step time: 0.01722,
epoch: [14], step: [665/1581], batch loss: 2.75994, batch accuracy: 12.50, data load time: 0.00048, step time: 0.01420,
epoch: [14], step: [965/1581], batch loss: 1.98956, batch accuracy: 0.00, data load time: 0.00202, step time: 0.02365,
epoch: [14], step: [1265/1581], batch loss: 2.54361, batch accuracy: 0.00, data load time: 0.00048, step time: 0.01815,
epoch: [14], step: [1565/1581], batch loss: 2.28376, batch accuracy: 21.88, data load time: 0.00014, step time: 0.01048,
validation loss: 1.75931, accuracy: 34.03, class_accuracy: [0.0, 15.24390243902439, 1.1527377521613833, 59.823008849557525, 33.28173374613003, 73.21981424148606, 23.529411764705884, 0.0, 9.85663082437276, 99.71428571428571]
epoch: [15], step: [284/1581], batch loss: 2.34955, batch accuracy: 0.00, data load time: 0.00078, step time: 0.01716,
epoch: [15], step: [584/1581], batch loss: 2.18514, batch accuracy: 0.00, data load time: 0.01858, step time: 0.02680,
epoch: [15], step: [884/1581], batch loss: 2.41208, batch accuracy: 0.00, data load time: 0.00466, step time: 0.01338,
epoch: [15], step: [1184/1581], batch loss: 2.05414, batch accuracy: 43.75, data load time: 0.00754, step time: 0.02589,
epoch: [15], step: [1484/1581], batch loss: 2.56981, batch accuracy: 0.00, data load time: 0.02822, step time: 0.02255,
epoch: [16], step: [203/1581], batch loss: 2.06955, batch accuracy: 0.00, data load time: 0.00543, step time: 0.01621,
epoch: [16], step: [503/1581], batch loss: 0.58890, batch accuracy: 100.00, data load time: 0.00105, step time: 0.03088,
epoch: [16], step: [803/1581], batch loss: 3.00139, batch accuracy: 25.00, data load time: 0.00043, step time: 0.01288,
epoch: [16], step: [1103/1581], batch loss: 2.05262, batch accuracy: 21.88, data load time: 0.00648, step time: 0.01330,
epoch: [16], step: [1403/1581], batch loss: 1.71219, batch accuracy: 37.50, data load time: 0.00037, step time: 0.01878,
epoch: [17], step: [122/1581], batch loss: 1.85066, batch accuracy: 0.00, data load time: 0.00184, step time: 0.01305,
epoch: [17], step: [422/1581], batch loss: 1.95601, batch accuracy: 21.88, data load time: 0.29216, step time: 0.01283,
epoch: [17], step: [722/1581], batch loss: 1.95475, batch accuracy: 0.00, data load time: 0.00378, step time: 0.01262,
epoch: [17], step: [1022/1581], batch loss: 1.90368, batch accuracy: 6.25, data load time: 0.00859, step time: 0.01756,
epoch: [17], step: [1322/1581], batch loss: 2.26241, batch accuracy: 0.00, data load time: 0.00076, step time: 0.02552,
epoch: [18], step: [41/1581], batch loss: 2.28803, batch accuracy: 0.00, data load time: 0.00477, step time: 0.01248,
epoch: [18], step: [341/1581], batch loss: 2.92392, batch accuracy: 3.12, data load time: 0.00372, step time: 0.01584,
epoch: [18], step: [641/1581], batch loss: 2.13128, batch accuracy: 0.00, data load time: 0.00359, step time: 0.01612,
epoch: [18], step: [941/1581], batch loss: 1.89602, batch accuracy: 0.00, data load time: 0.00633, step time: 0.02647,
epoch: [18], step: [1241/1581], batch loss: 2.33425, batch accuracy: 3.12, data load time: 0.00814, step time: 0.02429,
epoch: [18], step: [1541/1581], batch loss: 2.75594, batch accuracy: 0.00, data load time: 0.14552, step time: 0.01204,
epoch: [19], step: [260/1581], batch loss: 1.97447, batch accuracy: 18.75, data load time: 0.00036, step time: 0.01291,
epoch: [19], step: [560/1581], batch loss: 2.09581, batch accuracy: 0.00, data load time: 0.00039, step time: 0.01776,
epoch: [19], step: [860/1581], batch loss: 1.85635, batch accuracy: 15.62, data load time: 0.00648, step time: 0.01540,
epoch: [19], step: [1160/1581], batch loss: 1.88989, batch accuracy: 31.25, data load time: 0.00037, step time: 0.01637,
epoch: [19], step: [1460/1581], batch loss: 2.06568, batch accuracy: 0.00, data load time: 0.00440, step time: 0.01166,
validation loss: 1.65876, accuracy: 36.89, class_accuracy: [0.0, 23.78048780487805, 3.7463976945244957, 65.13274336283186, 43.808049535603715, 73.06501547987617, 48.03921568627451, 0.0, 10.931899641577061, 98.85714285714286]
epoch: [20], step: [179/1581], batch loss: 2.51164, batch accuracy: 0.00, data load time: 0.00179, step time: 0.01237,
epoch: [20], step: [479/1581], batch loss: 1.44881, batch accuracy: 59.38, data load time: 0.00969, step time: 0.02204,
epoch: [20], step: [779/1581], batch loss: 2.08822, batch accuracy: 0.00, data load time: 0.00857, step time: 0.03262,
epoch: [20], step: [1079/1581], batch loss: 2.47802, batch accuracy: 0.00, data load time: 0.00637, step time: 0.01659,
epoch: [20], step: [1379/1581], batch loss: 2.60130, batch accuracy: 21.88, data load time: 0.01790, step time: 0.02015,
epoch: [21], step: [98/1581], batch loss: 2.44801, batch accuracy: 0.00, data load time: 0.00042, step time: 0.02009,
epoch: [21], step: [398/1581], batch loss: 1.83129, batch accuracy: 9.38, data load time: 0.01805, step time: 0.02789,
epoch: [21], step: [698/1581], batch loss: 2.60729, batch accuracy: 0.00, data load time: 0.00034, step time: 0.02680,
epoch: [21], step: [998/1581], batch loss: 2.00524, batch accuracy: 0.00, data load time: 0.01276, step time: 0.01301,
epoch: [21], step: [1298/1581], batch loss: 2.41203, batch accuracy: 0.00, data load time: 0.00696, step time: 0.01364,
epoch: [22], step: [17/1581], batch loss: 1.31191, batch accuracy: 100.00, data load time: 0.00428, step time: 0.01677,
epoch: [22], step: [317/1581], batch loss: 2.32431, batch accuracy: 0.00, data load time: 0.00796, step time: 0.02107,
epoch: [22], step: [617/1581], batch loss: 2.41570, batch accuracy: 3.12, data load time: 0.00029, step time: 0.01182,
epoch: [22], step: [917/1581], batch loss: 2.69081, batch accuracy: 21.88, data load time: 0.00045, step time: 0.02510,
epoch: [22], step: [1217/1581], batch loss: 1.96139, batch accuracy: 15.62, data load time: 0.00041, step time: 0.01243,
epoch: [22], step: [1517/1581], batch loss: 2.69150, batch accuracy: 0.00, data load time: 0.00036, step time: 0.01499,
epoch: [23], step: [236/1581], batch loss: 2.64415, batch accuracy: 0.00, data load time: 0.00037, step time: 0.01254,
epoch: [23], step: [536/1581], batch loss: 1.93077, batch accuracy: 12.50, data load time: 0.01123, step time: 0.01249,
epoch: [23], step: [836/1581], batch loss: 2.02553, batch accuracy: 21.88, data load time: 0.01332, step time: 0.01571,
epoch: [23], step: [1136/1581], batch loss: 2.20284, batch accuracy: 0.00, data load time: 0.16391, step time: 0.03614,
epoch: [23], step: [1436/1581], batch loss: 2.16658, batch accuracy: 9.38, data load time: 0.00079, step time: 0.01224,
epoch: [24], step: [155/1581], batch loss: 2.23884, batch accuracy: 0.00, data load time: 0.00036, step time: 0.01242,
epoch: [24], step: [455/1581], batch loss: 2.63104, batch accuracy: 0.00, data load time: 0.01193, step time: 0.01220,
epoch: [24], step: [755/1581], batch loss: 2.64271, batch accuracy: 0.00, data load time: 0.00030, step time: 0.01306,
epoch: [24], step: [1055/1581], batch loss: 1.63918, batch accuracy: 50.00, data load time: 0.00117, step time: 0.01890,
epoch: [24], step: [1355/1581], batch loss: 1.80783, batch accuracy: 56.25, data load time: 0.00079, step time: 0.01622,
validation loss: 1.60375, accuracy: 39.33, class_accuracy: [0.0, 19.51219512195122, 11.239193083573488, 73.6283185840708, 47.36842105263158, 73.37461300309597, 47.05882352941177, 0.0, 15.232974910394265, 97.57142857142857]
epoch: [25], step: [74/1581], batch loss: 1.71473, batch accuracy: 78.12, data load time: 0.00661, step time: 0.01433,
epoch: [25], step: [374/1581], batch loss: 1.45986, batch accuracy: 87.50, data load time: 0.00141, step time: 0.02677,
epoch: [25], step: [674/1581], batch loss: 2.07806, batch accuracy: 0.00, data load time: 0.00963, step time: 0.01705,
epoch: [25], step: [974/1581], batch loss: 1.85196, batch accuracy: 3.12, data load time: 0.00497, step time: 0.01374,
epoch: [25], step: [1274/1581], batch loss: 2.35184, batch accuracy: 6.25, data load time: 0.00029, step time: 0.01878,
epoch: [25], step: [1574/1581], batch loss: 1.52660, batch accuracy: 78.12, data load time: 0.00015, step time: 0.01097,
epoch: [26], step: [293/1581], batch loss: 2.19353, batch accuracy: 18.75, data load time: 0.01247, step time: 0.01321,
epoch: [26], step: [593/1581], batch loss: 2.29081, batch accuracy: 0.00, data load time: 0.00740, step time: 0.01914,
epoch: [26], step: [893/1581], batch loss: 1.82390, batch accuracy: 34.38, data load time: 0.00724, step time: 0.01255,
epoch: [26], step: [1193/1581], batch loss: 1.47817, batch accuracy: 78.12, data load time: 0.00567, step time: 0.02432,
epoch: [26], step: [1493/1581], batch loss: 1.73280, batch accuracy: 53.12, data load time: 0.00031, step time: 0.02318,
epoch: [27], step: [212/1581], batch loss: 2.21061, batch accuracy: 0.00, data load time: 0.00136, step time: 0.02543,
epoch: [27], step: [512/1581], batch loss: 0.79949, batch accuracy: 100.00, data load time: 0.00637, step time: 0.01769,
epoch: [27], step: [812/1581], batch loss: 1.92200, batch accuracy: 0.00, data load time: 0.00373, step time: 0.01651,
epoch: [27], step: [1112/1581], batch loss: 1.80883, batch accuracy: 37.50, data load time: 0.00038, step time: 0.01117,
epoch: [27], step: [1412/1581], batch loss: 2.48183, batch accuracy: 0.00, data load time: 0.01060, step time: 0.01252,
epoch: [28], step: [131/1581], batch loss: 1.35527, batch accuracy: 43.75, data load time: 0.00080, step time: 0.02068,
epoch: [28], step: [431/1581], batch loss: 3.45392, batch accuracy: 15.62, data load time: 0.00396, step time: 0.01806,
epoch: [28], step: [731/1581], batch loss: 2.01507, batch accuracy: 6.25, data load time: 0.00358, step time: 0.02346,
epoch: [28], step: [1031/1581], batch loss: 1.82491, batch accuracy: 25.00, data load time: 0.00376, step time: 0.01478,
epoch: [28], step: [1331/1581], batch loss: 2.16817, batch accuracy: 25.00, data load time: 0.00516, step time: 0.01247,
epoch: [29], step: [50/1581], batch loss: 2.22590, batch accuracy: 9.38, data load time: 0.00855, step time: 0.02164,
epoch: [29], step: [350/1581], batch loss: 2.44485, batch accuracy: 0.00, data load time: 0.00356, step time: 0.01792,
epoch: [29], step: [650/1581], batch loss: 1.31344, batch accuracy: 59.38, data load time: 0.00909, step time: 0.01301,
epoch: [29], step: [950/1581], batch loss: 2.86502, batch accuracy: 0.00, data load time: 0.00656, step time: 0.01333,
epoch: [29], step: [1250/1581], batch loss: 1.30868, batch accuracy: 50.00, data load time: 0.00711, step time: 0.01399,
epoch: [29], step: [1550/1581], batch loss: 1.30161, batch accuracy: 84.38, data load time: 0.00017, step time: 0.01148,
validation loss: 1.55212, accuracy: 39.81, class_accuracy: [0.0, 18.902439024390244, 8.789625360230547, 76.10619469026548, 46.749226006191954, 72.91021671826626, 52.94117647058823, 1.6129032258064515, 19.53405017921147, 97.14285714285714]
epoch: [30], step: [269/1581], batch loss: 2.00300, batch accuracy: 15.62, data load time: 0.00371, step time: 0.01648,
epoch: [30], step: [569/1581], batch loss: 2.64332, batch accuracy: 0.00, data load time: 0.00045, step time: 0.01204,
epoch: [30], step: [869/1581], batch loss: 2.05346, batch accuracy: 21.88, data load time: 0.00168, step time: 0.02959,
epoch: [30], step: [1169/1581], batch loss: 2.53125, batch accuracy: 3.12, data load time: 0.00360, step time: 0.01569,
epoch: [30], step: [1469/1581], batch loss: 1.54771, batch accuracy: 62.50, data load time: 0.00184, step time: 0.02200,
epoch: [31], step: [188/1581], batch loss: 1.86258, batch accuracy: 25.00, data load time: 0.00568, step time: 0.02722,
epoch: [31], step: [488/1581], batch loss: 1.46600, batch accuracy: 71.88, data load time: 0.00673, step time: 0.01673,
epoch: [31], step: [788/1581], batch loss: 1.84214, batch accuracy: 0.00, data load time: 0.00688, step time: 0.01569,
epoch: [31], step: [1088/1581], batch loss: 1.27294, batch accuracy: 53.12, data load time: 0.00631, step time: 0.01696,
epoch: [31], step: [1388/1581], batch loss: 2.21632, batch accuracy: 9.38, data load time: 0.00047, step time: 0.01361,
epoch: [32], step: [107/1581], batch loss: 1.30890, batch accuracy: 53.12, data load time: 0.00236, step time: 0.01388,
epoch: [32], step: [407/1581], batch loss: 1.40204, batch accuracy: 84.38, data load time: 0.26191, step time: 0.01266,
epoch: [32], step: [707/1581], batch loss: 2.13541, batch accuracy: 0.00, data load time: 0.01238, step time: 0.01239,
epoch: [32], step: [1007/1581], batch loss: 2.99168, batch accuracy: 0.00, data load time: 0.00901, step time: 0.01328,
epoch: [32], step: [1307/1581], batch loss: 1.16025, batch accuracy: 53.12, data load time: 0.00391, step time: 0.01822,
epoch: [33], step: [26/1581], batch loss: 2.53177, batch accuracy: 0.00, data load time: 0.00455, step time: 0.01732,
epoch: [33], step: [326/1581], batch loss: 1.95883, batch accuracy: 12.50, data load time: 0.00056, step time: 0.01335,
epoch: [33], step: [626/1581], batch loss: 2.24977, batch accuracy: 9.38, data load time: 0.00127, step time: 0.02540,
epoch: [33], step: [926/1581], batch loss: 2.59259, batch accuracy: 25.00, data load time: 0.01327, step time: 0.01221,
epoch: [33], step: [1226/1581], batch loss: 2.50028, batch accuracy: 0.00, data load time: 0.00037, step time: 0.02212,
epoch: [33], step: [1526/1581], batch loss: 1.96881, batch accuracy: 28.12, data load time: 0.00018, step time: 0.02650,
epoch: [34], step: [245/1581], batch loss: 1.62515, batch accuracy: 31.25, data load time: 0.00030, step time: 0.03863,
epoch: [34], step: [545/1581], batch loss: 0.59871, batch accuracy: 96.88, data load time: 0.00033, step time: 0.01303,
epoch: [34], step: [845/1581], batch loss: 1.51103, batch accuracy: 43.75, data load time: 0.02807, step time: 0.01964,
epoch: [34], step: [1145/1581], batch loss: 1.57666, batch accuracy: 53.12, data load time: 0.00085, step time: 0.02470,
epoch: [34], step: [1445/1581], batch loss: 2.59232, batch accuracy: 0.00, data load time: 0.00033, step time: 0.02219,
validation loss: 1.52796, accuracy: 42.15, class_accuracy: [0.0, 13.414634146341463, 18.29971181556196, 77.69911504424779, 46.130030959752325, 73.37461300309597, 36.27450980392157, 17.741935483870968, 24.014336917562723, 90.42857142857143]
epoch: [35], step: [164/1581], batch loss: 2.50358, batch accuracy: 15.62, data load time: 0.00077, step time: 0.02456,
epoch: [35], step: [464/1581], batch loss: 1.99272, batch accuracy: 25.00, data load time: 0.22011, step time: 0.01321,
epoch: [35], step: [764/1581], batch loss: 2.43718, batch accuracy: 0.00, data load time: 0.00043, step time: 0.02624,
epoch: [35], step: [1064/1581], batch loss: 2.66043, batch accuracy: 0.00, data load time: 0.00724, step time: 0.01897,
epoch: [35], step: [1364/1581], batch loss: 4.29846, batch accuracy: 0.00, data load time: 0.01260, step time: 0.01239,
epoch: [36], step: [83/1581], batch loss: 1.13880, batch accuracy: 71.88, data load time: 0.00867, step time: 0.03347,
epoch: [36], step: [383/1581], batch loss: 2.32784, batch accuracy: 9.38, data load time: 0.00030, step time: 0.01194,
epoch: [36], step: [683/1581], batch loss: 2.11034, batch accuracy: 0.00, data load time: 0.00243, step time: 0.02169,
epoch: [36], step: [983/1581], batch loss: 2.11416, batch accuracy: 15.62, data load time: 0.00048, step time: 0.02498,
epoch: [36], step: [1283/1581], batch loss: 2.21795, batch accuracy: 3.12, data load time: 0.00020, step time: 0.01694,
epoch: [37], step: [2/1581], batch loss: 0.72559, batch accuracy: 71.88, data load time: 0.00025, step time: 0.01036,
epoch: [37], step: [302/1581], batch loss: 0.94371, batch accuracy: 87.50, data load time: 0.01212, step time: 0.02253,
epoch: [37], step: [602/1581], batch loss: 2.29530, batch accuracy: 0.00, data load time: 0.00031, step time: 0.04236,
epoch: [37], step: [902/1581], batch loss: 1.43846, batch accuracy: 78.12, data load time: 0.00040, step time: 0.01272,
epoch: [37], step: [1202/1581], batch loss: 1.75873, batch accuracy: 50.00, data load time: 0.00038, step time: 0.02559,
epoch: [37], step: [1502/1581], batch loss: 1.14902, batch accuracy: 68.75, data load time: 0.01024, step time: 0.01416,
epoch: [38], step: [221/1581], batch loss: 2.90317, batch accuracy: 12.50, data load time: 0.00635, step time: 0.01576,
epoch: [38], step: [521/1581], batch loss: 2.43050, batch accuracy: 0.00, data load time: 0.00025, step time: 0.02061,
epoch: [38], step: [821/1581], batch loss: 1.72452, batch accuracy: 25.00, data load time: 0.01272, step time: 0.02121,
epoch: [38], step: [1121/1581], batch loss: 0.86090, batch accuracy: 87.50, data load time: 0.00671, step time: 0.01374,
epoch: [38], step: [1421/1581], batch loss: 1.97034, batch accuracy: 18.75, data load time: 0.00031, step time: 0.01381,
epoch: [39], step: [140/1581], batch loss: 1.42313, batch accuracy: 34.38, data load time: 0.00720, step time: 0.02619,
epoch: [39], step: [440/1581], batch loss: 0.81798, batch accuracy: 90.62, data load time: 0.00406, step time: 0.01773,
epoch: [39], step: [740/1581], batch loss: 1.32743, batch accuracy: 87.50, data load time: 0.00039, step time: 0.02227,
epoch: [39], step: [1040/1581], batch loss: 1.85219, batch accuracy: 15.62, data load time: 0.00047, step time: 0.01170,
epoch: [39], step: [1340/1581], batch loss: 1.08587, batch accuracy: 62.50, data load time: 0.00536, step time: 0.01904,
validation loss: 1.48773, accuracy: 46.04, class_accuracy: [0.0, 13.414634146341463, 24.78386167146974, 75.39823008849558, 40.40247678018576, 65.78947368421052, 16.666666666666668, 59.193548387096776, 28.67383512544803, 90.57142857142857]
epoch: [40], step: [59/1581], batch loss: 2.11905, batch accuracy: 9.38, data load time: 0.15550, step time: 0.01176,
epoch: [40], step: [359/1581], batch loss: 1.92467, batch accuracy: 0.00, data load time: 0.00677, step time: 0.01620,
epoch: [40], step: [659/1581], batch loss: 1.98963, batch accuracy: 6.25, data load time: 0.00630, step time: 0.01896,
epoch: [40], step: [959/1581], batch loss: 1.76906, batch accuracy: 9.38, data load time: 0.00320, step time: 0.01949,
epoch: [40], step: [1259/1581], batch loss: 1.04679, batch accuracy: 84.38, data load time: 0.07867, step time: 0.01355,
epoch: [40], step: [1559/1581], batch loss: 1.57436, batch accuracy: 37.50, data load time: 0.00017, step time: 0.02071,
epoch: [41], step: [278/1581], batch loss: 3.27088, batch accuracy: 18.75, data load time: 0.00031, step time: 0.01253,
epoch: [41], step: [578/1581], batch loss: 1.76935, batch accuracy: 25.00, data load time: 0.01311, step time: 0.01326,
epoch: [41], step: [878/1581], batch loss: 1.14899, batch accuracy: 75.00, data load time: 0.00028, step time: 0.02245,
epoch: [41], step: [1178/1581], batch loss: 2.16237, batch accuracy: 6.25, data load time: 0.00082, step time: 0.02468,
epoch: [41], step: [1478/1581], batch loss: 1.72479, batch accuracy: 12.50, data load time: 0.00941, step time: 0.02958,
epoch: [42], step: [197/1581], batch loss: 1.52980, batch accuracy: 37.50, data load time: 0.00136, step time: 0.02691,
epoch: [42], step: [497/1581], batch loss: 0.81845, batch accuracy: 93.75, data load time: 0.00044, step time: 0.02111,
epoch: [42], step: [797/1581], batch loss: 1.86281, batch accuracy: 43.75, data load time: 0.00061, step time: 0.01427,
epoch: [42], step: [1097/1581], batch loss: 1.03597, batch accuracy: 65.62, data load time: 0.00033, step time: 0.01245,
epoch: [42], step: [1397/1581], batch loss: 1.63237, batch accuracy: 37.50, data load time: 0.00689, step time: 0.01699,
epoch: [43], step: [116/1581], batch loss: 0.84698, batch accuracy: 78.12, data load time: 0.00669, step time: 0.01336,
epoch: [43], step: [416/1581], batch loss: 1.32511, batch accuracy: 62.50, data load time: 0.01272, step time: 0.02007,
epoch: [43], step: [716/1581], batch loss: 1.44865, batch accuracy: 50.00, data load time: 0.00045, step time: 0.01170,
epoch: [43], step: [1016/1581], batch loss: 1.35470, batch accuracy: 65.62, data load time: 0.00036, step time: 0.02178,
epoch: [43], step: [1316/1581], batch loss: 1.93230, batch accuracy: 43.75, data load time: 0.01771, step time: 0.01203,
epoch: [44], step: [35/1581], batch loss: 1.67620, batch accuracy: 28.12, data load time: 0.01425, step time: 0.02591,
epoch: [44], step: [335/1581], batch loss: 1.93867, batch accuracy: 6.25, data load time: 0.00172, step time: 0.01258,
epoch: [44], step: [635/1581], batch loss: 1.67336, batch accuracy: 34.38, data load time: 0.00733, step time: 0.02762,
epoch: [44], step: [935/1581], batch loss: 1.88180, batch accuracy: 0.00, data load time: 0.00310, step time: 0.01233,
epoch: [44], step: [1235/1581], batch loss: 2.11466, batch accuracy: 0.00, data load time: 0.00035, step time: 0.01241,
epoch: [44], step: [1535/1581], batch loss: 2.28831, batch accuracy: 0.00, data load time: 0.00019, step time: 0.01313,
validation loss: 1.40355, accuracy: 50.18, class_accuracy: [0.0, 11.585365853658537, 28.386167146974064, 67.43362831858407, 47.36842105263158, 75.23219814241486, 21.568627450980394, 68.70967741935483, 47.31182795698925, 86.57142857142857]
epoch: [45], step: [254/1581], batch loss: 2.79568, batch accuracy: 0.00, data load time: 0.01135, step time: 0.01224,
epoch: [45], step: [554/1581], batch loss: 2.67321, batch accuracy: 0.00, data load time: 0.00939, step time: 0.01888,
epoch: [45], step: [854/1581], batch loss: 1.39659, batch accuracy: 25.00, data load time: 0.00028, step time: 0.01259,
epoch: [45], step: [1154/1581], batch loss: 1.62147, batch accuracy: 43.75, data load time: 0.00674, step time: 0.01802,
epoch: [45], step: [1454/1581], batch loss: 1.54043, batch accuracy: 50.00, data load time: 0.01148, step time: 0.01385,
epoch: [46], step: [173/1581], batch loss: 0.71334, batch accuracy: 78.12, data load time: 0.00272, step time: 0.02068,
epoch: [46], step: [473/1581], batch loss: 1.61156, batch accuracy: 37.50, data load time: 0.00207, step time: 0.01509,
epoch: [46], step: [773/1581], batch loss: 0.63155, batch accuracy: 87.50, data load time: 0.00043, step time: 0.01191,
epoch: [46], step: [1073/1581], batch loss: 2.32704, batch accuracy: 3.12, data load time: 0.00671, step time: 0.02081,
epoch: [46], step: [1373/1581], batch loss: 2.68044, batch accuracy: 6.25, data load time: 0.00261, step time: 0.01367,
epoch: [47], step: [92/1581], batch loss: 1.93891, batch accuracy: 3.12, data load time: 0.00671, step time: 0.01702,
epoch: [47], step: [392/1581], batch loss: 1.70264, batch accuracy: 43.75, data load time: 0.00039, step time: 0.03432,
epoch: [47], step: [692/1581], batch loss: 4.55351, batch accuracy: 0.00, data load time: 0.00634, step time: 0.02548,
epoch: [47], step: [992/1581], batch loss: 0.57917, batch accuracy: 90.62, data load time: 0.00035, step time: 0.03144,
epoch: [47], step: [1292/1581], batch loss: 1.86937, batch accuracy: 0.00, data load time: 0.00031, step time: 0.02161,
epoch: [48], step: [11/1581], batch loss: 1.61955, batch accuracy: 18.75, data load time: 0.00934, step time: 0.01429,
epoch: [48], step: [311/1581], batch loss: 1.37845, batch accuracy: 43.75, data load time: 0.00505, step time: 0.01227,
epoch: [48], step: [611/1581], batch loss: 1.41711, batch accuracy: 50.00, data load time: 0.00048, step time: 0.02686,
epoch: [48], step: [911/1581], batch loss: 1.15657, batch accuracy: 68.75, data load time: 0.00507, step time: 0.01665,
epoch: [48], step: [1211/1581], batch loss: 2.11172, batch accuracy: 0.00, data load time: 0.00090, step time: 0.02658,
epoch: [48], step: [1511/1581], batch loss: 0.71234, batch accuracy: 81.25, data load time: 0.00681, step time: 0.01359,
epoch: [49], step: [230/1581], batch loss: 1.93731, batch accuracy: 21.88, data load time: 0.01117, step time: 0.01761,
epoch: [49], step: [530/1581], batch loss: 2.10089, batch accuracy: 12.50, data load time: 0.00031, step time: 0.02142,
epoch: [49], step: [830/1581], batch loss: 1.45301, batch accuracy: 53.12, data load time: 0.01597, step time: 0.01791,
epoch: [49], step: [1130/1581], batch loss: 1.92335, batch accuracy: 0.00, data load time: 0.00029, step time: 0.01820,
epoch: [49], step: [1430/1581], batch loss: 1.64749, batch accuracy: 34.38, data load time: 0.14995, step time: 0.01214,
validation loss: 1.40741, accuracy: 52.36, class_accuracy: [0.0, 10.365853658536585, 38.472622478386164, 58.76106194690266, 42.72445820433437, 81.73374613003097, 15.686274509803921, 83.38709677419355, 52.867383512544805, 82.42857142857143]
Total time taken: 2803.7332718372345
