Using CUDA...
Writing logs to logs/CNN_bn_epochs=50_dropout=0.5_bs=32_lr=0.001_momentum=0.9_mode=LMC_run_18
epoch: [0], step: [299/1581], batch loss: 1.02435, batch accuracy: 68.75, data load time: 0.00030, step time: 0.00959,
epoch: [0], step: [599/1581], batch loss: 1.18695, batch accuracy: 59.38, data load time: 0.00381, step time: 0.00997,
epoch: [0], step: [899/1581], batch loss: 0.65245, batch accuracy: 84.38, data load time: 0.00023, step time: 0.01252,
epoch: [0], step: [1199/1581], batch loss: 0.36051, batch accuracy: 93.75, data load time: 0.00024, step time: 0.01579,
epoch: [0], step: [1499/1581], batch loss: 0.30991, batch accuracy: 87.50, data load time: 0.00030, step time: 0.00962,
epoch: [1], step: [218/1581], batch loss: 0.79849, batch accuracy: 62.50, data load time: 0.00023, step time: 0.00959,
epoch: [1], step: [518/1581], batch loss: 0.40008, batch accuracy: 87.50, data load time: 0.00023, step time: 0.01015,
epoch: [1], step: [818/1581], batch loss: 0.49698, batch accuracy: 78.12, data load time: 0.00029, step time: 0.01214,
epoch: [1], step: [1118/1581], batch loss: 0.56749, batch accuracy: 81.25, data load time: 0.00576, step time: 0.01087,
epoch: [1], step: [1418/1581], batch loss: 0.20312, batch accuracy: 96.88, data load time: 0.00023, step time: 0.00945,
epoch: [2], step: [137/1581], batch loss: 0.20408, batch accuracy: 96.88, data load time: 0.00033, step time: 0.01086,
epoch: [2], step: [437/1581], batch loss: 0.41960, batch accuracy: 84.38, data load time: 0.00029, step time: 0.01568,
epoch: [2], step: [737/1581], batch loss: 0.33697, batch accuracy: 87.50, data load time: 0.00023, step time: 0.00993,
epoch: [2], step: [1037/1581], batch loss: 0.31421, batch accuracy: 87.50, data load time: 0.00020, step time: 0.01025,
epoch: [2], step: [1337/1581], batch loss: 0.19729, batch accuracy: 93.75, data load time: 0.00022, step time: 0.00993,
epoch: [3], step: [56/1581], batch loss: 0.24327, batch accuracy: 90.62, data load time: 0.00020, step time: 0.01009,
epoch: [3], step: [356/1581], batch loss: 0.44438, batch accuracy: 84.38, data load time: 0.00024, step time: 0.01029,
epoch: [3], step: [656/1581], batch loss: 0.26138, batch accuracy: 93.75, data load time: 0.00210, step time: 0.01086,
epoch: [3], step: [956/1581], batch loss: 0.18308, batch accuracy: 93.75, data load time: 0.00022, step time: 0.00968,
epoch: [3], step: [1256/1581], batch loss: 0.24660, batch accuracy: 93.75, data load time: 0.00022, step time: 0.01197,
epoch: [3], step: [1556/1581], batch loss: 0.17572, batch accuracy: 93.75, data load time: 0.00011, step time: 0.00869,
epoch: [4], step: [275/1581], batch loss: 0.21771, batch accuracy: 93.75, data load time: 0.00024, step time: 0.01073,
epoch: [4], step: [575/1581], batch loss: 0.37209, batch accuracy: 87.50, data load time: 0.00021, step time: 0.01102,
epoch: [4], step: [875/1581], batch loss: 0.26958, batch accuracy: 93.75, data load time: 0.00022, step time: 0.01134,
epoch: [4], step: [1175/1581], batch loss: 0.13899, batch accuracy: 96.88, data load time: 0.00025, step time: 0.00987,
epoch: [4], step: [1475/1581], batch loss: 0.24577, batch accuracy: 90.62, data load time: 0.00022, step time: 0.01097,
validation loss: 1.18771, accuracy: 66.32, class_accuracy: [42.57142857142857, 90.2439024390244, 67.72334293948127, 76.63716814159292, 81.57894736842105, 48.76160990712074, 77.45098039215686, 88.2258064516129, 41.39784946236559, 75.71428571428571]
epoch: [5], step: [194/1581], batch loss: 0.18557, batch accuracy: 93.75, data load time: 0.00587, step time: 0.01016,
epoch: [5], step: [494/1581], batch loss: 0.33028, batch accuracy: 87.50, data load time: 0.00023, step time: 0.01760,
epoch: [5], step: [794/1581], batch loss: 0.17777, batch accuracy: 93.75, data load time: 0.01321, step time: 0.00922,
epoch: [5], step: [1094/1581], batch loss: 0.34494, batch accuracy: 78.12, data load time: 0.00030, step time: 0.01292,
epoch: [5], step: [1394/1581], batch loss: 0.26305, batch accuracy: 90.62, data load time: 0.00028, step time: 0.01162,
epoch: [6], step: [113/1581], batch loss: 0.07621, batch accuracy: 96.88, data load time: 0.00023, step time: 0.01114,
epoch: [6], step: [413/1581], batch loss: 0.12589, batch accuracy: 96.88, data load time: 0.00030, step time: 0.01028,
epoch: [6], step: [713/1581], batch loss: 0.21968, batch accuracy: 96.88, data load time: 0.00022, step time: 0.00979,
epoch: [6], step: [1013/1581], batch loss: 0.37852, batch accuracy: 87.50, data load time: 0.00021, step time: 0.00986,
epoch: [6], step: [1313/1581], batch loss: 0.11431, batch accuracy: 96.88, data load time: 0.00022, step time: 0.01008,
epoch: [7], step: [32/1581], batch loss: 0.14584, batch accuracy: 96.88, data load time: 0.00028, step time: 0.00989,
epoch: [7], step: [332/1581], batch loss: 0.11406, batch accuracy: 96.88, data load time: 0.00026, step time: 0.01003,
epoch: [7], step: [632/1581], batch loss: 0.07083, batch accuracy: 100.00, data load time: 0.00374, step time: 0.01269,
epoch: [7], step: [932/1581], batch loss: 0.19705, batch accuracy: 90.62, data load time: 0.01191, step time: 0.00944,
epoch: [7], step: [1232/1581], batch loss: 0.08605, batch accuracy: 93.75, data load time: 0.00020, step time: 0.01498,
epoch: [7], step: [1532/1581], batch loss: 0.24621, batch accuracy: 90.62, data load time: 0.00016, step time: 0.00939,
epoch: [8], step: [251/1581], batch loss: 0.36365, batch accuracy: 90.62, data load time: 0.00024, step time: 0.01038,
epoch: [8], step: [551/1581], batch loss: 0.25115, batch accuracy: 90.62, data load time: 0.00024, step time: 0.01287,
epoch: [8], step: [851/1581], batch loss: 0.13333, batch accuracy: 96.88, data load time: 0.00022, step time: 0.01056,
epoch: [8], step: [1151/1581], batch loss: 0.07360, batch accuracy: 96.88, data load time: 0.00025, step time: 0.01202,
epoch: [8], step: [1451/1581], batch loss: 0.31130, batch accuracy: 90.62, data load time: 0.00023, step time: 0.00967,
epoch: [9], step: [170/1581], batch loss: 0.07367, batch accuracy: 100.00, data load time: 0.00021, step time: 0.00984,
epoch: [9], step: [470/1581], batch loss: 0.28602, batch accuracy: 87.50, data load time: 0.00025, step time: 0.01079,
epoch: [9], step: [770/1581], batch loss: 0.22251, batch accuracy: 90.62, data load time: 0.00026, step time: 0.02435,
epoch: [9], step: [1070/1581], batch loss: 0.21466, batch accuracy: 96.88, data load time: 0.00578, step time: 0.01139,
epoch: [9], step: [1370/1581], batch loss: 0.31636, batch accuracy: 87.50, data load time: 0.00333, step time: 0.01044,
validation loss: 1.08063, accuracy: 68.12, class_accuracy: [39.857142857142854, 91.46341463414635, 67.86743515850144, 69.5575221238938, 80.3405572755418, 52.63157894736842, 96.07843137254902, 97.58064516129032, 55.376344086021504, 73.0]
epoch: [10], step: [89/1581], batch loss: 0.18234, batch accuracy: 96.88, data load time: 0.00022, step time: 0.01492,
epoch: [10], step: [389/1581], batch loss: 0.29067, batch accuracy: 96.88, data load time: 0.00339, step time: 0.00977,
epoch: [10], step: [689/1581], batch loss: 0.20079, batch accuracy: 90.62, data load time: 0.00340, step time: 0.01138,
epoch: [10], step: [989/1581], batch loss: 0.33421, batch accuracy: 87.50, data load time: 0.00326, step time: 0.00964,
epoch: [10], step: [1289/1581], batch loss: 0.10039, batch accuracy: 100.00, data load time: 0.00021, step time: 0.01093,
epoch: [11], step: [8/1581], batch loss: 0.13005, batch accuracy: 96.88, data load time: 0.00023, step time: 0.02028,
epoch: [11], step: [308/1581], batch loss: 0.15931, batch accuracy: 96.88, data load time: 0.00023, step time: 0.01139,
epoch: [11], step: [608/1581], batch loss: 0.29448, batch accuracy: 93.75, data load time: 0.00024, step time: 0.00998,
epoch: [11], step: [908/1581], batch loss: 0.22094, batch accuracy: 96.88, data load time: 0.00021, step time: 0.01092,
epoch: [11], step: [1208/1581], batch loss: 0.24270, batch accuracy: 90.62, data load time: 0.00022, step time: 0.00964,
epoch: [11], step: [1508/1581], batch loss: 0.52360, batch accuracy: 87.50, data load time: 0.00021, step time: 0.01279,
epoch: [12], step: [227/1581], batch loss: 0.23818, batch accuracy: 93.75, data load time: 0.00533, step time: 0.01164,
epoch: [12], step: [527/1581], batch loss: 0.27622, batch accuracy: 90.62, data load time: 0.00387, step time: 0.01319,
epoch: [12], step: [827/1581], batch loss: 0.43565, batch accuracy: 84.38, data load time: 0.00039, step time: 0.01272,
epoch: [12], step: [1127/1581], batch loss: 0.05539, batch accuracy: 100.00, data load time: 0.00579, step time: 0.01495,
epoch: [12], step: [1427/1581], batch loss: 0.05718, batch accuracy: 96.88, data load time: 0.00023, step time: 0.01142,
epoch: [13], step: [146/1581], batch loss: 0.08248, batch accuracy: 96.88, data load time: 0.00022, step time: 0.01031,
epoch: [13], step: [446/1581], batch loss: 0.10669, batch accuracy: 96.88, data load time: 0.00021, step time: 0.01671,
epoch: [13], step: [746/1581], batch loss: 0.18227, batch accuracy: 90.62, data load time: 0.00387, step time: 0.01242,
epoch: [13], step: [1046/1581], batch loss: 0.20209, batch accuracy: 90.62, data load time: 0.00032, step time: 0.01349,
epoch: [13], step: [1346/1581], batch loss: 0.20191, batch accuracy: 93.75, data load time: 0.00042, step time: 0.01354,
epoch: [14], step: [65/1581], batch loss: 0.11463, batch accuracy: 96.88, data load time: 0.00389, step time: 0.01019,
epoch: [14], step: [365/1581], batch loss: 0.14552, batch accuracy: 93.75, data load time: 0.00023, step time: 0.00984,
epoch: [14], step: [665/1581], batch loss: 0.09597, batch accuracy: 96.88, data load time: 0.00023, step time: 0.01167,
epoch: [14], step: [965/1581], batch loss: 0.25096, batch accuracy: 90.62, data load time: 0.00345, step time: 0.01006,
epoch: [14], step: [1265/1581], batch loss: 0.13266, batch accuracy: 93.75, data load time: 0.00023, step time: 0.01287,
epoch: [14], step: [1565/1581], batch loss: 0.16668, batch accuracy: 90.62, data load time: 0.00011, step time: 0.00871,
validation loss: 1.09099, accuracy: 68.79, class_accuracy: [44.0, 82.92682926829268, 70.31700288184437, 64.070796460177, 89.16408668730651, 51.54798761609907, 98.03921568627452, 96.61290322580645, 48.028673835125446, 77.28571428571429]
epoch: [15], step: [284/1581], batch loss: 0.16318, batch accuracy: 96.88, data load time: 0.00022, step time: 0.01092,
epoch: [15], step: [584/1581], batch loss: 0.19320, batch accuracy: 90.62, data load time: 0.00038, step time: 0.00979,
epoch: [15], step: [884/1581], batch loss: 0.31101, batch accuracy: 93.75, data load time: 0.00330, step time: 0.00958,
epoch: [15], step: [1184/1581], batch loss: 0.48382, batch accuracy: 78.12, data load time: 0.00030, step time: 0.01269,
epoch: [15], step: [1484/1581], batch loss: 0.14122, batch accuracy: 96.88, data load time: 0.00059, step time: 0.01225,
epoch: [16], step: [203/1581], batch loss: 0.05325, batch accuracy: 100.00, data load time: 0.00036, step time: 0.01408,
epoch: [16], step: [503/1581], batch loss: 0.22068, batch accuracy: 93.75, data load time: 0.00351, step time: 0.01144,
epoch: [16], step: [803/1581], batch loss: 0.37966, batch accuracy: 87.50, data load time: 0.00021, step time: 0.01494,
epoch: [16], step: [1103/1581], batch loss: 0.17484, batch accuracy: 93.75, data load time: 0.00033, step time: 0.00945,
epoch: [16], step: [1403/1581], batch loss: 0.11521, batch accuracy: 96.88, data load time: 0.00061, step time: 0.01174,
epoch: [17], step: [122/1581], batch loss: 0.07379, batch accuracy: 96.88, data load time: 0.00566, step time: 0.01121,
epoch: [17], step: [422/1581], batch loss: 0.13237, batch accuracy: 96.88, data load time: 0.00031, step time: 0.01116,
epoch: [17], step: [722/1581], batch loss: 0.15867, batch accuracy: 90.62, data load time: 0.00024, step time: 0.02268,
epoch: [17], step: [1022/1581], batch loss: 0.31416, batch accuracy: 90.62, data load time: 0.00034, step time: 0.01082,
epoch: [17], step: [1322/1581], batch loss: 0.08410, batch accuracy: 100.00, data load time: 0.00026, step time: 0.01100,
epoch: [18], step: [41/1581], batch loss: 0.17813, batch accuracy: 93.75, data load time: 0.00021, step time: 0.01048,
epoch: [18], step: [341/1581], batch loss: 0.25407, batch accuracy: 93.75, data load time: 0.00360, step time: 0.00999,
epoch: [18], step: [641/1581], batch loss: 0.19141, batch accuracy: 93.75, data load time: 0.00022, step time: 0.01099,
epoch: [18], step: [941/1581], batch loss: 0.13470, batch accuracy: 93.75, data load time: 0.00862, step time: 0.01036,
epoch: [18], step: [1241/1581], batch loss: 0.10928, batch accuracy: 100.00, data load time: 0.00025, step time: 0.01062,
epoch: [18], step: [1541/1581], batch loss: 0.31680, batch accuracy: 90.62, data load time: 0.00017, step time: 0.00941,
epoch: [19], step: [260/1581], batch loss: 0.24788, batch accuracy: 90.62, data load time: 0.00022, step time: 0.01101,
epoch: [19], step: [560/1581], batch loss: 0.05696, batch accuracy: 100.00, data load time: 0.00025, step time: 0.01308,
epoch: [19], step: [860/1581], batch loss: 0.23158, batch accuracy: 90.62, data load time: 0.00030, step time: 0.01153,
epoch: [19], step: [1160/1581], batch loss: 0.16592, batch accuracy: 93.75, data load time: 0.00516, step time: 0.00987,
epoch: [19], step: [1460/1581], batch loss: 0.22149, batch accuracy: 90.62, data load time: 0.00023, step time: 0.01081,
validation loss: 0.91158, accuracy: 75.94, class_accuracy: [69.57142857142857, 85.36585365853658, 70.7492795389049, 72.7433628318584, 85.91331269349845, 68.57585139318886, 90.19607843137256, 95.48387096774194, 57.70609318996416, 80.57142857142857]
epoch: [20], step: [179/1581], batch loss: 0.12015, batch accuracy: 96.88, data load time: 0.00589, step time: 0.01011,
epoch: [20], step: [479/1581], batch loss: 0.10190, batch accuracy: 96.88, data load time: 0.00430, step time: 0.00993,
epoch: [20], step: [779/1581], batch loss: 0.08505, batch accuracy: 96.88, data load time: 0.00021, step time: 0.01458,
epoch: [20], step: [1079/1581], batch loss: 0.22064, batch accuracy: 96.88, data load time: 0.00025, step time: 0.00931,
epoch: [20], step: [1379/1581], batch loss: 0.33021, batch accuracy: 84.38, data load time: 0.00583, step time: 0.00956,
epoch: [21], step: [98/1581], batch loss: 0.18190, batch accuracy: 93.75, data load time: 0.00319, step time: 0.01228,
epoch: [21], step: [398/1581], batch loss: 0.27965, batch accuracy: 87.50, data load time: 0.00023, step time: 0.01085,
epoch: [21], step: [698/1581], batch loss: 0.17707, batch accuracy: 93.75, data load time: 0.00023, step time: 0.01263,
epoch: [21], step: [998/1581], batch loss: 0.25339, batch accuracy: 90.62, data load time: 0.01024, step time: 0.01551,
epoch: [21], step: [1298/1581], batch loss: 0.10664, batch accuracy: 96.88, data load time: 0.00024, step time: 0.01033,
epoch: [22], step: [17/1581], batch loss: 0.16734, batch accuracy: 96.88, data load time: 0.00024, step time: 0.01187,
epoch: [22], step: [317/1581], batch loss: 0.19992, batch accuracy: 90.62, data load time: 0.00024, step time: 0.01138,
epoch: [22], step: [617/1581], batch loss: 0.32694, batch accuracy: 87.50, data load time: 0.00585, step time: 0.01014,
epoch: [22], step: [917/1581], batch loss: 0.15637, batch accuracy: 90.62, data load time: 0.00024, step time: 0.00954,
epoch: [22], step: [1217/1581], batch loss: 0.23913, batch accuracy: 90.62, data load time: 0.00026, step time: 0.01168,
epoch: [22], step: [1517/1581], batch loss: 0.22587, batch accuracy: 93.75, data load time: 0.00022, step time: 0.00949,
epoch: [23], step: [236/1581], batch loss: 0.10012, batch accuracy: 96.88, data load time: 0.00020, step time: 0.00990,
epoch: [23], step: [536/1581], batch loss: 0.06196, batch accuracy: 100.00, data load time: 0.00027, step time: 0.01024,
epoch: [23], step: [836/1581], batch loss: 0.08797, batch accuracy: 96.88, data load time: 0.00024, step time: 0.01007,
epoch: [23], step: [1136/1581], batch loss: 0.16261, batch accuracy: 93.75, data load time: 0.00023, step time: 0.01552,
epoch: [23], step: [1436/1581], batch loss: 0.13698, batch accuracy: 96.88, data load time: 0.00054, step time: 0.00974,
epoch: [24], step: [155/1581], batch loss: 0.11308, batch accuracy: 96.88, data load time: 0.00022, step time: 0.01888,
epoch: [24], step: [455/1581], batch loss: 0.13365, batch accuracy: 96.88, data load time: 0.00021, step time: 0.01554,
epoch: [24], step: [755/1581], batch loss: 0.22148, batch accuracy: 90.62, data load time: 0.00021, step time: 0.00966,
epoch: [24], step: [1055/1581], batch loss: 0.09904, batch accuracy: 96.88, data load time: 0.00025, step time: 0.01020,
epoch: [24], step: [1355/1581], batch loss: 0.15862, batch accuracy: 93.75, data load time: 0.00021, step time: 0.00985,
validation loss: 1.10168, accuracy: 68.66, class_accuracy: [63.714285714285715, 89.02439024390245, 65.27377521613833, 66.3716814159292, 81.73374613003097, 51.39318885448916, 92.15686274509804, 96.29032258064517, 48.028673835125446, 66.42857142857143]
epoch: [25], step: [74/1581], batch loss: 0.26125, batch accuracy: 90.62, data load time: 0.00024, step time: 0.00998,
epoch: [25], step: [374/1581], batch loss: 0.10368, batch accuracy: 96.88, data load time: 0.00548, step time: 0.01094,
epoch: [25], step: [674/1581], batch loss: 0.15999, batch accuracy: 93.75, data load time: 0.00020, step time: 0.01831,
epoch: [25], step: [974/1581], batch loss: 0.35530, batch accuracy: 87.50, data load time: 0.00330, step time: 0.00985,
epoch: [25], step: [1274/1581], batch loss: 0.05522, batch accuracy: 100.00, data load time: 0.00024, step time: 0.01028,
epoch: [25], step: [1574/1581], batch loss: 0.23981, batch accuracy: 90.62, data load time: 0.00010, step time: 0.00872,
epoch: [26], step: [293/1581], batch loss: 0.17606, batch accuracy: 96.88, data load time: 0.00022, step time: 0.01116,
epoch: [26], step: [593/1581], batch loss: 0.23309, batch accuracy: 90.62, data load time: 0.00350, step time: 0.01242,
epoch: [26], step: [893/1581], batch loss: 0.04857, batch accuracy: 100.00, data load time: 0.00606, step time: 0.00960,
epoch: [26], step: [1193/1581], batch loss: 0.11324, batch accuracy: 96.88, data load time: 0.00024, step time: 0.01529,
epoch: [26], step: [1493/1581], batch loss: 0.16030, batch accuracy: 93.75, data load time: 0.00031, step time: 0.01235,
epoch: [27], step: [212/1581], batch loss: 0.14580, batch accuracy: 93.75, data load time: 0.00362, step time: 0.01154,
epoch: [27], step: [512/1581], batch loss: 0.10801, batch accuracy: 96.88, data load time: 0.00039, step time: 0.01275,
epoch: [27], step: [812/1581], batch loss: 0.27451, batch accuracy: 87.50, data load time: 0.00029, step time: 0.01203,
epoch: [27], step: [1112/1581], batch loss: 0.16958, batch accuracy: 90.62, data load time: 0.00023, step time: 0.01522,
epoch: [27], step: [1412/1581], batch loss: 0.05520, batch accuracy: 100.00, data load time: 0.00560, step time: 0.01060,
epoch: [28], step: [131/1581], batch loss: 0.08000, batch accuracy: 96.88, data load time: 0.00022, step time: 0.01388,
epoch: [28], step: [431/1581], batch loss: 0.06625, batch accuracy: 100.00, data load time: 0.00028, step time: 0.01547,
epoch: [28], step: [731/1581], batch loss: 0.25742, batch accuracy: 90.62, data load time: 0.00024, step time: 0.01000,
epoch: [28], step: [1031/1581], batch loss: 0.08986, batch accuracy: 93.75, data load time: 0.00023, step time: 0.00955,
epoch: [28], step: [1331/1581], batch loss: 0.10815, batch accuracy: 100.00, data load time: 0.00023, step time: 0.01013,
epoch: [29], step: [50/1581], batch loss: 0.20252, batch accuracy: 87.50, data load time: 0.00022, step time: 0.01178,
epoch: [29], step: [350/1581], batch loss: 0.09294, batch accuracy: 100.00, data load time: 0.00024, step time: 0.01056,
epoch: [29], step: [650/1581], batch loss: 0.24177, batch accuracy: 93.75, data load time: 0.00022, step time: 0.01027,
epoch: [29], step: [950/1581], batch loss: 0.06939, batch accuracy: 100.00, data load time: 0.00031, step time: 0.01255,
epoch: [29], step: [1250/1581], batch loss: 0.42071, batch accuracy: 90.62, data load time: 0.00028, step time: 0.01193,
epoch: [29], step: [1550/1581], batch loss: 0.37361, batch accuracy: 90.62, data load time: 0.00012, step time: 0.00873,
validation loss: 1.15223, accuracy: 68.73, class_accuracy: [49.0, 90.85365853658537, 61.23919308357349, 73.80530973451327, 76.93498452012383, 59.28792569659443, 96.07843137254902, 96.61290322580645, 49.2831541218638, 74.57142857142857]
epoch: [30], step: [269/1581], batch loss: 0.07717, batch accuracy: 100.00, data load time: 0.00326, step time: 0.01142,
epoch: [30], step: [569/1581], batch loss: 0.25016, batch accuracy: 90.62, data load time: 0.00023, step time: 0.01016,
epoch: [30], step: [869/1581], batch loss: 0.17011, batch accuracy: 90.62, data load time: 0.00024, step time: 0.01000,
epoch: [30], step: [1169/1581], batch loss: 0.12013, batch accuracy: 96.88, data load time: 0.00022, step time: 0.01053,
epoch: [30], step: [1469/1581], batch loss: 0.03620, batch accuracy: 100.00, data load time: 0.00025, step time: 0.01033,
epoch: [31], step: [188/1581], batch loss: 0.03375, batch accuracy: 100.00, data load time: 0.00377, step time: 0.01066,
epoch: [31], step: [488/1581], batch loss: 0.05021, batch accuracy: 100.00, data load time: 0.00023, step time: 0.00957,
epoch: [31], step: [788/1581], batch loss: 0.25297, batch accuracy: 87.50, data load time: 0.00024, step time: 0.01009,
epoch: [31], step: [1088/1581], batch loss: 0.16706, batch accuracy: 93.75, data load time: 0.00331, step time: 0.01205,
epoch: [31], step: [1388/1581], batch loss: 0.27755, batch accuracy: 90.62, data load time: 0.00033, step time: 0.00984,
epoch: [32], step: [107/1581], batch loss: 0.16287, batch accuracy: 96.88, data load time: 0.00021, step time: 0.01121,
epoch: [32], step: [407/1581], batch loss: 0.08822, batch accuracy: 100.00, data load time: 0.00022, step time: 0.00964,
epoch: [32], step: [707/1581], batch loss: 0.21537, batch accuracy: 96.88, data load time: 0.00031, step time: 0.00974,
epoch: [32], step: [1007/1581], batch loss: 0.14644, batch accuracy: 93.75, data load time: 0.00042, step time: 0.01029,
epoch: [32], step: [1307/1581], batch loss: 0.17612, batch accuracy: 90.62, data load time: 0.00022, step time: 0.01066,
epoch: [33], step: [26/1581], batch loss: 0.16873, batch accuracy: 93.75, data load time: 0.00017, step time: 0.00947,
epoch: [33], step: [326/1581], batch loss: 0.21940, batch accuracy: 93.75, data load time: 0.00021, step time: 0.01477,
epoch: [33], step: [626/1581], batch loss: 0.06668, batch accuracy: 100.00, data load time: 0.00023, step time: 0.01008,
epoch: [33], step: [926/1581], batch loss: 0.12044, batch accuracy: 93.75, data load time: 0.00026, step time: 0.01010,
epoch: [33], step: [1226/1581], batch loss: 0.24402, batch accuracy: 90.62, data load time: 0.00022, step time: 0.01218,
epoch: [33], step: [1526/1581], batch loss: 0.25333, batch accuracy: 93.75, data load time: 0.00016, step time: 0.00928,
epoch: [34], step: [245/1581], batch loss: 0.17013, batch accuracy: 93.75, data load time: 0.00021, step time: 0.00985,
epoch: [34], step: [545/1581], batch loss: 0.12892, batch accuracy: 96.88, data load time: 0.00022, step time: 0.01049,
epoch: [34], step: [845/1581], batch loss: 0.17364, batch accuracy: 90.62, data load time: 0.00025, step time: 0.01098,
epoch: [34], step: [1145/1581], batch loss: 0.20034, batch accuracy: 93.75, data load time: 0.00024, step time: 0.00944,
epoch: [34], step: [1445/1581], batch loss: 0.10319, batch accuracy: 96.88, data load time: 0.00022, step time: 0.01476,
validation loss: 1.33568, accuracy: 66.12, class_accuracy: [47.0, 90.85365853658537, 54.32276657060519, 72.92035398230088, 82.81733746130031, 55.417956656346746, 94.11764705882354, 98.2258064516129, 46.95340501792115, 62.857142857142854]
epoch: [35], step: [164/1581], batch loss: 0.09500, batch accuracy: 93.75, data load time: 0.00021, step time: 0.01123,
epoch: [35], step: [464/1581], batch loss: 0.13370, batch accuracy: 93.75, data load time: 0.00109, step time: 0.01543,
epoch: [35], step: [764/1581], batch loss: 0.14836, batch accuracy: 93.75, data load time: 0.00023, step time: 0.00978,
epoch: [35], step: [1064/1581], batch loss: 0.25341, batch accuracy: 93.75, data load time: 0.00056, step time: 0.00981,
epoch: [35], step: [1364/1581], batch loss: 0.10449, batch accuracy: 96.88, data load time: 0.00023, step time: 0.01465,
epoch: [36], step: [83/1581], batch loss: 0.15008, batch accuracy: 93.75, data load time: 0.00632, step time: 0.01162,
epoch: [36], step: [383/1581], batch loss: 0.14205, batch accuracy: 90.62, data load time: 0.00346, step time: 0.01016,
epoch: [36], step: [683/1581], batch loss: 0.09174, batch accuracy: 96.88, data load time: 0.00022, step time: 0.01084,
epoch: [36], step: [983/1581], batch loss: 0.15442, batch accuracy: 96.88, data load time: 0.00026, step time: 0.01882,
epoch: [36], step: [1283/1581], batch loss: 0.08389, batch accuracy: 96.88, data load time: 0.00033, step time: 0.00990,
epoch: [37], step: [2/1581], batch loss: 0.20707, batch accuracy: 93.75, data load time: 0.00018, step time: 0.01276,
epoch: [37], step: [302/1581], batch loss: 0.16163, batch accuracy: 93.75, data load time: 0.01117, step time: 0.00984,
epoch: [37], step: [602/1581], batch loss: 0.06016, batch accuracy: 100.00, data load time: 0.00024, step time: 0.01142,
epoch: [37], step: [902/1581], batch loss: 0.15762, batch accuracy: 93.75, data load time: 0.00032, step time: 0.01125,
epoch: [37], step: [1202/1581], batch loss: 0.30482, batch accuracy: 87.50, data load time: 0.00065, step time: 0.02271,
epoch: [37], step: [1502/1581], batch loss: 0.42268, batch accuracy: 84.38, data load time: 0.00024, step time: 0.01011,
epoch: [38], step: [221/1581], batch loss: 0.08681, batch accuracy: 96.88, data load time: 0.00022, step time: 0.01687,
epoch: [38], step: [521/1581], batch loss: 0.06180, batch accuracy: 100.00, data load time: 0.00022, step time: 0.01336,
epoch: [38], step: [821/1581], batch loss: 0.09204, batch accuracy: 96.88, data load time: 0.00021, step time: 0.01091,
epoch: [38], step: [1121/1581], batch loss: 0.31433, batch accuracy: 90.62, data load time: 0.00024, step time: 0.01064,
epoch: [38], step: [1421/1581], batch loss: 0.06524, batch accuracy: 100.00, data load time: 0.00023, step time: 0.01556,
epoch: [39], step: [140/1581], batch loss: 0.04495, batch accuracy: 100.00, data load time: 0.00304, step time: 0.01042,
epoch: [39], step: [440/1581], batch loss: 0.27193, batch accuracy: 90.62, data load time: 0.00489, step time: 0.01254,
epoch: [39], step: [740/1581], batch loss: 0.29077, batch accuracy: 93.75, data load time: 0.00028, step time: 0.01058,
epoch: [39], step: [1040/1581], batch loss: 0.07518, batch accuracy: 96.88, data load time: 0.00023, step time: 0.01133,
epoch: [39], step: [1340/1581], batch loss: 0.16437, batch accuracy: 96.88, data load time: 0.00021, step time: 0.01518,
validation loss: 1.13100, accuracy: 68.04, class_accuracy: [38.57142857142857, 83.53658536585365, 63.40057636887608, 67.61061946902655, 83.12693498452012, 58.204334365325074, 91.17647058823529, 96.61290322580645, 52.5089605734767, 77.71428571428571]
epoch: [40], step: [59/1581], batch loss: 0.12076, batch accuracy: 93.75, data load time: 0.00059, step time: 0.01894,
epoch: [40], step: [359/1581], batch loss: 0.12771, batch accuracy: 96.88, data load time: 0.00025, step time: 0.01557,
epoch: [40], step: [659/1581], batch loss: 0.08278, batch accuracy: 96.88, data load time: 0.00024, step time: 0.01041,
epoch: [40], step: [959/1581], batch loss: 0.15490, batch accuracy: 96.88, data load time: 0.00022, step time: 0.01046,
epoch: [40], step: [1259/1581], batch loss: 0.14559, batch accuracy: 93.75, data load time: 0.00023, step time: 0.00976,
epoch: [40], step: [1559/1581], batch loss: 0.15367, batch accuracy: 96.88, data load time: 0.00011, step time: 0.00871,
epoch: [41], step: [278/1581], batch loss: 0.12079, batch accuracy: 96.88, data load time: 0.00022, step time: 0.01677,
epoch: [41], step: [578/1581], batch loss: 0.14391, batch accuracy: 93.75, data load time: 0.00031, step time: 0.01149,
epoch: [41], step: [878/1581], batch loss: 0.37578, batch accuracy: 90.62, data load time: 0.00409, step time: 0.01066,
epoch: [41], step: [1178/1581], batch loss: 0.11651, batch accuracy: 96.88, data load time: 0.00024, step time: 0.01002,
epoch: [41], step: [1478/1581], batch loss: 0.12634, batch accuracy: 93.75, data load time: 0.00570, step time: 0.00961,
epoch: [42], step: [197/1581], batch loss: 0.11346, batch accuracy: 96.88, data load time: 0.00031, step time: 0.01261,
epoch: [42], step: [497/1581], batch loss: 0.08288, batch accuracy: 96.88, data load time: 0.00369, step time: 0.01016,
epoch: [42], step: [797/1581], batch loss: 0.04108, batch accuracy: 100.00, data load time: 0.00022, step time: 0.01502,
epoch: [42], step: [1097/1581], batch loss: 0.29755, batch accuracy: 87.50, data load time: 0.00022, step time: 0.01588,
epoch: [42], step: [1397/1581], batch loss: 0.25788, batch accuracy: 93.75, data load time: 0.00308, step time: 0.01113,
epoch: [43], step: [116/1581], batch loss: 0.12212, batch accuracy: 96.88, data load time: 0.00021, step time: 0.01154,
epoch: [43], step: [416/1581], batch loss: 0.07357, batch accuracy: 96.88, data load time: 0.00024, step time: 0.00961,
epoch: [43], step: [716/1581], batch loss: 0.35064, batch accuracy: 87.50, data load time: 0.00022, step time: 0.01073,
epoch: [43], step: [1016/1581], batch loss: 0.28249, batch accuracy: 90.62, data load time: 0.00427, step time: 0.01098,
epoch: [43], step: [1316/1581], batch loss: 0.05733, batch accuracy: 100.00, data load time: 0.00022, step time: 0.01528,
epoch: [44], step: [35/1581], batch loss: 0.15498, batch accuracy: 93.75, data load time: 0.00019, step time: 0.01089,
epoch: [44], step: [335/1581], batch loss: 0.17164, batch accuracy: 93.75, data load time: 0.00023, step time: 0.01012,
epoch: [44], step: [635/1581], batch loss: 0.15462, batch accuracy: 96.88, data load time: 0.00028, step time: 0.01036,
epoch: [44], step: [935/1581], batch loss: 0.17211, batch accuracy: 93.75, data load time: 0.00031, step time: 0.01235,
epoch: [44], step: [1235/1581], batch loss: 0.16689, batch accuracy: 96.88, data load time: 0.00023, step time: 0.01715,
epoch: [44], step: [1535/1581], batch loss: 0.30046, batch accuracy: 93.75, data load time: 0.00017, step time: 0.00972,
validation loss: 1.02109, accuracy: 72.07, class_accuracy: [76.28571428571429, 84.14634146341463, 67.43515850144092, 73.09734513274336, 72.29102167182663, 48.916408668730654, 89.2156862745098, 93.54838709677419, 57.526881720430104, 80.0]
epoch: [45], step: [254/1581], batch loss: 0.23606, batch accuracy: 84.38, data load time: 0.00023, step time: 0.01015,
epoch: [45], step: [554/1581], batch loss: 0.14598, batch accuracy: 96.88, data load time: 0.00027, step time: 0.00973,
epoch: [45], step: [854/1581], batch loss: 0.36885, batch accuracy: 87.50, data load time: 0.00022, step time: 0.01512,
epoch: [45], step: [1154/1581], batch loss: 0.05227, batch accuracy: 96.88, data load time: 0.00024, step time: 0.00981,
epoch: [45], step: [1454/1581], batch loss: 0.19696, batch accuracy: 90.62, data load time: 0.00032, step time: 0.01270,
epoch: [46], step: [173/1581], batch loss: 0.24884, batch accuracy: 93.75, data load time: 0.00021, step time: 0.00974,
epoch: [46], step: [473/1581], batch loss: 0.27792, batch accuracy: 87.50, data load time: 0.00023, step time: 0.01130,
epoch: [46], step: [773/1581], batch loss: 0.20017, batch accuracy: 90.62, data load time: 0.00356, step time: 0.00998,
epoch: [46], step: [1073/1581], batch loss: 0.18005, batch accuracy: 93.75, data load time: 0.00022, step time: 0.00987,
epoch: [46], step: [1373/1581], batch loss: 0.56462, batch accuracy: 84.38, data load time: 0.00021, step time: 0.01017,
epoch: [47], step: [92/1581], batch loss: 0.14591, batch accuracy: 96.88, data load time: 0.00548, step time: 0.00981,
epoch: [47], step: [392/1581], batch loss: 0.11452, batch accuracy: 93.75, data load time: 0.00024, step time: 0.01074,
epoch: [47], step: [692/1581], batch loss: 0.18950, batch accuracy: 90.62, data load time: 0.00327, step time: 0.01025,
epoch: [47], step: [992/1581], batch loss: 0.07575, batch accuracy: 100.00, data load time: 0.00024, step time: 0.00979,
epoch: [47], step: [1292/1581], batch loss: 0.30097, batch accuracy: 90.62, data load time: 0.00039, step time: 0.01263,
epoch: [48], step: [11/1581], batch loss: 0.04935, batch accuracy: 100.00, data load time: 0.00024, step time: 0.00967,
epoch: [48], step: [311/1581], batch loss: 0.16913, batch accuracy: 96.88, data load time: 0.00025, step time: 0.00967,
epoch: [48], step: [611/1581], batch loss: 0.06771, batch accuracy: 100.00, data load time: 0.00021, step time: 0.01546,
epoch: [48], step: [911/1581], batch loss: 0.17718, batch accuracy: 90.62, data load time: 0.00302, step time: 0.01028,
epoch: [48], step: [1211/1581], batch loss: 0.14748, batch accuracy: 93.75, data load time: 0.00021, step time: 0.00937,
epoch: [48], step: [1511/1581], batch loss: 0.15267, batch accuracy: 93.75, data load time: 0.00023, step time: 0.01006,
epoch: [49], step: [230/1581], batch loss: 0.27254, batch accuracy: 93.75, data load time: 0.00036, step time: 0.01044,
epoch: [49], step: [530/1581], batch loss: 0.19282, batch accuracy: 96.88, data load time: 0.00021, step time: 0.01078,
epoch: [49], step: [830/1581], batch loss: 0.29830, batch accuracy: 87.50, data load time: 0.00023, step time: 0.00966,
epoch: [49], step: [1130/1581], batch loss: 0.16833, batch accuracy: 93.75, data load time: 0.00024, step time: 0.00963,
epoch: [49], step: [1430/1581], batch loss: 0.14043, batch accuracy: 93.75, data load time: 0.00028, step time: 0.01112,
validation loss: 1.15950, accuracy: 69.60, class_accuracy: [53.57142857142857, 88.41463414634147, 59.221902017291065, 72.92035398230088, 92.87925696594428, 55.57275541795666, 81.37254901960785, 96.61290322580645, 45.878136200716845, 73.57142857142857]
Total time taken: 1124.32093334198
