Using CUDA...
Writing logs to logs/CNN_bn_epochs=50_dropout=0.5_bs=32_lr=0.001_momentum=0.9_mode=LMC_run_5
epoch: [0], step: [299/1581], batch loss: 6.81855, batch accuracy: 0.00, data load time: 0.00847, step time: 0.02411,
epoch: [0], step: [599/1581], batch loss: 5.18003, batch accuracy: 0.00, data load time: 0.00565, step time: 0.01337,
epoch: [0], step: [899/1581], batch loss: 8.44089, batch accuracy: 0.00, data load time: 0.00465, step time: 0.01320,
epoch: [0], step: [1199/1581], batch loss: 3.39168, batch accuracy: 21.88, data load time: 0.00379, step time: 0.02874,
epoch: [0], step: [1499/1581], batch loss: 0.89019, batch accuracy: 84.38, data load time: 0.00218, step time: 0.01329,
epoch: [1], step: [218/1581], batch loss: 4.84823, batch accuracy: 3.12, data load time: 0.00085, step time: 0.01257,
epoch: [1], step: [518/1581], batch loss: 9.47171, batch accuracy: 0.00, data load time: 0.00335, step time: 0.01899,
epoch: [1], step: [818/1581], batch loss: 2.20783, batch accuracy: 0.00, data load time: 0.00027, step time: 0.01270,
epoch: [1], step: [1118/1581], batch loss: 1.32406, batch accuracy: 56.25, data load time: 0.00537, step time: 0.02314,
epoch: [1], step: [1418/1581], batch loss: 4.76116, batch accuracy: 0.00, data load time: 0.01065, step time: 0.01235,
epoch: [2], step: [137/1581], batch loss: 0.47904, batch accuracy: 100.00, data load time: 0.01191, step time: 0.01343,
epoch: [2], step: [437/1581], batch loss: 4.86514, batch accuracy: 0.00, data load time: 0.00053, step time: 0.01216,
epoch: [2], step: [737/1581], batch loss: 4.12425, batch accuracy: 0.00, data load time: 0.03746, step time: 0.01310,
epoch: [2], step: [1037/1581], batch loss: 4.48457, batch accuracy: 0.00, data load time: 0.01479, step time: 0.03234,
epoch: [2], step: [1337/1581], batch loss: 3.66922, batch accuracy: 0.00, data load time: 0.00188, step time: 0.02844,
epoch: [3], step: [56/1581], batch loss: 3.66313, batch accuracy: 0.00, data load time: 0.00280, step time: 0.01995,
epoch: [3], step: [356/1581], batch loss: 0.76174, batch accuracy: 96.88, data load time: 0.00381, step time: 0.01367,
epoch: [3], step: [656/1581], batch loss: 5.28330, batch accuracy: 0.00, data load time: 0.01801, step time: 0.02515,
epoch: [3], step: [956/1581], batch loss: 2.94903, batch accuracy: 0.00, data load time: 0.00562, step time: 0.01405,
epoch: [3], step: [1256/1581], batch loss: 4.44212, batch accuracy: 0.00, data load time: 0.00029, step time: 0.01786,
epoch: [3], step: [1556/1581], batch loss: 1.90134, batch accuracy: 9.38, data load time: 0.00015, step time: 0.01571,
epoch: [4], step: [275/1581], batch loss: 4.14559, batch accuracy: 0.00, data load time: 0.00046, step time: 0.01208,
epoch: [4], step: [575/1581], batch loss: 2.44218, batch accuracy: 0.00, data load time: 0.00362, step time: 0.01577,
epoch: [4], step: [875/1581], batch loss: 1.71592, batch accuracy: 40.62, data load time: 0.00655, step time: 0.01339,
epoch: [4], step: [1175/1581], batch loss: 2.29145, batch accuracy: 31.25, data load time: 0.00030, step time: 0.01893,
epoch: [4], step: [1475/1581], batch loss: 3.54831, batch accuracy: 0.00, data load time: 0.00048, step time: 0.03657,
validation loss: 2.15277, accuracy: 30.12, class_accuracy: [0.0, 21.341463414634145, 0.5763688760806917, 49.557522123893804, 8.823529411764707, 0.0, 9.803921568627452, 89.51612903225806, 0.0, 97.71428571428571]
epoch: [5], step: [194/1581], batch loss: 1.33220, batch accuracy: 68.75, data load time: 0.00030, step time: 0.02864,
epoch: [5], step: [494/1581], batch loss: 0.82720, batch accuracy: 81.25, data load time: 0.01031, step time: 0.01320,
epoch: [5], step: [794/1581], batch loss: 1.52319, batch accuracy: 40.62, data load time: 0.00036, step time: 0.01504,
epoch: [5], step: [1094/1581], batch loss: 0.84193, batch accuracy: 96.88, data load time: 0.00090, step time: 0.03226,
epoch: [5], step: [1394/1581], batch loss: 0.79544, batch accuracy: 56.25, data load time: 0.00374, step time: 0.01687,
epoch: [6], step: [113/1581], batch loss: 2.66119, batch accuracy: 0.00, data load time: 0.00945, step time: 0.01486,
epoch: [6], step: [413/1581], batch loss: 1.72228, batch accuracy: 6.25, data load time: 0.01270, step time: 0.01286,
epoch: [6], step: [713/1581], batch loss: 0.15100, batch accuracy: 100.00, data load time: 0.00818, step time: 0.02862,
epoch: [6], step: [1013/1581], batch loss: 1.61787, batch accuracy: 15.62, data load time: 0.00038, step time: 0.02314,
epoch: [6], step: [1313/1581], batch loss: 2.33497, batch accuracy: 6.25, data load time: 0.00048, step time: 0.02256,
epoch: [7], step: [32/1581], batch loss: 3.74915, batch accuracy: 0.00, data load time: 0.03658, step time: 0.04723,
epoch: [7], step: [332/1581], batch loss: 0.90616, batch accuracy: 87.50, data load time: 0.00481, step time: 0.01890,
epoch: [7], step: [632/1581], batch loss: 1.08931, batch accuracy: 62.50, data load time: 0.00505, step time: 0.03340,
epoch: [7], step: [932/1581], batch loss: 1.86437, batch accuracy: 6.25, data load time: 0.00548, step time: 0.01549,
epoch: [7], step: [1232/1581], batch loss: 1.97821, batch accuracy: 12.50, data load time: 0.00036, step time: 0.02864,
epoch: [7], step: [1532/1581], batch loss: 1.78957, batch accuracy: 28.12, data load time: 0.00019, step time: 0.02048,
epoch: [8], step: [251/1581], batch loss: 2.64671, batch accuracy: 3.12, data load time: 0.00029, step time: 0.01485,
epoch: [8], step: [551/1581], batch loss: 2.93137, batch accuracy: 9.38, data load time: 0.00028, step time: 0.01669,
epoch: [8], step: [851/1581], batch loss: 1.58149, batch accuracy: 62.50, data load time: 0.00455, step time: 0.01359,
epoch: [8], step: [1151/1581], batch loss: 2.66993, batch accuracy: 0.00, data load time: 0.00310, step time: 0.01613,
epoch: [8], step: [1451/1581], batch loss: 1.77540, batch accuracy: 40.62, data load time: 0.01331, step time: 0.02578,
epoch: [9], step: [170/1581], batch loss: 2.32130, batch accuracy: 0.00, data load time: 0.01311, step time: 0.01342,
epoch: [9], step: [470/1581], batch loss: 0.50337, batch accuracy: 100.00, data load time: 0.00043, step time: 0.01195,
epoch: [9], step: [770/1581], batch loss: 1.26542, batch accuracy: 81.25, data load time: 0.00673, step time: 0.01360,
epoch: [9], step: [1070/1581], batch loss: 2.19289, batch accuracy: 31.25, data load time: 0.00094, step time: 0.01704,
epoch: [9], step: [1370/1581], batch loss: 2.16314, batch accuracy: 6.25, data load time: 0.00135, step time: 0.02978,
validation loss: 1.85729, accuracy: 23.32, class_accuracy: [0.0, 31.097560975609756, 0.0, 67.07964601769912, 11.91950464396285, 0.0, 21.568627450980394, 2.096774193548387, 3.046594982078853, 99.85714285714286]
epoch: [10], step: [89/1581], batch loss: 3.03132, batch accuracy: 0.00, data load time: 0.00561, step time: 0.02758,
epoch: [10], step: [389/1581], batch loss: 2.95345, batch accuracy: 0.00, data load time: 0.00184, step time: 0.01635,
epoch: [10], step: [689/1581], batch loss: 1.35205, batch accuracy: 40.62, data load time: 0.00036, step time: 0.01234,
epoch: [10], step: [989/1581], batch loss: 1.88621, batch accuracy: 0.00, data load time: 0.00034, step time: 0.01325,
epoch: [10], step: [1289/1581], batch loss: 3.50960, batch accuracy: 0.00, data load time: 0.00034, step time: 0.02215,
epoch: [11], step: [8/1581], batch loss: 2.90107, batch accuracy: 0.00, data load time: 0.00032, step time: 0.02089,
epoch: [11], step: [308/1581], batch loss: 1.41734, batch accuracy: 68.75, data load time: 0.00219, step time: 0.01378,
epoch: [11], step: [608/1581], batch loss: 1.32243, batch accuracy: 93.75, data load time: 0.01189, step time: 0.02422,
epoch: [11], step: [908/1581], batch loss: 1.41561, batch accuracy: 43.75, data load time: 0.01812, step time: 0.01288,
epoch: [11], step: [1208/1581], batch loss: 2.52320, batch accuracy: 3.12, data load time: 0.01326, step time: 0.01250,
epoch: [11], step: [1508/1581], batch loss: 1.41832, batch accuracy: 37.50, data load time: 0.00665, step time: 0.01381,
epoch: [12], step: [227/1581], batch loss: 2.14173, batch accuracy: 0.00, data load time: 0.00685, step time: 0.02836,
epoch: [12], step: [527/1581], batch loss: 2.79846, batch accuracy: 0.00, data load time: 0.00759, step time: 0.03130,
epoch: [12], step: [827/1581], batch loss: 2.05721, batch accuracy: 6.25, data load time: 0.00462, step time: 0.01571,
epoch: [12], step: [1127/1581], batch loss: 2.83355, batch accuracy: 0.00, data load time: 0.00585, step time: 0.02580,
epoch: [12], step: [1427/1581], batch loss: 2.55004, batch accuracy: 0.00, data load time: 0.00379, step time: 0.01694,
epoch: [13], step: [146/1581], batch loss: 0.80862, batch accuracy: 100.00, data load time: 0.00166, step time: 0.02600,
epoch: [13], step: [446/1581], batch loss: 3.19675, batch accuracy: 0.00, data load time: 0.00035, step time: 0.01185,
epoch: [13], step: [746/1581], batch loss: 2.33577, batch accuracy: 15.62, data load time: 0.00892, step time: 0.03563,
epoch: [13], step: [1046/1581], batch loss: 1.29357, batch accuracy: 84.38, data load time: 0.01179, step time: 0.03522,
epoch: [13], step: [1346/1581], batch loss: 1.59105, batch accuracy: 56.25, data load time: 0.00034, step time: 0.01359,
epoch: [14], step: [65/1581], batch loss: 1.69431, batch accuracy: 46.88, data load time: 0.00047, step time: 0.01233,
epoch: [14], step: [365/1581], batch loss: 1.35166, batch accuracy: 71.88, data load time: 0.00033, step time: 0.01271,
epoch: [14], step: [665/1581], batch loss: 2.71105, batch accuracy: 3.12, data load time: 0.00821, step time: 0.02478,
epoch: [14], step: [965/1581], batch loss: 1.95331, batch accuracy: 0.00, data load time: 0.00488, step time: 0.01344,
epoch: [14], step: [1265/1581], batch loss: 2.60581, batch accuracy: 0.00, data load time: 0.00353, step time: 0.01660,
epoch: [14], step: [1565/1581], batch loss: 2.23430, batch accuracy: 25.00, data load time: 0.00014, step time: 0.01045,
validation loss: 1.73849, accuracy: 36.96, class_accuracy: [0.0, 50.0, 12.680115273775217, 78.40707964601769, 35.60371517027864, 62.538699690402474, 24.50980392156863, 3.7096774193548385, 3.225806451612903, 97.28571428571429]
epoch: [15], step: [284/1581], batch loss: 2.32674, batch accuracy: 0.00, data load time: 0.00657, step time: 0.03084,
epoch: [15], step: [584/1581], batch loss: 2.17669, batch accuracy: 6.25, data load time: 0.00121, step time: 0.02633,
epoch: [15], step: [884/1581], batch loss: 2.42355, batch accuracy: 6.25, data load time: 0.14406, step time: 0.01546,
epoch: [15], step: [1184/1581], batch loss: 2.00129, batch accuracy: 43.75, data load time: 0.00036, step time: 0.02327,
epoch: [15], step: [1484/1581], batch loss: 2.72394, batch accuracy: 0.00, data load time: 0.00677, step time: 0.01372,
epoch: [16], step: [203/1581], batch loss: 2.15407, batch accuracy: 0.00, data load time: 0.00391, step time: 0.01735,
epoch: [16], step: [503/1581], batch loss: 0.52912, batch accuracy: 100.00, data load time: 0.00034, step time: 0.01260,
epoch: [16], step: [803/1581], batch loss: 2.99197, batch accuracy: 18.75, data load time: 0.00031, step time: 0.02129,
epoch: [16], step: [1103/1581], batch loss: 2.08252, batch accuracy: 15.62, data load time: 0.00598, step time: 0.03063,
epoch: [16], step: [1403/1581], batch loss: 1.86697, batch accuracy: 31.25, data load time: 0.00244, step time: 0.01675,
epoch: [17], step: [122/1581], batch loss: 1.79089, batch accuracy: 9.38, data load time: 0.00375, step time: 0.01660,
epoch: [17], step: [422/1581], batch loss: 1.76681, batch accuracy: 37.50, data load time: 0.01840, step time: 0.01278,
epoch: [17], step: [722/1581], batch loss: 1.92778, batch accuracy: 0.00, data load time: 0.00390, step time: 0.01462,
epoch: [17], step: [1022/1581], batch loss: 1.92784, batch accuracy: 6.25, data load time: 0.01007, step time: 0.01293,
epoch: [17], step: [1322/1581], batch loss: 2.29373, batch accuracy: 6.25, data load time: 0.00450, step time: 0.01266,
epoch: [18], step: [41/1581], batch loss: 2.32434, batch accuracy: 0.00, data load time: 0.00091, step time: 0.02257,
epoch: [18], step: [341/1581], batch loss: 2.80422, batch accuracy: 9.38, data load time: 0.00034, step time: 0.01283,
epoch: [18], step: [641/1581], batch loss: 2.06023, batch accuracy: 3.12, data load time: 0.00144, step time: 0.01341,
epoch: [18], step: [941/1581], batch loss: 1.92632, batch accuracy: 0.00, data load time: 0.00596, step time: 0.01284,
epoch: [18], step: [1241/1581], batch loss: 2.35369, batch accuracy: 0.00, data load time: 0.00884, step time: 0.03819,
epoch: [18], step: [1541/1581], batch loss: 2.78062, batch accuracy: 0.00, data load time: 0.05773, step time: 0.01182,
epoch: [19], step: [260/1581], batch loss: 2.01602, batch accuracy: 9.38, data load time: 0.00034, step time: 0.01290,
epoch: [19], step: [560/1581], batch loss: 2.16120, batch accuracy: 0.00, data load time: 0.00027, step time: 0.02215,
epoch: [19], step: [860/1581], batch loss: 1.81136, batch accuracy: 18.75, data load time: 0.21926, step time: 0.01189,
epoch: [19], step: [1160/1581], batch loss: 1.78887, batch accuracy: 50.00, data load time: 0.00656, step time: 0.01576,
epoch: [19], step: [1460/1581], batch loss: 2.01907, batch accuracy: 6.25, data load time: 0.00045, step time: 0.01337,
validation loss: 1.69502, accuracy: 39.39, class_accuracy: [0.0, 57.926829268292686, 24.495677233429394, 79.29203539823008, 44.27244582043344, 57.12074303405573, 37.254901960784316, 9.35483870967742, 3.4050179211469533, 91.71428571428571]
epoch: [20], step: [179/1581], batch loss: 2.50098, batch accuracy: 0.00, data load time: 0.00360, step time: 0.01619,
epoch: [20], step: [479/1581], batch loss: 1.36452, batch accuracy: 65.62, data load time: 0.00545, step time: 0.01375,
epoch: [20], step: [779/1581], batch loss: 2.12803, batch accuracy: 0.00, data load time: 0.00888, step time: 0.02964,
epoch: [20], step: [1079/1581], batch loss: 2.54871, batch accuracy: 0.00, data load time: 0.01051, step time: 0.01294,
epoch: [20], step: [1379/1581], batch loss: 2.67453, batch accuracy: 21.88, data load time: 0.00370, step time: 0.01348,
epoch: [21], step: [98/1581], batch loss: 2.43627, batch accuracy: 3.12, data load time: 0.00169, step time: 0.01425,
epoch: [21], step: [398/1581], batch loss: 1.90622, batch accuracy: 12.50, data load time: 0.00040, step time: 0.02287,
epoch: [21], step: [698/1581], batch loss: 2.69693, batch accuracy: 0.00, data load time: 0.00033, step time: 0.01286,
epoch: [21], step: [998/1581], batch loss: 2.01075, batch accuracy: 3.12, data load time: 0.00364, step time: 0.01729,
epoch: [21], step: [1298/1581], batch loss: 2.40698, batch accuracy: 0.00, data load time: 0.00375, step time: 0.02779,
epoch: [22], step: [17/1581], batch loss: 1.29677, batch accuracy: 84.38, data load time: 0.00034, step time: 0.02384,
epoch: [22], step: [317/1581], batch loss: 2.42914, batch accuracy: 0.00, data load time: 0.00656, step time: 0.01590,
epoch: [22], step: [617/1581], batch loss: 2.36412, batch accuracy: 12.50, data load time: 0.00188, step time: 0.02687,
epoch: [22], step: [917/1581], batch loss: 2.38269, batch accuracy: 21.88, data load time: 0.00192, step time: 0.01605,
epoch: [22], step: [1217/1581], batch loss: 2.02616, batch accuracy: 15.62, data load time: 0.00260, step time: 0.01415,
epoch: [22], step: [1517/1581], batch loss: 2.71594, batch accuracy: 0.00, data load time: 0.01784, step time: 0.02125,
epoch: [23], step: [236/1581], batch loss: 2.65748, batch accuracy: 0.00, data load time: 0.00625, step time: 0.01844,
epoch: [23], step: [536/1581], batch loss: 1.91213, batch accuracy: 6.25, data load time: 0.00312, step time: 0.02892,
epoch: [23], step: [836/1581], batch loss: 1.95193, batch accuracy: 31.25, data load time: 0.00032, step time: 0.02162,
epoch: [23], step: [1136/1581], batch loss: 2.18825, batch accuracy: 0.00, data load time: 0.00821, step time: 0.02333,
epoch: [23], step: [1436/1581], batch loss: 2.15632, batch accuracy: 3.12, data load time: 0.00334, step time: 0.01796,
epoch: [24], step: [155/1581], batch loss: 2.26661, batch accuracy: 3.12, data load time: 0.00029, step time: 0.02493,
epoch: [24], step: [455/1581], batch loss: 2.64991, batch accuracy: 0.00, data load time: 0.00684, step time: 0.03126,
epoch: [24], step: [755/1581], batch loss: 2.61931, batch accuracy: 0.00, data load time: 0.00505, step time: 0.02261,
epoch: [24], step: [1055/1581], batch loss: 1.53014, batch accuracy: 59.38, data load time: 0.00794, step time: 0.02421,
epoch: [24], step: [1355/1581], batch loss: 1.57522, batch accuracy: 62.50, data load time: 0.01331, step time: 0.01216,
validation loss: 1.69799, accuracy: 39.33, class_accuracy: [0.0, 64.63414634146342, 27.80979827089337, 78.40707964601769, 48.60681114551084, 44.42724458204334, 34.31372549019608, 16.612903225806452, 4.121863799283154, 88.28571428571429]
epoch: [25], step: [74/1581], batch loss: 1.58840, batch accuracy: 100.00, data load time: 0.00034, step time: 0.02518,
epoch: [25], step: [374/1581], batch loss: 1.39836, batch accuracy: 87.50, data load time: 0.00602, step time: 0.02224,
epoch: [25], step: [674/1581], batch loss: 2.14847, batch accuracy: 0.00, data load time: 0.00029, step time: 0.02379,
epoch: [25], step: [974/1581], batch loss: 1.87747, batch accuracy: 3.12, data load time: 0.00558, step time: 0.02185,
epoch: [25], step: [1274/1581], batch loss: 2.34323, batch accuracy: 18.75, data load time: 0.01077, step time: 0.01433,
epoch: [25], step: [1574/1581], batch loss: 1.53994, batch accuracy: 68.75, data load time: 0.00014, step time: 0.01620,
epoch: [26], step: [293/1581], batch loss: 2.22023, batch accuracy: 9.38, data load time: 0.00706, step time: 0.01768,
epoch: [26], step: [593/1581], batch loss: 2.32029, batch accuracy: 3.12, data load time: 0.00951, step time: 0.02919,
epoch: [26], step: [893/1581], batch loss: 1.92993, batch accuracy: 15.62, data load time: 0.00372, step time: 0.01593,
epoch: [26], step: [1193/1581], batch loss: 1.41413, batch accuracy: 75.00, data load time: 0.00042, step time: 0.01395,
epoch: [26], step: [1493/1581], batch loss: 1.31015, batch accuracy: 68.75, data load time: 0.00521, step time: 0.02475,
epoch: [27], step: [212/1581], batch loss: 2.24028, batch accuracy: 0.00, data load time: 0.00648, step time: 0.01573,
epoch: [27], step: [512/1581], batch loss: 0.68023, batch accuracy: 100.00, data load time: 0.00207, step time: 0.01804,
epoch: [27], step: [812/1581], batch loss: 1.97320, batch accuracy: 0.00, data load time: 0.00434, step time: 0.01692,
epoch: [27], step: [1112/1581], batch loss: 1.75618, batch accuracy: 31.25, data load time: 0.00401, step time: 0.01877,
epoch: [27], step: [1412/1581], batch loss: 2.52871, batch accuracy: 0.00, data load time: 0.00045, step time: 0.02249,
epoch: [28], step: [131/1581], batch loss: 1.21759, batch accuracy: 50.00, data load time: 0.00555, step time: 0.01768,
epoch: [28], step: [431/1581], batch loss: 3.32836, batch accuracy: 28.12, data load time: 0.00575, step time: 0.01394,
epoch: [28], step: [731/1581], batch loss: 2.00317, batch accuracy: 15.62, data load time: 0.00670, step time: 0.01838,
epoch: [28], step: [1031/1581], batch loss: 1.85380, batch accuracy: 9.38, data load time: 0.00371, step time: 0.01711,
epoch: [28], step: [1331/1581], batch loss: 2.16176, batch accuracy: 21.88, data load time: 0.01761, step time: 0.02550,
epoch: [29], step: [50/1581], batch loss: 2.25162, batch accuracy: 12.50, data load time: 0.00685, step time: 0.02051,
epoch: [29], step: [350/1581], batch loss: 2.42507, batch accuracy: 0.00, data load time: 0.00845, step time: 0.01883,
epoch: [29], step: [650/1581], batch loss: 1.08610, batch accuracy: 56.25, data load time: 0.01007, step time: 0.01270,
epoch: [29], step: [950/1581], batch loss: 2.92728, batch accuracy: 0.00, data load time: 0.00039, step time: 0.01199,
epoch: [29], step: [1250/1581], batch loss: 1.18081, batch accuracy: 53.12, data load time: 0.00273, step time: 0.01722,
epoch: [29], step: [1550/1581], batch loss: 1.21412, batch accuracy: 78.12, data load time: 0.00017, step time: 0.01679,
validation loss: 1.62656, accuracy: 43.91, class_accuracy: [0.0, 73.17073170731707, 32.4207492795389, 80.0, 49.38080495356037, 50.154798761609904, 36.27450980392157, 37.74193548387097, 9.67741935483871, 86.28571428571429]
epoch: [30], step: [269/1581], batch loss: 1.97265, batch accuracy: 12.50, data load time: 0.05881, step time: 0.01197,
epoch: [30], step: [569/1581], batch loss: 2.74199, batch accuracy: 0.00, data load time: 0.00080, step time: 0.01343,
epoch: [30], step: [869/1581], batch loss: 2.14730, batch accuracy: 15.62, data load time: 0.00030, step time: 0.01307,
epoch: [30], step: [1169/1581], batch loss: 2.50804, batch accuracy: 0.00, data load time: 0.24489, step time: 0.01277,
epoch: [30], step: [1469/1581], batch loss: 1.49016, batch accuracy: 62.50, data load time: 0.00488, step time: 0.02439,
epoch: [31], step: [188/1581], batch loss: 1.78653, batch accuracy: 46.88, data load time: 0.00672, step time: 0.01734,
epoch: [31], step: [488/1581], batch loss: 1.36359, batch accuracy: 75.00, data load time: 0.00349, step time: 0.01813,
epoch: [31], step: [788/1581], batch loss: 1.82503, batch accuracy: 0.00, data load time: 0.00521, step time: 0.01573,
epoch: [31], step: [1088/1581], batch loss: 1.12529, batch accuracy: 81.25, data load time: 0.01312, step time: 0.01239,
epoch: [31], step: [1388/1581], batch loss: 2.32480, batch accuracy: 15.62, data load time: 0.00702, step time: 0.01453,
epoch: [32], step: [107/1581], batch loss: 1.33292, batch accuracy: 46.88, data load time: 0.00605, step time: 0.02635,
epoch: [32], step: [407/1581], batch loss: 1.39894, batch accuracy: 84.38, data load time: 0.00066, step time: 0.01784,
epoch: [32], step: [707/1581], batch loss: 2.12667, batch accuracy: 0.00, data load time: 0.00040, step time: 0.01298,
epoch: [32], step: [1007/1581], batch loss: 3.06691, batch accuracy: 0.00, data load time: 0.00571, step time: 0.03236,
epoch: [32], step: [1307/1581], batch loss: 1.04075, batch accuracy: 62.50, data load time: 0.00659, step time: 0.02646,
epoch: [33], step: [26/1581], batch loss: 2.58306, batch accuracy: 0.00, data load time: 0.00045, step time: 0.02546,
epoch: [33], step: [326/1581], batch loss: 1.97305, batch accuracy: 28.12, data load time: 0.00633, step time: 0.02481,
epoch: [33], step: [626/1581], batch loss: 2.25875, batch accuracy: 21.88, data load time: 0.01796, step time: 0.02003,
epoch: [33], step: [926/1581], batch loss: 2.08609, batch accuracy: 34.38, data load time: 0.03877, step time: 0.01285,
epoch: [33], step: [1226/1581], batch loss: 2.51496, batch accuracy: 0.00, data load time: 0.00431, step time: 0.01653,
epoch: [33], step: [1526/1581], batch loss: 1.93613, batch accuracy: 31.25, data load time: 0.00021, step time: 0.01914,
epoch: [34], step: [245/1581], batch loss: 1.59876, batch accuracy: 37.50, data load time: 0.00045, step time: 0.02171,
epoch: [34], step: [545/1581], batch loss: 0.62147, batch accuracy: 93.75, data load time: 0.00916, step time: 0.02014,
epoch: [34], step: [845/1581], batch loss: 1.26370, batch accuracy: 84.38, data load time: 0.45392, step time: 0.01327,
epoch: [34], step: [1145/1581], batch loss: 1.33529, batch accuracy: 81.25, data load time: 0.01759, step time: 0.03266,
epoch: [34], step: [1445/1581], batch loss: 2.72320, batch accuracy: 0.00, data load time: 0.00043, step time: 0.02561,
validation loss: 1.59931, accuracy: 47.64, class_accuracy: [16.0, 70.1219512195122, 31.844380403458214, 78.58407079646018, 47.21362229102167, 52.63157894736842, 33.333333333333336, 49.354838709677416, 13.799283154121865, 88.0]
epoch: [35], step: [164/1581], batch loss: 2.18894, batch accuracy: 37.50, data load time: 0.00049, step time: 0.02566,
epoch: [35], step: [464/1581], batch loss: 1.80178, batch accuracy: 40.62, data load time: 0.00034, step time: 0.01836,
epoch: [35], step: [764/1581], batch loss: 2.45074, batch accuracy: 0.00, data load time: 0.01005, step time: 0.02111,
epoch: [35], step: [1064/1581], batch loss: 2.78639, batch accuracy: 0.00, data load time: 0.00882, step time: 0.02994,
epoch: [35], step: [1364/1581], batch loss: 4.29588, batch accuracy: 0.00, data load time: 0.00168, step time: 0.02371,
epoch: [36], step: [83/1581], batch loss: 1.14938, batch accuracy: 68.75, data load time: 0.00387, step time: 0.01731,
epoch: [36], step: [383/1581], batch loss: 2.35047, batch accuracy: 9.38, data load time: 0.01868, step time: 0.01324,
epoch: [36], step: [683/1581], batch loss: 2.30174, batch accuracy: 6.25, data load time: 0.00227, step time: 0.03072,
epoch: [36], step: [983/1581], batch loss: 2.06115, batch accuracy: 28.12, data load time: 0.00991, step time: 0.01229,
epoch: [36], step: [1283/1581], batch loss: 2.44467, batch accuracy: 3.12, data load time: 0.00911, step time: 0.01804,
epoch: [37], step: [2/1581], batch loss: 0.70972, batch accuracy: 68.75, data load time: 0.00405, step time: 0.01209,
epoch: [37], step: [302/1581], batch loss: 0.92537, batch accuracy: 90.62, data load time: 0.00037, step time: 0.01700,
epoch: [37], step: [602/1581], batch loss: 2.49016, batch accuracy: 0.00, data load time: 0.00067, step time: 0.01286,
epoch: [37], step: [902/1581], batch loss: 1.56635, batch accuracy: 46.88, data load time: 0.02738, step time: 0.02093,
epoch: [37], step: [1202/1581], batch loss: 1.32169, batch accuracy: 43.75, data load time: 0.00045, step time: 0.01274,
epoch: [37], step: [1502/1581], batch loss: 1.21967, batch accuracy: 50.00, data load time: 0.00474, step time: 0.01410,
epoch: [38], step: [221/1581], batch loss: 2.80392, batch accuracy: 9.38, data load time: 0.00570, step time: 0.02911,
epoch: [38], step: [521/1581], batch loss: 2.41615, batch accuracy: 3.12, data load time: 0.05829, step time: 0.02152,
epoch: [38], step: [821/1581], batch loss: 1.50681, batch accuracy: 37.50, data load time: 0.00908, step time: 0.01320,
epoch: [38], step: [1121/1581], batch loss: 0.87462, batch accuracy: 75.00, data load time: 0.01677, step time: 0.01209,
epoch: [38], step: [1421/1581], batch loss: 2.17633, batch accuracy: 18.75, data load time: 0.00029, step time: 0.02209,
epoch: [39], step: [140/1581], batch loss: 1.56751, batch accuracy: 56.25, data load time: 0.00670, step time: 0.01419,
epoch: [39], step: [440/1581], batch loss: 0.85432, batch accuracy: 84.38, data load time: 0.01195, step time: 0.02300,
epoch: [39], step: [740/1581], batch loss: 1.35700, batch accuracy: 62.50, data load time: 0.00029, step time: 0.01486,
epoch: [39], step: [1040/1581], batch loss: 2.25349, batch accuracy: 15.62, data load time: 0.00028, step time: 0.02485,
epoch: [39], step: [1340/1581], batch loss: 0.97930, batch accuracy: 78.12, data load time: 0.00617, step time: 0.01226,
validation loss: 1.56109, accuracy: 46.77, class_accuracy: [18.571428571428573, 70.73170731707317, 42.79538904899135, 75.39823008849558, 47.523219814241486, 43.4984520123839, 45.09803921568628, 42.58064516129032, 12.544802867383513, 83.71428571428571]
epoch: [40], step: [59/1581], batch loss: 2.18196, batch accuracy: 0.00, data load time: 0.00045, step time: 0.02816,
epoch: [40], step: [359/1581], batch loss: 1.96926, batch accuracy: 6.25, data load time: 0.00038, step time: 0.01196,
epoch: [40], step: [659/1581], batch loss: 2.09275, batch accuracy: 6.25, data load time: 0.00050, step time: 0.01388,
epoch: [40], step: [959/1581], batch loss: 1.98005, batch accuracy: 0.00, data load time: 0.00526, step time: 0.01395,
epoch: [40], step: [1259/1581], batch loss: 1.09701, batch accuracy: 71.88, data load time: 0.00108, step time: 0.02161,
epoch: [40], step: [1559/1581], batch loss: 1.80855, batch accuracy: 28.12, data load time: 0.04587, step time: 0.01092,
epoch: [41], step: [278/1581], batch loss: 3.79774, batch accuracy: 3.12, data load time: 0.04310, step time: 0.01404,
epoch: [41], step: [578/1581], batch loss: 2.01470, batch accuracy: 21.88, data load time: 0.00199, step time: 0.02766,
epoch: [41], step: [878/1581], batch loss: 1.54377, batch accuracy: 34.38, data load time: 0.00401, step time: 0.01650,
epoch: [41], step: [1178/1581], batch loss: 2.51097, batch accuracy: 9.38, data load time: 0.00070, step time: 0.02039,
epoch: [41], step: [1478/1581], batch loss: 2.24158, batch accuracy: 6.25, data load time: 0.00341, step time: 0.01892,
epoch: [42], step: [197/1581], batch loss: 1.78331, batch accuracy: 37.50, data load time: 0.00029, step time: 0.01183,
epoch: [42], step: [497/1581], batch loss: 1.05848, batch accuracy: 87.50, data load time: 0.00630, step time: 0.01665,
epoch: [42], step: [797/1581], batch loss: 2.05516, batch accuracy: 31.25, data load time: 0.00030, step time: 0.02502,
epoch: [42], step: [1097/1581], batch loss: 1.05173, batch accuracy: 59.38, data load time: 0.00087, step time: 0.03065,
epoch: [42], step: [1397/1581], batch loss: 1.75059, batch accuracy: 31.25, data load time: 0.00079, step time: 0.01659,
epoch: [43], step: [116/1581], batch loss: 0.96455, batch accuracy: 62.50, data load time: 0.00247, step time: 0.02673,
epoch: [43], step: [416/1581], batch loss: 1.04318, batch accuracy: 62.50, data load time: 0.01248, step time: 0.01292,
epoch: [43], step: [716/1581], batch loss: 1.36843, batch accuracy: 71.88, data load time: 0.00047, step time: 0.02294,
epoch: [43], step: [1016/1581], batch loss: 1.37701, batch accuracy: 50.00, data load time: 0.00528, step time: 0.02353,
epoch: [43], step: [1316/1581], batch loss: 1.97856, batch accuracy: 37.50, data load time: 0.00670, step time: 0.02067,
epoch: [44], step: [35/1581], batch loss: 1.50454, batch accuracy: 31.25, data load time: 0.00030, step time: 0.01304,
epoch: [44], step: [335/1581], batch loss: 1.97413, batch accuracy: 6.25, data load time: 0.00026, step time: 0.01243,
epoch: [44], step: [635/1581], batch loss: 1.70445, batch accuracy: 34.38, data load time: 0.01827, step time: 0.02354,
epoch: [44], step: [935/1581], batch loss: 1.90871, batch accuracy: 3.12, data load time: 0.01007, step time: 0.01214,
epoch: [44], step: [1235/1581], batch loss: 2.66692, batch accuracy: 0.00, data load time: 0.00903, step time: 0.02101,
epoch: [44], step: [1535/1581], batch loss: 2.85665, batch accuracy: 0.00, data load time: 0.00018, step time: 0.01647,
validation loss: 1.55155, accuracy: 47.40, class_accuracy: [18.285714285714285, 68.90243902439025, 38.90489913544668, 77.16814159292035, 43.808049535603715, 35.294117647058826, 35.294117647058826, 62.41935483870968, 17.56272401433692, 82.57142857142857]
epoch: [45], step: [254/1581], batch loss: 2.53102, batch accuracy: 0.00, data load time: 0.00404, step time: 0.01824,
epoch: [45], step: [554/1581], batch loss: 2.33433, batch accuracy: 0.00, data load time: 0.00219, step time: 0.01662,
epoch: [45], step: [854/1581], batch loss: 1.41303, batch accuracy: 53.12, data load time: 0.00125, step time: 0.01558,
epoch: [45], step: [1154/1581], batch loss: 1.07336, batch accuracy: 75.00, data load time: 0.00707, step time: 0.01468,
epoch: [45], step: [1454/1581], batch loss: 1.40776, batch accuracy: 71.88, data load time: 0.00038, step time: 0.02421,
epoch: [46], step: [173/1581], batch loss: 0.71555, batch accuracy: 68.75, data load time: 0.01800, step time: 0.03122,
epoch: [46], step: [473/1581], batch loss: 1.15915, batch accuracy: 59.38, data load time: 0.00230, step time: 0.02733,
epoch: [46], step: [773/1581], batch loss: 0.51590, batch accuracy: 84.38, data load time: 0.00034, step time: 0.01291,
epoch: [46], step: [1073/1581], batch loss: 2.55909, batch accuracy: 0.00, data load time: 0.00133, step time: 0.02458,
epoch: [46], step: [1373/1581], batch loss: 3.49855, batch accuracy: 15.62, data load time: 0.01298, step time: 0.01276,
epoch: [47], step: [92/1581], batch loss: 2.02920, batch accuracy: 6.25, data load time: 0.00297, step time: 0.02513,
epoch: [47], step: [392/1581], batch loss: 1.74053, batch accuracy: 28.12, data load time: 0.00035, step time: 0.02273,
epoch: [47], step: [692/1581], batch loss: 3.30243, batch accuracy: 6.25, data load time: 0.00405, step time: 0.01787,
epoch: [47], step: [992/1581], batch loss: 0.65418, batch accuracy: 93.75, data load time: 0.00988, step time: 0.01273,
epoch: [47], step: [1292/1581], batch loss: 1.75073, batch accuracy: 6.25, data load time: 0.00137, step time: 0.02907,
epoch: [48], step: [11/1581], batch loss: 1.89411, batch accuracy: 34.38, data load time: 0.01283, step time: 0.01334,
epoch: [48], step: [311/1581], batch loss: 1.40127, batch accuracy: 53.12, data load time: 0.00154, step time: 0.01640,
epoch: [48], step: [611/1581], batch loss: 1.21042, batch accuracy: 78.12, data load time: 0.01382, step time: 0.03244,
epoch: [48], step: [911/1581], batch loss: 1.30645, batch accuracy: 46.88, data load time: 0.00609, step time: 0.01320,
epoch: [48], step: [1211/1581], batch loss: 2.15207, batch accuracy: 0.00, data load time: 0.00604, step time: 0.01438,
epoch: [48], step: [1511/1581], batch loss: 0.76125, batch accuracy: 84.38, data load time: 0.01841, step time: 0.01253,
epoch: [49], step: [230/1581], batch loss: 1.84906, batch accuracy: 21.88, data load time: 0.01271, step time: 0.01553,
epoch: [49], step: [530/1581], batch loss: 3.39980, batch accuracy: 0.00, data load time: 0.00046, step time: 0.01331,
epoch: [49], step: [830/1581], batch loss: 1.11273, batch accuracy: 71.88, data load time: 0.00171, step time: 0.02552,
epoch: [49], step: [1130/1581], batch loss: 2.04488, batch accuracy: 0.00, data load time: 0.00868, step time: 0.01846,
epoch: [49], step: [1430/1581], batch loss: 1.65837, batch accuracy: 31.25, data load time: 0.00030, step time: 0.01822,
validation loss: 1.59831, accuracy: 46.25, class_accuracy: [15.142857142857142, 65.85365853658537, 43.94812680115274, 76.28318584070796, 39.78328173374613, 33.591331269349844, 30.392156862745097, 60.806451612903224, 14.516129032258064, 83.14285714285714]
Total time taken: 2789.198133468628
