Using CUDA...
Writing logs to logs/CNN_bn_epochs=50_dropout=0.5_bs=32_lr=0.001_momentum=0.9_mode=LMC_run_4
epoch: [0], step: [299/1581], batch loss: 6.41453, batch accuracy: 0.00, data load time: 0.00909, step time: 0.02095,
epoch: [0], step: [599/1581], batch loss: 5.05594, batch accuracy: 0.00, data load time: 0.00044, step time: 0.02236,
epoch: [0], step: [899/1581], batch loss: 8.60897, batch accuracy: 0.00, data load time: 0.00548, step time: 0.02009,
epoch: [0], step: [1199/1581], batch loss: 3.27712, batch accuracy: 21.88, data load time: 0.08502, step time: 0.01419,
epoch: [0], step: [1499/1581], batch loss: 0.99127, batch accuracy: 81.25, data load time: 0.00636, step time: 0.02850,
epoch: [1], step: [218/1581], batch loss: 4.93007, batch accuracy: 0.00, data load time: 0.00709, step time: 0.02056,
epoch: [1], step: [518/1581], batch loss: 9.56701, batch accuracy: 0.00, data load time: 0.01264, step time: 0.01349,
epoch: [1], step: [818/1581], batch loss: 2.11865, batch accuracy: 9.38, data load time: 0.01850, step time: 0.02593,
epoch: [1], step: [1118/1581], batch loss: 1.23246, batch accuracy: 53.12, data load time: 0.00843, step time: 0.02592,
epoch: [1], step: [1418/1581], batch loss: 4.90345, batch accuracy: 0.00, data load time: 0.00053, step time: 0.02291,
epoch: [2], step: [137/1581], batch loss: 0.49403, batch accuracy: 96.88, data load time: 0.00383, step time: 0.01645,
epoch: [2], step: [437/1581], batch loss: 5.06626, batch accuracy: 0.00, data load time: 0.00111, step time: 0.02400,
epoch: [2], step: [737/1581], batch loss: 4.04816, batch accuracy: 0.00, data load time: 0.00045, step time: 0.01239,
epoch: [2], step: [1037/1581], batch loss: 4.51782, batch accuracy: 0.00, data load time: 0.00046, step time: 0.02023,
epoch: [2], step: [1337/1581], batch loss: 3.81911, batch accuracy: 0.00, data load time: 0.00677, step time: 0.02006,
epoch: [3], step: [56/1581], batch loss: 3.56077, batch accuracy: 0.00, data load time: 0.01356, step time: 0.01232,
epoch: [3], step: [356/1581], batch loss: 0.77228, batch accuracy: 96.88, data load time: 0.00354, step time: 0.01594,
epoch: [3], step: [656/1581], batch loss: 5.17101, batch accuracy: 0.00, data load time: 0.03142, step time: 0.01883,
epoch: [3], step: [956/1581], batch loss: 2.95293, batch accuracy: 0.00, data load time: 0.00113, step time: 0.02715,
epoch: [3], step: [1256/1581], batch loss: 4.41531, batch accuracy: 0.00, data load time: 0.01744, step time: 0.01268,
epoch: [3], step: [1556/1581], batch loss: 1.82071, batch accuracy: 15.62, data load time: 0.00015, step time: 0.01044,
epoch: [4], step: [275/1581], batch loss: 4.16267, batch accuracy: 0.00, data load time: 0.00660, step time: 0.02077,
epoch: [4], step: [575/1581], batch loss: 2.44688, batch accuracy: 0.00, data load time: 0.00700, step time: 0.01802,
epoch: [4], step: [875/1581], batch loss: 1.76639, batch accuracy: 40.62, data load time: 0.00120, step time: 0.02111,
epoch: [4], step: [1175/1581], batch loss: 2.20712, batch accuracy: 31.25, data load time: 0.00337, step time: 0.01419,
epoch: [4], step: [1475/1581], batch loss: 3.52750, batch accuracy: 0.00, data load time: 0.00893, step time: 0.01770,
validation loss: 2.14709, accuracy: 30.23, class_accuracy: [0.0, 15.853658536585366, 0.0, 53.45132743362832, 6.501547987616099, 0.0, 11.764705882352942, 88.54838709677419, 0.0, 100.0]
epoch: [5], step: [194/1581], batch loss: 1.32590, batch accuracy: 68.75, data load time: 0.00114, step time: 0.02661,
epoch: [5], step: [494/1581], batch loss: 0.84915, batch accuracy: 81.25, data load time: 0.00786, step time: 0.01462,
epoch: [5], step: [794/1581], batch loss: 1.51974, batch accuracy: 40.62, data load time: 0.00032, step time: 0.02243,
epoch: [5], step: [1094/1581], batch loss: 0.82657, batch accuracy: 81.25, data load time: 0.00066, step time: 0.02053,
epoch: [5], step: [1394/1581], batch loss: 0.76725, batch accuracy: 59.38, data load time: 0.00033, step time: 0.01329,
epoch: [6], step: [113/1581], batch loss: 2.64292, batch accuracy: 0.00, data load time: 0.09503, step time: 0.01279,
epoch: [6], step: [413/1581], batch loss: 1.74531, batch accuracy: 9.38, data load time: 0.00783, step time: 0.02436,
epoch: [6], step: [713/1581], batch loss: 0.13772, batch accuracy: 100.00, data load time: 0.01233, step time: 0.01356,
epoch: [6], step: [1013/1581], batch loss: 1.58703, batch accuracy: 21.88, data load time: 0.01120, step time: 0.01238,
epoch: [6], step: [1313/1581], batch loss: 2.20045, batch accuracy: 12.50, data load time: 0.00778, step time: 0.01594,
epoch: [7], step: [32/1581], batch loss: 3.80855, batch accuracy: 0.00, data load time: 0.00032, step time: 0.01394,
epoch: [7], step: [332/1581], batch loss: 0.89830, batch accuracy: 93.75, data load time: 0.00366, step time: 0.01678,
epoch: [7], step: [632/1581], batch loss: 1.12591, batch accuracy: 71.88, data load time: 0.00035, step time: 0.01265,
epoch: [7], step: [932/1581], batch loss: 1.89449, batch accuracy: 9.38, data load time: 0.00656, step time: 0.01318,
epoch: [7], step: [1232/1581], batch loss: 2.06174, batch accuracy: 0.00, data load time: 0.00646, step time: 0.01369,
epoch: [7], step: [1532/1581], batch loss: 1.78157, batch accuracy: 31.25, data load time: 0.00016, step time: 0.02159,
epoch: [8], step: [251/1581], batch loss: 2.68373, batch accuracy: 0.00, data load time: 0.00959, step time: 0.01241,
epoch: [8], step: [551/1581], batch loss: 2.80247, batch accuracy: 15.62, data load time: 0.00469, step time: 0.01385,
epoch: [8], step: [851/1581], batch loss: 1.58444, batch accuracy: 59.38, data load time: 0.00083, step time: 0.02347,
epoch: [8], step: [1151/1581], batch loss: 2.67310, batch accuracy: 0.00, data load time: 0.00392, step time: 0.01479,
epoch: [8], step: [1451/1581], batch loss: 1.69582, batch accuracy: 53.12, data load time: 0.00045, step time: 0.01758,
epoch: [9], step: [170/1581], batch loss: 2.32215, batch accuracy: 0.00, data load time: 0.00032, step time: 0.02333,
epoch: [9], step: [470/1581], batch loss: 0.50053, batch accuracy: 100.00, data load time: 0.00054, step time: 0.02106,
epoch: [9], step: [770/1581], batch loss: 1.18672, batch accuracy: 78.12, data load time: 0.00460, step time: 0.03234,
epoch: [9], step: [1070/1581], batch loss: 2.18975, batch accuracy: 28.12, data load time: 0.00161, step time: 0.01299,
epoch: [9], step: [1370/1581], batch loss: 2.19166, batch accuracy: 9.38, data load time: 0.00191, step time: 0.01421,
validation loss: 1.90894, accuracy: 22.13, class_accuracy: [0.0, 27.4390243902439, 0.0, 68.84955752212389, 6.811145510835913, 0.0, 8.823529411764707, 0.16129032258064516, 1.075268817204301, 100.0]
epoch: [10], step: [89/1581], batch loss: 3.00221, batch accuracy: 0.00, data load time: 0.00104, step time: 0.02185,
epoch: [10], step: [389/1581], batch loss: 2.94143, batch accuracy: 0.00, data load time: 0.20482, step time: 0.01205,
epoch: [10], step: [689/1581], batch loss: 1.35777, batch accuracy: 34.38, data load time: 0.00054, step time: 0.01929,
epoch: [10], step: [989/1581], batch loss: 1.87711, batch accuracy: 0.00, data load time: 0.00152, step time: 0.01587,
epoch: [10], step: [1289/1581], batch loss: 3.54542, batch accuracy: 0.00, data load time: 0.00198, step time: 0.02606,
epoch: [11], step: [8/1581], batch loss: 2.91774, batch accuracy: 0.00, data load time: 0.00575, step time: 0.01664,
epoch: [11], step: [308/1581], batch loss: 1.39121, batch accuracy: 59.38, data load time: 0.00522, step time: 0.01748,
epoch: [11], step: [608/1581], batch loss: 1.38138, batch accuracy: 87.50, data load time: 0.00065, step time: 0.02721,
epoch: [11], step: [908/1581], batch loss: 1.40078, batch accuracy: 50.00, data load time: 0.25577, step time: 0.01360,
epoch: [11], step: [1208/1581], batch loss: 2.51022, batch accuracy: 0.00, data load time: 0.01251, step time: 0.02465,
epoch: [11], step: [1508/1581], batch loss: 1.48361, batch accuracy: 37.50, data load time: 0.00047, step time: 0.01167,
epoch: [12], step: [227/1581], batch loss: 2.14719, batch accuracy: 0.00, data load time: 0.00423, step time: 0.01659,
epoch: [12], step: [527/1581], batch loss: 2.83065, batch accuracy: 0.00, data load time: 0.00957, step time: 0.01239,
epoch: [12], step: [827/1581], batch loss: 2.02853, batch accuracy: 6.25, data load time: 0.00388, step time: 0.01651,
epoch: [12], step: [1127/1581], batch loss: 2.83882, batch accuracy: 0.00, data load time: 0.00175, step time: 0.01866,
epoch: [12], step: [1427/1581], batch loss: 2.50370, batch accuracy: 0.00, data load time: 0.00546, step time: 0.01267,
epoch: [13], step: [146/1581], batch loss: 0.80036, batch accuracy: 100.00, data load time: 0.00392, step time: 0.01705,
epoch: [13], step: [446/1581], batch loss: 3.12449, batch accuracy: 0.00, data load time: 0.00033, step time: 0.01354,
epoch: [13], step: [746/1581], batch loss: 2.37702, batch accuracy: 12.50, data load time: 0.00038, step time: 0.01749,
epoch: [13], step: [1046/1581], batch loss: 1.29164, batch accuracy: 71.88, data load time: 0.00182, step time: 0.02565,
epoch: [13], step: [1346/1581], batch loss: 1.63936, batch accuracy: 59.38, data load time: 0.00055, step time: 0.01190,
epoch: [14], step: [65/1581], batch loss: 1.71101, batch accuracy: 50.00, data load time: 0.00661, step time: 0.02554,
epoch: [14], step: [365/1581], batch loss: 1.33626, batch accuracy: 81.25, data load time: 0.00650, step time: 0.01889,
epoch: [14], step: [665/1581], batch loss: 2.77539, batch accuracy: 6.25, data load time: 0.00723, step time: 0.01233,
epoch: [14], step: [965/1581], batch loss: 1.95482, batch accuracy: 0.00, data load time: 0.00932, step time: 0.02803,
epoch: [14], step: [1265/1581], batch loss: 2.62493, batch accuracy: 0.00, data load time: 0.00042, step time: 0.01318,
epoch: [14], step: [1565/1581], batch loss: 2.20511, batch accuracy: 25.00, data load time: 0.00014, step time: 0.01017,
validation loss: 1.74108, accuracy: 35.66, class_accuracy: [0.0, 46.951219512195124, 10.662824207492795, 83.1858407079646, 30.804953560371516, 57.89473684210526, 26.470588235294116, 0.0, 2.6881720430107525, 98.28571428571429]
epoch: [15], step: [284/1581], batch loss: 2.33496, batch accuracy: 3.12, data load time: 0.01242, step time: 0.01245,
epoch: [15], step: [584/1581], batch loss: 2.24534, batch accuracy: 3.12, data load time: 0.00350, step time: 0.01740,
epoch: [15], step: [884/1581], batch loss: 2.36779, batch accuracy: 9.38, data load time: 0.00965, step time: 0.01317,
epoch: [15], step: [1184/1581], batch loss: 1.95658, batch accuracy: 40.62, data load time: 0.00342, step time: 0.01504,
epoch: [15], step: [1484/1581], batch loss: 2.70303, batch accuracy: 0.00, data load time: 0.00031, step time: 0.02342,
epoch: [16], step: [203/1581], batch loss: 2.07583, batch accuracy: 3.12, data load time: 0.00408, step time: 0.01405,
epoch: [16], step: [503/1581], batch loss: 0.50289, batch accuracy: 100.00, data load time: 0.00574, step time: 0.02581,
epoch: [16], step: [803/1581], batch loss: 3.05130, batch accuracy: 21.88, data load time: 0.00469, step time: 0.01594,
epoch: [16], step: [1103/1581], batch loss: 2.04098, batch accuracy: 15.62, data load time: 0.00047, step time: 0.01255,
epoch: [16], step: [1403/1581], batch loss: 1.79655, batch accuracy: 34.38, data load time: 0.00253, step time: 0.01526,
epoch: [17], step: [122/1581], batch loss: 1.80140, batch accuracy: 12.50, data load time: 0.00029, step time: 0.01720,
epoch: [17], step: [422/1581], batch loss: 1.80682, batch accuracy: 31.25, data load time: 0.01070, step time: 0.01337,
epoch: [17], step: [722/1581], batch loss: 1.94547, batch accuracy: 0.00, data load time: 0.00651, step time: 0.01315,
epoch: [17], step: [1022/1581], batch loss: 1.92978, batch accuracy: 3.12, data load time: 0.00025, step time: 0.01721,
epoch: [17], step: [1322/1581], batch loss: 2.35480, batch accuracy: 0.00, data load time: 0.00032, step time: 0.01204,
epoch: [18], step: [41/1581], batch loss: 2.27173, batch accuracy: 0.00, data load time: 0.00028, step time: 0.01852,
epoch: [18], step: [341/1581], batch loss: 2.90258, batch accuracy: 3.12, data load time: 0.00038, step time: 0.01208,
epoch: [18], step: [641/1581], batch loss: 2.07999, batch accuracy: 6.25, data load time: 0.00675, step time: 0.01632,
epoch: [18], step: [941/1581], batch loss: 1.90525, batch accuracy: 0.00, data load time: 0.00043, step time: 0.02372,
epoch: [18], step: [1241/1581], batch loss: 2.37852, batch accuracy: 0.00, data load time: 0.00090, step time: 0.01608,
epoch: [18], step: [1541/1581], batch loss: 2.74799, batch accuracy: 0.00, data load time: 0.00016, step time: 0.01124,
epoch: [19], step: [260/1581], batch loss: 2.02361, batch accuracy: 12.50, data load time: 0.00034, step time: 0.01221,
epoch: [19], step: [560/1581], batch loss: 2.17539, batch accuracy: 0.00, data load time: 0.00675, step time: 0.01358,
epoch: [19], step: [860/1581], batch loss: 1.80698, batch accuracy: 21.88, data load time: 0.00697, step time: 0.01469,
epoch: [19], step: [1160/1581], batch loss: 1.73399, batch accuracy: 43.75, data load time: 0.00625, step time: 0.01659,
epoch: [19], step: [1460/1581], batch loss: 2.05350, batch accuracy: 3.12, data load time: 0.00665, step time: 0.01693,
validation loss: 1.69699, accuracy: 36.48, class_accuracy: [0.0, 55.48780487804878, 17.723342939481267, 84.42477876106194, 44.11764705882353, 44.27244582043344, 29.41176470588235, 3.225806451612903, 2.3297491039426523, 91.85714285714286]
epoch: [20], step: [179/1581], batch loss: 2.52197, batch accuracy: 0.00, data load time: 0.01305, step time: 0.01225,
epoch: [20], step: [479/1581], batch loss: 1.40928, batch accuracy: 56.25, data load time: 0.00034, step time: 0.02258,
epoch: [20], step: [779/1581], batch loss: 2.14018, batch accuracy: 0.00, data load time: 0.00039, step time: 0.02269,
epoch: [20], step: [1079/1581], batch loss: 2.54626, batch accuracy: 0.00, data load time: 0.00827, step time: 0.03009,
epoch: [20], step: [1379/1581], batch loss: 2.68687, batch accuracy: 28.12, data load time: 0.00632, step time: 0.02568,
epoch: [21], step: [98/1581], batch loss: 2.44167, batch accuracy: 0.00, data load time: 0.01064, step time: 0.02048,
epoch: [21], step: [398/1581], batch loss: 1.76257, batch accuracy: 12.50, data load time: 0.00691, step time: 0.01697,
epoch: [21], step: [698/1581], batch loss: 2.71673, batch accuracy: 0.00, data load time: 0.00302, step time: 0.01662,
epoch: [21], step: [998/1581], batch loss: 2.02449, batch accuracy: 0.00, data load time: 0.00036, step time: 0.01272,
epoch: [21], step: [1298/1581], batch loss: 2.43730, batch accuracy: 0.00, data load time: 0.00031, step time: 0.01695,
epoch: [22], step: [17/1581], batch loss: 1.30271, batch accuracy: 78.12, data load time: 0.00037, step time: 0.01280,
epoch: [22], step: [317/1581], batch loss: 2.42264, batch accuracy: 0.00, data load time: 0.00038, step time: 0.01662,
epoch: [22], step: [617/1581], batch loss: 2.37423, batch accuracy: 3.12, data load time: 0.00630, step time: 0.01556,
epoch: [22], step: [917/1581], batch loss: 2.34040, batch accuracy: 12.50, data load time: 0.00030, step time: 0.01287,
epoch: [22], step: [1217/1581], batch loss: 1.93027, batch accuracy: 15.62, data load time: 0.01830, step time: 0.02691,
epoch: [22], step: [1517/1581], batch loss: 2.73243, batch accuracy: 0.00, data load time: 0.04492, step time: 0.01322,
epoch: [23], step: [236/1581], batch loss: 2.67694, batch accuracy: 0.00, data load time: 0.00070, step time: 0.01925,
epoch: [23], step: [536/1581], batch loss: 1.77788, batch accuracy: 12.50, data load time: 0.00459, step time: 0.03092,
epoch: [23], step: [836/1581], batch loss: 1.98134, batch accuracy: 28.12, data load time: 0.00033, step time: 0.02105,
epoch: [23], step: [1136/1581], batch loss: 2.21915, batch accuracy: 0.00, data load time: 0.01211, step time: 0.01262,
epoch: [23], step: [1436/1581], batch loss: 2.15219, batch accuracy: 3.12, data load time: 0.01943, step time: 0.02710,
epoch: [24], step: [155/1581], batch loss: 2.26242, batch accuracy: 6.25, data load time: 0.00674, step time: 0.01718,
epoch: [24], step: [455/1581], batch loss: 2.63848, batch accuracy: 0.00, data load time: 0.00684, step time: 0.01528,
epoch: [24], step: [755/1581], batch loss: 2.62217, batch accuracy: 0.00, data load time: 0.00409, step time: 0.01666,
epoch: [24], step: [1055/1581], batch loss: 1.51209, batch accuracy: 68.75, data load time: 0.01332, step time: 0.01638,
epoch: [24], step: [1355/1581], batch loss: 1.58260, batch accuracy: 65.62, data load time: 0.00399, step time: 0.01636,
validation loss: 1.67747, accuracy: 40.39, class_accuracy: [0.0, 63.41463414634146, 19.45244956772334, 86.19469026548673, 48.76160990712074, 46.90402476780186, 34.31372549019608, 29.838709677419356, 2.867383512544803, 85.57142857142857]
epoch: [25], step: [74/1581], batch loss: 1.57499, batch accuracy: 90.62, data load time: 0.00703, step time: 0.01708,
epoch: [25], step: [374/1581], batch loss: 1.39599, batch accuracy: 90.62, data load time: 0.00056, step time: 0.01587,
epoch: [25], step: [674/1581], batch loss: 2.13289, batch accuracy: 3.12, data load time: 0.09455, step time: 0.01216,
epoch: [25], step: [974/1581], batch loss: 1.88677, batch accuracy: 9.38, data load time: 0.04842, step time: 0.01415,
epoch: [25], step: [1274/1581], batch loss: 2.35991, batch accuracy: 9.38, data load time: 0.00035, step time: 0.02053,
epoch: [25], step: [1574/1581], batch loss: 1.63402, batch accuracy: 59.38, data load time: 0.00013, step time: 0.01011,
epoch: [26], step: [293/1581], batch loss: 2.16713, batch accuracy: 21.88, data load time: 0.00066, step time: 0.01774,
epoch: [26], step: [593/1581], batch loss: 2.38459, batch accuracy: 0.00, data load time: 0.00611, step time: 0.02032,
epoch: [26], step: [893/1581], batch loss: 1.87871, batch accuracy: 21.88, data load time: 0.00476, step time: 0.01300,
epoch: [26], step: [1193/1581], batch loss: 1.34462, batch accuracy: 81.25, data load time: 0.00027, step time: 0.02651,
epoch: [26], step: [1493/1581], batch loss: 1.31560, batch accuracy: 68.75, data load time: 0.00034, step time: 0.02299,
epoch: [27], step: [212/1581], batch loss: 2.25601, batch accuracy: 0.00, data load time: 0.02541, step time: 0.01351,
epoch: [27], step: [512/1581], batch loss: 0.68195, batch accuracy: 100.00, data load time: 0.00942, step time: 0.01252,
epoch: [27], step: [812/1581], batch loss: 1.93002, batch accuracy: 0.00, data load time: 0.04516, step time: 0.01258,
epoch: [27], step: [1112/1581], batch loss: 1.76466, batch accuracy: 15.62, data load time: 0.00520, step time: 0.01613,
epoch: [27], step: [1412/1581], batch loss: 2.52180, batch accuracy: 0.00, data load time: 0.02233, step time: 0.01951,
epoch: [28], step: [131/1581], batch loss: 1.35768, batch accuracy: 40.62, data load time: 0.00984, step time: 0.01291,
epoch: [28], step: [431/1581], batch loss: 3.55844, batch accuracy: 28.12, data load time: 0.00040, step time: 0.02284,
epoch: [28], step: [731/1581], batch loss: 2.08726, batch accuracy: 0.00, data load time: 0.00038, step time: 0.02051,
epoch: [28], step: [1031/1581], batch loss: 1.87630, batch accuracy: 3.12, data load time: 0.00389, step time: 0.02536,
epoch: [28], step: [1331/1581], batch loss: 2.15133, batch accuracy: 25.00, data load time: 0.01333, step time: 0.01252,
epoch: [29], step: [50/1581], batch loss: 2.32409, batch accuracy: 0.00, data load time: 0.01328, step time: 0.01238,
epoch: [29], step: [350/1581], batch loss: 2.44257, batch accuracy: 0.00, data load time: 0.00085, step time: 0.02173,
epoch: [29], step: [650/1581], batch loss: 1.16051, batch accuracy: 59.38, data load time: 0.00038, step time: 0.02121,
epoch: [29], step: [950/1581], batch loss: 2.89365, batch accuracy: 6.25, data load time: 0.00649, step time: 0.01436,
epoch: [29], step: [1250/1581], batch loss: 1.24235, batch accuracy: 43.75, data load time: 0.00027, step time: 0.02186,
epoch: [29], step: [1550/1581], batch loss: 1.25471, batch accuracy: 78.12, data load time: 0.00015, step time: 0.01075,
validation loss: 1.63962, accuracy: 42.89, class_accuracy: [3.5714285714285716, 68.29268292682927, 20.461095100864554, 84.24778761061947, 54.024767801857585, 44.27244582043344, 32.35294117647059, 42.74193548387097, 6.272401433691757, 84.42857142857143]
epoch: [30], step: [269/1581], batch loss: 1.97630, batch accuracy: 12.50, data load time: 0.00369, step time: 0.01694,
epoch: [30], step: [569/1581], batch loss: 2.69800, batch accuracy: 0.00, data load time: 0.00044, step time: 0.01190,
epoch: [30], step: [869/1581], batch loss: 2.09461, batch accuracy: 9.38, data load time: 0.01014, step time: 0.01306,
epoch: [30], step: [1169/1581], batch loss: 2.46091, batch accuracy: 0.00, data load time: 0.00070, step time: 0.01456,
epoch: [30], step: [1469/1581], batch loss: 1.37618, batch accuracy: 65.62, data load time: 0.01320, step time: 0.02534,
epoch: [31], step: [188/1581], batch loss: 1.88049, batch accuracy: 37.50, data load time: 0.00036, step time: 0.01412,
epoch: [31], step: [488/1581], batch loss: 1.29736, batch accuracy: 84.38, data load time: 0.01179, step time: 0.01238,
epoch: [31], step: [788/1581], batch loss: 1.81934, batch accuracy: 0.00, data load time: 0.04228, step time: 0.01235,
epoch: [31], step: [1088/1581], batch loss: 1.19349, batch accuracy: 68.75, data load time: 0.01281, step time: 0.01253,
epoch: [31], step: [1388/1581], batch loss: 2.29857, batch accuracy: 12.50, data load time: 0.01001, step time: 0.01280,
epoch: [32], step: [107/1581], batch loss: 1.37473, batch accuracy: 59.38, data load time: 0.00156, step time: 0.02227,
epoch: [32], step: [407/1581], batch loss: 1.38704, batch accuracy: 81.25, data load time: 0.00035, step time: 0.01326,
epoch: [32], step: [707/1581], batch loss: 2.11191, batch accuracy: 0.00, data load time: 0.00132, step time: 0.01258,
epoch: [32], step: [1007/1581], batch loss: 3.01674, batch accuracy: 0.00, data load time: 0.01193, step time: 0.01258,
epoch: [32], step: [1307/1581], batch loss: 0.93783, batch accuracy: 71.88, data load time: 0.01345, step time: 0.02492,
epoch: [33], step: [26/1581], batch loss: 2.62062, batch accuracy: 0.00, data load time: 0.01032, step time: 0.01314,
epoch: [33], step: [326/1581], batch loss: 1.97888, batch accuracy: 18.75, data load time: 0.01048, step time: 0.02191,
epoch: [33], step: [626/1581], batch loss: 2.33579, batch accuracy: 6.25, data load time: 0.00327, step time: 0.01611,
epoch: [33], step: [926/1581], batch loss: 2.40591, batch accuracy: 15.62, data load time: 0.00038, step time: 0.01260,
epoch: [33], step: [1226/1581], batch loss: 2.53125, batch accuracy: 0.00, data load time: 0.00030, step time: 0.01208,
epoch: [33], step: [1526/1581], batch loss: 1.95771, batch accuracy: 25.00, data load time: 0.00019, step time: 0.02620,
epoch: [34], step: [245/1581], batch loss: 1.69440, batch accuracy: 21.88, data load time: 0.01019, step time: 0.01395,
epoch: [34], step: [545/1581], batch loss: 0.69903, batch accuracy: 96.88, data load time: 0.00913, step time: 0.02718,
epoch: [34], step: [845/1581], batch loss: 1.25678, batch accuracy: 78.12, data load time: 0.00036, step time: 0.02262,
epoch: [34], step: [1145/1581], batch loss: 1.41660, batch accuracy: 65.62, data load time: 0.00173, step time: 0.02505,
epoch: [34], step: [1445/1581], batch loss: 2.75513, batch accuracy: 0.00, data load time: 0.00586, step time: 0.02107,
validation loss: 1.62608, accuracy: 44.78, class_accuracy: [9.0, 71.95121951219512, 21.32564841498559, 84.60176991150442, 44.89164086687307, 51.702786377708975, 31.372549019607842, 51.774193548387096, 8.243727598566307, 83.71428571428571]
epoch: [35], step: [164/1581], batch loss: 2.10438, batch accuracy: 34.38, data load time: 0.00350, step time: 0.01646,
epoch: [35], step: [464/1581], batch loss: 1.87459, batch accuracy: 18.75, data load time: 0.00394, step time: 0.01680,
epoch: [35], step: [764/1581], batch loss: 2.40433, batch accuracy: 3.12, data load time: 0.00918, step time: 0.02231,
epoch: [35], step: [1064/1581], batch loss: 2.71502, batch accuracy: 0.00, data load time: 0.06990, step time: 0.01190,
epoch: [35], step: [1364/1581], batch loss: 4.31710, batch accuracy: 0.00, data load time: 0.00460, step time: 0.01314,
epoch: [36], step: [83/1581], batch loss: 1.14074, batch accuracy: 75.00, data load time: 0.01092, step time: 0.01235,
epoch: [36], step: [383/1581], batch loss: 2.37744, batch accuracy: 3.12, data load time: 0.00400, step time: 0.01352,
epoch: [36], step: [683/1581], batch loss: 2.17569, batch accuracy: 12.50, data load time: 0.01281, step time: 0.01362,
epoch: [36], step: [983/1581], batch loss: 2.06947, batch accuracy: 18.75, data load time: 0.00381, step time: 0.01216,
epoch: [36], step: [1283/1581], batch loss: 2.31531, batch accuracy: 3.12, data load time: 0.00032, step time: 0.02231,
epoch: [37], step: [2/1581], batch loss: 0.68899, batch accuracy: 71.88, data load time: 0.00027, step time: 0.01170,
epoch: [37], step: [302/1581], batch loss: 0.77761, batch accuracy: 84.38, data load time: 0.00027, step time: 0.02131,
epoch: [37], step: [602/1581], batch loss: 2.44231, batch accuracy: 0.00, data load time: 0.00623, step time: 0.01580,
epoch: [37], step: [902/1581], batch loss: 1.60132, batch accuracy: 37.50, data load time: 0.01788, step time: 0.02087,
epoch: [37], step: [1202/1581], batch loss: 1.31385, batch accuracy: 56.25, data load time: 0.01310, step time: 0.01251,
epoch: [37], step: [1502/1581], batch loss: 1.14050, batch accuracy: 68.75, data load time: 0.00844, step time: 0.02217,
epoch: [38], step: [221/1581], batch loss: 2.71824, batch accuracy: 6.25, data load time: 0.00942, step time: 0.03553,
epoch: [38], step: [521/1581], batch loss: 2.58738, batch accuracy: 3.12, data load time: 0.00037, step time: 0.01293,
epoch: [38], step: [821/1581], batch loss: 1.69585, batch accuracy: 31.25, data load time: 0.00905, step time: 0.03346,
epoch: [38], step: [1121/1581], batch loss: 0.84706, batch accuracy: 87.50, data load time: 0.00468, step time: 0.01334,
epoch: [38], step: [1421/1581], batch loss: 2.23941, batch accuracy: 12.50, data load time: 0.00407, step time: 0.01640,
epoch: [39], step: [140/1581], batch loss: 1.48705, batch accuracy: 59.38, data load time: 0.00380, step time: 0.01657,
epoch: [39], step: [440/1581], batch loss: 0.69494, batch accuracy: 90.62, data load time: 0.00386, step time: 0.01601,
epoch: [39], step: [740/1581], batch loss: 1.31430, batch accuracy: 65.62, data load time: 0.10646, step time: 0.01276,
epoch: [39], step: [1040/1581], batch loss: 2.22780, batch accuracy: 9.38, data load time: 0.00337, step time: 0.01944,
epoch: [39], step: [1340/1581], batch loss: 1.01886, batch accuracy: 65.62, data load time: 0.00508, step time: 0.01717,
validation loss: 1.56596, accuracy: 46.78, class_accuracy: [11.714285714285714, 67.6829268292683, 28.530259365994237, 84.42477876106194, 50.77399380804953, 42.10526315789474, 34.31372549019608, 57.096774193548384, 18.996415770609318, 80.14285714285714]
epoch: [40], step: [59/1581], batch loss: 1.92969, batch accuracy: 6.25, data load time: 0.00966, step time: 0.02732,
epoch: [40], step: [359/1581], batch loss: 2.09765, batch accuracy: 3.12, data load time: 0.00875, step time: 0.01274,
epoch: [40], step: [659/1581], batch loss: 1.95097, batch accuracy: 12.50, data load time: 0.00150, step time: 0.02682,
epoch: [40], step: [959/1581], batch loss: 1.79607, batch accuracy: 3.12, data load time: 0.00453, step time: 0.01505,
epoch: [40], step: [1259/1581], batch loss: 1.21479, batch accuracy: 78.12, data load time: 0.00033, step time: 0.02400,
epoch: [40], step: [1559/1581], batch loss: 1.68961, batch accuracy: 28.12, data load time: 0.00014, step time: 0.01026,
epoch: [41], step: [278/1581], batch loss: 3.07608, batch accuracy: 28.12, data load time: 0.00416, step time: 0.01536,
epoch: [41], step: [578/1581], batch loss: 1.82138, batch accuracy: 21.88, data load time: 0.00656, step time: 0.01274,
epoch: [41], step: [878/1581], batch loss: 1.28675, batch accuracy: 75.00, data load time: 0.00585, step time: 0.02288,
epoch: [41], step: [1178/1581], batch loss: 2.16757, batch accuracy: 3.12, data load time: 0.00043, step time: 0.02133,
epoch: [41], step: [1478/1581], batch loss: 2.27429, batch accuracy: 9.38, data load time: 0.00037, step time: 0.01605,
epoch: [42], step: [197/1581], batch loss: 1.83998, batch accuracy: 31.25, data load time: 0.00043, step time: 0.02425,
epoch: [42], step: [497/1581], batch loss: 1.02333, batch accuracy: 81.25, data load time: 0.00030, step time: 0.01374,
epoch: [42], step: [797/1581], batch loss: 2.20529, batch accuracy: 28.12, data load time: 0.00060, step time: 0.02869,
epoch: [42], step: [1097/1581], batch loss: 1.05344, batch accuracy: 59.38, data load time: 0.00299, step time: 0.01556,
epoch: [42], step: [1397/1581], batch loss: 1.99026, batch accuracy: 25.00, data load time: 0.00597, step time: 0.01366,
epoch: [43], step: [116/1581], batch loss: 0.86108, batch accuracy: 75.00, data load time: 0.00150, step time: 0.01871,
epoch: [43], step: [416/1581], batch loss: 1.16659, batch accuracy: 59.38, data load time: 0.00306, step time: 0.02807,
epoch: [43], step: [716/1581], batch loss: 1.39737, batch accuracy: 37.50, data load time: 0.00406, step time: 0.01641,
epoch: [43], step: [1016/1581], batch loss: 1.28099, batch accuracy: 68.75, data load time: 0.00038, step time: 0.01233,
epoch: [43], step: [1316/1581], batch loss: 2.10667, batch accuracy: 28.12, data load time: 0.00658, step time: 0.01166,
epoch: [44], step: [35/1581], batch loss: 1.51558, batch accuracy: 28.12, data load time: 0.00930, step time: 0.02087,
epoch: [44], step: [335/1581], batch loss: 2.04407, batch accuracy: 3.12, data load time: 0.00045, step time: 0.02558,
epoch: [44], step: [635/1581], batch loss: 1.44790, batch accuracy: 34.38, data load time: 0.00184, step time: 0.01593,
epoch: [44], step: [935/1581], batch loss: 1.84447, batch accuracy: 0.00, data load time: 0.02347, step time: 0.02804,
epoch: [44], step: [1235/1581], batch loss: 2.89049, batch accuracy: 3.12, data load time: 0.33128, step time: 0.01278,
epoch: [44], step: [1535/1581], batch loss: 2.66250, batch accuracy: 0.00, data load time: 0.00021, step time: 0.01845,
validation loss: 1.55757, accuracy: 47.34, class_accuracy: [14.857142857142858, 68.29268292682927, 39.481268011527376, 80.53097345132744, 39.0092879256966, 35.913312693498455, 30.392156862745097, 57.903225806451616, 24.551971326164875, 85.42857142857143]
epoch: [45], step: [254/1581], batch loss: 2.47473, batch accuracy: 0.00, data load time: 0.00030, step time: 0.02157,
epoch: [45], step: [554/1581], batch loss: 2.50437, batch accuracy: 3.12, data load time: 0.00916, step time: 0.01279,
epoch: [45], step: [854/1581], batch loss: 1.40144, batch accuracy: 28.12, data load time: 0.00030, step time: 0.01852,
epoch: [45], step: [1154/1581], batch loss: 1.04471, batch accuracy: 75.00, data load time: 0.00193, step time: 0.01403,
epoch: [45], step: [1454/1581], batch loss: 1.50718, batch accuracy: 46.88, data load time: 0.00139, step time: 0.02078,
epoch: [46], step: [173/1581], batch loss: 0.50984, batch accuracy: 90.62, data load time: 0.00039, step time: 0.01178,
epoch: [46], step: [473/1581], batch loss: 1.25745, batch accuracy: 53.12, data load time: 0.01469, step time: 0.01832,
epoch: [46], step: [773/1581], batch loss: 0.41411, batch accuracy: 93.75, data load time: 0.01812, step time: 0.01247,
epoch: [46], step: [1073/1581], batch loss: 2.69959, batch accuracy: 0.00, data load time: 0.00193, step time: 0.02499,
epoch: [46], step: [1373/1581], batch loss: 3.32981, batch accuracy: 9.38, data load time: 0.00356, step time: 0.01548,
epoch: [47], step: [92/1581], batch loss: 1.98977, batch accuracy: 28.12, data load time: 0.00332, step time: 0.01318,
epoch: [47], step: [392/1581], batch loss: 1.84302, batch accuracy: 28.12, data load time: 0.03984, step time: 0.01368,
epoch: [47], step: [692/1581], batch loss: 5.11686, batch accuracy: 0.00, data load time: 0.00035, step time: 0.02417,
epoch: [47], step: [992/1581], batch loss: 0.46252, batch accuracy: 100.00, data load time: 0.00039, step time: 0.01613,
epoch: [47], step: [1292/1581], batch loss: 1.67768, batch accuracy: 12.50, data load time: 0.00939, step time: 0.01211,
slurmstepd: error: *** JOB 2951085 ON gpu10 CANCELLED AT 2019-12-27T13:49:28 DUE TO TIME LIMIT ***
