Using CUDA...
Writing logs to logs/CNN_bn_epochs=50_dropout=0.5_bs=32_lr=0.001_momentum=0.9_mode=LMC_run_3
epoch: [0], step: [299/1581], batch loss: 6.99855, batch accuracy: 0.00, data load time: 0.00044, step time: 0.02350,
epoch: [0], step: [599/1581], batch loss: 4.97248, batch accuracy: 0.00, data load time: 0.00030, step time: 0.01131,
epoch: [0], step: [899/1581], batch loss: 8.73461, batch accuracy: 0.00, data load time: 0.00649, step time: 0.01575,
epoch: [0], step: [1199/1581], batch loss: 3.34953, batch accuracy: 21.88, data load time: 0.00827, step time: 0.02627,
epoch: [0], step: [1499/1581], batch loss: 0.93316, batch accuracy: 81.25, data load time: 0.00845, step time: 0.02063,
epoch: [1], step: [218/1581], batch loss: 4.86016, batch accuracy: 6.25, data load time: 0.00028, step time: 0.01267,
epoch: [1], step: [518/1581], batch loss: 9.74347, batch accuracy: 0.00, data load time: 0.18947, step time: 0.01225,
epoch: [1], step: [818/1581], batch loss: 2.11754, batch accuracy: 15.62, data load time: 0.00030, step time: 0.02111,
epoch: [1], step: [1118/1581], batch loss: 1.23606, batch accuracy: 65.62, data load time: 0.00030, step time: 0.02734,
epoch: [1], step: [1418/1581], batch loss: 4.95185, batch accuracy: 0.00, data load time: 0.00282, step time: 0.01573,
epoch: [2], step: [137/1581], batch loss: 0.43873, batch accuracy: 96.88, data load time: 0.00356, step time: 0.01599,
epoch: [2], step: [437/1581], batch loss: 4.99020, batch accuracy: 0.00, data load time: 0.00032, step time: 0.02273,
epoch: [2], step: [737/1581], batch loss: 4.06186, batch accuracy: 0.00, data load time: 0.00878, step time: 0.02065,
epoch: [2], step: [1037/1581], batch loss: 4.32935, batch accuracy: 0.00, data load time: 0.01302, step time: 0.01824,
epoch: [2], step: [1337/1581], batch loss: 3.69856, batch accuracy: 0.00, data load time: 0.01536, step time: 0.02023,
epoch: [3], step: [56/1581], batch loss: 3.58081, batch accuracy: 0.00, data load time: 0.00109, step time: 0.01650,
epoch: [3], step: [356/1581], batch loss: 0.78066, batch accuracy: 90.62, data load time: 0.00037, step time: 0.01279,
epoch: [3], step: [656/1581], batch loss: 5.14724, batch accuracy: 0.00, data load time: 0.00245, step time: 0.01470,
epoch: [3], step: [956/1581], batch loss: 2.89221, batch accuracy: 0.00, data load time: 0.00345, step time: 0.01648,
epoch: [3], step: [1256/1581], batch loss: 4.49872, batch accuracy: 0.00, data load time: 0.00072, step time: 0.01647,
epoch: [3], step: [1556/1581], batch loss: 1.91490, batch accuracy: 15.62, data load time: 0.00019, step time: 0.01262,
epoch: [4], step: [275/1581], batch loss: 4.30400, batch accuracy: 0.00, data load time: 0.00791, step time: 0.02568,
epoch: [4], step: [575/1581], batch loss: 2.37055, batch accuracy: 3.12, data load time: 0.02497, step time: 0.01315,
epoch: [4], step: [875/1581], batch loss: 1.79443, batch accuracy: 43.75, data load time: 0.00039, step time: 0.01392,
epoch: [4], step: [1175/1581], batch loss: 2.21059, batch accuracy: 28.12, data load time: 0.00136, step time: 0.02166,
epoch: [4], step: [1475/1581], batch loss: 3.57270, batch accuracy: 0.00, data load time: 0.01581, step time: 0.03348,
validation loss: 2.22064, accuracy: 29.03, class_accuracy: [0.0, 7.317073170731708, 0.0, 43.008849557522126, 7.120743034055727, 0.0, 8.823529411764707, 89.6774193548387, 0.0, 100.0]
epoch: [5], step: [194/1581], batch loss: 1.34788, batch accuracy: 62.50, data load time: 0.00668, step time: 0.01372,
epoch: [5], step: [494/1581], batch loss: 0.77921, batch accuracy: 90.62, data load time: 0.00200, step time: 0.01552,
epoch: [5], step: [794/1581], batch loss: 1.42050, batch accuracy: 40.62, data load time: 0.00566, step time: 0.02213,
epoch: [5], step: [1094/1581], batch loss: 0.83688, batch accuracy: 90.62, data load time: 0.00026, step time: 0.01208,
epoch: [5], step: [1394/1581], batch loss: 0.75439, batch accuracy: 62.50, data load time: 0.00039, step time: 0.01197,
epoch: [6], step: [113/1581], batch loss: 2.64164, batch accuracy: 0.00, data load time: 0.00026, step time: 0.01295,
epoch: [6], step: [413/1581], batch loss: 1.70049, batch accuracy: 12.50, data load time: 0.00462, step time: 0.02887,
epoch: [6], step: [713/1581], batch loss: 0.14298, batch accuracy: 100.00, data load time: 0.00453, step time: 0.01616,
epoch: [6], step: [1013/1581], batch loss: 1.61939, batch accuracy: 28.12, data load time: 0.00028, step time: 0.01357,
epoch: [6], step: [1313/1581], batch loss: 2.19855, batch accuracy: 9.38, data load time: 0.00035, step time: 0.02443,
epoch: [7], step: [32/1581], batch loss: 3.87291, batch accuracy: 0.00, data load time: 0.00501, step time: 0.01268,
epoch: [7], step: [332/1581], batch loss: 0.89976, batch accuracy: 90.62, data load time: 0.00141, step time: 0.01628,
epoch: [7], step: [632/1581], batch loss: 1.09011, batch accuracy: 78.12, data load time: 0.00625, step time: 0.01496,
epoch: [7], step: [932/1581], batch loss: 1.90185, batch accuracy: 0.00, data load time: 0.00031, step time: 0.04125,
epoch: [7], step: [1232/1581], batch loss: 2.06888, batch accuracy: 6.25, data load time: 0.00305, step time: 0.02494,
epoch: [7], step: [1532/1581], batch loss: 1.81005, batch accuracy: 15.62, data load time: 0.00438, step time: 0.01732,
epoch: [8], step: [251/1581], batch loss: 2.65780, batch accuracy: 0.00, data load time: 0.00028, step time: 0.02572,
epoch: [8], step: [551/1581], batch loss: 2.82867, batch accuracy: 15.62, data load time: 0.00462, step time: 0.01311,
epoch: [8], step: [851/1581], batch loss: 1.58802, batch accuracy: 68.75, data load time: 0.02197, step time: 0.02754,
epoch: [8], step: [1151/1581], batch loss: 2.69189, batch accuracy: 0.00, data load time: 0.00641, step time: 0.01299,
epoch: [8], step: [1451/1581], batch loss: 1.79628, batch accuracy: 37.50, data load time: 0.00924, step time: 0.02701,
epoch: [9], step: [170/1581], batch loss: 2.32229, batch accuracy: 0.00, data load time: 0.00034, step time: 0.01232,
epoch: [9], step: [470/1581], batch loss: 0.54212, batch accuracy: 100.00, data load time: 0.00441, step time: 0.03140,
epoch: [9], step: [770/1581], batch loss: 1.32331, batch accuracy: 78.12, data load time: 0.00035, step time: 0.01229,
epoch: [9], step: [1070/1581], batch loss: 2.18926, batch accuracy: 31.25, data load time: 0.00029, step time: 0.02306,
epoch: [9], step: [1370/1581], batch loss: 2.22435, batch accuracy: 9.38, data load time: 0.00032, step time: 0.01119,
validation loss: 1.94194, accuracy: 20.96, class_accuracy: [0.0, 18.29268292682927, 0.0, 58.93805309734513, 7.585139318885449, 0.0, 11.764705882352942, 0.4838709677419355, 0.7168458781362007, 100.0]
epoch: [10], step: [89/1581], batch loss: 3.06570, batch accuracy: 0.00, data load time: 0.00035, step time: 0.01180,
epoch: [10], step: [389/1581], batch loss: 2.91010, batch accuracy: 0.00, data load time: 0.00031, step time: 0.01153,
epoch: [10], step: [689/1581], batch loss: 1.40201, batch accuracy: 40.62, data load time: 0.00463, step time: 0.01312,
epoch: [10], step: [989/1581], batch loss: 1.89276, batch accuracy: 0.00, data load time: 0.00032, step time: 0.03584,
epoch: [10], step: [1289/1581], batch loss: 3.50416, batch accuracy: 0.00, data load time: 0.01141, step time: 0.01196,
epoch: [11], step: [8/1581], batch loss: 2.92678, batch accuracy: 0.00, data load time: 0.00045, step time: 0.01408,
epoch: [11], step: [308/1581], batch loss: 1.44324, batch accuracy: 78.12, data load time: 0.00045, step time: 0.01197,
epoch: [11], step: [608/1581], batch loss: 1.37257, batch accuracy: 96.88, data load time: 0.00187, step time: 0.01712,
epoch: [11], step: [908/1581], batch loss: 1.44272, batch accuracy: 46.88, data load time: 0.00034, step time: 0.01183,
epoch: [11], step: [1208/1581], batch loss: 2.47295, batch accuracy: 6.25, data load time: 0.01297, step time: 0.01327,
epoch: [11], step: [1508/1581], batch loss: 1.46648, batch accuracy: 34.38, data load time: 0.00309, step time: 0.02320,
epoch: [12], step: [227/1581], batch loss: 2.16532, batch accuracy: 0.00, data load time: 0.00360, step time: 0.01615,
epoch: [12], step: [527/1581], batch loss: 2.88848, batch accuracy: 0.00, data load time: 0.00105, step time: 0.02921,
epoch: [12], step: [827/1581], batch loss: 2.00695, batch accuracy: 9.38, data load time: 0.00028, step time: 0.01737,
epoch: [12], step: [1127/1581], batch loss: 2.78863, batch accuracy: 0.00, data load time: 0.00030, step time: 0.01208,
epoch: [12], step: [1427/1581], batch loss: 2.52199, batch accuracy: 0.00, data load time: 0.00383, step time: 0.02321,
epoch: [13], step: [146/1581], batch loss: 0.80928, batch accuracy: 100.00, data load time: 0.00820, step time: 0.02123,
epoch: [13], step: [446/1581], batch loss: 3.14617, batch accuracy: 0.00, data load time: 0.00574, step time: 0.02418,
epoch: [13], step: [746/1581], batch loss: 2.32441, batch accuracy: 15.62, data load time: 0.00034, step time: 0.02206,
epoch: [13], step: [1046/1581], batch loss: 1.32533, batch accuracy: 71.88, data load time: 0.00936, step time: 0.01237,
epoch: [13], step: [1346/1581], batch loss: 1.61283, batch accuracy: 62.50, data load time: 0.00505, step time: 0.02006,
epoch: [14], step: [65/1581], batch loss: 1.74544, batch accuracy: 40.62, data load time: 0.00131, step time: 0.02539,
epoch: [14], step: [365/1581], batch loss: 1.39284, batch accuracy: 56.25, data load time: 0.00454, step time: 0.02465,
epoch: [14], step: [665/1581], batch loss: 2.75960, batch accuracy: 9.38, data load time: 0.00398, step time: 0.01674,
epoch: [14], step: [965/1581], batch loss: 1.95713, batch accuracy: 0.00, data load time: 0.01346, step time: 0.02609,
epoch: [14], step: [1265/1581], batch loss: 2.58400, batch accuracy: 0.00, data load time: 0.00059, step time: 0.02264,
epoch: [14], step: [1565/1581], batch loss: 2.23059, batch accuracy: 21.88, data load time: 0.00014, step time: 0.01018,
validation loss: 1.77610, accuracy: 35.44, class_accuracy: [0.0, 36.58536585365854, 9.221902017291066, 77.52212389380531, 42.72445820433437, 45.04643962848297, 15.686274509803921, 7.419354838709677, 4.659498207885305, 99.28571428571429]
epoch: [15], step: [284/1581], batch loss: 2.33863, batch accuracy: 6.25, data load time: 0.00035, step time: 0.02274,
epoch: [15], step: [584/1581], batch loss: 2.18035, batch accuracy: 12.50, data load time: 0.00071, step time: 0.01127,
epoch: [15], step: [884/1581], batch loss: 2.38007, batch accuracy: 6.25, data load time: 0.00036, step time: 0.02235,
epoch: [15], step: [1184/1581], batch loss: 1.97390, batch accuracy: 46.88, data load time: 0.00026, step time: 0.01188,
epoch: [15], step: [1484/1581], batch loss: 2.69889, batch accuracy: 0.00, data load time: 0.00603, step time: 0.01787,
epoch: [16], step: [203/1581], batch loss: 2.08378, batch accuracy: 0.00, data load time: 0.00661, step time: 0.01606,
epoch: [16], step: [503/1581], batch loss: 0.54992, batch accuracy: 100.00, data load time: 0.00687, step time: 0.01936,
epoch: [16], step: [803/1581], batch loss: 3.05725, batch accuracy: 21.88, data load time: 0.00035, step time: 0.01183,
epoch: [16], step: [1103/1581], batch loss: 2.08904, batch accuracy: 18.75, data load time: 0.00040, step time: 0.02519,
epoch: [16], step: [1403/1581], batch loss: 1.81392, batch accuracy: 40.62, data load time: 0.15333, step time: 0.01358,
epoch: [17], step: [122/1581], batch loss: 1.82280, batch accuracy: 12.50, data load time: 0.00602, step time: 0.02237,
epoch: [17], step: [422/1581], batch loss: 1.87147, batch accuracy: 28.12, data load time: 0.00545, step time: 0.01586,
epoch: [17], step: [722/1581], batch loss: 1.92651, batch accuracy: 0.00, data load time: 0.00578, step time: 0.01382,
epoch: [17], step: [1022/1581], batch loss: 1.91513, batch accuracy: 15.62, data load time: 0.00034, step time: 0.02914,
epoch: [17], step: [1322/1581], batch loss: 2.30363, batch accuracy: 0.00, data load time: 0.00519, step time: 0.01642,
epoch: [18], step: [41/1581], batch loss: 2.25973, batch accuracy: 0.00, data load time: 0.00040, step time: 0.01814,
epoch: [18], step: [341/1581], batch loss: 2.88197, batch accuracy: 6.25, data load time: 0.00063, step time: 0.03239,
epoch: [18], step: [641/1581], batch loss: 2.08630, batch accuracy: 0.00, data load time: 0.00588, step time: 0.01311,
epoch: [18], step: [941/1581], batch loss: 1.90467, batch accuracy: 0.00, data load time: 0.22986, step time: 0.01254,
epoch: [18], step: [1241/1581], batch loss: 2.32686, batch accuracy: 0.00, data load time: 0.00173, step time: 0.02591,
epoch: [18], step: [1541/1581], batch loss: 2.76847, batch accuracy: 0.00, data load time: 0.00015, step time: 0.01043,
epoch: [19], step: [260/1581], batch loss: 2.00701, batch accuracy: 12.50, data load time: 0.00028, step time: 0.01748,
epoch: [19], step: [560/1581], batch loss: 2.21108, batch accuracy: 3.12, data load time: 0.00054, step time: 0.01203,
epoch: [19], step: [860/1581], batch loss: 1.93171, batch accuracy: 15.62, data load time: 0.00661, step time: 0.01327,
epoch: [19], step: [1160/1581], batch loss: 1.79676, batch accuracy: 43.75, data load time: 0.01016, step time: 0.02130,
epoch: [19], step: [1460/1581], batch loss: 2.06491, batch accuracy: 3.12, data load time: 0.00285, step time: 0.02169,
validation loss: 1.68567, accuracy: 39.30, class_accuracy: [0.0, 51.21951219512195, 24.495677233429394, 77.69911504424779, 48.76160990712074, 52.94117647058823, 26.470588235294116, 12.258064516129032, 1.7921146953405018, 93.85714285714286]
epoch: [20], step: [179/1581], batch loss: 2.51177, batch accuracy: 0.00, data load time: 0.00028, step time: 0.01699,
epoch: [20], step: [479/1581], batch loss: 1.45542, batch accuracy: 53.12, data load time: 0.00034, step time: 0.01242,
epoch: [20], step: [779/1581], batch loss: 2.11098, batch accuracy: 0.00, data load time: 0.00026, step time: 0.01339,
epoch: [20], step: [1079/1581], batch loss: 2.50801, batch accuracy: 0.00, data load time: 0.01328, step time: 0.01266,
epoch: [20], step: [1379/1581], batch loss: 2.66196, batch accuracy: 25.00, data load time: 0.00962, step time: 0.01498,
epoch: [21], step: [98/1581], batch loss: 2.46334, batch accuracy: 3.12, data load time: 0.18864, step time: 0.01233,
epoch: [21], step: [398/1581], batch loss: 1.79119, batch accuracy: 15.62, data load time: 0.00333, step time: 0.01619,
epoch: [21], step: [698/1581], batch loss: 2.70031, batch accuracy: 0.00, data load time: 0.00102, step time: 0.02624,
epoch: [21], step: [998/1581], batch loss: 2.02913, batch accuracy: 0.00, data load time: 0.00470, step time: 0.01807,
epoch: [21], step: [1298/1581], batch loss: 2.38375, batch accuracy: 0.00, data load time: 0.06534, step time: 0.01181,
epoch: [22], step: [17/1581], batch loss: 1.27508, batch accuracy: 84.38, data load time: 0.01318, step time: 0.01357,
epoch: [22], step: [317/1581], batch loss: 2.36763, batch accuracy: 0.00, data load time: 0.00355, step time: 0.01648,
epoch: [22], step: [617/1581], batch loss: 2.40013, batch accuracy: 3.12, data load time: 0.00033, step time: 0.01138,
epoch: [22], step: [917/1581], batch loss: 2.36475, batch accuracy: 28.12, data load time: 0.00677, step time: 0.01783,
epoch: [22], step: [1217/1581], batch loss: 1.97878, batch accuracy: 12.50, data load time: 0.00038, step time: 0.01186,
epoch: [22], step: [1517/1581], batch loss: 2.68948, batch accuracy: 0.00, data load time: 0.00030, step time: 0.01406,
epoch: [23], step: [236/1581], batch loss: 2.63602, batch accuracy: 0.00, data load time: 0.00038, step time: 0.01230,
epoch: [23], step: [536/1581], batch loss: 1.79664, batch accuracy: 12.50, data load time: 0.03161, step time: 0.02049,
epoch: [23], step: [836/1581], batch loss: 1.97123, batch accuracy: 25.00, data load time: 0.01157, step time: 0.01252,
epoch: [23], step: [1136/1581], batch loss: 2.22157, batch accuracy: 3.12, data load time: 0.00378, step time: 0.01667,
epoch: [23], step: [1436/1581], batch loss: 2.14821, batch accuracy: 0.00, data load time: 0.00050, step time: 0.02597,
epoch: [24], step: [155/1581], batch loss: 2.26404, batch accuracy: 3.12, data load time: 0.00337, step time: 0.02694,
epoch: [24], step: [455/1581], batch loss: 2.66074, batch accuracy: 0.00, data load time: 0.00327, step time: 0.01322,
epoch: [24], step: [755/1581], batch loss: 2.62105, batch accuracy: 0.00, data load time: 0.00738, step time: 0.01361,
epoch: [24], step: [1055/1581], batch loss: 1.58927, batch accuracy: 62.50, data load time: 0.00477, step time: 0.01208,
epoch: [24], step: [1355/1581], batch loss: 1.61945, batch accuracy: 62.50, data load time: 0.00030, step time: 0.02530,
validation loss: 1.65600, accuracy: 43.45, class_accuracy: [0.0, 56.707317073170735, 30.259365994236312, 78.58407079646018, 51.54798761609907, 55.72755417956656, 33.333333333333336, 36.45161290322581, 3.4050179211469533, 89.28571428571429]
epoch: [25], step: [74/1581], batch loss: 1.65781, batch accuracy: 81.25, data load time: 0.01825, step time: 0.01195,
epoch: [25], step: [374/1581], batch loss: 1.41217, batch accuracy: 87.50, data load time: 0.00916, step time: 0.02197,
epoch: [25], step: [674/1581], batch loss: 2.11975, batch accuracy: 9.38, data load time: 0.00332, step time: 0.02231,
epoch: [25], step: [974/1581], batch loss: 1.89045, batch accuracy: 3.12, data load time: 0.00040, step time: 0.01742,
epoch: [25], step: [1274/1581], batch loss: 2.35766, batch accuracy: 12.50, data load time: 0.00036, step time: 0.02148,
epoch: [25], step: [1574/1581], batch loss: 1.60745, batch accuracy: 59.38, data load time: 0.00017, step time: 0.01934,
epoch: [26], step: [293/1581], batch loss: 2.14002, batch accuracy: 18.75, data load time: 0.00584, step time: 0.01346,
epoch: [26], step: [593/1581], batch loss: 2.33294, batch accuracy: 3.12, data load time: 0.00046, step time: 0.01139,
epoch: [26], step: [893/1581], batch loss: 1.81353, batch accuracy: 28.12, data load time: 0.00214, step time: 0.01319,
epoch: [26], step: [1193/1581], batch loss: 1.54346, batch accuracy: 50.00, data load time: 0.00123, step time: 0.01887,
epoch: [26], step: [1493/1581], batch loss: 1.30735, batch accuracy: 65.62, data load time: 0.00044, step time: 0.01243,
epoch: [27], step: [212/1581], batch loss: 2.23639, batch accuracy: 0.00, data load time: 0.00618, step time: 0.01372,
epoch: [27], step: [512/1581], batch loss: 0.69784, batch accuracy: 100.00, data load time: 0.00656, step time: 0.01830,
epoch: [27], step: [812/1581], batch loss: 1.93209, batch accuracy: 0.00, data load time: 0.00032, step time: 0.01216,
epoch: [27], step: [1112/1581], batch loss: 1.83138, batch accuracy: 25.00, data load time: 0.00672, step time: 0.01965,
epoch: [27], step: [1412/1581], batch loss: 2.49178, batch accuracy: 0.00, data load time: 0.00045, step time: 0.01424,
epoch: [28], step: [131/1581], batch loss: 1.25053, batch accuracy: 43.75, data load time: 0.00415, step time: 0.01727,
epoch: [28], step: [431/1581], batch loss: 3.34875, batch accuracy: 37.50, data load time: 0.00637, step time: 0.01312,
epoch: [28], step: [731/1581], batch loss: 2.02167, batch accuracy: 12.50, data load time: 0.00684, step time: 0.01351,
epoch: [28], step: [1031/1581], batch loss: 1.87753, batch accuracy: 6.25, data load time: 0.00034, step time: 0.01140,
epoch: [28], step: [1331/1581], batch loss: 2.13684, batch accuracy: 25.00, data load time: 0.01809, step time: 0.02415,
epoch: [29], step: [50/1581], batch loss: 2.27365, batch accuracy: 9.38, data load time: 0.00237, step time: 0.02827,
epoch: [29], step: [350/1581], batch loss: 2.43369, batch accuracy: 0.00, data load time: 0.16541, step time: 0.01198,
epoch: [29], step: [650/1581], batch loss: 1.16321, batch accuracy: 65.62, data load time: 0.00450, step time: 0.01314,
epoch: [29], step: [950/1581], batch loss: 2.82451, batch accuracy: 6.25, data load time: 0.00036, step time: 0.01523,
epoch: [29], step: [1250/1581], batch loss: 1.32451, batch accuracy: 37.50, data load time: 0.18839, step time: 0.01210,
epoch: [29], step: [1550/1581], batch loss: 1.37562, batch accuracy: 78.12, data load time: 0.00014, step time: 0.01579,
validation loss: 1.62722, accuracy: 45.54, class_accuracy: [0.0, 58.53658536585366, 41.210374639769455, 78.23008849557522, 51.39318885448916, 44.11764705882353, 36.27450980392157, 55.806451612903224, 5.376344086021505, 86.14285714285714]
epoch: [30], step: [269/1581], batch loss: 1.99993, batch accuracy: 15.62, data load time: 0.00040, step time: 0.02593,
epoch: [30], step: [569/1581], batch loss: 2.56217, batch accuracy: 0.00, data load time: 0.00640, step time: 0.01538,
epoch: [30], step: [869/1581], batch loss: 2.09897, batch accuracy: 12.50, data load time: 0.00118, step time: 0.02543,
epoch: [30], step: [1169/1581], batch loss: 2.53347, batch accuracy: 0.00, data load time: 0.00041, step time: 0.02060,
epoch: [30], step: [1469/1581], batch loss: 1.36245, batch accuracy: 65.62, data load time: 0.00030, step time: 0.01228,
epoch: [31], step: [188/1581], batch loss: 1.86072, batch accuracy: 34.38, data load time: 0.00033, step time: 0.01220,
epoch: [31], step: [488/1581], batch loss: 1.33711, batch accuracy: 81.25, data load time: 0.00044, step time: 0.02533,
epoch: [31], step: [788/1581], batch loss: 1.81199, batch accuracy: 3.12, data load time: 0.00539, step time: 0.01327,
epoch: [31], step: [1088/1581], batch loss: 1.11383, batch accuracy: 84.38, data load time: 0.00033, step time: 0.01258,
epoch: [31], step: [1388/1581], batch loss: 2.39770, batch accuracy: 12.50, data load time: 0.01494, step time: 0.01290,
epoch: [32], step: [107/1581], batch loss: 1.31740, batch accuracy: 62.50, data load time: 0.00359, step time: 0.02734,
epoch: [32], step: [407/1581], batch loss: 1.42684, batch accuracy: 81.25, data load time: 0.00070, step time: 0.01339,
epoch: [32], step: [707/1581], batch loss: 2.16481, batch accuracy: 0.00, data load time: 0.00115, step time: 0.01227,
epoch: [32], step: [1007/1581], batch loss: 2.99013, batch accuracy: 0.00, data load time: 0.00334, step time: 0.01585,
epoch: [32], step: [1307/1581], batch loss: 1.12970, batch accuracy: 56.25, data load time: 0.01033, step time: 0.02627,
epoch: [33], step: [26/1581], batch loss: 2.62105, batch accuracy: 0.00, data load time: 0.00128, step time: 0.02305,
epoch: [33], step: [326/1581], batch loss: 1.97635, batch accuracy: 25.00, data load time: 0.00058, step time: 0.02438,
epoch: [33], step: [626/1581], batch loss: 2.32507, batch accuracy: 18.75, data load time: 0.00088, step time: 0.02616,
epoch: [33], step: [926/1581], batch loss: 2.18655, batch accuracy: 21.88, data load time: 0.00029, step time: 0.01568,
epoch: [33], step: [1226/1581], batch loss: 2.56399, batch accuracy: 0.00, data load time: 0.00027, step time: 0.02759,
epoch: [33], step: [1526/1581], batch loss: 1.92566, batch accuracy: 28.12, data load time: 0.00350, step time: 0.01607,
epoch: [34], step: [245/1581], batch loss: 1.74493, batch accuracy: 18.75, data load time: 0.11282, step time: 0.01252,
epoch: [34], step: [545/1581], batch loss: 0.74702, batch accuracy: 96.88, data load time: 0.00402, step time: 0.01999,
epoch: [34], step: [845/1581], batch loss: 1.26201, batch accuracy: 93.75, data load time: 0.00031, step time: 0.01192,
epoch: [34], step: [1145/1581], batch loss: 1.39751, batch accuracy: 75.00, data load time: 0.00932, step time: 0.02960,
epoch: [34], step: [1445/1581], batch loss: 2.59429, batch accuracy: 9.38, data load time: 0.00034, step time: 0.01287,
validation loss: 1.65029, accuracy: 44.63, class_accuracy: [0.0, 53.048780487804876, 44.81268011527378, 77.16814159292035, 52.94117647058823, 40.71207430340557, 33.333333333333336, 56.61290322580645, 8.064516129032258, 77.0]
epoch: [35], step: [164/1581], batch loss: 2.40142, batch accuracy: 34.38, data load time: 0.00619, step time: 0.02476,
epoch: [35], step: [464/1581], batch loss: 1.87089, batch accuracy: 34.38, data load time: 0.00049, step time: 0.01713,
epoch: [35], step: [764/1581], batch loss: 2.42441, batch accuracy: 0.00, data load time: 0.00339, step time: 0.02495,
epoch: [35], step: [1064/1581], batch loss: 2.65481, batch accuracy: 0.00, data load time: 0.00068, step time: 0.02486,
epoch: [35], step: [1364/1581], batch loss: 4.40929, batch accuracy: 0.00, data load time: 0.00589, step time: 0.01221,
epoch: [36], step: [83/1581], batch loss: 1.05922, batch accuracy: 68.75, data load time: 0.00038, step time: 0.03064,
epoch: [36], step: [383/1581], batch loss: 2.62970, batch accuracy: 0.00, data load time: 0.00059, step time: 0.01568,
epoch: [36], step: [683/1581], batch loss: 2.23540, batch accuracy: 6.25, data load time: 0.00033, step time: 0.01193,
epoch: [36], step: [983/1581], batch loss: 2.01078, batch accuracy: 25.00, data load time: 0.01522, step time: 0.02132,
epoch: [36], step: [1283/1581], batch loss: 2.31368, batch accuracy: 3.12, data load time: 0.00407, step time: 0.01594,
epoch: [37], step: [2/1581], batch loss: 0.74995, batch accuracy: 68.75, data load time: 0.00031, step time: 0.02122,
epoch: [37], step: [302/1581], batch loss: 0.90631, batch accuracy: 87.50, data load time: 0.02337, step time: 0.02630,
epoch: [37], step: [602/1581], batch loss: 2.62899, batch accuracy: 3.12, data load time: 0.00031, step time: 0.02737,
epoch: [37], step: [902/1581], batch loss: 1.52449, batch accuracy: 53.12, data load time: 0.00032, step time: 0.01154,
epoch: [37], step: [1202/1581], batch loss: 1.24130, batch accuracy: 62.50, data load time: 0.01291, step time: 0.01229,
epoch: [37], step: [1502/1581], batch loss: 1.14110, batch accuracy: 75.00, data load time: 0.00714, step time: 0.01292,
epoch: [38], step: [221/1581], batch loss: 2.78226, batch accuracy: 12.50, data load time: 0.00038, step time: 0.01203,
epoch: [38], step: [521/1581], batch loss: 2.32339, batch accuracy: 6.25, data load time: 0.00041, step time: 0.02434,
epoch: [38], step: [821/1581], batch loss: 1.53215, batch accuracy: 43.75, data load time: 0.00546, step time: 0.01436,
epoch: [38], step: [1121/1581], batch loss: 0.81265, batch accuracy: 84.38, data load time: 0.00607, step time: 0.01238,
epoch: [38], step: [1421/1581], batch loss: 2.22815, batch accuracy: 12.50, data load time: 0.00915, step time: 0.02630,
epoch: [39], step: [140/1581], batch loss: 1.57945, batch accuracy: 59.38, data load time: 0.07515, step time: 0.01174,
epoch: [39], step: [440/1581], batch loss: 0.84365, batch accuracy: 93.75, data load time: 0.00289, step time: 0.01618,
epoch: [39], step: [740/1581], batch loss: 1.42002, batch accuracy: 65.62, data load time: 0.00633, step time: 0.01825,
epoch: [39], step: [1040/1581], batch loss: 2.02956, batch accuracy: 9.38, data load time: 0.01379, step time: 0.01673,
epoch: [39], step: [1340/1581], batch loss: 1.01845, batch accuracy: 59.38, data load time: 0.00647, step time: 0.01338,
validation loss: 1.64874, accuracy: 42.82, class_accuracy: [0.0, 46.34146341463415, 40.20172910662824, 78.40707964601769, 45.6656346749226, 38.23529411764706, 23.529411764705884, 63.87096774193548, 7.168458781362007, 72.85714285714286]
epoch: [40], step: [59/1581], batch loss: 2.15505, batch accuracy: 3.12, data load time: 0.00035, step time: 0.01313,
epoch: [40], step: [359/1581], batch loss: 2.10516, batch accuracy: 3.12, data load time: 0.00505, step time: 0.03001,
epoch: [40], step: [659/1581], batch loss: 2.11433, batch accuracy: 3.12, data load time: 0.00413, step time: 0.01683,
epoch: [40], step: [959/1581], batch loss: 1.89476, batch accuracy: 6.25, data load time: 0.00378, step time: 0.01572,
epoch: [40], step: [1259/1581], batch loss: 0.99430, batch accuracy: 81.25, data load time: 0.00034, step time: 0.01564,
epoch: [40], step: [1559/1581], batch loss: 1.74117, batch accuracy: 18.75, data load time: 0.00016, step time: 0.01067,
epoch: [41], step: [278/1581], batch loss: 3.60373, batch accuracy: 18.75, data load time: 0.00027, step time: 0.01156,
epoch: [41], step: [578/1581], batch loss: 1.88375, batch accuracy: 21.88, data load time: 0.02233, step time: 0.02277,
epoch: [41], step: [878/1581], batch loss: 1.52485, batch accuracy: 43.75, data load time: 0.00035, step time: 0.01620,
epoch: [41], step: [1178/1581], batch loss: 2.37026, batch accuracy: 6.25, data load time: 0.01001, step time: 0.01210,
epoch: [41], step: [1478/1581], batch loss: 2.14938, batch accuracy: 3.12, data load time: 0.00101, step time: 0.02023,
epoch: [42], step: [197/1581], batch loss: 1.84115, batch accuracy: 40.62, data load time: 0.00072, step time: 0.02255,
epoch: [42], step: [497/1581], batch loss: 0.98626, batch accuracy: 87.50, data load time: 0.00083, step time: 0.02721,
epoch: [42], step: [797/1581], batch loss: 2.05091, batch accuracy: 21.88, data load time: 0.00592, step time: 0.01211,
epoch: [42], step: [1097/1581], batch loss: 1.09444, batch accuracy: 50.00, data load time: 0.00455, step time: 0.01671,
epoch: [42], step: [1397/1581], batch loss: 1.82300, batch accuracy: 31.25, data load time: 0.00028, step time: 0.02774,
epoch: [43], step: [116/1581], batch loss: 0.97574, batch accuracy: 65.62, data load time: 0.00040, step time: 0.01639,
epoch: [43], step: [416/1581], batch loss: 1.16194, batch accuracy: 65.62, data load time: 0.00338, step time: 0.01647,
epoch: [43], step: [716/1581], batch loss: 1.51153, batch accuracy: 46.88, data load time: 0.01316, step time: 0.01230,
epoch: [43], step: [1016/1581], batch loss: 1.35191, batch accuracy: 53.12, data load time: 0.00831, step time: 0.01927,
epoch: [43], step: [1316/1581], batch loss: 2.06231, batch accuracy: 37.50, data load time: 0.00484, step time: 0.01412,
epoch: [44], step: [35/1581], batch loss: 1.47763, batch accuracy: 31.25, data load time: 0.01503, step time: 0.02459,
epoch: [44], step: [335/1581], batch loss: 1.90952, batch accuracy: 15.62, data load time: 0.00627, step time: 0.01594,
epoch: [44], step: [635/1581], batch loss: 1.72599, batch accuracy: 34.38, data load time: 0.00668, step time: 0.01670,
epoch: [44], step: [935/1581], batch loss: 2.03542, batch accuracy: 9.38, data load time: 0.00113, step time: 0.02113,
epoch: [44], step: [1235/1581], batch loss: 2.76637, batch accuracy: 0.00, data load time: 0.00386, step time: 0.01629,
epoch: [44], step: [1535/1581], batch loss: 2.51272, batch accuracy: 0.00, data load time: 0.00018, step time: 0.01301,
validation loss: 1.59449, accuracy: 45.21, class_accuracy: [0.14285714285714285, 47.5609756097561, 54.75504322766571, 77.16814159292035, 44.27244582043344, 37.925696594427244, 25.49019607843137, 69.03225806451613, 8.243727598566307, 73.28571428571429]
epoch: [45], step: [254/1581], batch loss: 2.47043, batch accuracy: 0.00, data load time: 0.00410, step time: 0.01613,
epoch: [45], step: [554/1581], batch loss: 2.28159, batch accuracy: 6.25, data load time: 0.00337, step time: 0.02636,
epoch: [45], step: [854/1581], batch loss: 1.55804, batch accuracy: 43.75, data load time: 0.00341, step time: 0.01156,
epoch: [45], step: [1154/1581], batch loss: 1.06687, batch accuracy: 68.75, data load time: 0.00388, step time: 0.01635,
epoch: [45], step: [1454/1581], batch loss: 1.31715, batch accuracy: 65.62, data load time: 0.00039, step time: 0.01257,
epoch: [46], step: [173/1581], batch loss: 0.67292, batch accuracy: 75.00, data load time: 0.00604, step time: 0.02757,
epoch: [46], step: [473/1581], batch loss: 1.34769, batch accuracy: 50.00, data load time: 0.00670, step time: 0.01652,
epoch: [46], step: [773/1581], batch loss: 0.28173, batch accuracy: 100.00, data load time: 0.00031, step time: 0.02514,
epoch: [46], step: [1073/1581], batch loss: 2.92759, batch accuracy: 0.00, data load time: 0.00036, step time: 0.01228,
epoch: [46], step: [1373/1581], batch loss: 3.60340, batch accuracy: 18.75, data load time: 0.64746, step time: 0.01263,
epoch: [47], step: [92/1581], batch loss: 2.03832, batch accuracy: 3.12, data load time: 0.00477, step time: 0.01342,
epoch: [47], step: [392/1581], batch loss: 1.81518, batch accuracy: 25.00, data load time: 0.00154, step time: 0.01877,
epoch: [47], step: [692/1581], batch loss: 2.69485, batch accuracy: 18.75, data load time: 0.00651, step time: 0.02727,
epoch: [47], step: [992/1581], batch loss: 0.80236, batch accuracy: 96.88, data load time: 0.00032, step time: 0.01171,
epoch: [47], step: [1292/1581], batch loss: 1.63210, batch accuracy: 12.50, data load time: 0.00029, step time: 0.02441,
epoch: [48], step: [11/1581], batch loss: 1.81112, batch accuracy: 31.25, data load time: 0.00026, step time: 0.02358,
epoch: [48], step: [311/1581], batch loss: 1.56016, batch accuracy: 34.38, data load time: 0.00031, step time: 0.02868,
epoch: [48], step: [611/1581], batch loss: 1.13325, batch accuracy: 75.00, data load time: 0.00850, step time: 0.03516,
epoch: [48], step: [911/1581], batch loss: 1.34450, batch accuracy: 50.00, data load time: 0.00500, step time: 0.02040,
epoch: [48], step: [1211/1581], batch loss: 2.28279, batch accuracy: 0.00, data load time: 0.00549, step time: 0.01391,
epoch: [48], step: [1511/1581], batch loss: 0.64690, batch accuracy: 90.62, data load time: 0.00034, step time: 0.01336,
epoch: [49], step: [230/1581], batch loss: 1.77894, batch accuracy: 37.50, data load time: 0.00702, step time: 0.02037,
epoch: [49], step: [530/1581], batch loss: 2.95901, batch accuracy: 12.50, data load time: 0.00031, step time: 0.01207,
epoch: [49], step: [830/1581], batch loss: 1.10488, batch accuracy: 71.88, data load time: 0.00296, step time: 0.01710,
epoch: [49], step: [1130/1581], batch loss: 1.99031, batch accuracy: 6.25, data load time: 0.01326, step time: 0.01181,
epoch: [49], step: [1430/1581], batch loss: 1.52896, batch accuracy: 25.00, data load time: 0.00029, step time: 0.02582,
validation loss: 1.58570, accuracy: 45.49, class_accuracy: [0.0, 44.51219512195122, 54.32276657060519, 74.69026548672566, 44.73684210526316, 34.52012383900929, 25.49019607843137, 81.29032258064517, 9.13978494623656, 69.85714285714286]
Total time taken: 2720.311586856842
