Using CUDA...
Writing logs to logs/CNN_bn_epochs=50_dropout=0.5_bs=32_optim=Adam_decay=1e-05_lr=0.001_momentum=0.9_mode=LMC_run_0
epoch: [0], step: [299/1581], batch loss: 1.34259, batch accuracy: 56.25, data load time: 0.00021, step time: 0.01113,
epoch: [0], step: [599/1581], batch loss: 1.00417, batch accuracy: 62.50, data load time: 0.00033, step time: 0.01076,
epoch: [0], step: [899/1581], batch loss: 0.86947, batch accuracy: 75.00, data load time: 0.00023, step time: 0.01010,
epoch: [0], step: [1199/1581], batch loss: 0.60221, batch accuracy: 81.25, data load time: 0.00022, step time: 0.00978,
epoch: [0], step: [1499/1581], batch loss: 0.37130, batch accuracy: 84.38, data load time: 0.00024, step time: 0.01139,
epoch: [1], step: [218/1581], batch loss: 0.31490, batch accuracy: 87.50, data load time: 0.00023, step time: 0.01022,
epoch: [1], step: [518/1581], batch loss: 0.24972, batch accuracy: 90.62, data load time: 0.00023, step time: 0.01048,
epoch: [1], step: [818/1581], batch loss: 0.28118, batch accuracy: 84.38, data load time: 0.00024, step time: 0.01017,
epoch: [1], step: [1118/1581], batch loss: 0.57233, batch accuracy: 78.12, data load time: 0.00026, step time: 0.01011,
epoch: [1], step: [1418/1581], batch loss: 0.18601, batch accuracy: 93.75, data load time: 0.00023, step time: 0.01205,
epoch: [2], step: [137/1581], batch loss: 0.45590, batch accuracy: 93.75, data load time: 0.00021, step time: 0.01105,
epoch: [2], step: [437/1581], batch loss: 0.18287, batch accuracy: 93.75, data load time: 0.00033, step time: 0.01094,
epoch: [2], step: [737/1581], batch loss: 0.27515, batch accuracy: 96.88, data load time: 0.00024, step time: 0.01064,
epoch: [2], step: [1037/1581], batch loss: 0.47866, batch accuracy: 81.25, data load time: 0.00332, step time: 0.01157,
epoch: [2], step: [1337/1581], batch loss: 0.25243, batch accuracy: 84.38, data load time: 0.00025, step time: 0.00975,
epoch: [3], step: [56/1581], batch loss: 0.13674, batch accuracy: 96.88, data load time: 0.00022, step time: 0.01257,
epoch: [3], step: [356/1581], batch loss: 0.69457, batch accuracy: 96.88, data load time: 0.00036, step time: 0.01015,
epoch: [3], step: [656/1581], batch loss: 0.35363, batch accuracy: 87.50, data load time: 0.00023, step time: 0.01015,
epoch: [3], step: [956/1581], batch loss: 0.10564, batch accuracy: 96.88, data load time: 0.00034, step time: 0.00978,
epoch: [3], step: [1256/1581], batch loss: 0.17254, batch accuracy: 93.75, data load time: 0.00346, step time: 0.01050,
epoch: [3], step: [1556/1581], batch loss: 0.06083, batch accuracy: 100.00, data load time: 0.00011, step time: 0.00871,
epoch: [4], step: [275/1581], batch loss: 0.08355, batch accuracy: 96.88, data load time: 0.00023, step time: 0.00989,
epoch: [4], step: [575/1581], batch loss: 0.05231, batch accuracy: 100.00, data load time: 0.00033, step time: 0.01008,
epoch: [4], step: [875/1581], batch loss: 0.08025, batch accuracy: 96.88, data load time: 0.00033, step time: 0.01021,
epoch: [4], step: [1175/1581], batch loss: 0.14292, batch accuracy: 93.75, data load time: 0.00022, step time: 0.00931,
epoch: [4], step: [1475/1581], batch loss: 0.03750, batch accuracy: 96.88, data load time: 0.00024, step time: 0.00999,
validation loss: 1.47081, accuracy: 65.10, class_accuracy: [39.83050847457627, 71.05263157894737, 53.84615384615385, 69.02654867256638, 100.0, 48.62385321100918, 80.0, 89.38053097345133, 42.857142857142854, 66.94915254237289]
epoch: [5], step: [194/1581], batch loss: 0.12578, batch accuracy: 96.88, data load time: 0.00024, step time: 0.01032,
epoch: [5], step: [494/1581], batch loss: 0.16171, batch accuracy: 93.75, data load time: 0.00023, step time: 0.01144,
epoch: [5], step: [794/1581], batch loss: 0.22473, batch accuracy: 90.62, data load time: 0.00022, step time: 0.01152,
epoch: [5], step: [1094/1581], batch loss: 0.02878, batch accuracy: 100.00, data load time: 0.00022, step time: 0.01121,
epoch: [5], step: [1394/1581], batch loss: 0.03951, batch accuracy: 100.00, data load time: 0.00021, step time: 0.00931,
epoch: [6], step: [113/1581], batch loss: 0.05394, batch accuracy: 96.88, data load time: 0.00022, step time: 0.01032,
epoch: [6], step: [413/1581], batch loss: 0.09184, batch accuracy: 96.88, data load time: 0.00023, step time: 0.00976,
epoch: [6], step: [713/1581], batch loss: 0.10130, batch accuracy: 93.75, data load time: 0.00033, step time: 0.01058,
epoch: [6], step: [1013/1581], batch loss: 0.13688, batch accuracy: 96.88, data load time: 0.00025, step time: 0.00997,
epoch: [6], step: [1313/1581], batch loss: 0.02115, batch accuracy: 100.00, data load time: 0.00023, step time: 0.00949,
epoch: [7], step: [32/1581], batch loss: 0.06482, batch accuracy: 96.88, data load time: 0.00560, step time: 0.01403,
epoch: [7], step: [332/1581], batch loss: 0.07046, batch accuracy: 96.88, data load time: 0.00037, step time: 0.01053,
epoch: [7], step: [632/1581], batch loss: 0.05663, batch accuracy: 96.88, data load time: 0.00022, step time: 0.01170,
epoch: [7], step: [932/1581], batch loss: 0.19920, batch accuracy: 93.75, data load time: 0.00027, step time: 0.01175,
epoch: [7], step: [1232/1581], batch loss: 0.08764, batch accuracy: 96.88, data load time: 0.00035, step time: 0.01043,
epoch: [7], step: [1532/1581], batch loss: 0.14314, batch accuracy: 96.88, data load time: 0.00018, step time: 0.00962,
epoch: [8], step: [251/1581], batch loss: 0.06884, batch accuracy: 96.88, data load time: 0.00033, step time: 0.01021,
epoch: [8], step: [551/1581], batch loss: 0.06518, batch accuracy: 96.88, data load time: 0.00073, step time: 0.01424,
epoch: [8], step: [851/1581], batch loss: 0.04207, batch accuracy: 96.88, data load time: 0.00600, step time: 0.00969,
epoch: [8], step: [1151/1581], batch loss: 0.16436, batch accuracy: 96.88, data load time: 0.00035, step time: 0.00999,
epoch: [8], step: [1451/1581], batch loss: 0.02588, batch accuracy: 100.00, data load time: 0.00032, step time: 0.00964,
epoch: [9], step: [170/1581], batch loss: 0.10898, batch accuracy: 96.88, data load time: 0.00024, step time: 0.01050,
epoch: [9], step: [470/1581], batch loss: 0.35080, batch accuracy: 90.62, data load time: 0.00037, step time: 0.00991,
epoch: [9], step: [770/1581], batch loss: 0.03548, batch accuracy: 100.00, data load time: 0.00024, step time: 0.01027,
epoch: [9], step: [1070/1581], batch loss: 0.23024, batch accuracy: 93.75, data load time: 0.00033, step time: 0.01037,
epoch: [9], step: [1370/1581], batch loss: 0.24014, batch accuracy: 84.38, data load time: 0.00023, step time: 0.01194,
validation loss: 1.46466, accuracy: 68.58, class_accuracy: [38.13559322033898, 89.47368421052632, 79.48717948717949, 71.68141592920354, 81.35593220338983, 50.45871559633027, 97.14285714285714, 94.69026548672566, 42.857142857142854, 70.33898305084746]
epoch: [10], step: [89/1581], batch loss: 0.01549, batch accuracy: 100.00, data load time: 0.00076, step time: 0.01149,
epoch: [10], step: [389/1581], batch loss: 0.07957, batch accuracy: 96.88, data load time: 0.00024, step time: 0.00972,
epoch: [10], step: [689/1581], batch loss: 0.09458, batch accuracy: 96.88, data load time: 0.00024, step time: 0.01099,
epoch: [10], step: [989/1581], batch loss: 0.02129, batch accuracy: 96.88, data load time: 0.00052, step time: 0.01013,
epoch: [10], step: [1289/1581], batch loss: 0.02152, batch accuracy: 100.00, data load time: 0.00340, step time: 0.01015,
epoch: [11], step: [8/1581], batch loss: 0.02967, batch accuracy: 100.00, data load time: 0.00020, step time: 0.02014,
epoch: [11], step: [308/1581], batch loss: 0.02343, batch accuracy: 100.00, data load time: 0.00025, step time: 0.00998,
epoch: [11], step: [608/1581], batch loss: 0.01711, batch accuracy: 100.00, data load time: 0.00413, step time: 0.01033,
epoch: [11], step: [908/1581], batch loss: 0.00231, batch accuracy: 100.00, data load time: 0.00022, step time: 0.01193,
epoch: [11], step: [1208/1581], batch loss: 0.11886, batch accuracy: 93.75, data load time: 0.00023, step time: 0.01269,
epoch: [11], step: [1508/1581], batch loss: 0.11050, batch accuracy: 90.62, data load time: 0.00024, step time: 0.00996,
epoch: [12], step: [227/1581], batch loss: 0.06116, batch accuracy: 96.88, data load time: 0.00404, step time: 0.01164,
epoch: [12], step: [527/1581], batch loss: 0.04100, batch accuracy: 100.00, data load time: 0.00024, step time: 0.01023,
epoch: [12], step: [827/1581], batch loss: 0.01820, batch accuracy: 100.00, data load time: 0.00026, step time: 0.01030,
epoch: [12], step: [1127/1581], batch loss: 0.00446, batch accuracy: 100.00, data load time: 0.00024, step time: 0.00942,
epoch: [12], step: [1427/1581], batch loss: 0.04531, batch accuracy: 96.88, data load time: 0.00032, step time: 0.01151,
epoch: [13], step: [146/1581], batch loss: 0.01269, batch accuracy: 100.00, data load time: 0.00024, step time: 0.01230,
epoch: [13], step: [446/1581], batch loss: 0.05170, batch accuracy: 100.00, data load time: 0.00032, step time: 0.01119,
epoch: [13], step: [746/1581], batch loss: 0.15948, batch accuracy: 93.75, data load time: 0.00024, step time: 0.01015,
epoch: [13], step: [1046/1581], batch loss: 0.05222, batch accuracy: 96.88, data load time: 0.00022, step time: 0.01537,
epoch: [13], step: [1346/1581], batch loss: 0.02319, batch accuracy: 100.00, data load time: 0.00022, step time: 0.01031,
epoch: [14], step: [65/1581], batch loss: 0.01337, batch accuracy: 100.00, data load time: 0.00024, step time: 0.01036,
epoch: [14], step: [365/1581], batch loss: 0.02926, batch accuracy: 100.00, data load time: 0.00333, step time: 0.01156,
epoch: [14], step: [665/1581], batch loss: 0.01165, batch accuracy: 100.00, data load time: 0.00022, step time: 0.01154,
epoch: [14], step: [965/1581], batch loss: 0.00947, batch accuracy: 100.00, data load time: 0.00038, step time: 0.01184,
epoch: [14], step: [1265/1581], batch loss: 0.15173, batch accuracy: 93.75, data load time: 0.00024, step time: 0.00999,
epoch: [14], step: [1565/1581], batch loss: 0.04305, batch accuracy: 100.00, data load time: 0.00011, step time: 0.00870,
validation loss: 1.33889, accuracy: 69.60, class_accuracy: [54.23728813559322, 86.84210526315789, 64.1025641025641, 77.87610619469027, 94.0677966101695, 48.62385321100918, 97.14285714285714, 80.53097345132744, 44.89795918367347, 73.72881355932203]
epoch: [15], step: [284/1581], batch loss: 0.04221, batch accuracy: 96.88, data load time: 0.00024, step time: 0.01106,
epoch: [15], step: [584/1581], batch loss: 0.01549, batch accuracy: 100.00, data load time: 0.00331, step time: 0.01017,
epoch: [15], step: [884/1581], batch loss: 0.03030, batch accuracy: 100.00, data load time: 0.00021, step time: 0.01168,
epoch: [15], step: [1184/1581], batch loss: 0.23518, batch accuracy: 93.75, data load time: 0.00022, step time: 0.01135,
epoch: [15], step: [1484/1581], batch loss: 0.02247, batch accuracy: 100.00, data load time: 0.00023, step time: 0.00983,
epoch: [16], step: [203/1581], batch loss: 0.00593, batch accuracy: 100.00, data load time: 0.00023, step time: 0.01133,
epoch: [16], step: [503/1581], batch loss: 0.08314, batch accuracy: 93.75, data load time: 0.00027, step time: 0.01203,
epoch: [16], step: [803/1581], batch loss: 0.00504, batch accuracy: 100.00, data load time: 0.00323, step time: 0.01070,
epoch: [16], step: [1103/1581], batch loss: 0.00488, batch accuracy: 100.00, data load time: 0.00025, step time: 0.01015,
epoch: [16], step: [1403/1581], batch loss: 0.03843, batch accuracy: 96.88, data load time: 0.00029, step time: 0.01053,
epoch: [17], step: [122/1581], batch loss: 0.01017, batch accuracy: 100.00, data load time: 0.00355, step time: 0.01081,
epoch: [17], step: [422/1581], batch loss: 0.14519, batch accuracy: 93.75, data load time: 0.00021, step time: 0.01099,
epoch: [17], step: [722/1581], batch loss: 0.06293, batch accuracy: 96.88, data load time: 0.00022, step time: 0.01053,
epoch: [17], step: [1022/1581], batch loss: 0.01545, batch accuracy: 100.00, data load time: 0.00026, step time: 0.01108,
epoch: [17], step: [1322/1581], batch loss: 0.00427, batch accuracy: 100.00, data load time: 0.00024, step time: 0.01009,
epoch: [18], step: [41/1581], batch loss: 0.00417, batch accuracy: 100.00, data load time: 0.00301, step time: 0.01079,
epoch: [18], step: [341/1581], batch loss: 0.02607, batch accuracy: 100.00, data load time: 0.00023, step time: 0.01007,
epoch: [18], step: [641/1581], batch loss: 0.05148, batch accuracy: 96.88, data load time: 0.00021, step time: 0.01151,
epoch: [18], step: [941/1581], batch loss: 0.08092, batch accuracy: 93.75, data load time: 0.00022, step time: 0.01044,
epoch: [18], step: [1241/1581], batch loss: 0.00510, batch accuracy: 100.00, data load time: 0.00024, step time: 0.01209,
epoch: [18], step: [1541/1581], batch loss: 0.01150, batch accuracy: 100.00, data load time: 0.00017, step time: 0.00976,
epoch: [19], step: [260/1581], batch loss: 0.01018, batch accuracy: 100.00, data load time: 0.00035, step time: 0.00964,
epoch: [19], step: [560/1581], batch loss: 0.00228, batch accuracy: 100.00, data load time: 0.00298, step time: 0.00996,
epoch: [19], step: [860/1581], batch loss: 0.07729, batch accuracy: 93.75, data load time: 0.00022, step time: 0.00960,
epoch: [19], step: [1160/1581], batch loss: 0.16253, batch accuracy: 96.88, data load time: 0.00022, step time: 0.00969,
epoch: [19], step: [1460/1581], batch loss: 0.07510, batch accuracy: 96.88, data load time: 0.00022, step time: 0.00976,
validation loss: 1.27561, accuracy: 72.88, class_accuracy: [38.983050847457626, 94.73684210526316, 74.35897435897436, 80.53097345132744, 87.28813559322033, 70.64220183486239, 100.0, 94.69026548672566, 46.93877551020408, 71.1864406779661]
epoch: [20], step: [179/1581], batch loss: 0.01604, batch accuracy: 100.00, data load time: 0.00020, step time: 0.00909,
epoch: [20], step: [479/1581], batch loss: 0.00175, batch accuracy: 100.00, data load time: 0.00313, step time: 0.00986,
epoch: [20], step: [779/1581], batch loss: 0.01331, batch accuracy: 100.00, data load time: 0.00026, step time: 0.00983,
epoch: [20], step: [1079/1581], batch loss: 0.09256, batch accuracy: 100.00, data load time: 0.00024, step time: 0.01063,
epoch: [20], step: [1379/1581], batch loss: 0.10430, batch accuracy: 93.75, data load time: 0.00027, step time: 0.01045,
epoch: [21], step: [98/1581], batch loss: 0.00503, batch accuracy: 100.00, data load time: 0.00021, step time: 0.01138,
epoch: [21], step: [398/1581], batch loss: 0.05005, batch accuracy: 100.00, data load time: 0.00022, step time: 0.01126,
epoch: [21], step: [698/1581], batch loss: 0.00416, batch accuracy: 100.00, data load time: 0.00029, step time: 0.01090,
epoch: [21], step: [998/1581], batch loss: 0.09126, batch accuracy: 96.88, data load time: 0.00026, step time: 0.01002,
epoch: [21], step: [1298/1581], batch loss: 0.01756, batch accuracy: 100.00, data load time: 0.00024, step time: 0.00988,
epoch: [22], step: [17/1581], batch loss: 0.01259, batch accuracy: 100.00, data load time: 0.00029, step time: 0.01292,
epoch: [22], step: [317/1581], batch loss: 0.01725, batch accuracy: 100.00, data load time: 0.00033, step time: 0.01115,
epoch: [22], step: [617/1581], batch loss: 0.02734, batch accuracy: 100.00, data load time: 0.00024, step time: 0.01191,
epoch: [22], step: [917/1581], batch loss: 0.00783, batch accuracy: 100.00, data load time: 0.00029, step time: 0.00940,
epoch: [22], step: [1217/1581], batch loss: 0.00131, batch accuracy: 100.00, data load time: 0.00321, step time: 0.01257,
epoch: [22], step: [1517/1581], batch loss: 0.00345, batch accuracy: 100.00, data load time: 0.00024, step time: 0.01663,
epoch: [23], step: [236/1581], batch loss: 0.02093, batch accuracy: 100.00, data load time: 0.00022, step time: 0.01048,
epoch: [23], step: [536/1581], batch loss: 0.01970, batch accuracy: 96.88, data load time: 0.00023, step time: 0.01104,
epoch: [23], step: [836/1581], batch loss: 0.10623, batch accuracy: 93.75, data load time: 0.00324, step time: 0.01014,
epoch: [23], step: [1136/1581], batch loss: 0.00494, batch accuracy: 100.00, data load time: 0.00022, step time: 0.01262,
epoch: [23], step: [1436/1581], batch loss: 0.00588, batch accuracy: 100.00, data load time: 0.00025, step time: 0.01030,
epoch: [24], step: [155/1581], batch loss: 0.09817, batch accuracy: 96.88, data load time: 0.00468, step time: 0.01074,
epoch: [24], step: [455/1581], batch loss: 0.05732, batch accuracy: 96.88, data load time: 0.00033, step time: 0.01156,
epoch: [24], step: [755/1581], batch loss: 0.08070, batch accuracy: 96.88, data load time: 0.00034, step time: 0.00969,
epoch: [24], step: [1055/1581], batch loss: 0.25818, batch accuracy: 90.62, data load time: 0.00023, step time: 0.01135,
epoch: [24], step: [1355/1581], batch loss: 0.01741, batch accuracy: 100.00, data load time: 0.00024, step time: 0.01214,
validation loss: 1.46630, accuracy: 69.40, class_accuracy: [34.74576271186441, 100.0, 70.08547008547009, 74.33628318584071, 82.20338983050847, 48.62385321100918, 100.0, 96.46017699115045, 45.91836734693877, 79.66101694915254]
epoch: [25], step: [74/1581], batch loss: 0.09603, batch accuracy: 96.88, data load time: 0.00367, step time: 0.00948,
epoch: [25], step: [374/1581], batch loss: 0.00225, batch accuracy: 100.00, data load time: 0.00537, step time: 0.01221,
epoch: [25], step: [674/1581], batch loss: 0.00836, batch accuracy: 100.00, data load time: 0.00413, step time: 0.01174,
epoch: [25], step: [974/1581], batch loss: 0.09289, batch accuracy: 96.88, data load time: 0.00309, step time: 0.01121,
epoch: [25], step: [1274/1581], batch loss: 0.05434, batch accuracy: 96.88, data load time: 0.00023, step time: 0.01170,
epoch: [25], step: [1574/1581], batch loss: 0.16371, batch accuracy: 96.88, data load time: 0.00011, step time: 0.00870,
epoch: [26], step: [293/1581], batch loss: 0.00166, batch accuracy: 100.00, data load time: 0.00024, step time: 0.01406,
epoch: [26], step: [593/1581], batch loss: 0.02453, batch accuracy: 96.88, data load time: 0.00027, step time: 0.01053,
epoch: [26], step: [893/1581], batch loss: 0.00292, batch accuracy: 100.00, data load time: 0.00475, step time: 0.01082,
epoch: [26], step: [1193/1581], batch loss: 0.00725, batch accuracy: 100.00, data load time: 0.00023, step time: 0.00967,
epoch: [26], step: [1493/1581], batch loss: 0.05436, batch accuracy: 96.88, data load time: 0.00284, step time: 0.01089,
epoch: [27], step: [212/1581], batch loss: 0.00604, batch accuracy: 100.00, data load time: 0.00021, step time: 0.00996,
epoch: [27], step: [512/1581], batch loss: 0.01910, batch accuracy: 100.00, data load time: 0.00025, step time: 0.01162,
epoch: [27], step: [812/1581], batch loss: 0.00980, batch accuracy: 100.00, data load time: 0.00023, step time: 0.01179,
epoch: [27], step: [1112/1581], batch loss: 0.00305, batch accuracy: 100.00, data load time: 0.00023, step time: 0.00960,
epoch: [27], step: [1412/1581], batch loss: 0.10400, batch accuracy: 96.88, data load time: 0.00024, step time: 0.01050,
epoch: [28], step: [131/1581], batch loss: 0.12422, batch accuracy: 96.88, data load time: 0.00024, step time: 0.01160,
epoch: [28], step: [431/1581], batch loss: 0.00473, batch accuracy: 100.00, data load time: 0.00022, step time: 0.01004,
epoch: [28], step: [731/1581], batch loss: 0.01691, batch accuracy: 100.00, data load time: 0.00023, step time: 0.00956,
epoch: [28], step: [1031/1581], batch loss: 0.00502, batch accuracy: 100.00, data load time: 0.00023, step time: 0.01004,
epoch: [28], step: [1331/1581], batch loss: 0.00183, batch accuracy: 100.00, data load time: 0.00024, step time: 0.01031,
epoch: [29], step: [50/1581], batch loss: 0.00409, batch accuracy: 100.00, data load time: 0.00019, step time: 0.01080,
epoch: [29], step: [350/1581], batch loss: 0.02950, batch accuracy: 96.88, data load time: 0.00024, step time: 0.01159,
epoch: [29], step: [650/1581], batch loss: 0.00398, batch accuracy: 100.00, data load time: 0.00327, step time: 0.01161,
epoch: [29], step: [950/1581], batch loss: 0.02905, batch accuracy: 96.88, data load time: 0.00022, step time: 0.00960,
epoch: [29], step: [1250/1581], batch loss: 0.07376, batch accuracy: 96.88, data load time: 0.00022, step time: 0.00940,
epoch: [29], step: [1550/1581], batch loss: 0.00215, batch accuracy: 100.00, data load time: 0.00012, step time: 0.00871,
validation loss: 1.54189, accuracy: 73.08, class_accuracy: [47.45762711864407, 97.36842105263158, 75.21367521367522, 77.87610619469027, 81.35593220338983, 65.13761467889908, 97.14285714285714, 92.92035398230088, 50.0, 76.27118644067797]
epoch: [30], step: [269/1581], batch loss: 0.06011, batch accuracy: 100.00, data load time: 0.00021, step time: 0.01742,
epoch: [30], step: [569/1581], batch loss: 0.15422, batch accuracy: 93.75, data load time: 0.00326, step time: 0.01127,
epoch: [30], step: [869/1581], batch loss: 0.00710, batch accuracy: 100.00, data load time: 0.00026, step time: 0.00965,
epoch: [30], step: [1169/1581], batch loss: 0.00939, batch accuracy: 100.00, data load time: 0.00025, step time: 0.00958,
epoch: [30], step: [1469/1581], batch loss: 0.06321, batch accuracy: 96.88, data load time: 0.00024, step time: 0.00928,
epoch: [31], step: [188/1581], batch loss: 0.01383, batch accuracy: 100.00, data load time: 0.00344, step time: 0.01097,
epoch: [31], step: [488/1581], batch loss: 0.00986, batch accuracy: 100.00, data load time: 0.00022, step time: 0.01093,
epoch: [31], step: [788/1581], batch loss: 0.01394, batch accuracy: 100.00, data load time: 0.00022, step time: 0.01144,
epoch: [31], step: [1088/1581], batch loss: 0.09948, batch accuracy: 93.75, data load time: 0.00025, step time: 0.01025,
epoch: [31], step: [1388/1581], batch loss: 0.00103, batch accuracy: 100.00, data load time: 0.00024, step time: 0.01023,
epoch: [32], step: [107/1581], batch loss: 0.05166, batch accuracy: 96.88, data load time: 0.00024, step time: 0.01509,
epoch: [32], step: [407/1581], batch loss: 0.02834, batch accuracy: 96.88, data load time: 0.00023, step time: 0.01131,
epoch: [32], step: [707/1581], batch loss: 0.02107, batch accuracy: 100.00, data load time: 0.00395, step time: 0.01064,
epoch: [32], step: [1007/1581], batch loss: 0.00287, batch accuracy: 100.00, data load time: 0.00023, step time: 0.01185,
epoch: [32], step: [1307/1581], batch loss: 0.04891, batch accuracy: 96.88, data load time: 0.00033, step time: 0.01187,
epoch: [33], step: [26/1581], batch loss: 0.00948, batch accuracy: 100.00, data load time: 0.00021, step time: 0.01084,
epoch: [33], step: [326/1581], batch loss: 0.00184, batch accuracy: 100.00, data load time: 0.00023, step time: 0.01019,
epoch: [33], step: [626/1581], batch loss: 0.00154, batch accuracy: 100.00, data load time: 0.00032, step time: 0.00951,
epoch: [33], step: [926/1581], batch loss: 0.01039, batch accuracy: 100.00, data load time: 0.00021, step time: 0.00994,
epoch: [33], step: [1226/1581], batch loss: 0.00662, batch accuracy: 100.00, data load time: 0.00023, step time: 0.01016,
epoch: [33], step: [1526/1581], batch loss: 0.00151, batch accuracy: 100.00, data load time: 0.00020, step time: 0.00988,
epoch: [34], step: [245/1581], batch loss: 0.02168, batch accuracy: 100.00, data load time: 0.00022, step time: 0.01019,
epoch: [34], step: [545/1581], batch loss: 0.07699, batch accuracy: 96.88, data load time: 0.00023, step time: 0.01065,
epoch: [34], step: [845/1581], batch loss: 0.02269, batch accuracy: 100.00, data load time: 0.00021, step time: 0.01024,
epoch: [34], step: [1145/1581], batch loss: 0.02150, batch accuracy: 100.00, data load time: 0.00023, step time: 0.00969,
epoch: [34], step: [1445/1581], batch loss: 0.09317, batch accuracy: 96.88, data load time: 0.00022, step time: 0.01096,
validation loss: 1.54864, accuracy: 72.16, class_accuracy: [38.983050847457626, 92.10526315789474, 73.5042735042735, 81.41592920353982, 92.37288135593221, 67.88990825688073, 97.14285714285714, 87.61061946902655, 44.89795918367347, 72.88135593220339]
epoch: [35], step: [164/1581], batch loss: 0.00019, batch accuracy: 100.00, data load time: 0.00022, step time: 0.01020,
epoch: [35], step: [464/1581], batch loss: 0.01421, batch accuracy: 100.00, data load time: 0.00561, step time: 0.00982,
epoch: [35], step: [764/1581], batch loss: 0.08738, batch accuracy: 96.88, data load time: 0.00023, step time: 0.01059,
epoch: [35], step: [1064/1581], batch loss: 0.03647, batch accuracy: 96.88, data load time: 0.00327, step time: 0.00998,
epoch: [35], step: [1364/1581], batch loss: 0.00188, batch accuracy: 100.00, data load time: 0.00023, step time: 0.01108,
epoch: [36], step: [83/1581], batch loss: 0.00128, batch accuracy: 100.00, data load time: 0.00024, step time: 0.01139,
epoch: [36], step: [383/1581], batch loss: 0.00318, batch accuracy: 100.00, data load time: 0.00033, step time: 0.01021,
epoch: [36], step: [683/1581], batch loss: 0.08363, batch accuracy: 96.88, data load time: 0.00033, step time: 0.00993,
epoch: [36], step: [983/1581], batch loss: 0.00128, batch accuracy: 100.00, data load time: 0.00033, step time: 0.01172,
epoch: [36], step: [1283/1581], batch loss: 0.01330, batch accuracy: 100.00, data load time: 0.00023, step time: 0.01013,
epoch: [37], step: [2/1581], batch loss: 0.01214, batch accuracy: 100.00, data load time: 0.00037, step time: 0.00954,
epoch: [37], step: [302/1581], batch loss: 0.05779, batch accuracy: 96.88, data load time: 0.00025, step time: 0.01207,
epoch: [37], step: [602/1581], batch loss: 0.01984, batch accuracy: 100.00, data load time: 0.00024, step time: 0.01046,
epoch: [37], step: [902/1581], batch loss: 0.00606, batch accuracy: 100.00, data load time: 0.00023, step time: 0.01163,
epoch: [37], step: [1202/1581], batch loss: 0.01493, batch accuracy: 100.00, data load time: 0.00033, step time: 0.00987,
epoch: [37], step: [1502/1581], batch loss: 0.04201, batch accuracy: 96.88, data load time: 0.00285, step time: 0.01096,
epoch: [38], step: [221/1581], batch loss: 0.03175, batch accuracy: 96.88, data load time: 0.00426, step time: 0.01216,
epoch: [38], step: [521/1581], batch loss: 0.00180, batch accuracy: 100.00, data load time: 0.00023, step time: 0.01125,
epoch: [38], step: [821/1581], batch loss: 0.11159, batch accuracy: 93.75, data load time: 0.00024, step time: 0.01045,
epoch: [38], step: [1121/1581], batch loss: 0.00266, batch accuracy: 100.00, data load time: 0.00024, step time: 0.00998,
epoch: [38], step: [1421/1581], batch loss: 0.00338, batch accuracy: 100.00, data load time: 0.00023, step time: 0.01011,
epoch: [39], step: [140/1581], batch loss: 0.02029, batch accuracy: 100.00, data load time: 0.00637, step time: 0.01257,
epoch: [39], step: [440/1581], batch loss: 0.02809, batch accuracy: 96.88, data load time: 0.00032, step time: 0.01119,
epoch: [39], step: [740/1581], batch loss: 0.02623, batch accuracy: 100.00, data load time: 0.00023, step time: 0.01150,
epoch: [39], step: [1040/1581], batch loss: 0.01646, batch accuracy: 100.00, data load time: 0.00022, step time: 0.00948,
epoch: [39], step: [1340/1581], batch loss: 0.08300, batch accuracy: 96.88, data load time: 0.00312, step time: 0.00984,
validation loss: 1.32485, accuracy: 74.10, class_accuracy: [47.45762711864407, 100.0, 73.5042735042735, 77.87610619469027, 90.67796610169492, 66.05504587155963, 94.28571428571429, 97.34513274336283, 45.91836734693877, 75.42372881355932]
epoch: [40], step: [59/1581], batch loss: 0.02422, batch accuracy: 100.00, data load time: 0.00023, step time: 0.01123,
epoch: [40], step: [359/1581], batch loss: 0.02554, batch accuracy: 100.00, data load time: 0.00331, step time: 0.01032,
epoch: [40], step: [659/1581], batch loss: 0.02251, batch accuracy: 100.00, data load time: 0.00024, step time: 0.01088,
epoch: [40], step: [959/1581], batch loss: 0.00372, batch accuracy: 100.00, data load time: 0.00025, step time: 0.01013,
epoch: [40], step: [1259/1581], batch loss: 0.05367, batch accuracy: 96.88, data load time: 0.00031, step time: 0.01005,
epoch: [40], step: [1559/1581], batch loss: 0.01033, batch accuracy: 100.00, data load time: 0.00011, step time: 0.00873,
epoch: [41], step: [278/1581], batch loss: 0.02146, batch accuracy: 100.00, data load time: 0.00024, step time: 0.01010,
epoch: [41], step: [578/1581], batch loss: 0.00180, batch accuracy: 100.00, data load time: 0.00021, step time: 0.01106,
epoch: [41], step: [878/1581], batch loss: 0.03994, batch accuracy: 96.88, data load time: 0.00023, step time: 0.00956,
epoch: [41], step: [1178/1581], batch loss: 0.00397, batch accuracy: 100.00, data load time: 0.00022, step time: 0.00942,
epoch: [41], step: [1478/1581], batch loss: 0.00163, batch accuracy: 100.00, data load time: 0.00022, step time: 0.00947,
epoch: [42], step: [197/1581], batch loss: 0.00714, batch accuracy: 100.00, data load time: 0.00022, step time: 0.01058,
epoch: [42], step: [497/1581], batch loss: 0.00375, batch accuracy: 100.00, data load time: 0.00022, step time: 0.01017,
epoch: [42], step: [797/1581], batch loss: 0.07894, batch accuracy: 96.88, data load time: 0.00023, step time: 0.00965,
epoch: [42], step: [1097/1581], batch loss: 0.03987, batch accuracy: 100.00, data load time: 0.00023, step time: 0.00942,
epoch: [42], step: [1397/1581], batch loss: 0.01777, batch accuracy: 100.00, data load time: 0.00285, step time: 0.01099,
epoch: [43], step: [116/1581], batch loss: 0.12776, batch accuracy: 93.75, data load time: 0.00515, step time: 0.00957,
epoch: [43], step: [416/1581], batch loss: 0.01865, batch accuracy: 100.00, data load time: 0.00022, step time: 0.01054,
epoch: [43], step: [716/1581], batch loss: 0.02717, batch accuracy: 96.88, data load time: 0.00031, step time: 0.01113,
epoch: [43], step: [1016/1581], batch loss: 0.00715, batch accuracy: 100.00, data load time: 0.00023, step time: 0.01160,
epoch: [43], step: [1316/1581], batch loss: 0.07538, batch accuracy: 96.88, data load time: 0.00025, step time: 0.00953,
epoch: [44], step: [35/1581], batch loss: 0.07200, batch accuracy: 100.00, data load time: 0.00026, step time: 0.01085,
epoch: [44], step: [335/1581], batch loss: 0.00237, batch accuracy: 100.00, data load time: 0.00023, step time: 0.01030,
epoch: [44], step: [635/1581], batch loss: 0.08367, batch accuracy: 96.88, data load time: 0.00024, step time: 0.00990,
epoch: [44], step: [935/1581], batch loss: 0.03135, batch accuracy: 96.88, data load time: 0.00025, step time: 0.01067,
epoch: [44], step: [1235/1581], batch loss: 0.00169, batch accuracy: 100.00, data load time: 0.00022, step time: 0.00967,
epoch: [44], step: [1535/1581], batch loss: 0.08334, batch accuracy: 96.88, data load time: 0.00017, step time: 0.00923,
validation loss: 1.08991, accuracy: 78.61, class_accuracy: [59.32203389830509, 89.47368421052632, 75.21367521367522, 81.41592920353982, 94.91525423728814, 74.31192660550458, 100.0, 98.23008849557522, 53.06122448979592, 78.8135593220339]
epoch: [45], step: [254/1581], batch loss: 0.00889, batch accuracy: 100.00, data load time: 0.00335, step time: 0.00979,
epoch: [45], step: [554/1581], batch loss: 0.17670, batch accuracy: 96.88, data load time: 0.00022, step time: 0.00968,
epoch: [45], step: [854/1581], batch loss: 0.06138, batch accuracy: 96.88, data load time: 0.00024, step time: 0.01146,
epoch: [45], step: [1154/1581], batch loss: 0.01085, batch accuracy: 100.00, data load time: 0.00025, step time: 0.01012,
epoch: [45], step: [1454/1581], batch loss: 0.00346, batch accuracy: 100.00, data load time: 0.00027, step time: 0.01043,
epoch: [46], step: [173/1581], batch loss: 0.12911, batch accuracy: 93.75, data load time: 0.00024, step time: 0.01104,
epoch: [46], step: [473/1581], batch loss: 0.00097, batch accuracy: 100.00, data load time: 0.00325, step time: 0.01088,
epoch: [46], step: [773/1581], batch loss: 0.13080, batch accuracy: 96.88, data load time: 0.00024, step time: 0.01137,
epoch: [46], step: [1073/1581], batch loss: 0.00118, batch accuracy: 100.00, data load time: 0.00026, step time: 0.00982,
epoch: [46], step: [1373/1581], batch loss: 0.00810, batch accuracy: 100.00, data load time: 0.00028, step time: 0.01103,
epoch: [47], step: [92/1581], batch loss: 0.00423, batch accuracy: 100.00, data load time: 0.00023, step time: 0.01074,
epoch: [47], step: [392/1581], batch loss: 0.03234, batch accuracy: 96.88, data load time: 0.00026, step time: 0.01006,
epoch: [47], step: [692/1581], batch loss: 0.01125, batch accuracy: 100.00, data load time: 0.00024, step time: 0.01221,
epoch: [47], step: [992/1581], batch loss: 0.04946, batch accuracy: 96.88, data load time: 0.00036, step time: 0.00980,
epoch: [47], step: [1292/1581], batch loss: 0.03269, batch accuracy: 100.00, data load time: 0.00024, step time: 0.01184,
epoch: [48], step: [11/1581], batch loss: 0.00013, batch accuracy: 100.00, data load time: 0.00385, step time: 0.01089,
epoch: [48], step: [311/1581], batch loss: 0.03466, batch accuracy: 96.88, data load time: 0.00026, step time: 0.01047,
epoch: [48], step: [611/1581], batch loss: 0.02188, batch accuracy: 100.00, data load time: 0.00023, step time: 0.01033,
epoch: [48], step: [911/1581], batch loss: 0.00067, batch accuracy: 100.00, data load time: 0.00022, step time: 0.00933,
epoch: [48], step: [1211/1581], batch loss: 0.00791, batch accuracy: 100.00, data load time: 0.00027, step time: 0.01019,
epoch: [48], step: [1511/1581], batch loss: 0.00863, batch accuracy: 100.00, data load time: 0.00023, step time: 0.01043,
epoch: [49], step: [230/1581], batch loss: 0.02899, batch accuracy: 96.88, data load time: 0.00022, step time: 0.01116,
epoch: [49], step: [530/1581], batch loss: 0.03307, batch accuracy: 96.88, data load time: 0.00031, step time: 0.01105,
epoch: [49], step: [830/1581], batch loss: 0.01316, batch accuracy: 100.00, data load time: 0.00024, step time: 0.01614,
epoch: [49], step: [1130/1581], batch loss: 0.01619, batch accuracy: 100.00, data load time: 0.00021, step time: 0.01096,
epoch: [49], step: [1430/1581], batch loss: 0.08466, batch accuracy: 96.88, data load time: 0.00024, step time: 0.00999,
validation loss: 1.48823, accuracy: 72.36, class_accuracy: [52.54237288135593, 97.36842105263158, 78.63247863247864, 77.87610619469027, 95.76271186440678, 48.62385321100918, 100.0, 91.15044247787611, 51.02040816326531, 62.71186440677966]
Total time taken: 1027.336383342743
