Using CUDA...
Writing logs to logs/CNN_bn_epochs=50_dropout=0.5_bs=32_lr=0.001_momentum=0.9_mode=LMC_run_16
epoch: [0], step: [299/1581], batch loss: 1.25612, batch accuracy: 50.00, data load time: 0.00021, step time: 0.01097,
epoch: [0], step: [599/1581], batch loss: 0.96741, batch accuracy: 65.62, data load time: 0.00035, step time: 0.00985,
epoch: [0], step: [899/1581], batch loss: 0.95381, batch accuracy: 68.75, data load time: 0.00023, step time: 0.01005,
epoch: [0], step: [1199/1581], batch loss: 0.66582, batch accuracy: 90.62, data load time: 0.00024, step time: 0.01183,
epoch: [0], step: [1499/1581], batch loss: 0.69945, batch accuracy: 84.38, data load time: 0.00022, step time: 0.01733,
epoch: [1], step: [218/1581], batch loss: 0.58502, batch accuracy: 75.00, data load time: 0.00400, step time: 0.00945,
epoch: [1], step: [518/1581], batch loss: 0.25533, batch accuracy: 90.62, data load time: 0.00024, step time: 0.01013,
epoch: [1], step: [818/1581], batch loss: 0.71013, batch accuracy: 81.25, data load time: 0.00020, step time: 0.00994,
epoch: [1], step: [1118/1581], batch loss: 0.33532, batch accuracy: 87.50, data load time: 0.00021, step time: 0.01068,
epoch: [1], step: [1418/1581], batch loss: 0.22993, batch accuracy: 93.75, data load time: 0.00428, step time: 0.01367,
epoch: [2], step: [137/1581], batch loss: 0.45064, batch accuracy: 87.50, data load time: 0.00054, step time: 0.00994,
epoch: [2], step: [437/1581], batch loss: 0.37107, batch accuracy: 87.50, data load time: 0.00572, step time: 0.01125,
epoch: [2], step: [737/1581], batch loss: 0.34467, batch accuracy: 84.38, data load time: 0.00021, step time: 0.00990,
epoch: [2], step: [1037/1581], batch loss: 0.37732, batch accuracy: 90.62, data load time: 0.00625, step time: 0.01109,
epoch: [2], step: [1337/1581], batch loss: 0.29431, batch accuracy: 84.38, data load time: 0.00024, step time: 0.01841,
epoch: [3], step: [56/1581], batch loss: 0.18277, batch accuracy: 93.75, data load time: 0.00021, step time: 0.01533,
epoch: [3], step: [356/1581], batch loss: 0.32181, batch accuracy: 87.50, data load time: 0.00025, step time: 0.01566,
epoch: [3], step: [656/1581], batch loss: 0.14969, batch accuracy: 96.88, data load time: 0.00022, step time: 0.01463,
epoch: [3], step: [956/1581], batch loss: 0.60612, batch accuracy: 78.12, data load time: 0.00049, step time: 0.01193,
epoch: [3], step: [1256/1581], batch loss: 0.19706, batch accuracy: 93.75, data load time: 0.00140, step time: 0.01199,
epoch: [3], step: [1556/1581], batch loss: 0.46698, batch accuracy: 81.25, data load time: 0.00011, step time: 0.00872,
epoch: [4], step: [275/1581], batch loss: 0.31771, batch accuracy: 87.50, data load time: 0.00026, step time: 0.01896,
epoch: [4], step: [575/1581], batch loss: 0.13673, batch accuracy: 96.88, data load time: 0.00025, step time: 0.01011,
epoch: [4], step: [875/1581], batch loss: 0.25712, batch accuracy: 87.50, data load time: 0.00021, step time: 0.01493,
epoch: [4], step: [1175/1581], batch loss: 0.17958, batch accuracy: 93.75, data load time: 0.00031, step time: 0.00977,
epoch: [4], step: [1475/1581], batch loss: 0.32834, batch accuracy: 93.75, data load time: 0.00024, step time: 0.01622,
validation loss: 1.16381, accuracy: 66.75, class_accuracy: [40.142857142857146, 84.14634146341463, 67.0028818443804, 68.31858407079646, 79.56656346749226, 61.30030959752322, 84.31372549019608, 96.7741935483871, 50.53763440860215, 64.71428571428571]
epoch: [5], step: [194/1581], batch loss: 0.28343, batch accuracy: 93.75, data load time: 0.00023, step time: 0.01103,
epoch: [5], step: [494/1581], batch loss: 0.23313, batch accuracy: 87.50, data load time: 0.00377, step time: 0.01516,
epoch: [5], step: [794/1581], batch loss: 0.17763, batch accuracy: 96.88, data load time: 0.00022, step time: 0.01625,
epoch: [5], step: [1094/1581], batch loss: 0.29830, batch accuracy: 87.50, data load time: 0.00576, step time: 0.00992,
epoch: [5], step: [1394/1581], batch loss: 0.17801, batch accuracy: 93.75, data load time: 0.00025, step time: 0.01150,
epoch: [6], step: [113/1581], batch loss: 0.08287, batch accuracy: 100.00, data load time: 0.00021, step time: 0.01094,
epoch: [6], step: [413/1581], batch loss: 0.19945, batch accuracy: 93.75, data load time: 0.00022, step time: 0.01567,
epoch: [6], step: [713/1581], batch loss: 0.11012, batch accuracy: 100.00, data load time: 0.00087, step time: 0.01050,
epoch: [6], step: [1013/1581], batch loss: 0.14975, batch accuracy: 96.88, data load time: 0.00571, step time: 0.01733,
epoch: [6], step: [1313/1581], batch loss: 0.09503, batch accuracy: 96.88, data load time: 0.00581, step time: 0.01115,
epoch: [7], step: [32/1581], batch loss: 0.10816, batch accuracy: 96.88, data load time: 0.00027, step time: 0.01175,
epoch: [7], step: [332/1581], batch loss: 0.13262, batch accuracy: 96.88, data load time: 0.00580, step time: 0.01161,
epoch: [7], step: [632/1581], batch loss: 0.23305, batch accuracy: 96.88, data load time: 0.00022, step time: 0.01573,
epoch: [7], step: [932/1581], batch loss: 0.19545, batch accuracy: 93.75, data load time: 0.00584, step time: 0.01177,
epoch: [7], step: [1232/1581], batch loss: 0.29652, batch accuracy: 90.62, data load time: 0.00032, step time: 0.01066,
epoch: [7], step: [1532/1581], batch loss: 0.08802, batch accuracy: 100.00, data load time: 0.00019, step time: 0.01122,
epoch: [8], step: [251/1581], batch loss: 0.17164, batch accuracy: 93.75, data load time: 0.00022, step time: 0.01524,
epoch: [8], step: [551/1581], batch loss: 0.12100, batch accuracy: 96.88, data load time: 0.00599, step time: 0.01195,
epoch: [8], step: [851/1581], batch loss: 0.08067, batch accuracy: 100.00, data load time: 0.00023, step time: 0.01737,
epoch: [8], step: [1151/1581], batch loss: 0.33435, batch accuracy: 90.62, data load time: 0.00026, step time: 0.01044,
epoch: [8], step: [1451/1581], batch loss: 0.32927, batch accuracy: 84.38, data load time: 0.00577, step time: 0.01152,
epoch: [9], step: [170/1581], batch loss: 0.09329, batch accuracy: 96.88, data load time: 0.00604, step time: 0.01177,
epoch: [9], step: [470/1581], batch loss: 0.11416, batch accuracy: 96.88, data load time: 0.00022, step time: 0.01364,
epoch: [9], step: [770/1581], batch loss: 0.33162, batch accuracy: 93.75, data load time: 0.00023, step time: 0.01250,
epoch: [9], step: [1070/1581], batch loss: 0.27058, batch accuracy: 90.62, data load time: 0.00023, step time: 0.01023,
epoch: [9], step: [1370/1581], batch loss: 0.47344, batch accuracy: 87.50, data load time: 0.00023, step time: 0.01385,
validation loss: 1.19095, accuracy: 66.08, class_accuracy: [57.285714285714285, 93.90243902439025, 59.221902017291065, 78.40707964601769, 85.44891640866874, 52.78637770897833, 87.25490196078431, 88.06451612903226, 35.483870967741936, 61.42857142857143]
epoch: [10], step: [89/1581], batch loss: 0.19453, batch accuracy: 90.62, data load time: 0.00024, step time: 0.01374,
epoch: [10], step: [389/1581], batch loss: 0.14349, batch accuracy: 93.75, data load time: 0.00025, step time: 0.01055,
epoch: [10], step: [689/1581], batch loss: 0.20371, batch accuracy: 96.88, data load time: 0.00583, step time: 0.01001,
epoch: [10], step: [989/1581], batch loss: 0.05090, batch accuracy: 100.00, data load time: 0.00022, step time: 0.01001,
epoch: [10], step: [1289/1581], batch loss: 0.11473, batch accuracy: 96.88, data load time: 0.00183, step time: 0.01792,
epoch: [11], step: [8/1581], batch loss: 0.22444, batch accuracy: 90.62, data load time: 0.00023, step time: 0.02064,
epoch: [11], step: [308/1581], batch loss: 0.24114, batch accuracy: 90.62, data load time: 0.00022, step time: 0.01160,
epoch: [11], step: [608/1581], batch loss: 0.21235, batch accuracy: 93.75, data load time: 0.00022, step time: 0.01004,
epoch: [11], step: [908/1581], batch loss: 0.03463, batch accuracy: 100.00, data load time: 0.00344, step time: 0.01033,
epoch: [11], step: [1208/1581], batch loss: 0.14861, batch accuracy: 96.88, data load time: 0.00024, step time: 0.00984,
epoch: [11], step: [1508/1581], batch loss: 0.16902, batch accuracy: 96.88, data load time: 0.00329, step time: 0.01059,
epoch: [12], step: [227/1581], batch loss: 0.05162, batch accuracy: 100.00, data load time: 0.00023, step time: 0.01061,
epoch: [12], step: [527/1581], batch loss: 0.13026, batch accuracy: 96.88, data load time: 0.00549, step time: 0.01321,
epoch: [12], step: [827/1581], batch loss: 0.27668, batch accuracy: 87.50, data load time: 0.00022, step time: 0.01580,
epoch: [12], step: [1127/1581], batch loss: 0.20087, batch accuracy: 93.75, data load time: 0.00334, step time: 0.01016,
epoch: [12], step: [1427/1581], batch loss: 0.28062, batch accuracy: 87.50, data load time: 0.00023, step time: 0.00991,
epoch: [13], step: [146/1581], batch loss: 0.02442, batch accuracy: 100.00, data load time: 0.00194, step time: 0.01060,
epoch: [13], step: [446/1581], batch loss: 0.18814, batch accuracy: 93.75, data load time: 0.00605, step time: 0.01330,
epoch: [13], step: [746/1581], batch loss: 0.31283, batch accuracy: 87.50, data load time: 0.00048, step time: 0.01118,
epoch: [13], step: [1046/1581], batch loss: 0.10059, batch accuracy: 96.88, data load time: 0.00584, step time: 0.01158,
epoch: [13], step: [1346/1581], batch loss: 0.08894, batch accuracy: 96.88, data load time: 0.00022, step time: 0.01561,
epoch: [14], step: [65/1581], batch loss: 0.08465, batch accuracy: 96.88, data load time: 0.00417, step time: 0.01093,
epoch: [14], step: [365/1581], batch loss: 0.12164, batch accuracy: 96.88, data load time: 0.00022, step time: 0.01598,
epoch: [14], step: [665/1581], batch loss: 0.13270, batch accuracy: 96.88, data load time: 0.00584, step time: 0.01123,
epoch: [14], step: [965/1581], batch loss: 0.21627, batch accuracy: 90.62, data load time: 0.00021, step time: 0.01684,
epoch: [14], step: [1265/1581], batch loss: 0.27976, batch accuracy: 87.50, data load time: 0.00022, step time: 0.01140,
epoch: [14], step: [1565/1581], batch loss: 0.17258, batch accuracy: 93.75, data load time: 0.00012, step time: 0.00871,
validation loss: 1.18889, accuracy: 65.93, class_accuracy: [41.857142857142854, 86.58536585365853, 66.57060518731988, 62.123893805309734, 85.29411764705883, 52.63157894736842, 88.23529411764706, 95.80645161290323, 55.376344086021504, 60.714285714285715]
epoch: [15], step: [284/1581], batch loss: 0.03846, batch accuracy: 100.00, data load time: 0.00025, step time: 0.01129,
epoch: [15], step: [584/1581], batch loss: 0.05345, batch accuracy: 96.88, data load time: 0.00022, step time: 0.01116,
epoch: [15], step: [884/1581], batch loss: 0.15320, batch accuracy: 93.75, data load time: 0.00021, step time: 0.01033,
epoch: [15], step: [1184/1581], batch loss: 0.09831, batch accuracy: 96.88, data load time: 0.00432, step time: 0.01244,
epoch: [15], step: [1484/1581], batch loss: 0.22126, batch accuracy: 90.62, data load time: 0.00022, step time: 0.01587,
epoch: [16], step: [203/1581], batch loss: 0.07333, batch accuracy: 100.00, data load time: 0.00591, step time: 0.01149,
epoch: [16], step: [503/1581], batch loss: 0.26588, batch accuracy: 90.62, data load time: 0.00432, step time: 0.01096,
epoch: [16], step: [803/1581], batch loss: 0.14903, batch accuracy: 93.75, data load time: 0.00050, step time: 0.01051,
epoch: [16], step: [1103/1581], batch loss: 0.16484, batch accuracy: 93.75, data load time: 0.00423, step time: 0.01204,
epoch: [16], step: [1403/1581], batch loss: 0.38448, batch accuracy: 90.62, data load time: 0.00343, step time: 0.01297,
epoch: [17], step: [122/1581], batch loss: 0.13453, batch accuracy: 93.75, data load time: 0.00027, step time: 0.01050,
epoch: [17], step: [422/1581], batch loss: 0.29846, batch accuracy: 87.50, data load time: 0.00022, step time: 0.01051,
epoch: [17], step: [722/1581], batch loss: 0.10037, batch accuracy: 96.88, data load time: 0.00023, step time: 0.01612,
epoch: [17], step: [1022/1581], batch loss: 0.19005, batch accuracy: 90.62, data load time: 0.00023, step time: 0.01768,
epoch: [17], step: [1322/1581], batch loss: 0.06860, batch accuracy: 100.00, data load time: 0.00023, step time: 0.01288,
epoch: [18], step: [41/1581], batch loss: 0.12352, batch accuracy: 96.88, data load time: 0.00021, step time: 0.01549,
epoch: [18], step: [341/1581], batch loss: 0.09244, batch accuracy: 93.75, data load time: 0.00025, step time: 0.01556,
epoch: [18], step: [641/1581], batch loss: 0.05942, batch accuracy: 100.00, data load time: 0.00022, step time: 0.02472,
epoch: [18], step: [941/1581], batch loss: 0.14355, batch accuracy: 93.75, data load time: 0.00024, step time: 0.01097,
epoch: [18], step: [1241/1581], batch loss: 0.39517, batch accuracy: 87.50, data load time: 0.00021, step time: 0.00968,
epoch: [18], step: [1541/1581], batch loss: 0.34696, batch accuracy: 87.50, data load time: 0.00013, step time: 0.00873,
epoch: [19], step: [260/1581], batch loss: 0.12094, batch accuracy: 96.88, data load time: 0.00380, step time: 0.01250,
epoch: [19], step: [560/1581], batch loss: 0.13021, batch accuracy: 96.88, data load time: 0.00024, step time: 0.01064,
epoch: [19], step: [860/1581], batch loss: 0.14492, batch accuracy: 96.88, data load time: 0.00508, step time: 0.01275,
epoch: [19], step: [1160/1581], batch loss: 0.16765, batch accuracy: 96.88, data load time: 0.00591, step time: 0.01099,
epoch: [19], step: [1460/1581], batch loss: 0.12104, batch accuracy: 93.75, data load time: 0.00022, step time: 0.01612,
validation loss: 1.11899, accuracy: 71.97, class_accuracy: [79.14285714285714, 80.48780487804878, 63.25648414985591, 71.32743362831859, 80.03095975232198, 71.51702786377709, 81.37254901960785, 94.35483870967742, 45.51971326164875, 64.85714285714286]
epoch: [20], step: [179/1581], batch loss: 0.22692, batch accuracy: 90.62, data load time: 0.00023, step time: 0.01292,
epoch: [20], step: [479/1581], batch loss: 0.23927, batch accuracy: 87.50, data load time: 0.00027, step time: 0.01022,
epoch: [20], step: [779/1581], batch loss: 0.36335, batch accuracy: 90.62, data load time: 0.00032, step time: 0.01069,
epoch: [20], step: [1079/1581], batch loss: 0.14131, batch accuracy: 93.75, data load time: 0.00831, step time: 0.01257,
epoch: [20], step: [1379/1581], batch loss: 0.32686, batch accuracy: 90.62, data load time: 0.00021, step time: 0.01637,
epoch: [21], step: [98/1581], batch loss: 0.11038, batch accuracy: 93.75, data load time: 0.00023, step time: 0.01061,
epoch: [21], step: [398/1581], batch loss: 0.19608, batch accuracy: 93.75, data load time: 0.00365, step time: 0.01288,
epoch: [21], step: [698/1581], batch loss: 0.18569, batch accuracy: 93.75, data load time: 0.00025, step time: 0.00986,
epoch: [21], step: [998/1581], batch loss: 0.10097, batch accuracy: 100.00, data load time: 0.00026, step time: 0.01185,
epoch: [21], step: [1298/1581], batch loss: 0.06875, batch accuracy: 100.00, data load time: 0.00024, step time: 0.00989,
epoch: [22], step: [17/1581], batch loss: 0.15033, batch accuracy: 93.75, data load time: 0.00364, step time: 0.01121,
epoch: [22], step: [317/1581], batch loss: 0.15912, batch accuracy: 93.75, data load time: 0.00025, step time: 0.00995,
epoch: [22], step: [617/1581], batch loss: 0.05967, batch accuracy: 96.88, data load time: 0.00026, step time: 0.01029,
epoch: [22], step: [917/1581], batch loss: 0.10168, batch accuracy: 96.88, data load time: 0.00021, step time: 0.00988,
epoch: [22], step: [1217/1581], batch loss: 0.15293, batch accuracy: 93.75, data load time: 0.00025, step time: 0.01044,
epoch: [22], step: [1517/1581], batch loss: 0.08851, batch accuracy: 96.88, data load time: 0.00327, step time: 0.01131,
epoch: [23], step: [236/1581], batch loss: 0.06253, batch accuracy: 96.88, data load time: 0.00022, step time: 0.01153,
epoch: [23], step: [536/1581], batch loss: 0.15189, batch accuracy: 90.62, data load time: 0.00022, step time: 0.01167,
epoch: [23], step: [836/1581], batch loss: 0.23803, batch accuracy: 90.62, data load time: 0.00031, step time: 0.01194,
epoch: [23], step: [1136/1581], batch loss: 0.15149, batch accuracy: 93.75, data load time: 0.00025, step time: 0.00963,
epoch: [23], step: [1436/1581], batch loss: 0.14093, batch accuracy: 93.75, data load time: 0.00022, step time: 0.00965,
epoch: [24], step: [155/1581], batch loss: 0.17374, batch accuracy: 93.75, data load time: 0.00022, step time: 0.01256,
epoch: [24], step: [455/1581], batch loss: 0.13744, batch accuracy: 96.88, data load time: 0.00022, step time: 0.01601,
epoch: [24], step: [755/1581], batch loss: 0.10033, batch accuracy: 96.88, data load time: 0.00443, step time: 0.01185,
epoch: [24], step: [1055/1581], batch loss: 0.14251, batch accuracy: 93.75, data load time: 0.00022, step time: 0.01506,
epoch: [24], step: [1355/1581], batch loss: 0.18879, batch accuracy: 96.88, data load time: 0.00458, step time: 0.01235,
validation loss: 1.13862, accuracy: 67.30, class_accuracy: [44.0, 82.92682926829268, 64.4092219020173, 70.08849557522124, 81.11455108359134, 58.8235294117647, 92.15686274509804, 95.48387096774194, 50.7168458781362, 67.28571428571429]
epoch: [25], step: [74/1581], batch loss: 0.06107, batch accuracy: 100.00, data load time: 0.00034, step time: 0.01047,
epoch: [25], step: [374/1581], batch loss: 0.18011, batch accuracy: 96.88, data load time: 0.00429, step time: 0.01116,
epoch: [25], step: [674/1581], batch loss: 0.21280, batch accuracy: 93.75, data load time: 0.00022, step time: 0.01035,
epoch: [25], step: [974/1581], batch loss: 0.14600, batch accuracy: 96.88, data load time: 0.00021, step time: 0.01001,
epoch: [25], step: [1274/1581], batch loss: 0.35407, batch accuracy: 87.50, data load time: 0.00594, step time: 0.01019,
epoch: [25], step: [1574/1581], batch loss: 0.11036, batch accuracy: 93.75, data load time: 0.00011, step time: 0.00868,
epoch: [26], step: [293/1581], batch loss: 0.13122, batch accuracy: 93.75, data load time: 0.00023, step time: 0.01064,
epoch: [26], step: [593/1581], batch loss: 0.13583, batch accuracy: 93.75, data load time: 0.00341, step time: 0.01168,
epoch: [26], step: [893/1581], batch loss: 0.21308, batch accuracy: 96.88, data load time: 0.00331, step time: 0.01013,
epoch: [26], step: [1193/1581], batch loss: 0.17142, batch accuracy: 90.62, data load time: 0.00022, step time: 0.01020,
epoch: [26], step: [1493/1581], batch loss: 0.17912, batch accuracy: 93.75, data load time: 0.00025, step time: 0.00996,
epoch: [27], step: [212/1581], batch loss: 0.04590, batch accuracy: 100.00, data load time: 0.00021, step time: 0.00997,
epoch: [27], step: [512/1581], batch loss: 0.39449, batch accuracy: 84.38, data load time: 0.00023, step time: 0.01598,
epoch: [27], step: [812/1581], batch loss: 0.22705, batch accuracy: 93.75, data load time: 0.00022, step time: 0.01028,
epoch: [27], step: [1112/1581], batch loss: 0.13480, batch accuracy: 96.88, data load time: 0.00021, step time: 0.01117,
epoch: [27], step: [1412/1581], batch loss: 0.30780, batch accuracy: 90.62, data load time: 0.00031, step time: 0.01119,
epoch: [28], step: [131/1581], batch loss: 0.25754, batch accuracy: 90.62, data load time: 0.00455, step time: 0.01183,
epoch: [28], step: [431/1581], batch loss: 0.11074, batch accuracy: 96.88, data load time: 0.00022, step time: 0.01032,
epoch: [28], step: [731/1581], batch loss: 0.09024, batch accuracy: 96.88, data load time: 0.00022, step time: 0.01014,
epoch: [28], step: [1031/1581], batch loss: 0.16815, batch accuracy: 93.75, data load time: 0.00335, step time: 0.01069,
epoch: [28], step: [1331/1581], batch loss: 0.11896, batch accuracy: 96.88, data load time: 0.00312, step time: 0.01176,
epoch: [29], step: [50/1581], batch loss: 0.18092, batch accuracy: 96.88, data load time: 0.00341, step time: 0.01115,
epoch: [29], step: [350/1581], batch loss: 0.01751, batch accuracy: 100.00, data load time: 0.00032, step time: 0.01053,
epoch: [29], step: [650/1581], batch loss: 0.11696, batch accuracy: 96.88, data load time: 0.00340, step time: 0.01035,
epoch: [29], step: [950/1581], batch loss: 0.22915, batch accuracy: 90.62, data load time: 0.00598, step time: 0.01192,
epoch: [29], step: [1250/1581], batch loss: 0.16124, batch accuracy: 93.75, data load time: 0.00666, step time: 0.01271,
epoch: [29], step: [1550/1581], batch loss: 0.15990, batch accuracy: 96.88, data load time: 0.00012, step time: 0.00870,
validation loss: 1.00999, accuracy: 71.18, class_accuracy: [51.42857142857143, 88.41463414634147, 68.87608069164266, 72.38938053097345, 77.70897832817337, 63.31269349845201, 89.2156862745098, 96.12903225806451, 59.49820788530466, 74.0]
epoch: [30], step: [269/1581], batch loss: 0.25044, batch accuracy: 90.62, data load time: 0.00021, step time: 0.01154,
epoch: [30], step: [569/1581], batch loss: 0.22017, batch accuracy: 90.62, data load time: 0.00026, step time: 0.01012,
epoch: [30], step: [869/1581], batch loss: 0.24237, batch accuracy: 90.62, data load time: 0.00058, step time: 0.01382,
epoch: [30], step: [1169/1581], batch loss: 0.12282, batch accuracy: 96.88, data load time: 0.00022, step time: 0.01564,
epoch: [30], step: [1469/1581], batch loss: 0.26054, batch accuracy: 96.88, data load time: 0.00022, step time: 0.01015,
epoch: [31], step: [188/1581], batch loss: 0.15504, batch accuracy: 96.88, data load time: 0.00163, step time: 0.01053,
epoch: [31], step: [488/1581], batch loss: 0.17342, batch accuracy: 93.75, data load time: 0.00417, step time: 0.00995,
epoch: [31], step: [788/1581], batch loss: 0.22228, batch accuracy: 90.62, data load time: 0.00023, step time: 0.01573,
epoch: [31], step: [1088/1581], batch loss: 0.33668, batch accuracy: 84.38, data load time: 0.00021, step time: 0.00993,
epoch: [31], step: [1388/1581], batch loss: 0.26555, batch accuracy: 96.88, data load time: 0.00021, step time: 0.01717,
epoch: [32], step: [107/1581], batch loss: 0.05219, batch accuracy: 100.00, data load time: 0.00023, step time: 0.01747,
epoch: [32], step: [407/1581], batch loss: 0.08739, batch accuracy: 96.88, data load time: 0.00023, step time: 0.01058,
epoch: [32], step: [707/1581], batch loss: 0.14144, batch accuracy: 96.88, data load time: 0.00022, step time: 0.00996,
epoch: [32], step: [1007/1581], batch loss: 0.32009, batch accuracy: 90.62, data load time: 0.00021, step time: 0.00995,
epoch: [32], step: [1307/1581], batch loss: 0.04429, batch accuracy: 100.00, data load time: 0.00593, step time: 0.01025,
epoch: [33], step: [26/1581], batch loss: 0.15117, batch accuracy: 96.88, data load time: 0.00029, step time: 0.01065,
epoch: [33], step: [326/1581], batch loss: 0.09157, batch accuracy: 96.88, data load time: 0.00024, step time: 0.01016,
epoch: [33], step: [626/1581], batch loss: 0.12976, batch accuracy: 93.75, data load time: 0.00561, step time: 0.00977,
epoch: [33], step: [926/1581], batch loss: 0.18425, batch accuracy: 96.88, data load time: 0.00341, step time: 0.01098,
epoch: [33], step: [1226/1581], batch loss: 0.33861, batch accuracy: 90.62, data load time: 0.00021, step time: 0.00984,
epoch: [33], step: [1526/1581], batch loss: 0.15797, batch accuracy: 93.75, data load time: 0.00017, step time: 0.00951,
epoch: [34], step: [245/1581], batch loss: 0.06950, batch accuracy: 100.00, data load time: 0.00022, step time: 0.01653,
epoch: [34], step: [545/1581], batch loss: 0.10653, batch accuracy: 93.75, data load time: 0.00022, step time: 0.01112,
epoch: [34], step: [845/1581], batch loss: 0.07257, batch accuracy: 96.88, data load time: 0.00021, step time: 0.01221,
epoch: [34], step: [1145/1581], batch loss: 0.20932, batch accuracy: 90.62, data load time: 0.00028, step time: 0.01078,
epoch: [34], step: [1445/1581], batch loss: 0.07339, batch accuracy: 96.88, data load time: 0.00023, step time: 0.01413,
validation loss: 0.97247, accuracy: 72.12, class_accuracy: [59.42857142857143, 87.8048780487805, 66.57060518731988, 74.69026548672566, 80.3405572755418, 63.93188854489164, 84.31372549019608, 98.70967741935483, 55.19713261648746, 72.71428571428571]
epoch: [35], step: [164/1581], batch loss: 0.09593, batch accuracy: 96.88, data load time: 0.00024, step time: 0.01118,
epoch: [35], step: [464/1581], batch loss: 0.10992, batch accuracy: 93.75, data load time: 0.00022, step time: 0.01588,
epoch: [35], step: [764/1581], batch loss: 0.10255, batch accuracy: 96.88, data load time: 0.00589, step time: 0.01180,
epoch: [35], step: [1064/1581], batch loss: 0.07563, batch accuracy: 96.88, data load time: 0.00062, step time: 0.01043,
epoch: [35], step: [1364/1581], batch loss: 0.38677, batch accuracy: 90.62, data load time: 0.00023, step time: 0.01012,
epoch: [36], step: [83/1581], batch loss: 0.17347, batch accuracy: 93.75, data load time: 0.00607, step time: 0.01060,
epoch: [36], step: [383/1581], batch loss: 0.03184, batch accuracy: 100.00, data load time: 0.00426, step time: 0.01219,
epoch: [36], step: [683/1581], batch loss: 0.08312, batch accuracy: 100.00, data load time: 0.00598, step time: 0.01015,
epoch: [36], step: [983/1581], batch loss: 0.14220, batch accuracy: 96.88, data load time: 0.00074, step time: 0.01063,
epoch: [36], step: [1283/1581], batch loss: 0.02724, batch accuracy: 100.00, data load time: 0.00334, step time: 0.00995,
epoch: [37], step: [2/1581], batch loss: 0.15208, batch accuracy: 93.75, data load time: 0.00020, step time: 0.01054,
epoch: [37], step: [302/1581], batch loss: 0.38778, batch accuracy: 81.25, data load time: 0.00400, step time: 0.01100,
epoch: [37], step: [602/1581], batch loss: 0.03087, batch accuracy: 100.00, data load time: 0.00023, step time: 0.01394,
epoch: [37], step: [902/1581], batch loss: 0.33348, batch accuracy: 90.62, data load time: 0.00363, step time: 0.01052,
epoch: [37], step: [1202/1581], batch loss: 0.38202, batch accuracy: 87.50, data load time: 0.00023, step time: 0.01027,
epoch: [37], step: [1502/1581], batch loss: 0.13923, batch accuracy: 96.88, data load time: 0.00024, step time: 0.00959,
epoch: [38], step: [221/1581], batch loss: 0.26037, batch accuracy: 87.50, data load time: 0.00022, step time: 0.01168,
epoch: [38], step: [521/1581], batch loss: 0.19184, batch accuracy: 93.75, data load time: 0.00025, step time: 0.01021,
epoch: [38], step: [821/1581], batch loss: 0.15890, batch accuracy: 96.88, data load time: 0.00291, step time: 0.01183,
epoch: [38], step: [1121/1581], batch loss: 0.13389, batch accuracy: 96.88, data load time: 0.00023, step time: 0.01574,
epoch: [38], step: [1421/1581], batch loss: 0.27512, batch accuracy: 87.50, data load time: 0.00025, step time: 0.01759,
epoch: [39], step: [140/1581], batch loss: 0.02010, batch accuracy: 100.00, data load time: 0.00055, step time: 0.01461,
epoch: [39], step: [440/1581], batch loss: 0.07531, batch accuracy: 100.00, data load time: 0.00371, step time: 0.01109,
epoch: [39], step: [740/1581], batch loss: 0.25620, batch accuracy: 90.62, data load time: 0.00372, step time: 0.01129,
epoch: [39], step: [1040/1581], batch loss: 0.16590, batch accuracy: 93.75, data load time: 0.00023, step time: 0.01066,
epoch: [39], step: [1340/1581], batch loss: 0.12052, batch accuracy: 93.75, data load time: 0.00022, step time: 0.00962,
validation loss: 1.13587, accuracy: 68.25, class_accuracy: [53.42857142857143, 93.29268292682927, 67.0028818443804, 74.51327433628319, 80.3405572755418, 57.585139318885446, 98.03921568627452, 93.70967741935483, 48.74551971326165, 60.714285714285715]
epoch: [40], step: [59/1581], batch loss: 0.07558, batch accuracy: 100.00, data load time: 0.00034, step time: 0.01052,
epoch: [40], step: [359/1581], batch loss: 0.08774, batch accuracy: 96.88, data load time: 0.00024, step time: 0.01133,
epoch: [40], step: [659/1581], batch loss: 0.12608, batch accuracy: 96.88, data load time: 0.00582, step time: 0.01451,
epoch: [40], step: [959/1581], batch loss: 0.13580, batch accuracy: 96.88, data load time: 0.00026, step time: 0.01115,
epoch: [40], step: [1259/1581], batch loss: 0.27516, batch accuracy: 93.75, data load time: 0.00032, step time: 0.01148,
epoch: [40], step: [1559/1581], batch loss: 0.08415, batch accuracy: 100.00, data load time: 0.00010, step time: 0.00870,
epoch: [41], step: [278/1581], batch loss: 0.03250, batch accuracy: 100.00, data load time: 0.00583, step time: 0.01016,
epoch: [41], step: [578/1581], batch loss: 0.14488, batch accuracy: 93.75, data load time: 0.00022, step time: 0.01060,
epoch: [41], step: [878/1581], batch loss: 0.26502, batch accuracy: 90.62, data load time: 0.00366, step time: 0.01288,
epoch: [41], step: [1178/1581], batch loss: 0.23135, batch accuracy: 90.62, data load time: 0.00022, step time: 0.01213,
epoch: [41], step: [1478/1581], batch loss: 0.19755, batch accuracy: 90.62, data load time: 0.00022, step time: 0.01016,
epoch: [42], step: [197/1581], batch loss: 0.15003, batch accuracy: 93.75, data load time: 0.00024, step time: 0.00979,
epoch: [42], step: [497/1581], batch loss: 0.20862, batch accuracy: 93.75, data load time: 0.00021, step time: 0.01013,
epoch: [42], step: [797/1581], batch loss: 0.14069, batch accuracy: 93.75, data load time: 0.00031, step time: 0.01017,
epoch: [42], step: [1097/1581], batch loss: 0.12652, batch accuracy: 93.75, data load time: 0.00373, step time: 0.01283,
epoch: [42], step: [1397/1581], batch loss: 0.03383, batch accuracy: 100.00, data load time: 0.00023, step time: 0.01582,
epoch: [43], step: [116/1581], batch loss: 0.05655, batch accuracy: 100.00, data load time: 0.00022, step time: 0.01019,
epoch: [43], step: [416/1581], batch loss: 0.09365, batch accuracy: 96.88, data load time: 0.00105, step time: 0.01029,
epoch: [43], step: [716/1581], batch loss: 0.04773, batch accuracy: 100.00, data load time: 0.00566, step time: 0.00962,
epoch: [43], step: [1016/1581], batch loss: 0.04865, batch accuracy: 100.00, data load time: 0.00022, step time: 0.01087,
epoch: [43], step: [1316/1581], batch loss: 0.30890, batch accuracy: 84.38, data load time: 0.00593, step time: 0.01051,
epoch: [44], step: [35/1581], batch loss: 0.19998, batch accuracy: 90.62, data load time: 0.00025, step time: 0.01083,
epoch: [44], step: [335/1581], batch loss: 0.14175, batch accuracy: 96.88, data load time: 0.00022, step time: 0.01543,
epoch: [44], step: [635/1581], batch loss: 0.09842, batch accuracy: 96.88, data load time: 0.00025, step time: 0.01121,
epoch: [44], step: [935/1581], batch loss: 0.10122, batch accuracy: 100.00, data load time: 0.00024, step time: 0.01638,
epoch: [44], step: [1235/1581], batch loss: 0.13505, batch accuracy: 93.75, data load time: 0.00023, step time: 0.01731,
epoch: [44], step: [1535/1581], batch loss: 0.10930, batch accuracy: 93.75, data load time: 0.00016, step time: 0.01512,
validation loss: 0.90975, accuracy: 75.25, class_accuracy: [73.28571428571429, 87.8048780487805, 72.91066282420749, 68.84955752212389, 96.13003095975232, 71.82662538699691, 85.29411764705883, 94.6774193548387, 51.4336917562724, 66.0]
epoch: [45], step: [254/1581], batch loss: 0.42545, batch accuracy: 87.50, data load time: 0.00032, step time: 0.01171,
epoch: [45], step: [554/1581], batch loss: 0.08568, batch accuracy: 96.88, data load time: 0.00333, step time: 0.01128,
epoch: [45], step: [854/1581], batch loss: 0.19780, batch accuracy: 93.75, data load time: 0.00420, step time: 0.01258,
epoch: [45], step: [1154/1581], batch loss: 0.11475, batch accuracy: 96.88, data load time: 0.00023, step time: 0.01702,
epoch: [45], step: [1454/1581], batch loss: 0.25640, batch accuracy: 93.75, data load time: 0.00120, step time: 0.01017,
epoch: [46], step: [173/1581], batch loss: 0.09338, batch accuracy: 96.88, data load time: 0.00022, step time: 0.01084,
epoch: [46], step: [473/1581], batch loss: 0.19160, batch accuracy: 96.88, data load time: 0.00022, step time: 0.01572,
epoch: [46], step: [773/1581], batch loss: 0.16043, batch accuracy: 96.88, data load time: 0.00090, step time: 0.01075,
epoch: [46], step: [1073/1581], batch loss: 0.19956, batch accuracy: 96.88, data load time: 0.00023, step time: 0.01022,
epoch: [46], step: [1373/1581], batch loss: 0.21280, batch accuracy: 90.62, data load time: 0.00023, step time: 0.01925,
epoch: [47], step: [92/1581], batch loss: 0.16434, batch accuracy: 90.62, data load time: 0.00025, step time: 0.01184,
epoch: [47], step: [392/1581], batch loss: 0.14576, batch accuracy: 93.75, data load time: 0.00618, step time: 0.01197,
epoch: [47], step: [692/1581], batch loss: 0.11851, batch accuracy: 93.75, data load time: 0.00372, step time: 0.01053,
epoch: [47], step: [992/1581], batch loss: 0.33736, batch accuracy: 87.50, data load time: 0.00021, step time: 0.01170,
epoch: [47], step: [1292/1581], batch loss: 0.34309, batch accuracy: 93.75, data load time: 0.00022, step time: 0.00985,
epoch: [48], step: [11/1581], batch loss: 0.25648, batch accuracy: 87.50, data load time: 0.00830, step time: 0.01255,
epoch: [48], step: [311/1581], batch loss: 0.20826, batch accuracy: 90.62, data load time: 0.00022, step time: 0.01009,
epoch: [48], step: [611/1581], batch loss: 0.12967, batch accuracy: 93.75, data load time: 0.00629, step time: 0.01144,
epoch: [48], step: [911/1581], batch loss: 0.16107, batch accuracy: 90.62, data load time: 0.00033, step time: 0.01045,
epoch: [48], step: [1211/1581], batch loss: 0.24195, batch accuracy: 90.62, data load time: 0.00581, step time: 0.01088,
epoch: [48], step: [1511/1581], batch loss: 0.07449, batch accuracy: 100.00, data load time: 0.00024, step time: 0.01726,
epoch: [49], step: [230/1581], batch loss: 0.21161, batch accuracy: 90.62, data load time: 0.00096, step time: 0.01010,
epoch: [49], step: [530/1581], batch loss: 0.08251, batch accuracy: 96.88, data load time: 0.00024, step time: 0.01027,
epoch: [49], step: [830/1581], batch loss: 0.05503, batch accuracy: 100.00, data load time: 0.00592, step time: 0.01194,
epoch: [49], step: [1130/1581], batch loss: 0.18483, batch accuracy: 96.88, data load time: 0.00024, step time: 0.01804,
epoch: [49], step: [1430/1581], batch loss: 0.11762, batch accuracy: 93.75, data load time: 0.00021, step time: 0.01462,
validation loss: 0.98887, accuracy: 71.44, class_accuracy: [70.42857142857143, 91.46341463414635, 67.14697406340058, 64.77876106194691, 81.88854489164086, 55.72755417956656, 84.31372549019608, 95.3225806451613, 55.55555555555556, 71.85714285714286]
Total time taken: 1190.2759499549866
