Using CUDA...
Writing logs to logs/CNN_bn_epochs=50_dropout=0.5_bs=32_optim=AdamW_decay=0.0001_lr=0.001_momentum=0.9_mode=LMC_run_0
epoch: [0], step: [299/1581], batch loss: 1.31415, batch accuracy: 43.75, data load time: 0.00022, step time: 0.01121,
epoch: [0], step: [599/1581], batch loss: 0.80808, batch accuracy: 71.88, data load time: 0.00028, step time: 0.01086,
epoch: [0], step: [899/1581], batch loss: 0.83072, batch accuracy: 59.38, data load time: 0.00031, step time: 0.00965,
epoch: [0], step: [1199/1581], batch loss: 0.47934, batch accuracy: 87.50, data load time: 0.00022, step time: 0.00964,
epoch: [0], step: [1499/1581], batch loss: 0.70464, batch accuracy: 81.25, data load time: 0.00022, step time: 0.01014,
epoch: [1], step: [218/1581], batch loss: 0.26915, batch accuracy: 93.75, data load time: 0.00026, step time: 0.01059,
epoch: [1], step: [518/1581], batch loss: 0.43248, batch accuracy: 84.38, data load time: 0.00336, step time: 0.01045,
epoch: [1], step: [818/1581], batch loss: 0.22831, batch accuracy: 93.75, data load time: 0.00022, step time: 0.00966,
epoch: [1], step: [1118/1581], batch loss: 0.45367, batch accuracy: 75.00, data load time: 0.00023, step time: 0.01566,
epoch: [1], step: [1418/1581], batch loss: 0.38225, batch accuracy: 87.50, data load time: 0.00379, step time: 0.01069,
epoch: [2], step: [137/1581], batch loss: 0.24616, batch accuracy: 90.62, data load time: 0.00024, step time: 0.01029,
epoch: [2], step: [437/1581], batch loss: 0.30879, batch accuracy: 93.75, data load time: 0.00033, step time: 0.01015,
epoch: [2], step: [737/1581], batch loss: 0.42914, batch accuracy: 87.50, data load time: 0.00021, step time: 0.01124,
epoch: [2], step: [1037/1581], batch loss: 0.33817, batch accuracy: 87.50, data load time: 0.00333, step time: 0.01031,
epoch: [2], step: [1337/1581], batch loss: 0.26530, batch accuracy: 93.75, data load time: 0.00023, step time: 0.01014,
epoch: [3], step: [56/1581], batch loss: 0.18057, batch accuracy: 93.75, data load time: 0.00022, step time: 0.01114,
epoch: [3], step: [356/1581], batch loss: 0.43898, batch accuracy: 90.62, data load time: 0.00022, step time: 0.01039,
epoch: [3], step: [656/1581], batch loss: 0.28436, batch accuracy: 87.50, data load time: 0.00358, step time: 0.00981,
epoch: [3], step: [956/1581], batch loss: 0.12793, batch accuracy: 96.88, data load time: 0.00023, step time: 0.00973,
epoch: [3], step: [1256/1581], batch loss: 0.17048, batch accuracy: 90.62, data load time: 0.00022, step time: 0.00993,
epoch: [3], step: [1556/1581], batch loss: 0.11918, batch accuracy: 96.88, data load time: 0.00013, step time: 0.00855,
epoch: [4], step: [275/1581], batch loss: 0.44344, batch accuracy: 81.25, data load time: 0.00025, step time: 0.01269,
epoch: [4], step: [575/1581], batch loss: 0.15496, batch accuracy: 90.62, data load time: 0.00023, step time: 0.01092,
epoch: [4], step: [875/1581], batch loss: 0.04801, batch accuracy: 100.00, data load time: 0.00022, step time: 0.01079,
epoch: [4], step: [1175/1581], batch loss: 0.20460, batch accuracy: 90.62, data load time: 0.00024, step time: 0.01051,
epoch: [4], step: [1475/1581], batch loss: 0.13999, batch accuracy: 93.75, data load time: 0.00319, step time: 0.01119,
validation loss: 1.10570, accuracy: 70.11, class_accuracy: [53.389830508474574, 100.0, 76.06837606837607, 62.83185840707964, 93.22033898305085, 50.45871559633027, 100.0, 81.41592920353982, 47.95918367346939, 72.03389830508475]
epoch: [5], step: [194/1581], batch loss: 0.10442, batch accuracy: 96.88, data load time: 0.00022, step time: 0.01177,
epoch: [5], step: [494/1581], batch loss: 0.16592, batch accuracy: 93.75, data load time: 0.00023, step time: 0.01169,
epoch: [5], step: [794/1581], batch loss: 0.24310, batch accuracy: 93.75, data load time: 0.00329, step time: 0.01054,
epoch: [5], step: [1094/1581], batch loss: 0.15902, batch accuracy: 93.75, data load time: 0.00032, step time: 0.00994,
epoch: [5], step: [1394/1581], batch loss: 0.07740, batch accuracy: 96.88, data load time: 0.00303, step time: 0.01099,
epoch: [6], step: [113/1581], batch loss: 0.08640, batch accuracy: 96.88, data load time: 0.00021, step time: 0.01095,
epoch: [6], step: [413/1581], batch loss: 0.02594, batch accuracy: 100.00, data load time: 0.00340, step time: 0.01099,
epoch: [6], step: [713/1581], batch loss: 0.15083, batch accuracy: 93.75, data load time: 0.00021, step time: 0.00949,
epoch: [6], step: [1013/1581], batch loss: 0.14638, batch accuracy: 93.75, data load time: 0.00021, step time: 0.01048,
epoch: [6], step: [1313/1581], batch loss: 0.06228, batch accuracy: 96.88, data load time: 0.00301, step time: 0.01019,
epoch: [7], step: [32/1581], batch loss: 0.08254, batch accuracy: 96.88, data load time: 0.00025, step time: 0.01133,
epoch: [7], step: [332/1581], batch loss: 0.12741, batch accuracy: 96.88, data load time: 0.00023, step time: 0.01104,
epoch: [7], step: [632/1581], batch loss: 0.02740, batch accuracy: 100.00, data load time: 0.00023, step time: 0.01012,
epoch: [7], step: [932/1581], batch loss: 0.11017, batch accuracy: 93.75, data load time: 0.00023, step time: 0.01026,
epoch: [7], step: [1232/1581], batch loss: 0.19450, batch accuracy: 90.62, data load time: 0.00322, step time: 0.01108,
epoch: [7], step: [1532/1581], batch loss: 0.25842, batch accuracy: 90.62, data load time: 0.00017, step time: 0.00930,
epoch: [8], step: [251/1581], batch loss: 0.31932, batch accuracy: 96.88, data load time: 0.00033, step time: 0.01092,
epoch: [8], step: [551/1581], batch loss: 0.07015, batch accuracy: 96.88, data load time: 0.00023, step time: 0.01006,
epoch: [8], step: [851/1581], batch loss: 0.01879, batch accuracy: 100.00, data load time: 0.00341, step time: 0.01084,
epoch: [8], step: [1151/1581], batch loss: 0.08010, batch accuracy: 96.88, data load time: 0.00022, step time: 0.00993,
epoch: [8], step: [1451/1581], batch loss: 0.00689, batch accuracy: 100.00, data load time: 0.00022, step time: 0.00976,
epoch: [9], step: [170/1581], batch loss: 0.02738, batch accuracy: 100.00, data load time: 0.00022, step time: 0.00957,
epoch: [9], step: [470/1581], batch loss: 0.05144, batch accuracy: 96.88, data load time: 0.00024, step time: 0.01064,
epoch: [9], step: [770/1581], batch loss: 0.02004, batch accuracy: 100.00, data load time: 0.00022, step time: 0.01158,
epoch: [9], step: [1070/1581], batch loss: 0.07032, batch accuracy: 96.88, data load time: 0.00049, step time: 0.00984,
epoch: [9], step: [1370/1581], batch loss: 0.14411, batch accuracy: 96.88, data load time: 0.00021, step time: 0.00965,
validation loss: 1.17876, accuracy: 72.77, class_accuracy: [55.932203389830505, 97.36842105263158, 73.5042735042735, 72.56637168141593, 87.28813559322033, 55.04587155963303, 97.14285714285714, 91.15044247787611, 57.142857142857146, 71.1864406779661]
epoch: [10], step: [89/1581], batch loss: 0.02570, batch accuracy: 100.00, data load time: 0.00024, step time: 0.01005,
epoch: [10], step: [389/1581], batch loss: 0.07706, batch accuracy: 100.00, data load time: 0.00350, step time: 0.01022,
epoch: [10], step: [689/1581], batch loss: 0.11784, batch accuracy: 90.62, data load time: 0.00023, step time: 0.01028,
epoch: [10], step: [989/1581], batch loss: 0.02575, batch accuracy: 100.00, data load time: 0.00325, step time: 0.01241,
epoch: [10], step: [1289/1581], batch loss: 0.00571, batch accuracy: 100.00, data load time: 0.00025, step time: 0.00988,
epoch: [11], step: [8/1581], batch loss: 0.01093, batch accuracy: 100.00, data load time: 0.01132, step time: 0.01196,
epoch: [11], step: [308/1581], batch loss: 0.00741, batch accuracy: 100.00, data load time: 0.00394, step time: 0.01045,
epoch: [11], step: [608/1581], batch loss: 0.03724, batch accuracy: 96.88, data load time: 0.00022, step time: 0.00922,
epoch: [11], step: [908/1581], batch loss: 0.08029, batch accuracy: 96.88, data load time: 0.00323, step time: 0.01002,
epoch: [11], step: [1208/1581], batch loss: 0.01868, batch accuracy: 100.00, data load time: 0.00295, step time: 0.01210,
epoch: [11], step: [1508/1581], batch loss: 0.08903, batch accuracy: 93.75, data load time: 0.00304, step time: 0.01163,
epoch: [12], step: [227/1581], batch loss: 0.04175, batch accuracy: 96.88, data load time: 0.00455, step time: 0.01109,
epoch: [12], step: [527/1581], batch loss: 0.00839, batch accuracy: 100.00, data load time: 0.00022, step time: 0.01044,
epoch: [12], step: [827/1581], batch loss: 0.05535, batch accuracy: 96.88, data load time: 0.00032, step time: 0.00991,
epoch: [12], step: [1127/1581], batch loss: 0.01351, batch accuracy: 100.00, data load time: 0.00303, step time: 0.01011,
epoch: [12], step: [1427/1581], batch loss: 0.04117, batch accuracy: 96.88, data load time: 0.00025, step time: 0.01129,
epoch: [13], step: [146/1581], batch loss: 0.04571, batch accuracy: 93.75, data load time: 0.00022, step time: 0.00964,
epoch: [13], step: [446/1581], batch loss: 0.06459, batch accuracy: 93.75, data load time: 0.00023, step time: 0.01107,
epoch: [13], step: [746/1581], batch loss: 0.03845, batch accuracy: 96.88, data load time: 0.00023, step time: 0.00961,
epoch: [13], step: [1046/1581], batch loss: 0.07115, batch accuracy: 96.88, data load time: 0.00023, step time: 0.01083,
epoch: [13], step: [1346/1581], batch loss: 0.05456, batch accuracy: 93.75, data load time: 0.00025, step time: 0.00973,
epoch: [14], step: [65/1581], batch loss: 0.11684, batch accuracy: 96.88, data load time: 0.00021, step time: 0.01116,
epoch: [14], step: [365/1581], batch loss: 0.00741, batch accuracy: 100.00, data load time: 0.00020, step time: 0.01096,
epoch: [14], step: [665/1581], batch loss: 0.00371, batch accuracy: 100.00, data load time: 0.00025, step time: 0.01023,
epoch: [14], step: [965/1581], batch loss: 0.00599, batch accuracy: 100.00, data load time: 0.00023, step time: 0.00995,
epoch: [14], step: [1265/1581], batch loss: 0.03846, batch accuracy: 96.88, data load time: 0.00303, step time: 0.01036,
epoch: [14], step: [1565/1581], batch loss: 0.02765, batch accuracy: 100.00, data load time: 0.00011, step time: 0.00857,
validation loss: 1.26994, accuracy: 73.69, class_accuracy: [62.71186440677966, 92.10526315789474, 78.63247863247864, 74.33628318584071, 90.67796610169492, 48.62385321100918, 97.14285714285714, 87.61061946902655, 55.10204081632653, 74.57627118644068]
epoch: [15], step: [284/1581], batch loss: 0.00187, batch accuracy: 100.00, data load time: 0.00024, step time: 0.01156,
epoch: [15], step: [584/1581], batch loss: 0.00627, batch accuracy: 100.00, data load time: 0.00319, step time: 0.01092,
epoch: [15], step: [884/1581], batch loss: 0.00066, batch accuracy: 100.00, data load time: 0.00304, step time: 0.01091,
epoch: [15], step: [1184/1581], batch loss: 0.08922, batch accuracy: 96.88, data load time: 0.00298, step time: 0.01040,
epoch: [15], step: [1484/1581], batch loss: 0.00807, batch accuracy: 100.00, data load time: 0.00032, step time: 0.01266,
epoch: [16], step: [203/1581], batch loss: 0.01135, batch accuracy: 100.00, data load time: 0.00024, step time: 0.00943,
epoch: [16], step: [503/1581], batch loss: 0.00986, batch accuracy: 100.00, data load time: 0.00023, step time: 0.01032,
epoch: [16], step: [803/1581], batch loss: 0.02503, batch accuracy: 100.00, data load time: 0.00023, step time: 0.01019,
epoch: [16], step: [1103/1581], batch loss: 0.00084, batch accuracy: 100.00, data load time: 0.00286, step time: 0.01133,
epoch: [16], step: [1403/1581], batch loss: 0.04631, batch accuracy: 96.88, data load time: 0.00021, step time: 0.00990,
epoch: [17], step: [122/1581], batch loss: 0.00362, batch accuracy: 100.00, data load time: 0.00023, step time: 0.01074,
epoch: [17], step: [422/1581], batch loss: 0.01960, batch accuracy: 100.00, data load time: 0.00022, step time: 0.01022,
epoch: [17], step: [722/1581], batch loss: 0.04171, batch accuracy: 93.75, data load time: 0.00310, step time: 0.00995,
epoch: [17], step: [1022/1581], batch loss: 0.03512, batch accuracy: 96.88, data load time: 0.00024, step time: 0.00997,
epoch: [17], step: [1322/1581], batch loss: 0.39665, batch accuracy: 96.88, data load time: 0.00023, step time: 0.01168,
epoch: [18], step: [41/1581], batch loss: 0.00415, batch accuracy: 100.00, data load time: 0.00022, step time: 0.01155,
epoch: [18], step: [341/1581], batch loss: 0.00229, batch accuracy: 100.00, data load time: 0.00025, step time: 0.00968,
epoch: [18], step: [641/1581], batch loss: 0.01689, batch accuracy: 100.00, data load time: 0.00022, step time: 0.01010,
epoch: [18], step: [941/1581], batch loss: 0.01317, batch accuracy: 100.00, data load time: 0.00024, step time: 0.00989,
epoch: [18], step: [1241/1581], batch loss: 0.01892, batch accuracy: 100.00, data load time: 0.00385, step time: 0.00996,
epoch: [18], step: [1541/1581], batch loss: 0.00431, batch accuracy: 100.00, data load time: 0.00019, step time: 0.00985,
epoch: [19], step: [260/1581], batch loss: 0.05359, batch accuracy: 96.88, data load time: 0.00025, step time: 0.01137,
epoch: [19], step: [560/1581], batch loss: 0.00109, batch accuracy: 100.00, data load time: 0.00025, step time: 0.00967,
epoch: [19], step: [860/1581], batch loss: 0.00544, batch accuracy: 100.00, data load time: 0.00519, step time: 0.01066,
epoch: [19], step: [1160/1581], batch loss: 0.14730, batch accuracy: 93.75, data load time: 0.00387, step time: 0.01005,
epoch: [19], step: [1460/1581], batch loss: 0.00080, batch accuracy: 100.00, data load time: 0.00024, step time: 0.01061,
validation loss: 1.34375, accuracy: 73.80, class_accuracy: [49.152542372881356, 94.73684210526316, 72.64957264957265, 70.79646017699115, 80.50847457627118, 66.05504587155963, 100.0, 92.92035398230088, 62.244897959183675, 79.66101694915254]
epoch: [20], step: [179/1581], batch loss: 0.00088, batch accuracy: 100.00, data load time: 0.00025, step time: 0.01170,
epoch: [20], step: [479/1581], batch loss: 0.00863, batch accuracy: 100.00, data load time: 0.00023, step time: 0.01112,
epoch: [20], step: [779/1581], batch loss: 0.01049, batch accuracy: 100.00, data load time: 0.00022, step time: 0.01022,
epoch: [20], step: [1079/1581], batch loss: 0.05358, batch accuracy: 96.88, data load time: 0.00024, step time: 0.00994,
epoch: [20], step: [1379/1581], batch loss: 0.00613, batch accuracy: 100.00, data load time: 0.00032, step time: 0.01023,
epoch: [21], step: [98/1581], batch loss: 0.00083, batch accuracy: 100.00, data load time: 0.00023, step time: 0.01037,
epoch: [21], step: [398/1581], batch loss: 0.08744, batch accuracy: 96.88, data load time: 0.00023, step time: 0.00983,
epoch: [21], step: [698/1581], batch loss: 0.00114, batch accuracy: 100.00, data load time: 0.00029, step time: 0.01168,
epoch: [21], step: [998/1581], batch loss: 0.09093, batch accuracy: 93.75, data load time: 0.00030, step time: 0.01022,
epoch: [21], step: [1298/1581], batch loss: 0.01989, batch accuracy: 100.00, data load time: 0.00029, step time: 0.00972,
epoch: [22], step: [17/1581], batch loss: 0.00716, batch accuracy: 100.00, data load time: 0.00020, step time: 0.01091,
epoch: [22], step: [317/1581], batch loss: 0.00212, batch accuracy: 100.00, data load time: 0.00022, step time: 0.01055,
epoch: [22], step: [617/1581], batch loss: 0.00397, batch accuracy: 100.00, data load time: 0.00024, step time: 0.01008,
epoch: [22], step: [917/1581], batch loss: 0.00545, batch accuracy: 100.00, data load time: 0.00022, step time: 0.00941,
epoch: [22], step: [1217/1581], batch loss: 0.00021, batch accuracy: 100.00, data load time: 0.00030, step time: 0.01120,
epoch: [22], step: [1517/1581], batch loss: 0.07551, batch accuracy: 96.88, data load time: 0.00310, step time: 0.01018,
epoch: [23], step: [236/1581], batch loss: 0.09493, batch accuracy: 96.88, data load time: 0.00390, step time: 0.00981,
epoch: [23], step: [536/1581], batch loss: 0.00016, batch accuracy: 100.00, data load time: 0.00023, step time: 0.01168,
epoch: [23], step: [836/1581], batch loss: 0.00280, batch accuracy: 100.00, data load time: 0.00024, step time: 0.01007,
epoch: [23], step: [1136/1581], batch loss: 0.03764, batch accuracy: 100.00, data load time: 0.00022, step time: 0.01107,
epoch: [23], step: [1436/1581], batch loss: 0.06431, batch accuracy: 96.88, data load time: 0.00021, step time: 0.00929,
epoch: [24], step: [155/1581], batch loss: 0.07262, batch accuracy: 96.88, data load time: 0.00021, step time: 0.00966,
epoch: [24], step: [455/1581], batch loss: 0.01258, batch accuracy: 100.00, data load time: 0.00299, step time: 0.01118,
epoch: [24], step: [755/1581], batch loss: 0.00942, batch accuracy: 100.00, data load time: 0.00023, step time: 0.01110,
epoch: [24], step: [1055/1581], batch loss: 0.01204, batch accuracy: 100.00, data load time: 0.00022, step time: 0.00975,
epoch: [24], step: [1355/1581], batch loss: 0.00083, batch accuracy: 100.00, data load time: 0.00023, step time: 0.01027,
validation loss: 1.56395, accuracy: 71.34, class_accuracy: [49.152542372881356, 94.73684210526316, 76.06837606837607, 78.76106194690266, 88.13559322033899, 51.37614678899082, 94.28571428571429, 81.41592920353982, 54.08163265306123, 73.72881355932203]
epoch: [25], step: [74/1581], batch loss: 0.06139, batch accuracy: 96.88, data load time: 0.00022, step time: 0.01118,
epoch: [25], step: [374/1581], batch loss: 0.00035, batch accuracy: 100.00, data load time: 0.00051, step time: 0.00996,
epoch: [25], step: [674/1581], batch loss: 0.00279, batch accuracy: 100.00, data load time: 0.00024, step time: 0.00963,
epoch: [25], step: [974/1581], batch loss: 0.02347, batch accuracy: 96.88, data load time: 0.00032, step time: 0.01048,
epoch: [25], step: [1274/1581], batch loss: 0.00039, batch accuracy: 100.00, data load time: 0.00021, step time: 0.00985,
epoch: [25], step: [1574/1581], batch loss: 0.00164, batch accuracy: 100.00, data load time: 0.00011, step time: 0.00853,
epoch: [26], step: [293/1581], batch loss: 0.00639, batch accuracy: 100.00, data load time: 0.00386, step time: 0.01123,
epoch: [26], step: [593/1581], batch loss: 0.00050, batch accuracy: 100.00, data load time: 0.00294, step time: 0.00993,
epoch: [26], step: [893/1581], batch loss: 0.00023, batch accuracy: 100.00, data load time: 0.00033, step time: 0.01138,
epoch: [26], step: [1193/1581], batch loss: 0.00476, batch accuracy: 100.00, data load time: 0.00025, step time: 0.01050,
epoch: [26], step: [1493/1581], batch loss: 0.00128, batch accuracy: 100.00, data load time: 0.00025, step time: 0.00976,
epoch: [27], step: [212/1581], batch loss: 0.00094, batch accuracy: 100.00, data load time: 0.00024, step time: 0.00992,
epoch: [27], step: [512/1581], batch loss: 0.00072, batch accuracy: 100.00, data load time: 0.00460, step time: 0.01066,
epoch: [27], step: [812/1581], batch loss: 0.00577, batch accuracy: 100.00, data load time: 0.00021, step time: 0.01238,
epoch: [27], step: [1112/1581], batch loss: 0.00005, batch accuracy: 100.00, data load time: 0.00026, step time: 0.00979,
epoch: [27], step: [1412/1581], batch loss: 0.03605, batch accuracy: 96.88, data load time: 0.00022, step time: 0.01046,
epoch: [28], step: [131/1581], batch loss: 0.04658, batch accuracy: 96.88, data load time: 0.00026, step time: 0.01034,
epoch: [28], step: [431/1581], batch loss: 0.00490, batch accuracy: 100.00, data load time: 0.00034, step time: 0.00961,
epoch: [28], step: [731/1581], batch loss: 0.03659, batch accuracy: 96.88, data load time: 0.00024, step time: 0.01122,
epoch: [28], step: [1031/1581], batch loss: 0.03630, batch accuracy: 96.88, data load time: 0.00022, step time: 0.01161,
epoch: [28], step: [1331/1581], batch loss: 0.09938, batch accuracy: 96.88, data load time: 0.00025, step time: 0.00999,
epoch: [29], step: [50/1581], batch loss: 0.00336, batch accuracy: 100.00, data load time: 0.00019, step time: 0.01045,
epoch: [29], step: [350/1581], batch loss: 0.00910, batch accuracy: 100.00, data load time: 0.00026, step time: 0.01118,
epoch: [29], step: [650/1581], batch loss: 0.00067, batch accuracy: 100.00, data load time: 0.00023, step time: 0.01009,
epoch: [29], step: [950/1581], batch loss: 0.00371, batch accuracy: 100.00, data load time: 0.00022, step time: 0.01081,
epoch: [29], step: [1250/1581], batch loss: 0.00593, batch accuracy: 100.00, data load time: 0.00297, step time: 0.01048,
epoch: [29], step: [1550/1581], batch loss: 0.00248, batch accuracy: 100.00, data load time: 0.00012, step time: 0.00857,
validation loss: 1.75240, accuracy: 69.91, class_accuracy: [44.067796610169495, 100.0, 76.92307692307692, 69.91150442477876, 87.28813559322033, 49.54128440366973, 100.0, 87.61061946902655, 59.183673469387756, 63.559322033898304]
epoch: [30], step: [269/1581], batch loss: 0.04126, batch accuracy: 96.88, data load time: 0.00023, step time: 0.01116,
epoch: [30], step: [569/1581], batch loss: 0.01779, batch accuracy: 100.00, data load time: 0.00022, step time: 0.01006,
epoch: [30], step: [869/1581], batch loss: 0.04577, batch accuracy: 96.88, data load time: 0.00328, step time: 0.01018,
epoch: [30], step: [1169/1581], batch loss: 0.01303, batch accuracy: 100.00, data load time: 0.00023, step time: 0.00955,
epoch: [30], step: [1469/1581], batch loss: 0.00543, batch accuracy: 100.00, data load time: 0.00021, step time: 0.01146,
epoch: [31], step: [188/1581], batch loss: 0.00186, batch accuracy: 100.00, data load time: 0.00033, step time: 0.01040,
epoch: [31], step: [488/1581], batch loss: 0.00372, batch accuracy: 100.00, data load time: 0.00022, step time: 0.00943,
epoch: [31], step: [788/1581], batch loss: 0.00126, batch accuracy: 100.00, data load time: 0.00021, step time: 0.01120,
epoch: [31], step: [1088/1581], batch loss: 0.16844, batch accuracy: 96.88, data load time: 0.00025, step time: 0.01176,
epoch: [31], step: [1388/1581], batch loss: 0.00183, batch accuracy: 100.00, data load time: 0.00027, step time: 0.01161,
epoch: [32], step: [107/1581], batch loss: 0.00022, batch accuracy: 100.00, data load time: 0.00024, step time: 0.01144,
epoch: [32], step: [407/1581], batch loss: 0.00037, batch accuracy: 100.00, data load time: 0.00036, step time: 0.01090,
epoch: [32], step: [707/1581], batch loss: 0.00034, batch accuracy: 100.00, data load time: 0.00022, step time: 0.01105,
epoch: [32], step: [1007/1581], batch loss: 0.00015, batch accuracy: 100.00, data load time: 0.00025, step time: 0.01159,
epoch: [32], step: [1307/1581], batch loss: 0.00999, batch accuracy: 100.00, data load time: 0.00391, step time: 0.01240,
epoch: [33], step: [26/1581], batch loss: 0.00220, batch accuracy: 100.00, data load time: 0.00045, step time: 0.00955,
epoch: [33], step: [326/1581], batch loss: 0.00028, batch accuracy: 100.00, data load time: 0.00404, step time: 0.01099,
epoch: [33], step: [626/1581], batch loss: 0.01738, batch accuracy: 100.00, data load time: 0.00026, step time: 0.01007,
epoch: [33], step: [926/1581], batch loss: 0.00275, batch accuracy: 100.00, data load time: 0.00024, step time: 0.01047,
epoch: [33], step: [1226/1581], batch loss: 0.03892, batch accuracy: 96.88, data load time: 0.00022, step time: 0.00947,
epoch: [33], step: [1526/1581], batch loss: 0.00161, batch accuracy: 100.00, data load time: 0.00018, step time: 0.00956,
epoch: [34], step: [245/1581], batch loss: 0.00271, batch accuracy: 100.00, data load time: 0.00025, step time: 0.01086,
epoch: [34], step: [545/1581], batch loss: 0.00105, batch accuracy: 100.00, data load time: 0.00420, step time: 0.01053,
epoch: [34], step: [845/1581], batch loss: 0.00364, batch accuracy: 100.00, data load time: 0.00023, step time: 0.01001,
epoch: [34], step: [1145/1581], batch loss: 0.00002, batch accuracy: 100.00, data load time: 0.00042, step time: 0.01014,
epoch: [34], step: [1445/1581], batch loss: 0.20459, batch accuracy: 93.75, data load time: 0.00028, step time: 0.00978,
validation loss: 1.55816, accuracy: 74.72, class_accuracy: [69.49152542372882, 92.10526315789474, 79.48717948717949, 79.64601769911505, 88.98305084745763, 53.211009174311926, 100.0, 89.38053097345133, 53.06122448979592, 66.94915254237289]
epoch: [35], step: [164/1581], batch loss: 0.00178, batch accuracy: 100.00, data load time: 0.00025, step time: 0.01083,
epoch: [35], step: [464/1581], batch loss: 0.10948, batch accuracy: 93.75, data load time: 0.00024, step time: 0.00976,
epoch: [35], step: [764/1581], batch loss: 0.11345, batch accuracy: 96.88, data load time: 0.00331, step time: 0.01051,
epoch: [35], step: [1064/1581], batch loss: 0.00528, batch accuracy: 100.00, data load time: 0.00393, step time: 0.01012,
epoch: [35], step: [1364/1581], batch loss: 0.00374, batch accuracy: 100.00, data load time: 0.00033, step time: 0.01038,
epoch: [36], step: [83/1581], batch loss: 0.03113, batch accuracy: 96.88, data load time: 0.00024, step time: 0.01096,
epoch: [36], step: [383/1581], batch loss: 0.01058, batch accuracy: 100.00, data load time: 0.00023, step time: 0.01174,
epoch: [36], step: [683/1581], batch loss: 0.02207, batch accuracy: 96.88, data load time: 0.00035, step time: 0.00975,
epoch: [36], step: [983/1581], batch loss: 0.00062, batch accuracy: 100.00, data load time: 0.00025, step time: 0.01029,
epoch: [36], step: [1283/1581], batch loss: 0.00385, batch accuracy: 100.00, data load time: 0.00026, step time: 0.01020,
epoch: [37], step: [2/1581], batch loss: 0.01901, batch accuracy: 100.00, data load time: 0.00060, step time: 0.01413,
epoch: [37], step: [302/1581], batch loss: 0.02636, batch accuracy: 96.88, data load time: 0.00026, step time: 0.01298,
epoch: [37], step: [602/1581], batch loss: 0.00220, batch accuracy: 100.00, data load time: 0.00311, step time: 0.01104,
epoch: [37], step: [902/1581], batch loss: 0.05126, batch accuracy: 96.88, data load time: 0.00331, step time: 0.01168,
epoch: [37], step: [1202/1581], batch loss: 0.00862, batch accuracy: 100.00, data load time: 0.00026, step time: 0.01026,
epoch: [37], step: [1502/1581], batch loss: 0.00008, batch accuracy: 100.00, data load time: 0.00519, step time: 0.00927,
epoch: [38], step: [221/1581], batch loss: 0.04788, batch accuracy: 96.88, data load time: 0.00022, step time: 0.00972,
epoch: [38], step: [521/1581], batch loss: 0.06854, batch accuracy: 96.88, data load time: 0.00339, step time: 0.01090,
epoch: [38], step: [821/1581], batch loss: 0.21365, batch accuracy: 96.88, data load time: 0.00025, step time: 0.01009,
epoch: [38], step: [1121/1581], batch loss: 0.00117, batch accuracy: 100.00, data load time: 0.00036, step time: 0.00990,
epoch: [38], step: [1421/1581], batch loss: 0.00006, batch accuracy: 100.00, data load time: 0.00024, step time: 0.00997,
epoch: [39], step: [140/1581], batch loss: 0.05857, batch accuracy: 96.88, data load time: 0.00022, step time: 0.01012,
epoch: [39], step: [440/1581], batch loss: 0.00409, batch accuracy: 100.00, data load time: 0.00025, step time: 0.02867,
epoch: [39], step: [740/1581], batch loss: 0.00646, batch accuracy: 100.00, data load time: 0.00021, step time: 0.01090,
epoch: [39], step: [1040/1581], batch loss: 0.00099, batch accuracy: 100.00, data load time: 0.00022, step time: 0.01057,
epoch: [39], step: [1340/1581], batch loss: 0.00068, batch accuracy: 100.00, data load time: 0.00297, step time: 0.00953,
validation loss: 1.84534, accuracy: 71.14, class_accuracy: [50.0, 94.73684210526316, 71.7948717948718, 69.02654867256638, 86.44067796610169, 58.71559633027523, 100.0, 92.92035398230088, 57.142857142857146, 64.40677966101696]
epoch: [40], step: [59/1581], batch loss: 0.00573, batch accuracy: 100.00, data load time: 0.00023, step time: 0.01032,
epoch: [40], step: [359/1581], batch loss: 0.00902, batch accuracy: 100.00, data load time: 0.00425, step time: 0.01006,
epoch: [40], step: [659/1581], batch loss: 0.00107, batch accuracy: 100.00, data load time: 0.00323, step time: 0.01006,
epoch: [40], step: [959/1581], batch loss: 0.01146, batch accuracy: 100.00, data load time: 0.00323, step time: 0.01029,
epoch: [40], step: [1259/1581], batch loss: 0.00005, batch accuracy: 100.00, data load time: 0.00026, step time: 0.01018,
epoch: [40], step: [1559/1581], batch loss: 0.00526, batch accuracy: 100.00, data load time: 0.00011, step time: 0.00859,
epoch: [41], step: [278/1581], batch loss: 0.00063, batch accuracy: 100.00, data load time: 0.00022, step time: 0.01023,
epoch: [41], step: [578/1581], batch loss: 0.00012, batch accuracy: 100.00, data load time: 0.00023, step time: 0.00990,
epoch: [41], step: [878/1581], batch loss: 0.00131, batch accuracy: 100.00, data load time: 0.00023, step time: 0.01024,
epoch: [41], step: [1178/1581], batch loss: 0.00456, batch accuracy: 100.00, data load time: 0.00023, step time: 0.01526,
epoch: [41], step: [1478/1581], batch loss: 0.00431, batch accuracy: 100.00, data load time: 0.00023, step time: 0.01017,
epoch: [42], step: [197/1581], batch loss: 0.00073, batch accuracy: 100.00, data load time: 0.00024, step time: 0.01251,
epoch: [42], step: [497/1581], batch loss: 0.00122, batch accuracy: 100.00, data load time: 0.00022, step time: 0.01005,
epoch: [42], step: [797/1581], batch loss: 0.00013, batch accuracy: 100.00, data load time: 0.00023, step time: 0.01209,
epoch: [42], step: [1097/1581], batch loss: 0.01789, batch accuracy: 100.00, data load time: 0.00026, step time: 0.01175,
epoch: [42], step: [1397/1581], batch loss: 0.04226, batch accuracy: 96.88, data load time: 0.00374, step time: 0.01244,
epoch: [43], step: [116/1581], batch loss: 0.05623, batch accuracy: 96.88, data load time: 0.00030, step time: 0.00976,
epoch: [43], step: [416/1581], batch loss: 0.00075, batch accuracy: 100.00, data load time: 0.00023, step time: 0.01028,
epoch: [43], step: [716/1581], batch loss: 0.02969, batch accuracy: 96.88, data load time: 0.00022, step time: 0.00987,
epoch: [43], step: [1016/1581], batch loss: 0.00154, batch accuracy: 100.00, data load time: 0.00022, step time: 0.00960,
epoch: [43], step: [1316/1581], batch loss: 0.01822, batch accuracy: 100.00, data load time: 0.00024, step time: 0.00986,
epoch: [44], step: [35/1581], batch loss: 0.00071, batch accuracy: 100.00, data load time: 0.00386, step time: 0.01114,
epoch: [44], step: [335/1581], batch loss: 0.00886, batch accuracy: 100.00, data load time: 0.00080, step time: 0.01332,
epoch: [44], step: [635/1581], batch loss: 0.00008, batch accuracy: 100.00, data load time: 0.00023, step time: 0.00992,
epoch: [44], step: [935/1581], batch loss: 0.05408, batch accuracy: 100.00, data load time: 0.00028, step time: 0.01041,
epoch: [44], step: [1235/1581], batch loss: 0.00147, batch accuracy: 100.00, data load time: 0.00022, step time: 0.01003,
epoch: [44], step: [1535/1581], batch loss: 0.01241, batch accuracy: 100.00, data load time: 0.00018, step time: 0.00971,
validation loss: 1.71894, accuracy: 72.77, class_accuracy: [45.76271186440678, 100.0, 78.63247863247864, 72.56637168141593, 92.37288135593221, 52.293577981651374, 100.0, 90.26548672566372, 51.02040816326531, 77.96610169491525]
epoch: [45], step: [254/1581], batch loss: 0.00047, batch accuracy: 100.00, data load time: 0.00423, step time: 0.01153,
epoch: [45], step: [554/1581], batch loss: 0.00004, batch accuracy: 100.00, data load time: 0.00024, step time: 0.01005,
epoch: [45], step: [854/1581], batch loss: 0.00191, batch accuracy: 100.00, data load time: 0.00021, step time: 0.00943,
epoch: [45], step: [1154/1581], batch loss: 0.00036, batch accuracy: 100.00, data load time: 0.00021, step time: 0.00989,
epoch: [45], step: [1454/1581], batch loss: 0.00792, batch accuracy: 100.00, data load time: 0.00023, step time: 0.00997,
epoch: [46], step: [173/1581], batch loss: 0.00035, batch accuracy: 100.00, data load time: 0.00021, step time: 0.01460,
epoch: [46], step: [473/1581], batch loss: 0.04846, batch accuracy: 96.88, data load time: 0.00028, step time: 0.01151,
epoch: [46], step: [773/1581], batch loss: 0.00002, batch accuracy: 100.00, data load time: 0.00022, step time: 0.00980,
epoch: [46], step: [1073/1581], batch loss: 0.05917, batch accuracy: 96.88, data load time: 0.00033, step time: 0.01131,
epoch: [46], step: [1373/1581], batch loss: 0.00112, batch accuracy: 100.00, data load time: 0.00025, step time: 0.01180,
epoch: [47], step: [92/1581], batch loss: 0.00010, batch accuracy: 100.00, data load time: 0.00028, step time: 0.01139,
epoch: [47], step: [392/1581], batch loss: 0.02054, batch accuracy: 96.88, data load time: 0.00024, step time: 0.01144,
epoch: [47], step: [692/1581], batch loss: 0.00122, batch accuracy: 100.00, data load time: 0.00034, step time: 0.00990,
epoch: [47], step: [992/1581], batch loss: 0.00063, batch accuracy: 100.00, data load time: 0.00025, step time: 0.01055,
epoch: [47], step: [1292/1581], batch loss: 0.00078, batch accuracy: 100.00, data load time: 0.00031, step time: 0.00998,
epoch: [48], step: [11/1581], batch loss: 0.00104, batch accuracy: 100.00, data load time: 0.00026, step time: 0.01419,
epoch: [48], step: [311/1581], batch loss: 0.00129, batch accuracy: 100.00, data load time: 0.00026, step time: 0.01188,
epoch: [48], step: [611/1581], batch loss: 0.00117, batch accuracy: 100.00, data load time: 0.00023, step time: 0.01051,
epoch: [48], step: [911/1581], batch loss: 0.00029, batch accuracy: 100.00, data load time: 0.00024, step time: 0.01201,
epoch: [48], step: [1211/1581], batch loss: 0.00245, batch accuracy: 100.00, data load time: 0.00021, step time: 0.01009,
epoch: [48], step: [1511/1581], batch loss: 0.00019, batch accuracy: 100.00, data load time: 0.00375, step time: 0.01184,
epoch: [49], step: [230/1581], batch loss: 0.00097, batch accuracy: 100.00, data load time: 0.00020, step time: 0.00929,
epoch: [49], step: [530/1581], batch loss: 0.00012, batch accuracy: 100.00, data load time: 0.00024, step time: 0.01009,
epoch: [49], step: [830/1581], batch loss: 0.00009, batch accuracy: 100.00, data load time: 0.00024, step time: 0.01054,
epoch: [49], step: [1130/1581], batch loss: 0.00045, batch accuracy: 100.00, data load time: 0.00580, step time: 0.01012,
epoch: [49], step: [1430/1581], batch loss: 0.00026, batch accuracy: 100.00, data load time: 0.00024, step time: 0.01072,
validation loss: 1.80607, accuracy: 71.95, class_accuracy: [40.67796610169491, 94.73684210526316, 75.21367521367522, 75.22123893805309, 82.20338983050847, 62.38532110091743, 100.0, 92.03539823008849, 55.10204081632653, 74.57627118644068]
Total time taken: 1017.8087410926819
