Using CUDA...
Writing logs to logs/CNN_bn_epochs=50_dropout=0.5_bs=32_lr=0.001_momentum=0.9_mode=LMC_run_25
epoch: [0], step: [299/1581], batch loss: 1.12664, batch accuracy: 71.88, data load time: 0.00023, step time: 0.00995,
epoch: [0], step: [599/1581], batch loss: 0.85039, batch accuracy: 71.88, data load time: 0.00024, step time: 0.00989,
epoch: [0], step: [899/1581], batch loss: 0.65600, batch accuracy: 71.88, data load time: 0.00023, step time: 0.01506,
epoch: [0], step: [1199/1581], batch loss: 0.55313, batch accuracy: 87.50, data load time: 0.00023, step time: 0.01702,
epoch: [0], step: [1499/1581], batch loss: 0.59846, batch accuracy: 81.25, data load time: 0.00373, step time: 0.01224,
epoch: [1], step: [218/1581], batch loss: 0.39809, batch accuracy: 90.62, data load time: 0.00026, step time: 0.01085,
epoch: [1], step: [518/1581], batch loss: 0.26312, batch accuracy: 93.75, data load time: 0.00023, step time: 0.01553,
epoch: [1], step: [818/1581], batch loss: 0.30703, batch accuracy: 87.50, data load time: 0.00024, step time: 0.01183,
epoch: [1], step: [1118/1581], batch loss: 0.46039, batch accuracy: 87.50, data load time: 0.00026, step time: 0.02508,
epoch: [1], step: [1418/1581], batch loss: 0.34200, batch accuracy: 90.62, data load time: 0.00030, step time: 0.01108,
epoch: [2], step: [137/1581], batch loss: 0.39417, batch accuracy: 87.50, data load time: 0.00024, step time: 0.01138,
epoch: [2], step: [437/1581], batch loss: 0.60271, batch accuracy: 81.25, data load time: 0.00021, step time: 0.01139,
epoch: [2], step: [737/1581], batch loss: 0.31965, batch accuracy: 87.50, data load time: 0.00023, step time: 0.01425,
epoch: [2], step: [1037/1581], batch loss: 0.24500, batch accuracy: 90.62, data load time: 0.00024, step time: 0.01013,
epoch: [2], step: [1337/1581], batch loss: 0.52949, batch accuracy: 87.50, data load time: 0.00026, step time: 0.01028,
epoch: [3], step: [56/1581], batch loss: 0.48853, batch accuracy: 90.62, data load time: 0.00018, step time: 0.01127,
epoch: [3], step: [356/1581], batch loss: 0.24460, batch accuracy: 93.75, data load time: 0.00024, step time: 0.01143,
epoch: [3], step: [656/1581], batch loss: 0.43882, batch accuracy: 87.50, data load time: 0.00026, step time: 0.01282,
epoch: [3], step: [956/1581], batch loss: 0.07813, batch accuracy: 100.00, data load time: 0.00022, step time: 0.00982,
epoch: [3], step: [1256/1581], batch loss: 0.33119, batch accuracy: 84.38, data load time: 0.00023, step time: 0.01581,
epoch: [3], step: [1556/1581], batch loss: 0.44052, batch accuracy: 87.50, data load time: 0.00011, step time: 0.00881,
epoch: [4], step: [275/1581], batch loss: 0.13027, batch accuracy: 96.88, data load time: 0.00025, step time: 0.00991,
epoch: [4], step: [575/1581], batch loss: 0.16699, batch accuracy: 93.75, data load time: 0.00053, step time: 0.01005,
epoch: [4], step: [875/1581], batch loss: 0.28907, batch accuracy: 87.50, data load time: 0.00022, step time: 0.01083,
epoch: [4], step: [1175/1581], batch loss: 0.34831, batch accuracy: 87.50, data load time: 0.00366, step time: 0.01230,
epoch: [4], step: [1475/1581], batch loss: 0.29133, batch accuracy: 87.50, data load time: 0.00023, step time: 0.01125,
validation loss: 1.34097, accuracy: 65.13, class_accuracy: [48.42857142857143, 82.3170731707317, 67.14697406340058, 69.73451327433628, 79.10216718266254, 38.39009287925697, 83.33333333333333, 84.19354838709677, 57.70609318996416, 70.28571428571429]
epoch: [5], step: [194/1581], batch loss: 0.15760, batch accuracy: 93.75, data load time: 0.00033, step time: 0.01042,
epoch: [5], step: [494/1581], batch loss: 0.20264, batch accuracy: 93.75, data load time: 0.00365, step time: 0.01002,
epoch: [5], step: [794/1581], batch loss: 0.35193, batch accuracy: 84.38, data load time: 0.00022, step time: 0.01169,
epoch: [5], step: [1094/1581], batch loss: 0.29801, batch accuracy: 87.50, data load time: 0.00022, step time: 0.01217,
epoch: [5], step: [1394/1581], batch loss: 0.38208, batch accuracy: 87.50, data load time: 0.00034, step time: 0.01185,
epoch: [6], step: [113/1581], batch loss: 0.04929, batch accuracy: 100.00, data load time: 0.00340, step time: 0.01103,
epoch: [6], step: [413/1581], batch loss: 0.19589, batch accuracy: 93.75, data load time: 0.00022, step time: 0.01708,
epoch: [6], step: [713/1581], batch loss: 0.16849, batch accuracy: 93.75, data load time: 0.00319, step time: 0.00992,
epoch: [6], step: [1013/1581], batch loss: 0.53621, batch accuracy: 84.38, data load time: 0.00596, step time: 0.01095,
epoch: [6], step: [1313/1581], batch loss: 0.19858, batch accuracy: 93.75, data load time: 0.00022, step time: 0.00976,
epoch: [7], step: [32/1581], batch loss: 0.17487, batch accuracy: 93.75, data load time: 0.00020, step time: 0.01813,
epoch: [7], step: [332/1581], batch loss: 0.21548, batch accuracy: 90.62, data load time: 0.00036, step time: 0.01152,
epoch: [7], step: [632/1581], batch loss: 0.29115, batch accuracy: 87.50, data load time: 0.00312, step time: 0.01159,
epoch: [7], step: [932/1581], batch loss: 0.16380, batch accuracy: 96.88, data load time: 0.00030, step time: 0.01163,
epoch: [7], step: [1232/1581], batch loss: 0.21760, batch accuracy: 93.75, data load time: 0.00022, step time: 0.01572,
epoch: [7], step: [1532/1581], batch loss: 0.25620, batch accuracy: 93.75, data load time: 0.00017, step time: 0.00929,
epoch: [8], step: [251/1581], batch loss: 0.23564, batch accuracy: 90.62, data load time: 0.00378, step time: 0.00973,
epoch: [8], step: [551/1581], batch loss: 0.29914, batch accuracy: 87.50, data load time: 0.00025, step time: 0.02179,
epoch: [8], step: [851/1581], batch loss: 0.19240, batch accuracy: 96.88, data load time: 0.00024, step time: 0.01012,
epoch: [8], step: [1151/1581], batch loss: 0.26689, batch accuracy: 93.75, data load time: 0.00021, step time: 0.01623,
epoch: [8], step: [1451/1581], batch loss: 0.08697, batch accuracy: 96.88, data load time: 0.00023, step time: 0.01060,
epoch: [9], step: [170/1581], batch loss: 0.22216, batch accuracy: 90.62, data load time: 0.00023, step time: 0.01021,
epoch: [9], step: [470/1581], batch loss: 0.13404, batch accuracy: 96.88, data load time: 0.00023, step time: 0.01095,
epoch: [9], step: [770/1581], batch loss: 0.06716, batch accuracy: 100.00, data load time: 0.00023, step time: 0.01128,
epoch: [9], step: [1070/1581], batch loss: 0.23785, batch accuracy: 93.75, data load time: 0.00143, step time: 0.01069,
epoch: [9], step: [1370/1581], batch loss: 0.30315, batch accuracy: 90.62, data load time: 0.00024, step time: 0.00947,
validation loss: 1.02067, accuracy: 71.55, class_accuracy: [77.57142857142857, 87.8048780487805, 61.815561959654175, 63.89380530973451, 81.26934984520123, 67.3374613003096, 94.11764705882354, 97.90322580645162, 50.3584229390681, 62.714285714285715]
epoch: [10], step: [89/1581], batch loss: 0.16649, batch accuracy: 93.75, data load time: 0.00024, step time: 0.00995,
epoch: [10], step: [389/1581], batch loss: 0.11998, batch accuracy: 93.75, data load time: 0.00024, step time: 0.01158,
epoch: [10], step: [689/1581], batch loss: 0.27555, batch accuracy: 90.62, data load time: 0.00022, step time: 0.01392,
epoch: [10], step: [989/1581], batch loss: 0.59898, batch accuracy: 84.38, data load time: 0.00302, step time: 0.01046,
epoch: [10], step: [1289/1581], batch loss: 0.27940, batch accuracy: 87.50, data load time: 0.00023, step time: 0.00958,
epoch: [11], step: [8/1581], batch loss: 0.20837, batch accuracy: 84.38, data load time: 0.00019, step time: 0.01442,
epoch: [11], step: [308/1581], batch loss: 0.21076, batch accuracy: 93.75, data load time: 0.00023, step time: 0.01706,
epoch: [11], step: [608/1581], batch loss: 0.09306, batch accuracy: 96.88, data load time: 0.00024, step time: 0.01816,
epoch: [11], step: [908/1581], batch loss: 0.41711, batch accuracy: 78.12, data load time: 0.00591, step time: 0.01265,
epoch: [11], step: [1208/1581], batch loss: 0.18342, batch accuracy: 96.88, data load time: 0.00022, step time: 0.01026,
epoch: [11], step: [1508/1581], batch loss: 0.39502, batch accuracy: 90.62, data load time: 0.00022, step time: 0.00976,
epoch: [12], step: [227/1581], batch loss: 0.28678, batch accuracy: 87.50, data load time: 0.00024, step time: 0.01136,
epoch: [12], step: [527/1581], batch loss: 0.03273, batch accuracy: 100.00, data load time: 0.00021, step time: 0.01526,
epoch: [12], step: [827/1581], batch loss: 0.09978, batch accuracy: 96.88, data load time: 0.00023, step time: 0.01153,
epoch: [12], step: [1127/1581], batch loss: 0.13336, batch accuracy: 93.75, data load time: 0.00022, step time: 0.01797,
epoch: [12], step: [1427/1581], batch loss: 0.42244, batch accuracy: 84.38, data load time: 0.00022, step time: 0.01530,
epoch: [13], step: [146/1581], batch loss: 0.08317, batch accuracy: 96.88, data load time: 0.00024, step time: 0.01465,
epoch: [13], step: [446/1581], batch loss: 0.08600, batch accuracy: 96.88, data load time: 0.00024, step time: 0.01692,
epoch: [13], step: [746/1581], batch loss: 0.24286, batch accuracy: 90.62, data load time: 0.00023, step time: 0.01004,
epoch: [13], step: [1046/1581], batch loss: 0.22581, batch accuracy: 93.75, data load time: 0.00022, step time: 0.01017,
epoch: [13], step: [1346/1581], batch loss: 0.34443, batch accuracy: 90.62, data load time: 0.00022, step time: 0.00955,
epoch: [14], step: [65/1581], batch loss: 0.13782, batch accuracy: 96.88, data load time: 0.00024, step time: 0.01163,
epoch: [14], step: [365/1581], batch loss: 0.23436, batch accuracy: 90.62, data load time: 0.00022, step time: 0.01024,
epoch: [14], step: [665/1581], batch loss: 0.14715, batch accuracy: 96.88, data load time: 0.00023, step time: 0.01674,
epoch: [14], step: [965/1581], batch loss: 0.21660, batch accuracy: 90.62, data load time: 0.00552, step time: 0.00951,
epoch: [14], step: [1265/1581], batch loss: 0.21840, batch accuracy: 96.88, data load time: 0.00490, step time: 0.01296,
epoch: [14], step: [1565/1581], batch loss: 0.20853, batch accuracy: 93.75, data load time: 0.00011, step time: 0.00877,
validation loss: 0.98787, accuracy: 70.75, class_accuracy: [48.42857142857143, 93.90243902439025, 72.47838616714698, 71.50442477876106, 78.48297213622291, 63.62229102167183, 93.13725490196079, 95.3225806451613, 53.225806451612904, 73.71428571428571]
epoch: [15], step: [284/1581], batch loss: 0.27412, batch accuracy: 93.75, data load time: 0.00026, step time: 0.00993,
epoch: [15], step: [584/1581], batch loss: 0.22190, batch accuracy: 93.75, data load time: 0.00408, step time: 0.00994,
epoch: [15], step: [884/1581], batch loss: 0.47093, batch accuracy: 87.50, data load time: 0.00127, step time: 0.01005,
epoch: [15], step: [1184/1581], batch loss: 0.14093, batch accuracy: 93.75, data load time: 0.00332, step time: 0.01080,
epoch: [15], step: [1484/1581], batch loss: 0.29734, batch accuracy: 93.75, data load time: 0.00024, step time: 0.01740,
epoch: [16], step: [203/1581], batch loss: 0.19493, batch accuracy: 93.75, data load time: 0.00573, step time: 0.00997,
epoch: [16], step: [503/1581], batch loss: 0.57105, batch accuracy: 87.50, data load time: 0.00579, step time: 0.00987,
epoch: [16], step: [803/1581], batch loss: 0.28877, batch accuracy: 87.50, data load time: 0.00021, step time: 0.01026,
epoch: [16], step: [1103/1581], batch loss: 0.10910, batch accuracy: 96.88, data load time: 0.00025, step time: 0.01009,
epoch: [16], step: [1403/1581], batch loss: 0.29395, batch accuracy: 90.62, data load time: 0.00023, step time: 0.01000,
epoch: [17], step: [122/1581], batch loss: 0.26303, batch accuracy: 90.62, data load time: 0.00024, step time: 0.01213,
epoch: [17], step: [422/1581], batch loss: 0.10406, batch accuracy: 100.00, data load time: 0.00022, step time: 0.01560,
epoch: [17], step: [722/1581], batch loss: 0.31390, batch accuracy: 84.38, data load time: 0.00031, step time: 0.00980,
epoch: [17], step: [1022/1581], batch loss: 0.31223, batch accuracy: 87.50, data load time: 0.00023, step time: 0.01046,
epoch: [17], step: [1322/1581], batch loss: 0.13526, batch accuracy: 93.75, data load time: 0.00596, step time: 0.01194,
epoch: [18], step: [41/1581], batch loss: 0.11176, batch accuracy: 96.88, data load time: 0.00021, step time: 0.01139,
epoch: [18], step: [341/1581], batch loss: 0.20998, batch accuracy: 90.62, data load time: 0.00024, step time: 0.01433,
epoch: [18], step: [641/1581], batch loss: 0.11784, batch accuracy: 93.75, data load time: 0.00022, step time: 0.01173,
epoch: [18], step: [941/1581], batch loss: 0.21962, batch accuracy: 90.62, data load time: 0.00557, step time: 0.01087,
epoch: [18], step: [1241/1581], batch loss: 0.19025, batch accuracy: 93.75, data load time: 0.00034, step time: 0.01063,
epoch: [18], step: [1541/1581], batch loss: 0.08359, batch accuracy: 96.88, data load time: 0.00018, step time: 0.00947,
epoch: [19], step: [260/1581], batch loss: 0.29414, batch accuracy: 93.75, data load time: 0.00173, step time: 0.01210,
epoch: [19], step: [560/1581], batch loss: 0.12438, batch accuracy: 100.00, data load time: 0.00602, step time: 0.01068,
epoch: [19], step: [860/1581], batch loss: 0.37654, batch accuracy: 90.62, data load time: 0.00033, step time: 0.01092,
epoch: [19], step: [1160/1581], batch loss: 0.18292, batch accuracy: 90.62, data load time: 0.00023, step time: 0.01103,
epoch: [19], step: [1460/1581], batch loss: 0.08251, batch accuracy: 100.00, data load time: 0.00365, step time: 0.01026,
validation loss: 1.04600, accuracy: 71.21, class_accuracy: [60.285714285714285, 87.1951219512195, 74.35158501440922, 62.65486725663717, 74.45820433436532, 59.28792569659443, 85.29411764705883, 98.70967741935483, 52.867383512544805, 78.42857142857143]
epoch: [20], step: [179/1581], batch loss: 0.03702, batch accuracy: 100.00, data load time: 0.00024, step time: 0.01610,
epoch: [20], step: [479/1581], batch loss: 0.12547, batch accuracy: 93.75, data load time: 0.00126, step time: 0.01210,
epoch: [20], step: [779/1581], batch loss: 0.09084, batch accuracy: 96.88, data load time: 0.00025, step time: 0.00997,
epoch: [20], step: [1079/1581], batch loss: 0.09558, batch accuracy: 96.88, data load time: 0.00024, step time: 0.01063,
epoch: [20], step: [1379/1581], batch loss: 0.17543, batch accuracy: 93.75, data load time: 0.00594, step time: 0.01130,
epoch: [21], step: [98/1581], batch loss: 0.22983, batch accuracy: 90.62, data load time: 0.00023, step time: 0.01658,
epoch: [21], step: [398/1581], batch loss: 0.29573, batch accuracy: 90.62, data load time: 0.00589, step time: 0.01237,
epoch: [21], step: [698/1581], batch loss: 0.18710, batch accuracy: 90.62, data load time: 0.00581, step time: 0.01194,
epoch: [21], step: [998/1581], batch loss: 0.14650, batch accuracy: 90.62, data load time: 0.00310, step time: 0.01007,
epoch: [21], step: [1298/1581], batch loss: 0.11569, batch accuracy: 96.88, data load time: 0.00030, step time: 0.01089,
epoch: [22], step: [17/1581], batch loss: 0.17591, batch accuracy: 93.75, data load time: 0.00393, step time: 0.01041,
epoch: [22], step: [317/1581], batch loss: 0.14704, batch accuracy: 93.75, data load time: 0.00584, step time: 0.00980,
epoch: [22], step: [617/1581], batch loss: 0.11610, batch accuracy: 100.00, data load time: 0.00326, step time: 0.01865,
epoch: [22], step: [917/1581], batch loss: 0.14240, batch accuracy: 93.75, data load time: 0.00188, step time: 0.01249,
epoch: [22], step: [1217/1581], batch loss: 0.19523, batch accuracy: 96.88, data load time: 0.00025, step time: 0.02242,
epoch: [22], step: [1517/1581], batch loss: 0.19568, batch accuracy: 87.50, data load time: 0.00023, step time: 0.01568,
epoch: [23], step: [236/1581], batch loss: 0.28044, batch accuracy: 87.50, data load time: 0.00024, step time: 0.01043,
epoch: [23], step: [536/1581], batch loss: 0.27758, batch accuracy: 84.38, data load time: 0.00024, step time: 0.01178,
epoch: [23], step: [836/1581], batch loss: 0.13759, batch accuracy: 96.88, data load time: 0.00022, step time: 0.01214,
epoch: [23], step: [1136/1581], batch loss: 0.10858, batch accuracy: 96.88, data load time: 0.00537, step time: 0.01012,
epoch: [23], step: [1436/1581], batch loss: 0.22174, batch accuracy: 90.62, data load time: 0.00565, step time: 0.01162,
epoch: [24], step: [155/1581], batch loss: 0.18792, batch accuracy: 93.75, data load time: 0.00027, step time: 0.01196,
epoch: [24], step: [455/1581], batch loss: 0.23136, batch accuracy: 93.75, data load time: 0.00021, step time: 0.01744,
epoch: [24], step: [755/1581], batch loss: 0.05424, batch accuracy: 96.88, data load time: 0.00026, step time: 0.01304,
epoch: [24], step: [1055/1581], batch loss: 0.16589, batch accuracy: 93.75, data load time: 0.00022, step time: 0.01694,
epoch: [24], step: [1355/1581], batch loss: 0.16923, batch accuracy: 93.75, data load time: 0.00594, step time: 0.01080,
validation loss: 1.01833, accuracy: 71.92, class_accuracy: [61.0, 81.09756097560975, 73.63112391930835, 65.30973451327434, 77.24458204334366, 67.49226006191951, 96.07843137254902, 95.0, 52.867383512544805, 74.71428571428571]
epoch: [25], step: [74/1581], batch loss: 0.08683, batch accuracy: 96.88, data load time: 0.00023, step time: 0.01032,
epoch: [25], step: [374/1581], batch loss: 0.06029, batch accuracy: 100.00, data load time: 0.00088, step time: 0.01069,
epoch: [25], step: [674/1581], batch loss: 0.03960, batch accuracy: 100.00, data load time: 0.00029, step time: 0.01146,
epoch: [25], step: [974/1581], batch loss: 0.33879, batch accuracy: 87.50, data load time: 0.00023, step time: 0.01087,
epoch: [25], step: [1274/1581], batch loss: 0.35674, batch accuracy: 93.75, data load time: 0.00022, step time: 0.01232,
epoch: [25], step: [1574/1581], batch loss: 0.36077, batch accuracy: 87.50, data load time: 0.00012, step time: 0.00879,
epoch: [26], step: [293/1581], batch loss: 0.23582, batch accuracy: 90.62, data load time: 0.00021, step time: 0.01146,
epoch: [26], step: [593/1581], batch loss: 0.13104, batch accuracy: 93.75, data load time: 0.00030, step time: 0.01586,
epoch: [26], step: [893/1581], batch loss: 0.27297, batch accuracy: 87.50, data load time: 0.00022, step time: 0.01108,
epoch: [26], step: [1193/1581], batch loss: 0.10351, batch accuracy: 96.88, data load time: 0.00023, step time: 0.01009,
epoch: [26], step: [1493/1581], batch loss: 0.26400, batch accuracy: 90.62, data load time: 0.00022, step time: 0.01090,
epoch: [27], step: [212/1581], batch loss: 0.25501, batch accuracy: 90.62, data load time: 0.00025, step time: 0.00987,
epoch: [27], step: [512/1581], batch loss: 0.13635, batch accuracy: 96.88, data load time: 0.00024, step time: 0.01024,
epoch: [27], step: [812/1581], batch loss: 0.13168, batch accuracy: 96.88, data load time: 0.00023, step time: 0.01581,
epoch: [27], step: [1112/1581], batch loss: 0.29087, batch accuracy: 87.50, data load time: 0.00604, step time: 0.01172,
epoch: [27], step: [1412/1581], batch loss: 0.22136, batch accuracy: 93.75, data load time: 0.00023, step time: 0.01052,
epoch: [28], step: [131/1581], batch loss: 0.04394, batch accuracy: 100.00, data load time: 0.00363, step time: 0.01005,
epoch: [28], step: [431/1581], batch loss: 0.09926, batch accuracy: 96.88, data load time: 0.00022, step time: 0.01136,
epoch: [28], step: [731/1581], batch loss: 0.30204, batch accuracy: 90.62, data load time: 0.00023, step time: 0.00959,
epoch: [28], step: [1031/1581], batch loss: 0.16188, batch accuracy: 96.88, data load time: 0.00022, step time: 0.01003,
epoch: [28], step: [1331/1581], batch loss: 0.10440, batch accuracy: 96.88, data load time: 0.00597, step time: 0.01182,
epoch: [29], step: [50/1581], batch loss: 0.21903, batch accuracy: 96.88, data load time: 0.00023, step time: 0.01194,
epoch: [29], step: [350/1581], batch loss: 0.18996, batch accuracy: 93.75, data load time: 0.00576, step time: 0.01113,
epoch: [29], step: [650/1581], batch loss: 0.16858, batch accuracy: 96.88, data load time: 0.00023, step time: 0.01548,
epoch: [29], step: [950/1581], batch loss: 0.32528, batch accuracy: 90.62, data load time: 0.00607, step time: 0.00990,
epoch: [29], step: [1250/1581], batch loss: 0.24742, batch accuracy: 93.75, data load time: 0.00023, step time: 0.01194,
epoch: [29], step: [1550/1581], batch loss: 0.30332, batch accuracy: 90.62, data load time: 0.00012, step time: 0.00878,
validation loss: 0.89577, accuracy: 74.57, class_accuracy: [64.57142857142857, 87.8048780487805, 80.69164265129683, 66.90265486725664, 85.75851393188854, 69.81424148606811, 96.07843137254902, 95.16129032258064, 49.82078853046595, 74.0]
epoch: [30], step: [269/1581], batch loss: 0.14861, batch accuracy: 93.75, data load time: 0.00023, step time: 0.01808,
epoch: [30], step: [569/1581], batch loss: 0.07354, batch accuracy: 100.00, data load time: 0.00023, step time: 0.01840,
epoch: [30], step: [869/1581], batch loss: 0.13140, batch accuracy: 96.88, data load time: 0.00021, step time: 0.01610,
epoch: [30], step: [1169/1581], batch loss: 0.21664, batch accuracy: 90.62, data load time: 0.00082, step time: 0.01001,
epoch: [30], step: [1469/1581], batch loss: 0.07249, batch accuracy: 96.88, data load time: 0.00321, step time: 0.01032,
epoch: [31], step: [188/1581], batch loss: 0.17851, batch accuracy: 93.75, data load time: 0.00602, step time: 0.01031,
epoch: [31], step: [488/1581], batch loss: 0.08553, batch accuracy: 100.00, data load time: 0.00175, step time: 0.01188,
epoch: [31], step: [788/1581], batch loss: 0.27183, batch accuracy: 90.62, data load time: 0.00022, step time: 0.00949,
epoch: [31], step: [1088/1581], batch loss: 0.25011, batch accuracy: 93.75, data load time: 0.00022, step time: 0.01553,
epoch: [31], step: [1388/1581], batch loss: 0.30400, batch accuracy: 96.88, data load time: 0.00024, step time: 0.01309,
epoch: [32], step: [107/1581], batch loss: 0.15117, batch accuracy: 93.75, data load time: 0.00021, step time: 0.01027,
epoch: [32], step: [407/1581], batch loss: 0.21807, batch accuracy: 93.75, data load time: 0.00024, step time: 0.01011,
epoch: [32], step: [707/1581], batch loss: 0.48414, batch accuracy: 81.25, data load time: 0.00025, step time: 0.01125,
epoch: [32], step: [1007/1581], batch loss: 0.15874, batch accuracy: 96.88, data load time: 0.00021, step time: 0.00996,
epoch: [32], step: [1307/1581], batch loss: 0.33489, batch accuracy: 87.50, data load time: 0.00574, step time: 0.00986,
epoch: [33], step: [26/1581], batch loss: 0.15659, batch accuracy: 96.88, data load time: 0.00022, step time: 0.02057,
epoch: [33], step: [326/1581], batch loss: 0.07279, batch accuracy: 96.88, data load time: 0.00025, step time: 0.01027,
epoch: [33], step: [626/1581], batch loss: 0.10878, batch accuracy: 96.88, data load time: 0.00024, step time: 0.00986,
epoch: [33], step: [926/1581], batch loss: 0.12657, batch accuracy: 93.75, data load time: 0.00021, step time: 0.01731,
epoch: [33], step: [1226/1581], batch loss: 0.30948, batch accuracy: 87.50, data load time: 0.00021, step time: 0.01014,
epoch: [33], step: [1526/1581], batch loss: 0.08755, batch accuracy: 100.00, data load time: 0.00017, step time: 0.01546,
epoch: [34], step: [245/1581], batch loss: 0.15658, batch accuracy: 93.75, data load time: 0.00023, step time: 0.01506,
epoch: [34], step: [545/1581], batch loss: 0.13010, batch accuracy: 96.88, data load time: 0.00023, step time: 0.00962,
epoch: [34], step: [845/1581], batch loss: 0.10818, batch accuracy: 96.88, data load time: 0.00298, step time: 0.01065,
epoch: [34], step: [1145/1581], batch loss: 0.12098, batch accuracy: 96.88, data load time: 0.00021, step time: 0.00947,
epoch: [34], step: [1445/1581], batch loss: 0.26204, batch accuracy: 93.75, data load time: 0.00022, step time: 0.01007,
validation loss: 1.16137, accuracy: 64.93, class_accuracy: [44.142857142857146, 91.46341463414635, 71.03746397694525, 65.13274336283186, 92.87925696594428, 52.1671826625387, 94.11764705882354, 84.03225806451613, 45.878136200716845, 53.285714285714285]
epoch: [35], step: [164/1581], batch loss: 0.07314, batch accuracy: 100.00, data load time: 0.00020, step time: 0.01663,
epoch: [35], step: [464/1581], batch loss: 0.21406, batch accuracy: 90.62, data load time: 0.00023, step time: 0.01106,
epoch: [35], step: [764/1581], batch loss: 0.31438, batch accuracy: 93.75, data load time: 0.00025, step time: 0.01740,
epoch: [35], step: [1064/1581], batch loss: 0.23608, batch accuracy: 87.50, data load time: 0.00058, step time: 0.00966,
epoch: [35], step: [1364/1581], batch loss: 0.13113, batch accuracy: 96.88, data load time: 0.00024, step time: 0.01034,
epoch: [36], step: [83/1581], batch loss: 0.15674, batch accuracy: 96.88, data load time: 0.00022, step time: 0.01312,
epoch: [36], step: [383/1581], batch loss: 0.42452, batch accuracy: 84.38, data load time: 0.00022, step time: 0.01561,
epoch: [36], step: [683/1581], batch loss: 0.12629, batch accuracy: 93.75, data load time: 0.00557, step time: 0.00976,
epoch: [36], step: [983/1581], batch loss: 0.11396, batch accuracy: 93.75, data load time: 0.00024, step time: 0.01455,
epoch: [36], step: [1283/1581], batch loss: 0.09706, batch accuracy: 96.88, data load time: 0.00026, step time: 0.01017,
epoch: [37], step: [2/1581], batch loss: 0.05998, batch accuracy: 100.00, data load time: 0.00023, step time: 0.01123,
epoch: [37], step: [302/1581], batch loss: 0.35862, batch accuracy: 90.62, data load time: 0.00025, step time: 0.01665,
epoch: [37], step: [602/1581], batch loss: 0.15201, batch accuracy: 96.88, data load time: 0.00024, step time: 0.01443,
epoch: [37], step: [902/1581], batch loss: 0.18280, batch accuracy: 90.62, data load time: 0.00023, step time: 0.01905,
epoch: [37], step: [1202/1581], batch loss: 0.30189, batch accuracy: 87.50, data load time: 0.00031, step time: 0.01823,
epoch: [37], step: [1502/1581], batch loss: 0.23561, batch accuracy: 93.75, data load time: 0.00022, step time: 0.01009,
epoch: [38], step: [221/1581], batch loss: 0.18813, batch accuracy: 93.75, data load time: 0.00024, step time: 0.01174,
epoch: [38], step: [521/1581], batch loss: 0.09125, batch accuracy: 96.88, data load time: 0.00210, step time: 0.01235,
epoch: [38], step: [821/1581], batch loss: 0.07328, batch accuracy: 100.00, data load time: 0.00023, step time: 0.01731,
epoch: [38], step: [1121/1581], batch loss: 0.11767, batch accuracy: 100.00, data load time: 0.00576, step time: 0.00988,
epoch: [38], step: [1421/1581], batch loss: 0.18707, batch accuracy: 90.62, data load time: 0.00023, step time: 0.01745,
epoch: [39], step: [140/1581], batch loss: 0.12707, batch accuracy: 96.88, data load time: 0.00023, step time: 0.00999,
epoch: [39], step: [440/1581], batch loss: 0.06165, batch accuracy: 96.88, data load time: 0.00022, step time: 0.01019,
epoch: [39], step: [740/1581], batch loss: 0.30817, batch accuracy: 90.62, data load time: 0.00024, step time: 0.00985,
epoch: [39], step: [1040/1581], batch loss: 0.15746, batch accuracy: 96.88, data load time: 0.00023, step time: 0.01522,
epoch: [39], step: [1340/1581], batch loss: 0.39017, batch accuracy: 87.50, data load time: 0.00023, step time: 0.00981,
validation loss: 1.05366, accuracy: 67.97, class_accuracy: [55.285714285714285, 86.58536585365853, 60.23054755043228, 72.03539823008849, 65.94427244582043, 65.94427244582043, 98.03921568627452, 97.58064516129032, 53.763440860215056, 65.14285714285714]
epoch: [40], step: [59/1581], batch loss: 0.14086, batch accuracy: 96.88, data load time: 0.00022, step time: 0.01034,
epoch: [40], step: [359/1581], batch loss: 0.10148, batch accuracy: 96.88, data load time: 0.00022, step time: 0.01532,
epoch: [40], step: [659/1581], batch loss: 0.35294, batch accuracy: 90.62, data load time: 0.00024, step time: 0.01044,
epoch: [40], step: [959/1581], batch loss: 0.16665, batch accuracy: 96.88, data load time: 0.00025, step time: 0.01045,
epoch: [40], step: [1259/1581], batch loss: 0.15694, batch accuracy: 100.00, data load time: 0.00582, step time: 0.01457,
epoch: [40], step: [1559/1581], batch loss: 0.08300, batch accuracy: 96.88, data load time: 0.00011, step time: 0.00879,
epoch: [41], step: [278/1581], batch loss: 0.07121, batch accuracy: 100.00, data load time: 0.00026, step time: 0.01003,
epoch: [41], step: [578/1581], batch loss: 0.08399, batch accuracy: 100.00, data load time: 0.00022, step time: 0.00975,
epoch: [41], step: [878/1581], batch loss: 0.16694, batch accuracy: 96.88, data load time: 0.00023, step time: 0.00941,
epoch: [41], step: [1178/1581], batch loss: 0.20488, batch accuracy: 93.75, data load time: 0.00021, step time: 0.00979,
epoch: [41], step: [1478/1581], batch loss: 0.27428, batch accuracy: 90.62, data load time: 0.00022, step time: 0.01132,
epoch: [42], step: [197/1581], batch loss: 0.15774, batch accuracy: 90.62, data load time: 0.00021, step time: 0.01135,
epoch: [42], step: [497/1581], batch loss: 0.24457, batch accuracy: 93.75, data load time: 0.00364, step time: 0.01002,
epoch: [42], step: [797/1581], batch loss: 0.06544, batch accuracy: 96.88, data load time: 0.00581, step time: 0.01166,
epoch: [42], step: [1097/1581], batch loss: 0.19564, batch accuracy: 93.75, data load time: 0.00024, step time: 0.02216,
epoch: [42], step: [1397/1581], batch loss: 0.09968, batch accuracy: 96.88, data load time: 0.00024, step time: 0.01847,
epoch: [43], step: [116/1581], batch loss: 0.21412, batch accuracy: 93.75, data load time: 0.00024, step time: 0.01608,
epoch: [43], step: [416/1581], batch loss: 0.11130, batch accuracy: 96.88, data load time: 0.00117, step time: 0.01047,
epoch: [43], step: [716/1581], batch loss: 0.16289, batch accuracy: 93.75, data load time: 0.00021, step time: 0.01088,
epoch: [43], step: [1016/1581], batch loss: 0.28029, batch accuracy: 87.50, data load time: 0.00029, step time: 0.01151,
epoch: [43], step: [1316/1581], batch loss: 0.12818, batch accuracy: 96.88, data load time: 0.00025, step time: 0.01084,
epoch: [44], step: [35/1581], batch loss: 0.03668, batch accuracy: 100.00, data load time: 0.00019, step time: 0.01759,
epoch: [44], step: [335/1581], batch loss: 0.16189, batch accuracy: 96.88, data load time: 0.00022, step time: 0.01583,
epoch: [44], step: [635/1581], batch loss: 0.39539, batch accuracy: 87.50, data load time: 0.00461, step time: 0.01309,
epoch: [44], step: [935/1581], batch loss: 0.10962, batch accuracy: 100.00, data load time: 0.00365, step time: 0.01262,
epoch: [44], step: [1235/1581], batch loss: 0.21899, batch accuracy: 90.62, data load time: 0.00022, step time: 0.01103,
epoch: [44], step: [1535/1581], batch loss: 0.17792, batch accuracy: 90.62, data load time: 0.00018, step time: 0.00964,
validation loss: 0.96814, accuracy: 70.86, class_accuracy: [69.28571428571429, 85.36585365853658, 77.08933717579251, 69.02654867256638, 74.61300309597523, 57.27554179566563, 89.2156862745098, 94.03225806451613, 50.7168458781362, 66.28571428571429]
epoch: [45], step: [254/1581], batch loss: 0.38137, batch accuracy: 81.25, data load time: 0.00022, step time: 0.01502,
epoch: [45], step: [554/1581], batch loss: 0.34734, batch accuracy: 87.50, data load time: 0.00023, step time: 0.01013,
epoch: [45], step: [854/1581], batch loss: 0.07906, batch accuracy: 100.00, data load time: 0.00391, step time: 0.01172,
epoch: [45], step: [1154/1581], batch loss: 0.26458, batch accuracy: 93.75, data load time: 0.00024, step time: 0.01123,
epoch: [45], step: [1454/1581], batch loss: 0.13374, batch accuracy: 96.88, data load time: 0.00604, step time: 0.01299,
epoch: [46], step: [173/1581], batch loss: 0.07883, batch accuracy: 100.00, data load time: 0.00024, step time: 0.01103,
epoch: [46], step: [473/1581], batch loss: 0.10885, batch accuracy: 96.88, data load time: 0.00023, step time: 0.01156,
epoch: [46], step: [773/1581], batch loss: 0.22048, batch accuracy: 96.88, data load time: 0.00026, step time: 0.01056,
epoch: [46], step: [1073/1581], batch loss: 0.17960, batch accuracy: 93.75, data load time: 0.00026, step time: 0.00974,
epoch: [46], step: [1373/1581], batch loss: 0.11763, batch accuracy: 96.88, data load time: 0.00022, step time: 0.01714,
epoch: [47], step: [92/1581], batch loss: 0.18492, batch accuracy: 96.88, data load time: 0.00394, step time: 0.01216,
epoch: [47], step: [392/1581], batch loss: 0.29201, batch accuracy: 90.62, data load time: 0.00024, step time: 0.01307,
epoch: [47], step: [692/1581], batch loss: 0.17427, batch accuracy: 93.75, data load time: 0.00590, step time: 0.01025,
epoch: [47], step: [992/1581], batch loss: 0.03741, batch accuracy: 100.00, data load time: 0.00022, step time: 0.01010,
epoch: [47], step: [1292/1581], batch loss: 0.07580, batch accuracy: 96.88, data load time: 0.00023, step time: 0.01063,
epoch: [48], step: [11/1581], batch loss: 0.07214, batch accuracy: 100.00, data load time: 0.00582, step time: 0.01334,
epoch: [48], step: [311/1581], batch loss: 0.16030, batch accuracy: 93.75, data load time: 0.00023, step time: 0.01046,
epoch: [48], step: [611/1581], batch loss: 0.24584, batch accuracy: 93.75, data load time: 0.00024, step time: 0.00996,
epoch: [48], step: [911/1581], batch loss: 0.08413, batch accuracy: 96.88, data load time: 0.00558, step time: 0.01045,
epoch: [48], step: [1211/1581], batch loss: 0.21269, batch accuracy: 87.50, data load time: 0.00302, step time: 0.01037,
epoch: [48], step: [1511/1581], batch loss: 0.07534, batch accuracy: 96.88, data load time: 0.00033, step time: 0.01136,
epoch: [49], step: [230/1581], batch loss: 0.10253, batch accuracy: 100.00, data load time: 0.00023, step time: 0.01796,
epoch: [49], step: [530/1581], batch loss: 0.18476, batch accuracy: 93.75, data load time: 0.00023, step time: 0.01354,
epoch: [49], step: [830/1581], batch loss: 0.20926, batch accuracy: 96.88, data load time: 0.00022, step time: 0.01619,
epoch: [49], step: [1130/1581], batch loss: 0.08333, batch accuracy: 96.88, data load time: 0.00028, step time: 0.00990,
epoch: [49], step: [1430/1581], batch loss: 0.32227, batch accuracy: 93.75, data load time: 0.00030, step time: 0.01035,
validation loss: 1.00180, accuracy: 70.92, class_accuracy: [61.142857142857146, 80.48780487804878, 71.90201729106629, 67.43362831858407, 79.41176470588235, 60.371517027863774, 91.17647058823529, 95.48387096774194, 53.584229390681, 71.28571428571429]
Total time taken: 1176.8102412223816
