Using CUDA...
Writing logs to logs/CNN_bn_epochs=50_dropout=0.5_bs=32_optim=SGD_decay=0.0008_lr=0.001_momentum=0.9_mode=LMC_run_0
epoch: [0], step: [299/1581], batch loss: 2.09515, batch accuracy: 34.38, data load time: 0.00281, step time: 0.00902,
epoch: [0], step: [599/1581], batch loss: 2.05902, batch accuracy: 31.25, data load time: 0.00022, step time: 0.00885,
epoch: [0], step: [899/1581], batch loss: 1.45306, batch accuracy: 50.00, data load time: 0.00023, step time: 0.00882,
epoch: [0], step: [1199/1581], batch loss: 1.58092, batch accuracy: 46.88, data load time: 0.00023, step time: 0.00868,
epoch: [0], step: [1499/1581], batch loss: 1.45069, batch accuracy: 50.00, data load time: 0.00022, step time: 0.00827,
epoch: [1], step: [218/1581], batch loss: 1.15281, batch accuracy: 62.50, data load time: 0.00034, step time: 0.01248,
epoch: [1], step: [518/1581], batch loss: 1.08301, batch accuracy: 59.38, data load time: 0.00023, step time: 0.00886,
epoch: [1], step: [818/1581], batch loss: 1.47770, batch accuracy: 34.38, data load time: 0.00331, step time: 0.00943,
epoch: [1], step: [1118/1581], batch loss: 1.20197, batch accuracy: 56.25, data load time: 0.00024, step time: 0.01104,
epoch: [1], step: [1418/1581], batch loss: 1.06333, batch accuracy: 62.50, data load time: 0.00021, step time: 0.01036,
epoch: [2], step: [137/1581], batch loss: 1.43582, batch accuracy: 53.12, data load time: 0.00032, step time: 0.00797,
epoch: [2], step: [437/1581], batch loss: 0.96196, batch accuracy: 65.62, data load time: 0.00023, step time: 0.00811,
epoch: [2], step: [737/1581], batch loss: 1.25961, batch accuracy: 68.75, data load time: 0.00032, step time: 0.00915,
epoch: [2], step: [1037/1581], batch loss: 0.90060, batch accuracy: 75.00, data load time: 0.00024, step time: 0.00973,
epoch: [2], step: [1337/1581], batch loss: 0.86556, batch accuracy: 75.00, data load time: 0.00031, step time: 0.00852,
epoch: [3], step: [56/1581], batch loss: 0.87943, batch accuracy: 65.62, data load time: 0.00019, step time: 0.00916,
epoch: [3], step: [356/1581], batch loss: 0.56779, batch accuracy: 81.25, data load time: 0.00034, step time: 0.00856,
epoch: [3], step: [656/1581], batch loss: 1.04523, batch accuracy: 59.38, data load time: 0.00359, step time: 0.00869,
epoch: [3], step: [956/1581], batch loss: 0.52294, batch accuracy: 81.25, data load time: 0.00326, step time: 0.01118,
epoch: [3], step: [1256/1581], batch loss: 0.78585, batch accuracy: 59.38, data load time: 0.00022, step time: 0.01460,
epoch: [3], step: [1556/1581], batch loss: 1.25684, batch accuracy: 53.12, data load time: 0.00012, step time: 0.00739,
epoch: [4], step: [275/1581], batch loss: 0.94687, batch accuracy: 56.25, data load time: 0.00369, step time: 0.00955,
epoch: [4], step: [575/1581], batch loss: 0.80365, batch accuracy: 65.62, data load time: 0.00380, step time: 0.01022,
epoch: [4], step: [875/1581], batch loss: 0.87117, batch accuracy: 68.75, data load time: 0.00369, step time: 0.00881,
epoch: [4], step: [1175/1581], batch loss: 1.10301, batch accuracy: 62.50, data load time: 0.00024, step time: 0.00841,
epoch: [4], step: [1475/1581], batch loss: 0.66004, batch accuracy: 78.12, data load time: 0.00294, step time: 0.00943,
validation loss: 1.15371, accuracy: 63.87, class_accuracy: [44.91525423728814, 89.47368421052632, 72.64957264957265, 52.21238938053097, 81.35593220338983, 62.38532110091743, 100.0, 85.84070796460178, 53.06122448979592, 38.13559322033898]
epoch: [5], step: [194/1581], batch loss: 1.22429, batch accuracy: 68.75, data load time: 0.00024, step time: 0.01073,
epoch: [5], step: [494/1581], batch loss: 0.91051, batch accuracy: 65.62, data load time: 0.00023, step time: 0.00835,
epoch: [5], step: [794/1581], batch loss: 0.69007, batch accuracy: 78.12, data load time: 0.00024, step time: 0.00816,
epoch: [5], step: [1094/1581], batch loss: 0.81363, batch accuracy: 68.75, data load time: 0.00027, step time: 0.00889,
epoch: [5], step: [1394/1581], batch loss: 0.63285, batch accuracy: 78.12, data load time: 0.00022, step time: 0.00823,
epoch: [6], step: [113/1581], batch loss: 0.94317, batch accuracy: 68.75, data load time: 0.00028, step time: 0.00952,
epoch: [6], step: [413/1581], batch loss: 0.72763, batch accuracy: 78.12, data load time: 0.00021, step time: 0.01234,
epoch: [6], step: [713/1581], batch loss: 1.10574, batch accuracy: 65.62, data load time: 0.00023, step time: 0.01165,
epoch: [6], step: [1013/1581], batch loss: 0.80121, batch accuracy: 75.00, data load time: 0.00036, step time: 0.00888,
epoch: [6], step: [1313/1581], batch loss: 1.05884, batch accuracy: 65.62, data load time: 0.00023, step time: 0.01378,
epoch: [7], step: [32/1581], batch loss: 1.09934, batch accuracy: 75.00, data load time: 0.00286, step time: 0.00858,
epoch: [7], step: [332/1581], batch loss: 0.41928, batch accuracy: 87.50, data load time: 0.00420, step time: 0.00893,
epoch: [7], step: [632/1581], batch loss: 0.50635, batch accuracy: 81.25, data load time: 0.00020, step time: 0.00927,
epoch: [7], step: [932/1581], batch loss: 0.52804, batch accuracy: 68.75, data load time: 0.00030, step time: 0.00843,
epoch: [7], step: [1232/1581], batch loss: 0.50869, batch accuracy: 75.00, data load time: 0.00184, step time: 0.01080,
epoch: [7], step: [1532/1581], batch loss: 0.55142, batch accuracy: 78.12, data load time: 0.00018, step time: 0.01042,
epoch: [8], step: [251/1581], batch loss: 0.37450, batch accuracy: 93.75, data load time: 0.00031, step time: 0.00880,
epoch: [8], step: [551/1581], batch loss: 0.29749, batch accuracy: 96.88, data load time: 0.00023, step time: 0.00836,
epoch: [8], step: [851/1581], batch loss: 0.39153, batch accuracy: 90.62, data load time: 0.00021, step time: 0.00889,
epoch: [8], step: [1151/1581], batch loss: 0.72422, batch accuracy: 81.25, data load time: 0.00025, step time: 0.00826,
epoch: [8], step: [1451/1581], batch loss: 0.51642, batch accuracy: 84.38, data load time: 0.00022, step time: 0.01184,
epoch: [9], step: [170/1581], batch loss: 0.52701, batch accuracy: 81.25, data load time: 0.00024, step time: 0.01056,
epoch: [9], step: [470/1581], batch loss: 0.40305, batch accuracy: 84.38, data load time: 0.00365, step time: 0.01041,
epoch: [9], step: [770/1581], batch loss: 0.52385, batch accuracy: 75.00, data load time: 0.00023, step time: 0.01102,
epoch: [9], step: [1070/1581], batch loss: 0.29401, batch accuracy: 87.50, data load time: 0.00024, step time: 0.01352,
epoch: [9], step: [1370/1581], batch loss: 0.67897, batch accuracy: 75.00, data load time: 0.00298, step time: 0.00934,
validation loss: 1.03400, accuracy: 68.78, class_accuracy: [66.10169491525424, 92.10526315789474, 70.08547008547009, 59.29203539823009, 80.50847457627118, 55.96330275229358, 100.0, 95.57522123893806, 58.16326530612245, 45.76271186440678]
epoch: [10], step: [89/1581], batch loss: 0.50537, batch accuracy: 87.50, data load time: 0.00022, step time: 0.01268,
epoch: [10], step: [389/1581], batch loss: 0.52386, batch accuracy: 75.00, data load time: 0.00023, step time: 0.01035,
epoch: [10], step: [689/1581], batch loss: 0.55187, batch accuracy: 84.38, data load time: 0.00025, step time: 0.01285,
epoch: [10], step: [989/1581], batch loss: 0.65734, batch accuracy: 75.00, data load time: 0.00195, step time: 0.01008,
epoch: [10], step: [1289/1581], batch loss: 0.55748, batch accuracy: 81.25, data load time: 0.00024, step time: 0.01148,
epoch: [11], step: [8/1581], batch loss: 0.48157, batch accuracy: 81.25, data load time: 0.00201, step time: 0.01098,
epoch: [11], step: [308/1581], batch loss: 0.50043, batch accuracy: 84.38, data load time: 0.00024, step time: 0.01354,
epoch: [11], step: [608/1581], batch loss: 0.73115, batch accuracy: 71.88, data load time: 0.00023, step time: 0.01194,
epoch: [11], step: [908/1581], batch loss: 0.73019, batch accuracy: 84.38, data load time: 0.00023, step time: 0.00942,
epoch: [11], step: [1208/1581], batch loss: 0.35703, batch accuracy: 87.50, data load time: 0.00022, step time: 0.00817,
epoch: [11], step: [1508/1581], batch loss: 0.62042, batch accuracy: 78.12, data load time: 0.00024, step time: 0.00828,
epoch: [12], step: [227/1581], batch loss: 0.45714, batch accuracy: 81.25, data load time: 0.00026, step time: 0.00888,
epoch: [12], step: [527/1581], batch loss: 0.54850, batch accuracy: 90.62, data load time: 0.00287, step time: 0.00975,
epoch: [12], step: [827/1581], batch loss: 0.48381, batch accuracy: 84.38, data load time: 0.00022, step time: 0.00860,
epoch: [12], step: [1127/1581], batch loss: 0.43705, batch accuracy: 84.38, data load time: 0.00024, step time: 0.00853,
epoch: [12], step: [1427/1581], batch loss: 0.29504, batch accuracy: 90.62, data load time: 0.00023, step time: 0.01085,
epoch: [13], step: [146/1581], batch loss: 0.37824, batch accuracy: 81.25, data load time: 0.00334, step time: 0.00964,
epoch: [13], step: [446/1581], batch loss: 0.45380, batch accuracy: 84.38, data load time: 0.00022, step time: 0.00849,
epoch: [13], step: [746/1581], batch loss: 0.50307, batch accuracy: 87.50, data load time: 0.00023, step time: 0.00887,
epoch: [13], step: [1046/1581], batch loss: 0.40396, batch accuracy: 84.38, data load time: 0.00021, step time: 0.00883,
epoch: [13], step: [1346/1581], batch loss: 0.30913, batch accuracy: 93.75, data load time: 0.00031, step time: 0.01127,
epoch: [14], step: [65/1581], batch loss: 0.27550, batch accuracy: 96.88, data load time: 0.00341, step time: 0.01281,
epoch: [14], step: [365/1581], batch loss: 0.26473, batch accuracy: 93.75, data load time: 0.00387, step time: 0.01287,
epoch: [14], step: [665/1581], batch loss: 0.30156, batch accuracy: 90.62, data load time: 0.00351, step time: 0.00925,
epoch: [14], step: [965/1581], batch loss: 0.21667, batch accuracy: 93.75, data load time: 0.00023, step time: 0.01777,
epoch: [14], step: [1265/1581], batch loss: 0.22950, batch accuracy: 90.62, data load time: 0.00302, step time: 0.00949,
epoch: [14], step: [1565/1581], batch loss: 0.44362, batch accuracy: 81.25, data load time: 0.00012, step time: 0.00736,
validation loss: 0.93709, accuracy: 72.36, class_accuracy: [54.23728813559322, 94.73684210526316, 82.05128205128206, 66.3716814159292, 81.35593220338983, 55.96330275229358, 97.14285714285714, 96.46017699115045, 57.142857142857146, 67.79661016949153]
epoch: [15], step: [284/1581], batch loss: 0.90740, batch accuracy: 84.38, data load time: 0.00022, step time: 0.01108,
epoch: [15], step: [584/1581], batch loss: 0.43116, batch accuracy: 81.25, data load time: 0.00688, step time: 0.00930,
epoch: [15], step: [884/1581], batch loss: 0.41613, batch accuracy: 87.50, data load time: 0.00024, step time: 0.01191,
epoch: [15], step: [1184/1581], batch loss: 0.31552, batch accuracy: 93.75, data load time: 0.00306, step time: 0.00960,
epoch: [15], step: [1484/1581], batch loss: 0.11716, batch accuracy: 100.00, data load time: 0.00060, step time: 0.00824,
epoch: [16], step: [203/1581], batch loss: 0.28666, batch accuracy: 81.25, data load time: 0.00403, step time: 0.00957,
epoch: [16], step: [503/1581], batch loss: 0.62849, batch accuracy: 68.75, data load time: 0.00026, step time: 0.00831,
epoch: [16], step: [803/1581], batch loss: 0.38332, batch accuracy: 81.25, data load time: 0.00218, step time: 0.01107,
epoch: [16], step: [1103/1581], batch loss: 0.21707, batch accuracy: 90.62, data load time: 0.00025, step time: 0.00838,
epoch: [16], step: [1403/1581], batch loss: 0.30609, batch accuracy: 84.38, data load time: 0.00295, step time: 0.01021,
epoch: [17], step: [122/1581], batch loss: 0.40531, batch accuracy: 81.25, data load time: 0.00024, step time: 0.01152,
epoch: [17], step: [422/1581], batch loss: 0.26523, batch accuracy: 87.50, data load time: 0.00304, step time: 0.00996,
epoch: [17], step: [722/1581], batch loss: 0.32588, batch accuracy: 84.38, data load time: 0.00026, step time: 0.00819,
epoch: [17], step: [1022/1581], batch loss: 0.51103, batch accuracy: 81.25, data load time: 0.00022, step time: 0.01017,
epoch: [17], step: [1322/1581], batch loss: 0.11524, batch accuracy: 96.88, data load time: 0.00029, step time: 0.00882,
epoch: [18], step: [41/1581], batch loss: 0.35251, batch accuracy: 93.75, data load time: 0.00057, step time: 0.01860,
epoch: [18], step: [341/1581], batch loss: 0.24950, batch accuracy: 93.75, data load time: 0.00024, step time: 0.01160,
epoch: [18], step: [641/1581], batch loss: 0.44438, batch accuracy: 90.62, data load time: 0.00022, step time: 0.01259,
epoch: [18], step: [941/1581], batch loss: 0.11041, batch accuracy: 100.00, data load time: 0.00026, step time: 0.01221,
epoch: [18], step: [1241/1581], batch loss: 0.33080, batch accuracy: 87.50, data load time: 0.00030, step time: 0.00908,
epoch: [18], step: [1541/1581], batch loss: 0.34819, batch accuracy: 84.38, data load time: 0.00017, step time: 0.00823,
epoch: [19], step: [260/1581], batch loss: 0.09990, batch accuracy: 96.88, data load time: 0.00414, step time: 0.02219,
epoch: [19], step: [560/1581], batch loss: 0.19373, batch accuracy: 93.75, data load time: 0.00024, step time: 0.01317,
epoch: [19], step: [860/1581], batch loss: 0.28681, batch accuracy: 87.50, data load time: 0.00022, step time: 0.01026,
epoch: [19], step: [1160/1581], batch loss: 0.26599, batch accuracy: 90.62, data load time: 0.00025, step time: 0.01188,
epoch: [19], step: [1460/1581], batch loss: 0.23216, batch accuracy: 93.75, data load time: 0.00298, step time: 0.00955,
validation loss: 0.91060, accuracy: 72.06, class_accuracy: [54.23728813559322, 92.10526315789474, 74.35897435897436, 68.14159292035399, 82.20338983050847, 55.04587155963303, 97.14285714285714, 96.46017699115045, 57.142857142857146, 72.03389830508475]
epoch: [20], step: [179/1581], batch loss: 0.32135, batch accuracy: 90.62, data load time: 0.00022, step time: 0.01061,
epoch: [20], step: [479/1581], batch loss: 0.28615, batch accuracy: 90.62, data load time: 0.00270, step time: 0.01050,
epoch: [20], step: [779/1581], batch loss: 0.21450, batch accuracy: 96.88, data load time: 0.00329, step time: 0.00917,
epoch: [20], step: [1079/1581], batch loss: 0.29099, batch accuracy: 90.62, data load time: 0.00026, step time: 0.01301,
epoch: [20], step: [1379/1581], batch loss: 0.35458, batch accuracy: 93.75, data load time: 0.00024, step time: 0.01090,
epoch: [21], step: [98/1581], batch loss: 0.18477, batch accuracy: 100.00, data load time: 0.00277, step time: 0.01033,
epoch: [21], step: [398/1581], batch loss: 0.23773, batch accuracy: 100.00, data load time: 0.00023, step time: 0.00997,
epoch: [21], step: [698/1581], batch loss: 0.24483, batch accuracy: 90.62, data load time: 0.00023, step time: 0.01191,
epoch: [21], step: [998/1581], batch loss: 0.21926, batch accuracy: 93.75, data load time: 0.00122, step time: 0.01079,
epoch: [21], step: [1298/1581], batch loss: 0.32789, batch accuracy: 93.75, data load time: 0.00417, step time: 0.00879,
epoch: [22], step: [17/1581], batch loss: 0.20601, batch accuracy: 93.75, data load time: 0.00021, step time: 0.00887,
epoch: [22], step: [317/1581], batch loss: 0.22591, batch accuracy: 84.38, data load time: 0.00022, step time: 0.01010,
epoch: [22], step: [617/1581], batch loss: 0.54965, batch accuracy: 87.50, data load time: 0.00313, step time: 0.01059,
epoch: [22], step: [917/1581], batch loss: 0.25213, batch accuracy: 93.75, data load time: 0.00023, step time: 0.00825,
epoch: [22], step: [1217/1581], batch loss: 0.50411, batch accuracy: 84.38, data load time: 0.00394, step time: 0.00929,
epoch: [22], step: [1517/1581], batch loss: 0.22069, batch accuracy: 90.62, data load time: 0.00022, step time: 0.01039,
epoch: [23], step: [236/1581], batch loss: 0.14840, batch accuracy: 96.88, data load time: 0.00342, step time: 0.00985,
epoch: [23], step: [536/1581], batch loss: 0.20685, batch accuracy: 84.38, data load time: 0.00024, step time: 0.01077,
epoch: [23], step: [836/1581], batch loss: 0.17724, batch accuracy: 93.75, data load time: 0.00023, step time: 0.01215,
epoch: [23], step: [1136/1581], batch loss: 0.38690, batch accuracy: 87.50, data load time: 0.00024, step time: 0.01062,
epoch: [23], step: [1436/1581], batch loss: 0.38547, batch accuracy: 90.62, data load time: 0.00022, step time: 0.01343,
epoch: [24], step: [155/1581], batch loss: 0.37437, batch accuracy: 78.12, data load time: 0.00023, step time: 0.01221,
epoch: [24], step: [455/1581], batch loss: 0.17303, batch accuracy: 100.00, data load time: 0.00024, step time: 0.01261,
epoch: [24], step: [755/1581], batch loss: 0.14495, batch accuracy: 100.00, data load time: 0.00023, step time: 0.01281,
epoch: [24], step: [1055/1581], batch loss: 0.31386, batch accuracy: 84.38, data load time: 0.00301, step time: 0.00948,
epoch: [24], step: [1355/1581], batch loss: 0.19468, batch accuracy: 93.75, data load time: 0.00404, step time: 0.00869,
validation loss: 0.87350, accuracy: 71.75, class_accuracy: [54.23728813559322, 94.73684210526316, 70.94017094017094, 65.48672566371681, 83.89830508474576, 51.37614678899082, 97.14285714285714, 95.57522123893806, 62.244897959183675, 72.88135593220339]
epoch: [25], step: [74/1581], batch loss: 0.05927, batch accuracy: 100.00, data load time: 0.00428, step time: 0.01074,
epoch: [25], step: [374/1581], batch loss: 0.09226, batch accuracy: 96.88, data load time: 0.00073, step time: 0.01182,
epoch: [25], step: [674/1581], batch loss: 0.27041, batch accuracy: 90.62, data load time: 0.00311, step time: 0.00956,
epoch: [25], step: [974/1581], batch loss: 0.10762, batch accuracy: 100.00, data load time: 0.00308, step time: 0.00996,
epoch: [25], step: [1274/1581], batch loss: 0.30000, batch accuracy: 81.25, data load time: 0.00332, step time: 0.01025,
epoch: [25], step: [1574/1581], batch loss: 0.29680, batch accuracy: 87.50, data load time: 0.00011, step time: 0.00736,
epoch: [26], step: [293/1581], batch loss: 0.10078, batch accuracy: 100.00, data load time: 0.00026, step time: 0.00821,
epoch: [26], step: [593/1581], batch loss: 0.24031, batch accuracy: 90.62, data load time: 0.00286, step time: 0.00949,
epoch: [26], step: [893/1581], batch loss: 0.14900, batch accuracy: 93.75, data load time: 0.00023, step time: 0.01080,
epoch: [26], step: [1193/1581], batch loss: 0.17639, batch accuracy: 93.75, data load time: 0.00744, step time: 0.00958,
epoch: [26], step: [1493/1581], batch loss: 0.39482, batch accuracy: 87.50, data load time: 0.00229, step time: 0.01267,
epoch: [27], step: [212/1581], batch loss: 0.13430, batch accuracy: 93.75, data load time: 0.00023, step time: 0.00822,
epoch: [27], step: [512/1581], batch loss: 0.13178, batch accuracy: 93.75, data load time: 0.00796, step time: 0.00930,
epoch: [27], step: [812/1581], batch loss: 0.21939, batch accuracy: 93.75, data load time: 0.00023, step time: 0.00933,
epoch: [27], step: [1112/1581], batch loss: 0.13461, batch accuracy: 96.88, data load time: 0.00348, step time: 0.01033,
epoch: [27], step: [1412/1581], batch loss: 0.47719, batch accuracy: 90.62, data load time: 0.00297, step time: 0.00974,
epoch: [28], step: [131/1581], batch loss: 0.18483, batch accuracy: 93.75, data load time: 0.00180, step time: 0.01157,
epoch: [28], step: [431/1581], batch loss: 0.07663, batch accuracy: 96.88, data load time: 0.00296, step time: 0.01008,
epoch: [28], step: [731/1581], batch loss: 0.22029, batch accuracy: 96.88, data load time: 0.00024, step time: 0.01191,
epoch: [28], step: [1031/1581], batch loss: 0.30676, batch accuracy: 90.62, data load time: 0.00353, step time: 0.00954,
epoch: [28], step: [1331/1581], batch loss: 0.22461, batch accuracy: 96.88, data load time: 0.00023, step time: 0.00836,
epoch: [29], step: [50/1581], batch loss: 0.04323, batch accuracy: 100.00, data load time: 0.00022, step time: 0.01001,
epoch: [29], step: [350/1581], batch loss: 0.11751, batch accuracy: 96.88, data load time: 0.00022, step time: 0.00853,
epoch: [29], step: [650/1581], batch loss: 0.12142, batch accuracy: 96.88, data load time: 0.00024, step time: 0.00818,
epoch: [29], step: [950/1581], batch loss: 0.11392, batch accuracy: 93.75, data load time: 0.00023, step time: 0.01142,
epoch: [29], step: [1250/1581], batch loss: 0.29492, batch accuracy: 90.62, data load time: 0.00305, step time: 0.01060,
epoch: [29], step: [1550/1581], batch loss: 0.07358, batch accuracy: 100.00, data load time: 0.00012, step time: 0.00737,
validation loss: 0.91377, accuracy: 71.24, class_accuracy: [50.847457627118644, 92.10526315789474, 70.94017094017094, 66.3716814159292, 81.35593220338983, 50.45871559633027, 97.14285714285714, 96.46017699115045, 61.224489795918366, 75.42372881355932]
epoch: [30], step: [269/1581], batch loss: 0.05497, batch accuracy: 100.00, data load time: 0.00024, step time: 0.00951,
epoch: [30], step: [569/1581], batch loss: 0.13474, batch accuracy: 100.00, data load time: 0.00422, step time: 0.00889,
epoch: [30], step: [869/1581], batch loss: 0.06699, batch accuracy: 100.00, data load time: 0.00026, step time: 0.01338,
epoch: [30], step: [1169/1581], batch loss: 0.14109, batch accuracy: 96.88, data load time: 0.00025, step time: 0.00839,
epoch: [30], step: [1469/1581], batch loss: 0.14145, batch accuracy: 96.88, data load time: 0.00025, step time: 0.00823,
epoch: [31], step: [188/1581], batch loss: 0.17436, batch accuracy: 93.75, data load time: 0.00571, step time: 0.01135,
epoch: [31], step: [488/1581], batch loss: 0.15537, batch accuracy: 93.75, data load time: 0.00422, step time: 0.00863,
epoch: [31], step: [788/1581], batch loss: 0.36344, batch accuracy: 84.38, data load time: 0.00024, step time: 0.00983,
epoch: [31], step: [1088/1581], batch loss: 0.13572, batch accuracy: 96.88, data load time: 0.00255, step time: 0.00943,
epoch: [31], step: [1388/1581], batch loss: 0.23282, batch accuracy: 90.62, data load time: 0.00022, step time: 0.01110,
epoch: [32], step: [107/1581], batch loss: 0.14092, batch accuracy: 96.88, data load time: 0.00021, step time: 0.00942,
epoch: [32], step: [407/1581], batch loss: 0.05731, batch accuracy: 100.00, data load time: 0.00034, step time: 0.01276,
epoch: [32], step: [707/1581], batch loss: 0.19233, batch accuracy: 96.88, data load time: 0.00024, step time: 0.00840,
epoch: [32], step: [1007/1581], batch loss: 0.05521, batch accuracy: 100.00, data load time: 0.00022, step time: 0.01184,
epoch: [32], step: [1307/1581], batch loss: 0.09761, batch accuracy: 96.88, data load time: 0.00024, step time: 0.01094,
epoch: [33], step: [26/1581], batch loss: 0.09330, batch accuracy: 96.88, data load time: 0.00033, step time: 0.00946,
epoch: [33], step: [326/1581], batch loss: 0.12976, batch accuracy: 96.88, data load time: 0.00296, step time: 0.01044,
epoch: [33], step: [626/1581], batch loss: 0.16862, batch accuracy: 96.88, data load time: 0.00308, step time: 0.00955,
epoch: [33], step: [926/1581], batch loss: 0.06759, batch accuracy: 100.00, data load time: 0.00026, step time: 0.00833,
epoch: [33], step: [1226/1581], batch loss: 0.12525, batch accuracy: 93.75, data load time: 0.00025, step time: 0.01267,
epoch: [33], step: [1526/1581], batch loss: 0.16130, batch accuracy: 93.75, data load time: 0.00019, step time: 0.01044,
epoch: [34], step: [245/1581], batch loss: 0.21404, batch accuracy: 96.88, data load time: 0.00023, step time: 0.01132,
epoch: [34], step: [545/1581], batch loss: 0.19736, batch accuracy: 93.75, data load time: 0.00024, step time: 0.01297,
epoch: [34], step: [845/1581], batch loss: 0.12160, batch accuracy: 93.75, data load time: 0.00022, step time: 0.01243,
epoch: [34], step: [1145/1581], batch loss: 0.14781, batch accuracy: 93.75, data load time: 0.00055, step time: 0.01092,
epoch: [34], step: [1445/1581], batch loss: 0.07573, batch accuracy: 96.88, data load time: 0.00023, step time: 0.01264,
validation loss: 0.92157, accuracy: 71.75, class_accuracy: [51.69491525423729, 92.10526315789474, 74.35897435897436, 67.2566371681416, 84.7457627118644, 51.37614678899082, 94.28571428571429, 95.57522123893806, 47.95918367346939, 83.05084745762711]
epoch: [35], step: [164/1581], batch loss: 0.06469, batch accuracy: 100.00, data load time: 0.00024, step time: 0.01307,
epoch: [35], step: [464/1581], batch loss: 0.09662, batch accuracy: 96.88, data load time: 0.00026, step time: 0.00961,
epoch: [35], step: [764/1581], batch loss: 0.19143, batch accuracy: 90.62, data load time: 0.00023, step time: 0.01127,
epoch: [35], step: [1064/1581], batch loss: 0.16026, batch accuracy: 90.62, data load time: 0.00068, step time: 0.00851,
epoch: [35], step: [1364/1581], batch loss: 0.03918, batch accuracy: 100.00, data load time: 0.00059, step time: 0.00841,
epoch: [36], step: [83/1581], batch loss: 0.20166, batch accuracy: 87.50, data load time: 0.00024, step time: 0.01166,
epoch: [36], step: [383/1581], batch loss: 0.21298, batch accuracy: 96.88, data load time: 0.00024, step time: 0.00856,
epoch: [36], step: [683/1581], batch loss: 0.08330, batch accuracy: 100.00, data load time: 0.00022, step time: 0.01135,
epoch: [36], step: [983/1581], batch loss: 0.12199, batch accuracy: 96.88, data load time: 0.00034, step time: 0.00822,
epoch: [36], step: [1283/1581], batch loss: 0.20148, batch accuracy: 93.75, data load time: 0.00032, step time: 0.00855,
epoch: [37], step: [2/1581], batch loss: 0.13160, batch accuracy: 96.88, data load time: 0.00085, step time: 0.01185,
epoch: [37], step: [302/1581], batch loss: 0.14017, batch accuracy: 93.75, data load time: 0.00025, step time: 0.00999,
epoch: [37], step: [602/1581], batch loss: 0.13742, batch accuracy: 93.75, data load time: 0.00024, step time: 0.01038,
epoch: [37], step: [902/1581], batch loss: 0.05724, batch accuracy: 100.00, data load time: 0.00359, step time: 0.00941,
epoch: [37], step: [1202/1581], batch loss: 0.22864, batch accuracy: 96.88, data load time: 0.00028, step time: 0.01251,
epoch: [37], step: [1502/1581], batch loss: 0.25490, batch accuracy: 90.62, data load time: 0.00023, step time: 0.01180,
epoch: [38], step: [221/1581], batch loss: 0.13012, batch accuracy: 93.75, data load time: 0.00025, step time: 0.00892,
epoch: [38], step: [521/1581], batch loss: 0.04153, batch accuracy: 100.00, data load time: 0.00430, step time: 0.01093,
epoch: [38], step: [821/1581], batch loss: 0.09435, batch accuracy: 96.88, data load time: 0.00023, step time: 0.00822,
epoch: [38], step: [1121/1581], batch loss: 0.14836, batch accuracy: 96.88, data load time: 0.00026, step time: 0.00838,
epoch: [38], step: [1421/1581], batch loss: 0.10995, batch accuracy: 93.75, data load time: 0.00022, step time: 0.00943,
epoch: [39], step: [140/1581], batch loss: 0.13436, batch accuracy: 93.75, data load time: 0.00023, step time: 0.00850,
epoch: [39], step: [440/1581], batch loss: 0.17375, batch accuracy: 93.75, data load time: 0.00023, step time: 0.01025,
epoch: [39], step: [740/1581], batch loss: 0.11341, batch accuracy: 96.88, data load time: 0.00413, step time: 0.00918,
epoch: [39], step: [1040/1581], batch loss: 0.11313, batch accuracy: 100.00, data load time: 0.00652, step time: 0.01139,
epoch: [39], step: [1340/1581], batch loss: 0.34245, batch accuracy: 90.62, data load time: 0.00022, step time: 0.00832,
validation loss: 0.86786, accuracy: 73.08, class_accuracy: [52.54237288135593, 94.73684210526316, 70.94017094017094, 69.02654867256638, 83.89830508474576, 53.211009174311926, 97.14285714285714, 96.46017699115045, 61.224489795918366, 80.50847457627118]
epoch: [40], step: [59/1581], batch loss: 0.27009, batch accuracy: 93.75, data load time: 0.00022, step time: 0.01051,
epoch: [40], step: [359/1581], batch loss: 0.12086, batch accuracy: 100.00, data load time: 0.00022, step time: 0.00818,
epoch: [40], step: [659/1581], batch loss: 0.05218, batch accuracy: 100.00, data load time: 0.00024, step time: 0.00841,
epoch: [40], step: [959/1581], batch loss: 0.19720, batch accuracy: 93.75, data load time: 0.00025, step time: 0.00946,
epoch: [40], step: [1259/1581], batch loss: 0.05097, batch accuracy: 96.88, data load time: 0.00025, step time: 0.00828,
epoch: [40], step: [1559/1581], batch loss: 0.08519, batch accuracy: 96.88, data load time: 0.00011, step time: 0.00737,
epoch: [41], step: [278/1581], batch loss: 0.03516, batch accuracy: 100.00, data load time: 0.00022, step time: 0.00827,
epoch: [41], step: [578/1581], batch loss: 0.15051, batch accuracy: 90.62, data load time: 0.00023, step time: 0.01044,
epoch: [41], step: [878/1581], batch loss: 0.05337, batch accuracy: 100.00, data load time: 0.00022, step time: 0.00828,
epoch: [41], step: [1178/1581], batch loss: 0.13102, batch accuracy: 93.75, data load time: 0.00291, step time: 0.00857,
epoch: [41], step: [1478/1581], batch loss: 0.10826, batch accuracy: 96.88, data load time: 0.00022, step time: 0.00866,
epoch: [42], step: [197/1581], batch loss: 0.13770, batch accuracy: 96.88, data load time: 0.00026, step time: 0.00922,
epoch: [42], step: [497/1581], batch loss: 0.05858, batch accuracy: 100.00, data load time: 0.00022, step time: 0.00865,
epoch: [42], step: [797/1581], batch loss: 0.07771, batch accuracy: 96.88, data load time: 0.00022, step time: 0.00903,
epoch: [42], step: [1097/1581], batch loss: 0.10313, batch accuracy: 96.88, data load time: 0.00024, step time: 0.00829,
epoch: [42], step: [1397/1581], batch loss: 0.12996, batch accuracy: 96.88, data load time: 0.00022, step time: 0.00830,
epoch: [43], step: [116/1581], batch loss: 0.11699, batch accuracy: 93.75, data load time: 0.00322, step time: 0.00839,
epoch: [43], step: [416/1581], batch loss: 0.07797, batch accuracy: 96.88, data load time: 0.00023, step time: 0.01201,
epoch: [43], step: [716/1581], batch loss: 0.12889, batch accuracy: 96.88, data load time: 0.00021, step time: 0.00904,
epoch: [43], step: [1016/1581], batch loss: 0.10292, batch accuracy: 100.00, data load time: 0.00029, step time: 0.00873,
epoch: [43], step: [1316/1581], batch loss: 0.06527, batch accuracy: 96.88, data load time: 0.00021, step time: 0.01352,
epoch: [44], step: [35/1581], batch loss: 0.10094, batch accuracy: 96.88, data load time: 0.00025, step time: 0.00867,
epoch: [44], step: [335/1581], batch loss: 0.06562, batch accuracy: 100.00, data load time: 0.00023, step time: 0.01428,
epoch: [44], step: [635/1581], batch loss: 0.16345, batch accuracy: 96.88, data load time: 0.00220, step time: 0.01113,
epoch: [44], step: [935/1581], batch loss: 0.05007, batch accuracy: 100.00, data load time: 0.00023, step time: 0.00800,
epoch: [44], step: [1235/1581], batch loss: 0.05794, batch accuracy: 100.00, data load time: 0.00024, step time: 0.00831,
epoch: [44], step: [1535/1581], batch loss: 0.19967, batch accuracy: 90.62, data load time: 0.00018, step time: 0.00928,
validation loss: 0.89210, accuracy: 73.08, class_accuracy: [50.847457627118644, 92.10526315789474, 82.05128205128206, 67.2566371681416, 80.50847457627118, 55.04587155963303, 97.14285714285714, 96.46017699115045, 51.02040816326531, 83.89830508474576]
epoch: [45], step: [254/1581], batch loss: 0.12295, batch accuracy: 93.75, data load time: 0.00172, step time: 0.01086,
epoch: [45], step: [554/1581], batch loss: 0.15818, batch accuracy: 96.88, data load time: 0.00022, step time: 0.01115,
epoch: [45], step: [854/1581], batch loss: 0.04891, batch accuracy: 100.00, data load time: 0.00439, step time: 0.00875,
epoch: [45], step: [1154/1581], batch loss: 0.05988, batch accuracy: 100.00, data load time: 0.00342, step time: 0.00956,
epoch: [45], step: [1454/1581], batch loss: 0.09832, batch accuracy: 96.88, data load time: 0.00021, step time: 0.00813,
epoch: [46], step: [173/1581], batch loss: 0.08220, batch accuracy: 96.88, data load time: 0.00356, step time: 0.00964,
epoch: [46], step: [473/1581], batch loss: 0.06173, batch accuracy: 100.00, data load time: 0.00024, step time: 0.00828,
epoch: [46], step: [773/1581], batch loss: 0.14271, batch accuracy: 93.75, data load time: 0.00022, step time: 0.00812,
epoch: [46], step: [1073/1581], batch loss: 0.10762, batch accuracy: 100.00, data load time: 0.00023, step time: 0.00832,
epoch: [46], step: [1373/1581], batch loss: 0.19997, batch accuracy: 90.62, data load time: 0.00579, step time: 0.01057,
epoch: [47], step: [92/1581], batch loss: 0.09875, batch accuracy: 96.88, data load time: 0.00026, step time: 0.00868,
epoch: [47], step: [392/1581], batch loss: 0.14269, batch accuracy: 93.75, data load time: 0.00023, step time: 0.01093,
epoch: [47], step: [692/1581], batch loss: 0.05664, batch accuracy: 96.88, data load time: 0.00025, step time: 0.00883,
epoch: [47], step: [992/1581], batch loss: 0.18922, batch accuracy: 93.75, data load time: 0.00024, step time: 0.00838,
epoch: [47], step: [1292/1581], batch loss: 0.11478, batch accuracy: 93.75, data load time: 0.00025, step time: 0.00851,
epoch: [48], step: [11/1581], batch loss: 0.09230, batch accuracy: 96.88, data load time: 0.00311, step time: 0.01200,
epoch: [48], step: [311/1581], batch loss: 0.15333, batch accuracy: 93.75, data load time: 0.00352, step time: 0.01034,
epoch: [48], step: [611/1581], batch loss: 0.12491, batch accuracy: 93.75, data load time: 0.00024, step time: 0.01076,
epoch: [48], step: [911/1581], batch loss: 0.07328, batch accuracy: 96.88, data load time: 0.00024, step time: 0.01087,
epoch: [48], step: [1211/1581], batch loss: 0.09190, batch accuracy: 100.00, data load time: 0.00044, step time: 0.00849,
epoch: [48], step: [1511/1581], batch loss: 0.03015, batch accuracy: 100.00, data load time: 0.00344, step time: 0.01015,
epoch: [49], step: [230/1581], batch loss: 0.10028, batch accuracy: 100.00, data load time: 0.00023, step time: 0.01404,
epoch: [49], step: [530/1581], batch loss: 0.07231, batch accuracy: 96.88, data load time: 0.00697, step time: 0.00926,
epoch: [49], step: [830/1581], batch loss: 0.03593, batch accuracy: 100.00, data load time: 0.00026, step time: 0.00839,
epoch: [49], step: [1130/1581], batch loss: 0.16687, batch accuracy: 96.88, data load time: 0.00023, step time: 0.00836,
epoch: [49], step: [1430/1581], batch loss: 0.03653, batch accuracy: 100.00, data load time: 0.00026, step time: 0.00871,
validation loss: 0.90572, accuracy: 72.67, class_accuracy: [50.0, 92.10526315789474, 70.94017094017094, 70.79646017699115, 81.35593220338983, 55.04587155963303, 97.14285714285714, 94.69026548672566, 60.204081632653065, 82.20338983050847]
Total time taken: 983.9944653511047
