Using CUDA...
Writing logs to logs/CNN_bn_epochs=50_dropout=0.5_bs=32_optim=SGD_decay=0.001_lr=0.001_momentum=0.9_mode=MC_run_0
epoch: [0], step: [299/1581], batch loss: 2.23286, batch accuracy: 15.62, data load time: 0.00042, step time: 0.00814,
epoch: [0], step: [599/1581], batch loss: 1.86809, batch accuracy: 21.88, data load time: 0.00297, step time: 0.00932,
epoch: [0], step: [899/1581], batch loss: 1.82865, batch accuracy: 28.12, data load time: 0.00022, step time: 0.01011,
epoch: [0], step: [1199/1581], batch loss: 1.93562, batch accuracy: 28.12, data load time: 0.00021, step time: 0.01259,
epoch: [0], step: [1499/1581], batch loss: 1.73621, batch accuracy: 40.62, data load time: 0.00022, step time: 0.01315,
epoch: [1], step: [218/1581], batch loss: 1.68251, batch accuracy: 46.88, data load time: 0.00301, step time: 0.01010,
epoch: [1], step: [518/1581], batch loss: 1.52851, batch accuracy: 46.88, data load time: 0.00336, step time: 0.00900,
epoch: [1], step: [818/1581], batch loss: 1.67148, batch accuracy: 53.12, data load time: 0.00032, step time: 0.00829,
epoch: [1], step: [1118/1581], batch loss: 1.19705, batch accuracy: 53.12, data load time: 0.00479, step time: 0.01087,
epoch: [1], step: [1418/1581], batch loss: 1.30857, batch accuracy: 53.12, data load time: 0.00021, step time: 0.00848,
epoch: [2], step: [137/1581], batch loss: 1.20367, batch accuracy: 34.38, data load time: 0.00024, step time: 0.00851,
epoch: [2], step: [437/1581], batch loss: 0.91116, batch accuracy: 65.62, data load time: 0.00022, step time: 0.01270,
epoch: [2], step: [737/1581], batch loss: 1.05437, batch accuracy: 50.00, data load time: 0.00026, step time: 0.00830,
epoch: [2], step: [1037/1581], batch loss: 1.37964, batch accuracy: 53.12, data load time: 0.00024, step time: 0.01084,
epoch: [2], step: [1337/1581], batch loss: 1.14724, batch accuracy: 68.75, data load time: 0.00314, step time: 0.01315,
epoch: [3], step: [56/1581], batch loss: 1.14052, batch accuracy: 68.75, data load time: 0.00019, step time: 0.00830,
epoch: [3], step: [356/1581], batch loss: 0.91741, batch accuracy: 68.75, data load time: 0.00022, step time: 0.01053,
epoch: [3], step: [656/1581], batch loss: 1.25229, batch accuracy: 53.12, data load time: 0.00022, step time: 0.01054,
epoch: [3], step: [956/1581], batch loss: 0.77530, batch accuracy: 65.62, data load time: 0.00025, step time: 0.00876,
epoch: [3], step: [1256/1581], batch loss: 1.48613, batch accuracy: 50.00, data load time: 0.00024, step time: 0.00850,
epoch: [3], step: [1556/1581], batch loss: 0.89378, batch accuracy: 56.25, data load time: 0.00012, step time: 0.00738,
epoch: [4], step: [275/1581], batch loss: 0.82328, batch accuracy: 59.38, data load time: 0.00022, step time: 0.01086,
epoch: [4], step: [575/1581], batch loss: 0.93197, batch accuracy: 59.38, data load time: 0.00025, step time: 0.00828,
epoch: [4], step: [875/1581], batch loss: 0.65088, batch accuracy: 65.62, data load time: 0.00338, step time: 0.00853,
epoch: [4], step: [1175/1581], batch loss: 0.59892, batch accuracy: 81.25, data load time: 0.00311, step time: 0.00823,
epoch: [4], step: [1475/1581], batch loss: 1.21252, batch accuracy: 59.38, data load time: 0.00023, step time: 0.00816,
validation loss: 1.06169, accuracy: 63.46, class_accuracy: [43.220338983050844, 68.42105263157895, 61.53846153846154, 56.63716814159292, 49.152542372881356, 77.98165137614679, 100.0, 99.11504424778761, 50.0, 57.6271186440678], class_avg: 66.36933779355677
epoch: [5], step: [194/1581], batch loss: 1.22269, batch accuracy: 68.75, data load time: 0.00335, step time: 0.01259,
epoch: [5], step: [494/1581], batch loss: 1.00092, batch accuracy: 68.75, data load time: 0.00025, step time: 0.00810,
epoch: [5], step: [794/1581], batch loss: 0.90070, batch accuracy: 75.00, data load time: 0.00023, step time: 0.00806,
epoch: [5], step: [1094/1581], batch loss: 1.02561, batch accuracy: 65.62, data load time: 0.00024, step time: 0.00834,
epoch: [5], step: [1394/1581], batch loss: 0.74800, batch accuracy: 68.75, data load time: 0.00023, step time: 0.01286,
epoch: [6], step: [113/1581], batch loss: 0.68283, batch accuracy: 78.12, data load time: 0.00024, step time: 0.00835,
epoch: [6], step: [413/1581], batch loss: 0.80978, batch accuracy: 71.88, data load time: 0.00022, step time: 0.00852,
epoch: [6], step: [713/1581], batch loss: 0.55196, batch accuracy: 84.38, data load time: 0.00022, step time: 0.00833,
epoch: [6], step: [1013/1581], batch loss: 0.94966, batch accuracy: 56.25, data load time: 0.00023, step time: 0.01478,
epoch: [6], step: [1313/1581], batch loss: 0.64126, batch accuracy: 71.88, data load time: 0.00024, step time: 0.01058,
epoch: [7], step: [32/1581], batch loss: 0.60809, batch accuracy: 75.00, data load time: 0.00020, step time: 0.00808,
epoch: [7], step: [332/1581], batch loss: 0.48930, batch accuracy: 87.50, data load time: 0.00361, step time: 0.00953,
epoch: [7], step: [632/1581], batch loss: 1.06775, batch accuracy: 59.38, data load time: 0.00054, step time: 0.01066,
epoch: [7], step: [932/1581], batch loss: 0.83252, batch accuracy: 68.75, data load time: 0.00460, step time: 0.00813,
epoch: [7], step: [1232/1581], batch loss: 0.45595, batch accuracy: 87.50, data load time: 0.00023, step time: 0.01103,
epoch: [7], step: [1532/1581], batch loss: 0.58705, batch accuracy: 81.25, data load time: 0.00017, step time: 0.01032,
epoch: [8], step: [251/1581], batch loss: 0.49043, batch accuracy: 81.25, data load time: 0.00308, step time: 0.01056,
epoch: [8], step: [551/1581], batch loss: 0.76383, batch accuracy: 78.12, data load time: 0.00023, step time: 0.01246,
epoch: [8], step: [851/1581], batch loss: 0.67219, batch accuracy: 75.00, data load time: 0.00024, step time: 0.01247,
epoch: [8], step: [1151/1581], batch loss: 0.56001, batch accuracy: 81.25, data load time: 0.00025, step time: 0.01434,
epoch: [8], step: [1451/1581], batch loss: 0.53755, batch accuracy: 90.62, data load time: 0.00029, step time: 0.00839,
epoch: [9], step: [170/1581], batch loss: 0.52211, batch accuracy: 71.88, data load time: 0.00031, step time: 0.00803,
epoch: [9], step: [470/1581], batch loss: 0.68078, batch accuracy: 78.12, data load time: 0.00346, step time: 0.00980,
epoch: [9], step: [770/1581], batch loss: 0.59805, batch accuracy: 71.88, data load time: 0.00021, step time: 0.01260,
epoch: [9], step: [1070/1581], batch loss: 0.54406, batch accuracy: 75.00, data load time: 0.00022, step time: 0.00825,
epoch: [9], step: [1370/1581], batch loss: 0.40996, batch accuracy: 81.25, data load time: 0.00178, step time: 0.01075,
validation loss: 0.77360, accuracy: 75.74, class_accuracy: [84.7457627118644, 84.21052631578948, 62.39316239316239, 67.2566371681416, 71.1864406779661, 79.81651376146789, 94.28571428571429, 95.57522123893806, 52.04081632653061, 81.35593220338983], class_avg: 77.28667270829646
epoch: [10], step: [89/1581], batch loss: 0.55409, batch accuracy: 75.00, data load time: 0.00045, step time: 0.00808,
epoch: [10], step: [389/1581], batch loss: 0.84391, batch accuracy: 78.12, data load time: 0.00023, step time: 0.00841,
epoch: [10], step: [689/1581], batch loss: 0.68492, batch accuracy: 75.00, data load time: 0.00555, step time: 0.01305,
epoch: [10], step: [989/1581], batch loss: 0.58837, batch accuracy: 81.25, data load time: 0.00384, step time: 0.00857,
epoch: [10], step: [1289/1581], batch loss: 0.45934, batch accuracy: 75.00, data load time: 0.00368, step time: 0.01097,
epoch: [11], step: [8/1581], batch loss: 0.41904, batch accuracy: 87.50, data load time: 0.00291, step time: 0.01103,
epoch: [11], step: [308/1581], batch loss: 0.42805, batch accuracy: 90.62, data load time: 0.00315, step time: 0.00961,
epoch: [11], step: [608/1581], batch loss: 0.40615, batch accuracy: 84.38, data load time: 0.00022, step time: 0.01232,
epoch: [11], step: [908/1581], batch loss: 0.52674, batch accuracy: 75.00, data load time: 0.00022, step time: 0.00985,
epoch: [11], step: [1208/1581], batch loss: 0.58745, batch accuracy: 81.25, data load time: 0.00025, step time: 0.00831,
epoch: [11], step: [1508/1581], batch loss: 0.38386, batch accuracy: 90.62, data load time: 0.00023, step time: 0.01089,
epoch: [12], step: [227/1581], batch loss: 0.78640, batch accuracy: 71.88, data load time: 0.00024, step time: 0.00905,
epoch: [12], step: [527/1581], batch loss: 0.46677, batch accuracy: 81.25, data load time: 0.00044, step time: 0.00822,
epoch: [12], step: [827/1581], batch loss: 0.35877, batch accuracy: 90.62, data load time: 0.00060, step time: 0.00821,
epoch: [12], step: [1127/1581], batch loss: 0.42837, batch accuracy: 90.62, data load time: 0.00231, step time: 0.01100,
epoch: [12], step: [1427/1581], batch loss: 0.36149, batch accuracy: 93.75, data load time: 0.00229, step time: 0.01115,
epoch: [13], step: [146/1581], batch loss: 0.40744, batch accuracy: 81.25, data load time: 0.00022, step time: 0.01243,
epoch: [13], step: [446/1581], batch loss: 0.61762, batch accuracy: 75.00, data load time: 0.00023, step time: 0.01040,
epoch: [13], step: [746/1581], batch loss: 0.38235, batch accuracy: 87.50, data load time: 0.00033, step time: 0.00813,
epoch: [13], step: [1046/1581], batch loss: 0.50590, batch accuracy: 84.38, data load time: 0.00023, step time: 0.00819,
epoch: [13], step: [1346/1581], batch loss: 0.36833, batch accuracy: 71.88, data load time: 0.00402, step time: 0.00840,
epoch: [14], step: [65/1581], batch loss: 0.47109, batch accuracy: 81.25, data load time: 0.00024, step time: 0.01092,
epoch: [14], step: [365/1581], batch loss: 0.82809, batch accuracy: 71.88, data load time: 0.00023, step time: 0.00824,
epoch: [14], step: [665/1581], batch loss: 0.66253, batch accuracy: 78.12, data load time: 0.00035, step time: 0.00816,
epoch: [14], step: [965/1581], batch loss: 0.74930, batch accuracy: 68.75, data load time: 0.00022, step time: 0.00813,
epoch: [14], step: [1265/1581], batch loss: 0.46369, batch accuracy: 78.12, data load time: 0.00058, step time: 0.00802,
epoch: [14], step: [1565/1581], batch loss: 0.41693, batch accuracy: 84.38, data load time: 0.00011, step time: 0.00739,
validation loss: 0.70421, accuracy: 78.51, class_accuracy: [83.89830508474576, 84.21052631578948, 75.21367521367522, 67.2566371681416, 75.42372881355932, 80.73394495412845, 97.14285714285714, 98.23008849557522, 56.12244897959184, 80.50847457627118], class_avg: 79.87406867443352
epoch: [15], step: [284/1581], batch loss: 0.49670, batch accuracy: 81.25, data load time: 0.00021, step time: 0.00801,
epoch: [15], step: [584/1581], batch loss: 0.47528, batch accuracy: 84.38, data load time: 0.00021, step time: 0.01269,
epoch: [15], step: [884/1581], batch loss: 0.35401, batch accuracy: 87.50, data load time: 0.00022, step time: 0.00814,
epoch: [15], step: [1184/1581], batch loss: 0.35712, batch accuracy: 93.75, data load time: 0.00314, step time: 0.00883,
epoch: [15], step: [1484/1581], batch loss: 0.26116, batch accuracy: 93.75, data load time: 0.00022, step time: 0.00885,
epoch: [16], step: [203/1581], batch loss: 0.63701, batch accuracy: 81.25, data load time: 0.00022, step time: 0.01112,
epoch: [16], step: [503/1581], batch loss: 0.38083, batch accuracy: 84.38, data load time: 0.00026, step time: 0.01179,
epoch: [16], step: [803/1581], batch loss: 0.53923, batch accuracy: 75.00, data load time: 0.00022, step time: 0.01101,
epoch: [16], step: [1103/1581], batch loss: 0.51627, batch accuracy: 78.12, data load time: 0.00053, step time: 0.00844,
epoch: [16], step: [1403/1581], batch loss: 0.33125, batch accuracy: 84.38, data load time: 0.00023, step time: 0.01403,
epoch: [17], step: [122/1581], batch loss: 0.49867, batch accuracy: 81.25, data load time: 0.00024, step time: 0.00910,
epoch: [17], step: [422/1581], batch loss: 0.42060, batch accuracy: 84.38, data load time: 0.00022, step time: 0.00818,
epoch: [17], step: [722/1581], batch loss: 0.34862, batch accuracy: 87.50, data load time: 0.00396, step time: 0.00904,
epoch: [17], step: [1022/1581], batch loss: 0.38635, batch accuracy: 84.38, data load time: 0.00024, step time: 0.00818,
epoch: [17], step: [1322/1581], batch loss: 0.52495, batch accuracy: 71.88, data load time: 0.00304, step time: 0.00950,
epoch: [18], step: [41/1581], batch loss: 0.47100, batch accuracy: 78.12, data load time: 0.00050, step time: 0.00919,
epoch: [18], step: [341/1581], batch loss: 0.14993, batch accuracy: 96.88, data load time: 0.00025, step time: 0.01109,
epoch: [18], step: [641/1581], batch loss: 0.32350, batch accuracy: 93.75, data load time: 0.00023, step time: 0.00841,
epoch: [18], step: [941/1581], batch loss: 0.23409, batch accuracy: 90.62, data load time: 0.00023, step time: 0.01628,
epoch: [18], step: [1241/1581], batch loss: 0.38393, batch accuracy: 87.50, data load time: 0.00023, step time: 0.01080,
epoch: [18], step: [1541/1581], batch loss: 0.31190, batch accuracy: 84.38, data load time: 0.00017, step time: 0.00980,
epoch: [19], step: [260/1581], batch loss: 0.32433, batch accuracy: 87.50, data load time: 0.00023, step time: 0.01325,
epoch: [19], step: [560/1581], batch loss: 0.39123, batch accuracy: 87.50, data load time: 0.00379, step time: 0.00913,
epoch: [19], step: [860/1581], batch loss: 0.59876, batch accuracy: 75.00, data load time: 0.00023, step time: 0.01030,
epoch: [19], step: [1160/1581], batch loss: 0.19338, batch accuracy: 93.75, data load time: 0.00022, step time: 0.01251,
epoch: [19], step: [1460/1581], batch loss: 0.44267, batch accuracy: 87.50, data load time: 0.00022, step time: 0.00905,
validation loss: 0.69692, accuracy: 77.69, class_accuracy: [67.79661016949153, 78.94736842105263, 77.77777777777777, 70.79646017699115, 82.20338983050847, 80.73394495412845, 97.14285714285714, 92.03539823008849, 56.12244897959184, 84.7457627118644], class_avg: 78.83020183943518
epoch: [20], step: [179/1581], batch loss: 0.15140, batch accuracy: 93.75, data load time: 0.00024, step time: 0.00925,
epoch: [20], step: [479/1581], batch loss: 0.30591, batch accuracy: 84.38, data load time: 0.00320, step time: 0.01086,
epoch: [20], step: [779/1581], batch loss: 0.18018, batch accuracy: 96.88, data load time: 0.00022, step time: 0.01108,
epoch: [20], step: [1079/1581], batch loss: 0.32209, batch accuracy: 84.38, data load time: 0.00024, step time: 0.00826,
epoch: [20], step: [1379/1581], batch loss: 0.36702, batch accuracy: 81.25, data load time: 0.00315, step time: 0.00859,
epoch: [21], step: [98/1581], batch loss: 0.28527, batch accuracy: 90.62, data load time: 0.00020, step time: 0.00777,
epoch: [21], step: [398/1581], batch loss: 0.74717, batch accuracy: 81.25, data load time: 0.00023, step time: 0.00823,
epoch: [21], step: [698/1581], batch loss: 0.43903, batch accuracy: 78.12, data load time: 0.00294, step time: 0.00941,
epoch: [21], step: [998/1581], batch loss: 0.22945, batch accuracy: 90.62, data load time: 0.00023, step time: 0.00839,
epoch: [21], step: [1298/1581], batch loss: 0.31880, batch accuracy: 87.50, data load time: 0.00023, step time: 0.01060,
epoch: [22], step: [17/1581], batch loss: 0.53957, batch accuracy: 78.12, data load time: 0.00023, step time: 0.00820,
epoch: [22], step: [317/1581], batch loss: 0.66590, batch accuracy: 78.12, data load time: 0.00022, step time: 0.00883,
epoch: [22], step: [617/1581], batch loss: 0.22069, batch accuracy: 93.75, data load time: 0.00025, step time: 0.01294,
epoch: [22], step: [917/1581], batch loss: 0.30280, batch accuracy: 87.50, data load time: 0.00024, step time: 0.01273,
epoch: [22], step: [1217/1581], batch loss: 0.30094, batch accuracy: 81.25, data load time: 0.00361, step time: 0.00922,
epoch: [22], step: [1517/1581], batch loss: 0.43606, batch accuracy: 81.25, data load time: 0.00024, step time: 0.00808,
epoch: [23], step: [236/1581], batch loss: 0.27956, batch accuracy: 90.62, data load time: 0.00024, step time: 0.01100,
epoch: [23], step: [536/1581], batch loss: 0.18531, batch accuracy: 100.00, data load time: 0.00319, step time: 0.00874,
epoch: [23], step: [836/1581], batch loss: 0.20950, batch accuracy: 90.62, data load time: 0.00022, step time: 0.01055,
epoch: [23], step: [1136/1581], batch loss: 0.35716, batch accuracy: 93.75, data load time: 0.00045, step time: 0.00814,
epoch: [23], step: [1436/1581], batch loss: 0.42570, batch accuracy: 84.38, data load time: 0.00024, step time: 0.01187,
epoch: [24], step: [155/1581], batch loss: 0.25879, batch accuracy: 90.62, data load time: 0.00032, step time: 0.00848,
epoch: [24], step: [455/1581], batch loss: 0.43328, batch accuracy: 87.50, data load time: 0.00020, step time: 0.00799,
epoch: [24], step: [755/1581], batch loss: 0.29998, batch accuracy: 84.38, data load time: 0.00332, step time: 0.01120,
epoch: [24], step: [1055/1581], batch loss: 0.24941, batch accuracy: 90.62, data load time: 0.00023, step time: 0.01470,
epoch: [24], step: [1355/1581], batch loss: 0.17169, batch accuracy: 87.50, data load time: 0.00385, step time: 0.01084,
validation loss: 0.70731, accuracy: 78.61, class_accuracy: [68.64406779661017, 86.84210526315789, 79.48717948717949, 70.79646017699115, 83.05084745762711, 78.89908256880734, 100.0, 92.03539823008849, 59.183673469387756, 84.7457627118644], class_avg: 80.36845771617138
epoch: [25], step: [74/1581], batch loss: 0.38786, batch accuracy: 84.38, data load time: 0.00023, step time: 0.00986,
epoch: [25], step: [374/1581], batch loss: 0.12128, batch accuracy: 96.88, data load time: 0.00144, step time: 0.01015,
epoch: [25], step: [674/1581], batch loss: 0.44707, batch accuracy: 81.25, data load time: 0.00022, step time: 0.01127,
epoch: [25], step: [974/1581], batch loss: 0.18594, batch accuracy: 90.62, data load time: 0.00021, step time: 0.00901,
epoch: [25], step: [1274/1581], batch loss: 0.25724, batch accuracy: 87.50, data load time: 0.00026, step time: 0.00848,
epoch: [25], step: [1574/1581], batch loss: 0.12555, batch accuracy: 93.75, data load time: 0.00012, step time: 0.00737,
epoch: [26], step: [293/1581], batch loss: 0.23394, batch accuracy: 96.88, data load time: 0.00023, step time: 0.01283,
epoch: [26], step: [593/1581], batch loss: 0.37590, batch accuracy: 87.50, data load time: 0.00354, step time: 0.00961,
epoch: [26], step: [893/1581], batch loss: 0.27688, batch accuracy: 90.62, data load time: 0.00023, step time: 0.01135,
epoch: [26], step: [1193/1581], batch loss: 0.16019, batch accuracy: 87.50, data load time: 0.00022, step time: 0.01034,
epoch: [26], step: [1493/1581], batch loss: 0.18558, batch accuracy: 90.62, data load time: 0.00022, step time: 0.00846,
epoch: [27], step: [212/1581], batch loss: 0.17143, batch accuracy: 93.75, data load time: 0.00020, step time: 0.00829,
epoch: [27], step: [512/1581], batch loss: 0.17735, batch accuracy: 93.75, data load time: 0.00299, step time: 0.00848,
epoch: [27], step: [812/1581], batch loss: 0.34472, batch accuracy: 96.88, data load time: 0.00181, step time: 0.01084,
epoch: [27], step: [1112/1581], batch loss: 0.21212, batch accuracy: 93.75, data load time: 0.00022, step time: 0.00858,
epoch: [27], step: [1412/1581], batch loss: 0.43452, batch accuracy: 90.62, data load time: 0.00314, step time: 0.00888,
epoch: [28], step: [131/1581], batch loss: 0.15653, batch accuracy: 93.75, data load time: 0.00306, step time: 0.00965,
epoch: [28], step: [431/1581], batch loss: 0.35259, batch accuracy: 90.62, data load time: 0.00023, step time: 0.01292,
epoch: [28], step: [731/1581], batch loss: 0.31734, batch accuracy: 90.62, data load time: 0.00023, step time: 0.01161,
epoch: [28], step: [1031/1581], batch loss: 0.24969, batch accuracy: 87.50, data load time: 0.00022, step time: 0.00823,
epoch: [28], step: [1331/1581], batch loss: 0.21283, batch accuracy: 87.50, data load time: 0.00022, step time: 0.01140,
epoch: [29], step: [50/1581], batch loss: 0.15600, batch accuracy: 93.75, data load time: 0.00022, step time: 0.00899,
epoch: [29], step: [350/1581], batch loss: 0.21927, batch accuracy: 93.75, data load time: 0.00024, step time: 0.01261,
epoch: [29], step: [650/1581], batch loss: 0.20747, batch accuracy: 90.62, data load time: 0.00021, step time: 0.00804,
epoch: [29], step: [950/1581], batch loss: 0.40755, batch accuracy: 81.25, data load time: 0.00320, step time: 0.00888,
epoch: [29], step: [1250/1581], batch loss: 0.11835, batch accuracy: 100.00, data load time: 0.00322, step time: 0.00948,
epoch: [29], step: [1550/1581], batch loss: 0.47130, batch accuracy: 90.62, data load time: 0.00012, step time: 0.00739,
validation loss: 0.71688, accuracy: 77.58, class_accuracy: [66.10169491525424, 84.21052631578948, 83.76068376068376, 67.2566371681416, 83.05084745762711, 74.31192660550458, 100.0, 96.46017699115045, 55.10204081632653, 82.20338983050847], class_avg: 79.24579238609863
epoch: [30], step: [269/1581], batch loss: 0.31838, batch accuracy: 84.38, data load time: 0.00023, step time: 0.00853,
epoch: [30], step: [569/1581], batch loss: 0.23944, batch accuracy: 93.75, data load time: 0.00431, step time: 0.00861,
epoch: [30], step: [869/1581], batch loss: 0.19272, batch accuracy: 96.88, data load time: 0.00022, step time: 0.00834,
epoch: [30], step: [1169/1581], batch loss: 0.20834, batch accuracy: 90.62, data load time: 0.00034, step time: 0.00823,
epoch: [30], step: [1469/1581], batch loss: 0.13215, batch accuracy: 90.62, data load time: 0.00022, step time: 0.00861,
epoch: [31], step: [188/1581], batch loss: 0.18340, batch accuracy: 90.62, data load time: 0.00022, step time: 0.00812,
epoch: [31], step: [488/1581], batch loss: 0.23026, batch accuracy: 96.88, data load time: 0.00022, step time: 0.00807,
epoch: [31], step: [788/1581], batch loss: 0.39545, batch accuracy: 87.50, data load time: 0.00026, step time: 0.00830,
epoch: [31], step: [1088/1581], batch loss: 0.06661, batch accuracy: 100.00, data load time: 0.00022, step time: 0.00843,
epoch: [31], step: [1388/1581], batch loss: 0.20469, batch accuracy: 93.75, data load time: 0.00023, step time: 0.01946,
epoch: [32], step: [107/1581], batch loss: 0.15866, batch accuracy: 96.88, data load time: 0.00022, step time: 0.01100,
epoch: [32], step: [407/1581], batch loss: 0.18677, batch accuracy: 90.62, data load time: 0.00022, step time: 0.00840,
epoch: [32], step: [707/1581], batch loss: 0.15111, batch accuracy: 93.75, data load time: 0.00024, step time: 0.00818,
epoch: [32], step: [1007/1581], batch loss: 0.13439, batch accuracy: 96.88, data load time: 0.00024, step time: 0.01232,
epoch: [32], step: [1307/1581], batch loss: 0.26637, batch accuracy: 87.50, data load time: 0.00023, step time: 0.00811,
epoch: [33], step: [26/1581], batch loss: 0.33516, batch accuracy: 87.50, data load time: 0.00024, step time: 0.00843,
epoch: [33], step: [326/1581], batch loss: 0.40002, batch accuracy: 90.62, data load time: 0.00023, step time: 0.00815,
epoch: [33], step: [626/1581], batch loss: 0.23985, batch accuracy: 90.62, data load time: 0.00307, step time: 0.00926,
epoch: [33], step: [926/1581], batch loss: 0.37535, batch accuracy: 84.38, data load time: 0.00025, step time: 0.00827,
epoch: [33], step: [1226/1581], batch loss: 0.17531, batch accuracy: 93.75, data load time: 0.00024, step time: 0.00879,
epoch: [33], step: [1526/1581], batch loss: 0.28363, batch accuracy: 90.62, data load time: 0.00017, step time: 0.01104,
epoch: [34], step: [245/1581], batch loss: 0.22039, batch accuracy: 90.62, data load time: 0.00022, step time: 0.01039,
epoch: [34], step: [545/1581], batch loss: 0.10390, batch accuracy: 96.88, data load time: 0.00021, step time: 0.01028,
epoch: [34], step: [845/1581], batch loss: 0.20958, batch accuracy: 84.38, data load time: 0.00021, step time: 0.00968,
epoch: [34], step: [1145/1581], batch loss: 0.27699, batch accuracy: 90.62, data load time: 0.00284, step time: 0.00853,
epoch: [34], step: [1445/1581], batch loss: 0.15922, batch accuracy: 96.88, data load time: 0.00022, step time: 0.00810,
validation loss: 0.73033, accuracy: 76.56, class_accuracy: [65.2542372881356, 86.84210526315789, 77.77777777777777, 72.56637168141593, 83.05084745762711, 61.46788990825688, 100.0, 95.57522123893806, 57.142857142857146, 85.59322033898304], class_avg: 78.52705280971495
epoch: [35], step: [164/1581], batch loss: 0.27581, batch accuracy: 93.75, data load time: 0.00024, step time: 0.01309,
epoch: [35], step: [464/1581], batch loss: 0.24232, batch accuracy: 93.75, data load time: 0.00021, step time: 0.00810,
epoch: [35], step: [764/1581], batch loss: 0.20028, batch accuracy: 96.88, data load time: 0.00305, step time: 0.00946,
epoch: [35], step: [1064/1581], batch loss: 0.24560, batch accuracy: 90.62, data load time: 0.00075, step time: 0.01385,
epoch: [35], step: [1364/1581], batch loss: 0.40456, batch accuracy: 84.38, data load time: 0.00609, step time: 0.00935,
epoch: [36], step: [83/1581], batch loss: 0.18090, batch accuracy: 96.88, data load time: 0.00023, step time: 0.01409,
epoch: [36], step: [383/1581], batch loss: 0.22475, batch accuracy: 90.62, data load time: 0.00032, step time: 0.00825,
epoch: [36], step: [683/1581], batch loss: 0.28719, batch accuracy: 90.62, data load time: 0.00388, step time: 0.00884,
epoch: [36], step: [983/1581], batch loss: 0.09358, batch accuracy: 93.75, data load time: 0.00023, step time: 0.01157,
epoch: [36], step: [1283/1581], batch loss: 0.12164, batch accuracy: 96.88, data load time: 0.00023, step time: 0.01021,
epoch: [37], step: [2/1581], batch loss: 0.22251, batch accuracy: 90.62, data load time: 0.00091, step time: 0.01150,
epoch: [37], step: [302/1581], batch loss: 0.17662, batch accuracy: 90.62, data load time: 0.00022, step time: 0.01116,
epoch: [37], step: [602/1581], batch loss: 0.20977, batch accuracy: 93.75, data load time: 0.00304, step time: 0.00951,
epoch: [37], step: [902/1581], batch loss: 0.15003, batch accuracy: 96.88, data load time: 0.00022, step time: 0.00812,
epoch: [37], step: [1202/1581], batch loss: 0.13642, batch accuracy: 100.00, data load time: 0.00021, step time: 0.00860,
epoch: [37], step: [1502/1581], batch loss: 0.28855, batch accuracy: 84.38, data load time: 0.00346, step time: 0.00942,
epoch: [38], step: [221/1581], batch loss: 0.26944, batch accuracy: 96.88, data load time: 0.00022, step time: 0.00805,
epoch: [38], step: [521/1581], batch loss: 0.17393, batch accuracy: 93.75, data load time: 0.00314, step time: 0.01003,
epoch: [38], step: [821/1581], batch loss: 0.10000, batch accuracy: 96.88, data load time: 0.00024, step time: 0.01057,
epoch: [38], step: [1121/1581], batch loss: 0.10795, batch accuracy: 100.00, data load time: 0.00023, step time: 0.01017,
epoch: [38], step: [1421/1581], batch loss: 0.29598, batch accuracy: 90.62, data load time: 0.00024, step time: 0.00904,
epoch: [39], step: [140/1581], batch loss: 0.21056, batch accuracy: 93.75, data load time: 0.00022, step time: 0.01053,
epoch: [39], step: [440/1581], batch loss: 0.11083, batch accuracy: 100.00, data load time: 0.00024, step time: 0.01055,
epoch: [39], step: [740/1581], batch loss: 0.20035, batch accuracy: 93.75, data load time: 0.00023, step time: 0.00819,
epoch: [39], step: [1040/1581], batch loss: 0.13446, batch accuracy: 96.88, data load time: 0.00022, step time: 0.00842,
epoch: [39], step: [1340/1581], batch loss: 0.40812, batch accuracy: 90.62, data load time: 0.00323, step time: 0.00891,
validation loss: 0.68516, accuracy: 77.48, class_accuracy: [55.08474576271186, 84.21052631578948, 78.63247863247864, 76.10619469026548, 82.20338983050847, 78.89908256880734, 100.0, 95.57522123893806, 58.16326530612245, 83.89830508474576], class_avg: 79.27732094303676
epoch: [40], step: [59/1581], batch loss: 0.20067, batch accuracy: 93.75, data load time: 0.00197, step time: 0.01059,
epoch: [40], step: [359/1581], batch loss: 0.14713, batch accuracy: 96.88, data load time: 0.00021, step time: 0.01126,
epoch: [40], step: [659/1581], batch loss: 0.11762, batch accuracy: 100.00, data load time: 0.00021, step time: 0.01265,
epoch: [40], step: [959/1581], batch loss: 0.17395, batch accuracy: 96.88, data load time: 0.00286, step time: 0.00859,
epoch: [40], step: [1259/1581], batch loss: 0.17097, batch accuracy: 93.75, data load time: 0.00028, step time: 0.00823,
epoch: [40], step: [1559/1581], batch loss: 0.29369, batch accuracy: 93.75, data load time: 0.00012, step time: 0.00738,
epoch: [41], step: [278/1581], batch loss: 0.08269, batch accuracy: 96.88, data load time: 0.00023, step time: 0.01255,
epoch: [41], step: [578/1581], batch loss: 0.26980, batch accuracy: 90.62, data load time: 0.00022, step time: 0.01205,
epoch: [41], step: [878/1581], batch loss: 0.13841, batch accuracy: 96.88, data load time: 0.00025, step time: 0.00839,
epoch: [41], step: [1178/1581], batch loss: 0.18613, batch accuracy: 87.50, data load time: 0.00020, step time: 0.00806,
epoch: [41], step: [1478/1581], batch loss: 0.10262, batch accuracy: 100.00, data load time: 0.00034, step time: 0.00828,
epoch: [42], step: [197/1581], batch loss: 0.21426, batch accuracy: 87.50, data load time: 0.00022, step time: 0.00819,
epoch: [42], step: [497/1581], batch loss: 0.14745, batch accuracy: 93.75, data load time: 0.00022, step time: 0.00993,
epoch: [42], step: [797/1581], batch loss: 0.17221, batch accuracy: 93.75, data load time: 0.00022, step time: 0.00865,
epoch: [42], step: [1097/1581], batch loss: 0.11738, batch accuracy: 96.88, data load time: 0.00024, step time: 0.01109,
epoch: [42], step: [1397/1581], batch loss: 0.42264, batch accuracy: 87.50, data load time: 0.00023, step time: 0.01101,
epoch: [43], step: [116/1581], batch loss: 0.33104, batch accuracy: 84.38, data load time: 0.00020, step time: 0.00809,
epoch: [43], step: [416/1581], batch loss: 0.09307, batch accuracy: 96.88, data load time: 0.00325, step time: 0.00954,
epoch: [43], step: [716/1581], batch loss: 0.13147, batch accuracy: 96.88, data load time: 0.00384, step time: 0.00887,
epoch: [43], step: [1016/1581], batch loss: 0.21195, batch accuracy: 87.50, data load time: 0.00023, step time: 0.00823,
epoch: [43], step: [1316/1581], batch loss: 0.15026, batch accuracy: 96.88, data load time: 0.00037, step time: 0.00826,
epoch: [44], step: [35/1581], batch loss: 0.33384, batch accuracy: 90.62, data load time: 0.00376, step time: 0.00924,
epoch: [44], step: [335/1581], batch loss: 0.16251, batch accuracy: 93.75, data load time: 0.00021, step time: 0.00830,
epoch: [44], step: [635/1581], batch loss: 0.05711, batch accuracy: 100.00, data load time: 0.00022, step time: 0.00810,
epoch: [44], step: [935/1581], batch loss: 0.15195, batch accuracy: 93.75, data load time: 0.00021, step time: 0.01260,
epoch: [44], step: [1235/1581], batch loss: 0.17379, batch accuracy: 87.50, data load time: 0.00022, step time: 0.00807,
epoch: [44], step: [1535/1581], batch loss: 0.15472, batch accuracy: 93.75, data load time: 0.00018, step time: 0.00825,
validation loss: 0.71074, accuracy: 77.07, class_accuracy: [59.32203389830509, 86.84210526315789, 86.32478632478633, 72.56637168141593, 79.66101694915254, 73.39449541284404, 97.14285714285714, 95.57522123893806, 57.142857142857146, 80.50847457627118], class_avg: 78.84802196305853
epoch: [45], step: [254/1581], batch loss: 0.22697, batch accuracy: 93.75, data load time: 0.00022, step time: 0.01090,
epoch: [45], step: [554/1581], batch loss: 0.09713, batch accuracy: 96.88, data load time: 0.00418, step time: 0.01282,
epoch: [45], step: [854/1581], batch loss: 0.10117, batch accuracy: 96.88, data load time: 0.00020, step time: 0.01436,
epoch: [45], step: [1154/1581], batch loss: 0.17625, batch accuracy: 90.62, data load time: 0.00021, step time: 0.00803,
epoch: [45], step: [1454/1581], batch loss: 0.19550, batch accuracy: 93.75, data load time: 0.00032, step time: 0.00871,
epoch: [46], step: [173/1581], batch loss: 0.27281, batch accuracy: 84.38, data load time: 0.00044, step time: 0.00816,
epoch: [46], step: [473/1581], batch loss: 0.19847, batch accuracy: 93.75, data load time: 0.00192, step time: 0.00816,
epoch: [46], step: [773/1581], batch loss: 0.08640, batch accuracy: 96.88, data load time: 0.00025, step time: 0.01063,
epoch: [46], step: [1073/1581], batch loss: 0.28724, batch accuracy: 87.50, data load time: 0.00022, step time: 0.01040,
epoch: [46], step: [1373/1581], batch loss: 0.26523, batch accuracy: 90.62, data load time: 0.00022, step time: 0.01107,
epoch: [47], step: [92/1581], batch loss: 0.18967, batch accuracy: 93.75, data load time: 0.00382, step time: 0.00885,
epoch: [47], step: [392/1581], batch loss: 0.21484, batch accuracy: 90.62, data load time: 0.00021, step time: 0.00805,
epoch: [47], step: [692/1581], batch loss: 0.06416, batch accuracy: 100.00, data load time: 0.00021, step time: 0.00824,
epoch: [47], step: [992/1581], batch loss: 0.13773, batch accuracy: 100.00, data load time: 0.00144, step time: 0.01094,
epoch: [47], step: [1292/1581], batch loss: 0.46959, batch accuracy: 87.50, data load time: 0.00300, step time: 0.00984,
epoch: [48], step: [11/1581], batch loss: 0.11655, batch accuracy: 96.88, data load time: 0.00329, step time: 0.01025,
epoch: [48], step: [311/1581], batch loss: 0.14900, batch accuracy: 96.88, data load time: 0.00021, step time: 0.01296,
epoch: [48], step: [611/1581], batch loss: 0.17504, batch accuracy: 93.75, data load time: 0.00024, step time: 0.01121,
epoch: [48], step: [911/1581], batch loss: 0.13908, batch accuracy: 96.88, data load time: 0.00393, step time: 0.00876,
epoch: [48], step: [1211/1581], batch loss: 0.06993, batch accuracy: 100.00, data load time: 0.00023, step time: 0.00872,
epoch: [48], step: [1511/1581], batch loss: 0.39028, batch accuracy: 87.50, data load time: 0.00030, step time: 0.01020,
epoch: [49], step: [230/1581], batch loss: 0.06293, batch accuracy: 96.88, data load time: 0.00394, step time: 0.00907,
epoch: [49], step: [530/1581], batch loss: 0.18320, batch accuracy: 90.62, data load time: 0.00346, step time: 0.00957,
epoch: [49], step: [830/1581], batch loss: 0.17412, batch accuracy: 93.75, data load time: 0.00022, step time: 0.01058,
epoch: [49], step: [1130/1581], batch loss: 0.05908, batch accuracy: 96.88, data load time: 0.00025, step time: 0.00813,
epoch: [49], step: [1430/1581], batch loss: 0.20656, batch accuracy: 96.88, data load time: 0.00032, step time: 0.01280,
validation loss: 0.75978, accuracy: 77.28, class_accuracy: [52.54237288135593, 84.21052631578948, 80.34188034188034, 76.10619469026548, 76.27118644067797, 78.89908256880734, 97.14285714285714, 97.34513274336283, 58.16326530612245, 88.13559322033899], class_avg: 78.91580916514579
Total time taken: 976.7797956466675
