Using CUDA...
tensor([1.0006, 3.4515, 1.0082, 1.2300, 1.1086, 1.0027, 5.6646, 1.0702, 1.0825,
        1.0000], device='cuda:0')
Writing logs to logs/CNN_bn_epochs=50_dropout=0.5_bs=32_lr=0.001_momentum=0.9_mode=MLMC_run_9
epoch: [0], step: [299/1581], batch loss: 1.79983, batch accuracy: 40.62, data load time: 0.00026, step time: 0.01165,
epoch: [0], step: [599/1581], batch loss: 1.52391, batch accuracy: 40.62, data load time: 0.00027, step time: 0.01164,
epoch: [0], step: [899/1581], batch loss: 1.66491, batch accuracy: 46.88, data load time: 0.00026, step time: 0.01226,
epoch: [0], step: [1199/1581], batch loss: 1.37767, batch accuracy: 56.25, data load time: 0.00025, step time: 0.01999,
epoch: [0], step: [1499/1581], batch loss: 1.02206, batch accuracy: 62.50, data load time: 0.00026, step time: 0.02024,
epoch: [1], step: [218/1581], batch loss: 1.19033, batch accuracy: 56.25, data load time: 0.00027, step time: 0.01166,
epoch: [1], step: [518/1581], batch loss: 0.89761, batch accuracy: 62.50, data load time: 0.00027, step time: 0.01671,
epoch: [1], step: [818/1581], batch loss: 1.09305, batch accuracy: 53.12, data load time: 0.00025, step time: 0.01644,
epoch: [1], step: [1118/1581], batch loss: 1.49560, batch accuracy: 53.12, data load time: 0.00029, step time: 0.01891,
epoch: [1], step: [1418/1581], batch loss: 0.96471, batch accuracy: 65.62, data load time: 0.00026, step time: 0.01220,
epoch: [2], step: [137/1581], batch loss: 1.04848, batch accuracy: 62.50, data load time: 0.00024, step time: 0.01162,
epoch: [2], step: [437/1581], batch loss: 0.74835, batch accuracy: 68.75, data load time: 0.00026, step time: 0.01232,
epoch: [2], step: [737/1581], batch loss: 0.70530, batch accuracy: 65.62, data load time: 0.00025, step time: 0.01164,
epoch: [2], step: [1037/1581], batch loss: 0.77100, batch accuracy: 75.00, data load time: 0.00026, step time: 0.01410,
epoch: [2], step: [1337/1581], batch loss: 0.67865, batch accuracy: 71.88, data load time: 0.00028, step time: 0.01366,
epoch: [3], step: [56/1581], batch loss: 1.16252, batch accuracy: 50.00, data load time: 0.00023, step time: 0.01918,
epoch: [3], step: [356/1581], batch loss: 0.75456, batch accuracy: 68.75, data load time: 0.00030, step time: 0.01315,
epoch: [3], step: [656/1581], batch loss: 0.54340, batch accuracy: 75.00, data load time: 0.00030, step time: 0.01230,
epoch: [3], step: [956/1581], batch loss: 0.86869, batch accuracy: 78.12, data load time: 0.00026, step time: 0.01753,
epoch: [3], step: [1256/1581], batch loss: 0.60592, batch accuracy: 71.88, data load time: 0.00025, step time: 0.01161,
epoch: [3], step: [1556/1581], batch loss: 0.56769, batch accuracy: 81.25, data load time: 0.00014, step time: 0.01154,
epoch: [4], step: [275/1581], batch loss: 0.84509, batch accuracy: 71.88, data load time: 0.00025, step time: 0.01208,
epoch: [4], step: [575/1581], batch loss: 0.61656, batch accuracy: 81.25, data load time: 0.00026, step time: 0.01215,
epoch: [4], step: [875/1581], batch loss: 0.38627, batch accuracy: 87.50, data load time: 0.00024, step time: 0.01161,
epoch: [4], step: [1175/1581], batch loss: 0.34424, batch accuracy: 90.62, data load time: 0.00753, step time: 0.01163,
epoch: [4], step: [1475/1581], batch loss: 0.69999, batch accuracy: 75.00, data load time: 0.00029, step time: 0.01807,
validation loss: 1.94328, accuracy: 45.24, class_accuracy: [59.32203389830509, 50.0, 5.982905982905983, 47.78761061946903, 86.44067796610169, 22.01834862385321, 94.28571428571429, 73.45132743362832, 33.673469387755105, 14.40677966101695]
epoch: [5], step: [194/1581], batch loss: 0.54245, batch accuracy: 75.00, data load time: 0.00027, step time: 0.01164,
epoch: [5], step: [494/1581], batch loss: 0.53203, batch accuracy: 81.25, data load time: 0.00027, step time: 0.01189,
epoch: [5], step: [794/1581], batch loss: 0.58480, batch accuracy: 81.25, data load time: 0.00420, step time: 0.01334,
epoch: [5], step: [1094/1581], batch loss: 0.42181, batch accuracy: 87.50, data load time: 0.00030, step time: 0.01384,
epoch: [5], step: [1394/1581], batch loss: 0.39285, batch accuracy: 78.12, data load time: 0.00026, step time: 0.01366,
epoch: [6], step: [113/1581], batch loss: 0.56363, batch accuracy: 78.12, data load time: 0.00027, step time: 0.01237,
epoch: [6], step: [413/1581], batch loss: 0.41483, batch accuracy: 90.62, data load time: 0.00027, step time: 0.01221,
epoch: [6], step: [713/1581], batch loss: 0.67404, batch accuracy: 68.75, data load time: 0.00024, step time: 0.01172,
epoch: [6], step: [1013/1581], batch loss: 0.36899, batch accuracy: 87.50, data load time: 0.00026, step time: 0.01264,
epoch: [6], step: [1313/1581], batch loss: 0.42588, batch accuracy: 78.12, data load time: 0.00025, step time: 0.01163,
epoch: [7], step: [32/1581], batch loss: 0.48176, batch accuracy: 78.12, data load time: 0.00022, step time: 0.01923,
epoch: [7], step: [332/1581], batch loss: 0.50723, batch accuracy: 75.00, data load time: 0.00026, step time: 0.01166,
epoch: [7], step: [632/1581], batch loss: 0.42124, batch accuracy: 90.62, data load time: 0.00025, step time: 0.02084,
epoch: [7], step: [932/1581], batch loss: 0.35379, batch accuracy: 75.00, data load time: 0.00025, step time: 0.01298,
epoch: [7], step: [1232/1581], batch loss: 0.51412, batch accuracy: 75.00, data load time: 0.00026, step time: 0.01164,
epoch: [7], step: [1532/1581], batch loss: 0.39607, batch accuracy: 81.25, data load time: 0.00022, step time: 0.01162,
epoch: [8], step: [251/1581], batch loss: 0.63188, batch accuracy: 68.75, data load time: 0.00029, step time: 0.01421,
epoch: [8], step: [551/1581], batch loss: 0.48263, batch accuracy: 78.12, data load time: 0.00026, step time: 0.02088,
epoch: [8], step: [851/1581], batch loss: 0.36910, batch accuracy: 84.38, data load time: 0.00027, step time: 0.01167,
epoch: [8], step: [1151/1581], batch loss: 0.35485, batch accuracy: 87.50, data load time: 0.00026, step time: 0.01161,
epoch: [8], step: [1451/1581], batch loss: 0.24771, batch accuracy: 93.75, data load time: 0.00026, step time: 0.01164,
epoch: [9], step: [170/1581], batch loss: 0.29115, batch accuracy: 87.50, data load time: 0.00025, step time: 0.01216,
epoch: [9], step: [470/1581], batch loss: 0.34611, batch accuracy: 84.38, data load time: 0.00028, step time: 0.01898,
epoch: [9], step: [770/1581], batch loss: 0.25061, batch accuracy: 96.88, data load time: 0.00025, step time: 0.01203,
epoch: [9], step: [1070/1581], batch loss: 0.27845, batch accuracy: 87.50, data load time: 0.00029, step time: 0.01173,
epoch: [9], step: [1370/1581], batch loss: 0.57922, batch accuracy: 71.88, data load time: 0.00026, step time: 0.01336,
validation loss: 1.78858, accuracy: 47.49, class_accuracy: [43.220338983050844, 60.526315789473685, 26.495726495726494, 48.67256637168141, 87.28813559322033, 22.93577981651376, 100.0, 71.68141592920354, 31.632653061224488, 24.576271186440678]
epoch: [10], step: [89/1581], batch loss: 0.41258, batch accuracy: 84.38, data load time: 0.00025, step time: 0.01213,
epoch: [10], step: [389/1581], batch loss: 0.31338, batch accuracy: 93.75, data load time: 0.00029, step time: 0.01162,
epoch: [10], step: [689/1581], batch loss: 0.24309, batch accuracy: 93.75, data load time: 0.00025, step time: 0.01584,
epoch: [10], step: [989/1581], batch loss: 0.21956, batch accuracy: 96.88, data load time: 0.00025, step time: 0.01194,
epoch: [10], step: [1289/1581], batch loss: 0.53479, batch accuracy: 78.12, data load time: 0.00025, step time: 0.01238,
epoch: [11], step: [8/1581], batch loss: 0.22603, batch accuracy: 90.62, data load time: 0.00390, step time: 0.01160,
epoch: [11], step: [308/1581], batch loss: 0.42444, batch accuracy: 81.25, data load time: 0.00024, step time: 0.01164,
epoch: [11], step: [608/1581], batch loss: 0.50869, batch accuracy: 75.00, data load time: 0.00024, step time: 0.01164,
epoch: [11], step: [908/1581], batch loss: 0.27785, batch accuracy: 87.50, data load time: 0.00024, step time: 0.01160,
epoch: [11], step: [1208/1581], batch loss: 0.33729, batch accuracy: 87.50, data load time: 0.00024, step time: 0.01160,
epoch: [11], step: [1508/1581], batch loss: 0.32670, batch accuracy: 90.62, data load time: 0.00385, step time: 0.01165,
epoch: [12], step: [227/1581], batch loss: 0.23907, batch accuracy: 93.75, data load time: 0.00025, step time: 0.01780,
epoch: [12], step: [527/1581], batch loss: 0.23428, batch accuracy: 84.38, data load time: 0.00483, step time: 0.01237,
epoch: [12], step: [827/1581], batch loss: 0.17629, batch accuracy: 90.62, data load time: 0.00026, step time: 0.01798,
epoch: [12], step: [1127/1581], batch loss: 0.31834, batch accuracy: 90.62, data load time: 0.00025, step time: 0.01373,
epoch: [12], step: [1427/1581], batch loss: 0.26343, batch accuracy: 93.75, data load time: 0.00026, step time: 0.01175,
epoch: [13], step: [146/1581], batch loss: 0.44189, batch accuracy: 81.25, data load time: 0.00025, step time: 0.01582,
epoch: [13], step: [446/1581], batch loss: 0.25851, batch accuracy: 93.75, data load time: 0.00026, step time: 0.01277,
epoch: [13], step: [746/1581], batch loss: 0.15829, batch accuracy: 93.75, data load time: 0.00025, step time: 0.02529,
epoch: [13], step: [1046/1581], batch loss: 0.16228, batch accuracy: 96.88, data load time: 0.00028, step time: 0.01968,
epoch: [13], step: [1346/1581], batch loss: 0.52392, batch accuracy: 81.25, data load time: 0.00025, step time: 0.01206,
epoch: [14], step: [65/1581], batch loss: 0.24792, batch accuracy: 90.62, data load time: 0.00026, step time: 0.01264,
epoch: [14], step: [365/1581], batch loss: 0.12356, batch accuracy: 96.88, data load time: 0.00025, step time: 0.01943,
epoch: [14], step: [665/1581], batch loss: 0.20364, batch accuracy: 90.62, data load time: 0.00025, step time: 0.01369,
epoch: [14], step: [965/1581], batch loss: 0.13337, batch accuracy: 93.75, data load time: 0.00025, step time: 0.01365,
epoch: [14], step: [1265/1581], batch loss: 0.37348, batch accuracy: 87.50, data load time: 0.00026, step time: 0.01163,
epoch: [14], step: [1565/1581], batch loss: 0.23700, batch accuracy: 90.62, data load time: 0.00013, step time: 0.01153,
validation loss: 1.58637, accuracy: 52.20, class_accuracy: [35.59322033898305, 65.78947368421052, 49.572649572649574, 60.176991150442475, 94.91525423728814, 24.770642201834864, 100.0, 68.14159292035399, 32.6530612244898, 28.8135593220339]
epoch: [15], step: [284/1581], batch loss: 0.42679, batch accuracy: 90.62, data load time: 0.00025, step time: 0.01609,
epoch: [15], step: [584/1581], batch loss: 0.30358, batch accuracy: 96.88, data load time: 0.00026, step time: 0.01161,
epoch: [15], step: [884/1581], batch loss: 0.11779, batch accuracy: 93.75, data load time: 0.00026, step time: 0.02113,
epoch: [15], step: [1184/1581], batch loss: 0.10147, batch accuracy: 96.88, data load time: 0.00408, step time: 0.01292,
epoch: [15], step: [1484/1581], batch loss: 0.14574, batch accuracy: 96.88, data load time: 0.00026, step time: 0.01207,
epoch: [16], step: [203/1581], batch loss: 0.23210, batch accuracy: 90.62, data load time: 0.00495, step time: 0.01216,
epoch: [16], step: [503/1581], batch loss: 0.20777, batch accuracy: 90.62, data load time: 0.00026, step time: 0.01165,
epoch: [16], step: [803/1581], batch loss: 0.14814, batch accuracy: 96.88, data load time: 0.00025, step time: 0.01161,
epoch: [16], step: [1103/1581], batch loss: 0.12436, batch accuracy: 93.75, data load time: 0.00028, step time: 0.01991,
epoch: [16], step: [1403/1581], batch loss: 0.14606, batch accuracy: 100.00, data load time: 0.00027, step time: 0.01163,
epoch: [17], step: [122/1581], batch loss: 0.22541, batch accuracy: 93.75, data load time: 0.00024, step time: 0.01200,
epoch: [17], step: [422/1581], batch loss: 0.29053, batch accuracy: 90.62, data load time: 0.00025, step time: 0.01160,
epoch: [17], step: [722/1581], batch loss: 0.20012, batch accuracy: 93.75, data load time: 0.00030, step time: 0.01298,
epoch: [17], step: [1022/1581], batch loss: 0.34917, batch accuracy: 87.50, data load time: 0.00025, step time: 0.01908,
epoch: [17], step: [1322/1581], batch loss: 0.03970, batch accuracy: 100.00, data load time: 0.00590, step time: 0.01196,
epoch: [18], step: [41/1581], batch loss: 0.21764, batch accuracy: 90.62, data load time: 0.00023, step time: 0.01164,
epoch: [18], step: [341/1581], batch loss: 0.14056, batch accuracy: 90.62, data load time: 0.00026, step time: 0.01404,
epoch: [18], step: [641/1581], batch loss: 0.14042, batch accuracy: 93.75, data load time: 0.00026, step time: 0.01659,
epoch: [18], step: [941/1581], batch loss: 0.06056, batch accuracy: 100.00, data load time: 0.00026, step time: 0.01794,
epoch: [18], step: [1241/1581], batch loss: 0.25242, batch accuracy: 90.62, data load time: 0.00026, step time: 0.01390,
epoch: [18], step: [1541/1581], batch loss: 0.16214, batch accuracy: 90.62, data load time: 0.00015, step time: 0.01156,
epoch: [19], step: [260/1581], batch loss: 0.09130, batch accuracy: 96.88, data load time: 0.00026, step time: 0.01226,
epoch: [19], step: [560/1581], batch loss: 0.05048, batch accuracy: 100.00, data load time: 0.00026, step time: 0.01771,
epoch: [19], step: [860/1581], batch loss: 0.10543, batch accuracy: 96.88, data load time: 0.00028, step time: 0.01265,
epoch: [19], step: [1160/1581], batch loss: 0.09704, batch accuracy: 96.88, data load time: 0.00027, step time: 0.01959,
epoch: [19], step: [1460/1581], batch loss: 0.14322, batch accuracy: 96.88, data load time: 0.00026, step time: 0.01808,
validation loss: 1.54803, accuracy: 52.92, class_accuracy: [38.13559322033898, 63.1578947368421, 53.84615384615385, 58.4070796460177, 88.98305084745763, 19.26605504587156, 100.0, 66.3716814159292, 41.83673469387755, 35.59322033898305]
epoch: [20], step: [179/1581], batch loss: 0.17345, batch accuracy: 96.88, data load time: 0.00489, step time: 0.01166,
epoch: [20], step: [479/1581], batch loss: 0.09805, batch accuracy: 96.88, data load time: 0.00027, step time: 0.01166,
epoch: [20], step: [779/1581], batch loss: 0.10045, batch accuracy: 93.75, data load time: 0.00031, step time: 0.01168,
epoch: [20], step: [1079/1581], batch loss: 0.30976, batch accuracy: 84.38, data load time: 0.00024, step time: 0.01160,
epoch: [20], step: [1379/1581], batch loss: 0.06943, batch accuracy: 96.88, data load time: 0.00028, step time: 0.01166,
epoch: [21], step: [98/1581], batch loss: 0.06427, batch accuracy: 100.00, data load time: 0.00026, step time: 0.01206,
epoch: [21], step: [398/1581], batch loss: 0.21893, batch accuracy: 90.62, data load time: 0.00024, step time: 0.01164,
epoch: [21], step: [698/1581], batch loss: 0.10236, batch accuracy: 96.88, data load time: 0.00027, step time: 0.01164,
epoch: [21], step: [998/1581], batch loss: 0.25425, batch accuracy: 87.50, data load time: 0.00025, step time: 0.01161,
epoch: [21], step: [1298/1581], batch loss: 0.09380, batch accuracy: 96.88, data load time: 0.00027, step time: 0.01163,
epoch: [22], step: [17/1581], batch loss: 0.09052, batch accuracy: 100.00, data load time: 0.00024, step time: 0.01161,
epoch: [22], step: [317/1581], batch loss: 0.22413, batch accuracy: 93.75, data load time: 0.00040, step time: 0.01163,
epoch: [22], step: [617/1581], batch loss: 0.23450, batch accuracy: 93.75, data load time: 0.00031, step time: 0.01162,
epoch: [22], step: [917/1581], batch loss: 0.24126, batch accuracy: 93.75, data load time: 0.00466, step time: 0.01172,
epoch: [22], step: [1217/1581], batch loss: 0.18656, batch accuracy: 96.88, data load time: 0.00024, step time: 0.01193,
epoch: [22], step: [1517/1581], batch loss: 0.06595, batch accuracy: 96.88, data load time: 0.00026, step time: 0.01793,
epoch: [23], step: [236/1581], batch loss: 0.08259, batch accuracy: 96.88, data load time: 0.00024, step time: 0.01164,
epoch: [23], step: [536/1581], batch loss: 0.09788, batch accuracy: 96.88, data load time: 0.00667, step time: 0.01165,
epoch: [23], step: [836/1581], batch loss: 0.05588, batch accuracy: 100.00, data load time: 0.00027, step time: 0.01200,
epoch: [23], step: [1136/1581], batch loss: 0.21446, batch accuracy: 93.75, data load time: 0.00025, step time: 0.01363,
epoch: [23], step: [1436/1581], batch loss: 0.14458, batch accuracy: 100.00, data load time: 0.00026, step time: 0.01217,
epoch: [24], step: [155/1581], batch loss: 0.13694, batch accuracy: 93.75, data load time: 0.00024, step time: 0.01688,
epoch: [24], step: [455/1581], batch loss: 0.06145, batch accuracy: 100.00, data load time: 0.00396, step time: 0.01242,
epoch: [24], step: [755/1581], batch loss: 0.03077, batch accuracy: 100.00, data load time: 0.00033, step time: 0.02023,
epoch: [24], step: [1055/1581], batch loss: 0.06206, batch accuracy: 100.00, data load time: 0.00027, step time: 0.01239,
epoch: [24], step: [1355/1581], batch loss: 0.36375, batch accuracy: 90.62, data load time: 0.00026, step time: 0.01162,
validation loss: 1.19194, accuracy: 59.47, class_accuracy: [41.52542372881356, 65.78947368421052, 58.97435897435897, 66.3716814159292, 85.59322033898304, 35.77981651376147, 100.0, 75.22123893805309, 43.87755102040816, 50.847457627118644]
epoch: [25], step: [74/1581], batch loss: 0.13993, batch accuracy: 96.88, data load time: 0.00415, step time: 0.01361,
epoch: [25], step: [374/1581], batch loss: 0.06525, batch accuracy: 96.88, data load time: 0.00063, step time: 0.01450,
epoch: [25], step: [674/1581], batch loss: 0.10591, batch accuracy: 96.88, data load time: 0.00377, step time: 0.01165,
epoch: [25], step: [974/1581], batch loss: 0.19662, batch accuracy: 96.88, data load time: 0.00026, step time: 0.01241,
epoch: [25], step: [1274/1581], batch loss: 0.13051, batch accuracy: 96.88, data load time: 0.00023, step time: 0.01163,
epoch: [25], step: [1574/1581], batch loss: 0.03315, batch accuracy: 96.88, data load time: 0.00013, step time: 0.01152,
epoch: [26], step: [293/1581], batch loss: 0.07343, batch accuracy: 96.88, data load time: 0.00025, step time: 0.01262,
epoch: [26], step: [593/1581], batch loss: 0.15421, batch accuracy: 93.75, data load time: 0.00026, step time: 0.01164,
epoch: [26], step: [893/1581], batch loss: 0.14499, batch accuracy: 96.88, data load time: 0.00025, step time: 0.01635,
epoch: [26], step: [1193/1581], batch loss: 0.08954, batch accuracy: 96.88, data load time: 0.00026, step time: 0.01584,
epoch: [26], step: [1493/1581], batch loss: 0.02759, batch accuracy: 100.00, data load time: 0.00027, step time: 0.01175,
epoch: [27], step: [212/1581], batch loss: 0.10198, batch accuracy: 93.75, data load time: 0.00026, step time: 0.01198,
epoch: [27], step: [512/1581], batch loss: 0.04670, batch accuracy: 100.00, data load time: 0.00323, step time: 0.01298,
epoch: [27], step: [812/1581], batch loss: 0.28351, batch accuracy: 90.62, data load time: 0.00026, step time: 0.01162,
epoch: [27], step: [1112/1581], batch loss: 0.05122, batch accuracy: 100.00, data load time: 0.00026, step time: 0.01159,
epoch: [27], step: [1412/1581], batch loss: 0.03523, batch accuracy: 100.00, data load time: 0.00026, step time: 0.01480,
epoch: [28], step: [131/1581], batch loss: 0.11726, batch accuracy: 100.00, data load time: 0.00026, step time: 0.01164,
epoch: [28], step: [431/1581], batch loss: 0.10797, batch accuracy: 93.75, data load time: 0.00024, step time: 0.01165,
epoch: [28], step: [731/1581], batch loss: 0.13276, batch accuracy: 93.75, data load time: 0.00026, step time: 0.01343,
epoch: [28], step: [1031/1581], batch loss: 0.04495, batch accuracy: 100.00, data load time: 0.00026, step time: 0.01497,
epoch: [28], step: [1331/1581], batch loss: 0.05007, batch accuracy: 100.00, data load time: 0.00362, step time: 0.01261,
epoch: [29], step: [50/1581], batch loss: 0.06632, batch accuracy: 100.00, data load time: 0.00024, step time: 0.01338,
epoch: [29], step: [350/1581], batch loss: 0.07205, batch accuracy: 96.88, data load time: 0.00028, step time: 0.01214,
epoch: [29], step: [650/1581], batch loss: 0.04773, batch accuracy: 100.00, data load time: 0.00025, step time: 0.01375,
epoch: [29], step: [950/1581], batch loss: 0.04985, batch accuracy: 96.88, data load time: 0.00026, step time: 0.01308,
epoch: [29], step: [1250/1581], batch loss: 0.14196, batch accuracy: 93.75, data load time: 0.00027, step time: 0.01275,
epoch: [29], step: [1550/1581], batch loss: 0.07564, batch accuracy: 100.00, data load time: 0.00014, step time: 0.01154,
validation loss: 1.23016, accuracy: 61.62, class_accuracy: [37.28813559322034, 71.05263157894737, 62.39316239316239, 65.48672566371681, 89.83050847457628, 40.36697247706422, 100.0, 86.72566371681415, 42.857142857142854, 50.0]
epoch: [30], step: [269/1581], batch loss: 0.14995, batch accuracy: 96.88, data load time: 0.00026, step time: 0.01178,
epoch: [30], step: [569/1581], batch loss: 0.31881, batch accuracy: 93.75, data load time: 0.00025, step time: 0.01165,
epoch: [30], step: [869/1581], batch loss: 0.09237, batch accuracy: 96.88, data load time: 0.00027, step time: 0.01272,
epoch: [30], step: [1169/1581], batch loss: 0.06109, batch accuracy: 96.88, data load time: 0.00025, step time: 0.01164,
epoch: [30], step: [1469/1581], batch loss: 0.03388, batch accuracy: 100.00, data load time: 0.00025, step time: 0.01326,
epoch: [31], step: [188/1581], batch loss: 0.05171, batch accuracy: 100.00, data load time: 0.00030, step time: 0.01328,
epoch: [31], step: [488/1581], batch loss: 0.08706, batch accuracy: 96.88, data load time: 0.00026, step time: 0.01629,
epoch: [31], step: [788/1581], batch loss: 0.05918, batch accuracy: 100.00, data load time: 0.00025, step time: 0.01575,
epoch: [31], step: [1088/1581], batch loss: 0.01316, batch accuracy: 100.00, data load time: 0.00027, step time: 0.01821,
epoch: [31], step: [1388/1581], batch loss: 0.01392, batch accuracy: 100.00, data load time: 0.00026, step time: 0.01167,
epoch: [32], step: [107/1581], batch loss: 0.07162, batch accuracy: 96.88, data load time: 0.00027, step time: 0.01459,
epoch: [32], step: [407/1581], batch loss: 0.05719, batch accuracy: 96.88, data load time: 0.00026, step time: 0.01177,
epoch: [32], step: [707/1581], batch loss: 0.03197, batch accuracy: 100.00, data load time: 0.00026, step time: 0.01163,
epoch: [32], step: [1007/1581], batch loss: 0.12717, batch accuracy: 90.62, data load time: 0.00024, step time: 0.01955,
epoch: [32], step: [1307/1581], batch loss: 0.03064, batch accuracy: 100.00, data load time: 0.00033, step time: 0.01163,
epoch: [33], step: [26/1581], batch loss: 0.02958, batch accuracy: 100.00, data load time: 0.00028, step time: 0.01162,
epoch: [33], step: [326/1581], batch loss: 0.02696, batch accuracy: 100.00, data load time: 0.00025, step time: 0.01190,
epoch: [33], step: [626/1581], batch loss: 0.03646, batch accuracy: 100.00, data load time: 0.00027, step time: 0.01164,
epoch: [33], step: [926/1581], batch loss: 0.04581, batch accuracy: 100.00, data load time: 0.00026, step time: 0.01348,
epoch: [33], step: [1226/1581], batch loss: 0.05287, batch accuracy: 100.00, data load time: 0.00024, step time: 0.01276,
epoch: [33], step: [1526/1581], batch loss: 0.05017, batch accuracy: 100.00, data load time: 0.00020, step time: 0.01162,
epoch: [34], step: [245/1581], batch loss: 0.05860, batch accuracy: 100.00, data load time: 0.00029, step time: 0.01445,
epoch: [34], step: [545/1581], batch loss: 0.04411, batch accuracy: 100.00, data load time: 0.00025, step time: 0.01570,
epoch: [34], step: [845/1581], batch loss: 0.04794, batch accuracy: 100.00, data load time: 0.00025, step time: 0.02057,
epoch: [34], step: [1145/1581], batch loss: 0.00736, batch accuracy: 100.00, data load time: 0.00026, step time: 0.01165,
epoch: [34], step: [1445/1581], batch loss: 0.10628, batch accuracy: 96.88, data load time: 0.00026, step time: 0.01220,
validation loss: 1.28653, accuracy: 60.90, class_accuracy: [36.440677966101696, 84.21052631578948, 59.82905982905983, 70.79646017699115, 89.83050847457628, 26.605504587155963, 97.14285714285714, 84.070796460177, 42.857142857142854, 54.23728813559322]
epoch: [35], step: [164/1581], batch loss: 0.06594, batch accuracy: 96.88, data load time: 0.00025, step time: 0.01172,
epoch: [35], step: [464/1581], batch loss: 0.06027, batch accuracy: 96.88, data load time: 0.00026, step time: 0.01228,
epoch: [35], step: [764/1581], batch loss: 0.05316, batch accuracy: 100.00, data load time: 0.00023, step time: 0.01162,
epoch: [35], step: [1064/1581], batch loss: 0.02657, batch accuracy: 100.00, data load time: 0.00081, step time: 0.02104,
epoch: [35], step: [1364/1581], batch loss: 0.10631, batch accuracy: 96.88, data load time: 0.00033, step time: 0.01160,
epoch: [36], step: [83/1581], batch loss: 0.14802, batch accuracy: 90.62, data load time: 0.01078, step time: 0.01230,
epoch: [36], step: [383/1581], batch loss: 0.06645, batch accuracy: 96.88, data load time: 0.00024, step time: 0.01375,
epoch: [36], step: [683/1581], batch loss: 0.03487, batch accuracy: 100.00, data load time: 0.00026, step time: 0.01307,
epoch: [36], step: [983/1581], batch loss: 0.04870, batch accuracy: 96.88, data load time: 0.00379, step time: 0.01189,
epoch: [36], step: [1283/1581], batch loss: 0.03899, batch accuracy: 100.00, data load time: 0.00027, step time: 0.01572,
epoch: [37], step: [2/1581], batch loss: 0.10607, batch accuracy: 96.88, data load time: 0.00025, step time: 0.01972,
epoch: [37], step: [302/1581], batch loss: 0.02489, batch accuracy: 100.00, data load time: 0.00033, step time: 0.01163,
epoch: [37], step: [602/1581], batch loss: 0.03665, batch accuracy: 96.88, data load time: 0.00026, step time: 0.01991,
epoch: [37], step: [902/1581], batch loss: 0.09899, batch accuracy: 96.88, data load time: 0.00030, step time: 0.01164,
epoch: [37], step: [1202/1581], batch loss: 0.09108, batch accuracy: 96.88, data load time: 0.00026, step time: 0.01173,
epoch: [37], step: [1502/1581], batch loss: 0.08234, batch accuracy: 96.88, data load time: 0.00026, step time: 0.01942,
epoch: [38], step: [221/1581], batch loss: 0.06068, batch accuracy: 93.75, data load time: 0.00023, step time: 0.01355,
epoch: [38], step: [521/1581], batch loss: 0.07993, batch accuracy: 96.88, data load time: 0.00455, step time: 0.01268,
epoch: [38], step: [821/1581], batch loss: 0.03855, batch accuracy: 96.88, data load time: 0.00024, step time: 0.01222,
epoch: [38], step: [1121/1581], batch loss: 0.10200, batch accuracy: 96.88, data load time: 0.00025, step time: 0.01225,
epoch: [38], step: [1421/1581], batch loss: 0.02959, batch accuracy: 100.00, data load time: 0.00027, step time: 0.01711,
epoch: [39], step: [140/1581], batch loss: 0.05752, batch accuracy: 100.00, data load time: 0.00395, step time: 0.01305,
epoch: [39], step: [440/1581], batch loss: 0.13108, batch accuracy: 93.75, data load time: 0.00024, step time: 0.01163,
epoch: [39], step: [740/1581], batch loss: 0.11474, batch accuracy: 96.88, data load time: 0.00066, step time: 0.01165,
epoch: [39], step: [1040/1581], batch loss: 0.03670, batch accuracy: 96.88, data load time: 0.00025, step time: 0.01160,
epoch: [39], step: [1340/1581], batch loss: 0.06058, batch accuracy: 100.00, data load time: 0.00026, step time: 0.01334,
validation loss: 1.21700, accuracy: 61.92, class_accuracy: [36.440677966101696, 76.3157894736842, 64.1025641025641, 69.02654867256638, 89.83050847457628, 39.44954128440367, 100.0, 85.84070796460178, 40.816326530612244, 50.0]
epoch: [40], step: [59/1581], batch loss: 0.17368, batch accuracy: 87.50, data load time: 0.00025, step time: 0.01940,
epoch: [40], step: [359/1581], batch loss: 0.10624, batch accuracy: 93.75, data load time: 0.00027, step time: 0.01985,
epoch: [40], step: [659/1581], batch loss: 0.01120, batch accuracy: 100.00, data load time: 0.00025, step time: 0.01813,
epoch: [40], step: [959/1581], batch loss: 0.05481, batch accuracy: 100.00, data load time: 0.00029, step time: 0.01407,
epoch: [40], step: [1259/1581], batch loss: 0.06214, batch accuracy: 100.00, data load time: 0.00025, step time: 0.01385,
epoch: [40], step: [1559/1581], batch loss: 0.07196, batch accuracy: 96.88, data load time: 0.00014, step time: 0.01155,
epoch: [41], step: [278/1581], batch loss: 0.07868, batch accuracy: 96.88, data load time: 0.00025, step time: 0.01902,
epoch: [41], step: [578/1581], batch loss: 0.04468, batch accuracy: 96.88, data load time: 0.00030, step time: 0.01174,
epoch: [41], step: [878/1581], batch loss: 0.03408, batch accuracy: 100.00, data load time: 0.00922, step time: 0.01266,
epoch: [41], step: [1178/1581], batch loss: 0.02460, batch accuracy: 100.00, data load time: 0.00025, step time: 0.01163,
epoch: [41], step: [1478/1581], batch loss: 0.02272, batch accuracy: 100.00, data load time: 0.00025, step time: 0.01390,
epoch: [42], step: [197/1581], batch loss: 0.11982, batch accuracy: 93.75, data load time: 0.00026, step time: 0.01178,
epoch: [42], step: [497/1581], batch loss: 0.10597, batch accuracy: 93.75, data load time: 0.00511, step time: 0.01298,
epoch: [42], step: [797/1581], batch loss: 0.04012, batch accuracy: 100.00, data load time: 0.00454, step time: 0.01344,
epoch: [42], step: [1097/1581], batch loss: 0.01279, batch accuracy: 100.00, data load time: 0.00024, step time: 0.01160,
epoch: [42], step: [1397/1581], batch loss: 0.04561, batch accuracy: 96.88, data load time: 0.00026, step time: 0.01369,
epoch: [43], step: [116/1581], batch loss: 0.03148, batch accuracy: 100.00, data load time: 0.00023, step time: 0.02046,
epoch: [43], step: [416/1581], batch loss: 0.02313, batch accuracy: 100.00, data load time: 0.00024, step time: 0.01162,
epoch: [43], step: [716/1581], batch loss: 0.02194, batch accuracy: 100.00, data load time: 0.00025, step time: 0.01177,
epoch: [43], step: [1016/1581], batch loss: 0.00956, batch accuracy: 100.00, data load time: 0.00027, step time: 0.01215,
epoch: [43], step: [1316/1581], batch loss: 0.02674, batch accuracy: 100.00, data load time: 0.00025, step time: 0.01311,
epoch: [44], step: [35/1581], batch loss: 0.09323, batch accuracy: 93.75, data load time: 0.00021, step time: 0.01161,
epoch: [44], step: [335/1581], batch loss: 0.03006, batch accuracy: 100.00, data load time: 0.00339, step time: 0.01164,
epoch: [44], step: [635/1581], batch loss: 0.04429, batch accuracy: 96.88, data load time: 0.00026, step time: 0.01164,
epoch: [44], step: [935/1581], batch loss: 0.01380, batch accuracy: 100.00, data load time: 0.00026, step time: 0.01437,
epoch: [44], step: [1235/1581], batch loss: 0.08704, batch accuracy: 96.88, data load time: 0.00026, step time: 0.01350,
epoch: [44], step: [1535/1581], batch loss: 0.02842, batch accuracy: 100.00, data load time: 0.00021, step time: 0.01998,
validation loss: 1.07852, accuracy: 65.20, class_accuracy: [37.28813559322034, 92.10526315789474, 66.66666666666667, 66.3716814159292, 88.98305084745763, 45.87155963302752, 100.0, 83.1858407079646, 46.93877551020408, 63.559322033898304]
epoch: [45], step: [254/1581], batch loss: 0.03921, batch accuracy: 100.00, data load time: 0.00026, step time: 0.01713,
epoch: [45], step: [554/1581], batch loss: 0.03171, batch accuracy: 100.00, data load time: 0.00025, step time: 0.01983,
epoch: [45], step: [854/1581], batch loss: 0.02076, batch accuracy: 100.00, data load time: 0.00814, step time: 0.01282,
epoch: [45], step: [1154/1581], batch loss: 0.02473, batch accuracy: 100.00, data load time: 0.00024, step time: 0.01337,
epoch: [45], step: [1454/1581], batch loss: 0.05791, batch accuracy: 96.88, data load time: 0.00025, step time: 0.01197,
epoch: [46], step: [173/1581], batch loss: 0.02082, batch accuracy: 100.00, data load time: 0.00025, step time: 0.01160,
epoch: [46], step: [473/1581], batch loss: 0.01768, batch accuracy: 100.00, data load time: 0.00026, step time: 0.01381,
epoch: [46], step: [773/1581], batch loss: 0.04331, batch accuracy: 100.00, data load time: 0.00024, step time: 0.01167,
epoch: [46], step: [1073/1581], batch loss: 0.03020, batch accuracy: 100.00, data load time: 0.00027, step time: 0.01167,
epoch: [46], step: [1373/1581], batch loss: 0.04803, batch accuracy: 100.00, data load time: 0.00025, step time: 0.01646,
epoch: [47], step: [92/1581], batch loss: 0.02739, batch accuracy: 100.00, data load time: 0.00025, step time: 0.01161,
epoch: [47], step: [392/1581], batch loss: 0.02512, batch accuracy: 100.00, data load time: 0.00028, step time: 0.01210,
epoch: [47], step: [692/1581], batch loss: 0.01052, batch accuracy: 100.00, data load time: 0.00029, step time: 0.01178,
epoch: [47], step: [992/1581], batch loss: 0.01575, batch accuracy: 100.00, data load time: 0.00025, step time: 0.01679,
epoch: [47], step: [1292/1581], batch loss: 0.03921, batch accuracy: 100.00, data load time: 0.00027, step time: 0.01927,
epoch: [48], step: [11/1581], batch loss: 0.05305, batch accuracy: 96.88, data load time: 0.00031, step time: 0.01382,
epoch: [48], step: [311/1581], batch loss: 0.07801, batch accuracy: 100.00, data load time: 0.00403, step time: 0.01252,
epoch: [48], step: [611/1581], batch loss: 0.04266, batch accuracy: 100.00, data load time: 0.00026, step time: 0.01435,
epoch: [48], step: [911/1581], batch loss: 0.05275, batch accuracy: 96.88, data load time: 0.00025, step time: 0.01986,
epoch: [48], step: [1211/1581], batch loss: 0.03678, batch accuracy: 100.00, data load time: 0.00025, step time: 0.01162,
epoch: [48], step: [1511/1581], batch loss: 0.01796, batch accuracy: 100.00, data load time: 0.00032, step time: 0.01542,
epoch: [49], step: [230/1581], batch loss: 0.04002, batch accuracy: 100.00, data load time: 0.00071, step time: 0.01164,
epoch: [49], step: [530/1581], batch loss: 0.03289, batch accuracy: 100.00, data load time: 0.00025, step time: 0.01162,
epoch: [49], step: [830/1581], batch loss: 0.02466, batch accuracy: 100.00, data load time: 0.00380, step time: 0.01189,
epoch: [49], step: [1130/1581], batch loss: 0.03976, batch accuracy: 96.88, data load time: 0.00026, step time: 0.01867,
epoch: [49], step: [1430/1581], batch loss: 0.04226, batch accuracy: 100.00, data load time: 0.00025, step time: 0.01397,
validation loss: 1.07146, accuracy: 66.43, class_accuracy: [36.440677966101696, 92.10526315789474, 70.08547008547009, 66.3716814159292, 87.28813559322033, 49.54128440366973, 100.0, 86.72566371681415, 44.89795918367347, 67.79661016949153]
Total time taken: 1289.6251149177551
