Using CUDA...
Writing logs to logs/CNN_bn_epochs=50_dropout=0.5_bs=32_lr=0.001_momentum=0.9_mode=LMC_run_3
epoch: [0], step: [299/1581], batch loss: 1.49582, batch accuracy: 43.75, data load time: 0.00020, step time: 0.01411,
epoch: [0], step: [599/1581], batch loss: 1.11419, batch accuracy: 56.25, data load time: 0.00352, step time: 0.01232,
epoch: [0], step: [899/1581], batch loss: 1.19978, batch accuracy: 65.62, data load time: 0.00022, step time: 0.02295,
epoch: [0], step: [1199/1581], batch loss: 0.82997, batch accuracy: 78.12, data load time: 0.00391, step time: 0.01286,
epoch: [0], step: [1499/1581], batch loss: 0.45346, batch accuracy: 84.38, data load time: 0.00022, step time: 0.01287,
epoch: [1], step: [218/1581], batch loss: 1.08347, batch accuracy: 68.75, data load time: 0.00021, step time: 0.01763,
epoch: [1], step: [518/1581], batch loss: 0.72142, batch accuracy: 75.00, data load time: 0.00889, step time: 0.01298,
epoch: [1], step: [818/1581], batch loss: 0.48453, batch accuracy: 81.25, data load time: 0.00029, step time: 0.01835,
epoch: [1], step: [1118/1581], batch loss: 0.52520, batch accuracy: 87.50, data load time: 0.00352, step time: 0.01640,
epoch: [1], step: [1418/1581], batch loss: 0.60036, batch accuracy: 81.25, data load time: 0.00689, step time: 0.01243,
epoch: [2], step: [137/1581], batch loss: 0.35033, batch accuracy: 90.62, data load time: 0.00967, step time: 0.02146,
epoch: [2], step: [437/1581], batch loss: 0.57782, batch accuracy: 75.00, data load time: 0.00026, step time: 0.01833,
epoch: [2], step: [737/1581], batch loss: 0.24551, batch accuracy: 87.50, data load time: 0.00327, step time: 0.01099,
epoch: [2], step: [1037/1581], batch loss: 0.53095, batch accuracy: 87.50, data load time: 0.00025, step time: 0.02792,
epoch: [2], step: [1337/1581], batch loss: 0.52102, batch accuracy: 87.50, data load time: 0.00572, step time: 0.01197,
epoch: [3], step: [56/1581], batch loss: 0.35124, batch accuracy: 90.62, data load time: 0.00022, step time: 0.01805,
epoch: [3], step: [356/1581], batch loss: 0.62696, batch accuracy: 81.25, data load time: 0.01006, step time: 0.01623,
epoch: [3], step: [656/1581], batch loss: 0.29220, batch accuracy: 90.62, data load time: 0.00920, step time: 0.01960,
epoch: [3], step: [956/1581], batch loss: 0.48833, batch accuracy: 81.25, data load time: 0.01333, step time: 0.01266,
epoch: [3], step: [1256/1581], batch loss: 0.37442, batch accuracy: 90.62, data load time: 0.00022, step time: 0.01849,
epoch: [3], step: [1556/1581], batch loss: 0.09317, batch accuracy: 96.88, data load time: 0.00017, step time: 0.01391,
epoch: [4], step: [275/1581], batch loss: 0.40517, batch accuracy: 87.50, data load time: 0.00615, step time: 0.01228,
epoch: [4], step: [575/1581], batch loss: 0.23795, batch accuracy: 93.75, data load time: 0.00026, step time: 0.01594,
epoch: [4], step: [875/1581], batch loss: 0.11527, batch accuracy: 96.88, data load time: 0.00024, step time: 0.01146,
epoch: [4], step: [1175/1581], batch loss: 0.49038, batch accuracy: 81.25, data load time: 0.00884, step time: 0.01048,
epoch: [4], step: [1475/1581], batch loss: 0.27249, batch accuracy: 90.62, data load time: 0.00628, step time: 0.01279,
validation loss: 1.24894, accuracy: 68.04, class_accuracy: [53.0, 88.41463414634147, 67.57925072046109, 60.35398230088496, 90.71207430340557, 50.309597523219814, 78.43137254901961, 91.45161290322581, 53.04659498207885, 70.14285714285714]
epoch: [5], step: [194/1581], batch loss: 0.07134, batch accuracy: 100.00, data load time: 0.01172, step time: 0.02435,
epoch: [5], step: [494/1581], batch loss: 0.30546, batch accuracy: 90.62, data load time: 0.00022, step time: 0.01356,
epoch: [5], step: [794/1581], batch loss: 0.45724, batch accuracy: 84.38, data load time: 0.00635, step time: 0.01505,
epoch: [5], step: [1094/1581], batch loss: 0.12806, batch accuracy: 93.75, data load time: 0.00675, step time: 0.02124,
epoch: [5], step: [1394/1581], batch loss: 0.35186, batch accuracy: 90.62, data load time: 0.00020, step time: 0.01613,
epoch: [6], step: [113/1581], batch loss: 0.16391, batch accuracy: 96.88, data load time: 0.00933, step time: 0.01506,
epoch: [6], step: [413/1581], batch loss: 0.30155, batch accuracy: 90.62, data load time: 0.00021, step time: 0.01897,
epoch: [6], step: [713/1581], batch loss: 0.30373, batch accuracy: 93.75, data load time: 0.00399, step time: 0.01274,
epoch: [6], step: [1013/1581], batch loss: 0.20874, batch accuracy: 93.75, data load time: 0.00427, step time: 0.01300,
epoch: [6], step: [1313/1581], batch loss: 0.02910, batch accuracy: 100.00, data load time: 0.00602, step time: 0.01279,
epoch: [7], step: [32/1581], batch loss: 0.36005, batch accuracy: 84.38, data load time: 0.00019, step time: 0.01874,
epoch: [7], step: [332/1581], batch loss: 0.03475, batch accuracy: 100.00, data load time: 0.00022, step time: 0.01482,
epoch: [7], step: [632/1581], batch loss: 0.20760, batch accuracy: 96.88, data load time: 0.00024, step time: 0.01603,
epoch: [7], step: [932/1581], batch loss: 0.10505, batch accuracy: 93.75, data load time: 0.00023, step time: 0.01541,
epoch: [7], step: [1232/1581], batch loss: 0.41140, batch accuracy: 87.50, data load time: 0.00023, step time: 0.01601,
epoch: [7], step: [1532/1581], batch loss: 0.10438, batch accuracy: 96.88, data load time: 0.00019, step time: 0.00994,
epoch: [8], step: [251/1581], batch loss: 0.05759, batch accuracy: 96.88, data load time: 0.00360, step time: 0.01253,
epoch: [8], step: [551/1581], batch loss: 0.27011, batch accuracy: 84.38, data load time: 0.00883, step time: 0.01273,
epoch: [8], step: [851/1581], batch loss: 0.26818, batch accuracy: 90.62, data load time: 0.00021, step time: 0.01851,
epoch: [8], step: [1151/1581], batch loss: 0.19225, batch accuracy: 93.75, data load time: 0.00021, step time: 0.01612,
epoch: [8], step: [1451/1581], batch loss: 0.01117, batch accuracy: 100.00, data load time: 0.00021, step time: 0.01635,
epoch: [9], step: [170/1581], batch loss: 0.25095, batch accuracy: 96.88, data load time: 0.00691, step time: 0.01314,
epoch: [9], step: [470/1581], batch loss: 0.43098, batch accuracy: 90.62, data load time: 0.00021, step time: 0.01525,
epoch: [9], step: [770/1581], batch loss: 0.14846, batch accuracy: 96.88, data load time: 0.00022, step time: 0.01720,
epoch: [9], step: [1070/1581], batch loss: 0.27258, batch accuracy: 90.62, data load time: 0.00593, step time: 0.01257,
epoch: [9], step: [1370/1581], batch loss: 0.05184, batch accuracy: 100.00, data load time: 0.00021, step time: 0.01634,
validation loss: 1.46455, accuracy: 68.17, class_accuracy: [44.285714285714285, 90.2439024390244, 71.46974063400576, 70.26548672566372, 80.49535603715171, 62.38390092879257, 89.2156862745098, 91.7741935483871, 53.40501792114696, 63.714285714285715]
epoch: [10], step: [89/1581], batch loss: 0.35166, batch accuracy: 90.62, data load time: 0.00023, step time: 0.01996,
epoch: [10], step: [389/1581], batch loss: 0.13514, batch accuracy: 93.75, data load time: 0.00020, step time: 0.01742,
epoch: [10], step: [689/1581], batch loss: 0.02596, batch accuracy: 100.00, data load time: 0.00942, step time: 0.02123,
epoch: [10], step: [989/1581], batch loss: 0.38427, batch accuracy: 90.62, data load time: 0.00023, step time: 0.01918,
epoch: [10], step: [1289/1581], batch loss: 0.00821, batch accuracy: 100.00, data load time: 0.00821, step time: 0.01622,
epoch: [11], step: [8/1581], batch loss: 0.07807, batch accuracy: 93.75, data load time: 0.00764, step time: 0.01549,
epoch: [11], step: [308/1581], batch loss: 0.28194, batch accuracy: 93.75, data load time: 0.00023, step time: 0.01660,
epoch: [11], step: [608/1581], batch loss: 0.06233, batch accuracy: 96.88, data load time: 0.00974, step time: 0.01972,
epoch: [11], step: [908/1581], batch loss: 0.23683, batch accuracy: 90.62, data load time: 0.00022, step time: 0.01007,
epoch: [11], step: [1208/1581], batch loss: 0.01758, batch accuracy: 100.00, data load time: 0.00668, step time: 0.01354,
epoch: [11], step: [1508/1581], batch loss: 0.10646, batch accuracy: 96.88, data load time: 0.00608, step time: 0.01298,
epoch: [12], step: [227/1581], batch loss: 0.03177, batch accuracy: 100.00, data load time: 0.00764, step time: 0.01280,
epoch: [12], step: [527/1581], batch loss: 0.00713, batch accuracy: 100.00, data load time: 0.00622, step time: 0.01313,
epoch: [12], step: [827/1581], batch loss: 0.17786, batch accuracy: 90.62, data load time: 0.00021, step time: 0.01536,
epoch: [12], step: [1127/1581], batch loss: 0.03430, batch accuracy: 100.00, data load time: 0.00673, step time: 0.02147,
epoch: [12], step: [1427/1581], batch loss: 0.03026, batch accuracy: 96.88, data load time: 0.00849, step time: 0.01427,
epoch: [13], step: [146/1581], batch loss: 0.12584, batch accuracy: 96.88, data load time: 0.01015, step time: 0.01426,
epoch: [13], step: [446/1581], batch loss: 0.33455, batch accuracy: 90.62, data load time: 0.00741, step time: 0.01411,
epoch: [13], step: [746/1581], batch loss: 0.08767, batch accuracy: 96.88, data load time: 0.00605, step time: 0.01290,
epoch: [13], step: [1046/1581], batch loss: 0.09997, batch accuracy: 96.88, data load time: 0.00407, step time: 0.01317,
epoch: [13], step: [1346/1581], batch loss: 0.00733, batch accuracy: 100.00, data load time: 0.00441, step time: 0.01290,
epoch: [14], step: [65/1581], batch loss: 0.01221, batch accuracy: 100.00, data load time: 0.00391, step time: 0.01272,
epoch: [14], step: [365/1581], batch loss: 0.09075, batch accuracy: 93.75, data load time: 0.00024, step time: 0.01974,
epoch: [14], step: [665/1581], batch loss: 0.07922, batch accuracy: 96.88, data load time: 0.00793, step time: 0.01248,
epoch: [14], step: [965/1581], batch loss: 0.05696, batch accuracy: 96.88, data load time: 0.00030, step time: 0.01863,
epoch: [14], step: [1265/1581], batch loss: 0.13748, batch accuracy: 93.75, data load time: 0.00901, step time: 0.01298,
epoch: [14], step: [1565/1581], batch loss: 0.00765, batch accuracy: 100.00, data load time: 0.00018, step time: 0.00994,
validation loss: 1.60995, accuracy: 70.38, class_accuracy: [50.142857142857146, 89.02439024390245, 73.63112391930835, 69.20353982300885, 77.70897832817337, 64.08668730650155, 94.11764705882354, 96.7741935483871, 55.7347670250896, 67.85714285714286]
epoch: [15], step: [284/1581], batch loss: 0.00676, batch accuracy: 100.00, data load time: 0.00400, step time: 0.01849,
epoch: [15], step: [584/1581], batch loss: 0.00227, batch accuracy: 100.00, data load time: 0.00020, step time: 0.01802,
epoch: [15], step: [884/1581], batch loss: 0.06647, batch accuracy: 96.88, data load time: 0.00908, step time: 0.01400,
epoch: [15], step: [1184/1581], batch loss: 0.02322, batch accuracy: 100.00, data load time: 0.00022, step time: 0.01715,
epoch: [15], step: [1484/1581], batch loss: 0.00871, batch accuracy: 100.00, data load time: 0.00655, step time: 0.01263,
epoch: [16], step: [203/1581], batch loss: 0.14995, batch accuracy: 93.75, data load time: 0.00025, step time: 0.02113,
epoch: [16], step: [503/1581], batch loss: 0.12041, batch accuracy: 96.88, data load time: 0.00418, step time: 0.02304,
epoch: [16], step: [803/1581], batch loss: 0.03191, batch accuracy: 96.88, data load time: 0.00703, step time: 0.02040,
epoch: [16], step: [1103/1581], batch loss: 0.04289, batch accuracy: 96.88, data load time: 0.00675, step time: 0.01288,
epoch: [16], step: [1403/1581], batch loss: 0.04869, batch accuracy: 96.88, data load time: 0.00022, step time: 0.01861,
epoch: [17], step: [122/1581], batch loss: 0.29580, batch accuracy: 87.50, data load time: 0.00028, step time: 0.01801,
epoch: [17], step: [422/1581], batch loss: 0.03284, batch accuracy: 100.00, data load time: 0.00021, step time: 0.01319,
epoch: [17], step: [722/1581], batch loss: 0.10954, batch accuracy: 90.62, data load time: 0.00023, step time: 0.00995,
epoch: [17], step: [1022/1581], batch loss: 0.05203, batch accuracy: 96.88, data load time: 0.00303, step time: 0.01069,
epoch: [17], step: [1322/1581], batch loss: 0.06213, batch accuracy: 96.88, data load time: 0.00365, step time: 0.01360,
epoch: [18], step: [41/1581], batch loss: 0.15519, batch accuracy: 93.75, data load time: 0.00327, step time: 0.02239,
epoch: [18], step: [341/1581], batch loss: 0.04560, batch accuracy: 100.00, data load time: 0.00021, step time: 0.02530,
epoch: [18], step: [641/1581], batch loss: 0.00973, batch accuracy: 100.00, data load time: 0.00415, step time: 0.01268,
epoch: [18], step: [941/1581], batch loss: 0.06725, batch accuracy: 96.88, data load time: 0.00025, step time: 0.02534,
epoch: [18], step: [1241/1581], batch loss: 0.15954, batch accuracy: 93.75, data load time: 0.00617, step time: 0.01266,
epoch: [18], step: [1541/1581], batch loss: 0.00610, batch accuracy: 100.00, data load time: 0.00017, step time: 0.01383,
epoch: [19], step: [260/1581], batch loss: 0.00625, batch accuracy: 100.00, data load time: 0.00551, step time: 0.01311,
epoch: [19], step: [560/1581], batch loss: 0.38234, batch accuracy: 93.75, data load time: 0.00831, step time: 0.01481,
epoch: [19], step: [860/1581], batch loss: 0.00786, batch accuracy: 100.00, data load time: 0.00024, step time: 0.01588,
epoch: [19], step: [1160/1581], batch loss: 0.01050, batch accuracy: 100.00, data load time: 0.00471, step time: 0.01225,
epoch: [19], step: [1460/1581], batch loss: 0.00202, batch accuracy: 100.00, data load time: 0.00022, step time: 0.01994,
validation loss: 1.74747, accuracy: 69.38, class_accuracy: [53.142857142857146, 92.6829268292683, 71.3256484149856, 73.6283185840708, 80.6501547987616, 55.57275541795666, 93.13725490196079, 96.45161290322581, 55.7347670250896, 60.57142857142857]
epoch: [20], step: [179/1581], batch loss: 0.05748, batch accuracy: 96.88, data load time: 0.00739, step time: 0.01395,
epoch: [20], step: [479/1581], batch loss: 0.11357, batch accuracy: 96.88, data load time: 0.00382, step time: 0.01296,
epoch: [20], step: [779/1581], batch loss: 0.35992, batch accuracy: 93.75, data load time: 0.00399, step time: 0.01244,
epoch: [20], step: [1079/1581], batch loss: 0.01923, batch accuracy: 100.00, data load time: 0.00023, step time: 0.01002,
epoch: [20], step: [1379/1581], batch loss: 0.03019, batch accuracy: 100.00, data load time: 0.00021, step time: 0.01181,
epoch: [21], step: [98/1581], batch loss: 0.03518, batch accuracy: 100.00, data load time: 0.00028, step time: 0.01689,
epoch: [21], step: [398/1581], batch loss: 0.07513, batch accuracy: 96.88, data load time: 0.00025, step time: 0.01102,
epoch: [21], step: [698/1581], batch loss: 0.18962, batch accuracy: 96.88, data load time: 0.00025, step time: 0.01583,
epoch: [21], step: [998/1581], batch loss: 0.07362, batch accuracy: 96.88, data load time: 0.00056, step time: 0.01207,
epoch: [21], step: [1298/1581], batch loss: 0.06596, batch accuracy: 96.88, data load time: 0.00024, step time: 0.01131,
epoch: [22], step: [17/1581], batch loss: 0.01714, batch accuracy: 100.00, data load time: 0.00022, step time: 0.01859,
epoch: [22], step: [317/1581], batch loss: 0.04117, batch accuracy: 96.88, data load time: 0.00021, step time: 0.01679,
epoch: [22], step: [617/1581], batch loss: 0.05195, batch accuracy: 96.88, data load time: 0.00476, step time: 0.01348,
epoch: [22], step: [917/1581], batch loss: 0.00129, batch accuracy: 100.00, data load time: 0.00023, step time: 0.01655,
epoch: [22], step: [1217/1581], batch loss: 0.16107, batch accuracy: 90.62, data load time: 0.00023, step time: 0.01165,
epoch: [22], step: [1517/1581], batch loss: 0.00288, batch accuracy: 100.00, data load time: 0.00107, step time: 0.01257,
epoch: [23], step: [236/1581], batch loss: 0.11946, batch accuracy: 96.88, data load time: 0.00024, step time: 0.01053,
epoch: [23], step: [536/1581], batch loss: 0.07829, batch accuracy: 96.88, data load time: 0.00479, step time: 0.01310,
epoch: [23], step: [836/1581], batch loss: 0.12180, batch accuracy: 93.75, data load time: 0.00491, step time: 0.01303,
epoch: [23], step: [1136/1581], batch loss: 0.28921, batch accuracy: 90.62, data load time: 0.00416, step time: 0.01038,
epoch: [23], step: [1436/1581], batch loss: 0.23459, batch accuracy: 93.75, data load time: 0.00022, step time: 0.01202,
epoch: [24], step: [155/1581], batch loss: 0.00185, batch accuracy: 100.00, data load time: 0.00025, step time: 0.01045,
epoch: [24], step: [455/1581], batch loss: 0.01582, batch accuracy: 100.00, data load time: 0.00023, step time: 0.01167,
epoch: [24], step: [755/1581], batch loss: 0.07497, batch accuracy: 96.88, data load time: 0.00025, step time: 0.01057,
epoch: [24], step: [1055/1581], batch loss: 0.00585, batch accuracy: 100.00, data load time: 0.00023, step time: 0.01011,
epoch: [24], step: [1355/1581], batch loss: 0.07139, batch accuracy: 96.88, data load time: 0.00023, step time: 0.01690,
validation loss: 2.05344, accuracy: 67.90, class_accuracy: [48.285714285714285, 89.02439024390245, 76.80115273775216, 67.78761061946902, 78.79256965944272, 51.54798761609907, 87.25490196078431, 92.90322580645162, 56.272401433691755, 63.142857142857146]
epoch: [25], step: [74/1581], batch loss: 0.00119, batch accuracy: 100.00, data load time: 0.00918, step time: 0.01456,
epoch: [25], step: [374/1581], batch loss: 0.01629, batch accuracy: 100.00, data load time: 0.00023, step time: 0.01454,
epoch: [25], step: [674/1581], batch loss: 0.02666, batch accuracy: 100.00, data load time: 0.00021, step time: 0.00999,
epoch: [25], step: [974/1581], batch loss: 0.00173, batch accuracy: 100.00, data load time: 0.00031, step time: 0.01013,
epoch: [25], step: [1274/1581], batch loss: 0.16407, batch accuracy: 93.75, data load time: 0.00789, step time: 0.01628,
epoch: [25], step: [1574/1581], batch loss: 0.04605, batch accuracy: 96.88, data load time: 0.00019, step time: 0.01003,
epoch: [26], step: [293/1581], batch loss: 0.01481, batch accuracy: 100.00, data load time: 0.00904, step time: 0.02132,
epoch: [26], step: [593/1581], batch loss: 0.11880, batch accuracy: 96.88, data load time: 0.00022, step time: 0.02456,
epoch: [26], step: [893/1581], batch loss: 0.09613, batch accuracy: 93.75, data load time: 0.00300, step time: 0.01868,
epoch: [26], step: [1193/1581], batch loss: 0.18561, batch accuracy: 93.75, data load time: 0.00022, step time: 0.01798,
epoch: [26], step: [1493/1581], batch loss: 0.01022, batch accuracy: 100.00, data load time: 0.00023, step time: 0.01873,
epoch: [27], step: [212/1581], batch loss: 0.12858, batch accuracy: 96.88, data load time: 0.00408, step time: 0.01296,
epoch: [27], step: [512/1581], batch loss: 0.09539, batch accuracy: 90.62, data load time: 0.00382, step time: 0.01281,
epoch: [27], step: [812/1581], batch loss: 0.04600, batch accuracy: 100.00, data load time: 0.00025, step time: 0.02117,
epoch: [27], step: [1112/1581], batch loss: 0.32518, batch accuracy: 93.75, data load time: 0.00021, step time: 0.01898,
epoch: [27], step: [1412/1581], batch loss: 0.00852, batch accuracy: 100.00, data load time: 0.00768, step time: 0.01087,
epoch: [28], step: [131/1581], batch loss: 0.03604, batch accuracy: 96.88, data load time: 0.00022, step time: 0.01615,
epoch: [28], step: [431/1581], batch loss: 0.04462, batch accuracy: 96.88, data load time: 0.00641, step time: 0.01248,
epoch: [28], step: [731/1581], batch loss: 0.00758, batch accuracy: 100.00, data load time: 0.00021, step time: 0.02179,
epoch: [28], step: [1031/1581], batch loss: 0.17397, batch accuracy: 96.88, data load time: 0.00913, step time: 0.02234,
epoch: [28], step: [1331/1581], batch loss: 0.02445, batch accuracy: 96.88, data load time: 0.00021, step time: 0.01796,
epoch: [29], step: [50/1581], batch loss: 0.22185, batch accuracy: 90.62, data load time: 0.00601, step time: 0.01261,
epoch: [29], step: [350/1581], batch loss: 0.00672, batch accuracy: 100.00, data load time: 0.00860, step time: 0.01287,
epoch: [29], step: [650/1581], batch loss: 0.24383, batch accuracy: 96.88, data load time: 0.00585, step time: 0.01238,
epoch: [29], step: [950/1581], batch loss: 0.22869, batch accuracy: 93.75, data load time: 0.00588, step time: 0.01084,
epoch: [29], step: [1250/1581], batch loss: 0.10480, batch accuracy: 96.88, data load time: 0.00023, step time: 0.01612,
epoch: [29], step: [1550/1581], batch loss: 0.09423, batch accuracy: 96.88, data load time: 0.00018, step time: 0.01004,
validation loss: 2.09799, accuracy: 67.91, class_accuracy: [43.285714285714285, 91.46341463414635, 71.46974063400576, 75.39823008849558, 86.9969040247678, 57.585139318885446, 91.17647058823529, 90.16129032258064, 54.48028673835125, 57.0]
epoch: [30], step: [269/1581], batch loss: 0.01938, batch accuracy: 100.00, data load time: 0.00922, step time: 0.01218,
epoch: [30], step: [569/1581], batch loss: 0.01137, batch accuracy: 100.00, data load time: 0.00071, step time: 0.01998,
epoch: [30], step: [869/1581], batch loss: 0.00619, batch accuracy: 100.00, data load time: 0.00342, step time: 0.01770,
epoch: [30], step: [1169/1581], batch loss: 0.17188, batch accuracy: 96.88, data load time: 0.00023, step time: 0.02859,
epoch: [30], step: [1469/1581], batch loss: 0.08479, batch accuracy: 96.88, data load time: 0.00900, step time: 0.01418,
epoch: [31], step: [188/1581], batch loss: 0.00158, batch accuracy: 100.00, data load time: 0.00044, step time: 0.01697,
epoch: [31], step: [488/1581], batch loss: 0.03490, batch accuracy: 100.00, data load time: 0.00023, step time: 0.01921,
epoch: [31], step: [788/1581], batch loss: 0.00866, batch accuracy: 100.00, data load time: 0.00023, step time: 0.02166,
epoch: [31], step: [1088/1581], batch loss: 0.01525, batch accuracy: 100.00, data load time: 0.00322, step time: 0.01312,
epoch: [31], step: [1388/1581], batch loss: 0.08290, batch accuracy: 93.75, data load time: 0.00023, step time: 0.02168,
epoch: [32], step: [107/1581], batch loss: 0.01457, batch accuracy: 100.00, data load time: 0.00707, step time: 0.01301,
epoch: [32], step: [407/1581], batch loss: 0.00643, batch accuracy: 100.00, data load time: 0.00698, step time: 0.01275,
epoch: [32], step: [707/1581], batch loss: 0.00020, batch accuracy: 100.00, data load time: 0.00310, step time: 0.01199,
epoch: [32], step: [1007/1581], batch loss: 0.00728, batch accuracy: 100.00, data load time: 0.00022, step time: 0.02555,
epoch: [32], step: [1307/1581], batch loss: 0.05971, batch accuracy: 96.88, data load time: 0.00856, step time: 0.01303,
epoch: [33], step: [26/1581], batch loss: 0.00255, batch accuracy: 100.00, data load time: 0.00030, step time: 0.01838,
epoch: [33], step: [326/1581], batch loss: 0.16482, batch accuracy: 93.75, data load time: 0.00610, step time: 0.01260,
epoch: [33], step: [626/1581], batch loss: 0.02667, batch accuracy: 100.00, data load time: 0.00492, step time: 0.01427,
epoch: [33], step: [926/1581], batch loss: 0.03536, batch accuracy: 100.00, data load time: 0.00460, step time: 0.01079,
epoch: [33], step: [1226/1581], batch loss: 0.12352, batch accuracy: 96.88, data load time: 0.00024, step time: 0.02491,
epoch: [33], step: [1526/1581], batch loss: 0.10333, batch accuracy: 93.75, data load time: 0.00017, step time: 0.01829,
epoch: [34], step: [245/1581], batch loss: 0.00441, batch accuracy: 100.00, data load time: 0.00023, step time: 0.01861,
epoch: [34], step: [545/1581], batch loss: 0.14297, batch accuracy: 96.88, data load time: 0.00951, step time: 0.01401,
epoch: [34], step: [845/1581], batch loss: 0.00438, batch accuracy: 100.00, data load time: 0.00022, step time: 0.01839,
epoch: [34], step: [1145/1581], batch loss: 0.04629, batch accuracy: 96.88, data load time: 0.00925, step time: 0.02474,
epoch: [34], step: [1445/1581], batch loss: 0.01177, batch accuracy: 100.00, data load time: 0.00023, step time: 0.01837,
validation loss: 2.10865, accuracy: 70.12, class_accuracy: [49.142857142857146, 93.90243902439025, 70.60518731988472, 70.26548672566372, 81.57894736842105, 69.19504643962848, 93.13725490196079, 96.12903225806451, 55.376344086021504, 60.57142857142857]
epoch: [35], step: [164/1581], batch loss: 0.00081, batch accuracy: 100.00, data load time: 0.00079, step time: 0.01859,
epoch: [35], step: [464/1581], batch loss: 0.00266, batch accuracy: 100.00, data load time: 0.00024, step time: 0.01648,
epoch: [35], step: [764/1581], batch loss: 0.00148, batch accuracy: 100.00, data load time: 0.00026, step time: 0.02154,
epoch: [35], step: [1064/1581], batch loss: 0.01568, batch accuracy: 100.00, data load time: 0.00719, step time: 0.01322,
epoch: [35], step: [1364/1581], batch loss: 0.00183, batch accuracy: 100.00, data load time: 0.00934, step time: 0.01273,
epoch: [36], step: [83/1581], batch loss: 0.01660, batch accuracy: 100.00, data load time: 0.00616, step time: 0.01283,
epoch: [36], step: [383/1581], batch loss: 0.00072, batch accuracy: 100.00, data load time: 0.00021, step time: 0.02260,
epoch: [36], step: [683/1581], batch loss: 0.00337, batch accuracy: 100.00, data load time: 0.00021, step time: 0.01838,
epoch: [36], step: [983/1581], batch loss: 0.01450, batch accuracy: 100.00, data load time: 0.00390, step time: 0.01308,
epoch: [36], step: [1283/1581], batch loss: 0.02297, batch accuracy: 100.00, data load time: 0.00860, step time: 0.01299,
epoch: [37], step: [2/1581], batch loss: 0.07713, batch accuracy: 96.88, data load time: 0.00025, step time: 0.01495,
epoch: [37], step: [302/1581], batch loss: 0.00033, batch accuracy: 100.00, data load time: 0.00021, step time: 0.01625,
epoch: [37], step: [602/1581], batch loss: 0.06133, batch accuracy: 96.88, data load time: 0.00024, step time: 0.02141,
epoch: [37], step: [902/1581], batch loss: 0.03775, batch accuracy: 96.88, data load time: 0.00022, step time: 0.01826,
epoch: [37], step: [1202/1581], batch loss: 0.00283, batch accuracy: 100.00, data load time: 0.00021, step time: 0.01798,
epoch: [37], step: [1502/1581], batch loss: 0.05673, batch accuracy: 96.88, data load time: 0.00021, step time: 0.01654,
epoch: [38], step: [221/1581], batch loss: 0.00426, batch accuracy: 100.00, data load time: 0.00020, step time: 0.01548,
epoch: [38], step: [521/1581], batch loss: 0.00410, batch accuracy: 100.00, data load time: 0.00022, step time: 0.01825,
epoch: [38], step: [821/1581], batch loss: 0.00763, batch accuracy: 100.00, data load time: 0.00675, step time: 0.01448,
epoch: [38], step: [1121/1581], batch loss: 0.01468, batch accuracy: 100.00, data load time: 0.00025, step time: 0.01007,
epoch: [38], step: [1421/1581], batch loss: 0.00041, batch accuracy: 100.00, data load time: 0.00576, step time: 0.01267,
epoch: [39], step: [140/1581], batch loss: 0.01232, batch accuracy: 100.00, data load time: 0.00613, step time: 0.01292,
epoch: [39], step: [440/1581], batch loss: 0.11858, batch accuracy: 96.88, data load time: 0.00448, step time: 0.01142,
epoch: [39], step: [740/1581], batch loss: 0.00532, batch accuracy: 100.00, data load time: 0.00021, step time: 0.01637,
epoch: [39], step: [1040/1581], batch loss: 0.01448, batch accuracy: 100.00, data load time: 0.00289, step time: 0.01210,
epoch: [39], step: [1340/1581], batch loss: 0.00969, batch accuracy: 100.00, data load time: 0.00021, step time: 0.02312,
validation loss: 2.42416, accuracy: 67.28, class_accuracy: [46.714285714285715, 91.46341463414635, 68.44380403458213, 71.15044247787611, 91.48606811145511, 50.46439628482972, 94.11764705882354, 90.64516129032258, 49.82078853046595, 60.42857142857143]
epoch: [40], step: [59/1581], batch loss: 0.03261, batch accuracy: 96.88, data load time: 0.00366, step time: 0.01292,
epoch: [40], step: [359/1581], batch loss: 0.00403, batch accuracy: 100.00, data load time: 0.00417, step time: 0.02844,
epoch: [40], step: [659/1581], batch loss: 0.00031, batch accuracy: 100.00, data load time: 0.00021, step time: 0.01592,
epoch: [40], step: [959/1581], batch loss: 0.00424, batch accuracy: 100.00, data load time: 0.00024, step time: 0.01659,
epoch: [40], step: [1259/1581], batch loss: 0.07422, batch accuracy: 96.88, data load time: 0.00070, step time: 0.02315,
epoch: [40], step: [1559/1581], batch loss: 0.00084, batch accuracy: 100.00, data load time: 0.00017, step time: 0.01001,
epoch: [41], step: [278/1581], batch loss: 0.06624, batch accuracy: 96.88, data load time: 0.00022, step time: 0.01648,
epoch: [41], step: [578/1581], batch loss: 0.00092, batch accuracy: 100.00, data load time: 0.00633, step time: 0.01286,
epoch: [41], step: [878/1581], batch loss: 0.00290, batch accuracy: 100.00, data load time: 0.00610, step time: 0.01274,
epoch: [41], step: [1178/1581], batch loss: 0.00481, batch accuracy: 100.00, data load time: 0.00024, step time: 0.01888,
epoch: [41], step: [1478/1581], batch loss: 0.06520, batch accuracy: 96.88, data load time: 0.00854, step time: 0.01273,
epoch: [42], step: [197/1581], batch loss: 0.09502, batch accuracy: 93.75, data load time: 0.00369, step time: 0.01128,
epoch: [42], step: [497/1581], batch loss: 0.00129, batch accuracy: 100.00, data load time: 0.00398, step time: 0.01572,
epoch: [42], step: [797/1581], batch loss: 0.00722, batch accuracy: 100.00, data load time: 0.00608, step time: 0.01469,
epoch: [42], step: [1097/1581], batch loss: 0.00115, batch accuracy: 100.00, data load time: 0.00604, step time: 0.02117,
epoch: [42], step: [1397/1581], batch loss: 0.06898, batch accuracy: 96.88, data load time: 0.00028, step time: 0.01820,
epoch: [43], step: [116/1581], batch loss: 0.00330, batch accuracy: 100.00, data load time: 0.00021, step time: 0.01947,
epoch: [43], step: [416/1581], batch loss: 0.07388, batch accuracy: 96.88, data load time: 0.00021, step time: 0.02194,
epoch: [43], step: [716/1581], batch loss: 0.02696, batch accuracy: 96.88, data load time: 0.00023, step time: 0.02129,
epoch: [43], step: [1016/1581], batch loss: 0.00124, batch accuracy: 100.00, data load time: 0.00024, step time: 0.02022,
epoch: [43], step: [1316/1581], batch loss: 0.06162, batch accuracy: 96.88, data load time: 0.00627, step time: 0.01254,
epoch: [44], step: [35/1581], batch loss: 0.09661, batch accuracy: 96.88, data load time: 0.00857, step time: 0.01164,
epoch: [44], step: [335/1581], batch loss: 0.08726, batch accuracy: 93.75, data load time: 0.00364, step time: 0.01860,
epoch: [44], step: [635/1581], batch loss: 0.00024, batch accuracy: 100.00, data load time: 0.00897, step time: 0.01457,
epoch: [44], step: [935/1581], batch loss: 0.00546, batch accuracy: 100.00, data load time: 0.00412, step time: 0.01273,
epoch: [44], step: [1235/1581], batch loss: 0.01741, batch accuracy: 100.00, data load time: 0.00402, step time: 0.01139,
epoch: [44], step: [1535/1581], batch loss: 0.01060, batch accuracy: 100.00, data load time: 0.00017, step time: 0.01003,
validation loss: 2.25711, accuracy: 69.34, class_accuracy: [47.57142857142857, 90.85365853658537, 74.49567723342939, 72.03539823008849, 78.79256965944272, 57.89473684210526, 93.13725490196079, 96.29032258064517, 58.96057347670251, 61.57142857142857]
epoch: [45], step: [254/1581], batch loss: 0.00151, batch accuracy: 100.00, data load time: 0.00020, step time: 0.01270,
epoch: [45], step: [554/1581], batch loss: 0.02909, batch accuracy: 100.00, data load time: 0.00922, step time: 0.01354,
epoch: [45], step: [854/1581], batch loss: 0.00018, batch accuracy: 100.00, data load time: 0.00027, step time: 0.01656,
epoch: [45], step: [1154/1581], batch loss: 0.00231, batch accuracy: 100.00, data load time: 0.00609, step time: 0.01267,
epoch: [45], step: [1454/1581], batch loss: 0.00118, batch accuracy: 100.00, data load time: 0.00442, step time: 0.01453,
epoch: [46], step: [173/1581], batch loss: 0.08520, batch accuracy: 96.88, data load time: 0.00023, step time: 0.01571,
epoch: [46], step: [473/1581], batch loss: 0.35658, batch accuracy: 90.62, data load time: 0.00976, step time: 0.01315,
epoch: [46], step: [773/1581], batch loss: 0.00211, batch accuracy: 100.00, data load time: 0.00684, step time: 0.01312,
epoch: [46], step: [1073/1581], batch loss: 0.01152, batch accuracy: 100.00, data load time: 0.00020, step time: 0.01396,
epoch: [46], step: [1373/1581], batch loss: 0.10624, batch accuracy: 93.75, data load time: 0.00582, step time: 0.01322,
epoch: [47], step: [92/1581], batch loss: 0.00223, batch accuracy: 100.00, data load time: 0.00581, step time: 0.01215,
epoch: [47], step: [392/1581], batch loss: 0.04452, batch accuracy: 96.88, data load time: 0.00603, step time: 0.01236,
epoch: [47], step: [692/1581], batch loss: 0.01165, batch accuracy: 100.00, data load time: 0.00027, step time: 0.01773,
epoch: [47], step: [992/1581], batch loss: 0.00983, batch accuracy: 100.00, data load time: 0.00021, step time: 0.01581,
epoch: [47], step: [1292/1581], batch loss: 0.01651, batch accuracy: 100.00, data load time: 0.00021, step time: 0.01628,
epoch: [48], step: [11/1581], batch loss: 0.00131, batch accuracy: 100.00, data load time: 0.00021, step time: 0.01830,
epoch: [48], step: [311/1581], batch loss: 0.02183, batch accuracy: 100.00, data load time: 0.00944, step time: 0.01384,
epoch: [48], step: [611/1581], batch loss: 0.06386, batch accuracy: 96.88, data load time: 0.00021, step time: 0.01605,
epoch: [48], step: [911/1581], batch loss: 0.00976, batch accuracy: 100.00, data load time: 0.00021, step time: 0.01976,
epoch: [48], step: [1211/1581], batch loss: 0.00289, batch accuracy: 100.00, data load time: 0.00022, step time: 0.01842,
epoch: [48], step: [1511/1581], batch loss: 0.00020, batch accuracy: 100.00, data load time: 0.00022, step time: 0.01915,
epoch: [49], step: [230/1581], batch loss: 0.00705, batch accuracy: 100.00, data load time: 0.00522, step time: 0.01256,
epoch: [49], step: [530/1581], batch loss: 0.11873, batch accuracy: 96.88, data load time: 0.00698, step time: 0.01239,
epoch: [49], step: [830/1581], batch loss: 0.00354, batch accuracy: 100.00, data load time: 0.00031, step time: 0.02345,
epoch: [49], step: [1130/1581], batch loss: 0.00212, batch accuracy: 100.00, data load time: 0.01144, step time: 0.01282,
epoch: [49], step: [1430/1581], batch loss: 0.01916, batch accuracy: 100.00, data load time: 0.00027, step time: 0.01550,
validation loss: 2.34273, accuracy: 69.08, class_accuracy: [46.285714285714285, 92.6829268292683, 70.60518731988472, 73.27433628318585, 79.25696594427245, 57.89473684210526, 90.19607843137256, 96.61290322580645, 58.60215053763441, 63.285714285714285]
Total time taken: 1649.088656425476
