Using CUDA...
tensor([1.0006, 3.4515, 1.0082, 1.2300, 1.1086, 1.0027, 5.6646, 1.0702, 1.0825,
        1.0000], device='cuda:0')
Writing logs to logs/CNN_bn_epochs=50_dropout=0.5_bs=32_lr=0.001_momentum=0.9_mode=LMC_run_33
epoch: [0], step: [299/1581], batch loss: 1.52531, batch accuracy: 50.00, data load time: 0.00026, step time: 0.01899,
epoch: [0], step: [599/1581], batch loss: 1.02731, batch accuracy: 65.62, data load time: 0.00023, step time: 0.01664,
epoch: [0], step: [899/1581], batch loss: 0.82603, batch accuracy: 75.00, data load time: 0.00021, step time: 0.01356,
epoch: [0], step: [1199/1581], batch loss: 0.69549, batch accuracy: 78.12, data load time: 0.00023, step time: 0.00972,
epoch: [0], step: [1499/1581], batch loss: 0.66557, batch accuracy: 71.88, data load time: 0.00025, step time: 0.01710,
epoch: [1], step: [218/1581], batch loss: 0.42166, batch accuracy: 78.12, data load time: 0.00025, step time: 0.01064,
epoch: [1], step: [518/1581], batch loss: 0.33274, batch accuracy: 90.62, data load time: 0.00023, step time: 0.01081,
epoch: [1], step: [818/1581], batch loss: 0.42406, batch accuracy: 93.75, data load time: 0.00024, step time: 0.01124,
epoch: [1], step: [1118/1581], batch loss: 0.47068, batch accuracy: 84.38, data load time: 0.00025, step time: 0.01181,
epoch: [1], step: [1418/1581], batch loss: 0.38731, batch accuracy: 87.50, data load time: 0.00578, step time: 0.01121,
epoch: [2], step: [137/1581], batch loss: 0.42115, batch accuracy: 90.62, data load time: 0.00023, step time: 0.01167,
epoch: [2], step: [437/1581], batch loss: 0.36215, batch accuracy: 84.38, data load time: 0.00575, step time: 0.01242,
epoch: [2], step: [737/1581], batch loss: 0.22282, batch accuracy: 93.75, data load time: 0.00026, step time: 0.01724,
epoch: [2], step: [1037/1581], batch loss: 0.42087, batch accuracy: 84.38, data load time: 0.00023, step time: 0.01061,
epoch: [2], step: [1337/1581], batch loss: 0.51580, batch accuracy: 78.12, data load time: 0.00025, step time: 0.01486,
epoch: [3], step: [56/1581], batch loss: 0.23144, batch accuracy: 90.62, data load time: 0.00022, step time: 0.01175,
epoch: [3], step: [356/1581], batch loss: 0.23602, batch accuracy: 90.62, data load time: 0.00022, step time: 0.01025,
epoch: [3], step: [656/1581], batch loss: 0.56529, batch accuracy: 84.38, data load time: 0.00023, step time: 0.01705,
epoch: [3], step: [956/1581], batch loss: 0.16497, batch accuracy: 90.62, data load time: 0.00023, step time: 0.01758,
epoch: [3], step: [1256/1581], batch loss: 0.71450, batch accuracy: 75.00, data load time: 0.00022, step time: 0.01681,
epoch: [3], step: [1556/1581], batch loss: 0.13766, batch accuracy: 93.75, data load time: 0.00011, step time: 0.00872,
epoch: [4], step: [275/1581], batch loss: 0.29008, batch accuracy: 90.62, data load time: 0.00023, step time: 0.01070,
epoch: [4], step: [575/1581], batch loss: 0.25464, batch accuracy: 90.62, data load time: 0.00423, step time: 0.01274,
epoch: [4], step: [875/1581], batch loss: 0.41082, batch accuracy: 87.50, data load time: 0.00030, step time: 0.01578,
epoch: [4], step: [1175/1581], batch loss: 0.40190, batch accuracy: 81.25, data load time: 0.00858, step time: 0.01203,
epoch: [4], step: [1475/1581], batch loss: 0.46130, batch accuracy: 87.50, data load time: 0.00022, step time: 0.01558,
validation loss: 1.06024, accuracy: 68.68, class_accuracy: [56.779661016949156, 94.73684210526316, 59.82905982905983, 76.99115044247787, 96.61016949152543, 52.293577981651374, 100.0, 88.49557522123894, 48.97959183673469, 48.30508474576271]
epoch: [5], step: [194/1581], batch loss: 0.18696, batch accuracy: 84.38, data load time: 0.00602, step time: 0.01250,
epoch: [5], step: [494/1581], batch loss: 0.10048, batch accuracy: 96.88, data load time: 0.00022, step time: 0.01020,
epoch: [5], step: [794/1581], batch loss: 0.39796, batch accuracy: 90.62, data load time: 0.00418, step time: 0.01220,
epoch: [5], step: [1094/1581], batch loss: 0.16600, batch accuracy: 93.75, data load time: 0.00619, step time: 0.01168,
epoch: [5], step: [1394/1581], batch loss: 0.23488, batch accuracy: 93.75, data load time: 0.00859, step time: 0.01079,
epoch: [6], step: [113/1581], batch loss: 0.22485, batch accuracy: 87.50, data load time: 0.00026, step time: 0.01079,
epoch: [6], step: [413/1581], batch loss: 0.41461, batch accuracy: 90.62, data load time: 0.00023, step time: 0.01102,
epoch: [6], step: [713/1581], batch loss: 0.35253, batch accuracy: 90.62, data load time: 0.00022, step time: 0.01008,
epoch: [6], step: [1013/1581], batch loss: 0.30838, batch accuracy: 81.25, data load time: 0.00029, step time: 0.01254,
epoch: [6], step: [1313/1581], batch loss: 0.15497, batch accuracy: 93.75, data load time: 0.00022, step time: 0.01599,
epoch: [7], step: [32/1581], batch loss: 0.13739, batch accuracy: 100.00, data load time: 0.00085, step time: 0.01262,
epoch: [7], step: [332/1581], batch loss: 0.24136, batch accuracy: 93.75, data load time: 0.00022, step time: 0.01693,
epoch: [7], step: [632/1581], batch loss: 0.21086, batch accuracy: 87.50, data load time: 0.00024, step time: 0.01742,
epoch: [7], step: [932/1581], batch loss: 0.17344, batch accuracy: 87.50, data load time: 0.00426, step time: 0.01085,
epoch: [7], step: [1232/1581], batch loss: 0.19236, batch accuracy: 87.50, data load time: 0.00252, step time: 0.01174,
epoch: [7], step: [1532/1581], batch loss: 0.28896, batch accuracy: 93.75, data load time: 0.00017, step time: 0.00943,
epoch: [8], step: [251/1581], batch loss: 0.13229, batch accuracy: 93.75, data load time: 0.00575, step time: 0.01244,
epoch: [8], step: [551/1581], batch loss: 0.19861, batch accuracy: 93.75, data load time: 0.00640, step time: 0.01090,
epoch: [8], step: [851/1581], batch loss: 0.38577, batch accuracy: 87.50, data load time: 0.00301, step time: 0.00997,
epoch: [8], step: [1151/1581], batch loss: 0.21384, batch accuracy: 90.62, data load time: 0.00024, step time: 0.01100,
epoch: [8], step: [1451/1581], batch loss: 0.25161, batch accuracy: 93.75, data load time: 0.00027, step time: 0.02100,
epoch: [9], step: [170/1581], batch loss: 0.09022, batch accuracy: 93.75, data load time: 0.00025, step time: 0.01717,
epoch: [9], step: [470/1581], batch loss: 0.15721, batch accuracy: 90.62, data load time: 0.00025, step time: 0.01030,
epoch: [9], step: [770/1581], batch loss: 0.15205, batch accuracy: 87.50, data load time: 0.00021, step time: 0.01092,
epoch: [9], step: [1070/1581], batch loss: 0.19710, batch accuracy: 90.62, data load time: 0.00027, step time: 0.00955,
epoch: [9], step: [1370/1581], batch loss: 0.42211, batch accuracy: 90.62, data load time: 0.00023, step time: 0.00983,
validation loss: 0.81215, accuracy: 74.92, class_accuracy: [74.57627118644068, 94.73684210526316, 72.64957264957265, 83.1858407079646, 79.66101694915254, 55.96330275229358, 100.0, 99.11504424778761, 55.10204081632653, 61.86440677966102]
epoch: [10], step: [89/1581], batch loss: 0.14976, batch accuracy: 96.88, data load time: 0.00382, step time: 0.01284,
epoch: [10], step: [389/1581], batch loss: 0.05762, batch accuracy: 100.00, data load time: 0.00021, step time: 0.01070,
epoch: [10], step: [689/1581], batch loss: 0.08405, batch accuracy: 96.88, data load time: 0.00025, step time: 0.01031,
epoch: [10], step: [989/1581], batch loss: 0.22605, batch accuracy: 93.75, data load time: 0.00024, step time: 0.00952,
epoch: [10], step: [1289/1581], batch loss: 0.16163, batch accuracy: 90.62, data load time: 0.00023, step time: 0.01062,
epoch: [11], step: [8/1581], batch loss: 0.31746, batch accuracy: 84.38, data load time: 0.00028, step time: 0.01936,
epoch: [11], step: [308/1581], batch loss: 0.17045, batch accuracy: 87.50, data load time: 0.00021, step time: 0.01010,
epoch: [11], step: [608/1581], batch loss: 0.19352, batch accuracy: 93.75, data load time: 0.00300, step time: 0.00996,
epoch: [11], step: [908/1581], batch loss: 0.23007, batch accuracy: 93.75, data load time: 0.00022, step time: 0.00977,
epoch: [11], step: [1208/1581], batch loss: 0.20796, batch accuracy: 90.62, data load time: 0.00385, step time: 0.01196,
epoch: [11], step: [1508/1581], batch loss: 0.07128, batch accuracy: 96.88, data load time: 0.00027, step time: 0.01119,
epoch: [12], step: [227/1581], batch loss: 0.28919, batch accuracy: 93.75, data load time: 0.00022, step time: 0.01459,
epoch: [12], step: [527/1581], batch loss: 0.08485, batch accuracy: 100.00, data load time: 0.00024, step time: 0.01541,
epoch: [12], step: [827/1581], batch loss: 0.08615, batch accuracy: 93.75, data load time: 0.00024, step time: 0.01777,
epoch: [12], step: [1127/1581], batch loss: 0.31742, batch accuracy: 90.62, data load time: 0.00022, step time: 0.01115,
epoch: [12], step: [1427/1581], batch loss: 0.10244, batch accuracy: 100.00, data load time: 0.00021, step time: 0.00927,
epoch: [13], step: [146/1581], batch loss: 0.13309, batch accuracy: 93.75, data load time: 0.00024, step time: 0.01760,
epoch: [13], step: [446/1581], batch loss: 0.24433, batch accuracy: 90.62, data load time: 0.00027, step time: 0.01133,
epoch: [13], step: [746/1581], batch loss: 0.08316, batch accuracy: 100.00, data load time: 0.00089, step time: 0.01006,
epoch: [13], step: [1046/1581], batch loss: 0.05406, batch accuracy: 96.88, data load time: 0.00023, step time: 0.01030,
epoch: [13], step: [1346/1581], batch loss: 0.03334, batch accuracy: 100.00, data load time: 0.00021, step time: 0.01567,
epoch: [14], step: [65/1581], batch loss: 0.31228, batch accuracy: 87.50, data load time: 0.00021, step time: 0.01702,
epoch: [14], step: [365/1581], batch loss: 0.20647, batch accuracy: 90.62, data load time: 0.00021, step time: 0.01129,
epoch: [14], step: [665/1581], batch loss: 0.14395, batch accuracy: 93.75, data load time: 0.00023, step time: 0.01430,
epoch: [14], step: [965/1581], batch loss: 0.06283, batch accuracy: 96.88, data load time: 0.00021, step time: 0.01047,
epoch: [14], step: [1265/1581], batch loss: 0.18726, batch accuracy: 90.62, data load time: 0.00025, step time: 0.01374,
epoch: [14], step: [1565/1581], batch loss: 0.22497, batch accuracy: 93.75, data load time: 0.00011, step time: 0.00872,
validation loss: 1.02857, accuracy: 67.86, class_accuracy: [40.67796610169491, 97.36842105263158, 73.5042735042735, 61.94690265486726, 92.37288135593221, 59.63302752293578, 100.0, 96.46017699115045, 43.87755102040816, 51.69491525423729]
epoch: [15], step: [284/1581], batch loss: 0.22384, batch accuracy: 87.50, data load time: 0.00022, step time: 0.01212,
epoch: [15], step: [584/1581], batch loss: 0.08351, batch accuracy: 100.00, data load time: 0.00586, step time: 0.01226,
epoch: [15], step: [884/1581], batch loss: 0.23916, batch accuracy: 87.50, data load time: 0.00022, step time: 0.01036,
epoch: [15], step: [1184/1581], batch loss: 0.21470, batch accuracy: 87.50, data load time: 0.00025, step time: 0.00999,
epoch: [15], step: [1484/1581], batch loss: 0.21525, batch accuracy: 84.38, data load time: 0.00025, step time: 0.00988,
epoch: [16], step: [203/1581], batch loss: 0.23707, batch accuracy: 87.50, data load time: 0.00022, step time: 0.01636,
epoch: [16], step: [503/1581], batch loss: 0.08509, batch accuracy: 96.88, data load time: 0.00451, step time: 0.01305,
epoch: [16], step: [803/1581], batch loss: 0.11113, batch accuracy: 96.88, data load time: 0.00025, step time: 0.01013,
epoch: [16], step: [1103/1581], batch loss: 0.08777, batch accuracy: 100.00, data load time: 0.00023, step time: 0.01070,
epoch: [16], step: [1403/1581], batch loss: 0.08524, batch accuracy: 96.88, data load time: 0.00024, step time: 0.01026,
epoch: [17], step: [122/1581], batch loss: 0.10405, batch accuracy: 96.88, data load time: 0.00090, step time: 0.01326,
epoch: [17], step: [422/1581], batch loss: 0.15568, batch accuracy: 90.62, data load time: 0.00082, step time: 0.01042,
epoch: [17], step: [722/1581], batch loss: 0.08600, batch accuracy: 96.88, data load time: 0.00031, step time: 0.01096,
epoch: [17], step: [1022/1581], batch loss: 0.03172, batch accuracy: 100.00, data load time: 0.00024, step time: 0.01671,
epoch: [17], step: [1322/1581], batch loss: 0.13999, batch accuracy: 96.88, data load time: 0.00022, step time: 0.01000,
epoch: [18], step: [41/1581], batch loss: 0.13129, batch accuracy: 93.75, data load time: 0.00019, step time: 0.00982,
epoch: [18], step: [341/1581], batch loss: 0.08942, batch accuracy: 96.88, data load time: 0.00022, step time: 0.00994,
epoch: [18], step: [641/1581], batch loss: 0.54044, batch accuracy: 84.38, data load time: 0.00061, step time: 0.01084,
epoch: [18], step: [941/1581], batch loss: 0.16510, batch accuracy: 90.62, data load time: 0.00128, step time: 0.01206,
epoch: [18], step: [1241/1581], batch loss: 0.11897, batch accuracy: 93.75, data load time: 0.00021, step time: 0.01693,
epoch: [18], step: [1541/1581], batch loss: 0.10954, batch accuracy: 93.75, data load time: 0.00018, step time: 0.01005,
epoch: [19], step: [260/1581], batch loss: 0.12910, batch accuracy: 96.88, data load time: 0.00022, step time: 0.01044,
epoch: [19], step: [560/1581], batch loss: 0.14295, batch accuracy: 93.75, data load time: 0.00022, step time: 0.01391,
epoch: [19], step: [860/1581], batch loss: 0.09333, batch accuracy: 96.88, data load time: 0.00024, step time: 0.01726,
epoch: [19], step: [1160/1581], batch loss: 0.17466, batch accuracy: 87.50, data load time: 0.00022, step time: 0.00987,
epoch: [19], step: [1460/1581], batch loss: 0.10002, batch accuracy: 96.88, data load time: 0.00023, step time: 0.01822,
validation loss: 1.05362, accuracy: 71.95, class_accuracy: [63.559322033898304, 92.10526315789474, 70.94017094017094, 76.10619469026548, 88.13559322033899, 54.12844036697248, 100.0, 99.11504424778761, 44.89795918367347, 59.32203389830509]
epoch: [20], step: [179/1581], batch loss: 0.05452, batch accuracy: 96.88, data load time: 0.00086, step time: 0.01084,
epoch: [20], step: [479/1581], batch loss: 0.08669, batch accuracy: 96.88, data load time: 0.00413, step time: 0.01146,
epoch: [20], step: [779/1581], batch loss: 0.15749, batch accuracy: 93.75, data load time: 0.00024, step time: 0.01093,
epoch: [20], step: [1079/1581], batch loss: 0.35804, batch accuracy: 90.62, data load time: 0.00083, step time: 0.01026,
epoch: [20], step: [1379/1581], batch loss: 0.19736, batch accuracy: 90.62, data load time: 0.00024, step time: 0.01666,
epoch: [21], step: [98/1581], batch loss: 0.19520, batch accuracy: 90.62, data load time: 0.00023, step time: 0.01283,
epoch: [21], step: [398/1581], batch loss: 0.07425, batch accuracy: 100.00, data load time: 0.00025, step time: 0.01180,
epoch: [21], step: [698/1581], batch loss: 0.11948, batch accuracy: 93.75, data load time: 0.00021, step time: 0.00988,
epoch: [21], step: [998/1581], batch loss: 0.14889, batch accuracy: 96.88, data load time: 0.00022, step time: 0.00993,
epoch: [21], step: [1298/1581], batch loss: 0.07986, batch accuracy: 93.75, data load time: 0.00022, step time: 0.01414,
epoch: [22], step: [17/1581], batch loss: 0.12257, batch accuracy: 93.75, data load time: 0.00371, step time: 0.01174,
epoch: [22], step: [317/1581], batch loss: 0.03517, batch accuracy: 100.00, data load time: 0.00589, step time: 0.01142,
epoch: [22], step: [617/1581], batch loss: 0.16503, batch accuracy: 90.62, data load time: 0.00025, step time: 0.01002,
epoch: [22], step: [917/1581], batch loss: 0.14868, batch accuracy: 93.75, data load time: 0.00023, step time: 0.01141,
epoch: [22], step: [1217/1581], batch loss: 0.13472, batch accuracy: 93.75, data load time: 0.00032, step time: 0.01117,
epoch: [22], step: [1517/1581], batch loss: 0.09527, batch accuracy: 96.88, data load time: 0.00024, step time: 0.00985,
epoch: [23], step: [236/1581], batch loss: 0.27799, batch accuracy: 93.75, data load time: 0.00024, step time: 0.01079,
epoch: [23], step: [536/1581], batch loss: 0.36314, batch accuracy: 93.75, data load time: 0.00584, step time: 0.00996,
epoch: [23], step: [836/1581], batch loss: 0.24998, batch accuracy: 90.62, data load time: 0.00022, step time: 0.01323,
epoch: [23], step: [1136/1581], batch loss: 0.14919, batch accuracy: 96.88, data load time: 0.00583, step time: 0.00992,
epoch: [23], step: [1436/1581], batch loss: 0.13557, batch accuracy: 93.75, data load time: 0.00028, step time: 0.01016,
epoch: [24], step: [155/1581], batch loss: 0.04853, batch accuracy: 96.88, data load time: 0.00022, step time: 0.00968,
epoch: [24], step: [455/1581], batch loss: 0.05639, batch accuracy: 100.00, data load time: 0.00021, step time: 0.00954,
epoch: [24], step: [755/1581], batch loss: 0.14178, batch accuracy: 96.88, data load time: 0.00022, step time: 0.01559,
epoch: [24], step: [1055/1581], batch loss: 0.06651, batch accuracy: 100.00, data load time: 0.00020, step time: 0.00920,
epoch: [24], step: [1355/1581], batch loss: 0.16964, batch accuracy: 96.88, data load time: 0.00023, step time: 0.00944,
validation loss: 0.88136, accuracy: 73.08, class_accuracy: [43.220338983050844, 100.0, 81.19658119658119, 69.91150442477876, 75.42372881355932, 65.13761467889908, 100.0, 98.23008849557522, 57.142857142857146, 75.42372881355932]
epoch: [25], step: [74/1581], batch loss: 0.15338, batch accuracy: 93.75, data load time: 0.00422, step time: 0.01268,
epoch: [25], step: [374/1581], batch loss: 0.26285, batch accuracy: 87.50, data load time: 0.00060, step time: 0.01777,
epoch: [25], step: [674/1581], batch loss: 0.06445, batch accuracy: 100.00, data load time: 0.00025, step time: 0.01004,
epoch: [25], step: [974/1581], batch loss: 0.17684, batch accuracy: 93.75, data load time: 0.00306, step time: 0.01011,
epoch: [25], step: [1274/1581], batch loss: 0.08342, batch accuracy: 96.88, data load time: 0.00333, step time: 0.01047,
epoch: [25], step: [1574/1581], batch loss: 0.07420, batch accuracy: 96.88, data load time: 0.00011, step time: 0.00872,
epoch: [26], step: [293/1581], batch loss: 0.15425, batch accuracy: 93.75, data load time: 0.00026, step time: 0.01026,
epoch: [26], step: [593/1581], batch loss: 0.09247, batch accuracy: 96.88, data load time: 0.00609, step time: 0.01186,
epoch: [26], step: [893/1581], batch loss: 0.13067, batch accuracy: 96.88, data load time: 0.00024, step time: 0.01042,
epoch: [26], step: [1193/1581], batch loss: 0.14235, batch accuracy: 93.75, data load time: 0.00021, step time: 0.01043,
epoch: [26], step: [1493/1581], batch loss: 0.22232, batch accuracy: 90.62, data load time: 0.00574, step time: 0.00985,
epoch: [27], step: [212/1581], batch loss: 0.13487, batch accuracy: 96.88, data load time: 0.00023, step time: 0.01145,
epoch: [27], step: [512/1581], batch loss: 0.14526, batch accuracy: 93.75, data load time: 0.00581, step time: 0.01062,
epoch: [27], step: [812/1581], batch loss: 0.07769, batch accuracy: 96.88, data load time: 0.00025, step time: 0.00973,
epoch: [27], step: [1112/1581], batch loss: 0.24418, batch accuracy: 93.75, data load time: 0.00024, step time: 0.01020,
epoch: [27], step: [1412/1581], batch loss: 0.21927, batch accuracy: 93.75, data load time: 0.00022, step time: 0.01278,
epoch: [28], step: [131/1581], batch loss: 0.05279, batch accuracy: 96.88, data load time: 0.00022, step time: 0.01616,
epoch: [28], step: [431/1581], batch loss: 0.19069, batch accuracy: 93.75, data load time: 0.00025, step time: 0.01447,
epoch: [28], step: [731/1581], batch loss: 0.23105, batch accuracy: 90.62, data load time: 0.00022, step time: 0.01094,
epoch: [28], step: [1031/1581], batch loss: 0.18744, batch accuracy: 93.75, data load time: 0.00023, step time: 0.01770,
epoch: [28], step: [1331/1581], batch loss: 0.15581, batch accuracy: 100.00, data load time: 0.00025, step time: 0.01032,
epoch: [29], step: [50/1581], batch loss: 0.09545, batch accuracy: 93.75, data load time: 0.00024, step time: 0.01890,
epoch: [29], step: [350/1581], batch loss: 0.10015, batch accuracy: 93.75, data load time: 0.00025, step time: 0.00991,
epoch: [29], step: [650/1581], batch loss: 0.12314, batch accuracy: 96.88, data load time: 0.00022, step time: 0.01475,
epoch: [29], step: [950/1581], batch loss: 0.18530, batch accuracy: 90.62, data load time: 0.00085, step time: 0.01576,
epoch: [29], step: [1250/1581], batch loss: 0.11740, batch accuracy: 93.75, data load time: 0.00029, step time: 0.01147,
epoch: [29], step: [1550/1581], batch loss: 0.06498, batch accuracy: 96.88, data load time: 0.00013, step time: 0.00875,
validation loss: 0.85782, accuracy: 72.47, class_accuracy: [45.76271186440678, 94.73684210526316, 68.37606837606837, 82.30088495575221, 87.28813559322033, 53.211009174311926, 100.0, 99.11504424778761, 51.02040816326531, 73.72881355932203]
epoch: [30], step: [269/1581], batch loss: 0.22075, batch accuracy: 93.75, data load time: 0.00021, step time: 0.01124,
epoch: [30], step: [569/1581], batch loss: 0.28275, batch accuracy: 93.75, data load time: 0.00025, step time: 0.01023,
epoch: [30], step: [869/1581], batch loss: 0.07050, batch accuracy: 100.00, data load time: 0.00022, step time: 0.00981,
epoch: [30], step: [1169/1581], batch loss: 0.18381, batch accuracy: 93.75, data load time: 0.00024, step time: 0.01007,
epoch: [30], step: [1469/1581], batch loss: 0.03347, batch accuracy: 100.00, data load time: 0.00355, step time: 0.01206,
epoch: [31], step: [188/1581], batch loss: 0.10371, batch accuracy: 90.62, data load time: 0.00023, step time: 0.01514,
epoch: [31], step: [488/1581], batch loss: 0.30056, batch accuracy: 87.50, data load time: 0.00022, step time: 0.01175,
epoch: [31], step: [788/1581], batch loss: 0.21338, batch accuracy: 90.62, data load time: 0.00379, step time: 0.01262,
epoch: [31], step: [1088/1581], batch loss: 0.14340, batch accuracy: 93.75, data load time: 0.00431, step time: 0.01199,
epoch: [31], step: [1388/1581], batch loss: 0.11343, batch accuracy: 93.75, data load time: 0.00027, step time: 0.01253,
epoch: [32], step: [107/1581], batch loss: 0.06241, batch accuracy: 100.00, data load time: 0.00030, step time: 0.01134,
epoch: [32], step: [407/1581], batch loss: 0.13738, batch accuracy: 93.75, data load time: 0.00023, step time: 0.01077,
epoch: [32], step: [707/1581], batch loss: 0.22064, batch accuracy: 87.50, data load time: 0.00409, step time: 0.01207,
epoch: [32], step: [1007/1581], batch loss: 0.25772, batch accuracy: 93.75, data load time: 0.00025, step time: 0.01014,
epoch: [32], step: [1307/1581], batch loss: 0.32536, batch accuracy: 93.75, data load time: 0.00587, step time: 0.01178,
epoch: [33], step: [26/1581], batch loss: 0.29336, batch accuracy: 90.62, data load time: 0.00020, step time: 0.01039,
epoch: [33], step: [326/1581], batch loss: 0.15776, batch accuracy: 93.75, data load time: 0.00022, step time: 0.01595,
epoch: [33], step: [626/1581], batch loss: 0.15427, batch accuracy: 93.75, data load time: 0.00026, step time: 0.01709,
epoch: [33], step: [926/1581], batch loss: 0.30463, batch accuracy: 84.38, data load time: 0.00024, step time: 0.00966,
epoch: [33], step: [1226/1581], batch loss: 0.12843, batch accuracy: 96.88, data load time: 0.00033, step time: 0.00990,
epoch: [33], step: [1526/1581], batch loss: 0.30099, batch accuracy: 87.50, data load time: 0.00018, step time: 0.01567,
epoch: [34], step: [245/1581], batch loss: 0.20169, batch accuracy: 90.62, data load time: 0.00024, step time: 0.01122,
epoch: [34], step: [545/1581], batch loss: 0.16908, batch accuracy: 96.88, data load time: 0.00024, step time: 0.01549,
epoch: [34], step: [845/1581], batch loss: 0.11486, batch accuracy: 96.88, data load time: 0.00023, step time: 0.01487,
epoch: [34], step: [1145/1581], batch loss: 0.19779, batch accuracy: 93.75, data load time: 0.00024, step time: 0.01007,
epoch: [34], step: [1445/1581], batch loss: 0.31533, batch accuracy: 87.50, data load time: 0.00408, step time: 0.01246,
validation loss: 0.92043, accuracy: 72.16, class_accuracy: [52.54237288135593, 100.0, 76.92307692307692, 77.87610619469027, 80.50847457627118, 53.211009174311926, 100.0, 92.03539823008849, 50.0, 72.88135593220339]
epoch: [35], step: [164/1581], batch loss: 0.06861, batch accuracy: 100.00, data load time: 0.00032, step time: 0.01720,
epoch: [35], step: [464/1581], batch loss: 0.08606, batch accuracy: 100.00, data load time: 0.00047, step time: 0.01472,
epoch: [35], step: [764/1581], batch loss: 0.03984, batch accuracy: 100.00, data load time: 0.00463, step time: 0.01038,
epoch: [35], step: [1064/1581], batch loss: 0.03502, batch accuracy: 100.00, data load time: 0.00364, step time: 0.00979,
epoch: [35], step: [1364/1581], batch loss: 0.23127, batch accuracy: 93.75, data load time: 0.00047, step time: 0.01029,
epoch: [36], step: [83/1581], batch loss: 0.12831, batch accuracy: 96.88, data load time: 0.00021, step time: 0.01732,
epoch: [36], step: [383/1581], batch loss: 0.46373, batch accuracy: 96.88, data load time: 0.00023, step time: 0.01591,
epoch: [36], step: [683/1581], batch loss: 0.06817, batch accuracy: 100.00, data load time: 0.00023, step time: 0.01394,
epoch: [36], step: [983/1581], batch loss: 0.15644, batch accuracy: 93.75, data load time: 0.00025, step time: 0.01729,
epoch: [36], step: [1283/1581], batch loss: 0.33002, batch accuracy: 90.62, data load time: 0.00022, step time: 0.01024,
epoch: [37], step: [2/1581], batch loss: 0.88291, batch accuracy: 93.75, data load time: 0.00033, step time: 0.01217,
epoch: [37], step: [302/1581], batch loss: 0.19812, batch accuracy: 93.75, data load time: 0.00022, step time: 0.01440,
epoch: [37], step: [602/1581], batch loss: 0.21303, batch accuracy: 93.75, data load time: 0.00022, step time: 0.00964,
epoch: [37], step: [902/1581], batch loss: 0.18308, batch accuracy: 93.75, data load time: 0.00025, step time: 0.01194,
epoch: [37], step: [1202/1581], batch loss: 0.09226, batch accuracy: 93.75, data load time: 0.00355, step time: 0.01011,
epoch: [37], step: [1502/1581], batch loss: 0.25512, batch accuracy: 90.62, data load time: 0.00084, step time: 0.01519,
epoch: [38], step: [221/1581], batch loss: 0.16968, batch accuracy: 96.88, data load time: 0.00022, step time: 0.01533,
epoch: [38], step: [521/1581], batch loss: 0.09334, batch accuracy: 96.88, data load time: 0.00587, step time: 0.01232,
epoch: [38], step: [821/1581], batch loss: 0.28406, batch accuracy: 90.62, data load time: 0.00024, step time: 0.01037,
epoch: [38], step: [1121/1581], batch loss: 0.15377, batch accuracy: 90.62, data load time: 0.00023, step time: 0.00997,
epoch: [38], step: [1421/1581], batch loss: 0.08123, batch accuracy: 96.88, data load time: 0.00022, step time: 0.01217,
epoch: [39], step: [140/1581], batch loss: 0.20661, batch accuracy: 93.75, data load time: 0.00023, step time: 0.01601,
epoch: [39], step: [440/1581], batch loss: 0.14277, batch accuracy: 93.75, data load time: 0.00590, step time: 0.00992,
epoch: [39], step: [740/1581], batch loss: 0.18121, batch accuracy: 87.50, data load time: 0.00025, step time: 0.01595,
epoch: [39], step: [1040/1581], batch loss: 0.35770, batch accuracy: 87.50, data load time: 0.00586, step time: 0.01013,
epoch: [39], step: [1340/1581], batch loss: 0.04856, batch accuracy: 100.00, data load time: 0.00022, step time: 0.01523,
validation loss: 0.94864, accuracy: 72.98, class_accuracy: [35.59322033898305, 97.36842105263158, 64.95726495726495, 76.99115044247787, 91.52542372881356, 61.46788990825688, 100.0, 99.11504424778761, 48.97959183673469, 85.59322033898304]
epoch: [40], step: [59/1581], batch loss: 0.34297, batch accuracy: 87.50, data load time: 0.00024, step time: 0.01568,
epoch: [40], step: [359/1581], batch loss: 0.04678, batch accuracy: 100.00, data load time: 0.00022, step time: 0.00956,
epoch: [40], step: [659/1581], batch loss: 0.19188, batch accuracy: 96.88, data load time: 0.00023, step time: 0.01022,
epoch: [40], step: [959/1581], batch loss: 0.11920, batch accuracy: 93.75, data load time: 0.00028, step time: 0.01005,
epoch: [40], step: [1259/1581], batch loss: 0.16665, batch accuracy: 93.75, data load time: 0.00025, step time: 0.00998,
epoch: [40], step: [1559/1581], batch loss: 0.35305, batch accuracy: 84.38, data load time: 0.00011, step time: 0.00872,
epoch: [41], step: [278/1581], batch loss: 0.08061, batch accuracy: 96.88, data load time: 0.00416, step time: 0.01261,
epoch: [41], step: [578/1581], batch loss: 0.05585, batch accuracy: 96.88, data load time: 0.00566, step time: 0.01139,
epoch: [41], step: [878/1581], batch loss: 0.22657, batch accuracy: 84.38, data load time: 0.00021, step time: 0.01225,
epoch: [41], step: [1178/1581], batch loss: 0.11311, batch accuracy: 93.75, data load time: 0.00022, step time: 0.00943,
epoch: [41], step: [1478/1581], batch loss: 0.14817, batch accuracy: 93.75, data load time: 0.00596, step time: 0.01179,
epoch: [42], step: [197/1581], batch loss: 0.39320, batch accuracy: 81.25, data load time: 0.00022, step time: 0.01533,
epoch: [42], step: [497/1581], batch loss: 0.31866, batch accuracy: 87.50, data load time: 0.00024, step time: 0.01642,
epoch: [42], step: [797/1581], batch loss: 0.04625, batch accuracy: 100.00, data load time: 0.00856, step time: 0.01194,
epoch: [42], step: [1097/1581], batch loss: 0.04768, batch accuracy: 96.88, data load time: 0.00022, step time: 0.01547,
epoch: [42], step: [1397/1581], batch loss: 0.03397, batch accuracy: 100.00, data load time: 0.00365, step time: 0.01070,
epoch: [43], step: [116/1581], batch loss: 0.03329, batch accuracy: 100.00, data load time: 0.00022, step time: 0.01589,
epoch: [43], step: [416/1581], batch loss: 0.16213, batch accuracy: 96.88, data load time: 0.00022, step time: 0.01500,
epoch: [43], step: [716/1581], batch loss: 0.04306, batch accuracy: 100.00, data load time: 0.00021, step time: 0.01422,
epoch: [43], step: [1016/1581], batch loss: 0.11459, batch accuracy: 93.75, data load time: 0.00392, step time: 0.01033,
epoch: [43], step: [1316/1581], batch loss: 0.08178, batch accuracy: 96.88, data load time: 0.00024, step time: 0.01577,
epoch: [44], step: [35/1581], batch loss: 0.06977, batch accuracy: 96.88, data load time: 0.00603, step time: 0.00974,
epoch: [44], step: [335/1581], batch loss: 0.52925, batch accuracy: 93.75, data load time: 0.00023, step time: 0.01591,
epoch: [44], step: [635/1581], batch loss: 0.21302, batch accuracy: 93.75, data load time: 0.00023, step time: 0.01748,
epoch: [44], step: [935/1581], batch loss: 0.09358, batch accuracy: 96.88, data load time: 0.00023, step time: 0.01035,
epoch: [44], step: [1235/1581], batch loss: 0.28700, batch accuracy: 90.62, data load time: 0.00036, step time: 0.01111,
epoch: [44], step: [1535/1581], batch loss: 0.11754, batch accuracy: 96.88, data load time: 0.00016, step time: 0.00915,
validation loss: 0.89309, accuracy: 74.92, class_accuracy: [59.32203389830509, 97.36842105263158, 68.37606837606837, 78.76106194690266, 75.42372881355932, 61.46788990825688, 100.0, 99.11504424778761, 58.16326530612245, 81.35593220338983]
epoch: [45], step: [254/1581], batch loss: 0.21616, batch accuracy: 96.88, data load time: 0.00022, step time: 0.01599,
epoch: [45], step: [554/1581], batch loss: 0.27060, batch accuracy: 90.62, data load time: 0.00024, step time: 0.01006,
epoch: [45], step: [854/1581], batch loss: 0.32739, batch accuracy: 87.50, data load time: 0.00025, step time: 0.01064,
epoch: [45], step: [1154/1581], batch loss: 0.27045, batch accuracy: 100.00, data load time: 0.00046, step time: 0.01108,
epoch: [45], step: [1454/1581], batch loss: 0.03719, batch accuracy: 100.00, data load time: 0.00352, step time: 0.01042,
epoch: [46], step: [173/1581], batch loss: 0.25683, batch accuracy: 93.75, data load time: 0.00027, step time: 0.01128,
epoch: [46], step: [473/1581], batch loss: 0.05732, batch accuracy: 100.00, data load time: 0.00022, step time: 0.01154,
epoch: [46], step: [773/1581], batch loss: 0.12814, batch accuracy: 93.75, data load time: 0.00334, step time: 0.01022,
epoch: [46], step: [1073/1581], batch loss: 0.11501, batch accuracy: 90.62, data load time: 0.00033, step time: 0.00948,
epoch: [46], step: [1373/1581], batch loss: 0.11064, batch accuracy: 93.75, data load time: 0.00023, step time: 0.00975,
epoch: [47], step: [92/1581], batch loss: 0.05026, batch accuracy: 100.00, data load time: 0.00020, step time: 0.01012,
epoch: [47], step: [392/1581], batch loss: 0.06565, batch accuracy: 100.00, data load time: 0.00022, step time: 0.00972,
epoch: [47], step: [692/1581], batch loss: 0.04058, batch accuracy: 100.00, data load time: 0.00024, step time: 0.01019,
epoch: [47], step: [992/1581], batch loss: 0.07974, batch accuracy: 96.88, data load time: 0.00446, step time: 0.01280,
epoch: [47], step: [1292/1581], batch loss: 0.30466, batch accuracy: 90.62, data load time: 0.00021, step time: 0.01511,
epoch: [48], step: [11/1581], batch loss: 0.13644, batch accuracy: 93.75, data load time: 0.00022, step time: 0.01038,
epoch: [48], step: [311/1581], batch loss: 0.12031, batch accuracy: 96.88, data load time: 0.00484, step time: 0.00987,
epoch: [48], step: [611/1581], batch loss: 0.06945, batch accuracy: 100.00, data load time: 0.00023, step time: 0.00978,
epoch: [48], step: [911/1581], batch loss: 0.16502, batch accuracy: 93.75, data load time: 0.00020, step time: 0.01488,
epoch: [48], step: [1211/1581], batch loss: 0.12141, batch accuracy: 96.88, data load time: 0.00329, step time: 0.01111,
epoch: [48], step: [1511/1581], batch loss: 0.05001, batch accuracy: 100.00, data load time: 0.00021, step time: 0.01121,
epoch: [49], step: [230/1581], batch loss: 0.20018, batch accuracy: 93.75, data load time: 0.00026, step time: 0.01082,
epoch: [49], step: [530/1581], batch loss: 0.11223, batch accuracy: 96.88, data load time: 0.00548, step time: 0.01002,
epoch: [49], step: [830/1581], batch loss: 0.14752, batch accuracy: 93.75, data load time: 0.00025, step time: 0.01141,
epoch: [49], step: [1130/1581], batch loss: 0.09165, batch accuracy: 93.75, data load time: 0.00281, step time: 0.01363,
epoch: [49], step: [1430/1581], batch loss: 0.10428, batch accuracy: 96.88, data load time: 0.00024, step time: 0.01556,
validation loss: 0.91253, accuracy: 73.08, class_accuracy: [36.440677966101696, 92.10526315789474, 65.8119658119658, 74.33628318584071, 90.67796610169492, 77.98165137614679, 100.0, 97.34513274336283, 44.89795918367347, 79.66101694915254]
Total time taken: 1172.9028949737549
