Using CUDA...
Writing logs to logs/CNN_bn_dropout=0.5_bs=32_lr=0.001_momentum=0.9_brightness=0_rotation=0_run_2
epoch: [0], step: [299/1581], batch loss: 1.40317, batch accuracy: 56.25, data load time: 0.00024, step time: 0.01247,
epoch: [0], step: [599/1581], batch loss: 1.08924, batch accuracy: 68.75, data load time: 0.00040, step time: 0.01083,
epoch: [0], step: [899/1581], batch loss: 0.76337, batch accuracy: 81.25, data load time: 0.00024, step time: 0.01791,
epoch: [0], step: [1199/1581], batch loss: 0.76420, batch accuracy: 78.12, data load time: 0.00022, step time: 0.01160,
epoch: [0], step: [1499/1581], batch loss: 0.51411, batch accuracy: 78.12, data load time: 0.00022, step time: 0.01727,
epoch: [1], step: [218/1581], batch loss: 0.43305, batch accuracy: 81.25, data load time: 0.00330, step time: 0.01106,
epoch: [1], step: [518/1581], batch loss: 0.60200, batch accuracy: 78.12, data load time: 0.00033, step time: 0.01080,
epoch: [1], step: [818/1581], batch loss: 0.20630, batch accuracy: 90.62, data load time: 0.00624, step time: 0.01079,
epoch: [1], step: [1118/1581], batch loss: 0.34883, batch accuracy: 87.50, data load time: 0.00024, step time: 0.01064,
epoch: [1], step: [1418/1581], batch loss: 0.25937, batch accuracy: 90.62, data load time: 0.00403, step time: 0.01393,
epoch: [2], step: [137/1581], batch loss: 0.27591, batch accuracy: 87.50, data load time: 0.00022, step time: 0.01120,
epoch: [2], step: [437/1581], batch loss: 0.29625, batch accuracy: 87.50, data load time: 0.00026, step time: 0.01812,
epoch: [2], step: [737/1581], batch loss: 0.27152, batch accuracy: 87.50, data load time: 0.00024, step time: 0.02229,
epoch: [2], step: [1037/1581], batch loss: 0.23724, batch accuracy: 93.75, data load time: 0.00024, step time: 0.01110,
epoch: [2], step: [1337/1581], batch loss: 0.14773, batch accuracy: 93.75, data load time: 0.00025, step time: 0.01105,
epoch: [3], step: [56/1581], batch loss: 0.27148, batch accuracy: 90.62, data load time: 0.00020, step time: 0.01144,
epoch: [3], step: [356/1581], batch loss: 0.09250, batch accuracy: 96.88, data load time: 0.00026, step time: 0.01806,
epoch: [3], step: [656/1581], batch loss: 0.41397, batch accuracy: 81.25, data load time: 0.00026, step time: 0.01116,
epoch: [3], step: [956/1581], batch loss: 0.11444, batch accuracy: 93.75, data load time: 0.00330, step time: 0.01122,
epoch: [3], step: [1256/1581], batch loss: 0.33849, batch accuracy: 90.62, data load time: 0.00326, step time: 0.01285,
epoch: [3], step: [1556/1581], batch loss: 0.36957, batch accuracy: 81.25, data load time: 0.00011, step time: 0.00943,
epoch: [4], step: [275/1581], batch loss: 0.05989, batch accuracy: 96.88, data load time: 0.00021, step time: 0.01141,
epoch: [4], step: [575/1581], batch loss: 0.04288, batch accuracy: 100.00, data load time: 0.00157, step time: 0.01278,
epoch: [4], step: [875/1581], batch loss: 0.34448, batch accuracy: 90.62, data load time: 0.00331, step time: 0.01117,
epoch: [4], step: [1175/1581], batch loss: 0.21593, batch accuracy: 93.75, data load time: 0.00338, step time: 0.01199,
epoch: [4], step: [1475/1581], batch loss: 0.18414, batch accuracy: 93.75, data load time: 0.00021, step time: 0.01044,
validation loss: 1.58666, accuracy: 67.78, class_accuracy: [38.142857142857146, 87.8048780487805, 82.27665706051873, 69.20353982300885, 69.6594427244582, 51.857585139318886, 94.11764705882354, 90.96774193548387, 58.422939068100355, 73.28571428571429]
epoch: [5], step: [194/1581], batch loss: 0.05837, batch accuracy: 96.88, data load time: 0.00033, step time: 0.01294,
epoch: [5], step: [494/1581], batch loss: 0.22655, batch accuracy: 93.75, data load time: 0.00034, step time: 0.01146,
epoch: [5], step: [794/1581], batch loss: 0.19748, batch accuracy: 93.75, data load time: 0.00023, step time: 0.01071,
epoch: [5], step: [1094/1581], batch loss: 0.04064, batch accuracy: 100.00, data load time: 0.00021, step time: 0.01034,
epoch: [5], step: [1394/1581], batch loss: 0.11404, batch accuracy: 96.88, data load time: 0.00022, step time: 0.01085,
epoch: [6], step: [113/1581], batch loss: 0.22964, batch accuracy: 96.88, data load time: 0.00023, step time: 0.01058,
epoch: [6], step: [413/1581], batch loss: 0.07541, batch accuracy: 96.88, data load time: 0.00032, step time: 0.01136,
epoch: [6], step: [713/1581], batch loss: 0.13048, batch accuracy: 93.75, data load time: 0.00023, step time: 0.01096,
epoch: [6], step: [1013/1581], batch loss: 0.12100, batch accuracy: 96.88, data load time: 0.00146, step time: 0.01361,
epoch: [6], step: [1313/1581], batch loss: 0.13203, batch accuracy: 93.75, data load time: 0.00024, step time: 0.01136,
epoch: [7], step: [32/1581], batch loss: 0.01077, batch accuracy: 100.00, data load time: 0.00019, step time: 0.01288,
epoch: [7], step: [332/1581], batch loss: 0.04831, batch accuracy: 100.00, data load time: 0.01000, step time: 0.01198,
epoch: [7], step: [632/1581], batch loss: 0.01144, batch accuracy: 100.00, data load time: 0.00338, step time: 0.01341,
epoch: [7], step: [932/1581], batch loss: 0.16448, batch accuracy: 93.75, data load time: 0.00053, step time: 0.01154,
epoch: [7], step: [1232/1581], batch loss: 0.06967, batch accuracy: 96.88, data load time: 0.00024, step time: 0.01137,
epoch: [7], step: [1532/1581], batch loss: 0.15298, batch accuracy: 93.75, data load time: 0.00020, step time: 0.01829,
epoch: [8], step: [251/1581], batch loss: 0.02316, batch accuracy: 100.00, data load time: 0.00025, step time: 0.01132,
epoch: [8], step: [551/1581], batch loss: 0.07525, batch accuracy: 96.88, data load time: 0.00021, step time: 0.01075,
epoch: [8], step: [851/1581], batch loss: 0.03062, batch accuracy: 100.00, data load time: 0.00025, step time: 0.01876,
epoch: [8], step: [1151/1581], batch loss: 0.14002, batch accuracy: 93.75, data load time: 0.00024, step time: 0.01113,
epoch: [8], step: [1451/1581], batch loss: 0.08678, batch accuracy: 96.88, data load time: 0.00024, step time: 0.01264,
epoch: [9], step: [170/1581], batch loss: 0.05940, batch accuracy: 96.88, data load time: 0.00022, step time: 0.01908,
epoch: [9], step: [470/1581], batch loss: 0.09391, batch accuracy: 96.88, data load time: 0.00022, step time: 0.01266,
epoch: [9], step: [770/1581], batch loss: 0.09299, batch accuracy: 96.88, data load time: 0.00023, step time: 0.01266,
epoch: [9], step: [1070/1581], batch loss: 0.06896, batch accuracy: 96.88, data load time: 0.00628, step time: 0.01170,
epoch: [9], step: [1370/1581], batch loss: 0.18591, batch accuracy: 96.88, data load time: 0.00349, step time: 0.01426,
validation loss: 1.52105, accuracy: 68.99, class_accuracy: [46.0, 88.41463414634147, 82.42074927953891, 70.08849557522124, 72.91021671826626, 49.22600619195047, 93.13725490196079, 90.48387096774194, 52.32974910394265, 78.57142857142857]
epoch: [10], step: [89/1581], batch loss: 0.08410, batch accuracy: 96.88, data load time: 0.00023, step time: 0.01539,
epoch: [10], step: [389/1581], batch loss: 0.07491, batch accuracy: 96.88, data load time: 0.00621, step time: 0.01139,
epoch: [10], step: [689/1581], batch loss: 0.04655, batch accuracy: 96.88, data load time: 0.00025, step time: 0.01227,
epoch: [10], step: [989/1581], batch loss: 0.02969, batch accuracy: 100.00, data load time: 0.00331, step time: 0.01440,
epoch: [10], step: [1289/1581], batch loss: 0.07412, batch accuracy: 96.88, data load time: 0.00337, step time: 0.01294,
epoch: [11], step: [8/1581], batch loss: 0.08526, batch accuracy: 96.88, data load time: 0.00414, step time: 0.01587,
epoch: [11], step: [308/1581], batch loss: 0.22469, batch accuracy: 93.75, data load time: 0.00022, step time: 0.01732,
epoch: [11], step: [608/1581], batch loss: 0.08698, batch accuracy: 93.75, data load time: 0.00026, step time: 0.01290,
epoch: [11], step: [908/1581], batch loss: 0.04308, batch accuracy: 96.88, data load time: 0.00024, step time: 0.01157,
epoch: [11], step: [1208/1581], batch loss: 0.00068, batch accuracy: 100.00, data load time: 0.00140, step time: 0.01075,
epoch: [11], step: [1508/1581], batch loss: 0.01800, batch accuracy: 100.00, data load time: 0.00024, step time: 0.01056,
epoch: [12], step: [227/1581], batch loss: 0.00925, batch accuracy: 100.00, data load time: 0.00426, step time: 0.01415,
epoch: [12], step: [527/1581], batch loss: 0.00960, batch accuracy: 100.00, data load time: 0.00337, step time: 0.01381,
epoch: [12], step: [827/1581], batch loss: 0.02753, batch accuracy: 100.00, data load time: 0.00022, step time: 0.01796,
epoch: [12], step: [1127/1581], batch loss: 0.03666, batch accuracy: 100.00, data load time: 0.00022, step time: 0.01810,
epoch: [12], step: [1427/1581], batch loss: 0.00134, batch accuracy: 100.00, data load time: 0.00021, step time: 0.02200,
epoch: [13], step: [146/1581], batch loss: 0.14893, batch accuracy: 93.75, data load time: 0.00023, step time: 0.01154,
epoch: [13], step: [446/1581], batch loss: 0.03928, batch accuracy: 100.00, data load time: 0.00642, step time: 0.01140,
epoch: [13], step: [746/1581], batch loss: 0.04735, batch accuracy: 96.88, data load time: 0.00021, step time: 0.01233,
epoch: [13], step: [1046/1581], batch loss: 0.01530, batch accuracy: 100.00, data load time: 0.00025, step time: 0.01094,
epoch: [13], step: [1346/1581], batch loss: 0.03094, batch accuracy: 100.00, data load time: 0.00061, step time: 0.01323,
epoch: [14], step: [65/1581], batch loss: 0.01333, batch accuracy: 100.00, data load time: 0.00031, step time: 0.01214,
epoch: [14], step: [365/1581], batch loss: 0.01649, batch accuracy: 100.00, data load time: 0.00025, step time: 0.01117,
epoch: [14], step: [665/1581], batch loss: 0.04771, batch accuracy: 100.00, data load time: 0.00033, step time: 0.01196,
epoch: [14], step: [965/1581], batch loss: 0.05981, batch accuracy: 100.00, data load time: 0.00022, step time: 0.01041,
epoch: [14], step: [1265/1581], batch loss: 0.00429, batch accuracy: 100.00, data load time: 0.00025, step time: 0.01289,
epoch: [14], step: [1565/1581], batch loss: 0.00084, batch accuracy: 100.00, data load time: 0.00011, step time: 0.00942,
validation loss: 1.53061, accuracy: 69.99, class_accuracy: [62.0, 83.53658536585365, 82.9971181556196, 70.08849557522124, 69.04024767801857, 56.656346749226, 88.23529411764706, 74.83870967741936, 53.763440860215056, 81.0]
epoch: [15], step: [284/1581], batch loss: 0.10750, batch accuracy: 93.75, data load time: 0.00023, step time: 0.01373,
epoch: [15], step: [584/1581], batch loss: 0.05773, batch accuracy: 100.00, data load time: 0.00023, step time: 0.01085,
epoch: [15], step: [884/1581], batch loss: 0.00524, batch accuracy: 100.00, data load time: 0.00594, step time: 0.01095,
epoch: [15], step: [1184/1581], batch loss: 0.01534, batch accuracy: 100.00, data load time: 0.00022, step time: 0.01618,
epoch: [15], step: [1484/1581], batch loss: 0.11886, batch accuracy: 96.88, data load time: 0.00023, step time: 0.01159,
epoch: [16], step: [203/1581], batch loss: 0.08015, batch accuracy: 96.88, data load time: 0.00024, step time: 0.01252,
epoch: [16], step: [503/1581], batch loss: 0.00787, batch accuracy: 100.00, data load time: 0.00028, step time: 0.01820,
epoch: [16], step: [803/1581], batch loss: 0.06588, batch accuracy: 96.88, data load time: 0.00942, step time: 0.01397,
epoch: [16], step: [1103/1581], batch loss: 0.00727, batch accuracy: 100.00, data load time: 0.00023, step time: 0.01133,
epoch: [16], step: [1403/1581], batch loss: 0.05316, batch accuracy: 100.00, data load time: 0.00022, step time: 0.01543,
epoch: [17], step: [122/1581], batch loss: 0.02974, batch accuracy: 100.00, data load time: 0.00368, step time: 0.01525,
epoch: [17], step: [422/1581], batch loss: 0.00068, batch accuracy: 100.00, data load time: 0.00022, step time: 0.01037,
epoch: [17], step: [722/1581], batch loss: 0.03224, batch accuracy: 100.00, data load time: 0.00342, step time: 0.01138,
epoch: [17], step: [1022/1581], batch loss: 0.01134, batch accuracy: 100.00, data load time: 0.00023, step time: 0.01761,
epoch: [17], step: [1322/1581], batch loss: 0.21308, batch accuracy: 93.75, data load time: 0.00030, step time: 0.01721,
epoch: [18], step: [41/1581], batch loss: 0.00274, batch accuracy: 100.00, data load time: 0.00385, step time: 0.01462,
epoch: [18], step: [341/1581], batch loss: 0.00761, batch accuracy: 100.00, data load time: 0.00022, step time: 0.01172,
epoch: [18], step: [641/1581], batch loss: 0.00914, batch accuracy: 100.00, data load time: 0.00409, step time: 0.01358,
epoch: [18], step: [941/1581], batch loss: 0.01475, batch accuracy: 100.00, data load time: 0.00023, step time: 0.01830,
epoch: [18], step: [1241/1581], batch loss: 0.00895, batch accuracy: 100.00, data load time: 0.00358, step time: 0.01152,
epoch: [18], step: [1541/1581], batch loss: 0.02831, batch accuracy: 100.00, data load time: 0.00013, step time: 0.00944,
epoch: [19], step: [260/1581], batch loss: 0.05985, batch accuracy: 96.88, data load time: 0.00614, step time: 0.01223,
epoch: [19], step: [560/1581], batch loss: 0.14028, batch accuracy: 93.75, data load time: 0.00115, step time: 0.01063,
epoch: [19], step: [860/1581], batch loss: 0.08450, batch accuracy: 96.88, data load time: 0.00027, step time: 0.01152,
epoch: [19], step: [1160/1581], batch loss: 0.00794, batch accuracy: 100.00, data load time: 0.00024, step time: 0.01249,
epoch: [19], step: [1460/1581], batch loss: 0.05541, batch accuracy: 96.88, data load time: 0.00030, step time: 0.01120,
validation loss: 1.95095, accuracy: 65.62, class_accuracy: [35.0, 87.1951219512195, 75.64841498559078, 75.929203539823, 63.1578947368421, 50.154798761609904, 89.2156862745098, 93.70967741935483, 50.3584229390681, 73.28571428571429]
epoch: [20], step: [179/1581], batch loss: 0.12356, batch accuracy: 93.75, data load time: 0.00022, step time: 0.01265,
epoch: [20], step: [479/1581], batch loss: 0.02784, batch accuracy: 100.00, data load time: 0.00022, step time: 0.01061,
epoch: [20], step: [779/1581], batch loss: 0.00467, batch accuracy: 100.00, data load time: 0.00024, step time: 0.01154,
epoch: [20], step: [1079/1581], batch loss: 0.01260, batch accuracy: 100.00, data load time: 0.00023, step time: 0.01044,
epoch: [20], step: [1379/1581], batch loss: 0.02526, batch accuracy: 100.00, data load time: 0.00480, step time: 0.01329,
epoch: [21], step: [98/1581], batch loss: 0.00176, batch accuracy: 100.00, data load time: 0.00023, step time: 0.01122,
epoch: [21], step: [398/1581], batch loss: 0.01159, batch accuracy: 100.00, data load time: 0.00469, step time: 0.01248,
epoch: [21], step: [698/1581], batch loss: 0.02942, batch accuracy: 100.00, data load time: 0.00022, step time: 0.01915,
epoch: [21], step: [998/1581], batch loss: 0.01673, batch accuracy: 100.00, data load time: 0.00029, step time: 0.01137,
epoch: [21], step: [1298/1581], batch loss: 0.00826, batch accuracy: 100.00, data load time: 0.00027, step time: 0.01642,
epoch: [22], step: [17/1581], batch loss: 0.02025, batch accuracy: 100.00, data load time: 0.00042, step time: 0.01435,
epoch: [22], step: [317/1581], batch loss: 0.13122, batch accuracy: 96.88, data load time: 0.00021, step time: 0.01673,
epoch: [22], step: [617/1581], batch loss: 0.02018, batch accuracy: 100.00, data load time: 0.00646, step time: 0.01197,
epoch: [22], step: [917/1581], batch loss: 0.01657, batch accuracy: 100.00, data load time: 0.00027, step time: 0.01106,
epoch: [22], step: [1217/1581], batch loss: 0.00683, batch accuracy: 100.00, data load time: 0.00589, step time: 0.01049,
epoch: [22], step: [1517/1581], batch loss: 0.09283, batch accuracy: 93.75, data load time: 0.00396, step time: 0.01259,
epoch: [23], step: [236/1581], batch loss: 0.01152, batch accuracy: 100.00, data load time: 0.00544, step time: 0.01329,
epoch: [23], step: [536/1581], batch loss: 0.07467, batch accuracy: 100.00, data load time: 0.00022, step time: 0.01110,
epoch: [23], step: [836/1581], batch loss: 0.00407, batch accuracy: 100.00, data load time: 0.00023, step time: 0.01641,
epoch: [23], step: [1136/1581], batch loss: 0.00272, batch accuracy: 100.00, data load time: 0.00033, step time: 0.01257,
epoch: [23], step: [1436/1581], batch loss: 0.02017, batch accuracy: 100.00, data load time: 0.00022, step time: 0.01046,
epoch: [24], step: [155/1581], batch loss: 0.04021, batch accuracy: 96.88, data load time: 0.00025, step time: 0.01758,
epoch: [24], step: [455/1581], batch loss: 0.02070, batch accuracy: 100.00, data load time: 0.00022, step time: 0.01121,
epoch: [24], step: [755/1581], batch loss: 0.01175, batch accuracy: 100.00, data load time: 0.00023, step time: 0.01233,
epoch: [24], step: [1055/1581], batch loss: 0.08797, batch accuracy: 96.88, data load time: 0.00368, step time: 0.01387,
epoch: [24], step: [1355/1581], batch loss: 0.13394, batch accuracy: 96.88, data load time: 0.00022, step time: 0.01062,
validation loss: 1.80991, accuracy: 67.67, class_accuracy: [40.714285714285715, 84.14634146341463, 72.76657060518733, 70.97345132743362, 76.93498452012383, 50.309597523219814, 91.17647058823529, 94.03225806451613, 50.7168458781362, 77.28571428571429]
epoch: [25], step: [74/1581], batch loss: 0.01741, batch accuracy: 100.00, data load time: 0.00025, step time: 0.01232,
epoch: [25], step: [374/1581], batch loss: 0.02923, batch accuracy: 100.00, data load time: 0.00024, step time: 0.01051,
epoch: [25], step: [674/1581], batch loss: 0.06799, batch accuracy: 96.88, data load time: 0.00022, step time: 0.01052,
epoch: [25], step: [974/1581], batch loss: 0.13543, batch accuracy: 96.88, data load time: 0.00301, step time: 0.01406,
epoch: [25], step: [1274/1581], batch loss: 0.05036, batch accuracy: 96.88, data load time: 0.00034, step time: 0.01292,
epoch: [25], step: [1574/1581], batch loss: 0.00792, batch accuracy: 100.00, data load time: 0.00012, step time: 0.00944,
epoch: [26], step: [293/1581], batch loss: 0.08311, batch accuracy: 96.88, data load time: 0.00024, step time: 0.01071,
epoch: [26], step: [593/1581], batch loss: 0.06458, batch accuracy: 96.88, data load time: 0.00084, step time: 0.01510,
epoch: [26], step: [893/1581], batch loss: 0.00188, batch accuracy: 100.00, data load time: 0.00022, step time: 0.01723,
epoch: [26], step: [1193/1581], batch loss: 0.17643, batch accuracy: 93.75, data load time: 0.00023, step time: 0.01353,
epoch: [26], step: [1493/1581], batch loss: 0.06937, batch accuracy: 96.88, data load time: 0.00022, step time: 0.01036,
epoch: [27], step: [212/1581], batch loss: 0.03668, batch accuracy: 100.00, data load time: 0.00334, step time: 0.01234,
epoch: [27], step: [512/1581], batch loss: 0.12431, batch accuracy: 96.88, data load time: 0.00022, step time: 0.01054,
epoch: [27], step: [812/1581], batch loss: 0.08642, batch accuracy: 93.75, data load time: 0.00025, step time: 0.01999,
epoch: [27], step: [1112/1581], batch loss: 0.11091, batch accuracy: 96.88, data load time: 0.00026, step time: 0.01316,
epoch: [27], step: [1412/1581], batch loss: 0.00542, batch accuracy: 100.00, data load time: 0.00023, step time: 0.01210,
epoch: [28], step: [131/1581], batch loss: 0.05355, batch accuracy: 96.88, data load time: 0.00022, step time: 0.01266,
epoch: [28], step: [431/1581], batch loss: 0.00081, batch accuracy: 100.00, data load time: 0.00036, step time: 0.01133,
epoch: [28], step: [731/1581], batch loss: 0.04176, batch accuracy: 100.00, data load time: 0.00383, step time: 0.01441,
epoch: [28], step: [1031/1581], batch loss: 0.01153, batch accuracy: 100.00, data load time: 0.00617, step time: 0.01169,
epoch: [28], step: [1331/1581], batch loss: 0.04181, batch accuracy: 96.88, data load time: 0.00035, step time: 0.01066,
epoch: [29], step: [50/1581], batch loss: 0.06220, batch accuracy: 96.88, data load time: 0.00024, step time: 0.01670,
epoch: [29], step: [350/1581], batch loss: 0.02707, batch accuracy: 100.00, data load time: 0.00025, step time: 0.01260,
epoch: [29], step: [650/1581], batch loss: 0.04924, batch accuracy: 96.88, data load time: 0.00103, step time: 0.01403,
epoch: [29], step: [950/1581], batch loss: 0.03202, batch accuracy: 96.88, data load time: 0.00023, step time: 0.01886,
epoch: [29], step: [1250/1581], batch loss: 0.00032, batch accuracy: 100.00, data load time: 0.00817, step time: 0.01365,
epoch: [29], step: [1550/1581], batch loss: 0.02103, batch accuracy: 100.00, data load time: 0.00011, step time: 0.00943,
validation loss: 1.72918, accuracy: 70.29, class_accuracy: [47.285714285714285, 87.8048780487805, 89.04899135446686, 73.09734513274336, 73.21981424148606, 49.22600619195047, 89.2156862745098, 88.2258064516129, 55.19713261648746, 78.42857142857143]
epoch: [30], step: [269/1581], batch loss: 0.23179, batch accuracy: 93.75, data load time: 0.00339, step time: 0.01152,
epoch: [30], step: [569/1581], batch loss: 0.00135, batch accuracy: 100.00, data load time: 0.00322, step time: 0.01406,
epoch: [30], step: [869/1581], batch loss: 0.12642, batch accuracy: 93.75, data load time: 0.00023, step time: 0.01078,
epoch: [30], step: [1169/1581], batch loss: 0.07394, batch accuracy: 96.88, data load time: 0.00023, step time: 0.01965,
epoch: [30], step: [1469/1581], batch loss: 0.00479, batch accuracy: 100.00, data load time: 0.00023, step time: 0.01146,
epoch: [31], step: [188/1581], batch loss: 0.01058, batch accuracy: 100.00, data load time: 0.00024, step time: 0.01233,
epoch: [31], step: [488/1581], batch loss: 0.00176, batch accuracy: 100.00, data load time: 0.00042, step time: 0.01105,
epoch: [31], step: [788/1581], batch loss: 0.01281, batch accuracy: 100.00, data load time: 0.00023, step time: 0.01755,
epoch: [31], step: [1088/1581], batch loss: 0.04261, batch accuracy: 96.88, data load time: 0.00027, step time: 0.01303,
epoch: [31], step: [1388/1581], batch loss: 0.00861, batch accuracy: 100.00, data load time: 0.00486, step time: 0.01279,
epoch: [32], step: [107/1581], batch loss: 0.00350, batch accuracy: 100.00, data load time: 0.00022, step time: 0.01765,
epoch: [32], step: [407/1581], batch loss: 0.00577, batch accuracy: 100.00, data load time: 0.00025, step time: 0.01766,
epoch: [32], step: [707/1581], batch loss: 0.01061, batch accuracy: 100.00, data load time: 0.00025, step time: 0.01145,
epoch: [32], step: [1007/1581], batch loss: 0.10350, batch accuracy: 96.88, data load time: 0.00025, step time: 0.01091,
epoch: [32], step: [1307/1581], batch loss: 0.06142, batch accuracy: 96.88, data load time: 0.00023, step time: 0.01232,
epoch: [33], step: [26/1581], batch loss: 0.00743, batch accuracy: 100.00, data load time: 0.00339, step time: 0.01218,
epoch: [33], step: [326/1581], batch loss: 0.02940, batch accuracy: 96.88, data load time: 0.00453, step time: 0.01168,
epoch: [33], step: [626/1581], batch loss: 0.02644, batch accuracy: 100.00, data load time: 0.00022, step time: 0.01032,
epoch: [33], step: [926/1581], batch loss: 0.00353, batch accuracy: 100.00, data load time: 0.00321, step time: 0.01357,
epoch: [33], step: [1226/1581], batch loss: 0.01065, batch accuracy: 100.00, data load time: 0.00022, step time: 0.01048,
epoch: [33], step: [1526/1581], batch loss: 0.00160, batch accuracy: 100.00, data load time: 0.00019, step time: 0.01921,
epoch: [34], step: [245/1581], batch loss: 0.34022, batch accuracy: 87.50, data load time: 0.00140, step time: 0.01424,
epoch: [34], step: [545/1581], batch loss: 0.00473, batch accuracy: 100.00, data load time: 0.00024, step time: 0.02037,
epoch: [34], step: [845/1581], batch loss: 0.00281, batch accuracy: 100.00, data load time: 0.00025, step time: 0.01131,
epoch: [34], step: [1145/1581], batch loss: 0.03335, batch accuracy: 96.88, data load time: 0.00022, step time: 0.01078,
epoch: [34], step: [1445/1581], batch loss: 0.00679, batch accuracy: 100.00, data load time: 0.00025, step time: 0.01069,
validation loss: 1.86667, accuracy: 68.30, class_accuracy: [43.0, 86.58536585365853, 78.96253602305475, 70.08849557522124, 69.96904024767802, 50.61919504643963, 91.17647058823529, 91.12903225806451, 57.168458781362006, 77.42857142857143]
epoch: [35], step: [164/1581], batch loss: 0.00068, batch accuracy: 100.00, data load time: 0.00030, step time: 0.01680,
epoch: [35], step: [464/1581], batch loss: 0.03224, batch accuracy: 96.88, data load time: 0.00025, step time: 0.01043,
epoch: [35], step: [764/1581], batch loss: 0.05844, batch accuracy: 96.88, data load time: 0.00024, step time: 0.01056,
epoch: [35], step: [1064/1581], batch loss: 0.29529, batch accuracy: 93.75, data load time: 0.00317, step time: 0.01070,
epoch: [35], step: [1364/1581], batch loss: 0.02218, batch accuracy: 100.00, data load time: 0.00023, step time: 0.01233,
epoch: [36], step: [83/1581], batch loss: 0.01864, batch accuracy: 100.00, data load time: 0.00031, step time: 0.01860,
epoch: [36], step: [383/1581], batch loss: 0.00712, batch accuracy: 100.00, data load time: 0.00025, step time: 0.01159,
epoch: [36], step: [683/1581], batch loss: 0.02181, batch accuracy: 100.00, data load time: 0.00324, step time: 0.01303,
epoch: [36], step: [983/1581], batch loss: 0.01132, batch accuracy: 100.00, data load time: 0.00021, step time: 0.01034,
epoch: [36], step: [1283/1581], batch loss: 0.01538, batch accuracy: 100.00, data load time: 0.00608, step time: 0.01048,
epoch: [37], step: [2/1581], batch loss: 0.11749, batch accuracy: 93.75, data load time: 0.00025, step time: 0.01328,
epoch: [37], step: [302/1581], batch loss: 0.00433, batch accuracy: 100.00, data load time: 0.00023, step time: 0.01121,
epoch: [37], step: [602/1581], batch loss: 0.01922, batch accuracy: 100.00, data load time: 0.00021, step time: 0.01112,
epoch: [37], step: [902/1581], batch loss: 0.01024, batch accuracy: 100.00, data load time: 0.00022, step time: 0.01125,
epoch: [37], step: [1202/1581], batch loss: 0.25586, batch accuracy: 96.88, data load time: 0.00023, step time: 0.01123,
epoch: [37], step: [1502/1581], batch loss: 0.02231, batch accuracy: 100.00, data load time: 0.00022, step time: 0.01053,
epoch: [38], step: [221/1581], batch loss: 0.05401, batch accuracy: 96.88, data load time: 0.00426, step time: 0.01191,
epoch: [38], step: [521/1581], batch loss: 0.03493, batch accuracy: 100.00, data load time: 0.00023, step time: 0.01274,
epoch: [38], step: [821/1581], batch loss: 0.11730, batch accuracy: 96.88, data load time: 0.00025, step time: 0.01109,
epoch: [38], step: [1121/1581], batch loss: 0.00706, batch accuracy: 100.00, data load time: 0.00023, step time: 0.01043,
epoch: [38], step: [1421/1581], batch loss: 0.00657, batch accuracy: 100.00, data load time: 0.00021, step time: 0.01051,
epoch: [39], step: [140/1581], batch loss: 0.04402, batch accuracy: 96.88, data load time: 0.00021, step time: 0.01023,
epoch: [39], step: [440/1581], batch loss: 0.03219, batch accuracy: 100.00, data load time: 0.00021, step time: 0.01049,
epoch: [39], step: [740/1581], batch loss: 0.00182, batch accuracy: 100.00, data load time: 0.00022, step time: 0.01063,
epoch: [39], step: [1040/1581], batch loss: 0.06212, batch accuracy: 96.88, data load time: 0.00025, step time: 0.01378,
epoch: [39], step: [1340/1581], batch loss: 0.00250, batch accuracy: 100.00, data load time: 0.00022, step time: 0.01376,
validation loss: 1.69253, accuracy: 68.88, class_accuracy: [53.57142857142857, 86.58536585365853, 72.76657060518733, 72.21238938053098, 74.45820433436532, 50.309597523219814, 92.15686274509804, 85.64516129032258, 55.017921146953405, 78.28571428571429]
epoch: [40], step: [59/1581], batch loss: 0.00924, batch accuracy: 100.00, data load time: 0.00344, step time: 0.01188,
epoch: [40], step: [359/1581], batch loss: 0.00079, batch accuracy: 100.00, data load time: 0.00598, step time: 0.01958,
epoch: [40], step: [659/1581], batch loss: 0.00205, batch accuracy: 100.00, data load time: 0.00520, step time: 0.01270,
epoch: [40], step: [959/1581], batch loss: 0.00159, batch accuracy: 100.00, data load time: 0.00022, step time: 0.01081,
epoch: [40], step: [1259/1581], batch loss: 0.17393, batch accuracy: 96.88, data load time: 0.00356, step time: 0.01386,
epoch: [40], step: [1559/1581], batch loss: 0.00862, batch accuracy: 100.00, data load time: 0.00012, step time: 0.00944,
epoch: [41], step: [278/1581], batch loss: 0.01465, batch accuracy: 100.00, data load time: 0.00020, step time: 0.01669,
epoch: [41], step: [578/1581], batch loss: 0.00210, batch accuracy: 100.00, data load time: 0.00022, step time: 0.01098,
epoch: [41], step: [878/1581], batch loss: 0.00235, batch accuracy: 100.00, data load time: 0.00272, step time: 0.01505,
epoch: [41], step: [1178/1581], batch loss: 0.03827, batch accuracy: 96.88, data load time: 0.00024, step time: 0.01099,
epoch: [41], step: [1478/1581], batch loss: 0.00402, batch accuracy: 100.00, data load time: 0.00444, step time: 0.01350,
epoch: [42], step: [197/1581], batch loss: 0.00941, batch accuracy: 100.00, data load time: 0.00026, step time: 0.01142,
epoch: [42], step: [497/1581], batch loss: 0.00530, batch accuracy: 100.00, data load time: 0.00022, step time: 0.01094,
epoch: [42], step: [797/1581], batch loss: 0.07400, batch accuracy: 96.88, data load time: 0.00022, step time: 0.01329,
epoch: [42], step: [1097/1581], batch loss: 0.02570, batch accuracy: 100.00, data load time: 0.00022, step time: 0.01031,
epoch: [42], step: [1397/1581], batch loss: 0.00036, batch accuracy: 100.00, data load time: 0.00023, step time: 0.01152,
epoch: [43], step: [116/1581], batch loss: 0.00569, batch accuracy: 100.00, data load time: 0.00023, step time: 0.02268,
epoch: [43], step: [416/1581], batch loss: 0.01980, batch accuracy: 100.00, data load time: 0.00024, step time: 0.01161,
epoch: [43], step: [716/1581], batch loss: 0.00980, batch accuracy: 100.00, data load time: 0.00022, step time: 0.01788,
epoch: [43], step: [1016/1581], batch loss: 0.00197, batch accuracy: 100.00, data load time: 0.00023, step time: 0.01130,
epoch: [43], step: [1316/1581], batch loss: 0.00032, batch accuracy: 100.00, data load time: 0.00597, step time: 0.01159,
epoch: [44], step: [35/1581], batch loss: 0.00201, batch accuracy: 100.00, data load time: 0.00336, step time: 0.01467,
epoch: [44], step: [335/1581], batch loss: 0.00043, batch accuracy: 100.00, data load time: 0.00370, step time: 0.01434,
epoch: [44], step: [635/1581], batch loss: 0.03469, batch accuracy: 96.88, data load time: 0.00458, step time: 0.01431,
epoch: [44], step: [935/1581], batch loss: 0.01765, batch accuracy: 100.00, data load time: 0.00024, step time: 0.01200,
epoch: [44], step: [1235/1581], batch loss: 0.00037, batch accuracy: 100.00, data load time: 0.00365, step time: 0.01299,
epoch: [44], step: [1535/1581], batch loss: 0.15493, batch accuracy: 93.75, data load time: 0.00017, step time: 0.01035,
validation loss: 1.72177, accuracy: 67.06, class_accuracy: [42.714285714285715, 85.97560975609755, 75.79250720461096, 72.7433628318584, 71.671826625387, 51.39318885448916, 89.2156862745098, 88.38709677419355, 53.40501792114696, 72.71428571428571]
epoch: [45], step: [254/1581], batch loss: 0.00422, batch accuracy: 100.00, data load time: 0.00431, step time: 0.01138,
epoch: [45], step: [554/1581], batch loss: 0.00780, batch accuracy: 100.00, data load time: 0.00023, step time: 0.01853,
epoch: [45], step: [854/1581], batch loss: 0.16294, batch accuracy: 93.75, data load time: 0.00028, step time: 0.01310,
epoch: [45], step: [1154/1581], batch loss: 0.02159, batch accuracy: 100.00, data load time: 0.00596, step time: 0.01619,
epoch: [45], step: [1454/1581], batch loss: 0.00114, batch accuracy: 100.00, data load time: 0.00025, step time: 0.01170,
epoch: [46], step: [173/1581], batch loss: 0.02919, batch accuracy: 96.88, data load time: 0.00329, step time: 0.01436,
epoch: [46], step: [473/1581], batch loss: 0.00160, batch accuracy: 100.00, data load time: 0.00331, step time: 0.01470,
epoch: [46], step: [773/1581], batch loss: 0.00117, batch accuracy: 100.00, data load time: 0.00025, step time: 0.01295,
epoch: [46], step: [1073/1581], batch loss: 0.00150, batch accuracy: 100.00, data load time: 0.00334, step time: 0.01303,
epoch: [46], step: [1373/1581], batch loss: 0.00304, batch accuracy: 100.00, data load time: 0.00470, step time: 0.01362,
epoch: [47], step: [92/1581], batch loss: 0.05385, batch accuracy: 93.75, data load time: 0.00023, step time: 0.01133,
epoch: [47], step: [392/1581], batch loss: 0.00058, batch accuracy: 100.00, data load time: 0.00525, step time: 0.01041,
epoch: [47], step: [692/1581], batch loss: 0.09575, batch accuracy: 96.88, data load time: 0.00025, step time: 0.01131,
epoch: [47], step: [992/1581], batch loss: 0.10842, batch accuracy: 96.88, data load time: 0.00023, step time: 0.01057,
epoch: [47], step: [1292/1581], batch loss: 0.07840, batch accuracy: 96.88, data load time: 0.00022, step time: 0.01298,
epoch: [48], step: [11/1581], batch loss: 0.02926, batch accuracy: 96.88, data load time: 0.00091, step time: 0.02204,
epoch: [48], step: [311/1581], batch loss: 0.02020, batch accuracy: 100.00, data load time: 0.00440, step time: 0.01258,
epoch: [48], step: [611/1581], batch loss: 0.01489, batch accuracy: 100.00, data load time: 0.00059, step time: 0.01120,
epoch: [48], step: [911/1581], batch loss: 0.00122, batch accuracy: 100.00, data load time: 0.00023, step time: 0.01116,
epoch: [48], step: [1211/1581], batch loss: 0.03522, batch accuracy: 96.88, data load time: 0.00023, step time: 0.01105,
epoch: [48], step: [1511/1581], batch loss: 0.01370, batch accuracy: 100.00, data load time: 0.00032, step time: 0.01090,
epoch: [49], step: [230/1581], batch loss: 0.00176, batch accuracy: 100.00, data load time: 0.00026, step time: 0.01099,
epoch: [49], step: [530/1581], batch loss: 0.01328, batch accuracy: 100.00, data load time: 0.00022, step time: 0.02377,
epoch: [49], step: [830/1581], batch loss: 0.00669, batch accuracy: 100.00, data load time: 0.00024, step time: 0.01710,
epoch: [49], step: [1130/1581], batch loss: 0.22063, batch accuracy: 96.88, data load time: 0.00023, step time: 0.01085,
epoch: [49], step: [1430/1581], batch loss: 0.27214, batch accuracy: 96.88, data load time: 0.00309, step time: 0.01315,
validation loss: 1.90203, accuracy: 68.86, class_accuracy: [51.57142857142857, 84.7560975609756, 77.08933717579251, 75.75221238938053, 74.76780185758514, 49.845201238390096, 82.3529411764706, 90.80645161290323, 53.584229390681, 71.57142857142857]
Total time taken: 1247.9223449230194
