Using CUDA...
tensor([1.0006, 3.4515, 1.0082, 1.2300, 1.1086, 1.0027, 5.6646, 1.0702, 1.0825,
        1.0000], device='cuda:0')
Writing logs to logs/CNN_bn_epochs=50_dropout=0.5_bs=32_lr=0.001_momentum=0.9_mode=LMC_run_32
epoch: [0], step: [299/1581], batch loss: 1.40299, batch accuracy: 50.00, data load time: 0.00026, step time: 0.01018,
epoch: [0], step: [599/1581], batch loss: 0.74588, batch accuracy: 78.12, data load time: 0.00022, step time: 0.01699,
epoch: [0], step: [899/1581], batch loss: 0.64623, batch accuracy: 81.25, data load time: 0.00448, step time: 0.01091,
epoch: [0], step: [1199/1581], batch loss: 0.78252, batch accuracy: 78.12, data load time: 0.00023, step time: 0.01712,
epoch: [0], step: [1499/1581], batch loss: 0.30480, batch accuracy: 90.62, data load time: 0.00022, step time: 0.00963,
epoch: [1], step: [218/1581], batch loss: 0.34938, batch accuracy: 90.62, data load time: 0.00824, step time: 0.01038,
epoch: [1], step: [518/1581], batch loss: 0.56958, batch accuracy: 78.12, data load time: 0.00023, step time: 0.01397,
epoch: [1], step: [818/1581], batch loss: 0.38354, batch accuracy: 84.38, data load time: 0.00024, step time: 0.01497,
epoch: [1], step: [1118/1581], batch loss: 0.48932, batch accuracy: 84.38, data load time: 0.00022, step time: 0.01655,
epoch: [1], step: [1418/1581], batch loss: 0.63096, batch accuracy: 81.25, data load time: 0.00021, step time: 0.01799,
epoch: [2], step: [137/1581], batch loss: 0.19514, batch accuracy: 93.75, data load time: 0.00582, step time: 0.01279,
epoch: [2], step: [437/1581], batch loss: 0.17319, batch accuracy: 100.00, data load time: 0.00595, step time: 0.01164,
epoch: [2], step: [737/1581], batch loss: 0.46881, batch accuracy: 81.25, data load time: 0.00021, step time: 0.01696,
epoch: [2], step: [1037/1581], batch loss: 0.48954, batch accuracy: 81.25, data load time: 0.00022, step time: 0.01143,
epoch: [2], step: [1337/1581], batch loss: 0.14860, batch accuracy: 100.00, data load time: 0.00022, step time: 0.01490,
epoch: [3], step: [56/1581], batch loss: 0.34196, batch accuracy: 87.50, data load time: 0.00021, step time: 0.01132,
epoch: [3], step: [356/1581], batch loss: 0.59085, batch accuracy: 84.38, data load time: 0.00022, step time: 0.01061,
epoch: [3], step: [656/1581], batch loss: 0.43867, batch accuracy: 81.25, data load time: 0.00024, step time: 0.01475,
epoch: [3], step: [956/1581], batch loss: 0.24190, batch accuracy: 90.62, data load time: 0.00025, step time: 0.01006,
epoch: [3], step: [1256/1581], batch loss: 0.37925, batch accuracy: 87.50, data load time: 0.00562, step time: 0.01155,
epoch: [3], step: [1556/1581], batch loss: 0.21982, batch accuracy: 90.62, data load time: 0.00011, step time: 0.00877,
epoch: [4], step: [275/1581], batch loss: 0.25867, batch accuracy: 90.62, data load time: 0.00148, step time: 0.01053,
epoch: [4], step: [575/1581], batch loss: 0.36947, batch accuracy: 93.75, data load time: 0.00030, step time: 0.01759,
epoch: [4], step: [875/1581], batch loss: 0.12304, batch accuracy: 93.75, data load time: 0.00030, step time: 0.00952,
epoch: [4], step: [1175/1581], batch loss: 0.15858, batch accuracy: 96.88, data load time: 0.00029, step time: 0.01572,
epoch: [4], step: [1475/1581], batch loss: 0.41750, batch accuracy: 84.38, data load time: 0.00138, step time: 0.01205,
validation loss: 1.27030, accuracy: 65.34, class_accuracy: [51.0, 91.46341463414635, 49.42363112391931, 49.91150442477876, 86.06811145510837, 63.93188854489164, 100.0, 94.51612903225806, 60.39426523297491, 57.0]
epoch: [5], step: [194/1581], batch loss: 0.22084, batch accuracy: 90.62, data load time: 0.00022, step time: 0.01418,
epoch: [5], step: [494/1581], batch loss: 0.15823, batch accuracy: 93.75, data load time: 0.00027, step time: 0.01017,
epoch: [5], step: [794/1581], batch loss: 0.16206, batch accuracy: 96.88, data load time: 0.00041, step time: 0.01222,
epoch: [5], step: [1094/1581], batch loss: 0.36536, batch accuracy: 81.25, data load time: 0.00022, step time: 0.01732,
epoch: [5], step: [1394/1581], batch loss: 0.40478, batch accuracy: 84.38, data load time: 0.00033, step time: 0.01140,
epoch: [6], step: [113/1581], batch loss: 0.14491, batch accuracy: 93.75, data load time: 0.00540, step time: 0.00946,
epoch: [6], step: [413/1581], batch loss: 0.17106, batch accuracy: 93.75, data load time: 0.00034, step time: 0.01311,
epoch: [6], step: [713/1581], batch loss: 0.45913, batch accuracy: 84.38, data load time: 0.00024, step time: 0.00983,
epoch: [6], step: [1013/1581], batch loss: 0.14891, batch accuracy: 93.75, data load time: 0.00022, step time: 0.00949,
epoch: [6], step: [1313/1581], batch loss: 0.17294, batch accuracy: 93.75, data load time: 0.00021, step time: 0.00934,
epoch: [7], step: [32/1581], batch loss: 0.11193, batch accuracy: 96.88, data load time: 0.00326, step time: 0.01106,
epoch: [7], step: [332/1581], batch loss: 0.09518, batch accuracy: 100.00, data load time: 0.00378, step time: 0.01347,
epoch: [7], step: [632/1581], batch loss: 0.26122, batch accuracy: 93.75, data load time: 0.00341, step time: 0.01048,
epoch: [7], step: [932/1581], batch loss: 0.54013, batch accuracy: 84.38, data load time: 0.00022, step time: 0.00983,
epoch: [7], step: [1232/1581], batch loss: 0.17195, batch accuracy: 90.62, data load time: 0.00024, step time: 0.01204,
epoch: [7], step: [1532/1581], batch loss: 0.17291, batch accuracy: 90.62, data load time: 0.00017, step time: 0.00935,
epoch: [8], step: [251/1581], batch loss: 0.14358, batch accuracy: 93.75, data load time: 0.00025, step time: 0.01047,
epoch: [8], step: [551/1581], batch loss: 0.14586, batch accuracy: 96.88, data load time: 0.00023, step time: 0.01667,
epoch: [8], step: [851/1581], batch loss: 0.15185, batch accuracy: 93.75, data load time: 0.00556, step time: 0.01137,
epoch: [8], step: [1151/1581], batch loss: 0.24912, batch accuracy: 90.62, data load time: 0.00563, step time: 0.00974,
epoch: [8], step: [1451/1581], batch loss: 0.09574, batch accuracy: 96.88, data load time: 0.00620, step time: 0.01109,
epoch: [9], step: [170/1581], batch loss: 0.26186, batch accuracy: 90.62, data load time: 0.00543, step time: 0.01128,
epoch: [9], step: [470/1581], batch loss: 0.17254, batch accuracy: 96.88, data load time: 0.00024, step time: 0.01134,
epoch: [9], step: [770/1581], batch loss: 0.23952, batch accuracy: 90.62, data load time: 0.00025, step time: 0.01012,
epoch: [9], step: [1070/1581], batch loss: 0.16022, batch accuracy: 93.75, data load time: 0.00021, step time: 0.01522,
epoch: [9], step: [1370/1581], batch loss: 0.61337, batch accuracy: 90.62, data load time: 0.00023, step time: 0.00980,
validation loss: 1.06913, accuracy: 69.62, class_accuracy: [51.285714285714285, 85.97560975609755, 61.671469740634, 65.30973451327434, 81.88854489164086, 67.18266253869969, 99.01960784313725, 95.80645161290323, 62.007168458781365, 65.0]
epoch: [10], step: [89/1581], batch loss: 0.10259, batch accuracy: 96.88, data load time: 0.00107, step time: 0.01033,
epoch: [10], step: [389/1581], batch loss: 0.42257, batch accuracy: 84.38, data load time: 0.00116, step time: 0.01166,
epoch: [10], step: [689/1581], batch loss: 0.34188, batch accuracy: 96.88, data load time: 0.00601, step time: 0.01044,
epoch: [10], step: [989/1581], batch loss: 0.12332, batch accuracy: 93.75, data load time: 0.00024, step time: 0.00954,
epoch: [10], step: [1289/1581], batch loss: 0.16279, batch accuracy: 96.88, data load time: 0.00595, step time: 0.01056,
epoch: [11], step: [8/1581], batch loss: 0.12430, batch accuracy: 96.88, data load time: 0.00024, step time: 0.01521,
epoch: [11], step: [308/1581], batch loss: 0.23128, batch accuracy: 93.75, data load time: 0.00522, step time: 0.01083,
epoch: [11], step: [608/1581], batch loss: 0.21238, batch accuracy: 96.88, data load time: 0.00023, step time: 0.01540,
epoch: [11], step: [908/1581], batch loss: 0.07211, batch accuracy: 96.88, data load time: 0.00593, step time: 0.01224,
epoch: [11], step: [1208/1581], batch loss: 0.23704, batch accuracy: 96.88, data load time: 0.00025, step time: 0.01536,
epoch: [11], step: [1508/1581], batch loss: 0.26588, batch accuracy: 93.75, data load time: 0.00022, step time: 0.00987,
epoch: [12], step: [227/1581], batch loss: 0.11290, batch accuracy: 100.00, data load time: 0.00025, step time: 0.02270,
epoch: [12], step: [527/1581], batch loss: 0.40929, batch accuracy: 81.25, data load time: 0.00023, step time: 0.01249,
epoch: [12], step: [827/1581], batch loss: 0.24291, batch accuracy: 93.75, data load time: 0.00027, step time: 0.01132,
epoch: [12], step: [1127/1581], batch loss: 0.19476, batch accuracy: 93.75, data load time: 0.00036, step time: 0.01021,
epoch: [12], step: [1427/1581], batch loss: 0.19169, batch accuracy: 90.62, data load time: 0.00025, step time: 0.01043,
epoch: [13], step: [146/1581], batch loss: 0.04376, batch accuracy: 100.00, data load time: 0.00489, step time: 0.01057,
epoch: [13], step: [446/1581], batch loss: 0.09986, batch accuracy: 93.75, data load time: 0.00588, step time: 0.01059,
epoch: [13], step: [746/1581], batch loss: 0.03337, batch accuracy: 100.00, data load time: 0.00024, step time: 0.01788,
epoch: [13], step: [1046/1581], batch loss: 0.06026, batch accuracy: 100.00, data load time: 0.00022, step time: 0.01106,
epoch: [13], step: [1346/1581], batch loss: 0.23751, batch accuracy: 93.75, data load time: 0.00021, step time: 0.01717,
epoch: [14], step: [65/1581], batch loss: 0.24935, batch accuracy: 96.88, data load time: 0.00878, step time: 0.01427,
epoch: [14], step: [365/1581], batch loss: 0.05443, batch accuracy: 100.00, data load time: 0.00181, step time: 0.01136,
epoch: [14], step: [665/1581], batch loss: 0.20494, batch accuracy: 93.75, data load time: 0.00563, step time: 0.01195,
epoch: [14], step: [965/1581], batch loss: 0.33312, batch accuracy: 84.38, data load time: 0.00022, step time: 0.00957,
epoch: [14], step: [1265/1581], batch loss: 0.12560, batch accuracy: 96.88, data load time: 0.00564, step time: 0.00988,
epoch: [14], step: [1565/1581], batch loss: 0.19003, batch accuracy: 87.50, data load time: 0.00013, step time: 0.00879,
validation loss: 1.14008, accuracy: 65.19, class_accuracy: [45.0, 97.5609756097561, 65.70605187319885, 62.83185840707964, 79.87616099071208, 51.083591331269346, 96.07843137254902, 95.48387096774194, 54.121863799283155, 56.142857142857146]
epoch: [15], step: [284/1581], batch loss: 0.25152, batch accuracy: 90.62, data load time: 0.00023, step time: 0.01688,
epoch: [15], step: [584/1581], batch loss: 0.20268, batch accuracy: 90.62, data load time: 0.00369, step time: 0.01168,
epoch: [15], step: [884/1581], batch loss: 0.10314, batch accuracy: 96.88, data load time: 0.00027, step time: 0.01080,
epoch: [15], step: [1184/1581], batch loss: 0.25551, batch accuracy: 87.50, data load time: 0.00023, step time: 0.01572,
epoch: [15], step: [1484/1581], batch loss: 0.11722, batch accuracy: 96.88, data load time: 0.00022, step time: 0.01063,
epoch: [16], step: [203/1581], batch loss: 0.06879, batch accuracy: 100.00, data load time: 0.00024, step time: 0.01760,
epoch: [16], step: [503/1581], batch loss: 0.17507, batch accuracy: 90.62, data load time: 0.00023, step time: 0.01471,
epoch: [16], step: [803/1581], batch loss: 0.22759, batch accuracy: 87.50, data load time: 0.00530, step time: 0.01119,
epoch: [16], step: [1103/1581], batch loss: 0.14815, batch accuracy: 93.75, data load time: 0.00027, step time: 0.01145,
epoch: [16], step: [1403/1581], batch loss: 0.24259, batch accuracy: 87.50, data load time: 0.00023, step time: 0.00942,
epoch: [17], step: [122/1581], batch loss: 0.23011, batch accuracy: 93.75, data load time: 0.00023, step time: 0.00982,
epoch: [17], step: [422/1581], batch loss: 0.24245, batch accuracy: 93.75, data load time: 0.00031, step time: 0.01113,
epoch: [17], step: [722/1581], batch loss: 0.13965, batch accuracy: 96.88, data load time: 0.00024, step time: 0.01760,
epoch: [17], step: [1022/1581], batch loss: 0.25605, batch accuracy: 96.88, data load time: 0.00051, step time: 0.00974,
epoch: [17], step: [1322/1581], batch loss: 0.25158, batch accuracy: 87.50, data load time: 0.00561, step time: 0.01168,
epoch: [18], step: [41/1581], batch loss: 0.08441, batch accuracy: 100.00, data load time: 0.00371, step time: 0.01276,
epoch: [18], step: [341/1581], batch loss: 0.09354, batch accuracy: 96.88, data load time: 0.00027, step time: 0.01260,
epoch: [18], step: [641/1581], batch loss: 0.23400, batch accuracy: 90.62, data load time: 0.00451, step time: 0.01021,
epoch: [18], step: [941/1581], batch loss: 0.07500, batch accuracy: 100.00, data load time: 0.00022, step time: 0.01705,
epoch: [18], step: [1241/1581], batch loss: 0.14049, batch accuracy: 93.75, data load time: 0.00323, step time: 0.01141,
epoch: [18], step: [1541/1581], batch loss: 0.20427, batch accuracy: 96.88, data load time: 0.00017, step time: 0.00922,
epoch: [19], step: [260/1581], batch loss: 0.07590, batch accuracy: 96.88, data load time: 0.00025, step time: 0.01019,
epoch: [19], step: [560/1581], batch loss: 0.06142, batch accuracy: 100.00, data load time: 0.00023, step time: 0.00971,
epoch: [19], step: [860/1581], batch loss: 0.09655, batch accuracy: 96.88, data load time: 0.00025, step time: 0.00953,
epoch: [19], step: [1160/1581], batch loss: 0.10384, batch accuracy: 96.88, data load time: 0.00024, step time: 0.01019,
epoch: [19], step: [1460/1581], batch loss: 0.19584, batch accuracy: 93.75, data load time: 0.00024, step time: 0.01119,
validation loss: 1.08752, accuracy: 67.30, class_accuracy: [42.0, 92.6829268292683, 76.0806916426513, 67.43362831858407, 80.49535603715171, 54.95356037151703, 94.11764705882354, 90.96774193548387, 51.075268817204304, 65.14285714285714]
epoch: [20], step: [179/1581], batch loss: 0.18338, batch accuracy: 90.62, data load time: 0.00022, step time: 0.01626,
epoch: [20], step: [479/1581], batch loss: 0.14212, batch accuracy: 93.75, data load time: 0.00023, step time: 0.01016,
epoch: [20], step: [779/1581], batch loss: 0.10943, batch accuracy: 96.88, data load time: 0.00025, step time: 0.01087,
epoch: [20], step: [1079/1581], batch loss: 0.08794, batch accuracy: 96.88, data load time: 0.00092, step time: 0.01300,
epoch: [20], step: [1379/1581], batch loss: 0.34441, batch accuracy: 87.50, data load time: 0.00030, step time: 0.02214,
epoch: [21], step: [98/1581], batch loss: 0.42450, batch accuracy: 90.62, data load time: 0.00024, step time: 0.01072,
epoch: [21], step: [398/1581], batch loss: 0.20676, batch accuracy: 87.50, data load time: 0.00027, step time: 0.00967,
epoch: [21], step: [698/1581], batch loss: 0.12369, batch accuracy: 96.88, data load time: 0.00025, step time: 0.01021,
epoch: [21], step: [998/1581], batch loss: 0.13003, batch accuracy: 96.88, data load time: 0.00022, step time: 0.01609,
epoch: [21], step: [1298/1581], batch loss: 0.19184, batch accuracy: 93.75, data load time: 0.00210, step time: 0.01176,
epoch: [22], step: [17/1581], batch loss: 0.12052, batch accuracy: 96.88, data load time: 0.00071, step time: 0.01139,
epoch: [22], step: [317/1581], batch loss: 0.11495, batch accuracy: 93.75, data load time: 0.00404, step time: 0.01052,
epoch: [22], step: [617/1581], batch loss: 0.06923, batch accuracy: 96.88, data load time: 0.00163, step time: 0.01467,
epoch: [22], step: [917/1581], batch loss: 0.10616, batch accuracy: 96.88, data load time: 0.00021, step time: 0.01165,
epoch: [22], step: [1217/1581], batch loss: 0.22493, batch accuracy: 93.75, data load time: 0.00023, step time: 0.01616,
epoch: [22], step: [1517/1581], batch loss: 0.28279, batch accuracy: 90.62, data load time: 0.00408, step time: 0.01219,
epoch: [23], step: [236/1581], batch loss: 0.28427, batch accuracy: 84.38, data load time: 0.00024, step time: 0.01132,
epoch: [23], step: [536/1581], batch loss: 0.08885, batch accuracy: 96.88, data load time: 0.00026, step time: 0.02041,
epoch: [23], step: [836/1581], batch loss: 0.14311, batch accuracy: 96.88, data load time: 0.00356, step time: 0.01116,
epoch: [23], step: [1136/1581], batch loss: 0.05739, batch accuracy: 100.00, data load time: 0.00024, step time: 0.01350,
epoch: [23], step: [1436/1581], batch loss: 0.05767, batch accuracy: 100.00, data load time: 0.00530, step time: 0.01266,
epoch: [24], step: [155/1581], batch loss: 0.14805, batch accuracy: 90.62, data load time: 0.00022, step time: 0.01472,
epoch: [24], step: [455/1581], batch loss: 0.04841, batch accuracy: 100.00, data load time: 0.00024, step time: 0.01861,
epoch: [24], step: [755/1581], batch loss: 0.09175, batch accuracy: 100.00, data load time: 0.00022, step time: 0.00980,
epoch: [24], step: [1055/1581], batch loss: 0.28636, batch accuracy: 90.62, data load time: 0.00595, step time: 0.00955,
epoch: [24], step: [1355/1581], batch loss: 0.28376, batch accuracy: 87.50, data load time: 0.00025, step time: 0.01015,
validation loss: 1.09164, accuracy: 70.94, class_accuracy: [60.57142857142857, 86.58536585365853, 63.544668587896254, 64.42477876106194, 80.03095975232198, 73.37461300309597, 97.05882352941177, 94.35483870967742, 45.51971326164875, 75.28571428571429]
epoch: [25], step: [74/1581], batch loss: 0.19252, batch accuracy: 93.75, data load time: 0.00023, step time: 0.01503,
epoch: [25], step: [374/1581], batch loss: 0.14889, batch accuracy: 90.62, data load time: 0.00062, step time: 0.01605,
epoch: [25], step: [674/1581], batch loss: 0.10979, batch accuracy: 96.88, data load time: 0.00021, step time: 0.00999,
epoch: [25], step: [974/1581], batch loss: 0.23525, batch accuracy: 90.62, data load time: 0.00021, step time: 0.00969,
epoch: [25], step: [1274/1581], batch loss: 0.22440, batch accuracy: 93.75, data load time: 0.00022, step time: 0.00988,
epoch: [25], step: [1574/1581], batch loss: 0.35054, batch accuracy: 90.62, data load time: 0.00011, step time: 0.00878,
epoch: [26], step: [293/1581], batch loss: 0.23316, batch accuracy: 96.88, data load time: 0.00025, step time: 0.01871,
epoch: [26], step: [593/1581], batch loss: 0.22170, batch accuracy: 90.62, data load time: 0.00022, step time: 0.00970,
epoch: [26], step: [893/1581], batch loss: 0.12264, batch accuracy: 93.75, data load time: 0.00024, step time: 0.01615,
epoch: [26], step: [1193/1581], batch loss: 0.07183, batch accuracy: 100.00, data load time: 0.00032, step time: 0.01048,
epoch: [26], step: [1493/1581], batch loss: 0.11628, batch accuracy: 96.88, data load time: 0.00022, step time: 0.01059,
epoch: [27], step: [212/1581], batch loss: 0.31883, batch accuracy: 87.50, data load time: 0.00023, step time: 0.01451,
epoch: [27], step: [512/1581], batch loss: 0.08408, batch accuracy: 96.88, data load time: 0.00024, step time: 0.01086,
epoch: [27], step: [812/1581], batch loss: 0.26209, batch accuracy: 93.75, data load time: 0.00587, step time: 0.01221,
epoch: [27], step: [1112/1581], batch loss: 0.23855, batch accuracy: 90.62, data load time: 0.00025, step time: 0.01007,
epoch: [27], step: [1412/1581], batch loss: 0.19621, batch accuracy: 93.75, data load time: 0.00023, step time: 0.01021,
epoch: [28], step: [131/1581], batch loss: 0.03905, batch accuracy: 100.00, data load time: 0.00022, step time: 0.01139,
epoch: [28], step: [431/1581], batch loss: 0.22427, batch accuracy: 90.62, data load time: 0.00026, step time: 0.01063,
epoch: [28], step: [731/1581], batch loss: 0.18016, batch accuracy: 90.62, data load time: 0.00028, step time: 0.01056,
epoch: [28], step: [1031/1581], batch loss: 0.07547, batch accuracy: 96.88, data load time: 0.00025, step time: 0.01033,
epoch: [28], step: [1331/1581], batch loss: 0.15744, batch accuracy: 93.75, data load time: 0.00391, step time: 0.01577,
epoch: [29], step: [50/1581], batch loss: 0.11308, batch accuracy: 93.75, data load time: 0.00034, step time: 0.01212,
epoch: [29], step: [350/1581], batch loss: 0.16218, batch accuracy: 96.88, data load time: 0.00031, step time: 0.01167,
epoch: [29], step: [650/1581], batch loss: 0.07485, batch accuracy: 96.88, data load time: 0.00023, step time: 0.00954,
epoch: [29], step: [950/1581], batch loss: 0.22916, batch accuracy: 87.50, data load time: 0.00023, step time: 0.01709,
epoch: [29], step: [1250/1581], batch loss: 0.50559, batch accuracy: 84.38, data load time: 0.00023, step time: 0.01710,
epoch: [29], step: [1550/1581], batch loss: 0.07992, batch accuracy: 100.00, data load time: 0.00013, step time: 0.00879,
validation loss: 1.27172, accuracy: 64.58, class_accuracy: [49.714285714285715, 95.73170731707317, 75.21613832853026, 67.78761061946902, 90.55727554179566, 44.11764705882353, 93.13725490196079, 74.6774193548387, 50.17921146953405, 52.285714285714285]
epoch: [30], step: [269/1581], batch loss: 0.26637, batch accuracy: 93.75, data load time: 0.00022, step time: 0.00957,
epoch: [30], step: [569/1581], batch loss: 0.07633, batch accuracy: 96.88, data load time: 0.00022, step time: 0.01028,
epoch: [30], step: [869/1581], batch loss: 0.14578, batch accuracy: 93.75, data load time: 0.00025, step time: 0.01046,
epoch: [30], step: [1169/1581], batch loss: 0.27068, batch accuracy: 93.75, data load time: 0.00021, step time: 0.01692,
epoch: [30], step: [1469/1581], batch loss: 0.38135, batch accuracy: 90.62, data load time: 0.00022, step time: 0.01089,
epoch: [31], step: [188/1581], batch loss: 0.30353, batch accuracy: 81.25, data load time: 0.00026, step time: 0.01061,
epoch: [31], step: [488/1581], batch loss: 0.38436, batch accuracy: 87.50, data load time: 0.00025, step time: 0.01780,
epoch: [31], step: [788/1581], batch loss: 0.11541, batch accuracy: 93.75, data load time: 0.00022, step time: 0.01441,
epoch: [31], step: [1088/1581], batch loss: 0.27391, batch accuracy: 90.62, data load time: 0.00022, step time: 0.01544,
epoch: [31], step: [1388/1581], batch loss: 0.15082, batch accuracy: 93.75, data load time: 0.00023, step time: 0.01013,
epoch: [32], step: [107/1581], batch loss: 0.14514, batch accuracy: 93.75, data load time: 0.00395, step time: 0.01045,
epoch: [32], step: [407/1581], batch loss: 0.08139, batch accuracy: 100.00, data load time: 0.00023, step time: 0.01143,
epoch: [32], step: [707/1581], batch loss: 0.08968, batch accuracy: 100.00, data load time: 0.00038, step time: 0.00986,
epoch: [32], step: [1007/1581], batch loss: 0.21930, batch accuracy: 93.75, data load time: 0.00026, step time: 0.01032,
epoch: [32], step: [1307/1581], batch loss: 0.04911, batch accuracy: 100.00, data load time: 0.00023, step time: 0.01831,
epoch: [33], step: [26/1581], batch loss: 0.13530, batch accuracy: 93.75, data load time: 0.00028, step time: 0.01066,
epoch: [33], step: [326/1581], batch loss: 0.18685, batch accuracy: 87.50, data load time: 0.00021, step time: 0.01136,
epoch: [33], step: [626/1581], batch loss: 0.15941, batch accuracy: 93.75, data load time: 0.00024, step time: 0.02010,
epoch: [33], step: [926/1581], batch loss: 0.14817, batch accuracy: 93.75, data load time: 0.00025, step time: 0.01839,
epoch: [33], step: [1226/1581], batch loss: 0.07727, batch accuracy: 100.00, data load time: 0.00026, step time: 0.01026,
epoch: [33], step: [1526/1581], batch loss: 0.23184, batch accuracy: 93.75, data load time: 0.00017, step time: 0.00923,
epoch: [34], step: [245/1581], batch loss: 0.12575, batch accuracy: 93.75, data load time: 0.00023, step time: 0.01670,
epoch: [34], step: [545/1581], batch loss: 0.09663, batch accuracy: 96.88, data load time: 0.00025, step time: 0.01343,
epoch: [34], step: [845/1581], batch loss: 0.13999, batch accuracy: 96.88, data load time: 0.00918, step time: 0.01281,
epoch: [34], step: [1145/1581], batch loss: 0.13773, batch accuracy: 90.62, data load time: 0.00028, step time: 0.01481,
epoch: [34], step: [1445/1581], batch loss: 0.21628, batch accuracy: 90.62, data load time: 0.00025, step time: 0.01010,
validation loss: 1.12728, accuracy: 69.01, class_accuracy: [60.142857142857146, 95.1219512195122, 62.247838616714695, 74.33628318584071, 85.75851393188854, 57.43034055727554, 92.15686274509804, 88.38709677419355, 45.340501792114694, 67.71428571428571]
epoch: [35], step: [164/1581], batch loss: 0.08265, batch accuracy: 100.00, data load time: 0.00023, step time: 0.01021,
epoch: [35], step: [464/1581], batch loss: 0.12824, batch accuracy: 93.75, data load time: 0.00024, step time: 0.01066,
epoch: [35], step: [764/1581], batch loss: 0.20516, batch accuracy: 93.75, data load time: 0.00761, step time: 0.01068,
epoch: [35], step: [1064/1581], batch loss: 0.22172, batch accuracy: 93.75, data load time: 0.00067, step time: 0.01198,
epoch: [35], step: [1364/1581], batch loss: 0.27823, batch accuracy: 90.62, data load time: 0.00024, step time: 0.01316,
epoch: [36], step: [83/1581], batch loss: 0.19591, batch accuracy: 90.62, data load time: 0.00595, step time: 0.01244,
epoch: [36], step: [383/1581], batch loss: 0.36758, batch accuracy: 90.62, data load time: 0.00046, step time: 0.01615,
epoch: [36], step: [683/1581], batch loss: 0.37996, batch accuracy: 90.62, data load time: 0.00022, step time: 0.01009,
epoch: [36], step: [983/1581], batch loss: 0.16411, batch accuracy: 93.75, data load time: 0.00598, step time: 0.00991,
epoch: [36], step: [1283/1581], batch loss: 0.25578, batch accuracy: 90.62, data load time: 0.00141, step time: 0.01205,
epoch: [37], step: [2/1581], batch loss: 0.10140, batch accuracy: 96.88, data load time: 0.00313, step time: 0.01275,
epoch: [37], step: [302/1581], batch loss: 0.11513, batch accuracy: 96.88, data load time: 0.00322, step time: 0.01241,
epoch: [37], step: [602/1581], batch loss: 0.05889, batch accuracy: 96.88, data load time: 0.00573, step time: 0.01195,
epoch: [37], step: [902/1581], batch loss: 0.25352, batch accuracy: 96.88, data load time: 0.00361, step time: 0.00965,
epoch: [37], step: [1202/1581], batch loss: 0.06452, batch accuracy: 96.88, data load time: 0.00405, step time: 0.01166,
epoch: [37], step: [1502/1581], batch loss: 0.12101, batch accuracy: 96.88, data load time: 0.00025, step time: 0.01047,
epoch: [38], step: [221/1581], batch loss: 0.27764, batch accuracy: 90.62, data load time: 0.00023, step time: 0.01715,
epoch: [38], step: [521/1581], batch loss: 0.04194, batch accuracy: 100.00, data load time: 0.00026, step time: 0.01008,
epoch: [38], step: [821/1581], batch loss: 0.26128, batch accuracy: 90.62, data load time: 0.00605, step time: 0.01574,
epoch: [38], step: [1121/1581], batch loss: 0.21825, batch accuracy: 90.62, data load time: 0.00025, step time: 0.01042,
epoch: [38], step: [1421/1581], batch loss: 0.11440, batch accuracy: 93.75, data load time: 0.00023, step time: 0.01534,
epoch: [39], step: [140/1581], batch loss: 0.15146, batch accuracy: 93.75, data load time: 0.00609, step time: 0.01165,
epoch: [39], step: [440/1581], batch loss: 0.15146, batch accuracy: 93.75, data load time: 0.00873, step time: 0.01231,
epoch: [39], step: [740/1581], batch loss: 0.08675, batch accuracy: 96.88, data load time: 0.00022, step time: 0.01601,
epoch: [39], step: [1040/1581], batch loss: 0.13566, batch accuracy: 96.88, data load time: 0.00023, step time: 0.01454,
epoch: [39], step: [1340/1581], batch loss: 0.21669, batch accuracy: 90.62, data load time: 0.00026, step time: 0.01176,
validation loss: 1.16135, accuracy: 67.99, class_accuracy: [56.142857142857146, 90.85365853658537, 65.85014409221903, 60.35398230088496, 82.3529411764706, 48.60681114551084, 96.07843137254902, 96.61290322580645, 55.017921146953405, 68.28571428571429]
epoch: [40], step: [59/1581], batch loss: 0.08747, batch accuracy: 96.88, data load time: 0.00022, step time: 0.01005,
epoch: [40], step: [359/1581], batch loss: 0.25001, batch accuracy: 90.62, data load time: 0.00022, step time: 0.00974,
epoch: [40], step: [659/1581], batch loss: 0.20565, batch accuracy: 93.75, data load time: 0.00023, step time: 0.00977,
epoch: [40], step: [959/1581], batch loss: 0.23287, batch accuracy: 87.50, data load time: 0.00023, step time: 0.00956,
epoch: [40], step: [1259/1581], batch loss: 0.30938, batch accuracy: 87.50, data load time: 0.00630, step time: 0.00933,
epoch: [40], step: [1559/1581], batch loss: 0.05677, batch accuracy: 100.00, data load time: 0.00011, step time: 0.00880,
epoch: [41], step: [278/1581], batch loss: 0.20385, batch accuracy: 90.62, data load time: 0.00022, step time: 0.01040,
epoch: [41], step: [578/1581], batch loss: 0.10445, batch accuracy: 93.75, data load time: 0.00499, step time: 0.01113,
epoch: [41], step: [878/1581], batch loss: 0.23311, batch accuracy: 93.75, data load time: 0.00574, step time: 0.00981,
epoch: [41], step: [1178/1581], batch loss: 0.16362, batch accuracy: 93.75, data load time: 0.00312, step time: 0.01009,
epoch: [41], step: [1478/1581], batch loss: 0.13176, batch accuracy: 96.88, data load time: 0.00031, step time: 0.01672,
epoch: [42], step: [197/1581], batch loss: 0.23766, batch accuracy: 93.75, data load time: 0.00025, step time: 0.02113,
epoch: [42], step: [497/1581], batch loss: 0.09742, batch accuracy: 96.88, data load time: 0.00023, step time: 0.01730,
epoch: [42], step: [797/1581], batch loss: 0.22255, batch accuracy: 96.88, data load time: 0.00034, step time: 0.01085,
epoch: [42], step: [1097/1581], batch loss: 0.55138, batch accuracy: 81.25, data load time: 0.00022, step time: 0.01545,
epoch: [42], step: [1397/1581], batch loss: 0.17845, batch accuracy: 93.75, data load time: 0.00023, step time: 0.00971,
epoch: [43], step: [116/1581], batch loss: 0.27040, batch accuracy: 96.88, data load time: 0.00022, step time: 0.01536,
epoch: [43], step: [416/1581], batch loss: 0.30057, batch accuracy: 87.50, data load time: 0.00024, step time: 0.01085,
epoch: [43], step: [716/1581], batch loss: 0.22975, batch accuracy: 87.50, data load time: 0.00372, step time: 0.01019,
epoch: [43], step: [1016/1581], batch loss: 0.27896, batch accuracy: 90.62, data load time: 0.00021, step time: 0.01091,
epoch: [43], step: [1316/1581], batch loss: 0.06287, batch accuracy: 100.00, data load time: 0.00026, step time: 0.00977,
epoch: [44], step: [35/1581], batch loss: 0.04250, batch accuracy: 100.00, data load time: 0.00033, step time: 0.01126,
epoch: [44], step: [335/1581], batch loss: 0.06548, batch accuracy: 100.00, data load time: 0.00434, step time: 0.00985,
epoch: [44], step: [635/1581], batch loss: 0.21582, batch accuracy: 96.88, data load time: 0.00026, step time: 0.01241,
epoch: [44], step: [935/1581], batch loss: 0.42958, batch accuracy: 90.62, data load time: 0.00026, step time: 0.01610,
epoch: [44], step: [1235/1581], batch loss: 0.21460, batch accuracy: 90.62, data load time: 0.00023, step time: 0.01189,
epoch: [44], step: [1535/1581], batch loss: 0.11531, batch accuracy: 93.75, data load time: 0.00019, step time: 0.01616,
validation loss: 1.00094, accuracy: 71.90, class_accuracy: [45.857142857142854, 96.95121951219512, 80.97982708933718, 69.73451327433628, 79.10216718266254, 68.26625386996903, 88.23529411764706, 98.2258064516129, 54.83870967741935, 69.42857142857143]
epoch: [45], step: [254/1581], batch loss: 0.15310, batch accuracy: 93.75, data load time: 0.00024, step time: 0.01628,
epoch: [45], step: [554/1581], batch loss: 0.02971, batch accuracy: 100.00, data load time: 0.00045, step time: 0.01047,
epoch: [45], step: [854/1581], batch loss: 0.06140, batch accuracy: 96.88, data load time: 0.00022, step time: 0.01527,
epoch: [45], step: [1154/1581], batch loss: 0.14682, batch accuracy: 93.75, data load time: 0.00566, step time: 0.01159,
epoch: [45], step: [1454/1581], batch loss: 0.21143, batch accuracy: 93.75, data load time: 0.00021, step time: 0.00996,
epoch: [46], step: [173/1581], batch loss: 0.13215, batch accuracy: 96.88, data load time: 0.00023, step time: 0.01036,
epoch: [46], step: [473/1581], batch loss: 0.13825, batch accuracy: 93.75, data load time: 0.00023, step time: 0.01720,
epoch: [46], step: [773/1581], batch loss: 0.11090, batch accuracy: 96.88, data load time: 0.00023, step time: 0.01023,
epoch: [46], step: [1073/1581], batch loss: 0.17329, batch accuracy: 96.88, data load time: 0.00338, step time: 0.01238,
epoch: [46], step: [1373/1581], batch loss: 0.10724, batch accuracy: 96.88, data load time: 0.00028, step time: 0.01022,
epoch: [47], step: [92/1581], batch loss: 0.05463, batch accuracy: 100.00, data load time: 0.00401, step time: 0.01043,
epoch: [47], step: [392/1581], batch loss: 0.09076, batch accuracy: 96.88, data load time: 0.00128, step time: 0.01343,
epoch: [47], step: [692/1581], batch loss: 0.03363, batch accuracy: 100.00, data load time: 0.00024, step time: 0.01072,
epoch: [47], step: [992/1581], batch loss: 0.08941, batch accuracy: 96.88, data load time: 0.00024, step time: 0.01529,
epoch: [47], step: [1292/1581], batch loss: 0.09501, batch accuracy: 96.88, data load time: 0.00490, step time: 0.01235,
epoch: [48], step: [11/1581], batch loss: 0.22617, batch accuracy: 96.88, data load time: 0.00456, step time: 0.01054,
epoch: [48], step: [311/1581], batch loss: 0.30847, batch accuracy: 90.62, data load time: 0.00022, step time: 0.00979,
epoch: [48], step: [611/1581], batch loss: 0.09663, batch accuracy: 96.88, data load time: 0.00024, step time: 0.01245,
epoch: [48], step: [911/1581], batch loss: 0.10393, batch accuracy: 96.88, data load time: 0.00025, step time: 0.00963,
epoch: [48], step: [1211/1581], batch loss: 0.11434, batch accuracy: 96.88, data load time: 0.00022, step time: 0.01533,
epoch: [48], step: [1511/1581], batch loss: 0.12384, batch accuracy: 93.75, data load time: 0.00022, step time: 0.01033,
epoch: [49], step: [230/1581], batch loss: 0.12579, batch accuracy: 93.75, data load time: 0.00400, step time: 0.01293,
epoch: [49], step: [530/1581], batch loss: 0.04700, batch accuracy: 96.88, data load time: 0.00027, step time: 0.01625,
epoch: [49], step: [830/1581], batch loss: 0.14079, batch accuracy: 93.75, data load time: 0.00025, step time: 0.01854,
epoch: [49], step: [1130/1581], batch loss: 0.08008, batch accuracy: 96.88, data load time: 0.00025, step time: 0.01000,
epoch: [49], step: [1430/1581], batch loss: 0.15332, batch accuracy: 90.62, data load time: 0.00023, step time: 0.01597,
validation loss: 1.06022, accuracy: 70.06, class_accuracy: [69.42857142857143, 90.2439024390244, 63.112391930835734, 70.08849557522124, 70.58823529411765, 64.70588235294117, 99.01960784313725, 95.96774193548387, 63.08243727598566, 55.714285714285715]
Total time taken: 1201.6166348457336
