Using CUDA...
Writing logs to logs/CNN_bn_epochs=50_dropout=0.5_bs=32_optim=SGD_decay=0.001_lr=0.001_momentum=0.9_mode=LMC_run_3
epoch: [0], step: [299/1581], batch loss: 1.93513, batch accuracy: 31.25, data load time: 0.00025, step time: 0.00812,
epoch: [0], step: [599/1581], batch loss: 1.92058, batch accuracy: 40.62, data load time: 0.00436, step time: 0.00892,
epoch: [0], step: [899/1581], batch loss: 1.43895, batch accuracy: 56.25, data load time: 0.00023, step time: 0.01270,
epoch: [0], step: [1199/1581], batch loss: 1.58943, batch accuracy: 37.50, data load time: 0.00281, step time: 0.00815,
epoch: [0], step: [1499/1581], batch loss: 1.35451, batch accuracy: 65.62, data load time: 0.00587, step time: 0.00992,
epoch: [1], step: [218/1581], batch loss: 1.28455, batch accuracy: 56.25, data load time: 0.00135, step time: 0.01085,
epoch: [1], step: [518/1581], batch loss: 1.41493, batch accuracy: 53.12, data load time: 0.00022, step time: 0.01061,
epoch: [1], step: [818/1581], batch loss: 1.33815, batch accuracy: 59.38, data load time: 0.00022, step time: 0.01468,
epoch: [1], step: [1118/1581], batch loss: 1.27065, batch accuracy: 62.50, data load time: 0.00291, step time: 0.01015,
epoch: [1], step: [1418/1581], batch loss: 1.23918, batch accuracy: 59.38, data load time: 0.00021, step time: 0.00951,
epoch: [2], step: [137/1581], batch loss: 0.84022, batch accuracy: 56.25, data load time: 0.00024, step time: 0.00914,
epoch: [2], step: [437/1581], batch loss: 1.12036, batch accuracy: 65.62, data load time: 0.00035, step time: 0.00835,
epoch: [2], step: [737/1581], batch loss: 0.81042, batch accuracy: 53.12, data load time: 0.00291, step time: 0.01147,
epoch: [2], step: [1037/1581], batch loss: 0.86734, batch accuracy: 71.88, data load time: 0.00024, step time: 0.00866,
epoch: [2], step: [1337/1581], batch loss: 0.74819, batch accuracy: 71.88, data load time: 0.00387, step time: 0.01276,
epoch: [3], step: [56/1581], batch loss: 0.78092, batch accuracy: 62.50, data load time: 0.00023, step time: 0.00813,
epoch: [3], step: [356/1581], batch loss: 0.93133, batch accuracy: 56.25, data load time: 0.00439, step time: 0.00988,
epoch: [3], step: [656/1581], batch loss: 1.28720, batch accuracy: 50.00, data load time: 0.00029, step time: 0.00824,
epoch: [3], step: [956/1581], batch loss: 1.08929, batch accuracy: 59.38, data load time: 0.00022, step time: 0.00792,
epoch: [3], step: [1256/1581], batch loss: 0.95186, batch accuracy: 62.50, data load time: 0.00300, step time: 0.01281,
epoch: [3], step: [1556/1581], batch loss: 0.69851, batch accuracy: 75.00, data load time: 0.00012, step time: 0.00735,
epoch: [4], step: [275/1581], batch loss: 0.70141, batch accuracy: 78.12, data load time: 0.00024, step time: 0.01063,
epoch: [4], step: [575/1581], batch loss: 0.96554, batch accuracy: 62.50, data load time: 0.00351, step time: 0.00918,
epoch: [4], step: [875/1581], batch loss: 0.52532, batch accuracy: 87.50, data load time: 0.00023, step time: 0.00848,
epoch: [4], step: [1175/1581], batch loss: 0.61090, batch accuracy: 75.00, data load time: 0.00035, step time: 0.00849,
epoch: [4], step: [1475/1581], batch loss: 1.10990, batch accuracy: 65.62, data load time: 0.00025, step time: 0.01102,
validation loss: 1.06519, accuracy: 67.04, class_accuracy: [53.389830508474574, 92.10526315789474, 78.63247863247864, 62.83185840707964, 66.10169491525424, 57.79816513761468, 100.0, 92.03539823008849, 57.142857142857146, 49.152542372881356]
class_avg: 70.91900885046235
epoch: [5], step: [194/1581], batch loss: 1.43780, batch accuracy: 59.38, data load time: 0.00021, step time: 0.00949,
epoch: [5], step: [494/1581], batch loss: 0.72041, batch accuracy: 75.00, data load time: 0.00031, step time: 0.01026,
epoch: [5], step: [794/1581], batch loss: 0.51580, batch accuracy: 78.12, data load time: 0.00390, step time: 0.00888,
epoch: [5], step: [1094/1581], batch loss: 0.64561, batch accuracy: 71.88, data load time: 0.00023, step time: 0.00817,
epoch: [5], step: [1394/1581], batch loss: 0.35962, batch accuracy: 93.75, data load time: 0.00030, step time: 0.00823,
epoch: [6], step: [113/1581], batch loss: 0.63307, batch accuracy: 78.12, data load time: 0.00023, step time: 0.00800,
epoch: [6], step: [413/1581], batch loss: 0.48567, batch accuracy: 78.12, data load time: 0.00022, step time: 0.00975,
epoch: [6], step: [713/1581], batch loss: 0.51191, batch accuracy: 78.12, data load time: 0.00023, step time: 0.00801,
epoch: [6], step: [1013/1581], batch loss: 0.78872, batch accuracy: 68.75, data load time: 0.00026, step time: 0.00804,
epoch: [6], step: [1313/1581], batch loss: 0.56375, batch accuracy: 71.88, data load time: 0.00325, step time: 0.00900,
epoch: [7], step: [32/1581], batch loss: 0.53410, batch accuracy: 78.12, data load time: 0.00020, step time: 0.00806,
epoch: [7], step: [332/1581], batch loss: 0.70913, batch accuracy: 68.75, data load time: 0.00301, step time: 0.00957,
epoch: [7], step: [632/1581], batch loss: 0.59161, batch accuracy: 75.00, data load time: 0.00022, step time: 0.01162,
epoch: [7], step: [932/1581], batch loss: 0.52018, batch accuracy: 81.25, data load time: 0.00024, step time: 0.00822,
epoch: [7], step: [1232/1581], batch loss: 0.70073, batch accuracy: 81.25, data load time: 0.00297, step time: 0.00939,
epoch: [7], step: [1532/1581], batch loss: 0.70351, batch accuracy: 71.88, data load time: 0.00017, step time: 0.01261,
epoch: [8], step: [251/1581], batch loss: 0.83795, batch accuracy: 78.12, data load time: 0.00023, step time: 0.01010,
epoch: [8], step: [551/1581], batch loss: 0.46252, batch accuracy: 81.25, data load time: 0.00024, step time: 0.01078,
epoch: [8], step: [851/1581], batch loss: 0.50230, batch accuracy: 78.12, data load time: 0.00270, step time: 0.00987,
epoch: [8], step: [1151/1581], batch loss: 0.66390, batch accuracy: 78.12, data load time: 0.00023, step time: 0.00802,
epoch: [8], step: [1451/1581], batch loss: 0.24925, batch accuracy: 90.62, data load time: 0.00327, step time: 0.00890,
epoch: [9], step: [170/1581], batch loss: 0.64495, batch accuracy: 71.88, data load time: 0.00022, step time: 0.01014,
epoch: [9], step: [470/1581], batch loss: 0.31126, batch accuracy: 93.75, data load time: 0.00449, step time: 0.01287,
epoch: [9], step: [770/1581], batch loss: 0.42099, batch accuracy: 78.12, data load time: 0.00024, step time: 0.01011,
epoch: [9], step: [1070/1581], batch loss: 0.68144, batch accuracy: 71.88, data load time: 0.00251, step time: 0.01071,
epoch: [9], step: [1370/1581], batch loss: 0.48109, batch accuracy: 81.25, data load time: 0.00022, step time: 0.00806,
validation loss: 1.05660, accuracy: 69.70, class_accuracy: [54.23728813559322, 94.73684210526316, 70.08547008547009, 62.83185840707964, 73.72881355932203, 55.96330275229358, 100.0, 99.11504424778761, 56.12244897959184, 66.10169491525424]
class_avg: 73.29227631876554
epoch: [10], step: [89/1581], batch loss: 0.41809, batch accuracy: 87.50, data load time: 0.00023, step time: 0.00956,
epoch: [10], step: [389/1581], batch loss: 0.41985, batch accuracy: 78.12, data load time: 0.00025, step time: 0.00820,
epoch: [10], step: [689/1581], batch loss: 0.58897, batch accuracy: 78.12, data load time: 0.00022, step time: 0.01211,
epoch: [10], step: [989/1581], batch loss: 0.36267, batch accuracy: 84.38, data load time: 0.00022, step time: 0.00822,
epoch: [10], step: [1289/1581], batch loss: 0.35568, batch accuracy: 90.62, data load time: 0.00024, step time: 0.00826,
epoch: [11], step: [8/1581], batch loss: 0.48136, batch accuracy: 81.25, data load time: 0.01629, step time: 0.00925,
epoch: [11], step: [308/1581], batch loss: 0.56971, batch accuracy: 81.25, data load time: 0.00022, step time: 0.00870,
epoch: [11], step: [608/1581], batch loss: 0.35875, batch accuracy: 87.50, data load time: 0.00087, step time: 0.01088,
epoch: [11], step: [908/1581], batch loss: 0.62570, batch accuracy: 78.12, data load time: 0.00024, step time: 0.00884,
epoch: [11], step: [1208/1581], batch loss: 0.52011, batch accuracy: 78.12, data load time: 0.00023, step time: 0.00803,
epoch: [11], step: [1508/1581], batch loss: 0.43970, batch accuracy: 78.12, data load time: 0.00022, step time: 0.01081,
epoch: [12], step: [227/1581], batch loss: 0.56394, batch accuracy: 81.25, data load time: 0.00021, step time: 0.00801,
epoch: [12], step: [527/1581], batch loss: 0.25955, batch accuracy: 81.25, data load time: 0.00024, step time: 0.00819,
epoch: [12], step: [827/1581], batch loss: 0.46348, batch accuracy: 84.38, data load time: 0.00024, step time: 0.00848,
epoch: [12], step: [1127/1581], batch loss: 0.43603, batch accuracy: 78.12, data load time: 0.00025, step time: 0.00835,
epoch: [12], step: [1427/1581], batch loss: 0.23984, batch accuracy: 96.88, data load time: 0.00023, step time: 0.01195,
epoch: [13], step: [146/1581], batch loss: 0.26187, batch accuracy: 87.50, data load time: 0.00024, step time: 0.00915,
epoch: [13], step: [446/1581], batch loss: 0.31120, batch accuracy: 84.38, data load time: 0.00025, step time: 0.01309,
epoch: [13], step: [746/1581], batch loss: 0.35098, batch accuracy: 87.50, data load time: 0.00024, step time: 0.01103,
epoch: [13], step: [1046/1581], batch loss: 0.39441, batch accuracy: 87.50, data load time: 0.00021, step time: 0.01256,
epoch: [13], step: [1346/1581], batch loss: 0.27034, batch accuracy: 87.50, data load time: 0.00398, step time: 0.00877,
epoch: [14], step: [65/1581], batch loss: 0.48273, batch accuracy: 93.75, data load time: 0.00023, step time: 0.01088,
epoch: [14], step: [365/1581], batch loss: 0.19329, batch accuracy: 96.88, data load time: 0.00025, step time: 0.01291,
epoch: [14], step: [665/1581], batch loss: 0.23432, batch accuracy: 93.75, data load time: 0.00293, step time: 0.01549,
epoch: [14], step: [965/1581], batch loss: 0.34249, batch accuracy: 81.25, data load time: 0.00622, step time: 0.01125,
epoch: [14], step: [1265/1581], batch loss: 0.40158, batch accuracy: 84.38, data load time: 0.00022, step time: 0.00817,
epoch: [14], step: [1565/1581], batch loss: 0.41219, batch accuracy: 84.38, data load time: 0.00011, step time: 0.00733,
validation loss: 0.93163, accuracy: 72.26, class_accuracy: [59.32203389830509, 92.10526315789474, 79.48717948717949, 59.29203539823009, 83.89830508474576, 55.04587155963303, 100.0, 94.69026548672566, 59.183673469387756, 69.49152542372882]
class_avg: 75.25161529658304
epoch: [15], step: [284/1581], batch loss: 0.33757, batch accuracy: 84.38, data load time: 0.00023, step time: 0.01108,
epoch: [15], step: [584/1581], batch loss: 0.29138, batch accuracy: 93.75, data load time: 0.00022, step time: 0.00812,
epoch: [15], step: [884/1581], batch loss: 0.35803, batch accuracy: 87.50, data load time: 0.00022, step time: 0.01302,
epoch: [15], step: [1184/1581], batch loss: 0.28395, batch accuracy: 93.75, data load time: 0.00022, step time: 0.00838,
epoch: [15], step: [1484/1581], batch loss: 0.36109, batch accuracy: 93.75, data load time: 0.00023, step time: 0.01158,
epoch: [16], step: [203/1581], batch loss: 0.40131, batch accuracy: 87.50, data load time: 0.00024, step time: 0.01145,
epoch: [16], step: [503/1581], batch loss: 0.36585, batch accuracy: 84.38, data load time: 0.00363, step time: 0.00915,
epoch: [16], step: [803/1581], batch loss: 0.26600, batch accuracy: 90.62, data load time: 0.00040, step time: 0.00791,
epoch: [16], step: [1103/1581], batch loss: 0.58170, batch accuracy: 81.25, data load time: 0.00400, step time: 0.00894,
epoch: [16], step: [1403/1581], batch loss: 0.30483, batch accuracy: 81.25, data load time: 0.00372, step time: 0.00861,
epoch: [17], step: [122/1581], batch loss: 0.30672, batch accuracy: 87.50, data load time: 0.00021, step time: 0.01468,
epoch: [17], step: [422/1581], batch loss: 0.39115, batch accuracy: 87.50, data load time: 0.00297, step time: 0.01322,
epoch: [17], step: [722/1581], batch loss: 0.29089, batch accuracy: 84.38, data load time: 0.00394, step time: 0.00907,
epoch: [17], step: [1022/1581], batch loss: 0.16804, batch accuracy: 93.75, data load time: 0.00025, step time: 0.00821,
epoch: [17], step: [1322/1581], batch loss: 0.33231, batch accuracy: 87.50, data load time: 0.00038, step time: 0.00865,
epoch: [18], step: [41/1581], batch loss: 0.35919, batch accuracy: 90.62, data load time: 0.00427, step time: 0.01055,
epoch: [18], step: [341/1581], batch loss: 0.16245, batch accuracy: 90.62, data load time: 0.00288, step time: 0.00931,
epoch: [18], step: [641/1581], batch loss: 0.32397, batch accuracy: 93.75, data load time: 0.00022, step time: 0.01221,
epoch: [18], step: [941/1581], batch loss: 0.24622, batch accuracy: 96.88, data load time: 0.00023, step time: 0.01034,
epoch: [18], step: [1241/1581], batch loss: 0.55258, batch accuracy: 75.00, data load time: 0.00026, step time: 0.01189,
epoch: [18], step: [1541/1581], batch loss: 0.48371, batch accuracy: 84.38, data load time: 0.00017, step time: 0.00789,
epoch: [19], step: [260/1581], batch loss: 0.24738, batch accuracy: 96.88, data load time: 0.00026, step time: 0.00828,
epoch: [19], step: [560/1581], batch loss: 0.35884, batch accuracy: 84.38, data load time: 0.00215, step time: 0.00993,
epoch: [19], step: [860/1581], batch loss: 0.37695, batch accuracy: 87.50, data load time: 0.00024, step time: 0.01092,
epoch: [19], step: [1160/1581], batch loss: 0.46284, batch accuracy: 75.00, data load time: 0.00022, step time: 0.01151,
epoch: [19], step: [1460/1581], batch loss: 0.22448, batch accuracy: 96.88, data load time: 0.00297, step time: 0.00940,
validation loss: 0.91267, accuracy: 72.06, class_accuracy: [53.389830508474574, 92.10526315789474, 76.06837606837607, 71.68141592920354, 81.35593220338983, 59.63302752293578, 97.14285714285714, 95.57522123893806, 56.12244897959184, 66.10169491525424]
class_avg: 74.91760676669159
epoch: [20], step: [179/1581], batch loss: 0.50100, batch accuracy: 78.12, data load time: 0.00294, step time: 0.00956,
epoch: [20], step: [479/1581], batch loss: 0.19584, batch accuracy: 96.88, data load time: 0.00263, step time: 0.01077,
epoch: [20], step: [779/1581], batch loss: 0.25903, batch accuracy: 87.50, data load time: 0.00405, step time: 0.00877,
epoch: [20], step: [1079/1581], batch loss: 0.21332, batch accuracy: 93.75, data load time: 0.00655, step time: 0.01044,
epoch: [20], step: [1379/1581], batch loss: 0.34236, batch accuracy: 93.75, data load time: 0.00032, step time: 0.01096,
epoch: [21], step: [98/1581], batch loss: 0.26959, batch accuracy: 93.75, data load time: 0.00021, step time: 0.00793,
epoch: [21], step: [398/1581], batch loss: 0.24849, batch accuracy: 93.75, data load time: 0.00025, step time: 0.00856,
epoch: [21], step: [698/1581], batch loss: 0.14275, batch accuracy: 93.75, data load time: 0.00021, step time: 0.00791,
epoch: [21], step: [998/1581], batch loss: 0.46601, batch accuracy: 81.25, data load time: 0.00031, step time: 0.01070,
epoch: [21], step: [1298/1581], batch loss: 0.33625, batch accuracy: 84.38, data load time: 0.00023, step time: 0.01020,
epoch: [22], step: [17/1581], batch loss: 0.23514, batch accuracy: 90.62, data load time: 0.00036, step time: 0.01007,
epoch: [22], step: [317/1581], batch loss: 0.24556, batch accuracy: 90.62, data load time: 0.00248, step time: 0.00804,
epoch: [22], step: [617/1581], batch loss: 0.24177, batch accuracy: 90.62, data load time: 0.00032, step time: 0.00840,
epoch: [22], step: [917/1581], batch loss: 0.22195, batch accuracy: 93.75, data load time: 0.00024, step time: 0.00826,
epoch: [22], step: [1217/1581], batch loss: 0.30854, batch accuracy: 87.50, data load time: 0.00338, step time: 0.01040,
epoch: [22], step: [1517/1581], batch loss: 0.50069, batch accuracy: 93.75, data load time: 0.00023, step time: 0.00848,
epoch: [23], step: [236/1581], batch loss: 0.10248, batch accuracy: 96.88, data load time: 0.00284, step time: 0.00816,
epoch: [23], step: [536/1581], batch loss: 0.33542, batch accuracy: 84.38, data load time: 0.00027, step time: 0.01355,
epoch: [23], step: [836/1581], batch loss: 0.19019, batch accuracy: 96.88, data load time: 0.00322, step time: 0.00988,
epoch: [23], step: [1136/1581], batch loss: 0.17504, batch accuracy: 93.75, data load time: 0.00027, step time: 0.00865,
epoch: [23], step: [1436/1581], batch loss: 0.39508, batch accuracy: 87.50, data load time: 0.00304, step time: 0.00854,
epoch: [24], step: [155/1581], batch loss: 0.21172, batch accuracy: 84.38, data load time: 0.00024, step time: 0.00989,
epoch: [24], step: [455/1581], batch loss: 0.13337, batch accuracy: 100.00, data load time: 0.00021, step time: 0.01290,
epoch: [24], step: [755/1581], batch loss: 0.20278, batch accuracy: 87.50, data load time: 0.00021, step time: 0.01020,
epoch: [24], step: [1055/1581], batch loss: 0.33870, batch accuracy: 87.50, data load time: 0.00023, step time: 0.01221,
epoch: [24], step: [1355/1581], batch loss: 0.40320, batch accuracy: 81.25, data load time: 0.00022, step time: 0.00822,
validation loss: 0.89524, accuracy: 72.36, class_accuracy: [53.389830508474574, 92.10526315789474, 72.64957264957265, 70.79646017699115, 83.05084745762711, 54.12844036697248, 97.14285714285714, 97.34513274336283, 56.12244897959184, 74.57627118644068]
class_avg: 75.13071243697851
epoch: [25], step: [74/1581], batch loss: 0.17688, batch accuracy: 93.75, data load time: 0.00028, step time: 0.00895,
epoch: [25], step: [374/1581], batch loss: 0.40110, batch accuracy: 87.50, data load time: 0.00383, step time: 0.00998,
epoch: [25], step: [674/1581], batch loss: 0.17635, batch accuracy: 93.75, data load time: 0.00634, step time: 0.01130,
epoch: [25], step: [974/1581], batch loss: 0.24875, batch accuracy: 96.88, data load time: 0.00332, step time: 0.00855,
epoch: [25], step: [1274/1581], batch loss: 0.28767, batch accuracy: 87.50, data load time: 0.00025, step time: 0.00840,
epoch: [25], step: [1574/1581], batch loss: 0.24033, batch accuracy: 96.88, data load time: 0.00011, step time: 0.00734,
epoch: [26], step: [293/1581], batch loss: 0.14904, batch accuracy: 96.88, data load time: 0.00320, step time: 0.01176,
epoch: [26], step: [593/1581], batch loss: 0.18510, batch accuracy: 93.75, data load time: 0.00021, step time: 0.00792,
epoch: [26], step: [893/1581], batch loss: 0.13848, batch accuracy: 93.75, data load time: 0.00022, step time: 0.00806,
epoch: [26], step: [1193/1581], batch loss: 0.23251, batch accuracy: 93.75, data load time: 0.00292, step time: 0.00948,
epoch: [26], step: [1493/1581], batch loss: 0.10215, batch accuracy: 100.00, data load time: 0.00357, step time: 0.00904,
epoch: [27], step: [212/1581], batch loss: 0.15360, batch accuracy: 93.75, data load time: 0.00042, step time: 0.00859,
epoch: [27], step: [512/1581], batch loss: 0.13004, batch accuracy: 100.00, data load time: 0.00023, step time: 0.00995,
epoch: [27], step: [812/1581], batch loss: 0.32419, batch accuracy: 87.50, data load time: 0.00021, step time: 0.00794,
epoch: [27], step: [1112/1581], batch loss: 0.25037, batch accuracy: 90.62, data load time: 0.00024, step time: 0.01091,
epoch: [27], step: [1412/1581], batch loss: 0.25170, batch accuracy: 90.62, data load time: 0.00022, step time: 0.01357,
epoch: [28], step: [131/1581], batch loss: 0.14587, batch accuracy: 96.88, data load time: 0.00024, step time: 0.00826,
epoch: [28], step: [431/1581], batch loss: 0.16664, batch accuracy: 93.75, data load time: 0.00025, step time: 0.00997,
epoch: [28], step: [731/1581], batch loss: 0.18157, batch accuracy: 93.75, data load time: 0.00023, step time: 0.00826,
epoch: [28], step: [1031/1581], batch loss: 0.18189, batch accuracy: 90.62, data load time: 0.00023, step time: 0.00816,
epoch: [28], step: [1331/1581], batch loss: 0.15367, batch accuracy: 93.75, data load time: 0.00301, step time: 0.00868,
epoch: [29], step: [50/1581], batch loss: 0.12740, batch accuracy: 100.00, data load time: 0.00028, step time: 0.00782,
epoch: [29], step: [350/1581], batch loss: 0.14325, batch accuracy: 96.88, data load time: 0.00023, step time: 0.00873,
epoch: [29], step: [650/1581], batch loss: 0.16804, batch accuracy: 93.75, data load time: 0.00024, step time: 0.00812,
epoch: [29], step: [950/1581], batch loss: 0.30013, batch accuracy: 84.38, data load time: 0.00022, step time: 0.00821,
epoch: [29], step: [1250/1581], batch loss: 0.30214, batch accuracy: 93.75, data load time: 0.00262, step time: 0.00969,
epoch: [29], step: [1550/1581], batch loss: 0.16492, batch accuracy: 93.75, data load time: 0.00014, step time: 0.00737,
validation loss: 0.90304, accuracy: 73.18, class_accuracy: [50.0, 92.10526315789474, 75.21367521367522, 71.68141592920354, 83.05084745762711, 56.88073394495413, 97.14285714285714, 98.23008849557522, 51.02040816326531, 82.20338983050847]
class_avg: 75.75286793355608
epoch: [30], step: [269/1581], batch loss: 0.42448, batch accuracy: 87.50, data load time: 0.00346, step time: 0.00984,
epoch: [30], step: [569/1581], batch loss: 0.17543, batch accuracy: 90.62, data load time: 0.00024, step time: 0.00898,
epoch: [30], step: [869/1581], batch loss: 0.13838, batch accuracy: 96.88, data load time: 0.00024, step time: 0.00811,
epoch: [30], step: [1169/1581], batch loss: 0.07177, batch accuracy: 100.00, data load time: 0.00023, step time: 0.01163,
epoch: [30], step: [1469/1581], batch loss: 0.16644, batch accuracy: 90.62, data load time: 0.00352, step time: 0.00913,
epoch: [31], step: [188/1581], batch loss: 0.21683, batch accuracy: 90.62, data load time: 0.00297, step time: 0.01275,
epoch: [31], step: [488/1581], batch loss: 0.18681, batch accuracy: 93.75, data load time: 0.00417, step time: 0.00904,
epoch: [31], step: [788/1581], batch loss: 0.48043, batch accuracy: 90.62, data load time: 0.00025, step time: 0.01035,
epoch: [31], step: [1088/1581], batch loss: 0.13470, batch accuracy: 100.00, data load time: 0.00023, step time: 0.01113,
epoch: [31], step: [1388/1581], batch loss: 0.12123, batch accuracy: 96.88, data load time: 0.00438, step time: 0.00942,
epoch: [32], step: [107/1581], batch loss: 0.20033, batch accuracy: 93.75, data load time: 0.00022, step time: 0.00862,
epoch: [32], step: [407/1581], batch loss: 0.09520, batch accuracy: 100.00, data load time: 0.00024, step time: 0.00821,
epoch: [32], step: [707/1581], batch loss: 0.07121, batch accuracy: 96.88, data load time: 0.00035, step time: 0.00823,
epoch: [32], step: [1007/1581], batch loss: 0.20761, batch accuracy: 93.75, data load time: 0.00203, step time: 0.01070,
epoch: [32], step: [1307/1581], batch loss: 0.10184, batch accuracy: 93.75, data load time: 0.00027, step time: 0.00804,
epoch: [33], step: [26/1581], batch loss: 0.11300, batch accuracy: 93.75, data load time: 0.00024, step time: 0.01099,
epoch: [33], step: [326/1581], batch loss: 0.14856, batch accuracy: 96.88, data load time: 0.00407, step time: 0.00925,
epoch: [33], step: [626/1581], batch loss: 0.11574, batch accuracy: 96.88, data load time: 0.00298, step time: 0.01027,
epoch: [33], step: [926/1581], batch loss: 0.29000, batch accuracy: 87.50, data load time: 0.00024, step time: 0.00817,
epoch: [33], step: [1226/1581], batch loss: 0.47203, batch accuracy: 84.38, data load time: 0.00362, step time: 0.00976,
epoch: [33], step: [1526/1581], batch loss: 0.12791, batch accuracy: 96.88, data load time: 0.00018, step time: 0.00999,
epoch: [34], step: [245/1581], batch loss: 0.17643, batch accuracy: 93.75, data load time: 0.00022, step time: 0.01255,
epoch: [34], step: [545/1581], batch loss: 0.04839, batch accuracy: 100.00, data load time: 0.00023, step time: 0.01271,
epoch: [34], step: [845/1581], batch loss: 0.17510, batch accuracy: 93.75, data load time: 0.00024, step time: 0.01178,
epoch: [34], step: [1145/1581], batch loss: 0.07695, batch accuracy: 100.00, data load time: 0.00294, step time: 0.00808,
epoch: [34], step: [1445/1581], batch loss: 0.13481, batch accuracy: 93.75, data load time: 0.00294, step time: 0.00963,
validation loss: 0.92848, accuracy: 72.88, class_accuracy: [46.610169491525426, 94.73684210526316, 71.7948717948718, 70.79646017699115, 86.44067796610169, 52.293577981651374, 97.14285714285714, 98.23008849557522, 58.16326530612245, 81.35593220338983]
class_avg: 75.7564742664349
epoch: [35], step: [164/1581], batch loss: 0.11991, batch accuracy: 96.88, data load time: 0.00022, step time: 0.00842,
epoch: [35], step: [464/1581], batch loss: 0.10511, batch accuracy: 100.00, data load time: 0.00025, step time: 0.00814,
epoch: [35], step: [764/1581], batch loss: 0.22742, batch accuracy: 93.75, data load time: 0.00303, step time: 0.00831,
epoch: [35], step: [1064/1581], batch loss: 0.10882, batch accuracy: 93.75, data load time: 0.00041, step time: 0.00817,
epoch: [35], step: [1364/1581], batch loss: 0.17644, batch accuracy: 93.75, data load time: 0.00021, step time: 0.00826,
epoch: [36], step: [83/1581], batch loss: 0.07012, batch accuracy: 100.00, data load time: 0.00024, step time: 0.01001,
epoch: [36], step: [383/1581], batch loss: 0.03501, batch accuracy: 100.00, data load time: 0.00023, step time: 0.01151,
epoch: [36], step: [683/1581], batch loss: 0.10598, batch accuracy: 100.00, data load time: 0.00337, step time: 0.00845,
epoch: [36], step: [983/1581], batch loss: 0.19722, batch accuracy: 93.75, data load time: 0.00026, step time: 0.01069,
epoch: [36], step: [1283/1581], batch loss: 0.12354, batch accuracy: 96.88, data load time: 0.00027, step time: 0.01291,
epoch: [37], step: [2/1581], batch loss: 0.09245, batch accuracy: 96.88, data load time: 0.00022, step time: 0.00942,
epoch: [37], step: [302/1581], batch loss: 0.13048, batch accuracy: 93.75, data load time: 0.00024, step time: 0.00854,
epoch: [37], step: [602/1581], batch loss: 0.16536, batch accuracy: 93.75, data load time: 0.00021, step time: 0.00854,
epoch: [37], step: [902/1581], batch loss: 0.13028, batch accuracy: 96.88, data load time: 0.00302, step time: 0.00931,
epoch: [37], step: [1202/1581], batch loss: 0.07126, batch accuracy: 100.00, data load time: 0.00339, step time: 0.00962,
epoch: [37], step: [1502/1581], batch loss: 0.13631, batch accuracy: 96.88, data load time: 0.00023, step time: 0.01328,
epoch: [38], step: [221/1581], batch loss: 0.04451, batch accuracy: 100.00, data load time: 0.00025, step time: 0.00821,
epoch: [38], step: [521/1581], batch loss: 0.21025, batch accuracy: 93.75, data load time: 0.00022, step time: 0.01026,
epoch: [38], step: [821/1581], batch loss: 0.12336, batch accuracy: 100.00, data load time: 0.00293, step time: 0.00905,
epoch: [38], step: [1121/1581], batch loss: 0.25575, batch accuracy: 93.75, data load time: 0.00023, step time: 0.01034,
epoch: [38], step: [1421/1581], batch loss: 0.12515, batch accuracy: 100.00, data load time: 0.00052, step time: 0.00801,
epoch: [39], step: [140/1581], batch loss: 0.29500, batch accuracy: 93.75, data load time: 0.00365, step time: 0.00800,
epoch: [39], step: [440/1581], batch loss: 0.12201, batch accuracy: 93.75, data load time: 0.00022, step time: 0.00901,
epoch: [39], step: [740/1581], batch loss: 0.13352, batch accuracy: 96.88, data load time: 0.00024, step time: 0.00865,
epoch: [39], step: [1040/1581], batch loss: 0.02994, batch accuracy: 100.00, data load time: 0.00024, step time: 0.01278,
epoch: [39], step: [1340/1581], batch loss: 0.09482, batch accuracy: 100.00, data load time: 0.00026, step time: 0.00824,
validation loss: 0.88596, accuracy: 73.39, class_accuracy: [50.0, 94.73684210526316, 73.5042735042735, 74.33628318584071, 91.52542372881356, 51.37614678899082, 97.14285714285714, 95.57522123893806, 48.97959183673469, 83.05084745762711]
class_avg: 76.02274869893388
epoch: [40], step: [59/1581], batch loss: 0.07611, batch accuracy: 100.00, data load time: 0.00024, step time: 0.00871,
epoch: [40], step: [359/1581], batch loss: 0.06332, batch accuracy: 96.88, data load time: 0.00022, step time: 0.00871,
epoch: [40], step: [659/1581], batch loss: 0.15142, batch accuracy: 93.75, data load time: 0.00023, step time: 0.01073,
epoch: [40], step: [959/1581], batch loss: 0.07661, batch accuracy: 100.00, data load time: 0.00026, step time: 0.00844,
epoch: [40], step: [1259/1581], batch loss: 0.07881, batch accuracy: 100.00, data load time: 0.00023, step time: 0.00815,
epoch: [40], step: [1559/1581], batch loss: 0.24023, batch accuracy: 90.62, data load time: 0.00012, step time: 0.00734,
epoch: [41], step: [278/1581], batch loss: 0.14055, batch accuracy: 93.75, data load time: 0.00024, step time: 0.01180,
epoch: [41], step: [578/1581], batch loss: 0.07440, batch accuracy: 96.88, data load time: 0.00025, step time: 0.00868,
epoch: [41], step: [878/1581], batch loss: 0.03139, batch accuracy: 100.00, data load time: 0.00047, step time: 0.00811,
epoch: [41], step: [1178/1581], batch loss: 0.14373, batch accuracy: 93.75, data load time: 0.00023, step time: 0.01521,
epoch: [41], step: [1478/1581], batch loss: 0.08028, batch accuracy: 93.75, data load time: 0.00033, step time: 0.00843,
epoch: [42], step: [197/1581], batch loss: 0.20245, batch accuracy: 93.75, data load time: 0.00100, step time: 0.01045,
epoch: [42], step: [497/1581], batch loss: 0.05857, batch accuracy: 96.88, data load time: 0.00289, step time: 0.00952,
epoch: [42], step: [797/1581], batch loss: 0.13796, batch accuracy: 96.88, data load time: 0.00027, step time: 0.00906,
epoch: [42], step: [1097/1581], batch loss: 0.14353, batch accuracy: 90.62, data load time: 0.00350, step time: 0.00909,
epoch: [42], step: [1397/1581], batch loss: 0.03732, batch accuracy: 100.00, data load time: 0.00346, step time: 0.00905,
epoch: [43], step: [116/1581], batch loss: 0.11488, batch accuracy: 93.75, data load time: 0.00349, step time: 0.01280,
epoch: [43], step: [416/1581], batch loss: 0.07905, batch accuracy: 100.00, data load time: 0.00023, step time: 0.01099,
epoch: [43], step: [716/1581], batch loss: 0.07636, batch accuracy: 100.00, data load time: 0.00032, step time: 0.00856,
epoch: [43], step: [1016/1581], batch loss: 0.19324, batch accuracy: 96.88, data load time: 0.00330, step time: 0.00863,
epoch: [43], step: [1316/1581], batch loss: 0.05596, batch accuracy: 100.00, data load time: 0.00028, step time: 0.00862,
epoch: [44], step: [35/1581], batch loss: 0.11835, batch accuracy: 96.88, data load time: 0.00019, step time: 0.00844,
epoch: [44], step: [335/1581], batch loss: 0.11263, batch accuracy: 100.00, data load time: 0.00022, step time: 0.00819,
epoch: [44], step: [635/1581], batch loss: 0.11193, batch accuracy: 100.00, data load time: 0.00026, step time: 0.01363,
epoch: [44], step: [935/1581], batch loss: 0.04159, batch accuracy: 100.00, data load time: 0.00023, step time: 0.00888,
epoch: [44], step: [1235/1581], batch loss: 0.12182, batch accuracy: 93.75, data load time: 0.00377, step time: 0.00861,
epoch: [44], step: [1535/1581], batch loss: 0.07169, batch accuracy: 100.00, data load time: 0.00019, step time: 0.00963,
validation loss: 0.88143, accuracy: 74.00, class_accuracy: [50.0, 94.73684210526316, 72.64957264957265, 71.68141592920354, 92.37288135593221, 55.04587155963303, 97.14285714285714, 94.69026548672566, 53.06122448979592, 84.7457627118644]
class_avg: 76.61266934308478
epoch: [45], step: [254/1581], batch loss: 0.05792, batch accuracy: 100.00, data load time: 0.00026, step time: 0.01563,
epoch: [45], step: [554/1581], batch loss: 0.15025, batch accuracy: 96.88, data load time: 0.00292, step time: 0.00974,
epoch: [45], step: [854/1581], batch loss: 0.04908, batch accuracy: 100.00, data load time: 0.00022, step time: 0.00982,
epoch: [45], step: [1154/1581], batch loss: 0.14653, batch accuracy: 93.75, data load time: 0.00022, step time: 0.00845,
epoch: [45], step: [1454/1581], batch loss: 0.11500, batch accuracy: 100.00, data load time: 0.00022, step time: 0.00839,
epoch: [46], step: [173/1581], batch loss: 0.13848, batch accuracy: 96.88, data load time: 0.00022, step time: 0.00957,
epoch: [46], step: [473/1581], batch loss: 0.10139, batch accuracy: 96.88, data load time: 0.00295, step time: 0.01271,
epoch: [46], step: [773/1581], batch loss: 0.11615, batch accuracy: 96.88, data load time: 0.00288, step time: 0.01063,
epoch: [46], step: [1073/1581], batch loss: 0.09535, batch accuracy: 96.88, data load time: 0.00025, step time: 0.01013,
epoch: [46], step: [1373/1581], batch loss: 0.07846, batch accuracy: 96.88, data load time: 0.00022, step time: 0.01261,
epoch: [47], step: [92/1581], batch loss: 0.04510, batch accuracy: 100.00, data load time: 0.00416, step time: 0.00905,
epoch: [47], step: [392/1581], batch loss: 0.09964, batch accuracy: 96.88, data load time: 0.00022, step time: 0.00840,
epoch: [47], step: [692/1581], batch loss: 0.06942, batch accuracy: 100.00, data load time: 0.00022, step time: 0.00814,
epoch: [47], step: [992/1581], batch loss: 0.24071, batch accuracy: 90.62, data load time: 0.00023, step time: 0.00849,
epoch: [47], step: [1292/1581], batch loss: 0.09220, batch accuracy: 100.00, data load time: 0.00385, step time: 0.01106,
epoch: [48], step: [11/1581], batch loss: 0.10163, batch accuracy: 96.88, data load time: 0.00021, step time: 0.01084,
epoch: [48], step: [311/1581], batch loss: 0.26492, batch accuracy: 96.88, data load time: 0.00296, step time: 0.00938,
epoch: [48], step: [611/1581], batch loss: 0.06136, batch accuracy: 100.00, data load time: 0.00022, step time: 0.01255,
epoch: [48], step: [911/1581], batch loss: 0.13117, batch accuracy: 93.75, data load time: 0.00292, step time: 0.00937,
epoch: [48], step: [1211/1581], batch loss: 0.15231, batch accuracy: 93.75, data load time: 0.00421, step time: 0.00881,
epoch: [48], step: [1511/1581], batch loss: 0.25501, batch accuracy: 96.88, data load time: 0.00022, step time: 0.01530,
epoch: [49], step: [230/1581], batch loss: 0.16431, batch accuracy: 90.62, data load time: 0.00024, step time: 0.00831,
epoch: [49], step: [530/1581], batch loss: 0.07138, batch accuracy: 100.00, data load time: 0.00025, step time: 0.00832,
epoch: [49], step: [830/1581], batch loss: 0.18322, batch accuracy: 93.75, data load time: 0.00292, step time: 0.01121,
epoch: [49], step: [1130/1581], batch loss: 0.23874, batch accuracy: 96.88, data load time: 0.00806, step time: 0.00826,
epoch: [49], step: [1430/1581], batch loss: 0.12786, batch accuracy: 93.75, data load time: 0.00302, step time: 0.00915,
validation loss: 0.86783, accuracy: 73.59, class_accuracy: [48.30508474576271, 94.73684210526316, 76.06837606837607, 70.79646017699115, 91.52542372881356, 51.37614678899082, 97.14285714285714, 95.57522123893806, 54.08163265306123, 83.05084745762711]
class_avg: 76.2658892106681
Total time taken: 984.4249947071075
