Using CUDA...
Writing logs to logs/CNN_bn_epochs=50_dropout=0.5_bs=32_lr=0.001_momentum=0.9_mode=LMC_run_10
epoch: [0], step: [299/1581], batch loss: 1.48628, batch accuracy: 43.75, data load time: 0.00033, step time: 0.02014,
epoch: [0], step: [599/1581], batch loss: 1.88813, batch accuracy: 25.00, data load time: 0.00033, step time: 0.01256,
epoch: [0], step: [899/1581], batch loss: 1.31115, batch accuracy: 56.25, data load time: 0.00030, step time: 0.01445,
epoch: [0], step: [1199/1581], batch loss: 1.10910, batch accuracy: 56.25, data load time: 0.00024, step time: 0.01020,
epoch: [0], step: [1499/1581], batch loss: 1.24566, batch accuracy: 53.12, data load time: 0.00021, step time: 0.01750,
epoch: [1], step: [218/1581], batch loss: 1.40747, batch accuracy: 43.75, data load time: 0.00020, step time: 0.01108,
epoch: [1], step: [518/1581], batch loss: 1.03215, batch accuracy: 62.50, data load time: 0.00028, step time: 0.00954,
epoch: [1], step: [818/1581], batch loss: 0.94315, batch accuracy: 65.62, data load time: 0.00021, step time: 0.01004,
epoch: [1], step: [1118/1581], batch loss: 0.47604, batch accuracy: 78.12, data load time: 0.00023, step time: 0.00988,
epoch: [1], step: [1418/1581], batch loss: 1.14689, batch accuracy: 59.38, data load time: 0.00020, step time: 0.00963,
epoch: [2], step: [137/1581], batch loss: 0.76992, batch accuracy: 71.88, data load time: 0.00019, step time: 0.01071,
epoch: [2], step: [437/1581], batch loss: 0.63572, batch accuracy: 75.00, data load time: 0.00021, step time: 0.01683,
epoch: [2], step: [737/1581], batch loss: 0.72060, batch accuracy: 75.00, data load time: 0.00024, step time: 0.01001,
epoch: [2], step: [1037/1581], batch loss: 0.97815, batch accuracy: 68.75, data load time: 0.00021, step time: 0.01706,
epoch: [2], step: [1337/1581], batch loss: 0.80572, batch accuracy: 78.12, data load time: 0.00021, step time: 0.00959,
epoch: [3], step: [56/1581], batch loss: 0.74400, batch accuracy: 75.00, data load time: 0.00018, step time: 0.01098,
epoch: [3], step: [356/1581], batch loss: 0.58402, batch accuracy: 81.25, data load time: 0.00033, step time: 0.00997,
epoch: [3], step: [656/1581], batch loss: 0.55141, batch accuracy: 84.38, data load time: 0.00022, step time: 0.01582,
epoch: [3], step: [956/1581], batch loss: 0.59011, batch accuracy: 75.00, data load time: 0.00021, step time: 0.00968,
epoch: [3], step: [1256/1581], batch loss: 0.44287, batch accuracy: 84.38, data load time: 0.00022, step time: 0.01009,
epoch: [3], step: [1556/1581], batch loss: 0.30118, batch accuracy: 87.50, data load time: 0.00011, step time: 0.00880,
epoch: [4], step: [275/1581], batch loss: 0.74907, batch accuracy: 75.00, data load time: 0.00020, step time: 0.01675,
epoch: [4], step: [575/1581], batch loss: 0.63841, batch accuracy: 78.12, data load time: 0.00022, step time: 0.01372,
epoch: [4], step: [875/1581], batch loss: 0.48892, batch accuracy: 84.38, data load time: 0.00021, step time: 0.01410,
epoch: [4], step: [1175/1581], batch loss: 0.34602, batch accuracy: 90.62, data load time: 0.00041, step time: 0.01110,
epoch: [4], step: [1475/1581], batch loss: 0.67681, batch accuracy: 78.12, data load time: 0.00029, step time: 0.01386,
validation loss: 1.16343, accuracy: 67.62, class_accuracy: [49.42857142857143, 91.46341463414635, 74.35158501440922, 61.23893805309734, 72.91021671826626, 50.77399380804953, 84.31372549019608, 96.93548387096774, 52.867383512544805, 72.71428571428571]
epoch: [5], step: [194/1581], batch loss: 0.53350, batch accuracy: 78.12, data load time: 0.00021, step time: 0.01647,
epoch: [5], step: [494/1581], batch loss: 0.83587, batch accuracy: 71.88, data load time: 0.00568, step time: 0.01227,
epoch: [5], step: [794/1581], batch loss: 0.34258, batch accuracy: 84.38, data load time: 0.00027, step time: 0.01276,
epoch: [5], step: [1094/1581], batch loss: 0.48135, batch accuracy: 81.25, data load time: 0.00021, step time: 0.01477,
epoch: [5], step: [1394/1581], batch loss: 0.40955, batch accuracy: 84.38, data load time: 0.00030, step time: 0.01001,
epoch: [6], step: [113/1581], batch loss: 0.52627, batch accuracy: 84.38, data load time: 0.00020, step time: 0.00944,
epoch: [6], step: [413/1581], batch loss: 0.35639, batch accuracy: 87.50, data load time: 0.00542, step time: 0.01238,
epoch: [6], step: [713/1581], batch loss: 0.46232, batch accuracy: 87.50, data load time: 0.00035, step time: 0.02099,
epoch: [6], step: [1013/1581], batch loss: 0.33185, batch accuracy: 96.88, data load time: 0.00027, step time: 0.01565,
epoch: [6], step: [1313/1581], batch loss: 0.15123, batch accuracy: 96.88, data load time: 0.00021, step time: 0.01441,
epoch: [7], step: [32/1581], batch loss: 0.18792, batch accuracy: 96.88, data load time: 0.00022, step time: 0.01503,
epoch: [7], step: [332/1581], batch loss: 0.21336, batch accuracy: 90.62, data load time: 0.00028, step time: 0.01023,
epoch: [7], step: [632/1581], batch loss: 0.22641, batch accuracy: 93.75, data load time: 0.00024, step time: 0.01173,
epoch: [7], step: [932/1581], batch loss: 0.19504, batch accuracy: 93.75, data load time: 0.00021, step time: 0.00992,
epoch: [7], step: [1232/1581], batch loss: 0.47495, batch accuracy: 78.12, data load time: 0.00021, step time: 0.01665,
epoch: [7], step: [1532/1581], batch loss: 0.35779, batch accuracy: 78.12, data load time: 0.00019, step time: 0.01128,
epoch: [8], step: [251/1581], batch loss: 0.36358, batch accuracy: 84.38, data load time: 0.00040, step time: 0.01211,
epoch: [8], step: [551/1581], batch loss: 0.30614, batch accuracy: 84.38, data load time: 0.00022, step time: 0.01124,
epoch: [8], step: [851/1581], batch loss: 0.12841, batch accuracy: 96.88, data load time: 0.00022, step time: 0.01013,
epoch: [8], step: [1151/1581], batch loss: 0.39039, batch accuracy: 84.38, data load time: 0.00385, step time: 0.01018,
epoch: [8], step: [1451/1581], batch loss: 0.58642, batch accuracy: 81.25, data load time: 0.00023, step time: 0.01557,
epoch: [9], step: [170/1581], batch loss: 0.43118, batch accuracy: 87.50, data load time: 0.00026, step time: 0.01230,
epoch: [9], step: [470/1581], batch loss: 0.49148, batch accuracy: 81.25, data load time: 0.00022, step time: 0.01585,
epoch: [9], step: [770/1581], batch loss: 0.32348, batch accuracy: 90.62, data load time: 0.00021, step time: 0.01002,
epoch: [9], step: [1070/1581], batch loss: 0.08166, batch accuracy: 100.00, data load time: 0.00026, step time: 0.01303,
epoch: [9], step: [1370/1581], batch loss: 0.37862, batch accuracy: 90.62, data load time: 0.00021, step time: 0.00951,
validation loss: 1.00199, accuracy: 71.46, class_accuracy: [64.71428571428571, 85.97560975609755, 73.48703170028818, 66.90265486725664, 82.6625386996904, 50.61919504643963, 87.25490196078431, 93.70967741935483, 56.45161290322581, 75.28571428571429]
epoch: [10], step: [89/1581], batch loss: 0.30178, batch accuracy: 90.62, data load time: 0.00022, step time: 0.01727,
epoch: [10], step: [389/1581], batch loss: 0.11471, batch accuracy: 100.00, data load time: 0.00021, step time: 0.01264,
epoch: [10], step: [689/1581], batch loss: 0.34611, batch accuracy: 87.50, data load time: 0.00043, step time: 0.00963,
epoch: [10], step: [989/1581], batch loss: 0.32575, batch accuracy: 90.62, data load time: 0.00022, step time: 0.01677,
epoch: [10], step: [1289/1581], batch loss: 0.13363, batch accuracy: 100.00, data load time: 0.00024, step time: 0.01019,
epoch: [11], step: [8/1581], batch loss: 0.46066, batch accuracy: 81.25, data load time: 0.00022, step time: 0.02649,
epoch: [11], step: [308/1581], batch loss: 0.31428, batch accuracy: 84.38, data load time: 0.00021, step time: 0.01109,
epoch: [11], step: [608/1581], batch loss: 0.34013, batch accuracy: 90.62, data load time: 0.00020, step time: 0.00948,
epoch: [11], step: [908/1581], batch loss: 0.16486, batch accuracy: 93.75, data load time: 0.00043, step time: 0.01046,
epoch: [11], step: [1208/1581], batch loss: 0.37901, batch accuracy: 90.62, data load time: 0.00297, step time: 0.01035,
epoch: [11], step: [1508/1581], batch loss: 0.22511, batch accuracy: 96.88, data load time: 0.00023, step time: 0.00964,
epoch: [12], step: [227/1581], batch loss: 0.32752, batch accuracy: 93.75, data load time: 0.00029, step time: 0.01629,
epoch: [12], step: [527/1581], batch loss: 0.23455, batch accuracy: 90.62, data load time: 0.00085, step time: 0.01015,
epoch: [12], step: [827/1581], batch loss: 0.37613, batch accuracy: 90.62, data load time: 0.00033, step time: 0.01239,
epoch: [12], step: [1127/1581], batch loss: 0.38955, batch accuracy: 87.50, data load time: 0.00033, step time: 0.00994,
epoch: [12], step: [1427/1581], batch loss: 0.39700, batch accuracy: 90.62, data load time: 0.00022, step time: 0.00993,
epoch: [13], step: [146/1581], batch loss: 0.34322, batch accuracy: 84.38, data load time: 0.00022, step time: 0.01037,
epoch: [13], step: [446/1581], batch loss: 0.45121, batch accuracy: 90.62, data load time: 0.00021, step time: 0.00988,
epoch: [13], step: [746/1581], batch loss: 0.24855, batch accuracy: 87.50, data load time: 0.00424, step time: 0.01121,
epoch: [13], step: [1046/1581], batch loss: 0.51235, batch accuracy: 90.62, data load time: 0.00022, step time: 0.01872,
epoch: [13], step: [1346/1581], batch loss: 0.18896, batch accuracy: 93.75, data load time: 0.00021, step time: 0.01055,
epoch: [14], step: [65/1581], batch loss: 0.18678, batch accuracy: 90.62, data load time: 0.00024, step time: 0.01077,
epoch: [14], step: [365/1581], batch loss: 0.20352, batch accuracy: 90.62, data load time: 0.00024, step time: 0.01012,
epoch: [14], step: [665/1581], batch loss: 0.21022, batch accuracy: 90.62, data load time: 0.00021, step time: 0.01682,
epoch: [14], step: [965/1581], batch loss: 0.22020, batch accuracy: 90.62, data load time: 0.00024, step time: 0.00953,
epoch: [14], step: [1265/1581], batch loss: 0.22310, batch accuracy: 93.75, data load time: 0.00033, step time: 0.00959,
epoch: [14], step: [1565/1581], batch loss: 0.13701, batch accuracy: 96.88, data load time: 0.00011, step time: 0.00881,
validation loss: 1.12101, accuracy: 69.06, class_accuracy: [50.57142857142857, 84.7560975609756, 80.97982708933718, 59.823008849557525, 76.3157894736842, 54.4891640866873, 92.15686274509804, 95.0, 55.913978494623656, 70.42857142857143]
epoch: [15], step: [284/1581], batch loss: 0.03102, batch accuracy: 100.00, data load time: 0.00020, step time: 0.01337,
epoch: [15], step: [584/1581], batch loss: 0.07571, batch accuracy: 100.00, data load time: 0.00022, step time: 0.01023,
epoch: [15], step: [884/1581], batch loss: 0.36579, batch accuracy: 90.62, data load time: 0.00293, step time: 0.01027,
epoch: [15], step: [1184/1581], batch loss: 0.20982, batch accuracy: 93.75, data load time: 0.00022, step time: 0.00990,
epoch: [15], step: [1484/1581], batch loss: 0.26347, batch accuracy: 90.62, data load time: 0.00023, step time: 0.00972,
epoch: [16], step: [203/1581], batch loss: 0.08576, batch accuracy: 100.00, data load time: 0.00028, step time: 0.01356,
epoch: [16], step: [503/1581], batch loss: 0.09882, batch accuracy: 96.88, data load time: 0.00066, step time: 0.01013,
epoch: [16], step: [803/1581], batch loss: 0.07398, batch accuracy: 100.00, data load time: 0.00575, step time: 0.01003,
epoch: [16], step: [1103/1581], batch loss: 0.34929, batch accuracy: 81.25, data load time: 0.00021, step time: 0.01086,
epoch: [16], step: [1403/1581], batch loss: 0.14176, batch accuracy: 96.88, data load time: 0.00024, step time: 0.01050,
epoch: [17], step: [122/1581], batch loss: 0.17768, batch accuracy: 96.88, data load time: 0.00022, step time: 0.01019,
epoch: [17], step: [422/1581], batch loss: 0.45893, batch accuracy: 84.38, data load time: 0.00021, step time: 0.00976,
epoch: [17], step: [722/1581], batch loss: 0.22450, batch accuracy: 90.62, data load time: 0.00023, step time: 0.00962,
epoch: [17], step: [1022/1581], batch loss: 0.25261, batch accuracy: 90.62, data load time: 0.00020, step time: 0.00990,
epoch: [17], step: [1322/1581], batch loss: 0.22043, batch accuracy: 93.75, data load time: 0.00021, step time: 0.01677,
epoch: [18], step: [41/1581], batch loss: 0.12800, batch accuracy: 93.75, data load time: 0.00078, step time: 0.01019,
epoch: [18], step: [341/1581], batch loss: 0.16422, batch accuracy: 93.75, data load time: 0.00023, step time: 0.01874,
epoch: [18], step: [641/1581], batch loss: 0.20494, batch accuracy: 96.88, data load time: 0.00023, step time: 0.00975,
epoch: [18], step: [941/1581], batch loss: 0.30297, batch accuracy: 90.62, data load time: 0.00023, step time: 0.01014,
epoch: [18], step: [1241/1581], batch loss: 0.75614, batch accuracy: 78.12, data load time: 0.00028, step time: 0.01284,
epoch: [18], step: [1541/1581], batch loss: 0.73852, batch accuracy: 78.12, data load time: 0.00017, step time: 0.00971,
epoch: [19], step: [260/1581], batch loss: 0.17550, batch accuracy: 96.88, data load time: 0.00024, step time: 0.00985,
epoch: [19], step: [560/1581], batch loss: 0.30905, batch accuracy: 93.75, data load time: 0.00020, step time: 0.00982,
epoch: [19], step: [860/1581], batch loss: 0.16365, batch accuracy: 96.88, data load time: 0.00020, step time: 0.00938,
epoch: [19], step: [1160/1581], batch loss: 0.24406, batch accuracy: 90.62, data load time: 0.00021, step time: 0.01125,
epoch: [19], step: [1460/1581], batch loss: 0.06336, batch accuracy: 100.00, data load time: 0.00025, step time: 0.01018,
validation loss: 1.13724, accuracy: 69.71, class_accuracy: [44.0, 92.07317073170732, 79.82708933717579, 62.83185840707964, 76.0061919504644, 67.80185758513932, 86.27450980392157, 98.70967741935483, 48.924731182795696, 70.14285714285714]
epoch: [20], step: [179/1581], batch loss: 0.16717, batch accuracy: 93.75, data load time: 0.00358, step time: 0.01259,
epoch: [20], step: [479/1581], batch loss: 0.31777, batch accuracy: 93.75, data load time: 0.00022, step time: 0.01223,
epoch: [20], step: [779/1581], batch loss: 0.36120, batch accuracy: 93.75, data load time: 0.00292, step time: 0.01016,
epoch: [20], step: [1079/1581], batch loss: 0.24202, batch accuracy: 93.75, data load time: 0.00021, step time: 0.01373,
epoch: [20], step: [1379/1581], batch loss: 0.26801, batch accuracy: 90.62, data load time: 0.00366, step time: 0.01203,
epoch: [21], step: [98/1581], batch loss: 0.10100, batch accuracy: 93.75, data load time: 0.00569, step time: 0.01229,
epoch: [21], step: [398/1581], batch loss: 0.18211, batch accuracy: 93.75, data load time: 0.00041, step time: 0.02213,
epoch: [21], step: [698/1581], batch loss: 0.24794, batch accuracy: 96.88, data load time: 0.00025, step time: 0.01190,
epoch: [21], step: [998/1581], batch loss: 0.18745, batch accuracy: 93.75, data load time: 0.00029, step time: 0.01031,
epoch: [21], step: [1298/1581], batch loss: 0.09344, batch accuracy: 100.00, data load time: 0.00028, step time: 0.01151,
epoch: [22], step: [17/1581], batch loss: 0.45510, batch accuracy: 84.38, data load time: 0.00517, step time: 0.01357,
epoch: [22], step: [317/1581], batch loss: 0.12150, batch accuracy: 100.00, data load time: 0.00560, step time: 0.01072,
epoch: [22], step: [617/1581], batch loss: 0.43467, batch accuracy: 84.38, data load time: 0.00022, step time: 0.01825,
epoch: [22], step: [917/1581], batch loss: 0.24255, batch accuracy: 96.88, data load time: 0.00023, step time: 0.00959,
epoch: [22], step: [1217/1581], batch loss: 0.57486, batch accuracy: 84.38, data load time: 0.00021, step time: 0.01083,
epoch: [22], step: [1517/1581], batch loss: 0.17471, batch accuracy: 93.75, data load time: 0.00022, step time: 0.00977,
epoch: [23], step: [236/1581], batch loss: 0.11531, batch accuracy: 93.75, data load time: 0.00023, step time: 0.00973,
epoch: [23], step: [536/1581], batch loss: 0.17411, batch accuracy: 90.62, data load time: 0.00593, step time: 0.01322,
epoch: [23], step: [836/1581], batch loss: 0.13115, batch accuracy: 96.88, data load time: 0.00022, step time: 0.01076,
epoch: [23], step: [1136/1581], batch loss: 0.48309, batch accuracy: 84.38, data load time: 0.00028, step time: 0.01209,
epoch: [23], step: [1436/1581], batch loss: 0.24098, batch accuracy: 93.75, data load time: 0.00021, step time: 0.00974,
epoch: [24], step: [155/1581], batch loss: 0.11216, batch accuracy: 96.88, data load time: 0.01033, step time: 0.01081,
epoch: [24], step: [455/1581], batch loss: 0.24031, batch accuracy: 93.75, data load time: 0.00023, step time: 0.01015,
epoch: [24], step: [755/1581], batch loss: 0.25852, batch accuracy: 90.62, data load time: 0.00021, step time: 0.01612,
epoch: [24], step: [1055/1581], batch loss: 0.49540, batch accuracy: 84.38, data load time: 0.00023, step time: 0.01023,
epoch: [24], step: [1355/1581], batch loss: 0.24839, batch accuracy: 93.75, data load time: 0.00052, step time: 0.01026,
validation loss: 1.12264, accuracy: 69.66, class_accuracy: [45.42857142857143, 90.85365853658537, 75.93659942363112, 65.66371681415929, 83.43653250773994, 53.71517027863777, 88.23529411764706, 94.6774193548387, 50.7168458781362, 78.14285714285714]
epoch: [25], step: [74/1581], batch loss: 0.20820, batch accuracy: 90.62, data load time: 0.00490, step time: 0.01041,
epoch: [25], step: [374/1581], batch loss: 0.40699, batch accuracy: 81.25, data load time: 0.00033, step time: 0.00983,
epoch: [25], step: [674/1581], batch loss: 0.42376, batch accuracy: 87.50, data load time: 0.00024, step time: 0.01765,
epoch: [25], step: [974/1581], batch loss: 0.19961, batch accuracy: 96.88, data load time: 0.00022, step time: 0.02160,
epoch: [25], step: [1274/1581], batch loss: 0.17822, batch accuracy: 96.88, data load time: 0.00024, step time: 0.01017,
epoch: [25], step: [1574/1581], batch loss: 0.29822, batch accuracy: 84.38, data load time: 0.00011, step time: 0.00882,
epoch: [26], step: [293/1581], batch loss: 0.21608, batch accuracy: 96.88, data load time: 0.00568, step time: 0.01056,
epoch: [26], step: [593/1581], batch loss: 0.19918, batch accuracy: 93.75, data load time: 0.00021, step time: 0.01698,
epoch: [26], step: [893/1581], batch loss: 0.10720, batch accuracy: 96.88, data load time: 0.00022, step time: 0.01049,
epoch: [26], step: [1193/1581], batch loss: 0.29897, batch accuracy: 87.50, data load time: 0.00382, step time: 0.01091,
epoch: [26], step: [1493/1581], batch loss: 0.19527, batch accuracy: 93.75, data load time: 0.00020, step time: 0.01347,
epoch: [27], step: [212/1581], batch loss: 0.32741, batch accuracy: 90.62, data load time: 0.00028, step time: 0.01273,
epoch: [27], step: [512/1581], batch loss: 0.18688, batch accuracy: 93.75, data load time: 0.00043, step time: 0.01378,
epoch: [27], step: [812/1581], batch loss: 0.33240, batch accuracy: 87.50, data load time: 0.00336, step time: 0.00973,
epoch: [27], step: [1112/1581], batch loss: 0.22793, batch accuracy: 87.50, data load time: 0.00021, step time: 0.01653,
epoch: [27], step: [1412/1581], batch loss: 0.38053, batch accuracy: 90.62, data load time: 0.00553, step time: 0.01116,
epoch: [28], step: [131/1581], batch loss: 0.24464, batch accuracy: 90.62, data load time: 0.00022, step time: 0.01056,
epoch: [28], step: [431/1581], batch loss: 0.23262, batch accuracy: 96.88, data load time: 0.00294, step time: 0.00998,
epoch: [28], step: [731/1581], batch loss: 0.21063, batch accuracy: 90.62, data load time: 0.00170, step time: 0.01113,
epoch: [28], step: [1031/1581], batch loss: 0.61091, batch accuracy: 84.38, data load time: 0.00367, step time: 0.01243,
epoch: [28], step: [1331/1581], batch loss: 0.31274, batch accuracy: 84.38, data load time: 0.00020, step time: 0.00955,
epoch: [29], step: [50/1581], batch loss: 0.06933, batch accuracy: 100.00, data load time: 0.00561, step time: 0.00982,
epoch: [29], step: [350/1581], batch loss: 0.22958, batch accuracy: 90.62, data load time: 0.00065, step time: 0.00987,
epoch: [29], step: [650/1581], batch loss: 0.17658, batch accuracy: 96.88, data load time: 0.00295, step time: 0.01035,
epoch: [29], step: [950/1581], batch loss: 0.35497, batch accuracy: 93.75, data load time: 0.00365, step time: 0.01241,
epoch: [29], step: [1250/1581], batch loss: 0.17916, batch accuracy: 96.88, data load time: 0.00360, step time: 0.01219,
epoch: [29], step: [1550/1581], batch loss: 0.37703, batch accuracy: 93.75, data load time: 0.00012, step time: 0.00881,
validation loss: 1.16663, accuracy: 69.79, class_accuracy: [50.57142857142857, 91.46341463414635, 82.27665706051873, 58.4070796460177, 86.687306501548, 54.024767801857585, 91.17647058823529, 97.74193548387096, 51.7921146953405, 66.14285714285714]
epoch: [30], step: [269/1581], batch loss: 0.15947, batch accuracy: 90.62, data load time: 0.00022, step time: 0.00972,
epoch: [30], step: [569/1581], batch loss: 0.16085, batch accuracy: 96.88, data load time: 0.00020, step time: 0.01178,
epoch: [30], step: [869/1581], batch loss: 0.30715, batch accuracy: 87.50, data load time: 0.00020, step time: 0.00952,
epoch: [30], step: [1169/1581], batch loss: 0.22898, batch accuracy: 93.75, data load time: 0.00022, step time: 0.00949,
epoch: [30], step: [1469/1581], batch loss: 0.14971, batch accuracy: 93.75, data load time: 0.00021, step time: 0.01562,
epoch: [31], step: [188/1581], batch loss: 0.31819, batch accuracy: 90.62, data load time: 0.00020, step time: 0.02356,
epoch: [31], step: [488/1581], batch loss: 0.24212, batch accuracy: 90.62, data load time: 0.00021, step time: 0.01118,
epoch: [31], step: [788/1581], batch loss: 0.39587, batch accuracy: 87.50, data load time: 0.00020, step time: 0.01055,
epoch: [31], step: [1088/1581], batch loss: 0.30622, batch accuracy: 90.62, data load time: 0.00021, step time: 0.01081,
epoch: [31], step: [1388/1581], batch loss: 0.30781, batch accuracy: 87.50, data load time: 0.00023, step time: 0.01111,
epoch: [32], step: [107/1581], batch loss: 0.40302, batch accuracy: 87.50, data load time: 0.00020, step time: 0.00969,
epoch: [32], step: [407/1581], batch loss: 0.03731, batch accuracy: 100.00, data load time: 0.00030, step time: 0.00996,
epoch: [32], step: [707/1581], batch loss: 0.11138, batch accuracy: 93.75, data load time: 0.00033, step time: 0.01654,
epoch: [32], step: [1007/1581], batch loss: 0.27017, batch accuracy: 87.50, data load time: 0.00022, step time: 0.01025,
epoch: [32], step: [1307/1581], batch loss: 0.02256, batch accuracy: 100.00, data load time: 0.00022, step time: 0.01142,
epoch: [33], step: [26/1581], batch loss: 0.09975, batch accuracy: 96.88, data load time: 0.00046, step time: 0.01793,
epoch: [33], step: [326/1581], batch loss: 0.11512, batch accuracy: 96.88, data load time: 0.00021, step time: 0.01374,
epoch: [33], step: [626/1581], batch loss: 0.16625, batch accuracy: 96.88, data load time: 0.00032, step time: 0.00966,
epoch: [33], step: [926/1581], batch loss: 0.15795, batch accuracy: 96.88, data load time: 0.00020, step time: 0.00968,
epoch: [33], step: [1226/1581], batch loss: 0.37562, batch accuracy: 87.50, data load time: 0.00021, step time: 0.01187,
epoch: [33], step: [1526/1581], batch loss: 0.27486, batch accuracy: 90.62, data load time: 0.00017, step time: 0.00979,
epoch: [34], step: [245/1581], batch loss: 0.08042, batch accuracy: 100.00, data load time: 0.00022, step time: 0.01024,
epoch: [34], step: [545/1581], batch loss: 0.12703, batch accuracy: 93.75, data load time: 0.00025, step time: 0.01068,
epoch: [34], step: [845/1581], batch loss: 0.23798, batch accuracy: 93.75, data load time: 0.00020, step time: 0.01465,
epoch: [34], step: [1145/1581], batch loss: 0.26606, batch accuracy: 93.75, data load time: 0.00431, step time: 0.01267,
epoch: [34], step: [1445/1581], batch loss: 0.29645, batch accuracy: 90.62, data load time: 0.00418, step time: 0.01016,
validation loss: 1.20204, accuracy: 69.81, class_accuracy: [36.42857142857143, 81.70731707317073, 82.13256484149856, 59.469026548672566, 90.55727554179566, 72.29102167182663, 84.31372549019608, 88.06451612903226, 49.46236559139785, 73.0]
epoch: [35], step: [164/1581], batch loss: 0.12757, batch accuracy: 96.88, data load time: 0.00022, step time: 0.01005,
epoch: [35], step: [464/1581], batch loss: 0.17059, batch accuracy: 93.75, data load time: 0.00021, step time: 0.00992,
epoch: [35], step: [764/1581], batch loss: 0.17248, batch accuracy: 93.75, data load time: 0.00301, step time: 0.01036,
epoch: [35], step: [1064/1581], batch loss: 0.17520, batch accuracy: 100.00, data load time: 0.00057, step time: 0.01121,
epoch: [35], step: [1364/1581], batch loss: 0.26485, batch accuracy: 90.62, data load time: 0.00034, step time: 0.01010,
epoch: [36], step: [83/1581], batch loss: 0.19723, batch accuracy: 90.62, data load time: 0.00020, step time: 0.01080,
epoch: [36], step: [383/1581], batch loss: 0.03985, batch accuracy: 100.00, data load time: 0.00022, step time: 0.01269,
epoch: [36], step: [683/1581], batch loss: 0.17153, batch accuracy: 90.62, data load time: 0.00020, step time: 0.00992,
epoch: [36], step: [983/1581], batch loss: 0.25087, batch accuracy: 93.75, data load time: 0.00021, step time: 0.01022,
epoch: [36], step: [1283/1581], batch loss: 0.29339, batch accuracy: 93.75, data load time: 0.00022, step time: 0.00964,
epoch: [37], step: [2/1581], batch loss: 0.02817, batch accuracy: 100.00, data load time: 0.00286, step time: 0.01291,
epoch: [37], step: [302/1581], batch loss: 0.11889, batch accuracy: 93.75, data load time: 0.00022, step time: 0.01656,
epoch: [37], step: [602/1581], batch loss: 0.36010, batch accuracy: 87.50, data load time: 0.00024, step time: 0.01050,
epoch: [37], step: [902/1581], batch loss: 0.26660, batch accuracy: 90.62, data load time: 0.00032, step time: 0.01006,
epoch: [37], step: [1202/1581], batch loss: 0.29504, batch accuracy: 87.50, data load time: 0.00023, step time: 0.00999,
epoch: [37], step: [1502/1581], batch loss: 0.45457, batch accuracy: 87.50, data load time: 0.00020, step time: 0.01646,
epoch: [38], step: [221/1581], batch loss: 0.18431, batch accuracy: 93.75, data load time: 0.00022, step time: 0.01017,
epoch: [38], step: [521/1581], batch loss: 0.16459, batch accuracy: 93.75, data load time: 0.00055, step time: 0.00973,
epoch: [38], step: [821/1581], batch loss: 0.04889, batch accuracy: 100.00, data load time: 0.00021, step time: 0.01521,
epoch: [38], step: [1121/1581], batch loss: 0.15754, batch accuracy: 93.75, data load time: 0.00021, step time: 0.01346,
epoch: [38], step: [1421/1581], batch loss: 0.25395, batch accuracy: 87.50, data load time: 0.00071, step time: 0.01237,
epoch: [39], step: [140/1581], batch loss: 0.31384, batch accuracy: 90.62, data load time: 0.00021, step time: 0.02174,
epoch: [39], step: [440/1581], batch loss: 0.10446, batch accuracy: 96.88, data load time: 0.00055, step time: 0.01214,
epoch: [39], step: [740/1581], batch loss: 0.19320, batch accuracy: 93.75, data load time: 0.00020, step time: 0.00969,
epoch: [39], step: [1040/1581], batch loss: 0.07671, batch accuracy: 96.88, data load time: 0.00074, step time: 0.01043,
epoch: [39], step: [1340/1581], batch loss: 0.08537, batch accuracy: 100.00, data load time: 0.00022, step time: 0.00967,
validation loss: 1.09365, accuracy: 69.19, class_accuracy: [46.142857142857146, 91.46341463414635, 83.71757925072046, 60.0, 79.41176470588235, 55.88235294117647, 84.31372549019608, 96.7741935483871, 50.7168458781362, 71.0]
epoch: [40], step: [59/1581], batch loss: 0.28956, batch accuracy: 87.50, data load time: 0.00038, step time: 0.01229,
epoch: [40], step: [359/1581], batch loss: 0.21157, batch accuracy: 87.50, data load time: 0.00032, step time: 0.01149,
epoch: [40], step: [659/1581], batch loss: 0.21081, batch accuracy: 90.62, data load time: 0.00030, step time: 0.01064,
epoch: [40], step: [959/1581], batch loss: 0.23889, batch accuracy: 93.75, data load time: 0.00360, step time: 0.01260,
epoch: [40], step: [1259/1581], batch loss: 0.03223, batch accuracy: 100.00, data load time: 0.00029, step time: 0.00975,
epoch: [40], step: [1559/1581], batch loss: 0.30508, batch accuracy: 84.38, data load time: 0.00011, step time: 0.00881,
epoch: [41], step: [278/1581], batch loss: 0.43334, batch accuracy: 84.38, data load time: 0.00022, step time: 0.01139,
epoch: [41], step: [578/1581], batch loss: 0.11291, batch accuracy: 96.88, data load time: 0.00023, step time: 0.01091,
epoch: [41], step: [878/1581], batch loss: 0.16363, batch accuracy: 93.75, data load time: 0.00022, step time: 0.01828,
epoch: [41], step: [1178/1581], batch loss: 0.30632, batch accuracy: 90.62, data load time: 0.00354, step time: 0.01706,
epoch: [41], step: [1478/1581], batch loss: 0.08289, batch accuracy: 96.88, data load time: 0.00020, step time: 0.01076,
epoch: [42], step: [197/1581], batch loss: 0.15218, batch accuracy: 93.75, data load time: 0.00024, step time: 0.01085,
epoch: [42], step: [497/1581], batch loss: 0.28299, batch accuracy: 87.50, data load time: 0.00466, step time: 0.01305,
epoch: [42], step: [797/1581], batch loss: 0.11363, batch accuracy: 96.88, data load time: 0.00026, step time: 0.01027,
epoch: [42], step: [1097/1581], batch loss: 0.16237, batch accuracy: 93.75, data load time: 0.00022, step time: 0.01015,
epoch: [42], step: [1397/1581], batch loss: 0.17325, batch accuracy: 96.88, data load time: 0.00031, step time: 0.01004,
epoch: [43], step: [116/1581], batch loss: 0.17126, batch accuracy: 93.75, data load time: 0.00023, step time: 0.01738,
epoch: [43], step: [416/1581], batch loss: 0.03067, batch accuracy: 100.00, data load time: 0.00023, step time: 0.01346,
epoch: [43], step: [716/1581], batch loss: 0.08094, batch accuracy: 100.00, data load time: 0.00020, step time: 0.00986,
epoch: [43], step: [1016/1581], batch loss: 0.05557, batch accuracy: 96.88, data load time: 0.00022, step time: 0.00950,
epoch: [43], step: [1316/1581], batch loss: 0.13943, batch accuracy: 96.88, data load time: 0.00021, step time: 0.01145,
epoch: [44], step: [35/1581], batch loss: 0.12674, batch accuracy: 96.88, data load time: 0.00021, step time: 0.01633,
epoch: [44], step: [335/1581], batch loss: 0.39172, batch accuracy: 87.50, data load time: 0.00020, step time: 0.00933,
epoch: [44], step: [635/1581], batch loss: 0.18131, batch accuracy: 93.75, data load time: 0.00046, step time: 0.02154,
epoch: [44], step: [935/1581], batch loss: 0.40743, batch accuracy: 87.50, data load time: 0.00025, step time: 0.01014,
epoch: [44], step: [1235/1581], batch loss: 0.80848, batch accuracy: 84.38, data load time: 0.00020, step time: 0.00961,
epoch: [44], step: [1535/1581], batch loss: 0.25625, batch accuracy: 90.62, data load time: 0.00017, step time: 0.00985,
validation loss: 1.19550, accuracy: 69.21, class_accuracy: [47.0, 86.58536585365853, 78.6743515850144, 62.30088495575221, 85.13931888544892, 52.476780185758514, 90.19607843137256, 96.7741935483871, 48.38709677419355, 73.42857142857143]
epoch: [45], step: [254/1581], batch loss: 0.28145, batch accuracy: 87.50, data load time: 0.00022, step time: 0.01040,
epoch: [45], step: [554/1581], batch loss: 0.10226, batch accuracy: 96.88, data load time: 0.00024, step time: 0.01053,
epoch: [45], step: [854/1581], batch loss: 0.37314, batch accuracy: 96.88, data load time: 0.00021, step time: 0.00977,
epoch: [45], step: [1154/1581], batch loss: 0.20791, batch accuracy: 96.88, data load time: 0.00042, step time: 0.01325,
epoch: [45], step: [1454/1581], batch loss: 0.11395, batch accuracy: 96.88, data load time: 0.00021, step time: 0.01010,
epoch: [46], step: [173/1581], batch loss: 0.43113, batch accuracy: 78.12, data load time: 0.00022, step time: 0.01047,
epoch: [46], step: [473/1581], batch loss: 0.06474, batch accuracy: 96.88, data load time: 0.00869, step time: 0.01438,
epoch: [46], step: [773/1581], batch loss: 0.09639, batch accuracy: 96.88, data load time: 0.00021, step time: 0.00990,
epoch: [46], step: [1073/1581], batch loss: 0.11682, batch accuracy: 93.75, data load time: 0.00020, step time: 0.00989,
epoch: [46], step: [1373/1581], batch loss: 0.09724, batch accuracy: 96.88, data load time: 0.00101, step time: 0.01839,
epoch: [47], step: [92/1581], batch loss: 0.24725, batch accuracy: 90.62, data load time: 0.00023, step time: 0.00987,
epoch: [47], step: [392/1581], batch loss: 0.84183, batch accuracy: 87.50, data load time: 0.00024, step time: 0.00990,
epoch: [47], step: [692/1581], batch loss: 0.20283, batch accuracy: 93.75, data load time: 0.00020, step time: 0.01098,
epoch: [47], step: [992/1581], batch loss: 0.19601, batch accuracy: 93.75, data load time: 0.00346, step time: 0.01079,
epoch: [47], step: [1292/1581], batch loss: 0.18868, batch accuracy: 93.75, data load time: 0.00361, step time: 0.01157,
epoch: [48], step: [11/1581], batch loss: 0.11660, batch accuracy: 96.88, data load time: 0.00022, step time: 0.02019,
epoch: [48], step: [311/1581], batch loss: 0.36711, batch accuracy: 90.62, data load time: 0.00021, step time: 0.01586,
epoch: [48], step: [611/1581], batch loss: 0.13128, batch accuracy: 96.88, data load time: 0.00033, step time: 0.01053,
epoch: [48], step: [911/1581], batch loss: 0.25110, batch accuracy: 87.50, data load time: 0.00029, step time: 0.01271,
epoch: [48], step: [1211/1581], batch loss: 0.36232, batch accuracy: 84.38, data load time: 0.00022, step time: 0.01005,
epoch: [48], step: [1511/1581], batch loss: 0.24051, batch accuracy: 87.50, data load time: 0.00024, step time: 0.01051,
epoch: [49], step: [230/1581], batch loss: 0.09469, batch accuracy: 96.88, data load time: 0.00098, step time: 0.01138,
epoch: [49], step: [530/1581], batch loss: 0.24350, batch accuracy: 87.50, data load time: 0.00021, step time: 0.01570,
epoch: [49], step: [830/1581], batch loss: 0.16538, batch accuracy: 96.88, data load time: 0.00020, step time: 0.01105,
epoch: [49], step: [1130/1581], batch loss: 0.13532, batch accuracy: 96.88, data load time: 0.00026, step time: 0.01062,
epoch: [49], step: [1430/1581], batch loss: 0.22283, batch accuracy: 90.62, data load time: 0.00025, step time: 0.00971,
validation loss: 1.17449, accuracy: 68.75, class_accuracy: [40.285714285714285, 91.46341463414635, 85.87896253602305, 62.30088495575221, 77.08978328173374, 54.024767801857585, 93.13725490196079, 98.2258064516129, 50.89605734767025, 70.57142857142857]
Total time taken: 1132.0558967590332
