Using CUDA...
Writing logs to logs/CNN_bn_epochs=50_dropout=0.5_bs=32_optim=SGD_decay=1e-05_lr=0.001_momentum=0.9_mode=LMC_run_0
epoch: [0], step: [299/1581], batch loss: 1.79518, batch accuracy: 28.12, data load time: 0.00021, step time: 0.00775,
epoch: [0], step: [599/1581], batch loss: 1.79845, batch accuracy: 37.50, data load time: 0.00030, step time: 0.00790,
epoch: [0], step: [899/1581], batch loss: 1.35750, batch accuracy: 65.62, data load time: 0.00031, step time: 0.00937,
epoch: [0], step: [1199/1581], batch loss: 1.73847, batch accuracy: 56.25, data load time: 0.00021, step time: 0.00798,
epoch: [0], step: [1499/1581], batch loss: 1.12266, batch accuracy: 53.12, data load time: 0.00023, step time: 0.00786,
epoch: [1], step: [218/1581], batch loss: 0.88853, batch accuracy: 71.88, data load time: 0.00296, step time: 0.00910,
epoch: [1], step: [518/1581], batch loss: 1.14582, batch accuracy: 59.38, data load time: 0.00021, step time: 0.00794,
epoch: [1], step: [818/1581], batch loss: 0.99325, batch accuracy: 62.50, data load time: 0.00022, step time: 0.01002,
epoch: [1], step: [1118/1581], batch loss: 1.53160, batch accuracy: 37.50, data load time: 0.00026, step time: 0.00972,
epoch: [1], step: [1418/1581], batch loss: 1.24401, batch accuracy: 68.75, data load time: 0.00024, step time: 0.00934,
epoch: [2], step: [137/1581], batch loss: 0.90787, batch accuracy: 68.75, data load time: 0.00330, step time: 0.00908,
epoch: [2], step: [437/1581], batch loss: 0.55875, batch accuracy: 75.00, data load time: 0.00023, step time: 0.00964,
epoch: [2], step: [737/1581], batch loss: 1.07826, batch accuracy: 59.38, data load time: 0.00038, step time: 0.00812,
epoch: [2], step: [1037/1581], batch loss: 0.50813, batch accuracy: 81.25, data load time: 0.00024, step time: 0.00980,
epoch: [2], step: [1337/1581], batch loss: 0.68422, batch accuracy: 81.25, data load time: 0.00280, step time: 0.00928,
epoch: [3], step: [56/1581], batch loss: 0.97778, batch accuracy: 56.25, data load time: 0.00021, step time: 0.01026,
epoch: [3], step: [356/1581], batch loss: 0.70049, batch accuracy: 75.00, data load time: 0.00261, step time: 0.00966,
epoch: [3], step: [656/1581], batch loss: 0.57246, batch accuracy: 81.25, data load time: 0.00022, step time: 0.01144,
epoch: [3], step: [956/1581], batch loss: 0.87964, batch accuracy: 59.38, data load time: 0.00022, step time: 0.01012,
epoch: [3], step: [1256/1581], batch loss: 0.83999, batch accuracy: 75.00, data load time: 0.00021, step time: 0.01214,
epoch: [3], step: [1556/1581], batch loss: 0.54036, batch accuracy: 75.00, data load time: 0.00012, step time: 0.00735,
epoch: [4], step: [275/1581], batch loss: 0.55200, batch accuracy: 75.00, data load time: 0.00194, step time: 0.01016,
epoch: [4], step: [575/1581], batch loss: 0.42106, batch accuracy: 81.25, data load time: 0.00022, step time: 0.01240,
epoch: [4], step: [875/1581], batch loss: 0.69494, batch accuracy: 87.50, data load time: 0.00414, step time: 0.01164,
epoch: [4], step: [1175/1581], batch loss: 0.30178, batch accuracy: 84.38, data load time: 0.00025, step time: 0.00937,
epoch: [4], step: [1475/1581], batch loss: 0.33977, batch accuracy: 90.62, data load time: 0.00023, step time: 0.00987,
validation loss: 1.60958, accuracy: 54.35, class_accuracy: [79.66101694915254, 81.57894736842105, 31.623931623931625, 42.47787610619469, 75.42372881355932, 46.788990825688074, 100.0, 81.41592920353982, 36.734693877551024, 15.254237288135593]
epoch: [5], step: [194/1581], batch loss: 0.43521, batch accuracy: 87.50, data load time: 0.00425, step time: 0.01044,
epoch: [5], step: [494/1581], batch loss: 0.45174, batch accuracy: 90.62, data load time: 0.00445, step time: 0.00819,
epoch: [5], step: [794/1581], batch loss: 0.50393, batch accuracy: 78.12, data load time: 0.00023, step time: 0.00789,
epoch: [5], step: [1094/1581], batch loss: 0.58049, batch accuracy: 84.38, data load time: 0.00024, step time: 0.01236,
epoch: [5], step: [1394/1581], batch loss: 0.41029, batch accuracy: 84.38, data load time: 0.00023, step time: 0.01301,
epoch: [6], step: [113/1581], batch loss: 0.59177, batch accuracy: 75.00, data load time: 0.00026, step time: 0.00999,
epoch: [6], step: [413/1581], batch loss: 0.86510, batch accuracy: 68.75, data load time: 0.00032, step time: 0.00800,
epoch: [6], step: [713/1581], batch loss: 0.54281, batch accuracy: 81.25, data load time: 0.00393, step time: 0.00898,
epoch: [6], step: [1013/1581], batch loss: 0.41268, batch accuracy: 81.25, data load time: 0.00022, step time: 0.01239,
epoch: [6], step: [1313/1581], batch loss: 0.33471, batch accuracy: 90.62, data load time: 0.00287, step time: 0.00952,
epoch: [7], step: [32/1581], batch loss: 0.28995, batch accuracy: 84.38, data load time: 0.00290, step time: 0.00960,
epoch: [7], step: [332/1581], batch loss: 0.43711, batch accuracy: 81.25, data load time: 0.00022, step time: 0.00935,
epoch: [7], step: [632/1581], batch loss: 0.39357, batch accuracy: 78.12, data load time: 0.00022, step time: 0.00831,
epoch: [7], step: [932/1581], batch loss: 0.56969, batch accuracy: 81.25, data load time: 0.00021, step time: 0.00813,
epoch: [7], step: [1232/1581], batch loss: 0.33360, batch accuracy: 90.62, data load time: 0.00437, step time: 0.00780,
epoch: [7], step: [1532/1581], batch loss: 0.35599, batch accuracy: 90.62, data load time: 0.00017, step time: 0.00961,
epoch: [8], step: [251/1581], batch loss: 0.53252, batch accuracy: 75.00, data load time: 0.00024, step time: 0.00801,
epoch: [8], step: [551/1581], batch loss: 0.38336, batch accuracy: 81.25, data load time: 0.00288, step time: 0.00900,
epoch: [8], step: [851/1581], batch loss: 0.23036, batch accuracy: 90.62, data load time: 0.00363, step time: 0.01242,
epoch: [8], step: [1151/1581], batch loss: 0.53062, batch accuracy: 81.25, data load time: 0.00022, step time: 0.00786,
epoch: [8], step: [1451/1581], batch loss: 0.68873, batch accuracy: 84.38, data load time: 0.00023, step time: 0.01040,
epoch: [9], step: [170/1581], batch loss: 0.59242, batch accuracy: 81.25, data load time: 0.00023, step time: 0.00888,
epoch: [9], step: [470/1581], batch loss: 0.49244, batch accuracy: 87.50, data load time: 0.00319, step time: 0.00894,
epoch: [9], step: [770/1581], batch loss: 0.21443, batch accuracy: 90.62, data load time: 0.00022, step time: 0.00791,
epoch: [9], step: [1070/1581], batch loss: 0.26682, batch accuracy: 90.62, data load time: 0.00022, step time: 0.01027,
epoch: [9], step: [1370/1581], batch loss: 0.84384, batch accuracy: 78.12, data load time: 0.00033, step time: 0.00784,
validation loss: 1.20705, accuracy: 60.29, class_accuracy: [55.932203389830505, 89.47368421052632, 53.84615384615385, 61.06194690265487, 83.05084745762711, 32.11009174311926, 100.0, 88.49557522123894, 51.02040816326531, 33.05084745762712]
epoch: [10], step: [89/1581], batch loss: 0.28195, batch accuracy: 96.88, data load time: 0.00243, step time: 0.01027,
epoch: [10], step: [389/1581], batch loss: 0.30056, batch accuracy: 90.62, data load time: 0.00215, step time: 0.00946,
epoch: [10], step: [689/1581], batch loss: 0.40919, batch accuracy: 81.25, data load time: 0.00024, step time: 0.00804,
epoch: [10], step: [989/1581], batch loss: 0.21312, batch accuracy: 90.62, data load time: 0.00296, step time: 0.01011,
epoch: [10], step: [1289/1581], batch loss: 0.22962, batch accuracy: 93.75, data load time: 0.00022, step time: 0.00986,
epoch: [11], step: [8/1581], batch loss: 0.27098, batch accuracy: 87.50, data load time: 0.00019, step time: 0.00822,
epoch: [11], step: [308/1581], batch loss: 0.24256, batch accuracy: 93.75, data load time: 0.00022, step time: 0.00822,
epoch: [11], step: [608/1581], batch loss: 0.20426, batch accuracy: 93.75, data load time: 0.00023, step time: 0.01250,
epoch: [11], step: [908/1581], batch loss: 0.21965, batch accuracy: 87.50, data load time: 0.00021, step time: 0.00932,
epoch: [11], step: [1208/1581], batch loss: 0.40273, batch accuracy: 90.62, data load time: 0.00314, step time: 0.00982,
epoch: [11], step: [1508/1581], batch loss: 0.18640, batch accuracy: 87.50, data load time: 0.00022, step time: 0.00792,
epoch: [12], step: [227/1581], batch loss: 0.22902, batch accuracy: 93.75, data load time: 0.00031, step time: 0.00791,
epoch: [12], step: [527/1581], batch loss: 0.90972, batch accuracy: 87.50, data load time: 0.00285, step time: 0.00958,
epoch: [12], step: [827/1581], batch loss: 0.29016, batch accuracy: 90.62, data load time: 0.00024, step time: 0.00984,
epoch: [12], step: [1127/1581], batch loss: 0.59935, batch accuracy: 84.38, data load time: 0.00029, step time: 0.00864,
epoch: [12], step: [1427/1581], batch loss: 0.21725, batch accuracy: 90.62, data load time: 0.00267, step time: 0.00912,
epoch: [13], step: [146/1581], batch loss: 0.39153, batch accuracy: 81.25, data load time: 0.00021, step time: 0.00901,
epoch: [13], step: [446/1581], batch loss: 0.32815, batch accuracy: 90.62, data load time: 0.00021, step time: 0.00913,
epoch: [13], step: [746/1581], batch loss: 0.43913, batch accuracy: 75.00, data load time: 0.00021, step time: 0.00818,
epoch: [13], step: [1046/1581], batch loss: 0.31352, batch accuracy: 87.50, data load time: 0.00300, step time: 0.00959,
epoch: [13], step: [1346/1581], batch loss: 0.24694, batch accuracy: 87.50, data load time: 0.00023, step time: 0.00809,
epoch: [14], step: [65/1581], batch loss: 0.15130, batch accuracy: 93.75, data load time: 0.00026, step time: 0.00779,
epoch: [14], step: [365/1581], batch loss: 0.20858, batch accuracy: 93.75, data load time: 0.00284, step time: 0.00898,
epoch: [14], step: [665/1581], batch loss: 0.37620, batch accuracy: 87.50, data load time: 0.00023, step time: 0.01079,
epoch: [14], step: [965/1581], batch loss: 0.09703, batch accuracy: 96.88, data load time: 0.00025, step time: 0.00828,
epoch: [14], step: [1265/1581], batch loss: 0.39989, batch accuracy: 90.62, data load time: 0.00311, step time: 0.00894,
epoch: [14], step: [1565/1581], batch loss: 0.22021, batch accuracy: 93.75, data load time: 0.00011, step time: 0.00734,
validation loss: 1.24634, accuracy: 59.47, class_accuracy: [46.610169491525426, 92.10526315789474, 63.24786324786325, 57.52212389380531, 83.05084745762711, 20.18348623853211, 100.0, 87.61061946902655, 50.0, 41.52542372881356]
epoch: [15], step: [284/1581], batch loss: 0.28446, batch accuracy: 90.62, data load time: 0.00024, step time: 0.01025,
epoch: [15], step: [584/1581], batch loss: 0.24570, batch accuracy: 90.62, data load time: 0.00293, step time: 0.01001,
epoch: [15], step: [884/1581], batch loss: 0.16009, batch accuracy: 96.88, data load time: 0.00424, step time: 0.00827,
epoch: [15], step: [1184/1581], batch loss: 0.31523, batch accuracy: 87.50, data load time: 0.00239, step time: 0.00922,
epoch: [15], step: [1484/1581], batch loss: 0.11876, batch accuracy: 93.75, data load time: 0.00023, step time: 0.01041,
epoch: [16], step: [203/1581], batch loss: 0.23708, batch accuracy: 87.50, data load time: 0.00292, step time: 0.00920,
epoch: [16], step: [503/1581], batch loss: 0.23532, batch accuracy: 84.38, data load time: 0.00022, step time: 0.01084,
epoch: [16], step: [803/1581], batch loss: 0.31557, batch accuracy: 84.38, data load time: 0.00023, step time: 0.01006,
epoch: [16], step: [1103/1581], batch loss: 0.15114, batch accuracy: 96.88, data load time: 0.00021, step time: 0.00946,
epoch: [16], step: [1403/1581], batch loss: 0.18598, batch accuracy: 93.75, data load time: 0.00361, step time: 0.00875,
epoch: [17], step: [122/1581], batch loss: 0.23939, batch accuracy: 93.75, data load time: 0.00405, step time: 0.00861,
epoch: [17], step: [422/1581], batch loss: 0.49894, batch accuracy: 90.62, data load time: 0.00391, step time: 0.00892,
epoch: [17], step: [722/1581], batch loss: 0.24218, batch accuracy: 93.75, data load time: 0.00400, step time: 0.00833,
epoch: [17], step: [1022/1581], batch loss: 0.13323, batch accuracy: 90.62, data load time: 0.00293, step time: 0.00893,
epoch: [17], step: [1322/1581], batch loss: 0.17450, batch accuracy: 93.75, data load time: 0.00022, step time: 0.00830,
epoch: [18], step: [41/1581], batch loss: 0.32713, batch accuracy: 93.75, data load time: 0.00019, step time: 0.01737,
epoch: [18], step: [341/1581], batch loss: 0.12729, batch accuracy: 93.75, data load time: 0.00023, step time: 0.00970,
epoch: [18], step: [641/1581], batch loss: 0.25619, batch accuracy: 90.62, data load time: 0.00023, step time: 0.00782,
epoch: [18], step: [941/1581], batch loss: 0.10244, batch accuracy: 96.88, data load time: 0.00023, step time: 0.01080,
epoch: [18], step: [1241/1581], batch loss: 0.06142, batch accuracy: 96.88, data load time: 0.00272, step time: 0.00833,
epoch: [18], step: [1541/1581], batch loss: 0.13248, batch accuracy: 96.88, data load time: 0.00017, step time: 0.00945,
epoch: [19], step: [260/1581], batch loss: 0.11093, batch accuracy: 100.00, data load time: 0.00024, step time: 0.00995,
epoch: [19], step: [560/1581], batch loss: 0.11845, batch accuracy: 96.88, data load time: 0.00022, step time: 0.01143,
epoch: [19], step: [860/1581], batch loss: 0.23416, batch accuracy: 87.50, data load time: 0.00331, step time: 0.00844,
epoch: [19], step: [1160/1581], batch loss: 0.18991, batch accuracy: 93.75, data load time: 0.00025, step time: 0.00796,
epoch: [19], step: [1460/1581], batch loss: 0.12584, batch accuracy: 96.88, data load time: 0.00289, step time: 0.00886,
validation loss: 1.20597, accuracy: 63.05, class_accuracy: [41.52542372881356, 89.47368421052632, 66.66666666666667, 61.94690265486726, 84.7457627118644, 30.275229357798164, 100.0, 93.80530973451327, 51.02040816326531, 51.69491525423729]
epoch: [20], step: [179/1581], batch loss: 0.13538, batch accuracy: 93.75, data load time: 0.00028, step time: 0.00805,
epoch: [20], step: [479/1581], batch loss: 0.07841, batch accuracy: 93.75, data load time: 0.00022, step time: 0.01219,
epoch: [20], step: [779/1581], batch loss: 0.11399, batch accuracy: 96.88, data load time: 0.00022, step time: 0.01234,
epoch: [20], step: [1079/1581], batch loss: 0.14022, batch accuracy: 93.75, data load time: 0.00021, step time: 0.00787,
epoch: [20], step: [1379/1581], batch loss: 0.20476, batch accuracy: 93.75, data load time: 0.00024, step time: 0.01261,
epoch: [21], step: [98/1581], batch loss: 0.12015, batch accuracy: 96.88, data load time: 0.00022, step time: 0.00999,
epoch: [21], step: [398/1581], batch loss: 0.05418, batch accuracy: 100.00, data load time: 0.00023, step time: 0.01111,
epoch: [21], step: [698/1581], batch loss: 0.06088, batch accuracy: 100.00, data load time: 0.00022, step time: 0.01256,
epoch: [21], step: [998/1581], batch loss: 0.18907, batch accuracy: 90.62, data load time: 0.00026, step time: 0.00814,
epoch: [21], step: [1298/1581], batch loss: 0.09942, batch accuracy: 96.88, data load time: 0.00024, step time: 0.01254,
epoch: [22], step: [17/1581], batch loss: 0.22611, batch accuracy: 90.62, data load time: 0.00021, step time: 0.01264,
epoch: [22], step: [317/1581], batch loss: 0.18977, batch accuracy: 96.88, data load time: 0.00022, step time: 0.01020,
epoch: [22], step: [617/1581], batch loss: 0.07029, batch accuracy: 96.88, data load time: 0.00236, step time: 0.01043,
epoch: [22], step: [917/1581], batch loss: 0.09717, batch accuracy: 96.88, data load time: 0.00023, step time: 0.00974,
epoch: [22], step: [1217/1581], batch loss: 0.06859, batch accuracy: 100.00, data load time: 0.00260, step time: 0.01080,
epoch: [22], step: [1517/1581], batch loss: 0.18073, batch accuracy: 90.62, data load time: 0.00022, step time: 0.01141,
epoch: [23], step: [236/1581], batch loss: 0.12228, batch accuracy: 90.62, data load time: 0.00026, step time: 0.01140,
epoch: [23], step: [536/1581], batch loss: 0.10901, batch accuracy: 93.75, data load time: 0.00037, step time: 0.00792,
epoch: [23], step: [836/1581], batch loss: 0.04248, batch accuracy: 100.00, data load time: 0.00023, step time: 0.01236,
epoch: [23], step: [1136/1581], batch loss: 0.25092, batch accuracy: 90.62, data load time: 0.00022, step time: 0.01270,
epoch: [23], step: [1436/1581], batch loss: 0.12702, batch accuracy: 93.75, data load time: 0.01041, step time: 0.00786,
epoch: [24], step: [155/1581], batch loss: 0.12872, batch accuracy: 90.62, data load time: 0.00023, step time: 0.00985,
epoch: [24], step: [455/1581], batch loss: 0.29595, batch accuracy: 87.50, data load time: 0.00023, step time: 0.00805,
epoch: [24], step: [755/1581], batch loss: 0.08769, batch accuracy: 96.88, data load time: 0.00553, step time: 0.00936,
epoch: [24], step: [1055/1581], batch loss: 0.05612, batch accuracy: 100.00, data load time: 0.00026, step time: 0.01282,
epoch: [24], step: [1355/1581], batch loss: 0.10373, batch accuracy: 96.88, data load time: 0.00023, step time: 0.01243,
validation loss: 1.21325, accuracy: 63.46, class_accuracy: [39.83050847457627, 94.73684210526316, 67.52136752136752, 67.2566371681416, 84.7457627118644, 29.357798165137616, 100.0, 92.03539823008849, 50.0, 52.54237288135593]
epoch: [25], step: [74/1581], batch loss: 0.05147, batch accuracy: 96.88, data load time: 0.00023, step time: 0.00818,
epoch: [25], step: [374/1581], batch loss: 0.15005, batch accuracy: 93.75, data load time: 0.00058, step time: 0.00775,
epoch: [25], step: [674/1581], batch loss: 0.05034, batch accuracy: 100.00, data load time: 0.00022, step time: 0.01139,
epoch: [25], step: [974/1581], batch loss: 0.10752, batch accuracy: 96.88, data load time: 0.00024, step time: 0.01037,
epoch: [25], step: [1274/1581], batch loss: 0.09716, batch accuracy: 93.75, data load time: 0.00392, step time: 0.00866,
epoch: [25], step: [1574/1581], batch loss: 0.12582, batch accuracy: 93.75, data load time: 0.00011, step time: 0.00735,
epoch: [26], step: [293/1581], batch loss: 0.06453, batch accuracy: 100.00, data load time: 0.00377, step time: 0.00849,
epoch: [26], step: [593/1581], batch loss: 0.14177, batch accuracy: 93.75, data load time: 0.01048, step time: 0.00784,
epoch: [26], step: [893/1581], batch loss: 0.08588, batch accuracy: 96.88, data load time: 0.00387, step time: 0.00870,
epoch: [26], step: [1193/1581], batch loss: 0.09208, batch accuracy: 96.88, data load time: 0.00254, step time: 0.01056,
epoch: [26], step: [1493/1581], batch loss: 0.06426, batch accuracy: 100.00, data load time: 0.00022, step time: 0.01294,
epoch: [27], step: [212/1581], batch loss: 0.05967, batch accuracy: 100.00, data load time: 0.00023, step time: 0.00833,
epoch: [27], step: [512/1581], batch loss: 0.04724, batch accuracy: 100.00, data load time: 0.00022, step time: 0.00782,
epoch: [27], step: [812/1581], batch loss: 0.07886, batch accuracy: 93.75, data load time: 0.00023, step time: 0.00809,
epoch: [27], step: [1112/1581], batch loss: 0.13424, batch accuracy: 100.00, data load time: 0.00023, step time: 0.00875,
epoch: [27], step: [1412/1581], batch loss: 0.06294, batch accuracy: 100.00, data load time: 0.00030, step time: 0.00799,
epoch: [28], step: [131/1581], batch loss: 0.13039, batch accuracy: 96.88, data load time: 0.00024, step time: 0.00977,
epoch: [28], step: [431/1581], batch loss: 0.09114, batch accuracy: 100.00, data load time: 0.00024, step time: 0.01099,
epoch: [28], step: [731/1581], batch loss: 0.05756, batch accuracy: 100.00, data load time: 0.00021, step time: 0.00849,
epoch: [28], step: [1031/1581], batch loss: 0.05669, batch accuracy: 100.00, data load time: 0.00031, step time: 0.00811,
epoch: [28], step: [1331/1581], batch loss: 0.09093, batch accuracy: 96.88, data load time: 0.00022, step time: 0.00818,
epoch: [29], step: [50/1581], batch loss: 0.08613, batch accuracy: 93.75, data load time: 0.00019, step time: 0.00789,
epoch: [29], step: [350/1581], batch loss: 0.10366, batch accuracy: 96.88, data load time: 0.00022, step time: 0.00834,
epoch: [29], step: [650/1581], batch loss: 0.21562, batch accuracy: 93.75, data load time: 0.00024, step time: 0.00806,
epoch: [29], step: [950/1581], batch loss: 0.06194, batch accuracy: 96.88, data load time: 0.00031, step time: 0.00790,
epoch: [29], step: [1250/1581], batch loss: 0.09843, batch accuracy: 93.75, data load time: 0.00281, step time: 0.00905,
epoch: [29], step: [1550/1581], batch loss: 0.14435, batch accuracy: 96.88, data load time: 0.00014, step time: 0.00737,
validation loss: 1.34624, accuracy: 65.10, class_accuracy: [35.59322033898305, 94.73684210526316, 64.95726495726495, 74.33628318584071, 83.89830508474576, 41.28440366972477, 100.0, 92.92035398230088, 46.93877551020408, 57.6271186440678]
epoch: [30], step: [269/1581], batch loss: 0.18580, batch accuracy: 90.62, data load time: 0.00307, step time: 0.00979,
epoch: [30], step: [569/1581], batch loss: 0.07711, batch accuracy: 96.88, data load time: 0.00024, step time: 0.01132,
epoch: [30], step: [869/1581], batch loss: 0.06050, batch accuracy: 96.88, data load time: 0.00021, step time: 0.00945,
epoch: [30], step: [1169/1581], batch loss: 0.02057, batch accuracy: 100.00, data load time: 0.00021, step time: 0.00773,
epoch: [30], step: [1469/1581], batch loss: 0.10047, batch accuracy: 93.75, data load time: 0.00022, step time: 0.00781,
epoch: [31], step: [188/1581], batch loss: 0.06307, batch accuracy: 100.00, data load time: 0.00026, step time: 0.00899,
epoch: [31], step: [488/1581], batch loss: 0.05524, batch accuracy: 100.00, data load time: 0.00031, step time: 0.00789,
epoch: [31], step: [788/1581], batch loss: 0.05806, batch accuracy: 96.88, data load time: 0.00400, step time: 0.01184,
epoch: [31], step: [1088/1581], batch loss: 0.09917, batch accuracy: 96.88, data load time: 0.00023, step time: 0.00878,
epoch: [31], step: [1388/1581], batch loss: 0.07374, batch accuracy: 96.88, data load time: 0.00376, step time: 0.00841,
epoch: [32], step: [107/1581], batch loss: 0.03620, batch accuracy: 96.88, data load time: 0.00026, step time: 0.00898,
epoch: [32], step: [407/1581], batch loss: 0.12830, batch accuracy: 93.75, data load time: 0.00283, step time: 0.00905,
epoch: [32], step: [707/1581], batch loss: 0.03698, batch accuracy: 100.00, data load time: 0.00023, step time: 0.01157,
epoch: [32], step: [1007/1581], batch loss: 0.06270, batch accuracy: 96.88, data load time: 0.00285, step time: 0.00927,
epoch: [32], step: [1307/1581], batch loss: 0.14920, batch accuracy: 93.75, data load time: 0.00289, step time: 0.00974,
epoch: [33], step: [26/1581], batch loss: 0.06353, batch accuracy: 96.88, data load time: 0.00441, step time: 0.00991,
epoch: [33], step: [326/1581], batch loss: 0.26662, batch accuracy: 90.62, data load time: 0.00287, step time: 0.00951,
epoch: [33], step: [626/1581], batch loss: 0.06427, batch accuracy: 100.00, data load time: 0.00022, step time: 0.00786,
epoch: [33], step: [926/1581], batch loss: 0.04031, batch accuracy: 100.00, data load time: 0.00021, step time: 0.01000,
epoch: [33], step: [1226/1581], batch loss: 0.04516, batch accuracy: 100.00, data load time: 0.00345, step time: 0.00843,
epoch: [33], step: [1526/1581], batch loss: 0.09145, batch accuracy: 96.88, data load time: 0.00018, step time: 0.00776,
epoch: [34], step: [245/1581], batch loss: 0.06939, batch accuracy: 100.00, data load time: 0.00023, step time: 0.01328,
epoch: [34], step: [545/1581], batch loss: 0.06113, batch accuracy: 100.00, data load time: 0.00023, step time: 0.00960,
epoch: [34], step: [845/1581], batch loss: 0.08155, batch accuracy: 93.75, data load time: 0.00021, step time: 0.01336,
epoch: [34], step: [1145/1581], batch loss: 0.03896, batch accuracy: 100.00, data load time: 0.00024, step time: 0.00793,
epoch: [34], step: [1445/1581], batch loss: 0.07401, batch accuracy: 96.88, data load time: 0.00022, step time: 0.01912,
validation loss: 1.30712, accuracy: 64.79, class_accuracy: [35.59322033898305, 97.36842105263158, 66.66666666666667, 66.3716814159292, 83.89830508474576, 44.95412844036697, 100.0, 93.80530973451327, 44.89795918367347, 57.6271186440678]
epoch: [35], step: [164/1581], batch loss: 0.06789, batch accuracy: 96.88, data load time: 0.00024, step time: 0.01042,
epoch: [35], step: [464/1581], batch loss: 0.06917, batch accuracy: 96.88, data load time: 0.00355, step time: 0.00910,
epoch: [35], step: [764/1581], batch loss: 0.08958, batch accuracy: 93.75, data load time: 0.00023, step time: 0.00975,
epoch: [35], step: [1064/1581], batch loss: 0.02674, batch accuracy: 100.00, data load time: 0.00072, step time: 0.01388,
epoch: [35], step: [1364/1581], batch loss: 0.06099, batch accuracy: 96.88, data load time: 0.00032, step time: 0.01213,
epoch: [36], step: [83/1581], batch loss: 0.04217, batch accuracy: 100.00, data load time: 0.00239, step time: 0.01006,
epoch: [36], step: [383/1581], batch loss: 0.07188, batch accuracy: 93.75, data load time: 0.00023, step time: 0.01241,
epoch: [36], step: [683/1581], batch loss: 0.03442, batch accuracy: 100.00, data load time: 0.00022, step time: 0.01051,
epoch: [36], step: [983/1581], batch loss: 0.07611, batch accuracy: 100.00, data load time: 0.00024, step time: 0.00948,
epoch: [36], step: [1283/1581], batch loss: 0.02424, batch accuracy: 100.00, data load time: 0.00030, step time: 0.00833,
epoch: [37], step: [2/1581], batch loss: 0.04887, batch accuracy: 96.88, data load time: 0.00026, step time: 0.01256,
epoch: [37], step: [302/1581], batch loss: 0.08316, batch accuracy: 100.00, data load time: 0.00023, step time: 0.00791,
epoch: [37], step: [602/1581], batch loss: 0.04330, batch accuracy: 100.00, data load time: 0.00024, step time: 0.01440,
epoch: [37], step: [902/1581], batch loss: 0.05438, batch accuracy: 96.88, data load time: 0.00022, step time: 0.01279,
epoch: [37], step: [1202/1581], batch loss: 0.12355, batch accuracy: 96.88, data load time: 0.00023, step time: 0.00783,
epoch: [37], step: [1502/1581], batch loss: 0.14384, batch accuracy: 93.75, data load time: 0.00024, step time: 0.01092,
epoch: [38], step: [221/1581], batch loss: 0.11399, batch accuracy: 90.62, data load time: 0.00204, step time: 0.00806,
epoch: [38], step: [521/1581], batch loss: 0.03823, batch accuracy: 100.00, data load time: 0.00022, step time: 0.00781,
epoch: [38], step: [821/1581], batch loss: 0.00987, batch accuracy: 100.00, data load time: 0.00022, step time: 0.00830,
epoch: [38], step: [1121/1581], batch loss: 0.06784, batch accuracy: 96.88, data load time: 0.00022, step time: 0.00792,
epoch: [38], step: [1421/1581], batch loss: 0.03494, batch accuracy: 100.00, data load time: 0.00022, step time: 0.01031,
epoch: [39], step: [140/1581], batch loss: 0.03760, batch accuracy: 100.00, data load time: 0.00021, step time: 0.00781,
epoch: [39], step: [440/1581], batch loss: 0.02802, batch accuracy: 100.00, data load time: 0.00022, step time: 0.00837,
epoch: [39], step: [740/1581], batch loss: 0.09113, batch accuracy: 96.88, data load time: 0.00308, step time: 0.00820,
epoch: [39], step: [1040/1581], batch loss: 0.05075, batch accuracy: 96.88, data load time: 0.00335, step time: 0.00898,
epoch: [39], step: [1340/1581], batch loss: 0.10204, batch accuracy: 96.88, data load time: 0.00021, step time: 0.00823,
validation loss: 1.23406, accuracy: 67.66, class_accuracy: [38.13559322033898, 94.73684210526316, 66.66666666666667, 71.68141592920354, 84.7457627118644, 56.88073394495413, 100.0, 94.69026548672566, 47.95918367346939, 59.32203389830509]
epoch: [40], step: [59/1581], batch loss: 0.11389, batch accuracy: 96.88, data load time: 0.00025, step time: 0.00896,
epoch: [40], step: [359/1581], batch loss: 0.02718, batch accuracy: 96.88, data load time: 0.00022, step time: 0.01404,
epoch: [40], step: [659/1581], batch loss: 0.04750, batch accuracy: 100.00, data load time: 0.00022, step time: 0.00788,
epoch: [40], step: [959/1581], batch loss: 0.08075, batch accuracy: 93.75, data load time: 0.00417, step time: 0.00831,
epoch: [40], step: [1259/1581], batch loss: 0.00808, batch accuracy: 100.00, data load time: 0.00022, step time: 0.00974,
epoch: [40], step: [1559/1581], batch loss: 0.17841, batch accuracy: 96.88, data load time: 0.00012, step time: 0.00736,
epoch: [41], step: [278/1581], batch loss: 0.05649, batch accuracy: 96.88, data load time: 0.00023, step time: 0.01297,
epoch: [41], step: [578/1581], batch loss: 0.01347, batch accuracy: 100.00, data load time: 0.00434, step time: 0.01019,
epoch: [41], step: [878/1581], batch loss: 0.05672, batch accuracy: 96.88, data load time: 0.00027, step time: 0.00806,
epoch: [41], step: [1178/1581], batch loss: 0.02108, batch accuracy: 100.00, data load time: 0.00025, step time: 0.00795,
epoch: [41], step: [1478/1581], batch loss: 0.04879, batch accuracy: 96.88, data load time: 0.00022, step time: 0.00792,
epoch: [42], step: [197/1581], batch loss: 0.01975, batch accuracy: 100.00, data load time: 0.00339, step time: 0.00949,
epoch: [42], step: [497/1581], batch loss: 0.03427, batch accuracy: 100.00, data load time: 0.00302, step time: 0.00933,
epoch: [42], step: [797/1581], batch loss: 0.08111, batch accuracy: 96.88, data load time: 0.00023, step time: 0.00795,
epoch: [42], step: [1097/1581], batch loss: 0.03182, batch accuracy: 100.00, data load time: 0.00293, step time: 0.00897,
epoch: [42], step: [1397/1581], batch loss: 0.01251, batch accuracy: 100.00, data load time: 0.00291, step time: 0.00964,
epoch: [43], step: [116/1581], batch loss: 0.02996, batch accuracy: 100.00, data load time: 0.00024, step time: 0.00811,
epoch: [43], step: [416/1581], batch loss: 0.02796, batch accuracy: 100.00, data load time: 0.00032, step time: 0.00855,
epoch: [43], step: [716/1581], batch loss: 0.04868, batch accuracy: 100.00, data load time: 0.00026, step time: 0.00834,
epoch: [43], step: [1016/1581], batch loss: 0.01503, batch accuracy: 100.00, data load time: 0.00024, step time: 0.00812,
epoch: [43], step: [1316/1581], batch loss: 0.17828, batch accuracy: 93.75, data load time: 0.00047, step time: 0.00774,
epoch: [44], step: [35/1581], batch loss: 0.02675, batch accuracy: 100.00, data load time: 0.00060, step time: 0.00823,
epoch: [44], step: [335/1581], batch loss: 0.02127, batch accuracy: 100.00, data load time: 0.00023, step time: 0.00807,
epoch: [44], step: [635/1581], batch loss: 0.11323, batch accuracy: 96.88, data load time: 0.00425, step time: 0.01060,
epoch: [44], step: [935/1581], batch loss: 0.05455, batch accuracy: 96.88, data load time: 0.00633, step time: 0.00885,
epoch: [44], step: [1235/1581], batch loss: 0.07381, batch accuracy: 96.88, data load time: 0.00022, step time: 0.00784,
epoch: [44], step: [1535/1581], batch loss: 0.02339, batch accuracy: 100.00, data load time: 0.00019, step time: 0.00956,
validation loss: 1.26550, accuracy: 68.47, class_accuracy: [33.898305084745765, 94.73684210526316, 68.37606837606837, 76.99115044247787, 83.89830508474576, 59.63302752293578, 100.0, 94.69026548672566, 48.97959183673469, 61.016949152542374]
epoch: [45], step: [254/1581], batch loss: 0.07769, batch accuracy: 100.00, data load time: 0.00069, step time: 0.00885,
epoch: [45], step: [554/1581], batch loss: 0.03249, batch accuracy: 100.00, data load time: 0.00022, step time: 0.00793,
epoch: [45], step: [854/1581], batch loss: 0.05254, batch accuracy: 93.75, data load time: 0.00374, step time: 0.00837,
epoch: [45], step: [1154/1581], batch loss: 0.07541, batch accuracy: 96.88, data load time: 0.00023, step time: 0.00810,
epoch: [45], step: [1454/1581], batch loss: 0.10927, batch accuracy: 96.88, data load time: 0.00284, step time: 0.00921,
epoch: [46], step: [173/1581], batch loss: 0.12147, batch accuracy: 96.88, data load time: 0.00224, step time: 0.00954,
epoch: [46], step: [473/1581], batch loss: 0.01145, batch accuracy: 100.00, data load time: 0.00350, step time: 0.00991,
epoch: [46], step: [773/1581], batch loss: 0.03782, batch accuracy: 100.00, data load time: 0.00022, step time: 0.01434,
epoch: [46], step: [1073/1581], batch loss: 0.06501, batch accuracy: 96.88, data load time: 0.00044, step time: 0.00782,
epoch: [46], step: [1373/1581], batch loss: 0.05546, batch accuracy: 100.00, data load time: 0.00023, step time: 0.00788,
epoch: [47], step: [92/1581], batch loss: 0.00366, batch accuracy: 100.00, data load time: 0.00022, step time: 0.00828,
epoch: [47], step: [392/1581], batch loss: 0.01504, batch accuracy: 100.00, data load time: 0.00023, step time: 0.00787,
epoch: [47], step: [692/1581], batch loss: 0.03074, batch accuracy: 100.00, data load time: 0.00021, step time: 0.00771,
epoch: [47], step: [992/1581], batch loss: 0.04805, batch accuracy: 100.00, data load time: 0.00022, step time: 0.01083,
epoch: [47], step: [1292/1581], batch loss: 0.10204, batch accuracy: 96.88, data load time: 0.00308, step time: 0.00924,
epoch: [48], step: [11/1581], batch loss: 0.05206, batch accuracy: 100.00, data load time: 0.00026, step time: 0.01273,
epoch: [48], step: [311/1581], batch loss: 0.04193, batch accuracy: 96.88, data load time: 0.00023, step time: 0.01005,
epoch: [48], step: [611/1581], batch loss: 0.00894, batch accuracy: 100.00, data load time: 0.00021, step time: 0.00808,
epoch: [48], step: [911/1581], batch loss: 0.04349, batch accuracy: 100.00, data load time: 0.00021, step time: 0.00802,
epoch: [48], step: [1211/1581], batch loss: 0.07799, batch accuracy: 96.88, data load time: 0.00034, step time: 0.00787,
epoch: [48], step: [1511/1581], batch loss: 0.07859, batch accuracy: 96.88, data load time: 0.00282, step time: 0.00851,
epoch: [49], step: [230/1581], batch loss: 0.01709, batch accuracy: 100.00, data load time: 0.00023, step time: 0.00964,
epoch: [49], step: [530/1581], batch loss: 0.02884, batch accuracy: 100.00, data load time: 0.00027, step time: 0.00866,
epoch: [49], step: [830/1581], batch loss: 0.04724, batch accuracy: 100.00, data load time: 0.00023, step time: 0.01338,
epoch: [49], step: [1130/1581], batch loss: 0.05137, batch accuracy: 96.88, data load time: 0.00025, step time: 0.01276,
epoch: [49], step: [1430/1581], batch loss: 0.02894, batch accuracy: 100.00, data load time: 0.00023, step time: 0.00818,
validation loss: 1.29081, accuracy: 66.84, class_accuracy: [33.05084745762712, 94.73684210526316, 66.66666666666667, 72.56637168141593, 84.7457627118644, 59.63302752293578, 100.0, 95.57522123893806, 43.87755102040816, 56.779661016949156]
Total time taken: 950.8644049167633
