Using CUDA...
Writing logs to logs/CNN_bn_epochs=50_dropout=0.5_bs=32_optim=SGD_decay=0.009_lr=0.001_momentum=0.9_mode=LMC_run_0
epoch: [0], step: [299/1581], batch loss: 1.98638, batch accuracy: 15.62, data load time: 0.00030, step time: 0.00834,
epoch: [0], step: [599/1581], batch loss: 1.68723, batch accuracy: 37.50, data load time: 0.00352, step time: 0.01168,
epoch: [0], step: [899/1581], batch loss: 1.79370, batch accuracy: 34.38, data load time: 0.00350, step time: 0.01198,
epoch: [0], step: [1199/1581], batch loss: 1.27589, batch accuracy: 68.75, data load time: 0.00024, step time: 0.01181,
epoch: [0], step: [1499/1581], batch loss: 1.16209, batch accuracy: 50.00, data load time: 0.00187, step time: 0.00880,
epoch: [1], step: [218/1581], batch loss: 1.35373, batch accuracy: 56.25, data load time: 0.00025, step time: 0.01173,
epoch: [1], step: [518/1581], batch loss: 1.18176, batch accuracy: 62.50, data load time: 0.00028, step time: 0.01176,
epoch: [1], step: [818/1581], batch loss: 0.95008, batch accuracy: 65.62, data load time: 0.00373, step time: 0.00942,
epoch: [1], step: [1118/1581], batch loss: 1.12238, batch accuracy: 50.00, data load time: 0.00024, step time: 0.01290,
epoch: [1], step: [1418/1581], batch loss: 1.52583, batch accuracy: 50.00, data load time: 0.00103, step time: 0.00967,
epoch: [2], step: [137/1581], batch loss: 0.88355, batch accuracy: 62.50, data load time: 0.00021, step time: 0.00856,
epoch: [2], step: [437/1581], batch loss: 0.83756, batch accuracy: 65.62, data load time: 0.00027, step time: 0.00827,
epoch: [2], step: [737/1581], batch loss: 0.76405, batch accuracy: 68.75, data load time: 0.00024, step time: 0.01029,
epoch: [2], step: [1037/1581], batch loss: 1.01802, batch accuracy: 62.50, data load time: 0.00391, step time: 0.00938,
epoch: [2], step: [1337/1581], batch loss: 0.81556, batch accuracy: 65.62, data load time: 0.00028, step time: 0.00865,
epoch: [3], step: [56/1581], batch loss: 1.04278, batch accuracy: 34.38, data load time: 0.00298, step time: 0.00966,
epoch: [3], step: [356/1581], batch loss: 1.06636, batch accuracy: 65.62, data load time: 0.00027, step time: 0.01379,
epoch: [3], step: [656/1581], batch loss: 0.86046, batch accuracy: 71.88, data load time: 0.00236, step time: 0.01005,
epoch: [3], step: [956/1581], batch loss: 0.75051, batch accuracy: 75.00, data load time: 0.00029, step time: 0.00857,
epoch: [3], step: [1256/1581], batch loss: 0.49379, batch accuracy: 75.00, data load time: 0.00307, step time: 0.00962,
epoch: [3], step: [1556/1581], batch loss: 0.76439, batch accuracy: 59.38, data load time: 0.00012, step time: 0.00736,
epoch: [4], step: [275/1581], batch loss: 0.86558, batch accuracy: 75.00, data load time: 0.00178, step time: 0.01129,
epoch: [4], step: [575/1581], batch loss: 0.92540, batch accuracy: 78.12, data load time: 0.00222, step time: 0.01112,
epoch: [4], step: [875/1581], batch loss: 0.80649, batch accuracy: 75.00, data load time: 0.00025, step time: 0.00872,
epoch: [4], step: [1175/1581], batch loss: 0.81086, batch accuracy: 71.88, data load time: 0.00022, step time: 0.00873,
epoch: [4], step: [1475/1581], batch loss: 0.93269, batch accuracy: 68.75, data load time: 0.00023, step time: 0.01153,
validation loss: 1.04065, accuracy: 67.45, class_accuracy: [56.779661016949156, 86.84210526315789, 66.66666666666667, 61.06194690265487, 78.8135593220339, 53.211009174311926, 100.0, 90.26548672566372, 55.10204081632653, 59.32203389830509]
epoch: [5], step: [194/1581], batch loss: 0.70630, batch accuracy: 78.12, data load time: 0.00029, step time: 0.00924,
epoch: [5], step: [494/1581], batch loss: 0.64681, batch accuracy: 78.12, data load time: 0.00024, step time: 0.00907,
epoch: [5], step: [794/1581], batch loss: 0.71077, batch accuracy: 68.75, data load time: 0.00462, step time: 0.00911,
epoch: [5], step: [1094/1581], batch loss: 0.93485, batch accuracy: 68.75, data load time: 0.00036, step time: 0.00835,
epoch: [5], step: [1394/1581], batch loss: 0.71274, batch accuracy: 75.00, data load time: 0.00207, step time: 0.01166,
epoch: [6], step: [113/1581], batch loss: 0.74242, batch accuracy: 71.88, data load time: 0.00072, step time: 0.01347,
epoch: [6], step: [413/1581], batch loss: 0.67864, batch accuracy: 71.88, data load time: 0.00024, step time: 0.01172,
epoch: [6], step: [713/1581], batch loss: 0.64593, batch accuracy: 68.75, data load time: 0.00021, step time: 0.00813,
epoch: [6], step: [1013/1581], batch loss: 0.61955, batch accuracy: 84.38, data load time: 0.00023, step time: 0.00830,
epoch: [6], step: [1313/1581], batch loss: 0.63571, batch accuracy: 81.25, data load time: 0.00023, step time: 0.00828,
epoch: [7], step: [32/1581], batch loss: 0.90322, batch accuracy: 68.75, data load time: 0.00023, step time: 0.01274,
epoch: [7], step: [332/1581], batch loss: 0.73134, batch accuracy: 78.12, data load time: 0.00295, step time: 0.01301,
epoch: [7], step: [632/1581], batch loss: 0.93356, batch accuracy: 68.75, data load time: 0.00025, step time: 0.01118,
epoch: [7], step: [932/1581], batch loss: 0.61173, batch accuracy: 75.00, data load time: 0.00025, step time: 0.01116,
epoch: [7], step: [1232/1581], batch loss: 0.71275, batch accuracy: 81.25, data load time: 0.00024, step time: 0.01384,
epoch: [7], step: [1532/1581], batch loss: 0.51617, batch accuracy: 78.12, data load time: 0.00021, step time: 0.00881,
epoch: [8], step: [251/1581], batch loss: 0.40726, batch accuracy: 87.50, data load time: 0.00479, step time: 0.00922,
epoch: [8], step: [551/1581], batch loss: 0.98159, batch accuracy: 68.75, data load time: 0.00049, step time: 0.00865,
epoch: [8], step: [851/1581], batch loss: 0.72458, batch accuracy: 78.12, data load time: 0.00030, step time: 0.00851,
epoch: [8], step: [1151/1581], batch loss: 0.70097, batch accuracy: 78.12, data load time: 0.00065, step time: 0.00891,
epoch: [8], step: [1451/1581], batch loss: 0.50788, batch accuracy: 87.50, data load time: 0.00030, step time: 0.00935,
epoch: [9], step: [170/1581], batch loss: 0.83774, batch accuracy: 71.88, data load time: 0.00024, step time: 0.01035,
epoch: [9], step: [470/1581], batch loss: 0.30803, batch accuracy: 90.62, data load time: 0.00028, step time: 0.00892,
epoch: [9], step: [770/1581], batch loss: 0.48389, batch accuracy: 78.12, data load time: 0.00024, step time: 0.01134,
epoch: [9], step: [1070/1581], batch loss: 0.49278, batch accuracy: 81.25, data load time: 0.00630, step time: 0.01197,
epoch: [9], step: [1370/1581], batch loss: 0.58013, batch accuracy: 84.38, data load time: 0.00026, step time: 0.00856,
validation loss: 1.00963, accuracy: 69.81, class_accuracy: [52.54237288135593, 94.73684210526316, 79.48717948717949, 62.83185840707964, 91.52542372881356, 56.88073394495413, 100.0, 93.80530973451327, 48.97959183673469, 51.69491525423729]
epoch: [10], step: [89/1581], batch loss: 0.71495, batch accuracy: 84.38, data load time: 0.00023, step time: 0.00822,
epoch: [10], step: [389/1581], batch loss: 0.47829, batch accuracy: 90.62, data load time: 0.00025, step time: 0.01304,
epoch: [10], step: [689/1581], batch loss: 0.61253, batch accuracy: 75.00, data load time: 0.00340, step time: 0.01028,
epoch: [10], step: [989/1581], batch loss: 0.55145, batch accuracy: 78.12, data load time: 0.00210, step time: 0.01143,
epoch: [10], step: [1289/1581], batch loss: 0.57521, batch accuracy: 84.38, data load time: 0.00385, step time: 0.01183,
epoch: [11], step: [8/1581], batch loss: 0.50597, batch accuracy: 84.38, data load time: 0.00018, step time: 0.01018,
epoch: [11], step: [308/1581], batch loss: 0.61017, batch accuracy: 81.25, data load time: 0.00343, step time: 0.01029,
epoch: [11], step: [608/1581], batch loss: 0.53454, batch accuracy: 87.50, data load time: 0.00024, step time: 0.00997,
epoch: [11], step: [908/1581], batch loss: 0.53427, batch accuracy: 75.00, data load time: 0.00023, step time: 0.01243,
epoch: [11], step: [1208/1581], batch loss: 0.47411, batch accuracy: 78.12, data load time: 0.00025, step time: 0.00844,
epoch: [11], step: [1508/1581], batch loss: 0.49774, batch accuracy: 81.25, data load time: 0.00026, step time: 0.00867,
epoch: [12], step: [227/1581], batch loss: 0.73482, batch accuracy: 75.00, data load time: 0.00029, step time: 0.00866,
epoch: [12], step: [527/1581], batch loss: 0.68036, batch accuracy: 78.12, data load time: 0.00022, step time: 0.01127,
epoch: [12], step: [827/1581], batch loss: 0.47182, batch accuracy: 78.12, data load time: 0.00023, step time: 0.00837,
epoch: [12], step: [1127/1581], batch loss: 0.49147, batch accuracy: 78.12, data load time: 0.00036, step time: 0.00863,
epoch: [12], step: [1427/1581], batch loss: 0.73991, batch accuracy: 71.88, data load time: 0.00025, step time: 0.00882,
epoch: [13], step: [146/1581], batch loss: 0.37178, batch accuracy: 81.25, data load time: 0.00220, step time: 0.01081,
epoch: [13], step: [446/1581], batch loss: 0.59353, batch accuracy: 75.00, data load time: 0.00028, step time: 0.00891,
epoch: [13], step: [746/1581], batch loss: 0.49110, batch accuracy: 87.50, data load time: 0.00028, step time: 0.00968,
epoch: [13], step: [1046/1581], batch loss: 0.52400, batch accuracy: 90.62, data load time: 0.00028, step time: 0.01279,
epoch: [13], step: [1346/1581], batch loss: 0.86867, batch accuracy: 71.88, data load time: 0.00409, step time: 0.00966,
epoch: [14], step: [65/1581], batch loss: 0.53425, batch accuracy: 84.38, data load time: 0.00253, step time: 0.00955,
epoch: [14], step: [365/1581], batch loss: 0.66326, batch accuracy: 75.00, data load time: 0.00386, step time: 0.00976,
epoch: [14], step: [665/1581], batch loss: 0.57210, batch accuracy: 84.38, data load time: 0.00024, step time: 0.01130,
epoch: [14], step: [965/1581], batch loss: 0.56192, batch accuracy: 78.12, data load time: 0.00407, step time: 0.00959,
epoch: [14], step: [1265/1581], batch loss: 0.47003, batch accuracy: 87.50, data load time: 0.00327, step time: 0.00878,
epoch: [14], step: [1565/1581], batch loss: 1.04257, batch accuracy: 71.88, data load time: 0.00011, step time: 0.00735,
validation loss: 0.90230, accuracy: 68.78, class_accuracy: [50.847457627118644, 92.10526315789474, 68.37606837606837, 61.94690265486726, 70.33898305084746, 58.71559633027523, 100.0, 95.57522123893806, 56.12244897959184, 69.49152542372882]
epoch: [15], step: [284/1581], batch loss: 0.45732, batch accuracy: 81.25, data load time: 0.00312, step time: 0.01009,
epoch: [15], step: [584/1581], batch loss: 0.49523, batch accuracy: 75.00, data load time: 0.00056, step time: 0.00862,
epoch: [15], step: [884/1581], batch loss: 0.78470, batch accuracy: 68.75, data load time: 0.00024, step time: 0.01811,
epoch: [15], step: [1184/1581], batch loss: 0.61560, batch accuracy: 81.25, data load time: 0.00023, step time: 0.01126,
epoch: [15], step: [1484/1581], batch loss: 0.30083, batch accuracy: 87.50, data load time: 0.00607, step time: 0.01163,
epoch: [16], step: [203/1581], batch loss: 0.18926, batch accuracy: 96.88, data load time: 0.00022, step time: 0.00834,
epoch: [16], step: [503/1581], batch loss: 0.71108, batch accuracy: 81.25, data load time: 0.00024, step time: 0.00963,
epoch: [16], step: [803/1581], batch loss: 0.73091, batch accuracy: 84.38, data load time: 0.00024, step time: 0.01118,
epoch: [16], step: [1103/1581], batch loss: 0.46239, batch accuracy: 84.38, data load time: 0.00025, step time: 0.01558,
epoch: [16], step: [1403/1581], batch loss: 0.59428, batch accuracy: 81.25, data load time: 0.00029, step time: 0.00840,
epoch: [17], step: [122/1581], batch loss: 0.31191, batch accuracy: 90.62, data load time: 0.00024, step time: 0.00975,
epoch: [17], step: [422/1581], batch loss: 0.46206, batch accuracy: 84.38, data load time: 0.00048, step time: 0.00853,
epoch: [17], step: [722/1581], batch loss: 0.39651, batch accuracy: 90.62, data load time: 0.00024, step time: 0.00851,
epoch: [17], step: [1022/1581], batch loss: 0.41108, batch accuracy: 87.50, data load time: 0.00027, step time: 0.00846,
epoch: [17], step: [1322/1581], batch loss: 0.72820, batch accuracy: 78.12, data load time: 0.00024, step time: 0.00849,
epoch: [18], step: [41/1581], batch loss: 0.65713, batch accuracy: 78.12, data load time: 0.00021, step time: 0.00898,
epoch: [18], step: [341/1581], batch loss: 0.54365, batch accuracy: 78.12, data load time: 0.00024, step time: 0.00849,
epoch: [18], step: [641/1581], batch loss: 0.70541, batch accuracy: 81.25, data load time: 0.00023, step time: 0.00878,
epoch: [18], step: [941/1581], batch loss: 0.33046, batch accuracy: 84.38, data load time: 0.00023, step time: 0.01098,
epoch: [18], step: [1241/1581], batch loss: 0.39608, batch accuracy: 84.38, data load time: 0.00026, step time: 0.01153,
epoch: [18], step: [1541/1581], batch loss: 0.48487, batch accuracy: 84.38, data load time: 0.00017, step time: 0.00822,
epoch: [19], step: [260/1581], batch loss: 0.41056, batch accuracy: 87.50, data load time: 0.00022, step time: 0.01327,
epoch: [19], step: [560/1581], batch loss: 0.39901, batch accuracy: 87.50, data load time: 0.00324, step time: 0.00843,
epoch: [19], step: [860/1581], batch loss: 0.59830, batch accuracy: 81.25, data load time: 0.00032, step time: 0.00882,
epoch: [19], step: [1160/1581], batch loss: 0.70816, batch accuracy: 81.25, data load time: 0.00032, step time: 0.00848,
epoch: [19], step: [1460/1581], batch loss: 0.44133, batch accuracy: 87.50, data load time: 0.00022, step time: 0.00843,
validation loss: 0.93188, accuracy: 69.60, class_accuracy: [44.91525423728814, 92.10526315789474, 70.94017094017094, 61.94690265486726, 61.86440677966102, 62.38532110091743, 100.0, 100.0, 53.06122448979592, 83.05084745762711]
epoch: [20], step: [179/1581], batch loss: 0.81800, batch accuracy: 71.88, data load time: 0.00022, step time: 0.00987,
epoch: [20], step: [479/1581], batch loss: 0.36120, batch accuracy: 93.75, data load time: 0.00025, step time: 0.00919,
epoch: [20], step: [779/1581], batch loss: 0.55250, batch accuracy: 87.50, data load time: 0.00024, step time: 0.00855,
epoch: [20], step: [1079/1581], batch loss: 0.50477, batch accuracy: 84.38, data load time: 0.00305, step time: 0.00858,
epoch: [20], step: [1379/1581], batch loss: 0.66746, batch accuracy: 78.12, data load time: 0.00024, step time: 0.00845,
epoch: [21], step: [98/1581], batch loss: 0.47211, batch accuracy: 78.12, data load time: 0.00344, step time: 0.01169,
epoch: [21], step: [398/1581], batch loss: 0.45592, batch accuracy: 84.38, data load time: 0.00249, step time: 0.01133,
epoch: [21], step: [698/1581], batch loss: 0.46176, batch accuracy: 84.38, data load time: 0.00383, step time: 0.01019,
epoch: [21], step: [998/1581], batch loss: 0.54374, batch accuracy: 87.50, data load time: 0.00315, step time: 0.01125,
epoch: [21], step: [1298/1581], batch loss: 0.60463, batch accuracy: 75.00, data load time: 0.00029, step time: 0.00884,
epoch: [22], step: [17/1581], batch loss: 0.49049, batch accuracy: 84.38, data load time: 0.00767, step time: 0.01325,
epoch: [22], step: [317/1581], batch loss: 0.54868, batch accuracy: 75.00, data load time: 0.00025, step time: 0.01116,
epoch: [22], step: [617/1581], batch loss: 0.64563, batch accuracy: 78.12, data load time: 0.00025, step time: 0.01123,
epoch: [22], step: [917/1581], batch loss: 0.37882, batch accuracy: 84.38, data load time: 0.00054, step time: 0.01545,
epoch: [22], step: [1217/1581], batch loss: 0.32586, batch accuracy: 90.62, data load time: 0.00024, step time: 0.01306,
epoch: [22], step: [1517/1581], batch loss: 0.52913, batch accuracy: 87.50, data load time: 0.00050, step time: 0.01120,
epoch: [23], step: [236/1581], batch loss: 0.77755, batch accuracy: 75.00, data load time: 0.00023, step time: 0.01351,
epoch: [23], step: [536/1581], batch loss: 0.56712, batch accuracy: 81.25, data load time: 0.00032, step time: 0.00850,
epoch: [23], step: [836/1581], batch loss: 0.34897, batch accuracy: 87.50, data load time: 0.00025, step time: 0.01296,
epoch: [23], step: [1136/1581], batch loss: 0.55311, batch accuracy: 84.38, data load time: 0.00024, step time: 0.01233,
epoch: [23], step: [1436/1581], batch loss: 0.49449, batch accuracy: 87.50, data load time: 0.00028, step time: 0.00848,
epoch: [24], step: [155/1581], batch loss: 0.47639, batch accuracy: 84.38, data load time: 0.00022, step time: 0.00810,
epoch: [24], step: [455/1581], batch loss: 0.42642, batch accuracy: 84.38, data load time: 0.00026, step time: 0.00843,
epoch: [24], step: [755/1581], batch loss: 0.67079, batch accuracy: 75.00, data load time: 0.00024, step time: 0.00911,
epoch: [24], step: [1055/1581], batch loss: 0.70392, batch accuracy: 71.88, data load time: 0.00063, step time: 0.01125,
epoch: [24], step: [1355/1581], batch loss: 0.53416, batch accuracy: 84.38, data load time: 0.00026, step time: 0.00868,
validation loss: 0.91196, accuracy: 71.44, class_accuracy: [44.067796610169495, 94.73684210526316, 76.06837606837607, 68.14159292035399, 81.35593220338983, 55.96330275229358, 97.14285714285714, 91.15044247787611, 57.142857142857146, 79.66101694915254]
epoch: [25], step: [74/1581], batch loss: 0.44097, batch accuracy: 87.50, data load time: 0.00019, step time: 0.00818,
epoch: [25], step: [374/1581], batch loss: 0.54227, batch accuracy: 87.50, data load time: 0.00071, step time: 0.01394,
epoch: [25], step: [674/1581], batch loss: 0.57747, batch accuracy: 78.12, data load time: 0.00025, step time: 0.00837,
epoch: [25], step: [974/1581], batch loss: 0.48336, batch accuracy: 87.50, data load time: 0.00308, step time: 0.00995,
epoch: [25], step: [1274/1581], batch loss: 0.34958, batch accuracy: 87.50, data load time: 0.00025, step time: 0.00856,
epoch: [25], step: [1574/1581], batch loss: 0.32638, batch accuracy: 87.50, data load time: 0.00011, step time: 0.00737,
epoch: [26], step: [293/1581], batch loss: 0.37418, batch accuracy: 87.50, data load time: 0.00183, step time: 0.01141,
epoch: [26], step: [593/1581], batch loss: 0.37302, batch accuracy: 90.62, data load time: 0.00341, step time: 0.00923,
epoch: [26], step: [893/1581], batch loss: 0.45340, batch accuracy: 81.25, data load time: 0.00036, step time: 0.00835,
epoch: [26], step: [1193/1581], batch loss: 0.35484, batch accuracy: 87.50, data load time: 0.00023, step time: 0.01014,
epoch: [26], step: [1493/1581], batch loss: 0.58946, batch accuracy: 84.38, data load time: 0.00215, step time: 0.01118,
epoch: [27], step: [212/1581], batch loss: 0.45824, batch accuracy: 87.50, data load time: 0.00336, step time: 0.01118,
epoch: [27], step: [512/1581], batch loss: 0.59109, batch accuracy: 78.12, data load time: 0.00028, step time: 0.00864,
epoch: [27], step: [812/1581], batch loss: 0.44877, batch accuracy: 78.12, data load time: 0.00026, step time: 0.00866,
epoch: [27], step: [1112/1581], batch loss: 0.37198, batch accuracy: 84.38, data load time: 0.00028, step time: 0.00852,
epoch: [27], step: [1412/1581], batch loss: 0.58088, batch accuracy: 78.12, data load time: 0.00037, step time: 0.00838,
epoch: [28], step: [131/1581], batch loss: 0.60156, batch accuracy: 71.88, data load time: 0.00020, step time: 0.00825,
epoch: [28], step: [431/1581], batch loss: 0.43536, batch accuracy: 84.38, data load time: 0.00311, step time: 0.00940,
epoch: [28], step: [731/1581], batch loss: 0.47335, batch accuracy: 84.38, data load time: 0.00027, step time: 0.00894,
epoch: [28], step: [1031/1581], batch loss: 0.67973, batch accuracy: 78.12, data load time: 0.00243, step time: 0.01542,
epoch: [28], step: [1331/1581], batch loss: 0.41274, batch accuracy: 84.38, data load time: 0.00023, step time: 0.01350,
epoch: [29], step: [50/1581], batch loss: 0.38117, batch accuracy: 84.38, data load time: 0.00028, step time: 0.00882,
epoch: [29], step: [350/1581], batch loss: 0.52580, batch accuracy: 78.12, data load time: 0.00022, step time: 0.00871,
epoch: [29], step: [650/1581], batch loss: 0.48369, batch accuracy: 75.00, data load time: 0.00026, step time: 0.00874,
epoch: [29], step: [950/1581], batch loss: 0.47373, batch accuracy: 81.25, data load time: 0.00311, step time: 0.01038,
epoch: [29], step: [1250/1581], batch loss: 0.54257, batch accuracy: 78.12, data load time: 0.00054, step time: 0.00854,
epoch: [29], step: [1550/1581], batch loss: 0.74506, batch accuracy: 71.88, data load time: 0.00012, step time: 0.00737,
validation loss: 0.93900, accuracy: 67.86, class_accuracy: [50.0, 89.47368421052632, 70.08547008547009, 65.48672566371681, 58.47457627118644, 56.88073394495413, 100.0, 95.57522123893806, 51.02040816326531, 76.27118644067797]
epoch: [30], step: [269/1581], batch loss: 0.67136, batch accuracy: 84.38, data load time: 0.00027, step time: 0.01011,
epoch: [30], step: [569/1581], batch loss: 0.45567, batch accuracy: 71.88, data load time: 0.00027, step time: 0.01364,
epoch: [30], step: [869/1581], batch loss: 0.44994, batch accuracy: 84.38, data load time: 0.00027, step time: 0.00875,
epoch: [30], step: [1169/1581], batch loss: 0.51152, batch accuracy: 81.25, data load time: 0.00026, step time: 0.00845,
epoch: [30], step: [1469/1581], batch loss: 0.43002, batch accuracy: 90.62, data load time: 0.00310, step time: 0.00867,
epoch: [31], step: [188/1581], batch loss: 0.55432, batch accuracy: 75.00, data load time: 0.00026, step time: 0.01177,
epoch: [31], step: [488/1581], batch loss: 0.36063, batch accuracy: 87.50, data load time: 0.00025, step time: 0.00848,
epoch: [31], step: [788/1581], batch loss: 0.32486, batch accuracy: 81.25, data load time: 0.00024, step time: 0.01109,
epoch: [31], step: [1088/1581], batch loss: 0.36342, batch accuracy: 90.62, data load time: 0.00024, step time: 0.00980,
epoch: [31], step: [1388/1581], batch loss: 0.50654, batch accuracy: 81.25, data load time: 0.00023, step time: 0.00836,
epoch: [32], step: [107/1581], batch loss: 0.35289, batch accuracy: 93.75, data load time: 0.00027, step time: 0.01300,
epoch: [32], step: [407/1581], batch loss: 0.36952, batch accuracy: 87.50, data load time: 0.00030, step time: 0.00922,
epoch: [32], step: [707/1581], batch loss: 0.29279, batch accuracy: 93.75, data load time: 0.00026, step time: 0.00897,
epoch: [32], step: [1007/1581], batch loss: 0.43700, batch accuracy: 78.12, data load time: 0.00023, step time: 0.01069,
epoch: [32], step: [1307/1581], batch loss: 0.39183, batch accuracy: 84.38, data load time: 0.00029, step time: 0.01002,
epoch: [33], step: [26/1581], batch loss: 0.34722, batch accuracy: 87.50, data load time: 0.00023, step time: 0.01009,
epoch: [33], step: [326/1581], batch loss: 0.30983, batch accuracy: 93.75, data load time: 0.00033, step time: 0.00947,
epoch: [33], step: [626/1581], batch loss: 0.39556, batch accuracy: 84.38, data load time: 0.00026, step time: 0.00864,
epoch: [33], step: [926/1581], batch loss: 0.87389, batch accuracy: 68.75, data load time: 0.00027, step time: 0.00866,
epoch: [33], step: [1226/1581], batch loss: 0.32373, batch accuracy: 90.62, data load time: 0.00156, step time: 0.01163,
epoch: [33], step: [1526/1581], batch loss: 0.59430, batch accuracy: 81.25, data load time: 0.00018, step time: 0.00843,
epoch: [34], step: [245/1581], batch loss: 0.40670, batch accuracy: 90.62, data load time: 0.00206, step time: 0.01129,
epoch: [34], step: [545/1581], batch loss: 0.33390, batch accuracy: 87.50, data load time: 0.00639, step time: 0.00945,
epoch: [34], step: [845/1581], batch loss: 0.70717, batch accuracy: 75.00, data load time: 0.00026, step time: 0.01182,
epoch: [34], step: [1145/1581], batch loss: 0.52139, batch accuracy: 81.25, data load time: 0.00049, step time: 0.00847,
epoch: [34], step: [1445/1581], batch loss: 0.62149, batch accuracy: 78.12, data load time: 0.00022, step time: 0.00819,
validation loss: 0.87209, accuracy: 69.91, class_accuracy: [49.152542372881356, 89.47368421052632, 76.92307692307692, 62.83185840707964, 62.71186440677966, 61.46788990825688, 100.0, 96.46017699115045, 48.97959183673469, 82.20338983050847]
epoch: [35], step: [164/1581], batch loss: 0.47915, batch accuracy: 84.38, data load time: 0.00023, step time: 0.01051,
epoch: [35], step: [464/1581], batch loss: 0.26440, batch accuracy: 87.50, data load time: 0.00239, step time: 0.01106,
epoch: [35], step: [764/1581], batch loss: 0.48625, batch accuracy: 81.25, data load time: 0.00268, step time: 0.01278,
epoch: [35], step: [1064/1581], batch loss: 0.39877, batch accuracy: 81.25, data load time: 0.00071, step time: 0.00849,
epoch: [35], step: [1364/1581], batch loss: 0.41474, batch accuracy: 90.62, data load time: 0.00027, step time: 0.00849,
epoch: [36], step: [83/1581], batch loss: 0.29372, batch accuracy: 93.75, data load time: 0.00025, step time: 0.01465,
epoch: [36], step: [383/1581], batch loss: 0.67075, batch accuracy: 65.62, data load time: 0.00313, step time: 0.00959,
epoch: [36], step: [683/1581], batch loss: 0.50325, batch accuracy: 87.50, data load time: 0.00025, step time: 0.01164,
epoch: [36], step: [983/1581], batch loss: 0.72453, batch accuracy: 71.88, data load time: 0.00025, step time: 0.01361,
epoch: [36], step: [1283/1581], batch loss: 0.32007, batch accuracy: 93.75, data load time: 0.00027, step time: 0.00942,
epoch: [37], step: [2/1581], batch loss: 0.40595, batch accuracy: 87.50, data load time: 0.00016, step time: 0.01035,
epoch: [37], step: [302/1581], batch loss: 0.51320, batch accuracy: 84.38, data load time: 0.00024, step time: 0.00865,
epoch: [37], step: [602/1581], batch loss: 0.22118, batch accuracy: 93.75, data load time: 0.00452, step time: 0.01121,
epoch: [37], step: [902/1581], batch loss: 0.47722, batch accuracy: 87.50, data load time: 0.00023, step time: 0.01183,
epoch: [37], step: [1202/1581], batch loss: 0.34999, batch accuracy: 81.25, data load time: 0.00031, step time: 0.01003,
epoch: [37], step: [1502/1581], batch loss: 0.44775, batch accuracy: 78.12, data load time: 0.00023, step time: 0.00844,
epoch: [38], step: [221/1581], batch loss: 0.34371, batch accuracy: 87.50, data load time: 0.00026, step time: 0.00872,
epoch: [38], step: [521/1581], batch loss: 0.50833, batch accuracy: 78.12, data load time: 0.00024, step time: 0.00837,
epoch: [38], step: [821/1581], batch loss: 0.54083, batch accuracy: 71.88, data load time: 0.00025, step time: 0.00870,
epoch: [38], step: [1121/1581], batch loss: 0.56945, batch accuracy: 78.12, data load time: 0.00027, step time: 0.00852,
epoch: [38], step: [1421/1581], batch loss: 1.06900, batch accuracy: 75.00, data load time: 0.00055, step time: 0.00896,
epoch: [39], step: [140/1581], batch loss: 0.34717, batch accuracy: 84.38, data load time: 0.00443, step time: 0.01101,
epoch: [39], step: [440/1581], batch loss: 0.55067, batch accuracy: 78.12, data load time: 0.00342, step time: 0.00936,
epoch: [39], step: [740/1581], batch loss: 0.55656, batch accuracy: 81.25, data load time: 0.00348, step time: 0.00890,
epoch: [39], step: [1040/1581], batch loss: 0.50027, batch accuracy: 84.38, data load time: 0.00023, step time: 0.00916,
epoch: [39], step: [1340/1581], batch loss: 0.43561, batch accuracy: 87.50, data load time: 0.00027, step time: 0.01239,
validation loss: 0.85228, accuracy: 70.01, class_accuracy: [49.152542372881356, 94.73684210526316, 71.7948717948718, 63.716814159292035, 66.10169491525424, 61.46788990825688, 100.0, 96.46017699115045, 52.04081632653061, 79.66101694915254]
epoch: [40], step: [59/1581], batch loss: 0.50510, batch accuracy: 84.38, data load time: 0.00023, step time: 0.01008,
epoch: [40], step: [359/1581], batch loss: 0.38513, batch accuracy: 87.50, data load time: 0.00024, step time: 0.01312,
epoch: [40], step: [659/1581], batch loss: 0.42951, batch accuracy: 87.50, data load time: 0.00779, step time: 0.01006,
epoch: [40], step: [959/1581], batch loss: 0.42162, batch accuracy: 87.50, data load time: 0.00523, step time: 0.00919,
epoch: [40], step: [1259/1581], batch loss: 0.30155, batch accuracy: 93.75, data load time: 0.00022, step time: 0.00907,
epoch: [40], step: [1559/1581], batch loss: 0.35668, batch accuracy: 84.38, data load time: 0.00012, step time: 0.00737,
epoch: [41], step: [278/1581], batch loss: 0.24987, batch accuracy: 93.75, data load time: 0.00027, step time: 0.01171,
epoch: [41], step: [578/1581], batch loss: 0.37144, batch accuracy: 84.38, data load time: 0.00048, step time: 0.00825,
epoch: [41], step: [878/1581], batch loss: 0.39410, batch accuracy: 84.38, data load time: 0.00027, step time: 0.01301,
epoch: [41], step: [1178/1581], batch loss: 0.30853, batch accuracy: 90.62, data load time: 0.00326, step time: 0.00988,
epoch: [41], step: [1478/1581], batch loss: 0.35220, batch accuracy: 90.62, data load time: 0.00027, step time: 0.01320,
epoch: [42], step: [197/1581], batch loss: 0.39974, batch accuracy: 90.62, data load time: 0.00367, step time: 0.01005,
epoch: [42], step: [497/1581], batch loss: 0.76375, batch accuracy: 75.00, data load time: 0.00023, step time: 0.00932,
epoch: [42], step: [797/1581], batch loss: 0.39474, batch accuracy: 87.50, data load time: 0.00025, step time: 0.01096,
epoch: [42], step: [1097/1581], batch loss: 0.50074, batch accuracy: 84.38, data load time: 0.00027, step time: 0.00851,
epoch: [42], step: [1397/1581], batch loss: 0.33393, batch accuracy: 90.62, data load time: 0.00026, step time: 0.00846,
epoch: [43], step: [116/1581], batch loss: 0.81490, batch accuracy: 81.25, data load time: 0.00023, step time: 0.00947,
epoch: [43], step: [416/1581], batch loss: 0.34978, batch accuracy: 84.38, data load time: 0.00025, step time: 0.00874,
epoch: [43], step: [716/1581], batch loss: 0.23087, batch accuracy: 96.88, data load time: 0.00200, step time: 0.01115,
epoch: [43], step: [1016/1581], batch loss: 0.45776, batch accuracy: 84.38, data load time: 0.00026, step time: 0.01059,
epoch: [43], step: [1316/1581], batch loss: 0.39130, batch accuracy: 87.50, data load time: 0.00350, step time: 0.00898,
epoch: [44], step: [35/1581], batch loss: 0.44011, batch accuracy: 90.62, data load time: 0.00024, step time: 0.00847,
epoch: [44], step: [335/1581], batch loss: 0.60366, batch accuracy: 87.50, data load time: 0.00023, step time: 0.00964,
epoch: [44], step: [635/1581], batch loss: 0.48628, batch accuracy: 81.25, data load time: 0.00023, step time: 0.00842,
epoch: [44], step: [935/1581], batch loss: 0.52203, batch accuracy: 78.12, data load time: 0.00025, step time: 0.00859,
epoch: [44], step: [1235/1581], batch loss: 0.49442, batch accuracy: 87.50, data load time: 0.00321, step time: 0.00866,
epoch: [44], step: [1535/1581], batch loss: 0.39899, batch accuracy: 81.25, data load time: 0.00018, step time: 0.01087,
validation loss: 0.90253, accuracy: 71.14, class_accuracy: [44.067796610169495, 92.10526315789474, 82.90598290598291, 69.02654867256638, 60.16949152542373, 61.46788990825688, 100.0, 98.23008849557522, 54.08163265306123, 81.35593220338983]
epoch: [45], step: [254/1581], batch loss: 0.52357, batch accuracy: 81.25, data load time: 0.00317, step time: 0.01041,
epoch: [45], step: [554/1581], batch loss: 0.40174, batch accuracy: 81.25, data load time: 0.00025, step time: 0.01309,
epoch: [45], step: [854/1581], batch loss: 0.15646, batch accuracy: 96.88, data load time: 0.00023, step time: 0.00830,
epoch: [45], step: [1154/1581], batch loss: 0.43983, batch accuracy: 87.50, data load time: 0.00028, step time: 0.01572,
epoch: [45], step: [1454/1581], batch loss: 0.42952, batch accuracy: 90.62, data load time: 0.00203, step time: 0.01031,
epoch: [46], step: [173/1581], batch loss: 0.51352, batch accuracy: 84.38, data load time: 0.00023, step time: 0.00904,
epoch: [46], step: [473/1581], batch loss: 0.24513, batch accuracy: 93.75, data load time: 0.00024, step time: 0.01077,
epoch: [46], step: [773/1581], batch loss: 0.44973, batch accuracy: 81.25, data load time: 0.00025, step time: 0.01089,
epoch: [46], step: [1073/1581], batch loss: 0.34742, batch accuracy: 78.12, data load time: 0.00026, step time: 0.00949,
epoch: [46], step: [1373/1581], batch loss: 0.34245, batch accuracy: 87.50, data load time: 0.00024, step time: 0.01090,
epoch: [47], step: [92/1581], batch loss: 0.35482, batch accuracy: 87.50, data load time: 0.00304, step time: 0.01091,
epoch: [47], step: [392/1581], batch loss: 0.38141, batch accuracy: 90.62, data load time: 0.00024, step time: 0.00900,
epoch: [47], step: [692/1581], batch loss: 0.39979, batch accuracy: 90.62, data load time: 0.00310, step time: 0.00956,
epoch: [47], step: [992/1581], batch loss: 0.86481, batch accuracy: 75.00, data load time: 0.00025, step time: 0.01134,
epoch: [47], step: [1292/1581], batch loss: 0.92756, batch accuracy: 71.88, data load time: 0.00029, step time: 0.00905,
epoch: [48], step: [11/1581], batch loss: 0.41070, batch accuracy: 84.38, data load time: 0.00097, step time: 0.01465,
epoch: [48], step: [311/1581], batch loss: 0.57612, batch accuracy: 87.50, data load time: 0.00023, step time: 0.00861,
epoch: [48], step: [611/1581], batch loss: 0.44994, batch accuracy: 81.25, data load time: 0.00310, step time: 0.01038,
epoch: [48], step: [911/1581], batch loss: 0.29884, batch accuracy: 93.75, data load time: 0.00416, step time: 0.00967,
epoch: [48], step: [1211/1581], batch loss: 0.61925, batch accuracy: 78.12, data load time: 0.00295, step time: 0.01300,
epoch: [48], step: [1511/1581], batch loss: 0.56855, batch accuracy: 81.25, data load time: 0.00025, step time: 0.00852,
epoch: [49], step: [230/1581], batch loss: 0.45312, batch accuracy: 87.50, data load time: 0.00306, step time: 0.01058,
epoch: [49], step: [530/1581], batch loss: 0.46145, batch accuracy: 84.38, data load time: 0.00023, step time: 0.01040,
epoch: [49], step: [830/1581], batch loss: 0.37632, batch accuracy: 84.38, data load time: 0.00024, step time: 0.00894,
epoch: [49], step: [1130/1581], batch loss: 0.74942, batch accuracy: 71.88, data load time: 0.00023, step time: 0.00835,
epoch: [49], step: [1430/1581], batch loss: 0.37309, batch accuracy: 90.62, data load time: 0.00355, step time: 0.01031,
validation loss: 0.85834, accuracy: 73.18, class_accuracy: [52.54237288135593, 92.10526315789474, 80.34188034188034, 69.91150442477876, 81.35593220338983, 56.88073394495413, 100.0, 98.23008849557522, 50.0, 77.96610169491525]
Total time taken: 1013.9687230587006
