Using CUDA...
Writing logs to logs/CNN_bn_dropout=0.5_bs=32_lr=0.001_momentum=0.9_brightness=0_rotation=0_run_0
epoch: [0], step: [299/1581], batch loss: 1.49195, batch accuracy: 50.00, data load time: 0.00662, step time: 0.01432,
epoch: [0], step: [599/1581], batch loss: 1.23615, batch accuracy: 50.00, data load time: 0.00554, step time: 0.01027,
epoch: [0], step: [899/1581], batch loss: 1.49241, batch accuracy: 46.88, data load time: 0.00029, step time: 0.00986,
epoch: [0], step: [1199/1581], batch loss: 0.63263, batch accuracy: 71.88, data load time: 0.00041, step time: 0.01727,
epoch: [0], step: [1499/1581], batch loss: 1.21860, batch accuracy: 56.25, data load time: 0.00044, step time: 0.01694,
epoch: [1], step: [218/1581], batch loss: 0.65444, batch accuracy: 78.12, data load time: 0.00037, step time: 0.02062,
epoch: [1], step: [518/1581], batch loss: 0.60881, batch accuracy: 84.38, data load time: 0.00068, step time: 0.02423,
epoch: [1], step: [818/1581], batch loss: 0.90879, batch accuracy: 68.75, data load time: 0.00023, step time: 0.00917,
epoch: [1], step: [1118/1581], batch loss: 0.63128, batch accuracy: 75.00, data load time: 0.00045, step time: 0.00992,
epoch: [1], step: [1418/1581], batch loss: 0.76223, batch accuracy: 68.75, data load time: 0.00034, step time: 0.01147,
epoch: [2], step: [137/1581], batch loss: 0.65236, batch accuracy: 71.88, data load time: 0.00334, step time: 0.01483,
epoch: [2], step: [437/1581], batch loss: 0.79070, batch accuracy: 75.00, data load time: 0.00026, step time: 0.01916,
epoch: [2], step: [737/1581], batch loss: 0.61692, batch accuracy: 78.12, data load time: 0.00242, step time: 0.00999,
epoch: [2], step: [1037/1581], batch loss: 0.67605, batch accuracy: 84.38, data load time: 0.00028, step time: 0.01800,
epoch: [2], step: [1337/1581], batch loss: 1.15287, batch accuracy: 62.50, data load time: 0.00143, step time: 0.01366,
epoch: [3], step: [56/1581], batch loss: 0.26721, batch accuracy: 96.88, data load time: 0.00660, step time: 0.01444,
epoch: [3], step: [356/1581], batch loss: 0.49774, batch accuracy: 84.38, data load time: 0.12865, step time: 0.01014,
epoch: [3], step: [656/1581], batch loss: 0.70450, batch accuracy: 75.00, data load time: 0.27347, step time: 0.00991,
epoch: [3], step: [956/1581], batch loss: 0.48556, batch accuracy: 84.38, data load time: 0.00032, step time: 0.01477,
epoch: [3], step: [1256/1581], batch loss: 0.36181, batch accuracy: 90.62, data load time: 0.00570, step time: 0.01249,
epoch: [3], step: [1556/1581], batch loss: 0.41406, batch accuracy: 84.38, data load time: 0.00013, step time: 0.00887,
epoch: [4], step: [275/1581], batch loss: 0.58785, batch accuracy: 87.50, data load time: 0.00605, step time: 0.01469,
epoch: [4], step: [575/1581], batch loss: 0.70929, batch accuracy: 81.25, data load time: 0.00860, step time: 0.01838,
epoch: [4], step: [875/1581], batch loss: 0.67223, batch accuracy: 75.00, data load time: 0.00193, step time: 0.01314,
epoch: [4], step: [1175/1581], batch loss: 0.33362, batch accuracy: 90.62, data load time: 0.00292, step time: 0.01258,
epoch: [4], step: [1475/1581], batch loss: 0.34441, batch accuracy: 84.38, data load time: 0.00031, step time: 0.01325,
validation loss: 1.02977, accuracy: 70.62, class_accuracy: [74.71428571428571, 86.58536585365853, 62.53602305475504, 52.56637168141593, 75.23219814241486, 48.142414860681114, 95.09803921568627, 98.06451612903226, 56.630824372759854, 85.14285714285714]
epoch: [5], step: [194/1581], batch loss: 0.52834, batch accuracy: 81.25, data load time: 0.00638, step time: 0.01440,
epoch: [5], step: [494/1581], batch loss: 0.59035, batch accuracy: 81.25, data load time: 0.23252, step time: 0.01007,
epoch: [5], step: [794/1581], batch loss: 0.63241, batch accuracy: 78.12, data load time: 0.00466, step time: 0.01337,
epoch: [5], step: [1094/1581], batch loss: 0.35351, batch accuracy: 93.75, data load time: 0.00029, step time: 0.01008,
epoch: [5], step: [1394/1581], batch loss: 0.47353, batch accuracy: 87.50, data load time: 0.00057, step time: 0.01318,
epoch: [6], step: [113/1581], batch loss: 0.66162, batch accuracy: 78.12, data load time: 0.02155, step time: 0.01557,
epoch: [6], step: [413/1581], batch loss: 0.41264, batch accuracy: 81.25, data load time: 0.00029, step time: 0.01082,
epoch: [6], step: [713/1581], batch loss: 0.29751, batch accuracy: 84.38, data load time: 0.00027, step time: 0.01841,
epoch: [6], step: [1013/1581], batch loss: 0.30793, batch accuracy: 87.50, data load time: 0.00315, step time: 0.01034,
epoch: [6], step: [1313/1581], batch loss: 0.35110, batch accuracy: 87.50, data load time: 0.01005, step time: 0.00998,
epoch: [7], step: [32/1581], batch loss: 0.29265, batch accuracy: 84.38, data load time: 0.00030, step time: 0.02071,
epoch: [7], step: [332/1581], batch loss: 0.44401, batch accuracy: 81.25, data load time: 0.00389, step time: 0.01147,
epoch: [7], step: [632/1581], batch loss: 0.35358, batch accuracy: 90.62, data load time: 0.00033, step time: 0.00982,
epoch: [7], step: [932/1581], batch loss: 0.49274, batch accuracy: 84.38, data load time: 0.00119, step time: 0.01127,
epoch: [7], step: [1232/1581], batch loss: 0.49506, batch accuracy: 81.25, data load time: 0.00563, step time: 0.01567,
epoch: [7], step: [1532/1581], batch loss: 0.45612, batch accuracy: 81.25, data load time: 0.00020, step time: 0.01409,
epoch: [8], step: [251/1581], batch loss: 0.30788, batch accuracy: 90.62, data load time: 0.00038, step time: 0.01607,
epoch: [8], step: [551/1581], batch loss: 0.33459, batch accuracy: 87.50, data load time: 0.00389, step time: 0.00999,
epoch: [8], step: [851/1581], batch loss: 0.25007, batch accuracy: 93.75, data load time: 0.61150, step time: 0.01075,
epoch: [8], step: [1151/1581], batch loss: 0.28776, batch accuracy: 90.62, data load time: 0.00403, step time: 0.01011,
epoch: [8], step: [1451/1581], batch loss: 0.41110, batch accuracy: 84.38, data load time: 0.26430, step time: 0.01742,
epoch: [9], step: [170/1581], batch loss: 0.29587, batch accuracy: 90.62, data load time: 0.00272, step time: 0.01762,
epoch: [9], step: [470/1581], batch loss: 0.44446, batch accuracy: 81.25, data load time: 0.00028, step time: 0.00954,
epoch: [9], step: [770/1581], batch loss: 0.36698, batch accuracy: 90.62, data load time: 0.00040, step time: 0.01957,
epoch: [9], step: [1070/1581], batch loss: 0.45250, batch accuracy: 81.25, data load time: 0.00281, step time: 0.01269,
epoch: [9], step: [1370/1581], batch loss: 0.24323, batch accuracy: 90.62, data load time: 0.00040, step time: 0.00993,
validation loss: 1.35591, accuracy: 66.56, class_accuracy: [43.0, 79.8780487804878, 79.97118155619597, 51.32743362831859, 71.51702786377709, 41.021671826625386, 93.13725490196079, 95.16129032258064, 56.98924731182796, 83.42857142857143]
epoch: [10], step: [89/1581], batch loss: 0.10187, batch accuracy: 100.00, data load time: 0.00032, step time: 0.01016,
epoch: [10], step: [389/1581], batch loss: 0.37872, batch accuracy: 90.62, data load time: 0.00909, step time: 0.01384,
epoch: [10], step: [689/1581], batch loss: 0.20371, batch accuracy: 90.62, data load time: 0.00029, step time: 0.02721,
epoch: [10], step: [989/1581], batch loss: 0.13945, batch accuracy: 96.88, data load time: 0.00032, step time: 0.00957,
epoch: [10], step: [1289/1581], batch loss: 0.25077, batch accuracy: 90.62, data load time: 0.00661, step time: 0.01331,
epoch: [11], step: [8/1581], batch loss: 0.17105, batch accuracy: 93.75, data load time: 0.01259, step time: 0.01076,
epoch: [11], step: [308/1581], batch loss: 0.12525, batch accuracy: 96.88, data load time: 0.00739, step time: 0.01915,
epoch: [11], step: [608/1581], batch loss: 0.33637, batch accuracy: 81.25, data load time: 0.00666, step time: 0.01565,
epoch: [11], step: [908/1581], batch loss: 0.23611, batch accuracy: 93.75, data load time: 0.00030, step time: 0.02388,
epoch: [11], step: [1208/1581], batch loss: 0.19175, batch accuracy: 90.62, data load time: 0.00383, step time: 0.00967,
epoch: [11], step: [1508/1581], batch loss: 0.33089, batch accuracy: 90.62, data load time: 0.00139, step time: 0.01338,
epoch: [12], step: [227/1581], batch loss: 0.44904, batch accuracy: 84.38, data load time: 0.39255, step time: 0.01009,
epoch: [12], step: [527/1581], batch loss: 0.26096, batch accuracy: 87.50, data load time: 0.00032, step time: 0.00971,
epoch: [12], step: [827/1581], batch loss: 0.28022, batch accuracy: 90.62, data load time: 0.00035, step time: 0.00982,
epoch: [12], step: [1127/1581], batch loss: 0.40633, batch accuracy: 96.88, data load time: 0.00054, step time: 0.00962,
epoch: [12], step: [1427/1581], batch loss: 0.33685, batch accuracy: 87.50, data load time: 0.00351, step time: 0.00996,
epoch: [13], step: [146/1581], batch loss: 0.17867, batch accuracy: 96.88, data load time: 0.00151, step time: 0.01424,
epoch: [13], step: [446/1581], batch loss: 0.33260, batch accuracy: 90.62, data load time: 0.00033, step time: 0.00968,
epoch: [13], step: [746/1581], batch loss: 0.16072, batch accuracy: 90.62, data load time: 0.00667, step time: 0.02493,
epoch: [13], step: [1046/1581], batch loss: 0.14313, batch accuracy: 96.88, data load time: 0.00930, step time: 0.01354,
epoch: [13], step: [1346/1581], batch loss: 0.23308, batch accuracy: 93.75, data load time: 0.00031, step time: 0.02323,
epoch: [14], step: [65/1581], batch loss: 0.06245, batch accuracy: 100.00, data load time: 0.00027, step time: 0.01072,
epoch: [14], step: [365/1581], batch loss: 0.28080, batch accuracy: 87.50, data load time: 0.00034, step time: 0.01358,
epoch: [14], step: [665/1581], batch loss: 0.14804, batch accuracy: 100.00, data load time: 0.00042, step time: 0.00945,
epoch: [14], step: [965/1581], batch loss: 0.56251, batch accuracy: 81.25, data load time: 0.00031, step time: 0.00990,
epoch: [14], step: [1265/1581], batch loss: 0.27552, batch accuracy: 90.62, data load time: 0.00516, step time: 0.02301,
epoch: [14], step: [1565/1581], batch loss: 0.35429, batch accuracy: 87.50, data load time: 0.00014, step time: 0.00911,
validation loss: 1.12247, accuracy: 71.03, class_accuracy: [59.714285714285715, 89.63414634146342, 71.7579250720461, 61.415929203539825, 75.85139318885449, 50.154798761609904, 95.09803921568627, 95.64516129032258, 57.88530465949821, 85.0]
epoch: [15], step: [284/1581], batch loss: 0.13782, batch accuracy: 93.75, data load time: 0.00035, step time: 0.00993,
epoch: [15], step: [584/1581], batch loss: 0.15961, batch accuracy: 96.88, data load time: 0.00168, step time: 0.01321,
epoch: [15], step: [884/1581], batch loss: 0.34847, batch accuracy: 84.38, data load time: 0.00049, step time: 0.01001,
epoch: [15], step: [1184/1581], batch loss: 0.08461, batch accuracy: 100.00, data load time: 0.00148, step time: 0.01437,
epoch: [15], step: [1484/1581], batch loss: 0.30059, batch accuracy: 81.25, data load time: 0.00080, step time: 0.01656,
epoch: [16], step: [203/1581], batch loss: 0.22318, batch accuracy: 90.62, data load time: 0.00045, step time: 0.00966,
epoch: [16], step: [503/1581], batch loss: 0.12007, batch accuracy: 96.88, data load time: 0.00084, step time: 0.01078,
epoch: [16], step: [803/1581], batch loss: 0.07154, batch accuracy: 100.00, data load time: 0.01000, step time: 0.01082,
epoch: [16], step: [1103/1581], batch loss: 0.21219, batch accuracy: 90.62, data load time: 0.00225, step time: 0.01658,
epoch: [16], step: [1403/1581], batch loss: 0.09878, batch accuracy: 96.88, data load time: 0.01311, step time: 0.01067,
epoch: [17], step: [122/1581], batch loss: 0.28091, batch accuracy: 93.75, data load time: 0.00206, step time: 0.03058,
epoch: [17], step: [422/1581], batch loss: 0.19310, batch accuracy: 90.62, data load time: 0.00834, step time: 0.01902,
epoch: [17], step: [722/1581], batch loss: 0.24345, batch accuracy: 90.62, data load time: 0.00030, step time: 0.02060,
epoch: [17], step: [1022/1581], batch loss: 0.23017, batch accuracy: 87.50, data load time: 0.00694, step time: 0.01466,
epoch: [17], step: [1322/1581], batch loss: 0.26361, batch accuracy: 87.50, data load time: 0.00031, step time: 0.00982,
epoch: [18], step: [41/1581], batch loss: 0.22654, batch accuracy: 93.75, data load time: 0.00065, step time: 0.01232,
epoch: [18], step: [341/1581], batch loss: 0.40228, batch accuracy: 81.25, data load time: 0.01312, step time: 0.01056,
epoch: [18], step: [641/1581], batch loss: 0.19503, batch accuracy: 90.62, data load time: 0.00072, step time: 0.01560,
epoch: [18], step: [941/1581], batch loss: 0.17488, batch accuracy: 93.75, data load time: 0.00547, step time: 0.01799,
epoch: [18], step: [1241/1581], batch loss: 0.15683, batch accuracy: 96.88, data load time: 0.00483, step time: 0.01358,
epoch: [18], step: [1541/1581], batch loss: 0.10508, batch accuracy: 100.00, data load time: 0.00017, step time: 0.00937,
epoch: [19], step: [260/1581], batch loss: 0.19249, batch accuracy: 93.75, data load time: 0.00976, step time: 0.01257,
epoch: [19], step: [560/1581], batch loss: 0.12876, batch accuracy: 96.88, data load time: 0.00499, step time: 0.01342,
epoch: [19], step: [860/1581], batch loss: 0.11555, batch accuracy: 96.88, data load time: 0.00391, step time: 0.01001,
epoch: [19], step: [1160/1581], batch loss: 0.05939, batch accuracy: 100.00, data load time: 0.00026, step time: 0.01271,
epoch: [19], step: [1460/1581], batch loss: 0.27934, batch accuracy: 93.75, data load time: 0.26050, step time: 0.00982,
validation loss: 1.24283, accuracy: 70.60, class_accuracy: [49.714285714285715, 87.8048780487805, 81.70028818443804, 60.70796460176991, 76.16099071207431, 50.0, 94.11764705882354, 96.61290322580645, 58.24372759856631, 81.71428571428571]
epoch: [20], step: [179/1581], batch loss: 0.17863, batch accuracy: 93.75, data load time: 0.00823, step time: 0.01004,
epoch: [20], step: [479/1581], batch loss: 0.08269, batch accuracy: 100.00, data load time: 0.00047, step time: 0.01020,
epoch: [20], step: [779/1581], batch loss: 0.06005, batch accuracy: 100.00, data load time: 0.00036, step time: 0.01173,
epoch: [20], step: [1079/1581], batch loss: 0.15300, batch accuracy: 93.75, data load time: 0.00662, step time: 0.01759,
epoch: [20], step: [1379/1581], batch loss: 0.22683, batch accuracy: 90.62, data load time: 0.00143, step time: 0.01355,
epoch: [21], step: [98/1581], batch loss: 0.25669, batch accuracy: 87.50, data load time: 0.00057, step time: 0.00990,
epoch: [21], step: [398/1581], batch loss: 0.15647, batch accuracy: 93.75, data load time: 0.01390, step time: 0.01351,
epoch: [21], step: [698/1581], batch loss: 0.04611, batch accuracy: 100.00, data load time: 0.00044, step time: 0.01017,
epoch: [21], step: [998/1581], batch loss: 0.14251, batch accuracy: 90.62, data load time: 0.00034, step time: 0.01233,
epoch: [21], step: [1298/1581], batch loss: 0.09602, batch accuracy: 96.88, data load time: 0.00390, step time: 0.00956,
epoch: [22], step: [17/1581], batch loss: 0.27510, batch accuracy: 93.75, data load time: 0.02316, step time: 0.01378,
epoch: [22], step: [317/1581], batch loss: 0.08058, batch accuracy: 96.88, data load time: 0.00843, step time: 0.02348,
epoch: [22], step: [617/1581], batch loss: 0.24753, batch accuracy: 93.75, data load time: 0.00097, step time: 0.01334,
epoch: [22], step: [917/1581], batch loss: 0.14155, batch accuracy: 96.88, data load time: 0.01306, step time: 0.00994,
epoch: [22], step: [1217/1581], batch loss: 0.21525, batch accuracy: 93.75, data load time: 0.00341, step time: 0.01311,
epoch: [22], step: [1517/1581], batch loss: 0.17122, batch accuracy: 90.62, data load time: 0.00026, step time: 0.02078,
epoch: [23], step: [236/1581], batch loss: 0.25363, batch accuracy: 93.75, data load time: 0.00026, step time: 0.00959,
epoch: [23], step: [536/1581], batch loss: 0.11366, batch accuracy: 96.88, data load time: 0.00038, step time: 0.01024,
epoch: [23], step: [836/1581], batch loss: 0.22214, batch accuracy: 90.62, data load time: 0.00300, step time: 0.00994,
epoch: [23], step: [1136/1581], batch loss: 0.39079, batch accuracy: 87.50, data load time: 0.00036, step time: 0.01955,
epoch: [23], step: [1436/1581], batch loss: 0.11833, batch accuracy: 93.75, data load time: 0.00191, step time: 0.01342,
epoch: [24], step: [155/1581], batch loss: 0.21249, batch accuracy: 90.62, data load time: 0.00362, step time: 0.00983,
epoch: [24], step: [455/1581], batch loss: 0.06870, batch accuracy: 100.00, data load time: 0.00073, step time: 0.02748,
epoch: [24], step: [755/1581], batch loss: 0.05137, batch accuracy: 100.00, data load time: 0.00261, step time: 0.01003,
epoch: [24], step: [1055/1581], batch loss: 0.08174, batch accuracy: 96.88, data load time: 0.00386, step time: 0.00965,
epoch: [24], step: [1355/1581], batch loss: 0.07516, batch accuracy: 96.88, data load time: 0.00804, step time: 0.01625,
validation loss: 1.28797, accuracy: 69.99, class_accuracy: [50.0, 86.58536585365853, 75.36023054755043, 66.01769911504425, 75.69659442724458, 51.54798761609907, 91.17647058823529, 94.19354838709677, 53.763440860215056, 84.14285714285714]
epoch: [25], step: [74/1581], batch loss: 0.12708, batch accuracy: 93.75, data load time: 0.00411, step time: 0.01141,
epoch: [25], step: [374/1581], batch loss: 0.22614, batch accuracy: 90.62, data load time: 0.00567, step time: 0.01438,
epoch: [25], step: [674/1581], batch loss: 0.10990, batch accuracy: 96.88, data load time: 0.00622, step time: 0.01025,
epoch: [25], step: [974/1581], batch loss: 0.16299, batch accuracy: 96.88, data load time: 0.00602, step time: 0.01463,
epoch: [25], step: [1274/1581], batch loss: 0.15698, batch accuracy: 93.75, data load time: 0.00029, step time: 0.00989,
epoch: [25], step: [1574/1581], batch loss: 0.26818, batch accuracy: 93.75, data load time: 0.00014, step time: 0.01507,
epoch: [26], step: [293/1581], batch loss: 0.28453, batch accuracy: 87.50, data load time: 0.01252, step time: 0.01017,
epoch: [26], step: [593/1581], batch loss: 0.09813, batch accuracy: 96.88, data load time: 0.00463, step time: 0.01785,
epoch: [26], step: [893/1581], batch loss: 0.07398, batch accuracy: 96.88, data load time: 0.00171, step time: 0.01402,
epoch: [26], step: [1193/1581], batch loss: 0.05959, batch accuracy: 96.88, data load time: 0.00032, step time: 0.01250,
epoch: [26], step: [1493/1581], batch loss: 0.09705, batch accuracy: 100.00, data load time: 0.53305, step time: 0.01011,
epoch: [27], step: [212/1581], batch loss: 0.04322, batch accuracy: 100.00, data load time: 0.00081, step time: 0.02770,
epoch: [27], step: [512/1581], batch loss: 0.07556, batch accuracy: 96.88, data load time: 0.00293, step time: 0.00968,
epoch: [27], step: [812/1581], batch loss: 0.04139, batch accuracy: 100.00, data load time: 0.00029, step time: 0.00960,
epoch: [27], step: [1112/1581], batch loss: 0.08157, batch accuracy: 93.75, data load time: 0.00449, step time: 0.01639,
epoch: [27], step: [1412/1581], batch loss: 0.12644, batch accuracy: 96.88, data load time: 0.00047, step time: 0.01533,
epoch: [28], step: [131/1581], batch loss: 0.02018, batch accuracy: 100.00, data load time: 0.01034, step time: 0.00983,
epoch: [28], step: [431/1581], batch loss: 0.10995, batch accuracy: 96.88, data load time: 0.00865, step time: 0.00974,
epoch: [28], step: [731/1581], batch loss: 0.06397, batch accuracy: 96.88, data load time: 0.01348, step time: 0.01003,
epoch: [28], step: [1031/1581], batch loss: 0.04233, batch accuracy: 100.00, data load time: 0.00169, step time: 0.01324,
epoch: [28], step: [1331/1581], batch loss: 0.17563, batch accuracy: 90.62, data load time: 0.00184, step time: 0.01386,
epoch: [29], step: [50/1581], batch loss: 0.22416, batch accuracy: 87.50, data load time: 0.00240, step time: 0.01026,
epoch: [29], step: [350/1581], batch loss: 0.12376, batch accuracy: 96.88, data load time: 0.00037, step time: 0.01396,
epoch: [29], step: [650/1581], batch loss: 0.15213, batch accuracy: 90.62, data load time: 0.00819, step time: 0.01360,
epoch: [29], step: [950/1581], batch loss: 0.08794, batch accuracy: 100.00, data load time: 0.00273, step time: 0.01425,
epoch: [29], step: [1250/1581], batch loss: 0.04746, batch accuracy: 100.00, data load time: 0.00050, step time: 0.01063,
epoch: [29], step: [1550/1581], batch loss: 0.08484, batch accuracy: 96.88, data load time: 0.00015, step time: 0.00983,
validation loss: 1.29790, accuracy: 72.01, class_accuracy: [49.42857142857143, 92.6829268292683, 82.85302593659942, 68.14159292035399, 74.92260061919505, 49.53560371517028, 92.15686274509804, 96.61290322580645, 56.09318996415771, 88.14285714285714]
epoch: [30], step: [269/1581], batch loss: 0.08693, batch accuracy: 96.88, data load time: 0.00763, step time: 0.01360,
epoch: [30], step: [569/1581], batch loss: 0.08246, batch accuracy: 96.88, data load time: 0.00981, step time: 0.01231,
epoch: [30], step: [869/1581], batch loss: 0.21526, batch accuracy: 93.75, data load time: 0.00185, step time: 0.01426,
epoch: [30], step: [1169/1581], batch loss: 0.10214, batch accuracy: 96.88, data load time: 0.00897, step time: 0.01847,
epoch: [30], step: [1469/1581], batch loss: 0.11341, batch accuracy: 93.75, data load time: 0.00030, step time: 0.01443,
epoch: [31], step: [188/1581], batch loss: 0.07868, batch accuracy: 93.75, data load time: 0.00053, step time: 0.01020,
epoch: [31], step: [488/1581], batch loss: 0.08092, batch accuracy: 96.88, data load time: 0.00026, step time: 0.01036,
epoch: [31], step: [788/1581], batch loss: 0.07393, batch accuracy: 96.88, data load time: 0.00031, step time: 0.00975,
epoch: [31], step: [1088/1581], batch loss: 0.08248, batch accuracy: 93.75, data load time: 0.00582, step time: 0.01137,
epoch: [31], step: [1388/1581], batch loss: 0.12886, batch accuracy: 93.75, data load time: 0.00025, step time: 0.01799,
epoch: [32], step: [107/1581], batch loss: 0.00994, batch accuracy: 100.00, data load time: 0.00279, step time: 0.00964,
epoch: [32], step: [407/1581], batch loss: 0.07004, batch accuracy: 96.88, data load time: 0.00044, step time: 0.00964,
epoch: [32], step: [707/1581], batch loss: 0.02939, batch accuracy: 100.00, data load time: 0.00027, step time: 0.01784,
epoch: [32], step: [1007/1581], batch loss: 0.00719, batch accuracy: 100.00, data load time: 0.00030, step time: 0.00967,
epoch: [32], step: [1307/1581], batch loss: 0.06150, batch accuracy: 96.88, data load time: 0.00766, step time: 0.01895,
epoch: [33], step: [26/1581], batch loss: 0.02361, batch accuracy: 100.00, data load time: 0.00214, step time: 0.01457,
epoch: [33], step: [326/1581], batch loss: 0.16012, batch accuracy: 93.75, data load time: 0.00298, step time: 0.01106,
epoch: [33], step: [626/1581], batch loss: 0.02366, batch accuracy: 100.00, data load time: 0.00195, step time: 0.01409,
epoch: [33], step: [926/1581], batch loss: 0.13401, batch accuracy: 93.75, data load time: 0.55177, step time: 0.00993,
epoch: [33], step: [1226/1581], batch loss: 0.05845, batch accuracy: 96.88, data load time: 0.00613, step time: 0.01357,
epoch: [33], step: [1526/1581], batch loss: 0.14919, batch accuracy: 93.75, data load time: 0.00024, step time: 0.01049,
epoch: [34], step: [245/1581], batch loss: 0.26436, batch accuracy: 93.75, data load time: 0.00661, step time: 0.01437,
epoch: [34], step: [545/1581], batch loss: 0.11964, batch accuracy: 93.75, data load time: 0.00031, step time: 0.00996,
epoch: [34], step: [845/1581], batch loss: 0.00553, batch accuracy: 100.00, data load time: 0.00142, step time: 0.01286,
epoch: [34], step: [1145/1581], batch loss: 0.05192, batch accuracy: 96.88, data load time: 0.00310, step time: 0.01405,
epoch: [34], step: [1445/1581], batch loss: 0.18162, batch accuracy: 90.62, data load time: 0.24616, step time: 0.01126,
validation loss: 1.41059, accuracy: 70.01, class_accuracy: [47.0, 88.41463414634147, 77.95389048991355, 69.91150442477876, 73.21981424148606, 51.39318885448916, 93.13725490196079, 95.80645161290323, 52.867383512544805, 82.57142857142857]
epoch: [35], step: [164/1581], batch loss: 0.01570, batch accuracy: 100.00, data load time: 0.00669, step time: 0.01009,
epoch: [35], step: [464/1581], batch loss: 0.11512, batch accuracy: 96.88, data load time: 0.01262, step time: 0.01003,
epoch: [35], step: [764/1581], batch loss: 0.33334, batch accuracy: 90.62, data load time: 0.00033, step time: 0.02297,
epoch: [35], step: [1064/1581], batch loss: 0.09752, batch accuracy: 96.88, data load time: 0.00687, step time: 0.02088,
epoch: [35], step: [1364/1581], batch loss: 0.03552, batch accuracy: 100.00, data load time: 0.00034, step time: 0.00947,
epoch: [36], step: [83/1581], batch loss: 0.24447, batch accuracy: 93.75, data load time: 0.00033, step time: 0.01001,
epoch: [36], step: [383/1581], batch loss: 0.03890, batch accuracy: 100.00, data load time: 0.00386, step time: 0.01003,
epoch: [36], step: [683/1581], batch loss: 0.03514, batch accuracy: 100.00, data load time: 0.35459, step time: 0.01061,
epoch: [36], step: [983/1581], batch loss: 0.20902, batch accuracy: 87.50, data load time: 0.28769, step time: 0.01010,
epoch: [36], step: [1283/1581], batch loss: 0.05939, batch accuracy: 96.88, data load time: 0.00655, step time: 0.01433,
epoch: [37], step: [2/1581], batch loss: 0.10684, batch accuracy: 93.75, data load time: 0.00035, step time: 0.01024,
epoch: [37], step: [302/1581], batch loss: 0.17848, batch accuracy: 96.88, data load time: 0.00437, step time: 0.01375,
epoch: [37], step: [602/1581], batch loss: 0.23149, batch accuracy: 87.50, data load time: 0.00042, step time: 0.01027,
epoch: [37], step: [902/1581], batch loss: 0.05056, batch accuracy: 96.88, data load time: 0.10681, step time: 0.01034,
epoch: [37], step: [1202/1581], batch loss: 0.21896, batch accuracy: 90.62, data load time: 0.03546, step time: 0.00959,
epoch: [37], step: [1502/1581], batch loss: 0.03195, batch accuracy: 100.00, data load time: 0.00025, step time: 0.02536,
epoch: [38], step: [221/1581], batch loss: 0.24801, batch accuracy: 90.62, data load time: 0.00031, step time: 0.01012,
epoch: [38], step: [521/1581], batch loss: 0.01911, batch accuracy: 100.00, data load time: 0.00045, step time: 0.00983,
epoch: [38], step: [821/1581], batch loss: 0.04369, batch accuracy: 100.00, data load time: 0.00139, step time: 0.01392,
epoch: [38], step: [1121/1581], batch loss: 0.06275, batch accuracy: 96.88, data load time: 0.00458, step time: 0.01312,
epoch: [38], step: [1421/1581], batch loss: 0.11333, batch accuracy: 96.88, data load time: 0.00656, step time: 0.01022,
epoch: [39], step: [140/1581], batch loss: 0.04281, batch accuracy: 100.00, data load time: 0.00643, step time: 0.01213,
epoch: [39], step: [440/1581], batch loss: 0.01828, batch accuracy: 100.00, data load time: 0.06165, step time: 0.01003,
epoch: [39], step: [740/1581], batch loss: 0.11840, batch accuracy: 93.75, data load time: 0.00676, step time: 0.00991,
epoch: [39], step: [1040/1581], batch loss: 0.08044, batch accuracy: 96.88, data load time: 0.00313, step time: 0.01029,
epoch: [39], step: [1340/1581], batch loss: 0.23819, batch accuracy: 87.50, data load time: 0.00026, step time: 0.03172,
validation loss: 1.37082, accuracy: 70.92, class_accuracy: [47.57142857142857, 88.41463414634147, 80.54755043227665, 70.61946902654867, 76.0061919504644, 51.083591331269346, 91.17647058823529, 94.83870967741936, 49.6415770609319, 87.28571428571429]
epoch: [40], step: [59/1581], batch loss: 0.09113, batch accuracy: 96.88, data load time: 0.00230, step time: 0.01455,
epoch: [40], step: [359/1581], batch loss: 0.30463, batch accuracy: 90.62, data load time: 0.00034, step time: 0.02257,
epoch: [40], step: [659/1581], batch loss: 0.08112, batch accuracy: 96.88, data load time: 0.00029, step time: 0.02017,
epoch: [40], step: [959/1581], batch loss: 0.19018, batch accuracy: 90.62, data load time: 0.00649, step time: 0.01341,
epoch: [40], step: [1259/1581], batch loss: 0.02630, batch accuracy: 100.00, data load time: 0.00074, step time: 0.00985,
epoch: [40], step: [1559/1581], batch loss: 0.20202, batch accuracy: 96.88, data load time: 0.00015, step time: 0.00981,
epoch: [41], step: [278/1581], batch loss: 0.07821, batch accuracy: 96.88, data load time: 0.00031, step time: 0.00976,
epoch: [41], step: [578/1581], batch loss: 0.03128, batch accuracy: 100.00, data load time: 0.00026, step time: 0.01268,
epoch: [41], step: [878/1581], batch loss: 0.05315, batch accuracy: 96.88, data load time: 0.00123, step time: 0.02196,
epoch: [41], step: [1178/1581], batch loss: 0.14797, batch accuracy: 93.75, data load time: 0.00832, step time: 0.01439,
epoch: [41], step: [1478/1581], batch loss: 0.01884, batch accuracy: 100.00, data load time: 0.00032, step time: 0.01017,
epoch: [42], step: [197/1581], batch loss: 0.08733, batch accuracy: 93.75, data load time: 0.00173, step time: 0.01367,
epoch: [42], step: [497/1581], batch loss: 0.01004, batch accuracy: 100.00, data load time: 0.00309, step time: 0.01330,
epoch: [42], step: [797/1581], batch loss: 0.14427, batch accuracy: 96.88, data load time: 0.00675, step time: 0.01115,
epoch: [42], step: [1097/1581], batch loss: 0.06277, batch accuracy: 96.88, data load time: 0.00030, step time: 0.01080,
epoch: [42], step: [1397/1581], batch loss: 0.08198, batch accuracy: 93.75, data load time: 0.00191, step time: 0.01456,
epoch: [43], step: [116/1581], batch loss: 0.15030, batch accuracy: 90.62, data load time: 0.00037, step time: 0.01260,
epoch: [43], step: [416/1581], batch loss: 0.01894, batch accuracy: 100.00, data load time: 0.00501, step time: 0.01332,
epoch: [43], step: [716/1581], batch loss: 0.03903, batch accuracy: 100.00, data load time: 0.01284, step time: 0.01063,
epoch: [43], step: [1016/1581], batch loss: 0.09133, batch accuracy: 96.88, data load time: 0.00028, step time: 0.01312,
epoch: [43], step: [1316/1581], batch loss: 0.10768, batch accuracy: 96.88, data load time: 0.00030, step time: 0.01047,
epoch: [44], step: [35/1581], batch loss: 0.20818, batch accuracy: 93.75, data load time: 0.00028, step time: 0.02042,
epoch: [44], step: [335/1581], batch loss: 0.13739, batch accuracy: 93.75, data load time: 0.00233, step time: 0.01268,
epoch: [44], step: [635/1581], batch loss: 0.01692, batch accuracy: 100.00, data load time: 0.00461, step time: 0.01327,
epoch: [44], step: [935/1581], batch loss: 0.14285, batch accuracy: 96.88, data load time: 0.00242, step time: 0.01790,
epoch: [44], step: [1235/1581], batch loss: 0.08729, batch accuracy: 96.88, data load time: 0.00193, step time: 0.01399,
epoch: [44], step: [1535/1581], batch loss: 0.05565, batch accuracy: 100.00, data load time: 0.00021, step time: 0.00995,
validation loss: 1.62510, accuracy: 70.84, class_accuracy: [43.285714285714285, 85.36585365853658, 83.28530259365995, 69.5575221238938, 72.60061919504643, 50.61919504643963, 92.15686274509804, 94.83870967741936, 54.121863799283155, 89.71428571428571]
epoch: [45], step: [254/1581], batch loss: 0.01158, batch accuracy: 100.00, data load time: 0.00378, step time: 0.01162,
epoch: [45], step: [554/1581], batch loss: 0.08594, batch accuracy: 96.88, data load time: 0.00149, step time: 0.01279,
epoch: [45], step: [854/1581], batch loss: 0.10388, batch accuracy: 93.75, data load time: 0.00033, step time: 0.01005,
epoch: [45], step: [1154/1581], batch loss: 0.07364, batch accuracy: 96.88, data load time: 0.00834, step time: 0.01428,
epoch: [45], step: [1454/1581], batch loss: 0.10345, batch accuracy: 96.88, data load time: 0.01128, step time: 0.01032,
epoch: [46], step: [173/1581], batch loss: 0.03149, batch accuracy: 100.00, data load time: 0.00399, step time: 0.01314,
epoch: [46], step: [473/1581], batch loss: 0.00580, batch accuracy: 100.00, data load time: 0.00534, step time: 0.01441,
epoch: [46], step: [773/1581], batch loss: 0.03772, batch accuracy: 100.00, data load time: 0.47413, step time: 0.01057,
epoch: [46], step: [1073/1581], batch loss: 0.00856, batch accuracy: 100.00, data load time: 0.00027, step time: 0.01982,
epoch: [46], step: [1373/1581], batch loss: 0.16794, batch accuracy: 93.75, data load time: 0.00038, step time: 0.01931,
epoch: [47], step: [92/1581], batch loss: 0.07602, batch accuracy: 96.88, data load time: 0.00031, step time: 0.01670,
epoch: [47], step: [392/1581], batch loss: 0.11044, batch accuracy: 93.75, data load time: 0.00035, step time: 0.01122,
epoch: [47], step: [692/1581], batch loss: 0.02348, batch accuracy: 100.00, data load time: 0.00122, step time: 0.02102,
epoch: [47], step: [992/1581], batch loss: 0.12709, batch accuracy: 96.88, data load time: 0.00261, step time: 0.01428,
epoch: [47], step: [1292/1581], batch loss: 0.24347, batch accuracy: 90.62, data load time: 0.00061, step time: 0.02237,
epoch: [48], step: [11/1581], batch loss: 0.14368, batch accuracy: 93.75, data load time: 0.10514, step time: 0.00990,
epoch: [48], step: [311/1581], batch loss: 0.03295, batch accuracy: 100.00, data load time: 0.00528, step time: 0.01677,
epoch: [48], step: [611/1581], batch loss: 0.14380, batch accuracy: 93.75, data load time: 0.00027, step time: 0.02161,
epoch: [48], step: [911/1581], batch loss: 0.03482, batch accuracy: 100.00, data load time: 0.00035, step time: 0.01047,
epoch: [48], step: [1211/1581], batch loss: 0.03844, batch accuracy: 100.00, data load time: 0.05873, step time: 0.01021,
epoch: [48], step: [1511/1581], batch loss: 0.03902, batch accuracy: 100.00, data load time: 0.00414, step time: 0.01007,
epoch: [49], step: [230/1581], batch loss: 0.03116, batch accuracy: 100.00, data load time: 0.00371, step time: 0.01299,
epoch: [49], step: [530/1581], batch loss: 0.01589, batch accuracy: 100.00, data load time: 0.00383, step time: 0.01362,
epoch: [49], step: [830/1581], batch loss: 0.14116, batch accuracy: 96.88, data load time: 0.00790, step time: 0.01467,
epoch: [49], step: [1130/1581], batch loss: 0.02487, batch accuracy: 100.00, data load time: 0.00040, step time: 0.01015,
epoch: [49], step: [1430/1581], batch loss: 0.05201, batch accuracy: 96.88, data load time: 0.00024, step time: 0.02717,
validation loss: 1.45343, accuracy: 71.73, class_accuracy: [53.714285714285715, 87.8048780487805, 81.12391930835734, 70.4424778761062, 79.25696594427245, 50.46439628482972, 92.15686274509804, 95.3225806451613, 46.95340501792115, 86.28571428571429]
Total time taken: 2747.7456333637238
